[2024-06-11T13:13:56.740+0000] {local_task_job_runner.py:120} INFO - ::group::Pre task execution logs
[2024-06-11T13:13:56.765+0000] {taskinstance.py:2076} INFO - Dependencies all met for dep_context=non-requeueable deps ti=<TaskInstance: xdag_id_1.gett_current_user manual__2024-06-11T13:13:48.951107+00:00 [queued]>
[2024-06-11T13:13:56.776+0000] {taskinstance.py:2076} INFO - Dependencies all met for dep_context=requeueable deps ti=<TaskInstance: xdag_id_1.gett_current_user manual__2024-06-11T13:13:48.951107+00:00 [queued]>
[2024-06-11T13:13:56.778+0000] {taskinstance.py:2306} INFO - Starting attempt 1 of 1
[2024-06-11T13:13:56.795+0000] {taskinstance.py:2330} INFO - Executing <Task(BashOperator): gett_current_user> on 2024-06-11 13:13:48.951107+00:00
[2024-06-11T13:13:56.802+0000] {warnings.py:110} WARNING - /home/***/.local/lib/python3.12/site-packages/***/task/task_runner/standard_task_runner.py:61: DeprecationWarning: This process (pid=122) is multi-threaded, use of fork() may lead to deadlocks in the child.
  pid = os.fork()

[2024-06-11T13:13:56.805+0000] {standard_task_runner.py:63} INFO - Started process 128 to run task
[2024-06-11T13:13:56.805+0000] {standard_task_runner.py:90} INFO - Running: ['***', 'tasks', 'run', 'xdag_id_1', 'gett_current_user', 'manual__2024-06-11T13:13:48.951107+00:00', '--job-id', '812', '--raw', '--subdir', 'DAGS_FOLDER/jobs_dag.py', '--cfg-path', '/tmp/tmp2y5k_iix']
[2024-06-11T13:13:56.809+0000] {standard_task_runner.py:91} INFO - Job 812: Subtask gett_current_user
[2024-06-11T13:13:56.876+0000] {task_command.py:426} INFO - Running <TaskInstance: xdag_id_1.gett_current_user manual__2024-06-11T13:13:48.951107+00:00 [running]> on host eeaea8b2797f
[2024-06-11T13:13:56.986+0000] {taskinstance.py:2648} INFO - Exporting env vars: AIRFLOW_CTX_DAG_OWNER='***' AIRFLOW_CTX_DAG_ID='xdag_id_1' AIRFLOW_CTX_TASK_ID='gett_current_user' AIRFLOW_CTX_EXECUTION_DATE='2024-06-11T13:13:48.951107+00:00' AIRFLOW_CTX_TRY_NUMBER='1' AIRFLOW_CTX_DAG_RUN_ID='manual__2024-06-11T13:13:48.951107+00:00'
[2024-06-11T13:13:56.990+0000] {taskinstance.py:430} INFO - ::endgroup::
[2024-06-11T13:13:56.992+0000] {subprocess.py:63} INFO - Tmp dir root location: /tmp
[2024-06-11T13:13:56.993+0000] {subprocess.py:75} INFO - Running command: ['/usr/bin/bash', '-c', 'whoami']
[2024-06-11T13:13:57.007+0000] {subprocess.py:86} INFO - Output:
[2024-06-11T13:13:57.010+0000] {subprocess.py:93} INFO - default
[2024-06-11T13:13:57.011+0000] {subprocess.py:97} INFO - Command exited with return code 0
[2024-06-11T13:13:57.012+0000] {taskinstance.py:441} INFO - ::group::Post task execution logs
[2024-06-11T13:13:57.042+0000] {taskinstance.py:1206} INFO - Marking task as SUCCESS. dag_id=xdag_id_1, task_id=gett_current_user, run_id=manual__2024-06-11T13:13:48.951107+00:00, execution_date=20240611T131348, start_date=20240611T131356, end_date=20240611T131357
[2024-06-11T13:13:57.068+0000] {local_task_job_runner.py:240} INFO - Task exited with return code 0
[2024-06-11T13:13:57.101+0000] {taskinstance.py:3498} INFO - 1 downstream tasks scheduled from follow-on schedule check
[2024-06-11T13:13:57.103+0000] {local_task_job_runner.py:222} INFO - ::endgroup::
