[2024-06-04T15:09:41.879+0000] {local_task_job_runner.py:120} INFO - ::group::Pre task execution logs
[2024-06-04T15:09:41.906+0000] {taskinstance.py:2076} INFO - Dependencies all met for dep_context=non-requeueable deps ti=<TaskInstance: xdag_id_1.gett_current_user manual__2024-06-04T15:09:31.360463+00:00 [queued]>
[2024-06-04T15:09:41.916+0000] {taskinstance.py:2076} INFO - Dependencies all met for dep_context=requeueable deps ti=<TaskInstance: xdag_id_1.gett_current_user manual__2024-06-04T15:09:31.360463+00:00 [queued]>
[2024-06-04T15:09:41.917+0000] {taskinstance.py:2306} INFO - Starting attempt 1 of 1
[2024-06-04T15:09:41.932+0000] {taskinstance.py:2330} INFO - Executing <Task(BashOperator): gett_current_user> on 2024-06-04 15:09:31.360463+00:00
[2024-06-04T15:09:41.939+0000] {warnings.py:110} WARNING - /home/***/.local/lib/python3.12/site-packages/***/task/task_runner/standard_task_runner.py:61: DeprecationWarning: This process (pid=287) is multi-threaded, use of fork() may lead to deadlocks in the child.
  pid = os.fork()

[2024-06-04T15:09:41.941+0000] {standard_task_runner.py:63} INFO - Started process 289 to run task
[2024-06-04T15:09:41.941+0000] {standard_task_runner.py:90} INFO - Running: ['***', 'tasks', 'run', 'xdag_id_1', 'gett_current_user', 'manual__2024-06-04T15:09:31.360463+00:00', '--job-id', '68', '--raw', '--subdir', 'DAGS_FOLDER/jobs_dag.py', '--cfg-path', '/tmp/tmpg1_fhns1']
[2024-06-04T15:09:41.944+0000] {standard_task_runner.py:91} INFO - Job 68: Subtask gett_current_user
[2024-06-04T15:09:41.995+0000] {task_command.py:426} INFO - Running <TaskInstance: xdag_id_1.gett_current_user manual__2024-06-04T15:09:31.360463+00:00 [running]> on host cd2a5574829a
[2024-06-04T15:09:42.099+0000] {taskinstance.py:2648} INFO - Exporting env vars: AIRFLOW_CTX_DAG_OWNER='***' AIRFLOW_CTX_DAG_ID='xdag_id_1' AIRFLOW_CTX_TASK_ID='gett_current_user' AIRFLOW_CTX_EXECUTION_DATE='2024-06-04T15:09:31.360463+00:00' AIRFLOW_CTX_TRY_NUMBER='1' AIRFLOW_CTX_DAG_RUN_ID='manual__2024-06-04T15:09:31.360463+00:00'
[2024-06-04T15:09:42.102+0000] {taskinstance.py:430} INFO - ::endgroup::
[2024-06-04T15:09:42.103+0000] {subprocess.py:63} INFO - Tmp dir root location: /tmp
[2024-06-04T15:09:42.104+0000] {subprocess.py:75} INFO - Running command: ['/usr/bin/bash', '-c', 'whoami']
[2024-06-04T15:09:42.116+0000] {subprocess.py:86} INFO - Output:
[2024-06-04T15:09:42.121+0000] {subprocess.py:93} INFO - default
[2024-06-04T15:09:42.122+0000] {subprocess.py:97} INFO - Command exited with return code 0
[2024-06-04T15:09:42.123+0000] {taskinstance.py:441} INFO - ::group::Post task execution logs
[2024-06-04T15:09:42.150+0000] {taskinstance.py:1206} INFO - Marking task as SUCCESS. dag_id=xdag_id_1, task_id=gett_current_user, run_id=manual__2024-06-04T15:09:31.360463+00:00, execution_date=20240604T150931, start_date=20240604T150941, end_date=20240604T150942
[2024-06-04T15:09:42.206+0000] {local_task_job_runner.py:240} INFO - Task exited with return code 0
[2024-06-04T15:09:42.243+0000] {taskinstance.py:3498} INFO - 1 downstream tasks scheduled from follow-on schedule check
[2024-06-04T15:09:42.245+0000] {local_task_job_runner.py:222} INFO - ::endgroup::
