[2024-06-10T12:11:54.516+0000] {local_task_job_runner.py:120} INFO - ::group::Pre task execution logs
[2024-06-10T12:11:54.539+0000] {taskinstance.py:2076} INFO - Dependencies all met for dep_context=non-requeueable deps ti=<TaskInstance: trigger_dag_id.task_troup.cr_bash_operator manual__2024-06-10T12:10:30.193790+00:00 [queued]>
[2024-06-10T12:11:54.548+0000] {taskinstance.py:2076} INFO - Dependencies all met for dep_context=requeueable deps ti=<TaskInstance: trigger_dag_id.task_troup.cr_bash_operator manual__2024-06-10T12:10:30.193790+00:00 [queued]>
[2024-06-10T12:11:54.549+0000] {taskinstance.py:2306} INFO - Starting attempt 1 of 1
[2024-06-10T12:11:54.565+0000] {taskinstance.py:2330} INFO - Executing <Task(BashOperator): task_troup.cr_bash_operator> on 2024-06-10 12:10:30.193790+00:00
[2024-06-10T12:11:54.572+0000] {warnings.py:110} WARNING - /home/***/.local/lib/python3.12/site-packages/***/task/task_runner/standard_task_runner.py:61: DeprecationWarning: This process (pid=459) is multi-threaded, use of fork() may lead to deadlocks in the child.
  pid = os.fork()

[2024-06-10T12:11:54.574+0000] {standard_task_runner.py:63} INFO - Started process 461 to run task
[2024-06-10T12:11:54.575+0000] {standard_task_runner.py:90} INFO - Running: ['***', 'tasks', 'run', 'trigger_dag_id', 'task_troup.cr_bash_operator', 'manual__2024-06-10T12:10:30.193790+00:00', '--job-id', '754', '--raw', '--subdir', 'DAGS_FOLDER/trigger_dag.py', '--cfg-path', '/tmp/tmpkonv8eqw']
[2024-06-10T12:11:54.578+0000] {standard_task_runner.py:91} INFO - Job 754: Subtask task_troup.cr_bash_operator
[2024-06-10T12:11:54.628+0000] {task_command.py:426} INFO - Running <TaskInstance: trigger_dag_id.task_troup.cr_bash_operator manual__2024-06-10T12:10:30.193790+00:00 [running]> on host 485325dd593b
[2024-06-10T12:11:54.732+0000] {taskinstance.py:2648} INFO - Exporting env vars: AIRFLOW_CTX_DAG_OWNER='***' AIRFLOW_CTX_DAG_ID='trigger_dag_id' AIRFLOW_CTX_TASK_ID='task_troup.cr_bash_operator' AIRFLOW_CTX_EXECUTION_DATE='2024-06-10T12:10:30.193790+00:00' AIRFLOW_CTX_TRY_NUMBER='1' AIRFLOW_CTX_DAG_RUN_ID='manual__2024-06-10T12:10:30.193790+00:00'
[2024-06-10T12:11:54.735+0000] {taskinstance.py:430} INFO - ::endgroup::
[2024-06-10T12:11:54.736+0000] {subprocess.py:63} INFO - Tmp dir root location: /tmp
[2024-06-10T12:11:54.737+0000] {subprocess.py:75} INFO - Running command: ['/usr/bin/bash', '-c', 'touch /opt/***/TRIGGER_FILE/finished_20240610T121030']
[2024-06-10T12:11:54.748+0000] {subprocess.py:86} INFO - Output:
[2024-06-10T12:11:54.755+0000] {subprocess.py:97} INFO - Command exited with return code 0
[2024-06-10T12:11:54.756+0000] {taskinstance.py:441} INFO - ::group::Post task execution logs
[2024-06-10T12:11:54.782+0000] {taskinstance.py:1206} INFO - Marking task as SUCCESS. dag_id=trigger_dag_id, task_id=task_troup.cr_bash_operator, run_id=manual__2024-06-10T12:10:30.193790+00:00, execution_date=20240610T121030, start_date=20240610T121154, end_date=20240610T121154
[2024-06-10T12:11:54.838+0000] {local_task_job_runner.py:240} INFO - Task exited with return code 0
[2024-06-10T12:11:54.865+0000] {taskinstance.py:3498} INFO - 1 downstream tasks scheduled from follow-on schedule check
[2024-06-10T12:11:54.867+0000] {local_task_job_runner.py:222} INFO - ::endgroup::
