[2024-06-05T11:59:08.052+0000] {local_task_job_runner.py:120} INFO - ::group::Pre task execution logs
[2024-06-05T11:59:08.091+0000] {taskinstance.py:2076} INFO - Dependencies all met for dep_context=non-requeueable deps ti=<TaskInstance: xdag_id_1.query_the_table manual__2024-06-05T11:58:55.123251+00:00 [queued]>
[2024-06-05T11:59:08.110+0000] {taskinstance.py:2076} INFO - Dependencies all met for dep_context=requeueable deps ti=<TaskInstance: xdag_id_1.query_the_table manual__2024-06-05T11:58:55.123251+00:00 [queued]>
[2024-06-05T11:59:08.112+0000] {taskinstance.py:2306} INFO - Starting attempt 1 of 1
[2024-06-05T11:59:08.136+0000] {taskinstance.py:2330} INFO - Executing <Task(PythonOperator): query_the_table> on 2024-06-05 11:58:55.123251+00:00
[2024-06-05T11:59:08.147+0000] {warnings.py:110} WARNING - /home/***/.local/lib/python3.12/site-packages/***/task/task_runner/standard_task_runner.py:61: DeprecationWarning: This process (pid=3774) is multi-threaded, use of fork() may lead to deadlocks in the child.
  pid = os.fork()

[2024-06-05T11:59:08.150+0000] {standard_task_runner.py:63} INFO - Started process 3778 to run task
[2024-06-05T11:59:08.150+0000] {standard_task_runner.py:90} INFO - Running: ['***', 'tasks', 'run', 'xdag_id_1', 'query_the_table', 'manual__2024-06-05T11:58:55.123251+00:00', '--job-id', '469', '--raw', '--subdir', 'DAGS_FOLDER/jobs_dag.py', '--cfg-path', '/tmp/tmp8dzwq5yq']
[2024-06-05T11:59:08.154+0000] {standard_task_runner.py:91} INFO - Job 469: Subtask query_the_table
[2024-06-05T11:59:08.253+0000] {task_command.py:426} INFO - Running <TaskInstance: xdag_id_1.query_the_table manual__2024-06-05T11:58:55.123251+00:00 [running]> on host db8c7b709f57
[2024-06-05T11:59:08.404+0000] {taskinstance.py:2648} INFO - Exporting env vars: AIRFLOW_CTX_DAG_OWNER='***' AIRFLOW_CTX_DAG_ID='xdag_id_1' AIRFLOW_CTX_TASK_ID='query_the_table' AIRFLOW_CTX_EXECUTION_DATE='2024-06-05T11:58:55.123251+00:00' AIRFLOW_CTX_TRY_NUMBER='1' AIRFLOW_CTX_DAG_RUN_ID='manual__2024-06-05T11:58:55.123251+00:00'
[2024-06-05T11:59:08.406+0000] {taskinstance.py:430} INFO - ::endgroup::
[2024-06-05T11:59:08.426+0000] {warnings.py:110} WARNING - /home/***/.local/lib/python3.12/site-packages/***/utils/context.py:320: AirflowContextDeprecationWarning: Accessing 'execution_date' from the template is deprecated and will be removed in a future version. Please use 'data_interval_start' or 'logical_date' instead.
  warnings.warn(_create_deprecation_warning(k, replacements))

[2024-06-05T11:59:08.427+0000] {logging_mixin.py:188} INFO - 2024-06-05 11:58:55.123251+00:00
[2024-06-05T11:59:08.440+0000] {python.py:237} INFO - Done. Returned value was: None
[2024-06-05T11:59:08.441+0000] {taskinstance.py:441} INFO - ::group::Post task execution logs
[2024-06-05T11:59:08.452+0000] {taskinstance.py:1206} INFO - Marking task as SUCCESS. dag_id=xdag_id_1, task_id=query_the_table, run_id=manual__2024-06-05T11:58:55.123251+00:00, execution_date=20240605T115855, start_date=20240605T115908, end_date=20240605T115908
[2024-06-05T11:59:08.500+0000] {local_task_job_runner.py:240} INFO - Task exited with return code 0
[2024-06-05T11:59:08.520+0000] {taskinstance.py:3498} INFO - 0 downstream tasks scheduled from follow-on schedule check
[2024-06-05T11:59:08.522+0000] {local_task_job_runner.py:222} INFO - ::endgroup::
