[2024-06-10T07:52:32.276+0000] {local_task_job_runner.py:120} INFO - ::group::Pre task execution logs
[2024-06-10T07:52:32.304+0000] {taskinstance.py:2076} INFO - Dependencies all met for dep_context=non-requeueable deps ti=<TaskInstance: xdag_id_1.query_the_table manual__2024-06-10T07:52:16.367631+00:00 [queued]>
[2024-06-10T07:52:32.317+0000] {taskinstance.py:2076} INFO - Dependencies all met for dep_context=requeueable deps ti=<TaskInstance: xdag_id_1.query_the_table manual__2024-06-10T07:52:16.367631+00:00 [queued]>
[2024-06-10T07:52:32.317+0000] {taskinstance.py:2306} INFO - Starting attempt 1 of 1
[2024-06-10T07:52:32.336+0000] {taskinstance.py:2330} INFO - Executing <Task(PostgreSQLCountRows): query_the_table> on 2024-06-10 07:52:16.367631+00:00
[2024-06-10T07:52:32.343+0000] {warnings.py:110} WARNING - /home/***/.local/lib/python3.12/site-packages/***/task/task_runner/standard_task_runner.py:61: DeprecationWarning: This process (pid=19595) is multi-threaded, use of fork() may lead to deadlocks in the child.
  pid = os.fork()

[2024-06-10T07:52:32.346+0000] {standard_task_runner.py:63} INFO - Started process 19597 to run task
[2024-06-10T07:52:32.346+0000] {standard_task_runner.py:90} INFO - Running: ['***', 'tasks', 'run', 'xdag_id_1', 'query_the_table', 'manual__2024-06-10T07:52:16.367631+00:00', '--job-id', '669', '--raw', '--subdir', 'DAGS_FOLDER/jobs_dag.py', '--cfg-path', '/tmp/tmp64uf_apd']
[2024-06-10T07:52:32.353+0000] {standard_task_runner.py:91} INFO - Job 669: Subtask query_the_table
[2024-06-10T07:52:32.431+0000] {task_command.py:426} INFO - Running <TaskInstance: xdag_id_1.query_the_table manual__2024-06-10T07:52:16.367631+00:00 [running]> on host db8c7b709f57
[2024-06-10T07:52:32.590+0000] {taskinstance.py:2648} INFO - Exporting env vars: AIRFLOW_CTX_DAG_OWNER='***' AIRFLOW_CTX_DAG_ID='xdag_id_1' AIRFLOW_CTX_TASK_ID='query_the_table' AIRFLOW_CTX_EXECUTION_DATE='2024-06-10T07:52:16.367631+00:00' AIRFLOW_CTX_TRY_NUMBER='1' AIRFLOW_CTX_DAG_RUN_ID='manual__2024-06-10T07:52:16.367631+00:00'
[2024-06-10T07:52:32.594+0000] {taskinstance.py:430} INFO - ::endgroup::
[2024-06-10T07:52:32.613+0000] {base.py:84} INFO - Using connection ID 'postgres_default' for task execution.
[2024-06-10T07:52:32.623+0000] {sql.py:470} INFO - Running statement: SELECT COUNT(*) FROM table_name_1;, parameters: None
[2024-06-10T07:52:32.625+0000] {sql.py:479} INFO - Rows affected: 1
[2024-06-10T07:52:32.651+0000] {taskinstance.py:441} INFO - ::group::Post task execution logs
[2024-06-10T07:52:32.662+0000] {taskinstance.py:1206} INFO - Marking task as SUCCESS. dag_id=xdag_id_1, task_id=query_the_table, run_id=manual__2024-06-10T07:52:16.367631+00:00, execution_date=20240610T075216, start_date=20240610T075232, end_date=20240610T075232
[2024-06-10T07:52:32.694+0000] {local_task_job_runner.py:240} INFO - Task exited with return code 0
[2024-06-10T07:52:32.721+0000] {taskinstance.py:3498} INFO - 1 downstream tasks scheduled from follow-on schedule check
[2024-06-10T07:52:32.723+0000] {local_task_job_runner.py:222} INFO - ::endgroup::
