[2024-06-04T17:56:15.769+0000] {local_task_job_runner.py:120} INFO - ::group::Pre task execution logs
[2024-06-04T17:56:15.822+0000] {taskinstance.py:2076} INFO - Dependencies all met for dep_context=non-requeueable deps ti=<TaskInstance: trigger_dag_id.task_troup.dag_1_task_sensor manual__2024-06-04T17:56:05.728867+00:00 [queued]>
[2024-06-04T17:56:15.833+0000] {taskinstance.py:2076} INFO - Dependencies all met for dep_context=requeueable deps ti=<TaskInstance: trigger_dag_id.task_troup.dag_1_task_sensor manual__2024-06-04T17:56:05.728867+00:00 [queued]>
[2024-06-04T17:56:15.834+0000] {taskinstance.py:2306} INFO - Starting attempt 1 of 1
[2024-06-04T17:56:15.848+0000] {taskinstance.py:2330} INFO - Executing <Task(ExternalTaskSensor): task_troup.dag_1_task_sensor> on 2024-06-04 17:56:05.728867+00:00
[2024-06-04T17:56:15.865+0000] {warnings.py:110} WARNING - /home/***/.local/lib/python3.12/site-packages/***/task/task_runner/standard_task_runner.py:61: DeprecationWarning: This process (pid=96) is multi-threaded, use of fork() may lead to deadlocks in the child.
  pid = os.fork()

[2024-06-04T17:56:15.870+0000] {standard_task_runner.py:63} INFO - Started process 100 to run task
[2024-06-04T17:56:15.865+0000] {standard_task_runner.py:90} INFO - Running: ['***', 'tasks', 'run', 'trigger_dag_id', 'task_troup.dag_1_task_sensor', 'manual__2024-06-04T17:56:05.728867+00:00', '--job-id', '180', '--raw', '--subdir', 'DAGS_FOLDER/trigger_dag.py', '--cfg-path', '/tmp/tmp4jew30ph']
[2024-06-04T17:56:15.880+0000] {standard_task_runner.py:91} INFO - Job 180: Subtask task_troup.dag_1_task_sensor
[2024-06-04T17:56:16.117+0000] {task_command.py:426} INFO - Running <TaskInstance: trigger_dag_id.task_troup.dag_1_task_sensor manual__2024-06-04T17:56:05.728867+00:00 [running]> on host 8c874f8dd8e6
[2024-06-04T17:56:16.296+0000] {taskinstance.py:2648} INFO - Exporting env vars: AIRFLOW_CTX_DAG_OWNER='***' AIRFLOW_CTX_DAG_ID='trigger_dag_id' AIRFLOW_CTX_TASK_ID='task_troup.dag_1_task_sensor' AIRFLOW_CTX_EXECUTION_DATE='2024-06-04T17:56:05.728867+00:00' AIRFLOW_CTX_TRY_NUMBER='1' AIRFLOW_CTX_DAG_RUN_ID='manual__2024-06-04T17:56:05.728867+00:00'
[2024-06-04T17:56:16.306+0000] {taskinstance.py:430} INFO - ::endgroup::
[2024-06-04T17:56:16.307+0000] {baseoperator.py:399} WARNING - ExternalTaskSensor.execute cannot be called outside TaskInstance!
[2024-06-04T17:56:16.308+0000] {external_task.py:274} INFO - Poking for DAG 'xdag_id_1' on 2024-06-04T17:56:05.728867+00:00 ... 
[2024-06-04T17:56:16.309+0000] {warnings.py:110} WARNING - /home/***/.local/lib/python3.12/site-packages/***/utils/session.py:79: DeprecationWarning: This method is deprecated and will be removed in future.
  return func(*args, session=session, **kwargs)

[2024-06-04T17:57:16.293+0000] {external_task.py:274} INFO - Poking for DAG 'xdag_id_1' on 2024-06-04T17:56:05.728867+00:00 ... 
[2024-06-04T17:58:16.356+0000] {external_task.py:274} INFO - Poking for DAG 'xdag_id_1' on 2024-06-04T17:56:05.728867+00:00 ... 
[2024-06-04T18:59:03.065+0000] {external_task.py:274} INFO - Poking for DAG 'xdag_id_1' on 2024-06-04T17:56:05.728867+00:00 ... 
[2024-06-04T19:00:09.179+0000] {external_task.py:274} INFO - Poking for DAG 'xdag_id_1' on 2024-06-04T17:56:05.728867+00:00 ... 
[2024-06-04T19:36:00.763+0000] {external_task.py:274} INFO - Poking for DAG 'xdag_id_1' on 2024-06-04T17:56:05.728867+00:00 ... 
[2024-06-04T19:51:39.633+0000] {external_task.py:274} INFO - Poking for DAG 'xdag_id_1' on 2024-06-04T17:56:05.728867+00:00 ... 
[2024-06-04T22:00:10.364+0000] {external_task.py:274} INFO - Poking for DAG 'xdag_id_1' on 2024-06-04T17:56:05.728867+00:00 ... 
[2024-06-04T22:24:38.627+0000] {external_task.py:274} INFO - Poking for DAG 'xdag_id_1' on 2024-06-04T17:56:05.728867+00:00 ... 
[2024-06-04T22:25:38.691+0000] {external_task.py:274} INFO - Poking for DAG 'xdag_id_1' on 2024-06-04T17:56:05.728867+00:00 ... 
[2024-06-04T22:26:38.719+0000] {external_task.py:274} INFO - Poking for DAG 'xdag_id_1' on 2024-06-04T17:56:05.728867+00:00 ... 
[2024-06-04T22:27:38.745+0000] {external_task.py:274} INFO - Poking for DAG 'xdag_id_1' on 2024-06-04T17:56:05.728867+00:00 ... 
[2024-06-04T22:28:38.770+0000] {external_task.py:274} INFO - Poking for DAG 'xdag_id_1' on 2024-06-04T17:56:05.728867+00:00 ... 
[2024-06-04T22:58:50.115+0000] {external_task.py:274} INFO - Poking for DAG 'xdag_id_1' on 2024-06-04T17:56:05.728867+00:00 ... 
[2024-06-04T23:03:54.530+0000] {external_task.py:274} INFO - Poking for DAG 'xdag_id_1' on 2024-06-04T17:56:05.728867+00:00 ... 
[2024-06-04T23:50:13.557+0000] {external_task.py:274} INFO - Poking for DAG 'xdag_id_1' on 2024-06-04T17:56:05.728867+00:00 ... 
[2024-06-04T23:50:13.579+0000] {local_task_job_runner.py:214} ERROR - Heartbeat time limit exceeded!
[2024-06-04T23:50:13.813+0000] {local_task_job_runner.py:222} INFO - ::endgroup::
[2024-06-04T23:50:13.947+0000] {process_utils.py:132} INFO - Sending 15 to group 100. PIDs of all processes in the group: [100]
[2024-06-04T23:50:13.953+0000] {process_utils.py:87} INFO - Sending the signal 15 to group 100
[2024-06-04T23:50:14.014+0000] {taskinstance.py:2611} ERROR - Received SIGTERM. Terminating subprocesses.
[2024-06-04T23:50:14.019+0000] {taskinstance.py:441} INFO - ::group::Post task execution logs
[2024-06-04T23:50:14.406+0000] {taskinstance.py:2905} ERROR - Task failed with exception
Traceback (most recent call last):
  File "/home/airflow/.local/lib/python3.12/site-packages/airflow/models/taskinstance.py", line 465, in _execute_task
    result = _execute_callable(context=context, **execute_callable_kwargs)
             ^^^^^^^^^^^^^^^^^^^^^^^^^^^^^^^^^^^^^^^^^^^^^^^^^^^^^^^^^^^^^
  File "/home/airflow/.local/lib/python3.12/site-packages/airflow/models/taskinstance.py", line 432, in _execute_callable
    return execute_callable(context=context, **execute_callable_kwargs)
           ^^^^^^^^^^^^^^^^^^^^^^^^^^^^^^^^^^^^^^^^^^^^^^^^^^^^^^^^^^^^
  File "/home/airflow/.local/lib/python3.12/site-packages/airflow/models/baseoperator.py", line 400, in wrapper
    return func(self, *args, **kwargs)
           ^^^^^^^^^^^^^^^^^^^^^^^^^^^
  File "/home/airflow/.local/lib/python3.12/site-packages/airflow/sensors/external_task.py", line 348, in execute
    super().execute(context)
  File "/home/airflow/.local/lib/python3.12/site-packages/airflow/models/baseoperator.py", line 400, in wrapper
    return func(self, *args, **kwargs)
           ^^^^^^^^^^^^^^^^^^^^^^^^^^^
  File "/home/airflow/.local/lib/python3.12/site-packages/airflow/sensors/base.py", line 292, in execute
    time.sleep(self._get_next_poke_interval(started_at, run_duration, try_number))
  File "/home/airflow/.local/lib/python3.12/site-packages/airflow/models/taskinstance.py", line 2613, in signal_handler
    raise AirflowTaskTerminated("Task received SIGTERM signal")
airflow.exceptions.AirflowTaskTerminated: Task received SIGTERM signal
[2024-06-04T23:50:14.566+0000] {taskinstance.py:1206} INFO - Marking task as FAILED. dag_id=trigger_dag_id, task_id=task_troup.dag_1_task_sensor, run_id=manual__2024-06-04T17:56:05.728867+00:00, execution_date=20240604T175605, start_date=20240604T175615, end_date=20240604T235014
[2024-06-04T23:50:14.861+0000] {process_utils.py:80} INFO - Process psutil.Process(pid=100, status='terminated', exitcode=2, started='17:56:15') (100) terminated with exit code 2
