[2024-06-05T07:41:58.395+0000] {local_task_job_runner.py:120} INFO - ::group::Pre task execution logs
[2024-06-05T07:41:58.419+0000] {taskinstance.py:2076} INFO - Dependencies all met for dep_context=non-requeueable deps ti=<TaskInstance: xdag_id_1.log_info manual__2024-06-05T07:41:54.278738+00:00 [queued]>
[2024-06-05T07:41:58.427+0000] {taskinstance.py:2076} INFO - Dependencies all met for dep_context=requeueable deps ti=<TaskInstance: xdag_id_1.log_info manual__2024-06-05T07:41:54.278738+00:00 [queued]>
[2024-06-05T07:41:58.428+0000] {taskinstance.py:2306} INFO - Starting attempt 1 of 1
[2024-06-05T07:41:58.442+0000] {taskinstance.py:2330} INFO - Executing <Task(PythonOperator): log_info> on 2024-06-05 07:41:54.278738+00:00
[2024-06-05T07:41:58.450+0000] {warnings.py:110} WARNING - /home/***/.local/lib/python3.12/site-packages/***/task/task_runner/standard_task_runner.py:61: DeprecationWarning: This process (pid=278) is multi-threaded, use of fork() may lead to deadlocks in the child.
  pid = os.fork()

[2024-06-05T07:41:58.452+0000] {standard_task_runner.py:63} INFO - Started process 282 to run task
[2024-06-05T07:41:58.453+0000] {standard_task_runner.py:90} INFO - Running: ['***', 'tasks', 'run', 'xdag_id_1', 'log_info', 'manual__2024-06-05T07:41:54.278738+00:00', '--job-id', '225', '--raw', '--subdir', 'DAGS_FOLDER/jobs_dag.py', '--cfg-path', '/tmp/tmpvb1tazdp']
[2024-06-05T07:41:58.457+0000] {standard_task_runner.py:91} INFO - Job 225: Subtask log_info
[2024-06-05T07:41:58.540+0000] {task_command.py:426} INFO - Running <TaskInstance: xdag_id_1.log_info manual__2024-06-05T07:41:54.278738+00:00 [running]> on host db8c7b709f57
[2024-06-05T07:41:58.670+0000] {taskinstance.py:2648} INFO - Exporting env vars: AIRFLOW_CTX_DAG_OWNER='***' AIRFLOW_CTX_DAG_ID='xdag_id_1' AIRFLOW_CTX_TASK_ID='log_info' AIRFLOW_CTX_EXECUTION_DATE='2024-06-05T07:41:54.278738+00:00' AIRFLOW_CTX_TRY_NUMBER='1' AIRFLOW_CTX_DAG_RUN_ID='manual__2024-06-05T07:41:54.278738+00:00'
[2024-06-05T07:41:58.673+0000] {taskinstance.py:430} INFO - ::endgroup::
[2024-06-05T07:41:58.675+0000] {logging_mixin.py:188} INFO - xdag_id_1 start processing tables in database: table_name_1
[2024-06-05T07:41:58.675+0000] {python.py:237} INFO - Done. Returned value was: None
[2024-06-05T07:41:58.676+0000] {taskinstance.py:441} INFO - ::group::Post task execution logs
[2024-06-05T07:41:58.688+0000] {taskinstance.py:1206} INFO - Marking task as SUCCESS. dag_id=xdag_id_1, task_id=log_info, run_id=manual__2024-06-05T07:41:54.278738+00:00, execution_date=20240605T074154, start_date=20240605T074158, end_date=20240605T074158
[2024-06-05T07:41:58.715+0000] {local_task_job_runner.py:240} INFO - Task exited with return code 0
[2024-06-05T07:41:58.749+0000] {taskinstance.py:3498} INFO - 1 downstream tasks scheduled from follow-on schedule check
[2024-06-05T07:41:58.751+0000] {local_task_job_runner.py:222} INFO - ::endgroup::
