[2024-06-07T09:37:03.473+0000] {local_task_job_runner.py:120} INFO - ::group::Pre task execution logs
[2024-06-07T09:37:03.505+0000] {taskinstance.py:2076} INFO - Dependencies all met for dep_context=non-requeueable deps ti=<TaskInstance: xdag_id_1.create_table manual__2024-06-07T09:36:53.846631+00:00 [queued]>
[2024-06-07T09:37:03.520+0000] {taskinstance.py:2076} INFO - Dependencies all met for dep_context=requeueable deps ti=<TaskInstance: xdag_id_1.create_table manual__2024-06-07T09:36:53.846631+00:00 [queued]>
[2024-06-07T09:37:03.521+0000] {taskinstance.py:2306} INFO - Starting attempt 1 of 1
[2024-06-07T09:37:03.538+0000] {taskinstance.py:2330} INFO - Executing <Task(SQLExecuteQueryOperator): create_table> on 2024-06-07 09:36:53.846631+00:00
[2024-06-07T09:37:03.545+0000] {warnings.py:110} WARNING - /home/***/.local/lib/python3.12/site-packages/***/task/task_runner/standard_task_runner.py:61: DeprecationWarning: This process (pid=12725) is multi-threaded, use of fork() may lead to deadlocks in the child.
  pid = os.fork()

[2024-06-07T09:37:03.547+0000] {standard_task_runner.py:63} INFO - Started process 12727 to run task
[2024-06-07T09:37:03.547+0000] {standard_task_runner.py:90} INFO - Running: ['***', 'tasks', 'run', 'xdag_id_1', 'create_table', 'manual__2024-06-07T09:36:53.846631+00:00', '--job-id', '561', '--raw', '--subdir', 'DAGS_FOLDER/jobs_dag.py', '--cfg-path', '/tmp/tmpf7k9h3hg']
[2024-06-07T09:37:03.551+0000] {standard_task_runner.py:91} INFO - Job 561: Subtask create_table
[2024-06-07T09:37:03.612+0000] {task_command.py:426} INFO - Running <TaskInstance: xdag_id_1.create_table manual__2024-06-07T09:36:53.846631+00:00 [running]> on host db8c7b709f57
[2024-06-07T09:37:03.716+0000] {taskinstance.py:2648} INFO - Exporting env vars: AIRFLOW_CTX_DAG_OWNER='***' AIRFLOW_CTX_DAG_ID='xdag_id_1' AIRFLOW_CTX_TASK_ID='create_table' AIRFLOW_CTX_EXECUTION_DATE='2024-06-07T09:36:53.846631+00:00' AIRFLOW_CTX_TRY_NUMBER='1' AIRFLOW_CTX_DAG_RUN_ID='manual__2024-06-07T09:36:53.846631+00:00'
[2024-06-07T09:37:03.718+0000] {taskinstance.py:430} INFO - ::endgroup::
[2024-06-07T09:37:03.719+0000] {sql.py:276} INFO - Executing: CREATE TABLE table_name_1(custom_id integer NOT NULL, user_name VARCHAR (50) NOT NULL, timestamp TIMESTAMP NOT NULL); 
[2024-06-07T09:37:03.728+0000] {base.py:84} INFO - Using connection ID 'postgres_default' for task execution.
[2024-06-07T09:37:03.737+0000] {base.py:84} INFO - Using connection ID 'postgres_default' for task execution.
[2024-06-07T09:37:03.741+0000] {sql.py:470} INFO - Running statement: CREATE TABLE table_name_1(custom_id integer NOT NULL, user_name VARCHAR (50) NOT NULL, timestamp TIMESTAMP NOT NULL); , parameters: None
[2024-06-07T09:37:03.743+0000] {taskinstance.py:441} INFO - ::group::Post task execution logs
[2024-06-07T09:37:03.746+0000] {taskinstance.py:2905} ERROR - Task failed with exception
Traceback (most recent call last):
  File "/home/airflow/.local/lib/python3.12/site-packages/airflow/models/taskinstance.py", line 465, in _execute_task
    result = _execute_callable(context=context, **execute_callable_kwargs)
             ^^^^^^^^^^^^^^^^^^^^^^^^^^^^^^^^^^^^^^^^^^^^^^^^^^^^^^^^^^^^^
  File "/home/airflow/.local/lib/python3.12/site-packages/airflow/models/taskinstance.py", line 432, in _execute_callable
    return execute_callable(context=context, **execute_callable_kwargs)
           ^^^^^^^^^^^^^^^^^^^^^^^^^^^^^^^^^^^^^^^^^^^^^^^^^^^^^^^^^^^^
  File "/home/airflow/.local/lib/python3.12/site-packages/airflow/models/baseoperator.py", line 400, in wrapper
    return func(self, *args, **kwargs)
           ^^^^^^^^^^^^^^^^^^^^^^^^^^^
  File "/home/airflow/.local/lib/python3.12/site-packages/airflow/providers/common/sql/operators/sql.py", line 282, in execute
    output = hook.run(
             ^^^^^^^^^
  File "/home/airflow/.local/lib/python3.12/site-packages/airflow/providers/common/sql/hooks/sql.py", line 418, in run
    self._run_command(cur, sql_statement, parameters)
  File "/home/airflow/.local/lib/python3.12/site-packages/airflow/providers/common/sql/hooks/sql.py", line 475, in _run_command
    cur.execute(sql_statement)
psycopg2.errors.DuplicateTable: relation "table_name_1" already exists

[2024-06-07T09:37:03.756+0000] {taskinstance.py:1206} INFO - Marking task as FAILED. dag_id=xdag_id_1, task_id=create_table, run_id=manual__2024-06-07T09:36:53.846631+00:00, execution_date=20240607T093653, start_date=20240607T093703, end_date=20240607T093703
[2024-06-07T09:37:03.770+0000] {standard_task_runner.py:110} ERROR - Failed to execute job 561 for task create_table (relation "table_name_1" already exists
; 12727)
[2024-06-07T09:37:03.811+0000] {local_task_job_runner.py:240} INFO - Task exited with return code 1
[2024-06-07T09:37:03.843+0000] {taskinstance.py:3498} INFO - 0 downstream tasks scheduled from follow-on schedule check
[2024-06-07T09:37:03.849+0000] {local_task_job_runner.py:222} INFO - ::endgroup::
