[2024-06-04T15:37:03.151+0000] {local_task_job_runner.py:120} INFO - ::group::Pre task execution logs
[2024-06-04T15:37:03.181+0000] {taskinstance.py:2076} INFO - Dependencies all met for dep_context=non-requeueable deps ti=<TaskInstance: trigger_dag_id.task_troup.dag_1_task_sensor manual__2024-06-04T15:36:56.046791+00:00 [queued]>
[2024-06-04T15:37:03.192+0000] {taskinstance.py:2076} INFO - Dependencies all met for dep_context=requeueable deps ti=<TaskInstance: trigger_dag_id.task_troup.dag_1_task_sensor manual__2024-06-04T15:36:56.046791+00:00 [queued]>
[2024-06-04T15:37:03.193+0000] {taskinstance.py:2306} INFO - Starting attempt 1 of 1
[2024-06-04T15:37:03.211+0000] {taskinstance.py:2330} INFO - Executing <Task(ExternalTaskSensor): task_troup.dag_1_task_sensor> on 2024-06-04 15:36:56.046791+00:00
[2024-06-04T15:37:03.220+0000] {warnings.py:110} WARNING - /home/***/.local/lib/python3.12/site-packages/***/task/task_runner/standard_task_runner.py:61: DeprecationWarning: This process (pid=62) is multi-threaded, use of fork() may lead to deadlocks in the child.
  pid = os.fork()

[2024-06-04T15:37:03.222+0000] {standard_task_runner.py:63} INFO - Started process 65 to run task
[2024-06-04T15:37:03.222+0000] {standard_task_runner.py:90} INFO - Running: ['***', 'tasks', 'run', 'trigger_dag_id', 'task_troup.dag_1_task_sensor', 'manual__2024-06-04T15:36:56.046791+00:00', '--job-id', '94', '--raw', '--subdir', 'DAGS_FOLDER/trigger_dag.py', '--cfg-path', '/tmp/tmp8k144jwh']
[2024-06-04T15:37:03.225+0000] {standard_task_runner.py:91} INFO - Job 94: Subtask task_troup.dag_1_task_sensor
[2024-06-04T15:37:03.299+0000] {task_command.py:426} INFO - Running <TaskInstance: trigger_dag_id.task_troup.dag_1_task_sensor manual__2024-06-04T15:36:56.046791+00:00 [running]> on host 12f637077d64
[2024-06-04T15:37:03.465+0000] {taskinstance.py:2648} INFO - Exporting env vars: AIRFLOW_CTX_DAG_OWNER='***' AIRFLOW_CTX_DAG_ID='trigger_dag_id' AIRFLOW_CTX_TASK_ID='task_troup.dag_1_task_sensor' AIRFLOW_CTX_EXECUTION_DATE='2024-06-04T15:36:56.046791+00:00' AIRFLOW_CTX_TRY_NUMBER='1' AIRFLOW_CTX_DAG_RUN_ID='manual__2024-06-04T15:36:56.046791+00:00'
[2024-06-04T15:37:03.475+0000] {taskinstance.py:430} INFO - ::endgroup::
[2024-06-04T15:37:03.477+0000] {baseoperator.py:399} WARNING - ExternalTaskSensor.execute cannot be called outside TaskInstance!
[2024-06-04T15:37:03.478+0000] {external_task.py:274} INFO - Poking for DAG 'xdag_id_1' on 2024-06-04T15:36:56.046791+00:00 ... 
[2024-06-04T15:37:03.480+0000] {warnings.py:110} WARNING - /home/***/.local/lib/python3.12/site-packages/***/utils/session.py:79: DeprecationWarning: This method is deprecated and will be removed in future.
  return func(*args, session=session, **kwargs)

[2024-06-04T15:38:03.531+0000] {external_task.py:274} INFO - Poking for DAG 'xdag_id_1' on 2024-06-04T15:36:56.046791+00:00 ... 
[2024-06-04T15:38:19.158+0000] {local_task_job_runner.py:310} WARNING - State of this instance has been externally set to failed. Terminating instance.
[2024-06-04T15:38:19.261+0000] {local_task_job_runner.py:222} INFO - ::endgroup::
[2024-06-04T15:38:19.282+0000] {process_utils.py:132} INFO - Sending 15 to group 65. PIDs of all processes in the group: [65]
[2024-06-04T15:38:19.284+0000] {process_utils.py:87} INFO - Sending the signal 15 to group 65
[2024-06-04T15:38:19.291+0000] {taskinstance.py:2611} ERROR - Received SIGTERM. Terminating subprocesses.
[2024-06-04T15:38:19.296+0000] {taskinstance.py:441} INFO - ::group::Post task execution logs
[2024-06-04T15:38:19.550+0000] {process_utils.py:80} INFO - Process psutil.Process(pid=65, status='terminated', exitcode=0, started='15:37:02') (65) terminated with exit code 0
