[2024-06-05T07:16:43.923+0000] {local_task_job_runner.py:120} INFO - ::group::Pre task execution logs
[2024-06-05T07:16:43.952+0000] {taskinstance.py:2076} INFO - Dependencies all met for dep_context=non-requeueable deps ti=<TaskInstance: xdag_id_1.gett_current_user manual__2024-06-05T07:16:27.048664+00:00 [queued]>
[2024-06-05T07:16:43.963+0000] {taskinstance.py:2076} INFO - Dependencies all met for dep_context=requeueable deps ti=<TaskInstance: xdag_id_1.gett_current_user manual__2024-06-05T07:16:27.048664+00:00 [queued]>
[2024-06-05T07:16:43.964+0000] {taskinstance.py:2306} INFO - Starting attempt 1 of 1
[2024-06-05T07:16:43.979+0000] {taskinstance.py:2330} INFO - Executing <Task(BashOperator): gett_current_user> on 2024-06-05 07:16:27.048664+00:00
[2024-06-05T07:16:43.986+0000] {warnings.py:110} WARNING - /home/***/.local/lib/python3.12/site-packages/***/task/task_runner/standard_task_runner.py:61: DeprecationWarning: This process (pid=556) is multi-threaded, use of fork() may lead to deadlocks in the child.
  pid = os.fork()

[2024-06-05T07:16:43.988+0000] {standard_task_runner.py:63} INFO - Started process 558 to run task
[2024-06-05T07:16:43.988+0000] {standard_task_runner.py:90} INFO - Running: ['***', 'tasks', 'run', 'xdag_id_1', 'gett_current_user', 'manual__2024-06-05T07:16:27.048664+00:00', '--job-id', '189', '--raw', '--subdir', 'DAGS_FOLDER/jobs_dag.py', '--cfg-path', '/tmp/tmpt815kd85']
[2024-06-05T07:16:43.991+0000] {standard_task_runner.py:91} INFO - Job 189: Subtask gett_current_user
[2024-06-05T07:16:44.044+0000] {task_command.py:426} INFO - Running <TaskInstance: xdag_id_1.gett_current_user manual__2024-06-05T07:16:27.048664+00:00 [running]> on host 8c874f8dd8e6
[2024-06-05T07:16:44.150+0000] {taskinstance.py:2648} INFO - Exporting env vars: AIRFLOW_CTX_DAG_OWNER='***' AIRFLOW_CTX_DAG_ID='xdag_id_1' AIRFLOW_CTX_TASK_ID='gett_current_user' AIRFLOW_CTX_EXECUTION_DATE='2024-06-05T07:16:27.048664+00:00' AIRFLOW_CTX_TRY_NUMBER='1' AIRFLOW_CTX_DAG_RUN_ID='manual__2024-06-05T07:16:27.048664+00:00'
[2024-06-05T07:16:44.153+0000] {taskinstance.py:430} INFO - ::endgroup::
[2024-06-05T07:16:44.155+0000] {subprocess.py:63} INFO - Tmp dir root location: /tmp
[2024-06-05T07:16:44.158+0000] {subprocess.py:75} INFO - Running command: ['/usr/bin/bash', '-c', 'whoami']
[2024-06-05T07:16:44.174+0000] {subprocess.py:86} INFO - Output:
[2024-06-05T07:16:44.187+0000] {subprocess.py:93} INFO - default
[2024-06-05T07:16:44.188+0000] {subprocess.py:97} INFO - Command exited with return code 0
[2024-06-05T07:16:44.190+0000] {taskinstance.py:441} INFO - ::group::Post task execution logs
[2024-06-05T07:16:44.218+0000] {taskinstance.py:1206} INFO - Marking task as SUCCESS. dag_id=xdag_id_1, task_id=gett_current_user, run_id=manual__2024-06-05T07:16:27.048664+00:00, execution_date=20240605T071627, start_date=20240605T071643, end_date=20240605T071644
[2024-06-05T07:16:44.253+0000] {local_task_job_runner.py:240} INFO - Task exited with return code 0
[2024-06-05T07:16:44.285+0000] {taskinstance.py:3498} INFO - 1 downstream tasks scheduled from follow-on schedule check
[2024-06-05T07:16:44.288+0000] {local_task_job_runner.py:222} INFO - ::endgroup::
