[2024-06-04T15:09:39.892+0000] {local_task_job_runner.py:120} INFO - ::group::Pre task execution logs
[2024-06-04T15:09:39.921+0000] {taskinstance.py:2076} INFO - Dependencies all met for dep_context=non-requeueable deps ti=<TaskInstance: trigger_dag_id.task_troup.dag_1_task_sensor manual__2024-06-04T15:09:29.022554+00:00 [queued]>
[2024-06-04T15:09:39.931+0000] {taskinstance.py:2076} INFO - Dependencies all met for dep_context=requeueable deps ti=<TaskInstance: trigger_dag_id.task_troup.dag_1_task_sensor manual__2024-06-04T15:09:29.022554+00:00 [queued]>
[2024-06-04T15:09:39.932+0000] {taskinstance.py:2306} INFO - Starting attempt 1 of 1
[2024-06-04T15:09:39.947+0000] {taskinstance.py:2330} INFO - Executing <Task(ExternalTaskSensor): task_troup.dag_1_task_sensor> on 2024-06-04 15:09:29.022554+00:00
[2024-06-04T15:09:39.954+0000] {warnings.py:110} WARNING - /home/***/.local/lib/python3.12/site-packages/***/task/task_runner/standard_task_runner.py:61: DeprecationWarning: This process (pid=282) is multi-threaded, use of fork() may lead to deadlocks in the child.
  pid = os.fork()

[2024-06-04T15:09:39.956+0000] {standard_task_runner.py:63} INFO - Started process 285 to run task
[2024-06-04T15:09:39.957+0000] {standard_task_runner.py:90} INFO - Running: ['***', 'tasks', 'run', 'trigger_dag_id', 'task_troup.dag_1_task_sensor', 'manual__2024-06-04T15:09:29.022554+00:00', '--job-id', '66', '--raw', '--subdir', 'DAGS_FOLDER/trigger_dag.py', '--cfg-path', '/tmp/tmpa09ppitm']
[2024-06-04T15:09:39.960+0000] {standard_task_runner.py:91} INFO - Job 66: Subtask task_troup.dag_1_task_sensor
[2024-06-04T15:09:40.020+0000] {task_command.py:426} INFO - Running <TaskInstance: trigger_dag_id.task_troup.dag_1_task_sensor manual__2024-06-04T15:09:29.022554+00:00 [running]> on host cd2a5574829a
[2024-06-04T15:09:40.152+0000] {taskinstance.py:2648} INFO - Exporting env vars: AIRFLOW_CTX_DAG_OWNER='***' AIRFLOW_CTX_DAG_ID='trigger_dag_id' AIRFLOW_CTX_TASK_ID='task_troup.dag_1_task_sensor' AIRFLOW_CTX_EXECUTION_DATE='2024-06-04T15:09:29.022554+00:00' AIRFLOW_CTX_TRY_NUMBER='1' AIRFLOW_CTX_DAG_RUN_ID='manual__2024-06-04T15:09:29.022554+00:00'
[2024-06-04T15:09:40.155+0000] {taskinstance.py:430} INFO - ::endgroup::
[2024-06-04T15:09:40.156+0000] {baseoperator.py:399} WARNING - ExternalTaskSensor.execute cannot be called outside TaskInstance!
[2024-06-04T15:09:40.157+0000] {external_task.py:274} INFO - Poking for DAG 'xdag_id_1' on 2024-06-04T15:09:29.022554+00:00 ... 
[2024-06-04T15:09:40.158+0000] {warnings.py:110} WARNING - /home/***/.local/lib/python3.12/site-packages/***/utils/session.py:79: DeprecationWarning: This method is deprecated and will be removed in future.
  return func(*args, session=session, **kwargs)

[2024-06-04T15:10:40.177+0000] {external_task.py:274} INFO - Poking for DAG 'xdag_id_1' on 2024-06-04T15:09:29.022554+00:00 ... 
[2024-06-04T15:11:40.195+0000] {external_task.py:274} INFO - Poking for DAG 'xdag_id_1' on 2024-06-04T15:09:29.022554+00:00 ... 
[2024-06-04T15:12:40.210+0000] {external_task.py:274} INFO - Poking for DAG 'xdag_id_1' on 2024-06-04T15:09:29.022554+00:00 ... 
[2024-06-04T15:13:40.234+0000] {external_task.py:274} INFO - Poking for DAG 'xdag_id_1' on 2024-06-04T15:09:29.022554+00:00 ... 
[2024-06-04T15:14:40.245+0000] {external_task.py:274} INFO - Poking for DAG 'xdag_id_1' on 2024-06-04T15:09:29.022554+00:00 ... 
[2024-06-04T15:15:40.260+0000] {external_task.py:274} INFO - Poking for DAG 'xdag_id_1' on 2024-06-04T15:09:29.022554+00:00 ... 
[2024-06-04T15:16:40.343+0000] {external_task.py:274} INFO - Poking for DAG 'xdag_id_1' on 2024-06-04T15:09:29.022554+00:00 ... 
[2024-06-04T15:17:40.368+0000] {external_task.py:274} INFO - Poking for DAG 'xdag_id_1' on 2024-06-04T15:09:29.022554+00:00 ... 
[2024-06-04T15:18:40.385+0000] {external_task.py:274} INFO - Poking for DAG 'xdag_id_1' on 2024-06-04T15:09:29.022554+00:00 ... 
[2024-06-04T15:19:40.300+0000] {local_task_job_runner.py:310} WARNING - State of this instance has been externally set to failed. Terminating instance.
[2024-06-04T15:19:40.307+0000] {local_task_job_runner.py:222} INFO - ::endgroup::
[2024-06-04T15:19:40.309+0000] {process_utils.py:132} INFO - Sending 15 to group 285. PIDs of all processes in the group: [285]
[2024-06-04T15:19:40.309+0000] {process_utils.py:87} INFO - Sending the signal 15 to group 285
[2024-06-04T15:19:40.310+0000] {taskinstance.py:2611} ERROR - Received SIGTERM. Terminating subprocesses.
[2024-06-04T15:19:40.311+0000] {taskinstance.py:441} INFO - ::group::Post task execution logs
[2024-06-04T15:19:40.368+0000] {process_utils.py:80} INFO - Process psutil.Process(pid=285, status='terminated', exitcode=0, started='15:09:39') (285) terminated with exit code 0
