[2024-06-05T07:33:34.041+0000] {local_task_job_runner.py:120} INFO - ::group::Pre task execution logs
[2024-06-05T07:33:34.070+0000] {taskinstance.py:2076} INFO - Dependencies all met for dep_context=non-requeueable deps ti=<TaskInstance: trigger_dag_id.task_troup.dag_1_task_sensor manual__2024-06-05T07:33:29.002994+00:00 [queued]>
[2024-06-05T07:33:34.079+0000] {taskinstance.py:2076} INFO - Dependencies all met for dep_context=requeueable deps ti=<TaskInstance: trigger_dag_id.task_troup.dag_1_task_sensor manual__2024-06-05T07:33:29.002994+00:00 [queued]>
[2024-06-05T07:33:34.080+0000] {taskinstance.py:2306} INFO - Starting attempt 1 of 1
[2024-06-05T07:33:34.094+0000] {taskinstance.py:2330} INFO - Executing <Task(ExternalTaskSensor): task_troup.dag_1_task_sensor> on 2024-06-05 07:33:29.002994+00:00
[2024-06-05T07:33:34.100+0000] {warnings.py:110} WARNING - /home/***/.local/lib/python3.12/site-packages/***/task/task_runner/standard_task_runner.py:61: DeprecationWarning: This process (pid=105) is multi-threaded, use of fork() may lead to deadlocks in the child.
  pid = os.fork()

[2024-06-05T07:33:34.102+0000] {standard_task_runner.py:63} INFO - Started process 109 to run task
[2024-06-05T07:33:34.102+0000] {standard_task_runner.py:90} INFO - Running: ['***', 'tasks', 'run', 'trigger_dag_id', 'task_troup.dag_1_task_sensor', 'manual__2024-06-05T07:33:29.002994+00:00', '--job-id', '203', '--raw', '--subdir', 'DAGS_FOLDER/trigger_dag.py', '--cfg-path', '/tmp/tmp6zhs9nqw']
[2024-06-05T07:33:34.106+0000] {standard_task_runner.py:91} INFO - Job 203: Subtask task_troup.dag_1_task_sensor
[2024-06-05T07:33:34.165+0000] {task_command.py:426} INFO - Running <TaskInstance: trigger_dag_id.task_troup.dag_1_task_sensor manual__2024-06-05T07:33:29.002994+00:00 [running]> on host db8c7b709f57
[2024-06-05T07:33:34.284+0000] {taskinstance.py:2648} INFO - Exporting env vars: AIRFLOW_CTX_DAG_OWNER='***' AIRFLOW_CTX_DAG_ID='trigger_dag_id' AIRFLOW_CTX_TASK_ID='task_troup.dag_1_task_sensor' AIRFLOW_CTX_EXECUTION_DATE='2024-06-05T07:33:29.002994+00:00' AIRFLOW_CTX_TRY_NUMBER='1' AIRFLOW_CTX_DAG_RUN_ID='manual__2024-06-05T07:33:29.002994+00:00'
[2024-06-05T07:33:34.287+0000] {taskinstance.py:430} INFO - ::endgroup::
[2024-06-05T07:33:34.289+0000] {baseoperator.py:399} WARNING - ExternalTaskSensor.execute cannot be called outside TaskInstance!
[2024-06-05T07:33:34.293+0000] {external_task.py:274} INFO - Poking for DAG 'xdag_id_1' on 2024-06-05T07:33:29.002994+00:00 ... 
[2024-06-05T07:33:34.294+0000] {warnings.py:110} WARNING - /home/***/.local/lib/python3.12/site-packages/***/utils/session.py:79: DeprecationWarning: This method is deprecated and will be removed in future.
  return func(*args, session=session, **kwargs)

[2024-06-05T07:33:54.303+0000] {local_task_job_runner.py:310} WARNING - State of this instance has been externally set to failed. Terminating instance.
[2024-06-05T07:33:54.305+0000] {local_task_job_runner.py:222} INFO - ::endgroup::
[2024-06-05T07:33:54.306+0000] {process_utils.py:132} INFO - Sending 15 to group 109. PIDs of all processes in the group: [109]
[2024-06-05T07:33:54.307+0000] {process_utils.py:87} INFO - Sending the signal 15 to group 109
[2024-06-05T07:33:54.308+0000] {taskinstance.py:2611} ERROR - Received SIGTERM. Terminating subprocesses.
[2024-06-05T07:33:54.308+0000] {taskinstance.py:441} INFO - ::group::Post task execution logs
[2024-06-05T07:33:54.338+0000] {process_utils.py:80} INFO - Process psutil.Process(pid=109, status='terminated', exitcode=0, started='07:33:33') (109) terminated with exit code 0
