[2024-06-19T08:26:46.367+0000] {local_task_job_runner.py:120} INFO - ::group::Pre task execution logs
[2024-06-19T08:26:46.410+0000] {taskinstance.py:2076} INFO - Dependencies all met for dep_context=non-requeueable deps ti=<TaskInstance: trigger_dag_id.task_troup.dag_1_task_sensor manual__2024-06-19T08:26:32.287146+00:00 [queued]>
[2024-06-19T08:26:46.426+0000] {taskinstance.py:2076} INFO - Dependencies all met for dep_context=requeueable deps ti=<TaskInstance: trigger_dag_id.task_troup.dag_1_task_sensor manual__2024-06-19T08:26:32.287146+00:00 [queued]>
[2024-06-19T08:26:46.427+0000] {taskinstance.py:2306} INFO - Starting attempt 1 of 1
[2024-06-19T08:26:46.449+0000] {taskinstance.py:2330} INFO - Executing <Task(ExternalTaskSensor): task_troup.dag_1_task_sensor> on 2024-06-19 08:26:32.287146+00:00
[2024-06-19T08:26:46.472+0000] {warnings.py:110} WARNING - /home/***/.local/lib/python3.12/site-packages/***/task/task_runner/standard_task_runner.py:61: DeprecationWarning: This process (pid=110) is multi-threaded, use of fork() may lead to deadlocks in the child.
  pid = os.fork()

[2024-06-19T08:26:46.474+0000] {standard_task_runner.py:90} INFO - Running: ['***', 'tasks', 'run', 'trigger_dag_id', 'task_troup.dag_1_task_sensor', 'manual__2024-06-19T08:26:32.287146+00:00', '--job-id', '897', '--raw', '--subdir', 'DAGS_FOLDER/trigger_dag.py', '--cfg-path', '/tmp/tmprr4j_ng1']
[2024-06-19T08:26:46.479+0000] {standard_task_runner.py:63} INFO - Started process 113 to run task
[2024-06-19T08:26:46.480+0000] {standard_task_runner.py:91} INFO - Job 897: Subtask task_troup.dag_1_task_sensor
[2024-06-19T08:26:46.547+0000] {task_command.py:426} INFO - Running <TaskInstance: trigger_dag_id.task_troup.dag_1_task_sensor manual__2024-06-19T08:26:32.287146+00:00 [running]> on host c44a1a294288
[2024-06-19T08:26:46.764+0000] {taskinstance.py:2648} INFO - Exporting env vars: AIRFLOW_CTX_DAG_OWNER='***' AIRFLOW_CTX_DAG_ID='trigger_dag_id' AIRFLOW_CTX_TASK_ID='task_troup.dag_1_task_sensor' AIRFLOW_CTX_EXECUTION_DATE='2024-06-19T08:26:32.287146+00:00' AIRFLOW_CTX_TRY_NUMBER='1' AIRFLOW_CTX_DAG_RUN_ID='manual__2024-06-19T08:26:32.287146+00:00'
[2024-06-19T08:26:46.784+0000] {taskinstance.py:430} INFO - ::endgroup::
[2024-06-19T08:26:46.787+0000] {baseoperator.py:399} WARNING - ExternalTaskSensor.execute cannot be called outside TaskInstance!
[2024-06-19T08:26:46.810+0000] {external_task.py:274} INFO - Poking for DAG 'xdag_id_1' on 2024-06-19T08:26:41.361520+00:00 ... 
[2024-06-19T08:26:46.814+0000] {warnings.py:110} WARNING - /home/***/.local/lib/python3.12/site-packages/***/utils/session.py:79: DeprecationWarning: This method is deprecated and will be removed in future.
  return func(*args, session=session, **kwargs)

[2024-06-19T08:27:46.830+0000] {external_task.py:274} INFO - Poking for DAG 'xdag_id_1' on 2024-06-19T08:26:41.361520+00:00 ... 
[2024-06-19T08:27:46.834+0000] {base.py:294} INFO - Success criteria met. Exiting.
[2024-06-19T08:27:46.835+0000] {taskinstance.py:441} INFO - ::group::Post task execution logs
[2024-06-19T08:27:46.847+0000] {taskinstance.py:1206} INFO - Marking task as SUCCESS. dag_id=trigger_dag_id, task_id=task_troup.dag_1_task_sensor, run_id=manual__2024-06-19T08:26:32.287146+00:00, execution_date=20240619T082632, start_date=20240619T082646, end_date=20240619T082746
[2024-06-19T08:27:46.916+0000] {local_task_job_runner.py:240} INFO - Task exited with return code 0
[2024-06-19T08:27:46.978+0000] {taskinstance.py:3498} INFO - 1 downstream tasks scheduled from follow-on schedule check
[2024-06-19T08:27:46.981+0000] {local_task_job_runner.py:222} INFO - ::endgroup::
