[2024-06-11T13:14:01.872+0000] {local_task_job_runner.py:120} INFO - ::group::Pre task execution logs
[2024-06-11T13:14:01.905+0000] {taskinstance.py:2076} INFO - Dependencies all met for dep_context=non-requeueable deps ti=<TaskInstance: xdag_id_1.insert_new_row manual__2024-06-11T13:13:48.951107+00:00 [queued]>
[2024-06-11T13:14:01.918+0000] {taskinstance.py:2076} INFO - Dependencies all met for dep_context=requeueable deps ti=<TaskInstance: xdag_id_1.insert_new_row manual__2024-06-11T13:13:48.951107+00:00 [queued]>
[2024-06-11T13:14:01.919+0000] {taskinstance.py:2306} INFO - Starting attempt 1 of 1
[2024-06-11T13:14:01.936+0000] {taskinstance.py:2330} INFO - Executing <Task(SQLExecuteQueryOperator): insert_new_row> on 2024-06-11 13:13:48.951107+00:00
[2024-06-11T13:14:01.946+0000] {warnings.py:110} WARNING - /home/***/.local/lib/python3.12/site-packages/***/task/task_runner/standard_task_runner.py:61: DeprecationWarning: This process (pid=144) is multi-threaded, use of fork() may lead to deadlocks in the child.
  pid = os.fork()

[2024-06-11T13:14:01.949+0000] {standard_task_runner.py:63} INFO - Started process 150 to run task
[2024-06-11T13:14:01.948+0000] {standard_task_runner.py:90} INFO - Running: ['***', 'tasks', 'run', 'xdag_id_1', 'insert_new_row', 'manual__2024-06-11T13:13:48.951107+00:00', '--job-id', '820', '--raw', '--subdir', 'DAGS_FOLDER/jobs_dag.py', '--cfg-path', '/tmp/tmpta5y_nnb']
[2024-06-11T13:14:01.952+0000] {standard_task_runner.py:91} INFO - Job 820: Subtask insert_new_row
[2024-06-11T13:14:02.007+0000] {task_command.py:426} INFO - Running <TaskInstance: xdag_id_1.insert_new_row manual__2024-06-11T13:13:48.951107+00:00 [running]> on host eeaea8b2797f
[2024-06-11T13:14:02.132+0000] {taskinstance.py:2648} INFO - Exporting env vars: AIRFLOW_CTX_DAG_OWNER='***' AIRFLOW_CTX_DAG_ID='xdag_id_1' AIRFLOW_CTX_TASK_ID='insert_new_row' AIRFLOW_CTX_EXECUTION_DATE='2024-06-11T13:13:48.951107+00:00' AIRFLOW_CTX_TRY_NUMBER='1' AIRFLOW_CTX_DAG_RUN_ID='manual__2024-06-11T13:13:48.951107+00:00'
[2024-06-11T13:14:02.135+0000] {taskinstance.py:430} INFO - ::endgroup::
[2024-06-11T13:14:02.136+0000] {sql.py:276} INFO - Executing: INSERT INTO table_name_1 VALUES(%s, %s, %s);
[2024-06-11T13:14:02.159+0000] {base.py:84} INFO - Using connection ID 'postgres_default' for task execution.
[2024-06-11T13:14:02.179+0000] {base.py:84} INFO - Using connection ID 'postgres_default' for task execution.
[2024-06-11T13:14:02.185+0000] {sql.py:470} INFO - Running statement: INSERT INTO table_name_1 VALUES(%s, %s, %s);, parameters: (428, 'default', datetime.datetime(2024, 6, 11, 13, 14, 0, 540231))
[2024-06-11T13:14:02.187+0000] {sql.py:479} INFO - Rows affected: 1
[2024-06-11T13:14:02.190+0000] {taskinstance.py:441} INFO - ::group::Post task execution logs
[2024-06-11T13:14:02.201+0000] {taskinstance.py:1206} INFO - Marking task as SUCCESS. dag_id=xdag_id_1, task_id=insert_new_row, run_id=manual__2024-06-11T13:13:48.951107+00:00, execution_date=20240611T131348, start_date=20240611T131401, end_date=20240611T131402
[2024-06-11T13:14:02.254+0000] {local_task_job_runner.py:240} INFO - Task exited with return code 0
[2024-06-11T13:14:02.289+0000] {taskinstance.py:3498} INFO - 1 downstream tasks scheduled from follow-on schedule check
[2024-06-11T13:14:02.291+0000] {local_task_job_runner.py:222} INFO - ::endgroup::
