[2024-06-05T09:56:53.267+0000] {local_task_job_runner.py:120} INFO - ::group::Pre task execution logs
[2024-06-05T09:56:53.308+0000] {taskinstance.py:2076} INFO - Dependencies all met for dep_context=non-requeueable deps ti=<TaskInstance: trigger_dag_id.task_troup.dag_1_task_sensor manual__2024-06-05T09:56:44.266067+00:00 [queued]>
[2024-06-05T09:56:53.326+0000] {taskinstance.py:2076} INFO - Dependencies all met for dep_context=requeueable deps ti=<TaskInstance: trigger_dag_id.task_troup.dag_1_task_sensor manual__2024-06-05T09:56:44.266067+00:00 [queued]>
[2024-06-05T09:56:53.329+0000] {taskinstance.py:2306} INFO - Starting attempt 1 of 1
[2024-06-05T09:56:53.356+0000] {taskinstance.py:2330} INFO - Executing <Task(ExternalTaskSensor): task_troup.dag_1_task_sensor> on 2024-06-05 09:56:44.266067+00:00
[2024-06-05T09:56:53.371+0000] {warnings.py:110} WARNING - /home/***/.local/lib/python3.12/site-packages/***/task/task_runner/standard_task_runner.py:61: DeprecationWarning: This process (pid=1663) is multi-threaded, use of fork() may lead to deadlocks in the child.
  pid = os.fork()

[2024-06-05T09:56:53.374+0000] {standard_task_runner.py:63} INFO - Started process 1666 to run task
[2024-06-05T09:56:53.374+0000] {standard_task_runner.py:90} INFO - Running: ['***', 'tasks', 'run', 'trigger_dag_id', 'task_troup.dag_1_task_sensor', 'manual__2024-06-05T09:56:44.266067+00:00', '--job-id', '281', '--raw', '--subdir', 'DAGS_FOLDER/trigger_dag.py', '--cfg-path', '/tmp/tmpbzmeef4h']
[2024-06-05T09:56:53.380+0000] {standard_task_runner.py:91} INFO - Job 281: Subtask task_troup.dag_1_task_sensor
[2024-06-05T09:56:53.464+0000] {task_command.py:426} INFO - Running <TaskInstance: trigger_dag_id.task_troup.dag_1_task_sensor manual__2024-06-05T09:56:44.266067+00:00 [running]> on host db8c7b709f57
[2024-06-05T09:56:53.638+0000] {taskinstance.py:2648} INFO - Exporting env vars: AIRFLOW_CTX_DAG_OWNER='***' AIRFLOW_CTX_DAG_ID='trigger_dag_id' AIRFLOW_CTX_TASK_ID='task_troup.dag_1_task_sensor' AIRFLOW_CTX_EXECUTION_DATE='2024-06-05T09:56:44.266067+00:00' AIRFLOW_CTX_TRY_NUMBER='1' AIRFLOW_CTX_DAG_RUN_ID='manual__2024-06-05T09:56:44.266067+00:00'
[2024-06-05T09:56:53.643+0000] {taskinstance.py:430} INFO - ::endgroup::
[2024-06-05T09:56:53.650+0000] {baseoperator.py:399} WARNING - ExternalTaskSensor.execute cannot be called outside TaskInstance!
[2024-06-05T09:56:53.653+0000] {external_task.py:274} INFO - Poking for DAG 'xdag_id_1' on 2024-06-05T09:55:44.266067+00:00 ... 
[2024-06-05T09:56:53.657+0000] {warnings.py:110} WARNING - /home/***/.local/lib/python3.12/site-packages/***/utils/session.py:79: DeprecationWarning: This method is deprecated and will be removed in future.
  return func(*args, session=session, **kwargs)

[2024-06-05T09:57:53.678+0000] {external_task.py:274} INFO - Poking for DAG 'xdag_id_1' on 2024-06-05T09:55:44.266067+00:00 ... 
[2024-06-05T09:58:53.694+0000] {external_task.py:274} INFO - Poking for DAG 'xdag_id_1' on 2024-06-05T09:55:44.266067+00:00 ... 
[2024-06-05T09:59:53.708+0000] {external_task.py:274} INFO - Poking for DAG 'xdag_id_1' on 2024-06-05T09:55:44.266067+00:00 ... 
[2024-06-05T10:00:53.727+0000] {external_task.py:274} INFO - Poking for DAG 'xdag_id_1' on 2024-06-05T09:55:44.266067+00:00 ... 
[2024-06-05T10:01:40.971+0000] {local_task_job_runner.py:310} WARNING - State of this instance has been externally set to failed. Terminating instance.
[2024-06-05T10:01:40.973+0000] {local_task_job_runner.py:222} INFO - ::endgroup::
[2024-06-05T10:01:40.975+0000] {process_utils.py:132} INFO - Sending 15 to group 1666. PIDs of all processes in the group: [1666]
[2024-06-05T10:01:40.976+0000] {process_utils.py:87} INFO - Sending the signal 15 to group 1666
[2024-06-05T10:01:40.977+0000] {taskinstance.py:2611} ERROR - Received SIGTERM. Terminating subprocesses.
[2024-06-05T10:01:40.978+0000] {taskinstance.py:441} INFO - ::group::Post task execution logs
[2024-06-05T10:01:41.034+0000] {process_utils.py:80} INFO - Process psutil.Process(pid=1666, status='terminated', exitcode=0, started='09:56:52') (1666) terminated with exit code 0
