[2024-06-07T08:38:13.351+0000] {local_task_job_runner.py:120} INFO - ::group::Pre task execution logs
[2024-06-07T08:38:13.384+0000] {taskinstance.py:2076} INFO - Dependencies all met for dep_context=non-requeueable deps ti=<TaskInstance: xdag_id_1.check_if_table_exists manual__2024-06-07T08:38:05.017097+00:00 [queued]>
[2024-06-07T08:38:13.397+0000] {taskinstance.py:2076} INFO - Dependencies all met for dep_context=requeueable deps ti=<TaskInstance: xdag_id_1.check_if_table_exists manual__2024-06-07T08:38:05.017097+00:00 [queued]>
[2024-06-07T08:38:13.398+0000] {taskinstance.py:2306} INFO - Starting attempt 1 of 1
[2024-06-07T08:38:13.415+0000] {taskinstance.py:2330} INFO - Executing <Task(_BranchPythonDecoratedOperator): check_if_table_exists> on 2024-06-07 08:38:05.017097+00:00
[2024-06-07T08:38:13.422+0000] {warnings.py:110} WARNING - /home/***/.local/lib/python3.12/site-packages/***/task/task_runner/standard_task_runner.py:61: DeprecationWarning: This process (pid=11913) is multi-threaded, use of fork() may lead to deadlocks in the child.
  pid = os.fork()

[2024-06-07T08:38:13.424+0000] {standard_task_runner.py:63} INFO - Started process 11915 to run task
[2024-06-07T08:38:13.424+0000] {standard_task_runner.py:90} INFO - Running: ['***', 'tasks', 'run', 'xdag_id_1', 'check_if_table_exists', 'manual__2024-06-07T08:38:05.017097+00:00', '--job-id', '540', '--raw', '--subdir', 'DAGS_FOLDER/jobs_dag.py', '--cfg-path', '/tmp/tmp4bkvt4y8']
[2024-06-07T08:38:13.428+0000] {standard_task_runner.py:91} INFO - Job 540: Subtask check_if_table_exists
[2024-06-07T08:38:13.489+0000] {task_command.py:426} INFO - Running <TaskInstance: xdag_id_1.check_if_table_exists manual__2024-06-07T08:38:05.017097+00:00 [running]> on host db8c7b709f57
[2024-06-07T08:38:13.614+0000] {taskinstance.py:2648} INFO - Exporting env vars: AIRFLOW_CTX_DAG_OWNER='***' AIRFLOW_CTX_DAG_ID='xdag_id_1' AIRFLOW_CTX_TASK_ID='check_if_table_exists' AIRFLOW_CTX_EXECUTION_DATE='2024-06-07T08:38:05.017097+00:00' AIRFLOW_CTX_TRY_NUMBER='1' AIRFLOW_CTX_DAG_RUN_ID='manual__2024-06-07T08:38:05.017097+00:00'
[2024-06-07T08:38:13.617+0000] {taskinstance.py:430} INFO - ::endgroup::
[2024-06-07T08:38:13.629+0000] {base.py:84} INFO - Using connection ID 'postgres_default' for task execution.
[2024-06-07T08:38:13.634+0000] {sql.py:470} INFO - Running statement: SELECT * FROM information_schema.tables WHERE table_schema = 'schema_1'AND table_name = 'table_name_1';, parameters: None
[2024-06-07T08:38:13.638+0000] {sql.py:479} INFO - Rows affected: 0
[2024-06-07T08:38:13.639+0000] {logging_mixin.py:188} INFO - None
[2024-06-07T08:38:13.640+0000] {python.py:237} INFO - Done. Returned value was: False
[2024-06-07T08:38:13.641+0000] {branch.py:36} INFO - Branch into False
[2024-06-07T08:38:13.642+0000] {skipmixin.py:178} INFO - Following branch False
[2024-06-07T08:38:13.643+0000] {taskinstance.py:441} INFO - ::group::Post task execution logs
[2024-06-07T08:38:13.654+0000] {taskinstance.py:2905} ERROR - Task failed with exception
Traceback (most recent call last):
  File "/home/airflow/.local/lib/python3.12/site-packages/airflow/models/taskinstance.py", line 465, in _execute_task
    result = _execute_callable(context=context, **execute_callable_kwargs)
             ^^^^^^^^^^^^^^^^^^^^^^^^^^^^^^^^^^^^^^^^^^^^^^^^^^^^^^^^^^^^^
  File "/home/airflow/.local/lib/python3.12/site-packages/airflow/models/taskinstance.py", line 432, in _execute_callable
    return execute_callable(context=context, **execute_callable_kwargs)
           ^^^^^^^^^^^^^^^^^^^^^^^^^^^^^^^^^^^^^^^^^^^^^^^^^^^^^^^^^^^^
  File "/home/airflow/.local/lib/python3.12/site-packages/airflow/models/baseoperator.py", line 400, in wrapper
    return func(self, *args, **kwargs)
           ^^^^^^^^^^^^^^^^^^^^^^^^^^^
  File "/home/airflow/.local/lib/python3.12/site-packages/airflow/decorators/base.py", line 265, in execute
    return_value = super().execute(context)
                   ^^^^^^^^^^^^^^^^^^^^^^^^
  File "/home/airflow/.local/lib/python3.12/site-packages/airflow/models/baseoperator.py", line 400, in wrapper
    return func(self, *args, **kwargs)
           ^^^^^^^^^^^^^^^^^^^^^^^^^^^
  File "/home/airflow/.local/lib/python3.12/site-packages/airflow/operators/python.py", line 269, in execute
    return self.do_branch(context, super().execute(context))
           ^^^^^^^^^^^^^^^^^^^^^^^^^^^^^^^^^^^^^^^^^^^^^^^^^
  File "/home/airflow/.local/lib/python3.12/site-packages/airflow/operators/branch.py", line 37, in do_branch
    self.skip_all_except(context["ti"], branches_to_execute)
  File "/home/airflow/.local/lib/python3.12/site-packages/airflow/models/skipmixin.py", line 194, in skip_all_except
    raise AirflowException(
airflow.exceptions.AirflowException: 'branch_task_ids' must be either None, a task ID, or an Iterable of IDs, but got 'bool'.
[2024-06-07T08:38:13.661+0000] {taskinstance.py:1206} INFO - Marking task as FAILED. dag_id=xdag_id_1, task_id=check_if_table_exists, run_id=manual__2024-06-07T08:38:05.017097+00:00, execution_date=20240607T083805, start_date=20240607T083813, end_date=20240607T083813
[2024-06-07T08:38:13.677+0000] {standard_task_runner.py:110} ERROR - Failed to execute job 540 for task check_if_table_exists ('branch_task_ids' must be either None, a task ID, or an Iterable of IDs, but got 'bool'.; 11915)
[2024-06-07T08:38:13.690+0000] {local_task_job_runner.py:240} INFO - Task exited with return code 1
[2024-06-07T08:38:13.703+0000] {warnings.py:110} WARNING - /home/***/.local/lib/python3.12/site-packages/***/models/baseoperator.py:1296: AirflowProviderDeprecationWarning: Call to deprecated class PostgresOperator. (Please use `***.providers.common.sql.operators.sql.SQLExecuteQueryOperator`.Also, you can provide `hook_params={'schema': <database>}`.)
  result = cls.__new__(cls)

[2024-06-07T08:38:13.732+0000] {taskinstance.py:3498} INFO - 0 downstream tasks scheduled from follow-on schedule check
[2024-06-07T08:38:13.737+0000] {local_task_job_runner.py:222} INFO - ::endgroup::
