[2024-06-04T15:54:16.948+0000] {local_task_job_runner.py:120} INFO - ::group::Pre task execution logs
[2024-06-04T15:54:16.976+0000] {taskinstance.py:2076} INFO - Dependencies all met for dep_context=non-requeueable deps ti=<TaskInstance: trigger_dag_id.task_troup.dag_1_task_sensor manual__2024-06-04T15:54:10.956915+00:00 [queued]>
[2024-06-04T15:54:16.987+0000] {taskinstance.py:2076} INFO - Dependencies all met for dep_context=requeueable deps ti=<TaskInstance: trigger_dag_id.task_troup.dag_1_task_sensor manual__2024-06-04T15:54:10.956915+00:00 [queued]>
[2024-06-04T15:54:16.989+0000] {taskinstance.py:2306} INFO - Starting attempt 1 of 1
[2024-06-04T15:54:17.014+0000] {taskinstance.py:2330} INFO - Executing <Task(ExternalTaskSensor): task_troup.dag_1_task_sensor> on 2024-06-04 15:54:10.956915+00:00
[2024-06-04T15:54:17.022+0000] {warnings.py:110} WARNING - /home/***/.local/lib/python3.12/site-packages/***/task/task_runner/standard_task_runner.py:61: DeprecationWarning: This process (pid=59) is multi-threaded, use of fork() may lead to deadlocks in the child.
  pid = os.fork()

[2024-06-04T15:54:17.026+0000] {standard_task_runner.py:63} INFO - Started process 63 to run task
[2024-06-04T15:54:17.026+0000] {standard_task_runner.py:90} INFO - Running: ['***', 'tasks', 'run', 'trigger_dag_id', 'task_troup.dag_1_task_sensor', 'manual__2024-06-04T15:54:10.956915+00:00', '--job-id', '103', '--raw', '--subdir', 'DAGS_FOLDER/trigger_dag.py', '--cfg-path', '/tmp/tmptrj1du69']
[2024-06-04T15:54:17.029+0000] {standard_task_runner.py:91} INFO - Job 103: Subtask task_troup.dag_1_task_sensor
[2024-06-04T15:54:17.086+0000] {task_command.py:426} INFO - Running <TaskInstance: trigger_dag_id.task_troup.dag_1_task_sensor manual__2024-06-04T15:54:10.956915+00:00 [running]> on host 12f637077d64
[2024-06-04T15:54:17.181+0000] {taskinstance.py:2648} INFO - Exporting env vars: AIRFLOW_CTX_DAG_OWNER='***' AIRFLOW_CTX_DAG_ID='trigger_dag_id' AIRFLOW_CTX_TASK_ID='task_troup.dag_1_task_sensor' AIRFLOW_CTX_EXECUTION_DATE='2024-06-04T15:54:10.956915+00:00' AIRFLOW_CTX_TRY_NUMBER='1' AIRFLOW_CTX_DAG_RUN_ID='manual__2024-06-04T15:54:10.956915+00:00'
[2024-06-04T15:54:17.184+0000] {taskinstance.py:430} INFO - ::endgroup::
[2024-06-04T15:54:17.184+0000] {baseoperator.py:399} WARNING - ExternalTaskSensor.execute cannot be called outside TaskInstance!
[2024-06-04T15:54:17.185+0000] {external_task.py:274} INFO - Poking for DAG 'xdag_id_1' on 2024-06-04T15:54:10.956915+00:00 ... 
[2024-06-04T15:54:17.186+0000] {warnings.py:110} WARNING - /home/***/.local/lib/python3.12/site-packages/***/utils/session.py:79: DeprecationWarning: This method is deprecated and will be removed in future.
  return func(*args, session=session, **kwargs)

[2024-06-04T15:55:17.199+0000] {external_task.py:274} INFO - Poking for DAG 'xdag_id_1' on 2024-06-04T15:54:10.956915+00:00 ... 
[2024-06-04T15:56:17.270+0000] {external_task.py:274} INFO - Poking for DAG 'xdag_id_1' on 2024-06-04T15:54:10.956915+00:00 ... 
[2024-06-04T15:57:17.246+0000] {external_task.py:274} INFO - Poking for DAG 'xdag_id_1' on 2024-06-04T15:54:10.956915+00:00 ... 
[2024-06-04T15:58:17.288+0000] {external_task.py:274} INFO - Poking for DAG 'xdag_id_1' on 2024-06-04T15:54:10.956915+00:00 ... 
[2024-06-04T15:59:17.313+0000] {external_task.py:274} INFO - Poking for DAG 'xdag_id_1' on 2024-06-04T15:54:10.956915+00:00 ... 
[2024-06-04T16:00:17.330+0000] {external_task.py:274} INFO - Poking for DAG 'xdag_id_1' on 2024-06-04T15:54:10.956915+00:00 ... 
[2024-06-04T16:01:17.348+0000] {external_task.py:274} INFO - Poking for DAG 'xdag_id_1' on 2024-06-04T15:54:10.956915+00:00 ... 
[2024-06-04T16:02:17.366+0000] {external_task.py:274} INFO - Poking for DAG 'xdag_id_1' on 2024-06-04T15:54:10.956915+00:00 ... 
[2024-06-04T16:03:17.385+0000] {external_task.py:274} INFO - Poking for DAG 'xdag_id_1' on 2024-06-04T15:54:10.956915+00:00 ... 
