[2024-06-07T08:25:50.019+0000] {local_task_job_runner.py:120} INFO - ::group::Pre task execution logs
[2024-06-07T08:25:50.046+0000] {taskinstance.py:2076} INFO - Dependencies all met for dep_context=non-requeueable deps ti=<TaskInstance: xdag_id_1.log_info manual__2024-06-07T08:25:47.107492+00:00 [queued]>
[2024-06-07T08:25:50.056+0000] {taskinstance.py:2076} INFO - Dependencies all met for dep_context=requeueable deps ti=<TaskInstance: xdag_id_1.log_info manual__2024-06-07T08:25:47.107492+00:00 [queued]>
[2024-06-07T08:25:50.057+0000] {taskinstance.py:2306} INFO - Starting attempt 1 of 1
[2024-06-07T08:25:50.074+0000] {taskinstance.py:2330} INFO - Executing <Task(PythonOperator): log_info> on 2024-06-07 08:25:47.107492+00:00
[2024-06-07T08:25:50.081+0000] {warnings.py:110} WARNING - /home/***/.local/lib/python3.12/site-packages/***/task/task_runner/standard_task_runner.py:61: DeprecationWarning: This process (pid=11743) is multi-threaded, use of fork() may lead to deadlocks in the child.
  pid = os.fork()

[2024-06-07T08:25:50.083+0000] {standard_task_runner.py:63} INFO - Started process 11745 to run task
[2024-06-07T08:25:50.083+0000] {standard_task_runner.py:90} INFO - Running: ['***', 'tasks', 'run', 'xdag_id_1', 'log_info', 'manual__2024-06-07T08:25:47.107492+00:00', '--job-id', '535', '--raw', '--subdir', 'DAGS_FOLDER/jobs_dag.py', '--cfg-path', '/tmp/tmpzvjgoak8']
[2024-06-07T08:25:50.086+0000] {standard_task_runner.py:91} INFO - Job 535: Subtask log_info
[2024-06-07T08:25:50.165+0000] {task_command.py:426} INFO - Running <TaskInstance: xdag_id_1.log_info manual__2024-06-07T08:25:47.107492+00:00 [running]> on host db8c7b709f57
[2024-06-07T08:25:50.336+0000] {taskinstance.py:2648} INFO - Exporting env vars: AIRFLOW_CTX_DAG_OWNER='***' AIRFLOW_CTX_DAG_ID='xdag_id_1' AIRFLOW_CTX_TASK_ID='log_info' AIRFLOW_CTX_EXECUTION_DATE='2024-06-07T08:25:47.107492+00:00' AIRFLOW_CTX_TRY_NUMBER='1' AIRFLOW_CTX_DAG_RUN_ID='manual__2024-06-07T08:25:47.107492+00:00'
[2024-06-07T08:25:50.339+0000] {taskinstance.py:430} INFO - ::endgroup::
[2024-06-07T08:25:50.340+0000] {logging_mixin.py:188} INFO - xdag_id_1 start processing tables in database: table_name_1
[2024-06-07T08:25:50.341+0000] {python.py:237} INFO - Done. Returned value was: None
[2024-06-07T08:25:50.342+0000] {taskinstance.py:441} INFO - ::group::Post task execution logs
[2024-06-07T08:25:50.357+0000] {taskinstance.py:1206} INFO - Marking task as SUCCESS. dag_id=xdag_id_1, task_id=log_info, run_id=manual__2024-06-07T08:25:47.107492+00:00, execution_date=20240607T082547, start_date=20240607T082550, end_date=20240607T082550
[2024-06-07T08:25:50.391+0000] {local_task_job_runner.py:240} INFO - Task exited with return code 0
[2024-06-07T08:25:50.406+0000] {warnings.py:110} WARNING - /home/***/.local/lib/python3.12/site-packages/***/models/baseoperator.py:1296: AirflowProviderDeprecationWarning: Call to deprecated class PostgresOperator. (Please use `***.providers.common.sql.operators.sql.SQLExecuteQueryOperator`.Also, you can provide `hook_params={'schema': <database>}`.)
  result = cls.__new__(cls)

[2024-06-07T08:25:50.429+0000] {taskinstance.py:3498} INFO - 1 downstream tasks scheduled from follow-on schedule check
[2024-06-07T08:25:50.431+0000] {local_task_job_runner.py:222} INFO - ::endgroup::
