[2024-06-04T15:06:35.214+0000] {local_task_job_runner.py:120} INFO - ::group::Pre task execution logs
[2024-06-04T15:06:35.271+0000] {taskinstance.py:2076} INFO - Dependencies all met for dep_context=non-requeueable deps ti=<TaskInstance: trigger_dag_id.task_troup.dag_1_task_sensor manual__2024-06-04T15:06:20.001152+00:00 [queued]>
[2024-06-04T15:06:35.283+0000] {taskinstance.py:2076} INFO - Dependencies all met for dep_context=requeueable deps ti=<TaskInstance: trigger_dag_id.task_troup.dag_1_task_sensor manual__2024-06-04T15:06:20.001152+00:00 [queued]>
[2024-06-04T15:06:35.284+0000] {taskinstance.py:2306} INFO - Starting attempt 1 of 1
[2024-06-04T15:06:35.318+0000] {taskinstance.py:2330} INFO - Executing <Task(ExternalTaskSensor): task_troup.dag_1_task_sensor> on 2024-06-04 15:06:20.001152+00:00
[2024-06-04T15:06:35.331+0000] {warnings.py:110} WARNING - /home/***/.local/lib/python3.12/site-packages/***/task/task_runner/standard_task_runner.py:61: DeprecationWarning: This process (pid=195) is multi-threaded, use of fork() may lead to deadlocks in the child.
  pid = os.fork()

[2024-06-04T15:06:35.357+0000] {standard_task_runner.py:63} INFO - Started process 199 to run task
[2024-06-04T15:06:35.333+0000] {standard_task_runner.py:90} INFO - Running: ['***', 'tasks', 'run', 'trigger_dag_id', 'task_troup.dag_1_task_sensor', 'manual__2024-06-04T15:06:20.001152+00:00', '--job-id', '52', '--raw', '--subdir', 'DAGS_FOLDER/trigger_dag.py', '--cfg-path', '/tmp/tmp3b4h__01']
[2024-06-04T15:06:35.365+0000] {standard_task_runner.py:91} INFO - Job 52: Subtask task_troup.dag_1_task_sensor
[2024-06-04T15:06:35.680+0000] {task_command.py:426} INFO - Running <TaskInstance: trigger_dag_id.task_troup.dag_1_task_sensor manual__2024-06-04T15:06:20.001152+00:00 [running]> on host cd2a5574829a
[2024-06-04T15:06:35.841+0000] {taskinstance.py:2648} INFO - Exporting env vars: AIRFLOW_CTX_DAG_OWNER='***' AIRFLOW_CTX_DAG_ID='trigger_dag_id' AIRFLOW_CTX_TASK_ID='task_troup.dag_1_task_sensor' AIRFLOW_CTX_EXECUTION_DATE='2024-06-04T15:06:20.001152+00:00' AIRFLOW_CTX_TRY_NUMBER='1' AIRFLOW_CTX_DAG_RUN_ID='manual__2024-06-04T15:06:20.001152+00:00'
[2024-06-04T15:06:35.846+0000] {taskinstance.py:430} INFO - ::endgroup::
[2024-06-04T15:06:35.847+0000] {baseoperator.py:399} WARNING - ExternalTaskSensor.execute cannot be called outside TaskInstance!
[2024-06-04T15:06:35.851+0000] {external_task.py:274} INFO - Poking for DAG 'xdag_id_1' on 2024-06-04T15:06:20.001152+00:00 ... 
[2024-06-04T15:06:35.852+0000] {warnings.py:110} WARNING - /home/***/.local/lib/python3.12/site-packages/***/utils/session.py:79: DeprecationWarning: This method is deprecated and will be removed in future.
  return func(*args, session=session, **kwargs)

[2024-06-04T15:07:35.874+0000] {external_task.py:274} INFO - Poking for DAG 'xdag_id_1' on 2024-06-04T15:06:20.001152+00:00 ... 
[2024-06-04T15:08:35.894+0000] {external_task.py:274} INFO - Poking for DAG 'xdag_id_1' on 2024-06-04T15:06:20.001152+00:00 ... 
[2024-06-04T15:09:35.936+0000] {external_task.py:274} INFO - Poking for DAG 'xdag_id_1' on 2024-06-04T15:06:20.001152+00:00 ... 
[2024-06-04T15:10:36.042+0000] {external_task.py:274} INFO - Poking for DAG 'xdag_id_1' on 2024-06-04T15:06:20.001152+00:00 ... 
[2024-06-04T15:11:36.057+0000] {external_task.py:274} INFO - Poking for DAG 'xdag_id_1' on 2024-06-04T15:06:20.001152+00:00 ... 
[2024-06-04T15:12:36.071+0000] {external_task.py:274} INFO - Poking for DAG 'xdag_id_1' on 2024-06-04T15:06:20.001152+00:00 ... 
[2024-06-04T15:13:36.090+0000] {external_task.py:274} INFO - Poking for DAG 'xdag_id_1' on 2024-06-04T15:06:20.001152+00:00 ... 
[2024-06-04T15:14:36.106+0000] {external_task.py:274} INFO - Poking for DAG 'xdag_id_1' on 2024-06-04T15:06:20.001152+00:00 ... 
[2024-06-04T15:15:36.122+0000] {external_task.py:274} INFO - Poking for DAG 'xdag_id_1' on 2024-06-04T15:06:20.001152+00:00 ... 
[2024-06-04T15:16:36.142+0000] {external_task.py:274} INFO - Poking for DAG 'xdag_id_1' on 2024-06-04T15:06:20.001152+00:00 ... 
[2024-06-04T15:17:36.158+0000] {external_task.py:274} INFO - Poking for DAG 'xdag_id_1' on 2024-06-04T15:06:20.001152+00:00 ... 
[2024-06-04T15:18:36.169+0000] {external_task.py:274} INFO - Poking for DAG 'xdag_id_1' on 2024-06-04T15:06:20.001152+00:00 ... 
[2024-06-04T15:19:32.617+0000] {local_task_job_runner.py:310} WARNING - State of this instance has been externally set to failed. Terminating instance.
[2024-06-04T15:19:32.638+0000] {local_task_job_runner.py:222} INFO - ::endgroup::
[2024-06-04T15:19:32.643+0000] {process_utils.py:132} INFO - Sending 15 to group 199. PIDs of all processes in the group: [199]
[2024-06-04T15:19:32.645+0000] {process_utils.py:87} INFO - Sending the signal 15 to group 199
[2024-06-04T15:19:32.646+0000] {taskinstance.py:2611} ERROR - Received SIGTERM. Terminating subprocesses.
[2024-06-04T15:19:32.648+0000] {taskinstance.py:441} INFO - ::group::Post task execution logs
[2024-06-04T15:19:32.744+0000] {process_utils.py:80} INFO - Process psutil.Process(pid=199, status='terminated', exitcode=0, started='15:06:34') (199) terminated with exit code 0
