[2024-06-05T11:37:19.981+0000] {local_task_job_runner.py:120} INFO - ::group::Pre task execution logs
[2024-06-05T11:37:20.019+0000] {taskinstance.py:2076} INFO - Dependencies all met for dep_context=non-requeueable deps ti=<TaskInstance: xdag_id_1.query_the_table manual__2024-06-05T11:37:05.293314+00:00 [queued]>
[2024-06-05T11:37:20.031+0000] {taskinstance.py:2076} INFO - Dependencies all met for dep_context=requeueable deps ti=<TaskInstance: xdag_id_1.query_the_table manual__2024-06-05T11:37:05.293314+00:00 [queued]>
[2024-06-05T11:37:20.032+0000] {taskinstance.py:2306} INFO - Starting attempt 1 of 1
[2024-06-05T11:37:20.053+0000] {taskinstance.py:2330} INFO - Executing <Task(PythonOperator): query_the_table> on 2024-06-05 11:37:05.293314+00:00
[2024-06-05T11:37:20.064+0000] {warnings.py:110} WARNING - /home/***/.local/lib/python3.12/site-packages/***/task/task_runner/standard_task_runner.py:61: DeprecationWarning: This process (pid=3352) is multi-threaded, use of fork() may lead to deadlocks in the child.
  pid = os.fork()

[2024-06-05T11:37:20.066+0000] {standard_task_runner.py:63} INFO - Started process 3354 to run task
[2024-06-05T11:37:20.066+0000] {standard_task_runner.py:90} INFO - Running: ['***', 'tasks', 'run', 'xdag_id_1', 'query_the_table', 'manual__2024-06-05T11:37:05.293314+00:00', '--job-id', '421', '--raw', '--subdir', 'DAGS_FOLDER/jobs_dag.py', '--cfg-path', '/tmp/tmp_afydad8']
[2024-06-05T11:37:20.069+0000] {standard_task_runner.py:91} INFO - Job 421: Subtask query_the_table
[2024-06-05T11:37:20.135+0000] {task_command.py:426} INFO - Running <TaskInstance: xdag_id_1.query_the_table manual__2024-06-05T11:37:05.293314+00:00 [running]> on host db8c7b709f57
[2024-06-05T11:37:20.302+0000] {taskinstance.py:2648} INFO - Exporting env vars: AIRFLOW_CTX_DAG_OWNER='***' AIRFLOW_CTX_DAG_ID='xdag_id_1' AIRFLOW_CTX_TASK_ID='query_the_table' AIRFLOW_CTX_EXECUTION_DATE='2024-06-05T11:37:05.293314+00:00' AIRFLOW_CTX_TRY_NUMBER='1' AIRFLOW_CTX_DAG_RUN_ID='manual__2024-06-05T11:37:05.293314+00:00'
[2024-06-05T11:37:20.305+0000] {taskinstance.py:430} INFO - ::endgroup::
[2024-06-05T11:37:20.326+0000] {taskinstance.py:441} INFO - ::group::Post task execution logs
[2024-06-05T11:37:20.328+0000] {taskinstance.py:2905} ERROR - Task failed with exception
Traceback (most recent call last):
  File "/home/airflow/.local/lib/python3.12/site-packages/airflow/models/taskinstance.py", line 465, in _execute_task
    result = _execute_callable(context=context, **execute_callable_kwargs)
             ^^^^^^^^^^^^^^^^^^^^^^^^^^^^^^^^^^^^^^^^^^^^^^^^^^^^^^^^^^^^^
  File "/home/airflow/.local/lib/python3.12/site-packages/airflow/models/taskinstance.py", line 432, in _execute_callable
    return execute_callable(context=context, **execute_callable_kwargs)
           ^^^^^^^^^^^^^^^^^^^^^^^^^^^^^^^^^^^^^^^^^^^^^^^^^^^^^^^^^^^^
  File "/home/airflow/.local/lib/python3.12/site-packages/airflow/models/baseoperator.py", line 400, in wrapper
    return func(self, *args, **kwargs)
           ^^^^^^^^^^^^^^^^^^^^^^^^^^^
  File "/home/airflow/.local/lib/python3.12/site-packages/airflow/operators/python.py", line 235, in execute
    return_value = self.execute_callable()
                   ^^^^^^^^^^^^^^^^^^^^^^^
  File "/home/airflow/.local/lib/python3.12/site-packages/airflow/operators/python.py", line 252, in execute_callable
    return self.python_callable(*self.op_args, **self.op_kwargs)
           ^^^^^^^^^^^^^^^^^^^^^^^^^^^^^^^^^^^^^^^^^^^^^^^^^^^^^
  File "/opt/airflow/dags/jobs_dag.py", line 25, in send_message
    execution_date = datetime.strftime(execution_date_str, '%Y-%m-%d %H:%M:%S')
                     ^^^^^^^^^^^^^^^^^^^^^^^^^^^^^^^^^^^^^^^^^^^^^^^^^^^^^^^^^^
TypeError: descriptor 'strftime' for 'datetime.date' objects doesn't apply to a 'Proxy' object
[2024-06-05T11:37:20.340+0000] {taskinstance.py:1206} INFO - Marking task as FAILED. dag_id=xdag_id_1, task_id=query_the_table, run_id=manual__2024-06-05T11:37:05.293314+00:00, execution_date=20240605T113705, start_date=20240605T113720, end_date=20240605T113720
[2024-06-05T11:37:20.355+0000] {standard_task_runner.py:110} ERROR - Failed to execute job 421 for task query_the_table (descriptor 'strftime' for 'datetime.date' objects doesn't apply to a 'Proxy' object; 3354)
[2024-06-05T11:37:20.371+0000] {local_task_job_runner.py:240} INFO - Task exited with return code 1
[2024-06-05T11:37:20.398+0000] {taskinstance.py:3498} INFO - 0 downstream tasks scheduled from follow-on schedule check
[2024-06-05T11:37:20.401+0000] {local_task_job_runner.py:222} INFO - ::endgroup::
