[2024-06-11T11:39:27.081+0000] {local_task_job_runner.py:120} INFO - ::group::Pre task execution logs
[2024-06-11T11:39:27.111+0000] {taskinstance.py:2076} INFO - Dependencies all met for dep_context=non-requeueable deps ti=<TaskInstance: trigger_dag_id.send_slack manual__2024-06-11T11:39:24.139892+00:00 [queued]>
[2024-06-11T11:39:27.123+0000] {taskinstance.py:2076} INFO - Dependencies all met for dep_context=requeueable deps ti=<TaskInstance: trigger_dag_id.send_slack manual__2024-06-11T11:39:24.139892+00:00 [queued]>
[2024-06-11T11:39:27.124+0000] {taskinstance.py:2306} INFO - Starting attempt 1 of 1
[2024-06-11T11:39:27.141+0000] {taskinstance.py:2330} INFO - Executing <Task(PythonOperator): send_slack> on 2024-06-11 11:39:24.139892+00:00
[2024-06-11T11:39:27.148+0000] {warnings.py:110} WARNING - /home/***/.local/lib/python3.12/site-packages/***/task/task_runner/standard_task_runner.py:61: DeprecationWarning: This process (pid=108) is multi-threaded, use of fork() may lead to deadlocks in the child.
  pid = os.fork()

[2024-06-11T11:39:27.152+0000] {standard_task_runner.py:63} INFO - Started process 110 to run task
[2024-06-11T11:39:27.150+0000] {standard_task_runner.py:90} INFO - Running: ['***', 'tasks', 'run', 'trigger_dag_id', 'send_slack', 'manual__2024-06-11T11:39:24.139892+00:00', '--job-id', '771', '--raw', '--subdir', 'DAGS_FOLDER/trigger_dag.py', '--cfg-path', '/tmp/tmpzl16l30w']
[2024-06-11T11:39:27.155+0000] {standard_task_runner.py:91} INFO - Job 771: Subtask send_slack
[2024-06-11T11:39:27.227+0000] {task_command.py:426} INFO - Running <TaskInstance: trigger_dag_id.send_slack manual__2024-06-11T11:39:24.139892+00:00 [running]> on host 8ac17a9df337
[2024-06-11T11:39:27.388+0000] {taskinstance.py:2648} INFO - Exporting env vars: AIRFLOW_CTX_DAG_OWNER='***' AIRFLOW_CTX_DAG_ID='trigger_dag_id' AIRFLOW_CTX_TASK_ID='send_slack' AIRFLOW_CTX_EXECUTION_DATE='2024-06-11T11:39:24.139892+00:00' AIRFLOW_CTX_TRY_NUMBER='1' AIRFLOW_CTX_DAG_RUN_ID='manual__2024-06-11T11:39:24.139892+00:00'
[2024-06-11T11:39:27.391+0000] {taskinstance.py:430} INFO - ::endgroup::
[2024-06-11T11:39:27.393+0000] {warnings.py:110} WARNING - /home/***/.local/lib/python3.12/site-packages/***/utils/context.py:320: AirflowContextDeprecationWarning: Accessing 'execution_date' from the template is deprecated and will be removed in a future version. Please use 'data_interval_start' or 'logical_date' instead.
  warnings.warn(_create_deprecation_warning(k, replacements))

[2024-06-11T11:39:27.840+0000] {python.py:237} INFO - Done. Returned value was: None
[2024-06-11T11:39:27.843+0000] {taskinstance.py:441} INFO - ::group::Post task execution logs
[2024-06-11T11:39:27.861+0000] {taskinstance.py:1206} INFO - Marking task as SUCCESS. dag_id=trigger_dag_id, task_id=send_slack, run_id=manual__2024-06-11T11:39:24.139892+00:00, execution_date=20240611T113924, start_date=20240611T113927, end_date=20240611T113927
[2024-06-11T11:39:27.912+0000] {local_task_job_runner.py:240} INFO - Task exited with return code 0
[2024-06-11T11:39:27.971+0000] {taskinstance.py:3498} INFO - 1 downstream tasks scheduled from follow-on schedule check
[2024-06-11T11:39:27.976+0000] {local_task_job_runner.py:222} INFO - ::endgroup::
