[2024-06-07T08:38:10.191+0000] {local_task_job_runner.py:120} INFO - ::group::Pre task execution logs
[2024-06-07T08:38:10.215+0000] {taskinstance.py:2076} INFO - Dependencies all met for dep_context=non-requeueable deps ti=<TaskInstance: xdag_id_1.gett_current_user manual__2024-06-07T08:38:05.017097+00:00 [queued]>
[2024-06-07T08:38:10.225+0000] {taskinstance.py:2076} INFO - Dependencies all met for dep_context=requeueable deps ti=<TaskInstance: xdag_id_1.gett_current_user manual__2024-06-07T08:38:05.017097+00:00 [queued]>
[2024-06-07T08:38:10.225+0000] {taskinstance.py:2306} INFO - Starting attempt 1 of 1
[2024-06-07T08:38:10.240+0000] {taskinstance.py:2330} INFO - Executing <Task(BashOperator): gett_current_user> on 2024-06-07 08:38:05.017097+00:00
[2024-06-07T08:38:10.248+0000] {warnings.py:110} WARNING - /home/***/.local/lib/python3.12/site-packages/***/task/task_runner/standard_task_runner.py:61: DeprecationWarning: This process (pid=11909) is multi-threaded, use of fork() may lead to deadlocks in the child.
  pid = os.fork()

[2024-06-07T08:38:10.250+0000] {standard_task_runner.py:63} INFO - Started process 11911 to run task
[2024-06-07T08:38:10.250+0000] {standard_task_runner.py:90} INFO - Running: ['***', 'tasks', 'run', 'xdag_id_1', 'gett_current_user', 'manual__2024-06-07T08:38:05.017097+00:00', '--job-id', '539', '--raw', '--subdir', 'DAGS_FOLDER/jobs_dag.py', '--cfg-path', '/tmp/tmpnt649w5p']
[2024-06-07T08:38:10.254+0000] {standard_task_runner.py:91} INFO - Job 539: Subtask gett_current_user
[2024-06-07T08:38:10.314+0000] {task_command.py:426} INFO - Running <TaskInstance: xdag_id_1.gett_current_user manual__2024-06-07T08:38:05.017097+00:00 [running]> on host db8c7b709f57
[2024-06-07T08:38:10.432+0000] {taskinstance.py:2648} INFO - Exporting env vars: AIRFLOW_CTX_DAG_OWNER='***' AIRFLOW_CTX_DAG_ID='xdag_id_1' AIRFLOW_CTX_TASK_ID='gett_current_user' AIRFLOW_CTX_EXECUTION_DATE='2024-06-07T08:38:05.017097+00:00' AIRFLOW_CTX_TRY_NUMBER='1' AIRFLOW_CTX_DAG_RUN_ID='manual__2024-06-07T08:38:05.017097+00:00'
[2024-06-07T08:38:10.435+0000] {taskinstance.py:430} INFO - ::endgroup::
[2024-06-07T08:38:10.437+0000] {subprocess.py:63} INFO - Tmp dir root location: /tmp
[2024-06-07T08:38:10.438+0000] {subprocess.py:75} INFO - Running command: ['/usr/bin/bash', '-c', 'whoami']
[2024-06-07T08:38:10.452+0000] {subprocess.py:86} INFO - Output:
[2024-06-07T08:38:10.457+0000] {subprocess.py:93} INFO - default
[2024-06-07T08:38:10.458+0000] {subprocess.py:97} INFO - Command exited with return code 0
[2024-06-07T08:38:10.460+0000] {taskinstance.py:441} INFO - ::group::Post task execution logs
[2024-06-07T08:38:10.496+0000] {taskinstance.py:1206} INFO - Marking task as SUCCESS. dag_id=xdag_id_1, task_id=gett_current_user, run_id=manual__2024-06-07T08:38:05.017097+00:00, execution_date=20240607T083805, start_date=20240607T083810, end_date=20240607T083810
[2024-06-07T08:38:10.557+0000] {local_task_job_runner.py:240} INFO - Task exited with return code 0
[2024-06-07T08:38:10.570+0000] {warnings.py:110} WARNING - /home/***/.local/lib/python3.12/site-packages/***/models/baseoperator.py:1296: AirflowProviderDeprecationWarning: Call to deprecated class PostgresOperator. (Please use `***.providers.common.sql.operators.sql.SQLExecuteQueryOperator`.Also, you can provide `hook_params={'schema': <database>}`.)
  result = cls.__new__(cls)

[2024-06-07T08:38:10.595+0000] {taskinstance.py:3498} INFO - 1 downstream tasks scheduled from follow-on schedule check
[2024-06-07T08:38:10.597+0000] {local_task_job_runner.py:222} INFO - ::endgroup::
