[2024-06-13T12:56:36.274+0000] {local_task_job_runner.py:120} INFO - ::group::Pre task execution logs
[2024-06-13T12:56:36.302+0000] {taskinstance.py:2076} INFO - Dependencies all met for dep_context=non-requeueable deps ti=<TaskInstance: trigger_dag_id.task_troup.cr_bash_operator manual__2024-06-13T12:55:15.398183+00:00 [queued]>
[2024-06-13T12:56:36.314+0000] {taskinstance.py:2076} INFO - Dependencies all met for dep_context=requeueable deps ti=<TaskInstance: trigger_dag_id.task_troup.cr_bash_operator manual__2024-06-13T12:55:15.398183+00:00 [queued]>
[2024-06-13T12:56:36.315+0000] {taskinstance.py:2306} INFO - Starting attempt 1 of 1
[2024-06-13T12:56:36.332+0000] {taskinstance.py:2330} INFO - Executing <Task(BashOperator): task_troup.cr_bash_operator> on 2024-06-13 12:55:15.398183+00:00
[2024-06-13T12:56:36.338+0000] {warnings.py:110} WARNING - /home/***/.local/lib/python3.12/site-packages/***/task/task_runner/standard_task_runner.py:61: DeprecationWarning: This process (pid=179) is multi-threaded, use of fork() may lead to deadlocks in the child.
  pid = os.fork()

[2024-06-13T12:56:36.340+0000] {standard_task_runner.py:63} INFO - Started process 181 to run task
[2024-06-13T12:56:36.341+0000] {standard_task_runner.py:90} INFO - Running: ['***', 'tasks', 'run', 'trigger_dag_id', 'task_troup.cr_bash_operator', 'manual__2024-06-13T12:55:15.398183+00:00', '--job-id', '891', '--raw', '--subdir', 'DAGS_FOLDER/trigger_dag.py', '--cfg-path', '/tmp/tmpuuu7l8op']
[2024-06-13T12:56:36.344+0000] {standard_task_runner.py:91} INFO - Job 891: Subtask task_troup.cr_bash_operator
[2024-06-13T12:56:36.397+0000] {task_command.py:426} INFO - Running <TaskInstance: trigger_dag_id.task_troup.cr_bash_operator manual__2024-06-13T12:55:15.398183+00:00 [running]> on host 55555dc522f3
[2024-06-13T12:56:36.510+0000] {taskinstance.py:2648} INFO - Exporting env vars: AIRFLOW_CTX_DAG_OWNER='***' AIRFLOW_CTX_DAG_ID='trigger_dag_id' AIRFLOW_CTX_TASK_ID='task_troup.cr_bash_operator' AIRFLOW_CTX_EXECUTION_DATE='2024-06-13T12:55:15.398183+00:00' AIRFLOW_CTX_TRY_NUMBER='1' AIRFLOW_CTX_DAG_RUN_ID='manual__2024-06-13T12:55:15.398183+00:00'
[2024-06-13T12:56:36.514+0000] {taskinstance.py:430} INFO - ::endgroup::
[2024-06-13T12:56:36.515+0000] {subprocess.py:63} INFO - Tmp dir root location: /tmp
[2024-06-13T12:56:36.517+0000] {subprocess.py:75} INFO - Running command: ['/usr/bin/bash', '-c', 'touch /opt/***/TRIGGER_FILE/finished_20240613T125515']
[2024-06-13T12:56:36.529+0000] {subprocess.py:86} INFO - Output:
[2024-06-13T12:56:36.550+0000] {subprocess.py:97} INFO - Command exited with return code 0
[2024-06-13T12:56:36.551+0000] {taskinstance.py:441} INFO - ::group::Post task execution logs
[2024-06-13T12:56:36.581+0000] {taskinstance.py:1206} INFO - Marking task as SUCCESS. dag_id=trigger_dag_id, task_id=task_troup.cr_bash_operator, run_id=manual__2024-06-13T12:55:15.398183+00:00, execution_date=20240613T125515, start_date=20240613T125636, end_date=20240613T125636
[2024-06-13T12:56:36.605+0000] {local_task_job_runner.py:240} INFO - Task exited with return code 0
[2024-06-13T12:56:36.632+0000] {taskinstance.py:3498} INFO - 1 downstream tasks scheduled from follow-on schedule check
[2024-06-13T12:56:36.634+0000] {local_task_job_runner.py:222} INFO - ::endgroup::
