[2024-06-09T03:05:34.682+0000] {processor.py:161} INFO - Started process (PID=64849) to work on /home/airflow/.local/lib/python3.12/site-packages/airflow/example_dags/example_display_name.py
[2024-06-09T03:05:34.684+0000] {processor.py:830} INFO - Processing file /home/airflow/.local/lib/python3.12/site-packages/airflow/example_dags/example_display_name.py for tasks to queue
[2024-06-09T03:05:34.686+0000] {logging_mixin.py:188} INFO - [2024-06-09T03:05:34.686+0000] {dagbag.py:545} INFO - Filling up the DagBag from /home/airflow/.local/lib/python3.12/site-packages/airflow/example_dags/example_display_name.py
[2024-06-09T03:05:34.694+0000] {processor.py:840} INFO - DAG(s) 'example_display_name' retrieved from /home/airflow/.local/lib/python3.12/site-packages/airflow/example_dags/example_display_name.py
[2024-06-09T03:05:34.719+0000] {logging_mixin.py:188} INFO - [2024-06-09T03:05:34.719+0000] {dag.py:3096} INFO - Sync 1 DAGs
[2024-06-09T03:05:34.735+0000] {logging_mixin.py:188} INFO - [2024-06-09T03:05:34.735+0000] {dag.py:3954} INFO - Setting next_dagrun for example_display_name to None, run_after=None
[2024-06-09T03:05:34.764+0000] {processor.py:183} INFO - Processing /home/airflow/.local/lib/python3.12/site-packages/airflow/example_dags/example_display_name.py took 0.089 seconds
[2024-06-09T04:06:35.543+0000] {processor.py:161} INFO - Started process (PID=64909) to work on /home/airflow/.local/lib/python3.12/site-packages/airflow/example_dags/example_display_name.py
[2024-06-09T04:06:35.545+0000] {processor.py:830} INFO - Processing file /home/airflow/.local/lib/python3.12/site-packages/airflow/example_dags/example_display_name.py for tasks to queue
[2024-06-09T04:06:35.548+0000] {logging_mixin.py:188} INFO - [2024-06-09T04:06:35.547+0000] {dagbag.py:545} INFO - Filling up the DagBag from /home/airflow/.local/lib/python3.12/site-packages/airflow/example_dags/example_display_name.py
[2024-06-09T04:06:35.560+0000] {processor.py:840} INFO - DAG(s) 'example_display_name' retrieved from /home/airflow/.local/lib/python3.12/site-packages/airflow/example_dags/example_display_name.py
[2024-06-09T04:06:35.599+0000] {logging_mixin.py:188} INFO - [2024-06-09T04:06:35.598+0000] {dag.py:3096} INFO - Sync 1 DAGs
[2024-06-09T04:06:35.625+0000] {logging_mixin.py:188} INFO - [2024-06-09T04:06:35.625+0000] {dag.py:3954} INFO - Setting next_dagrun for example_display_name to None, run_after=None
[2024-06-09T04:06:35.664+0000] {processor.py:183} INFO - Processing /home/airflow/.local/lib/python3.12/site-packages/airflow/example_dags/example_display_name.py took 0.132 seconds
[2024-06-09T04:07:05.762+0000] {processor.py:161} INFO - Started process (PID=64969) to work on /home/airflow/.local/lib/python3.12/site-packages/airflow/example_dags/example_display_name.py
[2024-06-09T04:07:05.764+0000] {processor.py:830} INFO - Processing file /home/airflow/.local/lib/python3.12/site-packages/airflow/example_dags/example_display_name.py for tasks to queue
[2024-06-09T04:07:05.765+0000] {logging_mixin.py:188} INFO - [2024-06-09T04:07:05.765+0000] {dagbag.py:545} INFO - Filling up the DagBag from /home/airflow/.local/lib/python3.12/site-packages/airflow/example_dags/example_display_name.py
[2024-06-09T04:07:05.773+0000] {processor.py:840} INFO - DAG(s) 'example_display_name' retrieved from /home/airflow/.local/lib/python3.12/site-packages/airflow/example_dags/example_display_name.py
[2024-06-09T04:07:05.799+0000] {logging_mixin.py:188} INFO - [2024-06-09T04:07:05.799+0000] {dag.py:3096} INFO - Sync 1 DAGs
[2024-06-09T04:07:05.816+0000] {logging_mixin.py:188} INFO - [2024-06-09T04:07:05.816+0000] {dag.py:3954} INFO - Setting next_dagrun for example_display_name to None, run_after=None
[2024-06-09T04:07:05.840+0000] {processor.py:183} INFO - Processing /home/airflow/.local/lib/python3.12/site-packages/airflow/example_dags/example_display_name.py took 0.088 seconds
[2024-06-09T06:07:53.939+0000] {processor.py:161} INFO - Started process (PID=65029) to work on /home/airflow/.local/lib/python3.12/site-packages/airflow/example_dags/example_display_name.py
[2024-06-09T06:07:53.941+0000] {processor.py:830} INFO - Processing file /home/airflow/.local/lib/python3.12/site-packages/airflow/example_dags/example_display_name.py for tasks to queue
[2024-06-09T06:07:53.942+0000] {logging_mixin.py:188} INFO - [2024-06-09T06:07:53.942+0000] {dagbag.py:545} INFO - Filling up the DagBag from /home/airflow/.local/lib/python3.12/site-packages/airflow/example_dags/example_display_name.py
[2024-06-09T06:07:53.950+0000] {processor.py:840} INFO - DAG(s) 'example_display_name' retrieved from /home/airflow/.local/lib/python3.12/site-packages/airflow/example_dags/example_display_name.py
[2024-06-09T06:07:53.976+0000] {logging_mixin.py:188} INFO - [2024-06-09T06:07:53.975+0000] {dag.py:3096} INFO - Sync 1 DAGs
[2024-06-09T06:07:53.992+0000] {logging_mixin.py:188} INFO - [2024-06-09T06:07:53.992+0000] {dag.py:3954} INFO - Setting next_dagrun for example_display_name to None, run_after=None
[2024-06-09T06:07:54.017+0000] {processor.py:183} INFO - Processing /home/airflow/.local/lib/python3.12/site-packages/airflow/example_dags/example_display_name.py took 0.085 seconds
[2024-06-09T06:08:33.597+0000] {processor.py:161} INFO - Started process (PID=65089) to work on /home/airflow/.local/lib/python3.12/site-packages/airflow/example_dags/example_display_name.py
[2024-06-09T06:08:33.600+0000] {processor.py:830} INFO - Processing file /home/airflow/.local/lib/python3.12/site-packages/airflow/example_dags/example_display_name.py for tasks to queue
[2024-06-09T06:08:33.602+0000] {logging_mixin.py:188} INFO - [2024-06-09T06:08:33.601+0000] {dagbag.py:545} INFO - Filling up the DagBag from /home/airflow/.local/lib/python3.12/site-packages/airflow/example_dags/example_display_name.py
[2024-06-09T06:08:33.614+0000] {processor.py:840} INFO - DAG(s) 'example_display_name' retrieved from /home/airflow/.local/lib/python3.12/site-packages/airflow/example_dags/example_display_name.py
[2024-06-09T06:08:33.654+0000] {logging_mixin.py:188} INFO - [2024-06-09T06:08:33.654+0000] {dag.py:3096} INFO - Sync 1 DAGs
[2024-06-09T06:08:33.685+0000] {logging_mixin.py:188} INFO - [2024-06-09T06:08:33.685+0000] {dag.py:3954} INFO - Setting next_dagrun for example_display_name to None, run_after=None
[2024-06-09T06:08:33.726+0000] {processor.py:183} INFO - Processing /home/airflow/.local/lib/python3.12/site-packages/airflow/example_dags/example_display_name.py took 0.140 seconds
[2024-06-09T07:09:18.908+0000] {processor.py:161} INFO - Started process (PID=65143) to work on /home/airflow/.local/lib/python3.12/site-packages/airflow/example_dags/example_display_name.py
[2024-06-09T07:09:18.910+0000] {processor.py:830} INFO - Processing file /home/airflow/.local/lib/python3.12/site-packages/airflow/example_dags/example_display_name.py for tasks to queue
[2024-06-09T07:09:18.911+0000] {logging_mixin.py:188} INFO - [2024-06-09T07:09:18.911+0000] {dagbag.py:545} INFO - Filling up the DagBag from /home/airflow/.local/lib/python3.12/site-packages/airflow/example_dags/example_display_name.py
[2024-06-09T07:09:18.919+0000] {processor.py:840} INFO - DAG(s) 'example_display_name' retrieved from /home/airflow/.local/lib/python3.12/site-packages/airflow/example_dags/example_display_name.py
[2024-06-09T07:09:18.947+0000] {logging_mixin.py:188} INFO - [2024-06-09T07:09:18.946+0000] {dag.py:3096} INFO - Sync 1 DAGs
[2024-06-09T07:09:18.964+0000] {logging_mixin.py:188} INFO - [2024-06-09T07:09:18.964+0000] {dag.py:3954} INFO - Setting next_dagrun for example_display_name to None, run_after=None
[2024-06-09T07:09:18.988+0000] {processor.py:183} INFO - Processing /home/airflow/.local/lib/python3.12/site-packages/airflow/example_dags/example_display_name.py took 0.088 seconds
[2024-06-09T08:10:18.328+0000] {processor.py:161} INFO - Started process (PID=65203) to work on /home/airflow/.local/lib/python3.12/site-packages/airflow/example_dags/example_display_name.py
[2024-06-09T08:10:18.329+0000] {processor.py:830} INFO - Processing file /home/airflow/.local/lib/python3.12/site-packages/airflow/example_dags/example_display_name.py for tasks to queue
[2024-06-09T08:10:18.330+0000] {logging_mixin.py:188} INFO - [2024-06-09T08:10:18.330+0000] {dagbag.py:545} INFO - Filling up the DagBag from /home/airflow/.local/lib/python3.12/site-packages/airflow/example_dags/example_display_name.py
[2024-06-09T08:10:18.340+0000] {processor.py:840} INFO - DAG(s) 'example_display_name' retrieved from /home/airflow/.local/lib/python3.12/site-packages/airflow/example_dags/example_display_name.py
[2024-06-09T08:10:18.368+0000] {logging_mixin.py:188} INFO - [2024-06-09T08:10:18.368+0000] {dag.py:3096} INFO - Sync 1 DAGs
[2024-06-09T08:10:18.387+0000] {logging_mixin.py:188} INFO - [2024-06-09T08:10:18.387+0000] {dag.py:3954} INFO - Setting next_dagrun for example_display_name to None, run_after=None
[2024-06-09T08:10:18.413+0000] {processor.py:183} INFO - Processing /home/airflow/.local/lib/python3.12/site-packages/airflow/example_dags/example_display_name.py took 0.094 seconds
[2024-06-09T09:11:14.441+0000] {processor.py:161} INFO - Started process (PID=65263) to work on /home/airflow/.local/lib/python3.12/site-packages/airflow/example_dags/example_display_name.py
[2024-06-09T09:11:14.443+0000] {processor.py:830} INFO - Processing file /home/airflow/.local/lib/python3.12/site-packages/airflow/example_dags/example_display_name.py for tasks to queue
[2024-06-09T09:11:14.446+0000] {logging_mixin.py:188} INFO - [2024-06-09T09:11:14.445+0000] {dagbag.py:545} INFO - Filling up the DagBag from /home/airflow/.local/lib/python3.12/site-packages/airflow/example_dags/example_display_name.py
[2024-06-09T09:11:14.462+0000] {processor.py:840} INFO - DAG(s) 'example_display_name' retrieved from /home/airflow/.local/lib/python3.12/site-packages/airflow/example_dags/example_display_name.py
[2024-06-09T09:11:14.518+0000] {logging_mixin.py:188} INFO - [2024-06-09T09:11:14.518+0000] {dag.py:3096} INFO - Sync 1 DAGs
[2024-06-09T09:11:14.553+0000] {logging_mixin.py:188} INFO - [2024-06-09T09:11:14.549+0000] {dag.py:3954} INFO - Setting next_dagrun for example_display_name to None, run_after=None
[2024-06-09T09:11:14.595+0000] {processor.py:183} INFO - Processing /home/airflow/.local/lib/python3.12/site-packages/airflow/example_dags/example_display_name.py took 0.165 seconds
[2024-06-09T09:11:53.271+0000] {processor.py:161} INFO - Started process (PID=65329) to work on /home/airflow/.local/lib/python3.12/site-packages/airflow/example_dags/example_display_name.py
[2024-06-09T09:11:53.273+0000] {processor.py:830} INFO - Processing file /home/airflow/.local/lib/python3.12/site-packages/airflow/example_dags/example_display_name.py for tasks to queue
[2024-06-09T09:11:53.275+0000] {logging_mixin.py:188} INFO - [2024-06-09T09:11:53.274+0000] {dagbag.py:545} INFO - Filling up the DagBag from /home/airflow/.local/lib/python3.12/site-packages/airflow/example_dags/example_display_name.py
[2024-06-09T09:11:53.287+0000] {processor.py:840} INFO - DAG(s) 'example_display_name' retrieved from /home/airflow/.local/lib/python3.12/site-packages/airflow/example_dags/example_display_name.py
[2024-06-09T09:11:53.329+0000] {logging_mixin.py:188} INFO - [2024-06-09T09:11:53.328+0000] {dag.py:3096} INFO - Sync 1 DAGs
[2024-06-09T09:11:53.361+0000] {logging_mixin.py:188} INFO - [2024-06-09T09:11:53.361+0000] {dag.py:3954} INFO - Setting next_dagrun for example_display_name to None, run_after=None
[2024-06-09T09:11:53.409+0000] {processor.py:183} INFO - Processing /home/airflow/.local/lib/python3.12/site-packages/airflow/example_dags/example_display_name.py took 0.151 seconds
[2024-06-09T10:12:45.844+0000] {processor.py:161} INFO - Started process (PID=65383) to work on /home/airflow/.local/lib/python3.12/site-packages/airflow/example_dags/example_display_name.py
[2024-06-09T10:12:45.846+0000] {processor.py:830} INFO - Processing file /home/airflow/.local/lib/python3.12/site-packages/airflow/example_dags/example_display_name.py for tasks to queue
[2024-06-09T10:12:45.847+0000] {logging_mixin.py:188} INFO - [2024-06-09T10:12:45.847+0000] {dagbag.py:545} INFO - Filling up the DagBag from /home/airflow/.local/lib/python3.12/site-packages/airflow/example_dags/example_display_name.py
[2024-06-09T10:12:45.855+0000] {processor.py:840} INFO - DAG(s) 'example_display_name' retrieved from /home/airflow/.local/lib/python3.12/site-packages/airflow/example_dags/example_display_name.py
[2024-06-09T10:12:45.881+0000] {logging_mixin.py:188} INFO - [2024-06-09T10:12:45.880+0000] {dag.py:3096} INFO - Sync 1 DAGs
[2024-06-09T10:12:45.898+0000] {logging_mixin.py:188} INFO - [2024-06-09T10:12:45.897+0000] {dag.py:3954} INFO - Setting next_dagrun for example_display_name to None, run_after=None
[2024-06-09T10:12:45.921+0000] {processor.py:183} INFO - Processing /home/airflow/.local/lib/python3.12/site-packages/airflow/example_dags/example_display_name.py took 0.084 seconds
[2024-06-09T11:13:43.392+0000] {processor.py:161} INFO - Started process (PID=65443) to work on /home/airflow/.local/lib/python3.12/site-packages/airflow/example_dags/example_display_name.py
[2024-06-09T11:13:43.397+0000] {processor.py:830} INFO - Processing file /home/airflow/.local/lib/python3.12/site-packages/airflow/example_dags/example_display_name.py for tasks to queue
[2024-06-09T11:13:43.399+0000] {logging_mixin.py:188} INFO - [2024-06-09T11:13:43.398+0000] {dagbag.py:545} INFO - Filling up the DagBag from /home/airflow/.local/lib/python3.12/site-packages/airflow/example_dags/example_display_name.py
[2024-06-09T11:13:43.407+0000] {processor.py:840} INFO - DAG(s) 'example_display_name' retrieved from /home/airflow/.local/lib/python3.12/site-packages/airflow/example_dags/example_display_name.py
[2024-06-09T11:13:43.435+0000] {logging_mixin.py:188} INFO - [2024-06-09T11:13:43.434+0000] {dag.py:3096} INFO - Sync 1 DAGs
[2024-06-09T11:13:43.453+0000] {logging_mixin.py:188} INFO - [2024-06-09T11:13:43.453+0000] {dag.py:3954} INFO - Setting next_dagrun for example_display_name to None, run_after=None
[2024-06-09T11:13:43.476+0000] {processor.py:183} INFO - Processing /home/airflow/.local/lib/python3.12/site-packages/airflow/example_dags/example_display_name.py took 0.091 seconds
[2024-06-09T11:18:33.840+0000] {processor.py:161} INFO - Started process (PID=65503) to work on /home/airflow/.local/lib/python3.12/site-packages/airflow/example_dags/example_display_name.py
[2024-06-09T11:18:33.843+0000] {processor.py:830} INFO - Processing file /home/airflow/.local/lib/python3.12/site-packages/airflow/example_dags/example_display_name.py for tasks to queue
[2024-06-09T11:18:33.845+0000] {logging_mixin.py:188} INFO - [2024-06-09T11:18:33.844+0000] {dagbag.py:545} INFO - Filling up the DagBag from /home/airflow/.local/lib/python3.12/site-packages/airflow/example_dags/example_display_name.py
[2024-06-09T11:18:33.856+0000] {processor.py:840} INFO - DAG(s) 'example_display_name' retrieved from /home/airflow/.local/lib/python3.12/site-packages/airflow/example_dags/example_display_name.py
[2024-06-09T11:18:33.891+0000] {logging_mixin.py:188} INFO - [2024-06-09T11:18:33.891+0000] {dag.py:3096} INFO - Sync 1 DAGs
[2024-06-09T11:18:33.915+0000] {logging_mixin.py:188} INFO - [2024-06-09T11:18:33.914+0000] {dag.py:3954} INFO - Setting next_dagrun for example_display_name to None, run_after=None
[2024-06-09T11:18:33.942+0000] {processor.py:183} INFO - Processing /home/airflow/.local/lib/python3.12/site-packages/airflow/example_dags/example_display_name.py took 0.115 seconds
[2024-06-09T11:19:04.182+0000] {processor.py:161} INFO - Started process (PID=65562) to work on /home/airflow/.local/lib/python3.12/site-packages/airflow/example_dags/example_display_name.py
[2024-06-09T11:19:04.184+0000] {processor.py:830} INFO - Processing file /home/airflow/.local/lib/python3.12/site-packages/airflow/example_dags/example_display_name.py for tasks to queue
[2024-06-09T11:19:04.186+0000] {logging_mixin.py:188} INFO - [2024-06-09T11:19:04.185+0000] {dagbag.py:545} INFO - Filling up the DagBag from /home/airflow/.local/lib/python3.12/site-packages/airflow/example_dags/example_display_name.py
[2024-06-09T11:19:04.194+0000] {processor.py:840} INFO - DAG(s) 'example_display_name' retrieved from /home/airflow/.local/lib/python3.12/site-packages/airflow/example_dags/example_display_name.py
[2024-06-09T11:19:04.220+0000] {logging_mixin.py:188} INFO - [2024-06-09T11:19:04.219+0000] {dag.py:3096} INFO - Sync 1 DAGs
[2024-06-09T11:19:04.236+0000] {logging_mixin.py:188} INFO - [2024-06-09T11:19:04.236+0000] {dag.py:3954} INFO - Setting next_dagrun for example_display_name to None, run_after=None
[2024-06-09T11:19:04.259+0000] {processor.py:183} INFO - Processing /home/airflow/.local/lib/python3.12/site-packages/airflow/example_dags/example_display_name.py took 0.085 seconds
[2024-06-09T12:14:48.822+0000] {processor.py:161} INFO - Started process (PID=65622) to work on /home/airflow/.local/lib/python3.12/site-packages/airflow/example_dags/example_display_name.py
[2024-06-09T12:14:48.824+0000] {processor.py:830} INFO - Processing file /home/airflow/.local/lib/python3.12/site-packages/airflow/example_dags/example_display_name.py for tasks to queue
[2024-06-09T12:14:48.826+0000] {logging_mixin.py:188} INFO - [2024-06-09T12:14:48.825+0000] {dagbag.py:545} INFO - Filling up the DagBag from /home/airflow/.local/lib/python3.12/site-packages/airflow/example_dags/example_display_name.py
[2024-06-09T12:14:48.834+0000] {processor.py:840} INFO - DAG(s) 'example_display_name' retrieved from /home/airflow/.local/lib/python3.12/site-packages/airflow/example_dags/example_display_name.py
[2024-06-09T12:14:48.863+0000] {logging_mixin.py:188} INFO - [2024-06-09T12:14:48.863+0000] {dag.py:3096} INFO - Sync 1 DAGs
[2024-06-09T12:14:48.887+0000] {logging_mixin.py:188} INFO - [2024-06-09T12:14:48.887+0000] {dag.py:3954} INFO - Setting next_dagrun for example_display_name to None, run_after=None
[2024-06-09T12:14:48.920+0000] {processor.py:183} INFO - Processing /home/airflow/.local/lib/python3.12/site-packages/airflow/example_dags/example_display_name.py took 0.106 seconds
[2024-06-09T13:15:46.901+0000] {processor.py:161} INFO - Started process (PID=65682) to work on /home/airflow/.local/lib/python3.12/site-packages/airflow/example_dags/example_display_name.py
[2024-06-09T13:15:46.903+0000] {processor.py:830} INFO - Processing file /home/airflow/.local/lib/python3.12/site-packages/airflow/example_dags/example_display_name.py for tasks to queue
[2024-06-09T13:15:46.905+0000] {logging_mixin.py:188} INFO - [2024-06-09T13:15:46.905+0000] {dagbag.py:545} INFO - Filling up the DagBag from /home/airflow/.local/lib/python3.12/site-packages/airflow/example_dags/example_display_name.py
[2024-06-09T13:15:46.915+0000] {processor.py:840} INFO - DAG(s) 'example_display_name' retrieved from /home/airflow/.local/lib/python3.12/site-packages/airflow/example_dags/example_display_name.py
[2024-06-09T13:15:46.945+0000] {logging_mixin.py:188} INFO - [2024-06-09T13:15:46.945+0000] {dag.py:3096} INFO - Sync 1 DAGs
[2024-06-09T13:15:46.965+0000] {logging_mixin.py:188} INFO - [2024-06-09T13:15:46.965+0000] {dag.py:3954} INFO - Setting next_dagrun for example_display_name to None, run_after=None
[2024-06-09T13:15:46.998+0000] {processor.py:183} INFO - Processing /home/airflow/.local/lib/python3.12/site-packages/airflow/example_dags/example_display_name.py took 0.106 seconds
[2024-06-09T13:16:17.327+0000] {processor.py:161} INFO - Started process (PID=65742) to work on /home/airflow/.local/lib/python3.12/site-packages/airflow/example_dags/example_display_name.py
[2024-06-09T13:16:17.328+0000] {processor.py:830} INFO - Processing file /home/airflow/.local/lib/python3.12/site-packages/airflow/example_dags/example_display_name.py for tasks to queue
[2024-06-09T13:16:17.329+0000] {logging_mixin.py:188} INFO - [2024-06-09T13:16:17.329+0000] {dagbag.py:545} INFO - Filling up the DagBag from /home/airflow/.local/lib/python3.12/site-packages/airflow/example_dags/example_display_name.py
[2024-06-09T13:16:17.337+0000] {processor.py:840} INFO - DAG(s) 'example_display_name' retrieved from /home/airflow/.local/lib/python3.12/site-packages/airflow/example_dags/example_display_name.py
[2024-06-09T13:16:17.362+0000] {logging_mixin.py:188} INFO - [2024-06-09T13:16:17.362+0000] {dag.py:3096} INFO - Sync 1 DAGs
[2024-06-09T13:16:17.378+0000] {logging_mixin.py:188} INFO - [2024-06-09T13:16:17.378+0000] {dag.py:3954} INFO - Setting next_dagrun for example_display_name to None, run_after=None
[2024-06-09T13:16:17.403+0000] {processor.py:183} INFO - Processing /home/airflow/.local/lib/python3.12/site-packages/airflow/example_dags/example_display_name.py took 0.085 seconds
[2024-06-09T14:17:11.730+0000] {processor.py:161} INFO - Started process (PID=65802) to work on /home/airflow/.local/lib/python3.12/site-packages/airflow/example_dags/example_display_name.py
[2024-06-09T14:17:11.731+0000] {processor.py:830} INFO - Processing file /home/airflow/.local/lib/python3.12/site-packages/airflow/example_dags/example_display_name.py for tasks to queue
[2024-06-09T14:17:11.732+0000] {logging_mixin.py:188} INFO - [2024-06-09T14:17:11.732+0000] {dagbag.py:545} INFO - Filling up the DagBag from /home/airflow/.local/lib/python3.12/site-packages/airflow/example_dags/example_display_name.py
[2024-06-09T14:17:11.740+0000] {processor.py:840} INFO - DAG(s) 'example_display_name' retrieved from /home/airflow/.local/lib/python3.12/site-packages/airflow/example_dags/example_display_name.py
[2024-06-09T14:17:11.765+0000] {logging_mixin.py:188} INFO - [2024-06-09T14:17:11.765+0000] {dag.py:3096} INFO - Sync 1 DAGs
[2024-06-09T14:17:11.781+0000] {logging_mixin.py:188} INFO - [2024-06-09T14:17:11.781+0000] {dag.py:3954} INFO - Setting next_dagrun for example_display_name to None, run_after=None
[2024-06-09T14:17:11.805+0000] {processor.py:183} INFO - Processing /home/airflow/.local/lib/python3.12/site-packages/airflow/example_dags/example_display_name.py took 0.083 seconds
[2024-06-09T15:18:10.834+0000] {processor.py:161} INFO - Started process (PID=65862) to work on /home/airflow/.local/lib/python3.12/site-packages/airflow/example_dags/example_display_name.py
[2024-06-09T15:18:10.836+0000] {processor.py:830} INFO - Processing file /home/airflow/.local/lib/python3.12/site-packages/airflow/example_dags/example_display_name.py for tasks to queue
[2024-06-09T15:18:10.838+0000] {logging_mixin.py:188} INFO - [2024-06-09T15:18:10.837+0000] {dagbag.py:545} INFO - Filling up the DagBag from /home/airflow/.local/lib/python3.12/site-packages/airflow/example_dags/example_display_name.py
[2024-06-09T15:18:10.845+0000] {processor.py:840} INFO - DAG(s) 'example_display_name' retrieved from /home/airflow/.local/lib/python3.12/site-packages/airflow/example_dags/example_display_name.py
[2024-06-09T15:18:10.872+0000] {logging_mixin.py:188} INFO - [2024-06-09T15:18:10.871+0000] {dag.py:3096} INFO - Sync 1 DAGs
[2024-06-09T15:18:10.894+0000] {logging_mixin.py:188} INFO - [2024-06-09T15:18:10.894+0000] {dag.py:3954} INFO - Setting next_dagrun for example_display_name to None, run_after=None
[2024-06-09T15:18:10.919+0000] {processor.py:183} INFO - Processing /home/airflow/.local/lib/python3.12/site-packages/airflow/example_dags/example_display_name.py took 0.092 seconds
[2024-06-09T15:18:44.611+0000] {processor.py:161} INFO - Started process (PID=65922) to work on /home/airflow/.local/lib/python3.12/site-packages/airflow/example_dags/example_display_name.py
[2024-06-09T15:18:44.614+0000] {processor.py:830} INFO - Processing file /home/airflow/.local/lib/python3.12/site-packages/airflow/example_dags/example_display_name.py for tasks to queue
[2024-06-09T15:18:44.615+0000] {logging_mixin.py:188} INFO - [2024-06-09T15:18:44.615+0000] {dagbag.py:545} INFO - Filling up the DagBag from /home/airflow/.local/lib/python3.12/site-packages/airflow/example_dags/example_display_name.py
[2024-06-09T15:18:44.628+0000] {processor.py:840} INFO - DAG(s) 'example_display_name' retrieved from /home/airflow/.local/lib/python3.12/site-packages/airflow/example_dags/example_display_name.py
[2024-06-09T15:18:44.676+0000] {logging_mixin.py:188} INFO - [2024-06-09T15:18:44.676+0000] {dag.py:3096} INFO - Sync 1 DAGs
[2024-06-09T15:18:44.705+0000] {logging_mixin.py:188} INFO - [2024-06-09T15:18:44.705+0000] {dag.py:3954} INFO - Setting next_dagrun for example_display_name to None, run_after=None
[2024-06-09T15:18:44.745+0000] {processor.py:183} INFO - Processing /home/airflow/.local/lib/python3.12/site-packages/airflow/example_dags/example_display_name.py took 0.147 seconds
[2024-06-09T16:19:37.462+0000] {processor.py:161} INFO - Started process (PID=65976) to work on /home/airflow/.local/lib/python3.12/site-packages/airflow/example_dags/example_display_name.py
[2024-06-09T16:19:37.464+0000] {processor.py:830} INFO - Processing file /home/airflow/.local/lib/python3.12/site-packages/airflow/example_dags/example_display_name.py for tasks to queue
[2024-06-09T16:19:37.465+0000] {logging_mixin.py:188} INFO - [2024-06-09T16:19:37.465+0000] {dagbag.py:545} INFO - Filling up the DagBag from /home/airflow/.local/lib/python3.12/site-packages/airflow/example_dags/example_display_name.py
[2024-06-09T16:19:37.473+0000] {processor.py:840} INFO - DAG(s) 'example_display_name' retrieved from /home/airflow/.local/lib/python3.12/site-packages/airflow/example_dags/example_display_name.py
[2024-06-09T16:19:37.498+0000] {logging_mixin.py:188} INFO - [2024-06-09T16:19:37.498+0000] {dag.py:3096} INFO - Sync 1 DAGs
[2024-06-09T16:19:37.516+0000] {logging_mixin.py:188} INFO - [2024-06-09T16:19:37.515+0000] {dag.py:3954} INFO - Setting next_dagrun for example_display_name to None, run_after=None
[2024-06-09T16:19:37.588+0000] {processor.py:183} INFO - Processing /home/airflow/.local/lib/python3.12/site-packages/airflow/example_dags/example_display_name.py took 0.133 seconds
[2024-06-09T16:31:35.916+0000] {processor.py:161} INFO - Started process (PID=66042) to work on /home/airflow/.local/lib/python3.12/site-packages/airflow/example_dags/example_display_name.py
[2024-06-09T16:31:35.920+0000] {processor.py:830} INFO - Processing file /home/airflow/.local/lib/python3.12/site-packages/airflow/example_dags/example_display_name.py for tasks to queue
[2024-06-09T16:31:35.922+0000] {logging_mixin.py:188} INFO - [2024-06-09T16:31:35.922+0000] {dagbag.py:545} INFO - Filling up the DagBag from /home/airflow/.local/lib/python3.12/site-packages/airflow/example_dags/example_display_name.py
[2024-06-09T16:31:35.933+0000] {processor.py:840} INFO - DAG(s) 'example_display_name' retrieved from /home/airflow/.local/lib/python3.12/site-packages/airflow/example_dags/example_display_name.py
[2024-06-09T16:31:35.963+0000] {logging_mixin.py:188} INFO - [2024-06-09T16:31:35.963+0000] {dag.py:3096} INFO - Sync 1 DAGs
[2024-06-09T16:31:35.981+0000] {logging_mixin.py:188} INFO - [2024-06-09T16:31:35.981+0000] {dag.py:3954} INFO - Setting next_dagrun for example_display_name to None, run_after=None
[2024-06-09T16:31:36.009+0000] {processor.py:183} INFO - Processing /home/airflow/.local/lib/python3.12/site-packages/airflow/example_dags/example_display_name.py took 0.102 seconds
[2024-06-09T18:21:13.759+0000] {processor.py:161} INFO - Started process (PID=66107) to work on /home/airflow/.local/lib/python3.12/site-packages/airflow/example_dags/example_display_name.py
[2024-06-09T18:21:13.761+0000] {processor.py:830} INFO - Processing file /home/airflow/.local/lib/python3.12/site-packages/airflow/example_dags/example_display_name.py for tasks to queue
[2024-06-09T18:21:13.762+0000] {logging_mixin.py:188} INFO - [2024-06-09T18:21:13.762+0000] {dagbag.py:545} INFO - Filling up the DagBag from /home/airflow/.local/lib/python3.12/site-packages/airflow/example_dags/example_display_name.py
[2024-06-09T18:21:13.772+0000] {processor.py:840} INFO - DAG(s) 'example_display_name' retrieved from /home/airflow/.local/lib/python3.12/site-packages/airflow/example_dags/example_display_name.py
[2024-06-09T18:21:13.805+0000] {logging_mixin.py:188} INFO - [2024-06-09T18:21:13.805+0000] {dag.py:3096} INFO - Sync 1 DAGs
[2024-06-09T18:21:13.825+0000] {logging_mixin.py:188} INFO - [2024-06-09T18:21:13.824+0000] {dag.py:3954} INFO - Setting next_dagrun for example_display_name to None, run_after=None
[2024-06-09T18:21:13.857+0000] {processor.py:183} INFO - Processing /home/airflow/.local/lib/python3.12/site-packages/airflow/example_dags/example_display_name.py took 0.107 seconds
[2024-06-09T19:22:11.258+0000] {processor.py:161} INFO - Started process (PID=66146) to work on /home/airflow/.local/lib/python3.12/site-packages/airflow/example_dags/example_display_name.py
[2024-06-09T19:22:11.260+0000] {processor.py:830} INFO - Processing file /home/airflow/.local/lib/python3.12/site-packages/airflow/example_dags/example_display_name.py for tasks to queue
[2024-06-09T19:22:11.262+0000] {logging_mixin.py:188} INFO - [2024-06-09T19:22:11.262+0000] {dagbag.py:545} INFO - Filling up the DagBag from /home/airflow/.local/lib/python3.12/site-packages/airflow/example_dags/example_display_name.py
[2024-06-09T19:22:11.273+0000] {processor.py:840} INFO - DAG(s) 'example_display_name' retrieved from /home/airflow/.local/lib/python3.12/site-packages/airflow/example_dags/example_display_name.py
[2024-06-09T19:22:11.312+0000] {logging_mixin.py:188} INFO - [2024-06-09T19:22:11.312+0000] {dag.py:3096} INFO - Sync 1 DAGs
[2024-06-09T19:22:11.342+0000] {logging_mixin.py:188} INFO - [2024-06-09T19:22:11.342+0000] {dag.py:3954} INFO - Setting next_dagrun for example_display_name to None, run_after=None
[2024-06-09T19:22:11.379+0000] {processor.py:183} INFO - Processing /home/airflow/.local/lib/python3.12/site-packages/airflow/example_dags/example_display_name.py took 0.133 seconds
[2024-06-09T19:31:25.783+0000] {processor.py:161} INFO - Started process (PID=66206) to work on /home/airflow/.local/lib/python3.12/site-packages/airflow/example_dags/example_display_name.py
[2024-06-09T19:31:25.784+0000] {processor.py:830} INFO - Processing file /home/airflow/.local/lib/python3.12/site-packages/airflow/example_dags/example_display_name.py for tasks to queue
[2024-06-09T19:31:25.786+0000] {logging_mixin.py:188} INFO - [2024-06-09T19:31:25.785+0000] {dagbag.py:545} INFO - Filling up the DagBag from /home/airflow/.local/lib/python3.12/site-packages/airflow/example_dags/example_display_name.py
[2024-06-09T19:31:25.795+0000] {processor.py:840} INFO - DAG(s) 'example_display_name' retrieved from /home/airflow/.local/lib/python3.12/site-packages/airflow/example_dags/example_display_name.py
[2024-06-09T19:31:25.829+0000] {logging_mixin.py:188} INFO - [2024-06-09T19:31:25.829+0000] {dag.py:3096} INFO - Sync 1 DAGs
[2024-06-09T19:31:25.853+0000] {logging_mixin.py:188} INFO - [2024-06-09T19:31:25.853+0000] {dag.py:3954} INFO - Setting next_dagrun for example_display_name to None, run_after=None
[2024-06-09T19:31:25.894+0000] {processor.py:183} INFO - Processing /home/airflow/.local/lib/python3.12/site-packages/airflow/example_dags/example_display_name.py took 0.123 seconds
[2024-06-09T19:32:05.511+0000] {processor.py:161} INFO - Started process (PID=66265) to work on /home/airflow/.local/lib/python3.12/site-packages/airflow/example_dags/example_display_name.py
[2024-06-09T19:32:05.527+0000] {processor.py:830} INFO - Processing file /home/airflow/.local/lib/python3.12/site-packages/airflow/example_dags/example_display_name.py for tasks to queue
[2024-06-09T19:32:05.555+0000] {logging_mixin.py:188} INFO - [2024-06-09T19:32:05.542+0000] {dagbag.py:545} INFO - Filling up the DagBag from /home/airflow/.local/lib/python3.12/site-packages/airflow/example_dags/example_display_name.py
[2024-06-09T19:32:05.751+0000] {processor.py:840} INFO - DAG(s) 'example_display_name' retrieved from /home/airflow/.local/lib/python3.12/site-packages/airflow/example_dags/example_display_name.py
[2024-06-09T19:32:06.182+0000] {logging_mixin.py:188} INFO - [2024-06-09T19:32:06.179+0000] {dag.py:3096} INFO - Sync 1 DAGs
[2024-06-09T19:32:06.525+0000] {logging_mixin.py:188} INFO - [2024-06-09T19:32:06.521+0000] {dag.py:3954} INFO - Setting next_dagrun for example_display_name to None, run_after=None
[2024-06-09T19:32:06.994+0000] {processor.py:183} INFO - Processing /home/airflow/.local/lib/python3.12/site-packages/airflow/example_dags/example_display_name.py took 1.624 seconds
[2024-06-09T20:23:13.100+0000] {processor.py:161} INFO - Started process (PID=66285) to work on /home/airflow/.local/lib/python3.12/site-packages/airflow/example_dags/example_display_name.py
[2024-06-09T20:23:13.106+0000] {processor.py:830} INFO - Processing file /home/airflow/.local/lib/python3.12/site-packages/airflow/example_dags/example_display_name.py for tasks to queue
[2024-06-09T20:23:13.112+0000] {logging_mixin.py:188} INFO - [2024-06-09T20:23:13.111+0000] {dagbag.py:545} INFO - Filling up the DagBag from /home/airflow/.local/lib/python3.12/site-packages/airflow/example_dags/example_display_name.py
[2024-06-09T20:23:13.127+0000] {processor.py:840} INFO - DAG(s) 'example_display_name' retrieved from /home/airflow/.local/lib/python3.12/site-packages/airflow/example_dags/example_display_name.py
[2024-06-09T20:23:13.729+0000] {logging_mixin.py:188} INFO - [2024-06-09T20:23:13.728+0000] {dag.py:3096} INFO - Sync 1 DAGs
[2024-06-09T20:23:13.813+0000] {logging_mixin.py:188} INFO - [2024-06-09T20:23:13.813+0000] {dag.py:3954} INFO - Setting next_dagrun for example_display_name to None, run_after=None
[2024-06-09T20:23:13.929+0000] {processor.py:183} INFO - Processing /home/airflow/.local/lib/python3.12/site-packages/airflow/example_dags/example_display_name.py took 0.841 seconds
