[2024-06-09T03:05:35.681+0000] {processor.py:161} INFO - Started process (PID=64862) to work on /home/airflow/.local/lib/python3.12/site-packages/airflow/example_dags/example_local_kubernetes_executor.py
[2024-06-09T03:05:35.683+0000] {processor.py:830} INFO - Processing file /home/airflow/.local/lib/python3.12/site-packages/airflow/example_dags/example_local_kubernetes_executor.py for tasks to queue
[2024-06-09T03:05:35.684+0000] {logging_mixin.py:188} INFO - [2024-06-09T03:05:35.684+0000] {dagbag.py:545} INFO - Filling up the DagBag from /home/airflow/.local/lib/python3.12/site-packages/airflow/example_dags/example_local_kubernetes_executor.py
[2024-06-09T03:05:35.694+0000] {processor.py:840} INFO - DAG(s) 'example_local_kubernetes_executor' retrieved from /home/airflow/.local/lib/python3.12/site-packages/airflow/example_dags/example_local_kubernetes_executor.py
[2024-06-09T03:05:35.737+0000] {logging_mixin.py:188} INFO - [2024-06-09T03:05:35.737+0000] {dag.py:3096} INFO - Sync 1 DAGs
[2024-06-09T03:05:35.755+0000] {logging_mixin.py:188} INFO - [2024-06-09T03:05:35.755+0000] {dag.py:3954} INFO - Setting next_dagrun for example_local_kubernetes_executor to None, run_after=None
[2024-06-09T03:05:35.779+0000] {processor.py:183} INFO - Processing /home/airflow/.local/lib/python3.12/site-packages/airflow/example_dags/example_local_kubernetes_executor.py took 0.106 seconds
[2024-06-09T04:06:37.467+0000] {processor.py:161} INFO - Started process (PID=64922) to work on /home/airflow/.local/lib/python3.12/site-packages/airflow/example_dags/example_local_kubernetes_executor.py
[2024-06-09T04:06:37.469+0000] {processor.py:830} INFO - Processing file /home/airflow/.local/lib/python3.12/site-packages/airflow/example_dags/example_local_kubernetes_executor.py for tasks to queue
[2024-06-09T04:06:37.472+0000] {logging_mixin.py:188} INFO - [2024-06-09T04:06:37.471+0000] {dagbag.py:545} INFO - Filling up the DagBag from /home/airflow/.local/lib/python3.12/site-packages/airflow/example_dags/example_local_kubernetes_executor.py
[2024-06-09T04:06:37.494+0000] {processor.py:840} INFO - DAG(s) 'example_local_kubernetes_executor' retrieved from /home/airflow/.local/lib/python3.12/site-packages/airflow/example_dags/example_local_kubernetes_executor.py
[2024-06-09T04:06:37.598+0000] {logging_mixin.py:188} INFO - [2024-06-09T04:06:37.597+0000] {dag.py:3096} INFO - Sync 1 DAGs
[2024-06-09T04:06:37.629+0000] {logging_mixin.py:188} INFO - [2024-06-09T04:06:37.628+0000] {dag.py:3954} INFO - Setting next_dagrun for example_local_kubernetes_executor to None, run_after=None
[2024-06-09T04:06:37.685+0000] {processor.py:183} INFO - Processing /home/airflow/.local/lib/python3.12/site-packages/airflow/example_dags/example_local_kubernetes_executor.py took 0.230 seconds
[2024-06-09T04:07:07.719+0000] {processor.py:161} INFO - Started process (PID=64982) to work on /home/airflow/.local/lib/python3.12/site-packages/airflow/example_dags/example_local_kubernetes_executor.py
[2024-06-09T04:07:07.721+0000] {processor.py:830} INFO - Processing file /home/airflow/.local/lib/python3.12/site-packages/airflow/example_dags/example_local_kubernetes_executor.py for tasks to queue
[2024-06-09T04:07:07.722+0000] {logging_mixin.py:188} INFO - [2024-06-09T04:07:07.721+0000] {dagbag.py:545} INFO - Filling up the DagBag from /home/airflow/.local/lib/python3.12/site-packages/airflow/example_dags/example_local_kubernetes_executor.py
[2024-06-09T04:07:07.731+0000] {processor.py:840} INFO - DAG(s) 'example_local_kubernetes_executor' retrieved from /home/airflow/.local/lib/python3.12/site-packages/airflow/example_dags/example_local_kubernetes_executor.py
[2024-06-09T04:07:07.776+0000] {logging_mixin.py:188} INFO - [2024-06-09T04:07:07.775+0000] {dag.py:3096} INFO - Sync 1 DAGs
[2024-06-09T04:07:07.792+0000] {logging_mixin.py:188} INFO - [2024-06-09T04:07:07.792+0000] {dag.py:3954} INFO - Setting next_dagrun for example_local_kubernetes_executor to None, run_after=None
[2024-06-09T04:07:07.816+0000] {processor.py:183} INFO - Processing /home/airflow/.local/lib/python3.12/site-packages/airflow/example_dags/example_local_kubernetes_executor.py took 0.104 seconds
[2024-06-09T06:07:54.887+0000] {processor.py:161} INFO - Started process (PID=65042) to work on /home/airflow/.local/lib/python3.12/site-packages/airflow/example_dags/example_local_kubernetes_executor.py
[2024-06-09T06:07:54.889+0000] {processor.py:830} INFO - Processing file /home/airflow/.local/lib/python3.12/site-packages/airflow/example_dags/example_local_kubernetes_executor.py for tasks to queue
[2024-06-09T06:07:54.891+0000] {logging_mixin.py:188} INFO - [2024-06-09T06:07:54.890+0000] {dagbag.py:545} INFO - Filling up the DagBag from /home/airflow/.local/lib/python3.12/site-packages/airflow/example_dags/example_local_kubernetes_executor.py
[2024-06-09T06:07:54.903+0000] {processor.py:840} INFO - DAG(s) 'example_local_kubernetes_executor' retrieved from /home/airflow/.local/lib/python3.12/site-packages/airflow/example_dags/example_local_kubernetes_executor.py
[2024-06-09T06:07:54.956+0000] {logging_mixin.py:188} INFO - [2024-06-09T06:07:54.956+0000] {dag.py:3096} INFO - Sync 1 DAGs
[2024-06-09T06:07:54.972+0000] {logging_mixin.py:188} INFO - [2024-06-09T06:07:54.972+0000] {dag.py:3954} INFO - Setting next_dagrun for example_local_kubernetes_executor to None, run_after=None
[2024-06-09T06:07:54.997+0000] {processor.py:183} INFO - Processing /home/airflow/.local/lib/python3.12/site-packages/airflow/example_dags/example_local_kubernetes_executor.py took 0.121 seconds
[2024-06-09T06:08:35.090+0000] {processor.py:161} INFO - Started process (PID=65102) to work on /home/airflow/.local/lib/python3.12/site-packages/airflow/example_dags/example_local_kubernetes_executor.py
[2024-06-09T06:08:35.092+0000] {processor.py:830} INFO - Processing file /home/airflow/.local/lib/python3.12/site-packages/airflow/example_dags/example_local_kubernetes_executor.py for tasks to queue
[2024-06-09T06:08:35.094+0000] {logging_mixin.py:188} INFO - [2024-06-09T06:08:35.093+0000] {dagbag.py:545} INFO - Filling up the DagBag from /home/airflow/.local/lib/python3.12/site-packages/airflow/example_dags/example_local_kubernetes_executor.py
[2024-06-09T06:08:35.111+0000] {processor.py:840} INFO - DAG(s) 'example_local_kubernetes_executor' retrieved from /home/airflow/.local/lib/python3.12/site-packages/airflow/example_dags/example_local_kubernetes_executor.py
[2024-06-09T06:08:35.176+0000] {logging_mixin.py:188} INFO - [2024-06-09T06:08:35.176+0000] {dag.py:3096} INFO - Sync 1 DAGs
[2024-06-09T06:08:35.199+0000] {logging_mixin.py:188} INFO - [2024-06-09T06:08:35.198+0000] {dag.py:3954} INFO - Setting next_dagrun for example_local_kubernetes_executor to None, run_after=None
[2024-06-09T06:08:35.225+0000] {processor.py:183} INFO - Processing /home/airflow/.local/lib/python3.12/site-packages/airflow/example_dags/example_local_kubernetes_executor.py took 0.146 seconds
[2024-06-09T07:09:19.829+0000] {processor.py:161} INFO - Started process (PID=65156) to work on /home/airflow/.local/lib/python3.12/site-packages/airflow/example_dags/example_local_kubernetes_executor.py
[2024-06-09T07:09:19.830+0000] {processor.py:830} INFO - Processing file /home/airflow/.local/lib/python3.12/site-packages/airflow/example_dags/example_local_kubernetes_executor.py for tasks to queue
[2024-06-09T07:09:19.832+0000] {logging_mixin.py:188} INFO - [2024-06-09T07:09:19.831+0000] {dagbag.py:545} INFO - Filling up the DagBag from /home/airflow/.local/lib/python3.12/site-packages/airflow/example_dags/example_local_kubernetes_executor.py
[2024-06-09T07:09:19.841+0000] {processor.py:840} INFO - DAG(s) 'example_local_kubernetes_executor' retrieved from /home/airflow/.local/lib/python3.12/site-packages/airflow/example_dags/example_local_kubernetes_executor.py
[2024-06-09T07:09:19.885+0000] {logging_mixin.py:188} INFO - [2024-06-09T07:09:19.884+0000] {dag.py:3096} INFO - Sync 1 DAGs
[2024-06-09T07:09:19.901+0000] {logging_mixin.py:188} INFO - [2024-06-09T07:09:19.901+0000] {dag.py:3954} INFO - Setting next_dagrun for example_local_kubernetes_executor to None, run_after=None
[2024-06-09T07:09:19.924+0000] {processor.py:183} INFO - Processing /home/airflow/.local/lib/python3.12/site-packages/airflow/example_dags/example_local_kubernetes_executor.py took 0.103 seconds
[2024-06-09T08:10:19.343+0000] {processor.py:161} INFO - Started process (PID=65216) to work on /home/airflow/.local/lib/python3.12/site-packages/airflow/example_dags/example_local_kubernetes_executor.py
[2024-06-09T08:10:19.345+0000] {processor.py:830} INFO - Processing file /home/airflow/.local/lib/python3.12/site-packages/airflow/example_dags/example_local_kubernetes_executor.py for tasks to queue
[2024-06-09T08:10:19.346+0000] {logging_mixin.py:188} INFO - [2024-06-09T08:10:19.346+0000] {dagbag.py:545} INFO - Filling up the DagBag from /home/airflow/.local/lib/python3.12/site-packages/airflow/example_dags/example_local_kubernetes_executor.py
[2024-06-09T08:10:19.358+0000] {processor.py:840} INFO - DAG(s) 'example_local_kubernetes_executor' retrieved from /home/airflow/.local/lib/python3.12/site-packages/airflow/example_dags/example_local_kubernetes_executor.py
[2024-06-09T08:10:19.410+0000] {logging_mixin.py:188} INFO - [2024-06-09T08:10:19.410+0000] {dag.py:3096} INFO - Sync 1 DAGs
[2024-06-09T08:10:19.427+0000] {logging_mixin.py:188} INFO - [2024-06-09T08:10:19.426+0000] {dag.py:3954} INFO - Setting next_dagrun for example_local_kubernetes_executor to None, run_after=None
[2024-06-09T08:10:19.451+0000] {processor.py:183} INFO - Processing /home/airflow/.local/lib/python3.12/site-packages/airflow/example_dags/example_local_kubernetes_executor.py took 0.117 seconds
[2024-06-09T09:11:16.604+0000] {processor.py:161} INFO - Started process (PID=65282) to work on /home/airflow/.local/lib/python3.12/site-packages/airflow/example_dags/example_local_kubernetes_executor.py
[2024-06-09T09:11:16.606+0000] {processor.py:830} INFO - Processing file /home/airflow/.local/lib/python3.12/site-packages/airflow/example_dags/example_local_kubernetes_executor.py for tasks to queue
[2024-06-09T09:11:16.608+0000] {logging_mixin.py:188} INFO - [2024-06-09T09:11:16.607+0000] {dagbag.py:545} INFO - Filling up the DagBag from /home/airflow/.local/lib/python3.12/site-packages/airflow/example_dags/example_local_kubernetes_executor.py
[2024-06-09T09:11:16.626+0000] {processor.py:840} INFO - DAG(s) 'example_local_kubernetes_executor' retrieved from /home/airflow/.local/lib/python3.12/site-packages/airflow/example_dags/example_local_kubernetes_executor.py
[2024-06-09T09:11:16.707+0000] {logging_mixin.py:188} INFO - [2024-06-09T09:11:16.706+0000] {dag.py:3096} INFO - Sync 1 DAGs
[2024-06-09T09:11:16.732+0000] {logging_mixin.py:188} INFO - [2024-06-09T09:11:16.731+0000] {dag.py:3954} INFO - Setting next_dagrun for example_local_kubernetes_executor to None, run_after=None
[2024-06-09T09:11:16.768+0000] {processor.py:183} INFO - Processing /home/airflow/.local/lib/python3.12/site-packages/airflow/example_dags/example_local_kubernetes_executor.py took 0.177 seconds
[2024-06-09T09:11:54.967+0000] {processor.py:161} INFO - Started process (PID=65342) to work on /home/airflow/.local/lib/python3.12/site-packages/airflow/example_dags/example_local_kubernetes_executor.py
[2024-06-09T09:11:54.970+0000] {processor.py:830} INFO - Processing file /home/airflow/.local/lib/python3.12/site-packages/airflow/example_dags/example_local_kubernetes_executor.py for tasks to queue
[2024-06-09T09:11:54.974+0000] {logging_mixin.py:188} INFO - [2024-06-09T09:11:54.973+0000] {dagbag.py:545} INFO - Filling up the DagBag from /home/airflow/.local/lib/python3.12/site-packages/airflow/example_dags/example_local_kubernetes_executor.py
[2024-06-09T09:11:54.993+0000] {processor.py:840} INFO - DAG(s) 'example_local_kubernetes_executor' retrieved from /home/airflow/.local/lib/python3.12/site-packages/airflow/example_dags/example_local_kubernetes_executor.py
[2024-06-09T09:11:55.070+0000] {logging_mixin.py:188} INFO - [2024-06-09T09:11:55.070+0000] {dag.py:3096} INFO - Sync 1 DAGs
[2024-06-09T09:11:55.100+0000] {logging_mixin.py:188} INFO - [2024-06-09T09:11:55.100+0000] {dag.py:3954} INFO - Setting next_dagrun for example_local_kubernetes_executor to None, run_after=None
[2024-06-09T09:11:55.150+0000] {processor.py:183} INFO - Processing /home/airflow/.local/lib/python3.12/site-packages/airflow/example_dags/example_local_kubernetes_executor.py took 0.195 seconds
[2024-06-09T10:12:46.795+0000] {processor.py:161} INFO - Started process (PID=65396) to work on /home/airflow/.local/lib/python3.12/site-packages/airflow/example_dags/example_local_kubernetes_executor.py
[2024-06-09T10:12:46.796+0000] {processor.py:830} INFO - Processing file /home/airflow/.local/lib/python3.12/site-packages/airflow/example_dags/example_local_kubernetes_executor.py for tasks to queue
[2024-06-09T10:12:46.798+0000] {logging_mixin.py:188} INFO - [2024-06-09T10:12:46.797+0000] {dagbag.py:545} INFO - Filling up the DagBag from /home/airflow/.local/lib/python3.12/site-packages/airflow/example_dags/example_local_kubernetes_executor.py
[2024-06-09T10:12:46.808+0000] {processor.py:840} INFO - DAG(s) 'example_local_kubernetes_executor' retrieved from /home/airflow/.local/lib/python3.12/site-packages/airflow/example_dags/example_local_kubernetes_executor.py
[2024-06-09T10:12:46.855+0000] {logging_mixin.py:188} INFO - [2024-06-09T10:12:46.855+0000] {dag.py:3096} INFO - Sync 1 DAGs
[2024-06-09T10:12:46.874+0000] {logging_mixin.py:188} INFO - [2024-06-09T10:12:46.873+0000] {dag.py:3954} INFO - Setting next_dagrun for example_local_kubernetes_executor to None, run_after=None
[2024-06-09T10:12:46.908+0000] {processor.py:183} INFO - Processing /home/airflow/.local/lib/python3.12/site-packages/airflow/example_dags/example_local_kubernetes_executor.py took 0.120 seconds
[2024-06-09T11:13:44.334+0000] {processor.py:161} INFO - Started process (PID=65456) to work on /home/airflow/.local/lib/python3.12/site-packages/airflow/example_dags/example_local_kubernetes_executor.py
[2024-06-09T11:13:44.336+0000] {processor.py:830} INFO - Processing file /home/airflow/.local/lib/python3.12/site-packages/airflow/example_dags/example_local_kubernetes_executor.py for tasks to queue
[2024-06-09T11:13:44.339+0000] {logging_mixin.py:188} INFO - [2024-06-09T11:13:44.338+0000] {dagbag.py:545} INFO - Filling up the DagBag from /home/airflow/.local/lib/python3.12/site-packages/airflow/example_dags/example_local_kubernetes_executor.py
[2024-06-09T11:13:44.352+0000] {processor.py:840} INFO - DAG(s) 'example_local_kubernetes_executor' retrieved from /home/airflow/.local/lib/python3.12/site-packages/airflow/example_dags/example_local_kubernetes_executor.py
[2024-06-09T11:13:44.405+0000] {logging_mixin.py:188} INFO - [2024-06-09T11:13:44.405+0000] {dag.py:3096} INFO - Sync 1 DAGs
[2024-06-09T11:13:44.424+0000] {logging_mixin.py:188} INFO - [2024-06-09T11:13:44.423+0000] {dag.py:3954} INFO - Setting next_dagrun for example_local_kubernetes_executor to None, run_after=None
[2024-06-09T11:13:44.449+0000] {processor.py:183} INFO - Processing /home/airflow/.local/lib/python3.12/site-packages/airflow/example_dags/example_local_kubernetes_executor.py took 0.126 seconds
[2024-06-09T11:18:35.121+0000] {processor.py:161} INFO - Started process (PID=65521) to work on /home/airflow/.local/lib/python3.12/site-packages/airflow/example_dags/example_local_kubernetes_executor.py
[2024-06-09T11:18:35.123+0000] {processor.py:830} INFO - Processing file /home/airflow/.local/lib/python3.12/site-packages/airflow/example_dags/example_local_kubernetes_executor.py for tasks to queue
[2024-06-09T11:18:35.124+0000] {logging_mixin.py:188} INFO - [2024-06-09T11:18:35.124+0000] {dagbag.py:545} INFO - Filling up the DagBag from /home/airflow/.local/lib/python3.12/site-packages/airflow/example_dags/example_local_kubernetes_executor.py
[2024-06-09T11:18:35.140+0000] {processor.py:840} INFO - DAG(s) 'example_local_kubernetes_executor' retrieved from /home/airflow/.local/lib/python3.12/site-packages/airflow/example_dags/example_local_kubernetes_executor.py
[2024-06-09T11:18:35.194+0000] {logging_mixin.py:188} INFO - [2024-06-09T11:18:35.193+0000] {dag.py:3096} INFO - Sync 1 DAGs
[2024-06-09T11:18:35.210+0000] {logging_mixin.py:188} INFO - [2024-06-09T11:18:35.210+0000] {dag.py:3954} INFO - Setting next_dagrun for example_local_kubernetes_executor to None, run_after=None
[2024-06-09T11:18:35.234+0000] {processor.py:183} INFO - Processing /home/airflow/.local/lib/python3.12/site-packages/airflow/example_dags/example_local_kubernetes_executor.py took 0.122 seconds
[2024-06-09T11:19:05.330+0000] {processor.py:161} INFO - Started process (PID=65581) to work on /home/airflow/.local/lib/python3.12/site-packages/airflow/example_dags/example_local_kubernetes_executor.py
[2024-06-09T11:19:05.331+0000] {processor.py:830} INFO - Processing file /home/airflow/.local/lib/python3.12/site-packages/airflow/example_dags/example_local_kubernetes_executor.py for tasks to queue
[2024-06-09T11:19:05.333+0000] {logging_mixin.py:188} INFO - [2024-06-09T11:19:05.332+0000] {dagbag.py:545} INFO - Filling up the DagBag from /home/airflow/.local/lib/python3.12/site-packages/airflow/example_dags/example_local_kubernetes_executor.py
[2024-06-09T11:19:05.343+0000] {processor.py:840} INFO - DAG(s) 'example_local_kubernetes_executor' retrieved from /home/airflow/.local/lib/python3.12/site-packages/airflow/example_dags/example_local_kubernetes_executor.py
[2024-06-09T11:19:05.389+0000] {logging_mixin.py:188} INFO - [2024-06-09T11:19:05.389+0000] {dag.py:3096} INFO - Sync 1 DAGs
[2024-06-09T11:19:05.405+0000] {logging_mixin.py:188} INFO - [2024-06-09T11:19:05.405+0000] {dag.py:3954} INFO - Setting next_dagrun for example_local_kubernetes_executor to None, run_after=None
[2024-06-09T11:19:05.428+0000] {processor.py:183} INFO - Processing /home/airflow/.local/lib/python3.12/site-packages/airflow/example_dags/example_local_kubernetes_executor.py took 0.106 seconds
[2024-06-09T12:14:50.067+0000] {processor.py:161} INFO - Started process (PID=65641) to work on /home/airflow/.local/lib/python3.12/site-packages/airflow/example_dags/example_local_kubernetes_executor.py
[2024-06-09T12:14:50.068+0000] {processor.py:830} INFO - Processing file /home/airflow/.local/lib/python3.12/site-packages/airflow/example_dags/example_local_kubernetes_executor.py for tasks to queue
[2024-06-09T12:14:50.070+0000] {logging_mixin.py:188} INFO - [2024-06-09T12:14:50.070+0000] {dagbag.py:545} INFO - Filling up the DagBag from /home/airflow/.local/lib/python3.12/site-packages/airflow/example_dags/example_local_kubernetes_executor.py
[2024-06-09T12:14:50.087+0000] {processor.py:840} INFO - DAG(s) 'example_local_kubernetes_executor' retrieved from /home/airflow/.local/lib/python3.12/site-packages/airflow/example_dags/example_local_kubernetes_executor.py
[2024-06-09T12:14:50.163+0000] {logging_mixin.py:188} INFO - [2024-06-09T12:14:50.162+0000] {dag.py:3096} INFO - Sync 1 DAGs
[2024-06-09T12:14:50.198+0000] {logging_mixin.py:188} INFO - [2024-06-09T12:14:50.197+0000] {dag.py:3954} INFO - Setting next_dagrun for example_local_kubernetes_executor to None, run_after=None
[2024-06-09T12:14:50.242+0000] {processor.py:183} INFO - Processing /home/airflow/.local/lib/python3.12/site-packages/airflow/example_dags/example_local_kubernetes_executor.py took 0.186 seconds
[2024-06-09T13:15:48.230+0000] {processor.py:161} INFO - Started process (PID=65695) to work on /home/airflow/.local/lib/python3.12/site-packages/airflow/example_dags/example_local_kubernetes_executor.py
[2024-06-09T13:15:48.232+0000] {processor.py:830} INFO - Processing file /home/airflow/.local/lib/python3.12/site-packages/airflow/example_dags/example_local_kubernetes_executor.py for tasks to queue
[2024-06-09T13:15:48.234+0000] {logging_mixin.py:188} INFO - [2024-06-09T13:15:48.233+0000] {dagbag.py:545} INFO - Filling up the DagBag from /home/airflow/.local/lib/python3.12/site-packages/airflow/example_dags/example_local_kubernetes_executor.py
[2024-06-09T13:15:48.255+0000] {processor.py:840} INFO - DAG(s) 'example_local_kubernetes_executor' retrieved from /home/airflow/.local/lib/python3.12/site-packages/airflow/example_dags/example_local_kubernetes_executor.py
[2024-06-09T13:15:48.365+0000] {logging_mixin.py:188} INFO - [2024-06-09T13:15:48.365+0000] {dag.py:3096} INFO - Sync 1 DAGs
[2024-06-09T13:15:48.396+0000] {logging_mixin.py:188} INFO - [2024-06-09T13:15:48.395+0000] {dag.py:3954} INFO - Setting next_dagrun for example_local_kubernetes_executor to None, run_after=None
[2024-06-09T13:15:48.437+0000] {processor.py:183} INFO - Processing /home/airflow/.local/lib/python3.12/site-packages/airflow/example_dags/example_local_kubernetes_executor.py took 0.222 seconds
[2024-06-09T13:16:29.011+0000] {processor.py:161} INFO - Started process (PID=65761) to work on /home/airflow/.local/lib/python3.12/site-packages/airflow/example_dags/example_local_kubernetes_executor.py
[2024-06-09T13:16:29.013+0000] {processor.py:830} INFO - Processing file /home/airflow/.local/lib/python3.12/site-packages/airflow/example_dags/example_local_kubernetes_executor.py for tasks to queue
[2024-06-09T13:16:29.015+0000] {logging_mixin.py:188} INFO - [2024-06-09T13:16:29.015+0000] {dagbag.py:545} INFO - Filling up the DagBag from /home/airflow/.local/lib/python3.12/site-packages/airflow/example_dags/example_local_kubernetes_executor.py
[2024-06-09T13:16:29.034+0000] {processor.py:840} INFO - DAG(s) 'example_local_kubernetes_executor' retrieved from /home/airflow/.local/lib/python3.12/site-packages/airflow/example_dags/example_local_kubernetes_executor.py
[2024-06-09T13:16:29.116+0000] {logging_mixin.py:188} INFO - [2024-06-09T13:16:29.116+0000] {dag.py:3096} INFO - Sync 1 DAGs
[2024-06-09T13:16:29.145+0000] {logging_mixin.py:188} INFO - [2024-06-09T13:16:29.145+0000] {dag.py:3954} INFO - Setting next_dagrun for example_local_kubernetes_executor to None, run_after=None
[2024-06-09T13:16:29.184+0000] {processor.py:183} INFO - Processing /home/airflow/.local/lib/python3.12/site-packages/airflow/example_dags/example_local_kubernetes_executor.py took 0.184 seconds
[2024-06-09T14:17:12.715+0000] {processor.py:161} INFO - Started process (PID=65815) to work on /home/airflow/.local/lib/python3.12/site-packages/airflow/example_dags/example_local_kubernetes_executor.py
[2024-06-09T14:17:12.717+0000] {processor.py:830} INFO - Processing file /home/airflow/.local/lib/python3.12/site-packages/airflow/example_dags/example_local_kubernetes_executor.py for tasks to queue
[2024-06-09T14:17:12.718+0000] {logging_mixin.py:188} INFO - [2024-06-09T14:17:12.718+0000] {dagbag.py:545} INFO - Filling up the DagBag from /home/airflow/.local/lib/python3.12/site-packages/airflow/example_dags/example_local_kubernetes_executor.py
[2024-06-09T14:17:12.728+0000] {processor.py:840} INFO - DAG(s) 'example_local_kubernetes_executor' retrieved from /home/airflow/.local/lib/python3.12/site-packages/airflow/example_dags/example_local_kubernetes_executor.py
[2024-06-09T14:17:12.776+0000] {logging_mixin.py:188} INFO - [2024-06-09T14:17:12.776+0000] {dag.py:3096} INFO - Sync 1 DAGs
[2024-06-09T14:17:12.792+0000] {logging_mixin.py:188} INFO - [2024-06-09T14:17:12.792+0000] {dag.py:3954} INFO - Setting next_dagrun for example_local_kubernetes_executor to None, run_after=None
[2024-06-09T14:17:12.815+0000] {processor.py:183} INFO - Processing /home/airflow/.local/lib/python3.12/site-packages/airflow/example_dags/example_local_kubernetes_executor.py took 0.108 seconds
[2024-06-09T15:18:11.963+0000] {processor.py:161} INFO - Started process (PID=65875) to work on /home/airflow/.local/lib/python3.12/site-packages/airflow/example_dags/example_local_kubernetes_executor.py
[2024-06-09T15:18:11.966+0000] {processor.py:830} INFO - Processing file /home/airflow/.local/lib/python3.12/site-packages/airflow/example_dags/example_local_kubernetes_executor.py for tasks to queue
[2024-06-09T15:18:11.967+0000] {logging_mixin.py:188} INFO - [2024-06-09T15:18:11.967+0000] {dagbag.py:545} INFO - Filling up the DagBag from /home/airflow/.local/lib/python3.12/site-packages/airflow/example_dags/example_local_kubernetes_executor.py
[2024-06-09T15:18:11.981+0000] {processor.py:840} INFO - DAG(s) 'example_local_kubernetes_executor' retrieved from /home/airflow/.local/lib/python3.12/site-packages/airflow/example_dags/example_local_kubernetes_executor.py
[2024-06-09T15:18:12.040+0000] {logging_mixin.py:188} INFO - [2024-06-09T15:18:12.039+0000] {dag.py:3096} INFO - Sync 1 DAGs
[2024-06-09T15:18:12.066+0000] {logging_mixin.py:188} INFO - [2024-06-09T15:18:12.065+0000] {dag.py:3954} INFO - Setting next_dagrun for example_local_kubernetes_executor to None, run_after=None
[2024-06-09T15:18:12.093+0000] {processor.py:183} INFO - Processing /home/airflow/.local/lib/python3.12/site-packages/airflow/example_dags/example_local_kubernetes_executor.py took 0.139 seconds
[2024-06-09T15:18:46.414+0000] {processor.py:161} INFO - Started process (PID=65935) to work on /home/airflow/.local/lib/python3.12/site-packages/airflow/example_dags/example_local_kubernetes_executor.py
[2024-06-09T15:18:46.416+0000] {processor.py:830} INFO - Processing file /home/airflow/.local/lib/python3.12/site-packages/airflow/example_dags/example_local_kubernetes_executor.py for tasks to queue
[2024-06-09T15:18:46.418+0000] {logging_mixin.py:188} INFO - [2024-06-09T15:18:46.418+0000] {dagbag.py:545} INFO - Filling up the DagBag from /home/airflow/.local/lib/python3.12/site-packages/airflow/example_dags/example_local_kubernetes_executor.py
[2024-06-09T15:18:46.437+0000] {processor.py:840} INFO - DAG(s) 'example_local_kubernetes_executor' retrieved from /home/airflow/.local/lib/python3.12/site-packages/airflow/example_dags/example_local_kubernetes_executor.py
[2024-06-09T15:18:46.518+0000] {logging_mixin.py:188} INFO - [2024-06-09T15:18:46.518+0000] {dag.py:3096} INFO - Sync 1 DAGs
[2024-06-09T15:18:46.549+0000] {logging_mixin.py:188} INFO - [2024-06-09T15:18:46.548+0000] {dag.py:3954} INFO - Setting next_dagrun for example_local_kubernetes_executor to None, run_after=None
[2024-06-09T15:18:46.590+0000] {processor.py:183} INFO - Processing /home/airflow/.local/lib/python3.12/site-packages/airflow/example_dags/example_local_kubernetes_executor.py took 0.187 seconds
[2024-06-09T16:19:38.513+0000] {processor.py:161} INFO - Started process (PID=65989) to work on /home/airflow/.local/lib/python3.12/site-packages/airflow/example_dags/example_local_kubernetes_executor.py
[2024-06-09T16:19:38.514+0000] {processor.py:830} INFO - Processing file /home/airflow/.local/lib/python3.12/site-packages/airflow/example_dags/example_local_kubernetes_executor.py for tasks to queue
[2024-06-09T16:19:38.516+0000] {logging_mixin.py:188} INFO - [2024-06-09T16:19:38.515+0000] {dagbag.py:545} INFO - Filling up the DagBag from /home/airflow/.local/lib/python3.12/site-packages/airflow/example_dags/example_local_kubernetes_executor.py
[2024-06-09T16:19:38.525+0000] {processor.py:840} INFO - DAG(s) 'example_local_kubernetes_executor' retrieved from /home/airflow/.local/lib/python3.12/site-packages/airflow/example_dags/example_local_kubernetes_executor.py
[2024-06-09T16:19:38.569+0000] {logging_mixin.py:188} INFO - [2024-06-09T16:19:38.569+0000] {dag.py:3096} INFO - Sync 1 DAGs
[2024-06-09T16:19:38.587+0000] {logging_mixin.py:188} INFO - [2024-06-09T16:19:38.587+0000] {dag.py:3954} INFO - Setting next_dagrun for example_local_kubernetes_executor to None, run_after=None
[2024-06-09T16:19:38.613+0000] {processor.py:183} INFO - Processing /home/airflow/.local/lib/python3.12/site-packages/airflow/example_dags/example_local_kubernetes_executor.py took 0.108 seconds
[2024-06-09T16:31:38.530+0000] {processor.py:161} INFO - Started process (PID=66055) to work on /home/airflow/.local/lib/python3.12/site-packages/airflow/example_dags/example_local_kubernetes_executor.py
[2024-06-09T16:31:38.532+0000] {processor.py:830} INFO - Processing file /home/airflow/.local/lib/python3.12/site-packages/airflow/example_dags/example_local_kubernetes_executor.py for tasks to queue
[2024-06-09T16:31:38.534+0000] {logging_mixin.py:188} INFO - [2024-06-09T16:31:38.534+0000] {dagbag.py:545} INFO - Filling up the DagBag from /home/airflow/.local/lib/python3.12/site-packages/airflow/example_dags/example_local_kubernetes_executor.py
[2024-06-09T16:31:38.545+0000] {processor.py:840} INFO - DAG(s) 'example_local_kubernetes_executor' retrieved from /home/airflow/.local/lib/python3.12/site-packages/airflow/example_dags/example_local_kubernetes_executor.py
[2024-06-09T16:31:39.060+0000] {logging_mixin.py:188} INFO - [2024-06-09T16:31:39.056+0000] {dag.py:3096} INFO - Sync 1 DAGs
[2024-06-09T16:31:39.413+0000] {logging_mixin.py:188} INFO - [2024-06-09T16:31:39.411+0000] {dag.py:3954} INFO - Setting next_dagrun for example_local_kubernetes_executor to None, run_after=None
[2024-06-09T16:31:40.673+0000] {processor.py:183} INFO - Processing /home/airflow/.local/lib/python3.12/site-packages/airflow/example_dags/example_local_kubernetes_executor.py took 2.151 seconds
[2024-06-09T18:21:15.416+0000] {processor.py:161} INFO - Started process (PID=66120) to work on /home/airflow/.local/lib/python3.12/site-packages/airflow/example_dags/example_local_kubernetes_executor.py
[2024-06-09T18:21:15.419+0000] {processor.py:830} INFO - Processing file /home/airflow/.local/lib/python3.12/site-packages/airflow/example_dags/example_local_kubernetes_executor.py for tasks to queue
[2024-06-09T18:21:15.423+0000] {logging_mixin.py:188} INFO - [2024-06-09T18:21:15.422+0000] {dagbag.py:545} INFO - Filling up the DagBag from /home/airflow/.local/lib/python3.12/site-packages/airflow/example_dags/example_local_kubernetes_executor.py
[2024-06-09T18:21:15.438+0000] {processor.py:840} INFO - DAG(s) 'example_local_kubernetes_executor' retrieved from /home/airflow/.local/lib/python3.12/site-packages/airflow/example_dags/example_local_kubernetes_executor.py
[2024-06-09T18:21:15.520+0000] {logging_mixin.py:188} INFO - [2024-06-09T18:21:15.520+0000] {dag.py:3096} INFO - Sync 1 DAGs
[2024-06-09T18:21:15.564+0000] {logging_mixin.py:188} INFO - [2024-06-09T18:21:15.564+0000] {dag.py:3954} INFO - Setting next_dagrun for example_local_kubernetes_executor to None, run_after=None
[2024-06-09T18:21:15.619+0000] {processor.py:183} INFO - Processing /home/airflow/.local/lib/python3.12/site-packages/airflow/example_dags/example_local_kubernetes_executor.py took 0.215 seconds
[2024-06-09T19:22:12.624+0000] {processor.py:161} INFO - Started process (PID=66159) to work on /home/airflow/.local/lib/python3.12/site-packages/airflow/example_dags/example_local_kubernetes_executor.py
[2024-06-09T19:22:12.626+0000] {processor.py:830} INFO - Processing file /home/airflow/.local/lib/python3.12/site-packages/airflow/example_dags/example_local_kubernetes_executor.py for tasks to queue
[2024-06-09T19:22:12.627+0000] {logging_mixin.py:188} INFO - [2024-06-09T19:22:12.627+0000] {dagbag.py:545} INFO - Filling up the DagBag from /home/airflow/.local/lib/python3.12/site-packages/airflow/example_dags/example_local_kubernetes_executor.py
[2024-06-09T19:22:12.640+0000] {processor.py:840} INFO - DAG(s) 'example_local_kubernetes_executor' retrieved from /home/airflow/.local/lib/python3.12/site-packages/airflow/example_dags/example_local_kubernetes_executor.py
[2024-06-09T19:22:12.696+0000] {logging_mixin.py:188} INFO - [2024-06-09T19:22:12.696+0000] {dag.py:3096} INFO - Sync 1 DAGs
[2024-06-09T19:22:12.717+0000] {logging_mixin.py:188} INFO - [2024-06-09T19:22:12.717+0000] {dag.py:3954} INFO - Setting next_dagrun for example_local_kubernetes_executor to None, run_after=None
[2024-06-09T19:22:12.749+0000] {processor.py:183} INFO - Processing /home/airflow/.local/lib/python3.12/site-packages/airflow/example_dags/example_local_kubernetes_executor.py took 0.136 seconds
[2024-06-09T19:31:26.993+0000] {processor.py:161} INFO - Started process (PID=66219) to work on /home/airflow/.local/lib/python3.12/site-packages/airflow/example_dags/example_local_kubernetes_executor.py
[2024-06-09T19:31:26.995+0000] {processor.py:830} INFO - Processing file /home/airflow/.local/lib/python3.12/site-packages/airflow/example_dags/example_local_kubernetes_executor.py for tasks to queue
[2024-06-09T19:31:26.996+0000] {logging_mixin.py:188} INFO - [2024-06-09T19:31:26.996+0000] {dagbag.py:545} INFO - Filling up the DagBag from /home/airflow/.local/lib/python3.12/site-packages/airflow/example_dags/example_local_kubernetes_executor.py
[2024-06-09T19:31:27.008+0000] {processor.py:840} INFO - DAG(s) 'example_local_kubernetes_executor' retrieved from /home/airflow/.local/lib/python3.12/site-packages/airflow/example_dags/example_local_kubernetes_executor.py
[2024-06-09T19:31:27.055+0000] {logging_mixin.py:188} INFO - [2024-06-09T19:31:27.054+0000] {dag.py:3096} INFO - Sync 1 DAGs
[2024-06-09T19:31:27.071+0000] {logging_mixin.py:188} INFO - [2024-06-09T19:31:27.070+0000] {dag.py:3954} INFO - Setting next_dagrun for example_local_kubernetes_executor to None, run_after=None
[2024-06-09T19:31:27.096+0000] {processor.py:183} INFO - Processing /home/airflow/.local/lib/python3.12/site-packages/airflow/example_dags/example_local_kubernetes_executor.py took 0.113 seconds
[2024-06-09T20:23:15.691+0000] {processor.py:161} INFO - Started process (PID=66298) to work on /home/airflow/.local/lib/python3.12/site-packages/airflow/example_dags/example_local_kubernetes_executor.py
[2024-06-09T20:23:15.693+0000] {processor.py:830} INFO - Processing file /home/airflow/.local/lib/python3.12/site-packages/airflow/example_dags/example_local_kubernetes_executor.py for tasks to queue
[2024-06-09T20:23:15.695+0000] {logging_mixin.py:188} INFO - [2024-06-09T20:23:15.694+0000] {dagbag.py:545} INFO - Filling up the DagBag from /home/airflow/.local/lib/python3.12/site-packages/airflow/example_dags/example_local_kubernetes_executor.py
[2024-06-09T20:23:15.708+0000] {processor.py:840} INFO - DAG(s) 'example_local_kubernetes_executor' retrieved from /home/airflow/.local/lib/python3.12/site-packages/airflow/example_dags/example_local_kubernetes_executor.py
[2024-06-09T20:23:15.768+0000] {logging_mixin.py:188} INFO - [2024-06-09T20:23:15.767+0000] {dag.py:3096} INFO - Sync 1 DAGs
[2024-06-09T20:23:15.798+0000] {logging_mixin.py:188} INFO - [2024-06-09T20:23:15.797+0000] {dag.py:3954} INFO - Setting next_dagrun for example_local_kubernetes_executor to None, run_after=None
[2024-06-09T20:23:15.834+0000] {processor.py:183} INFO - Processing /home/airflow/.local/lib/python3.12/site-packages/airflow/example_dags/example_local_kubernetes_executor.py took 0.155 seconds
