[2024-06-09T03:05:36.619+0000] {processor.py:161} INFO - Started process (PID=64876) to work on /home/airflow/.local/lib/python3.12/site-packages/airflow/example_dags/example_branch_labels.py
[2024-06-09T03:05:36.620+0000] {processor.py:830} INFO - Processing file /home/airflow/.local/lib/python3.12/site-packages/airflow/example_dags/example_branch_labels.py for tasks to queue
[2024-06-09T03:05:36.622+0000] {logging_mixin.py:188} INFO - [2024-06-09T03:05:36.621+0000] {dagbag.py:545} INFO - Filling up the DagBag from /home/airflow/.local/lib/python3.12/site-packages/airflow/example_dags/example_branch_labels.py
[2024-06-09T03:05:36.634+0000] {processor.py:840} INFO - DAG(s) 'example_branch_labels' retrieved from /home/airflow/.local/lib/python3.12/site-packages/airflow/example_dags/example_branch_labels.py
[2024-06-09T03:05:36.667+0000] {logging_mixin.py:188} INFO - [2024-06-09T03:05:36.666+0000] {dag.py:3096} INFO - Sync 1 DAGs
[2024-06-09T03:05:36.697+0000] {logging_mixin.py:188} INFO - [2024-06-09T03:05:36.696+0000] {dag.py:3954} INFO - Setting next_dagrun for example_branch_labels to 2024-06-08 00:00:00+00:00, run_after=2024-06-09 00:00:00+00:00
[2024-06-09T03:05:36.723+0000] {processor.py:183} INFO - Processing /home/airflow/.local/lib/python3.12/site-packages/airflow/example_dags/example_branch_labels.py took 0.115 seconds
[2024-06-09T04:06:38.971+0000] {processor.py:161} INFO - Started process (PID=64936) to work on /home/airflow/.local/lib/python3.12/site-packages/airflow/example_dags/example_branch_labels.py
[2024-06-09T04:06:38.973+0000] {processor.py:830} INFO - Processing file /home/airflow/.local/lib/python3.12/site-packages/airflow/example_dags/example_branch_labels.py for tasks to queue
[2024-06-09T04:06:38.976+0000] {logging_mixin.py:188} INFO - [2024-06-09T04:06:38.975+0000] {dagbag.py:545} INFO - Filling up the DagBag from /home/airflow/.local/lib/python3.12/site-packages/airflow/example_dags/example_branch_labels.py
[2024-06-09T04:06:39.000+0000] {processor.py:840} INFO - DAG(s) 'example_branch_labels' retrieved from /home/airflow/.local/lib/python3.12/site-packages/airflow/example_dags/example_branch_labels.py
[2024-06-09T04:06:39.066+0000] {logging_mixin.py:188} INFO - [2024-06-09T04:06:39.065+0000] {dag.py:3096} INFO - Sync 1 DAGs
[2024-06-09T04:06:39.124+0000] {logging_mixin.py:188} INFO - [2024-06-09T04:06:39.123+0000] {dag.py:3954} INFO - Setting next_dagrun for example_branch_labels to 2024-06-08 00:00:00+00:00, run_after=2024-06-09 00:00:00+00:00
[2024-06-09T04:06:39.161+0000] {processor.py:183} INFO - Processing /home/airflow/.local/lib/python3.12/site-packages/airflow/example_dags/example_branch_labels.py took 0.200 seconds
[2024-06-09T04:07:09.998+0000] {processor.py:161} INFO - Started process (PID=64996) to work on /home/airflow/.local/lib/python3.12/site-packages/airflow/example_dags/example_branch_labels.py
[2024-06-09T04:07:10.000+0000] {processor.py:830} INFO - Processing file /home/airflow/.local/lib/python3.12/site-packages/airflow/example_dags/example_branch_labels.py for tasks to queue
[2024-06-09T04:07:10.002+0000] {logging_mixin.py:188} INFO - [2024-06-09T04:07:10.001+0000] {dagbag.py:545} INFO - Filling up the DagBag from /home/airflow/.local/lib/python3.12/site-packages/airflow/example_dags/example_branch_labels.py
[2024-06-09T04:07:10.013+0000] {processor.py:840} INFO - DAG(s) 'example_branch_labels' retrieved from /home/airflow/.local/lib/python3.12/site-packages/airflow/example_dags/example_branch_labels.py
[2024-06-09T04:07:10.050+0000] {logging_mixin.py:188} INFO - [2024-06-09T04:07:10.049+0000] {dag.py:3096} INFO - Sync 1 DAGs
[2024-06-09T04:07:10.092+0000] {logging_mixin.py:188} INFO - [2024-06-09T04:07:10.091+0000] {dag.py:3954} INFO - Setting next_dagrun for example_branch_labels to 2024-06-08 00:00:00+00:00, run_after=2024-06-09 00:00:00+00:00
[2024-06-09T04:07:10.123+0000] {processor.py:183} INFO - Processing /home/airflow/.local/lib/python3.12/site-packages/airflow/example_dags/example_branch_labels.py took 0.134 seconds
[2024-06-09T06:07:55.807+0000] {processor.py:161} INFO - Started process (PID=65056) to work on /home/airflow/.local/lib/python3.12/site-packages/airflow/example_dags/example_branch_labels.py
[2024-06-09T06:07:55.809+0000] {processor.py:830} INFO - Processing file /home/airflow/.local/lib/python3.12/site-packages/airflow/example_dags/example_branch_labels.py for tasks to queue
[2024-06-09T06:07:55.811+0000] {logging_mixin.py:188} INFO - [2024-06-09T06:07:55.810+0000] {dagbag.py:545} INFO - Filling up the DagBag from /home/airflow/.local/lib/python3.12/site-packages/airflow/example_dags/example_branch_labels.py
[2024-06-09T06:07:55.820+0000] {processor.py:840} INFO - DAG(s) 'example_branch_labels' retrieved from /home/airflow/.local/lib/python3.12/site-packages/airflow/example_dags/example_branch_labels.py
[2024-06-09T06:07:55.849+0000] {logging_mixin.py:188} INFO - [2024-06-09T06:07:55.849+0000] {dag.py:3096} INFO - Sync 1 DAGs
[2024-06-09T06:07:55.880+0000] {logging_mixin.py:188} INFO - [2024-06-09T06:07:55.879+0000] {dag.py:3954} INFO - Setting next_dagrun for example_branch_labels to 2024-06-08 00:00:00+00:00, run_after=2024-06-09 00:00:00+00:00
[2024-06-09T06:07:55.906+0000] {processor.py:183} INFO - Processing /home/airflow/.local/lib/python3.12/site-packages/airflow/example_dags/example_branch_labels.py took 0.107 seconds
[2024-06-09T06:08:36.726+0000] {processor.py:161} INFO - Started process (PID=65116) to work on /home/airflow/.local/lib/python3.12/site-packages/airflow/example_dags/example_branch_labels.py
[2024-06-09T06:08:36.728+0000] {processor.py:830} INFO - Processing file /home/airflow/.local/lib/python3.12/site-packages/airflow/example_dags/example_branch_labels.py for tasks to queue
[2024-06-09T06:08:36.730+0000] {logging_mixin.py:188} INFO - [2024-06-09T06:08:36.730+0000] {dagbag.py:545} INFO - Filling up the DagBag from /home/airflow/.local/lib/python3.12/site-packages/airflow/example_dags/example_branch_labels.py
[2024-06-09T06:08:36.762+0000] {processor.py:840} INFO - DAG(s) 'example_branch_labels' retrieved from /home/airflow/.local/lib/python3.12/site-packages/airflow/example_dags/example_branch_labels.py
[2024-06-09T06:08:36.843+0000] {logging_mixin.py:188} INFO - [2024-06-09T06:08:36.842+0000] {dag.py:3096} INFO - Sync 1 DAGs
[2024-06-09T06:08:36.902+0000] {logging_mixin.py:188} INFO - [2024-06-09T06:08:36.901+0000] {dag.py:3954} INFO - Setting next_dagrun for example_branch_labels to 2024-06-08 00:00:00+00:00, run_after=2024-06-09 00:00:00+00:00
[2024-06-09T06:08:36.958+0000] {processor.py:183} INFO - Processing /home/airflow/.local/lib/python3.12/site-packages/airflow/example_dags/example_branch_labels.py took 0.246 seconds
[2024-06-09T07:09:20.723+0000] {processor.py:161} INFO - Started process (PID=65170) to work on /home/airflow/.local/lib/python3.12/site-packages/airflow/example_dags/example_branch_labels.py
[2024-06-09T07:09:20.725+0000] {processor.py:830} INFO - Processing file /home/airflow/.local/lib/python3.12/site-packages/airflow/example_dags/example_branch_labels.py for tasks to queue
[2024-06-09T07:09:20.726+0000] {logging_mixin.py:188} INFO - [2024-06-09T07:09:20.726+0000] {dagbag.py:545} INFO - Filling up the DagBag from /home/airflow/.local/lib/python3.12/site-packages/airflow/example_dags/example_branch_labels.py
[2024-06-09T07:09:20.736+0000] {processor.py:840} INFO - DAG(s) 'example_branch_labels' retrieved from /home/airflow/.local/lib/python3.12/site-packages/airflow/example_dags/example_branch_labels.py
[2024-06-09T07:09:20.764+0000] {logging_mixin.py:188} INFO - [2024-06-09T07:09:20.763+0000] {dag.py:3096} INFO - Sync 1 DAGs
[2024-06-09T07:09:20.793+0000] {logging_mixin.py:188} INFO - [2024-06-09T07:09:20.793+0000] {dag.py:3954} INFO - Setting next_dagrun for example_branch_labels to 2024-06-08 00:00:00+00:00, run_after=2024-06-09 00:00:00+00:00
[2024-06-09T07:09:20.818+0000] {processor.py:183} INFO - Processing /home/airflow/.local/lib/python3.12/site-packages/airflow/example_dags/example_branch_labels.py took 0.102 seconds
[2024-06-09T08:10:20.264+0000] {processor.py:161} INFO - Started process (PID=65230) to work on /home/airflow/.local/lib/python3.12/site-packages/airflow/example_dags/example_branch_labels.py
[2024-06-09T08:10:20.266+0000] {processor.py:830} INFO - Processing file /home/airflow/.local/lib/python3.12/site-packages/airflow/example_dags/example_branch_labels.py for tasks to queue
[2024-06-09T08:10:20.268+0000] {logging_mixin.py:188} INFO - [2024-06-09T08:10:20.267+0000] {dagbag.py:545} INFO - Filling up the DagBag from /home/airflow/.local/lib/python3.12/site-packages/airflow/example_dags/example_branch_labels.py
[2024-06-09T08:10:20.280+0000] {processor.py:840} INFO - DAG(s) 'example_branch_labels' retrieved from /home/airflow/.local/lib/python3.12/site-packages/airflow/example_dags/example_branch_labels.py
[2024-06-09T08:10:20.310+0000] {logging_mixin.py:188} INFO - [2024-06-09T08:10:20.309+0000] {dag.py:3096} INFO - Sync 1 DAGs
[2024-06-09T08:10:20.341+0000] {logging_mixin.py:188} INFO - [2024-06-09T08:10:20.340+0000] {dag.py:3954} INFO - Setting next_dagrun for example_branch_labels to 2024-06-08 00:00:00+00:00, run_after=2024-06-09 00:00:00+00:00
[2024-06-09T08:10:20.368+0000] {processor.py:183} INFO - Processing /home/airflow/.local/lib/python3.12/site-packages/airflow/example_dags/example_branch_labels.py took 0.114 seconds
[2024-06-09T09:11:17.871+0000] {processor.py:161} INFO - Started process (PID=65296) to work on /home/airflow/.local/lib/python3.12/site-packages/airflow/example_dags/example_branch_labels.py
[2024-06-09T09:11:17.873+0000] {processor.py:830} INFO - Processing file /home/airflow/.local/lib/python3.12/site-packages/airflow/example_dags/example_branch_labels.py for tasks to queue
[2024-06-09T09:11:17.875+0000] {logging_mixin.py:188} INFO - [2024-06-09T09:11:17.874+0000] {dagbag.py:545} INFO - Filling up the DagBag from /home/airflow/.local/lib/python3.12/site-packages/airflow/example_dags/example_branch_labels.py
[2024-06-09T09:11:17.889+0000] {processor.py:840} INFO - DAG(s) 'example_branch_labels' retrieved from /home/airflow/.local/lib/python3.12/site-packages/airflow/example_dags/example_branch_labels.py
[2024-06-09T09:11:17.920+0000] {logging_mixin.py:188} INFO - [2024-06-09T09:11:17.920+0000] {dag.py:3096} INFO - Sync 1 DAGs
[2024-06-09T09:11:17.951+0000] {logging_mixin.py:188} INFO - [2024-06-09T09:11:17.951+0000] {dag.py:3954} INFO - Setting next_dagrun for example_branch_labels to 2024-06-08 00:00:00+00:00, run_after=2024-06-09 00:00:00+00:00
[2024-06-09T09:11:17.975+0000] {processor.py:183} INFO - Processing /home/airflow/.local/lib/python3.12/site-packages/airflow/example_dags/example_branch_labels.py took 0.115 seconds
[2024-06-09T09:11:56.846+0000] {processor.py:161} INFO - Started process (PID=65356) to work on /home/airflow/.local/lib/python3.12/site-packages/airflow/example_dags/example_branch_labels.py
[2024-06-09T09:11:56.849+0000] {processor.py:830} INFO - Processing file /home/airflow/.local/lib/python3.12/site-packages/airflow/example_dags/example_branch_labels.py for tasks to queue
[2024-06-09T09:11:56.855+0000] {logging_mixin.py:188} INFO - [2024-06-09T09:11:56.854+0000] {dagbag.py:545} INFO - Filling up the DagBag from /home/airflow/.local/lib/python3.12/site-packages/airflow/example_dags/example_branch_labels.py
[2024-06-09T09:11:56.870+0000] {processor.py:840} INFO - DAG(s) 'example_branch_labels' retrieved from /home/airflow/.local/lib/python3.12/site-packages/airflow/example_dags/example_branch_labels.py
[2024-06-09T09:11:56.921+0000] {logging_mixin.py:188} INFO - [2024-06-09T09:11:56.921+0000] {dag.py:3096} INFO - Sync 1 DAGs
[2024-06-09T09:11:56.984+0000] {logging_mixin.py:188} INFO - [2024-06-09T09:11:56.983+0000] {dag.py:3954} INFO - Setting next_dagrun for example_branch_labels to 2024-06-08 00:00:00+00:00, run_after=2024-06-09 00:00:00+00:00
[2024-06-09T09:11:57.033+0000] {processor.py:183} INFO - Processing /home/airflow/.local/lib/python3.12/site-packages/airflow/example_dags/example_branch_labels.py took 0.199 seconds
[2024-06-09T10:12:47.821+0000] {processor.py:161} INFO - Started process (PID=65416) to work on /home/airflow/.local/lib/python3.12/site-packages/airflow/example_dags/example_branch_labels.py
[2024-06-09T10:12:47.823+0000] {processor.py:830} INFO - Processing file /home/airflow/.local/lib/python3.12/site-packages/airflow/example_dags/example_branch_labels.py for tasks to queue
[2024-06-09T10:12:47.825+0000] {logging_mixin.py:188} INFO - [2024-06-09T10:12:47.825+0000] {dagbag.py:545} INFO - Filling up the DagBag from /home/airflow/.local/lib/python3.12/site-packages/airflow/example_dags/example_branch_labels.py
[2024-06-09T10:12:47.841+0000] {processor.py:840} INFO - DAG(s) 'example_branch_labels' retrieved from /home/airflow/.local/lib/python3.12/site-packages/airflow/example_dags/example_branch_labels.py
[2024-06-09T10:12:47.874+0000] {logging_mixin.py:188} INFO - [2024-06-09T10:12:47.873+0000] {dag.py:3096} INFO - Sync 1 DAGs
[2024-06-09T10:12:47.905+0000] {logging_mixin.py:188} INFO - [2024-06-09T10:12:47.905+0000] {dag.py:3954} INFO - Setting next_dagrun for example_branch_labels to 2024-06-08 00:00:00+00:00, run_after=2024-06-09 00:00:00+00:00
[2024-06-09T10:12:47.928+0000] {processor.py:183} INFO - Processing /home/airflow/.local/lib/python3.12/site-packages/airflow/example_dags/example_branch_labels.py took 0.117 seconds
[2024-06-09T11:13:45.272+0000] {processor.py:161} INFO - Started process (PID=65476) to work on /home/airflow/.local/lib/python3.12/site-packages/airflow/example_dags/example_branch_labels.py
[2024-06-09T11:13:45.273+0000] {processor.py:830} INFO - Processing file /home/airflow/.local/lib/python3.12/site-packages/airflow/example_dags/example_branch_labels.py for tasks to queue
[2024-06-09T11:13:45.275+0000] {logging_mixin.py:188} INFO - [2024-06-09T11:13:45.274+0000] {dagbag.py:545} INFO - Filling up the DagBag from /home/airflow/.local/lib/python3.12/site-packages/airflow/example_dags/example_branch_labels.py
[2024-06-09T11:13:45.285+0000] {processor.py:840} INFO - DAG(s) 'example_branch_labels' retrieved from /home/airflow/.local/lib/python3.12/site-packages/airflow/example_dags/example_branch_labels.py
[2024-06-09T11:13:45.314+0000] {logging_mixin.py:188} INFO - [2024-06-09T11:13:45.313+0000] {dag.py:3096} INFO - Sync 1 DAGs
[2024-06-09T11:13:45.352+0000] {logging_mixin.py:188} INFO - [2024-06-09T11:13:45.352+0000] {dag.py:3954} INFO - Setting next_dagrun for example_branch_labels to 2024-06-08 00:00:00+00:00, run_after=2024-06-09 00:00:00+00:00
[2024-06-09T11:13:45.399+0000] {processor.py:183} INFO - Processing /home/airflow/.local/lib/python3.12/site-packages/airflow/example_dags/example_branch_labels.py took 0.134 seconds
[2024-06-09T11:18:36.087+0000] {processor.py:161} INFO - Started process (PID=65535) to work on /home/airflow/.local/lib/python3.12/site-packages/airflow/example_dags/example_branch_labels.py
[2024-06-09T11:18:36.088+0000] {processor.py:830} INFO - Processing file /home/airflow/.local/lib/python3.12/site-packages/airflow/example_dags/example_branch_labels.py for tasks to queue
[2024-06-09T11:18:36.091+0000] {logging_mixin.py:188} INFO - [2024-06-09T11:18:36.090+0000] {dagbag.py:545} INFO - Filling up the DagBag from /home/airflow/.local/lib/python3.12/site-packages/airflow/example_dags/example_branch_labels.py
[2024-06-09T11:18:36.102+0000] {processor.py:840} INFO - DAG(s) 'example_branch_labels' retrieved from /home/airflow/.local/lib/python3.12/site-packages/airflow/example_dags/example_branch_labels.py
[2024-06-09T11:18:36.132+0000] {logging_mixin.py:188} INFO - [2024-06-09T11:18:36.132+0000] {dag.py:3096} INFO - Sync 1 DAGs
[2024-06-09T11:18:36.161+0000] {logging_mixin.py:188} INFO - [2024-06-09T11:18:36.161+0000] {dag.py:3954} INFO - Setting next_dagrun for example_branch_labels to 2024-06-08 00:00:00+00:00, run_after=2024-06-09 00:00:00+00:00
[2024-06-09T11:18:36.186+0000] {processor.py:183} INFO - Processing /home/airflow/.local/lib/python3.12/site-packages/airflow/example_dags/example_branch_labels.py took 0.108 seconds
[2024-06-09T11:19:06.220+0000] {processor.py:161} INFO - Started process (PID=65595) to work on /home/airflow/.local/lib/python3.12/site-packages/airflow/example_dags/example_branch_labels.py
[2024-06-09T11:19:06.222+0000] {processor.py:830} INFO - Processing file /home/airflow/.local/lib/python3.12/site-packages/airflow/example_dags/example_branch_labels.py for tasks to queue
[2024-06-09T11:19:06.223+0000] {logging_mixin.py:188} INFO - [2024-06-09T11:19:06.223+0000] {dagbag.py:545} INFO - Filling up the DagBag from /home/airflow/.local/lib/python3.12/site-packages/airflow/example_dags/example_branch_labels.py
[2024-06-09T11:19:06.234+0000] {processor.py:840} INFO - DAG(s) 'example_branch_labels' retrieved from /home/airflow/.local/lib/python3.12/site-packages/airflow/example_dags/example_branch_labels.py
[2024-06-09T11:19:06.261+0000] {logging_mixin.py:188} INFO - [2024-06-09T11:19:06.261+0000] {dag.py:3096} INFO - Sync 1 DAGs
[2024-06-09T11:19:06.291+0000] {logging_mixin.py:188} INFO - [2024-06-09T11:19:06.291+0000] {dag.py:3954} INFO - Setting next_dagrun for example_branch_labels to 2024-06-08 00:00:00+00:00, run_after=2024-06-09 00:00:00+00:00
[2024-06-09T11:19:06.314+0000] {processor.py:183} INFO - Processing /home/airflow/.local/lib/python3.12/site-packages/airflow/example_dags/example_branch_labels.py took 0.102 seconds
[2024-06-09T12:14:51.412+0000] {processor.py:161} INFO - Started process (PID=65655) to work on /home/airflow/.local/lib/python3.12/site-packages/airflow/example_dags/example_branch_labels.py
[2024-06-09T12:14:51.414+0000] {processor.py:830} INFO - Processing file /home/airflow/.local/lib/python3.12/site-packages/airflow/example_dags/example_branch_labels.py for tasks to queue
[2024-06-09T12:14:51.416+0000] {logging_mixin.py:188} INFO - [2024-06-09T12:14:51.415+0000] {dagbag.py:545} INFO - Filling up the DagBag from /home/airflow/.local/lib/python3.12/site-packages/airflow/example_dags/example_branch_labels.py
[2024-06-09T12:14:51.429+0000] {processor.py:840} INFO - DAG(s) 'example_branch_labels' retrieved from /home/airflow/.local/lib/python3.12/site-packages/airflow/example_dags/example_branch_labels.py
[2024-06-09T12:14:51.478+0000] {logging_mixin.py:188} INFO - [2024-06-09T12:14:51.477+0000] {dag.py:3096} INFO - Sync 1 DAGs
[2024-06-09T12:14:51.529+0000] {logging_mixin.py:188} INFO - [2024-06-09T12:14:51.529+0000] {dag.py:3954} INFO - Setting next_dagrun for example_branch_labels to 2024-06-08 00:00:00+00:00, run_after=2024-06-09 00:00:00+00:00
[2024-06-09T12:14:51.565+0000] {processor.py:183} INFO - Processing /home/airflow/.local/lib/python3.12/site-packages/airflow/example_dags/example_branch_labels.py took 0.163 seconds
[2024-06-09T13:15:50.324+0000] {processor.py:161} INFO - Started process (PID=65715) to work on /home/airflow/.local/lib/python3.12/site-packages/airflow/example_dags/example_branch_labels.py
[2024-06-09T13:15:50.326+0000] {processor.py:830} INFO - Processing file /home/airflow/.local/lib/python3.12/site-packages/airflow/example_dags/example_branch_labels.py for tasks to queue
[2024-06-09T13:15:50.327+0000] {logging_mixin.py:188} INFO - [2024-06-09T13:15:50.327+0000] {dagbag.py:545} INFO - Filling up the DagBag from /home/airflow/.local/lib/python3.12/site-packages/airflow/example_dags/example_branch_labels.py
[2024-06-09T13:15:50.337+0000] {processor.py:840} INFO - DAG(s) 'example_branch_labels' retrieved from /home/airflow/.local/lib/python3.12/site-packages/airflow/example_dags/example_branch_labels.py
[2024-06-09T13:15:50.365+0000] {logging_mixin.py:188} INFO - [2024-06-09T13:15:50.365+0000] {dag.py:3096} INFO - Sync 1 DAGs
[2024-06-09T13:15:50.396+0000] {logging_mixin.py:188} INFO - [2024-06-09T13:15:50.395+0000] {dag.py:3954} INFO - Setting next_dagrun for example_branch_labels to 2024-06-08 00:00:00+00:00, run_after=2024-06-09 00:00:00+00:00
[2024-06-09T13:15:50.420+0000] {processor.py:183} INFO - Processing /home/airflow/.local/lib/python3.12/site-packages/airflow/example_dags/example_branch_labels.py took 0.104 seconds
[2024-06-09T13:16:30.607+0000] {processor.py:161} INFO - Started process (PID=65775) to work on /home/airflow/.local/lib/python3.12/site-packages/airflow/example_dags/example_branch_labels.py
[2024-06-09T13:16:30.609+0000] {processor.py:830} INFO - Processing file /home/airflow/.local/lib/python3.12/site-packages/airflow/example_dags/example_branch_labels.py for tasks to queue
[2024-06-09T13:16:30.612+0000] {logging_mixin.py:188} INFO - [2024-06-09T13:16:30.611+0000] {dagbag.py:545} INFO - Filling up the DagBag from /home/airflow/.local/lib/python3.12/site-packages/airflow/example_dags/example_branch_labels.py
[2024-06-09T13:16:30.628+0000] {processor.py:840} INFO - DAG(s) 'example_branch_labels' retrieved from /home/airflow/.local/lib/python3.12/site-packages/airflow/example_dags/example_branch_labels.py
[2024-06-09T13:16:30.669+0000] {logging_mixin.py:188} INFO - [2024-06-09T13:16:30.669+0000] {dag.py:3096} INFO - Sync 1 DAGs
[2024-06-09T13:16:30.733+0000] {logging_mixin.py:188} INFO - [2024-06-09T13:16:30.733+0000] {dag.py:3954} INFO - Setting next_dagrun for example_branch_labels to 2024-06-08 00:00:00+00:00, run_after=2024-06-09 00:00:00+00:00
[2024-06-09T13:16:30.774+0000] {processor.py:183} INFO - Processing /home/airflow/.local/lib/python3.12/site-packages/airflow/example_dags/example_branch_labels.py took 0.177 seconds
[2024-06-09T14:17:13.637+0000] {processor.py:161} INFO - Started process (PID=65829) to work on /home/airflow/.local/lib/python3.12/site-packages/airflow/example_dags/example_branch_labels.py
[2024-06-09T14:17:13.638+0000] {processor.py:830} INFO - Processing file /home/airflow/.local/lib/python3.12/site-packages/airflow/example_dags/example_branch_labels.py for tasks to queue
[2024-06-09T14:17:13.639+0000] {logging_mixin.py:188} INFO - [2024-06-09T14:17:13.639+0000] {dagbag.py:545} INFO - Filling up the DagBag from /home/airflow/.local/lib/python3.12/site-packages/airflow/example_dags/example_branch_labels.py
[2024-06-09T14:17:13.649+0000] {processor.py:840} INFO - DAG(s) 'example_branch_labels' retrieved from /home/airflow/.local/lib/python3.12/site-packages/airflow/example_dags/example_branch_labels.py
[2024-06-09T14:17:13.679+0000] {logging_mixin.py:188} INFO - [2024-06-09T14:17:13.679+0000] {dag.py:3096} INFO - Sync 1 DAGs
[2024-06-09T14:17:13.708+0000] {logging_mixin.py:188} INFO - [2024-06-09T14:17:13.708+0000] {dag.py:3954} INFO - Setting next_dagrun for example_branch_labels to 2024-06-08 00:00:00+00:00, run_after=2024-06-09 00:00:00+00:00
[2024-06-09T14:17:13.733+0000] {processor.py:183} INFO - Processing /home/airflow/.local/lib/python3.12/site-packages/airflow/example_dags/example_branch_labels.py took 0.104 seconds
[2024-06-09T15:18:12.866+0000] {processor.py:161} INFO - Started process (PID=65889) to work on /home/airflow/.local/lib/python3.12/site-packages/airflow/example_dags/example_branch_labels.py
[2024-06-09T15:18:12.867+0000] {processor.py:830} INFO - Processing file /home/airflow/.local/lib/python3.12/site-packages/airflow/example_dags/example_branch_labels.py for tasks to queue
[2024-06-09T15:18:12.869+0000] {logging_mixin.py:188} INFO - [2024-06-09T15:18:12.868+0000] {dagbag.py:545} INFO - Filling up the DagBag from /home/airflow/.local/lib/python3.12/site-packages/airflow/example_dags/example_branch_labels.py
[2024-06-09T15:18:12.879+0000] {processor.py:840} INFO - DAG(s) 'example_branch_labels' retrieved from /home/airflow/.local/lib/python3.12/site-packages/airflow/example_dags/example_branch_labels.py
[2024-06-09T15:18:12.908+0000] {logging_mixin.py:188} INFO - [2024-06-09T15:18:12.907+0000] {dag.py:3096} INFO - Sync 1 DAGs
[2024-06-09T15:18:12.937+0000] {logging_mixin.py:188} INFO - [2024-06-09T15:18:12.937+0000] {dag.py:3954} INFO - Setting next_dagrun for example_branch_labels to 2024-06-08 00:00:00+00:00, run_after=2024-06-09 00:00:00+00:00
[2024-06-09T15:18:12.961+0000] {processor.py:183} INFO - Processing /home/airflow/.local/lib/python3.12/site-packages/airflow/example_dags/example_branch_labels.py took 0.102 seconds
[2024-06-09T15:18:48.522+0000] {processor.py:161} INFO - Started process (PID=65949) to work on /home/airflow/.local/lib/python3.12/site-packages/airflow/example_dags/example_branch_labels.py
[2024-06-09T15:18:48.525+0000] {processor.py:830} INFO - Processing file /home/airflow/.local/lib/python3.12/site-packages/airflow/example_dags/example_branch_labels.py for tasks to queue
[2024-06-09T15:18:48.527+0000] {logging_mixin.py:188} INFO - [2024-06-09T15:18:48.527+0000] {dagbag.py:545} INFO - Filling up the DagBag from /home/airflow/.local/lib/python3.12/site-packages/airflow/example_dags/example_branch_labels.py
[2024-06-09T15:18:48.544+0000] {processor.py:840} INFO - DAG(s) 'example_branch_labels' retrieved from /home/airflow/.local/lib/python3.12/site-packages/airflow/example_dags/example_branch_labels.py
[2024-06-09T15:18:48.594+0000] {logging_mixin.py:188} INFO - [2024-06-09T15:18:48.593+0000] {dag.py:3096} INFO - Sync 1 DAGs
[2024-06-09T15:18:48.683+0000] {logging_mixin.py:188} INFO - [2024-06-09T15:18:48.682+0000] {dag.py:3954} INFO - Setting next_dagrun for example_branch_labels to 2024-06-08 00:00:00+00:00, run_after=2024-06-09 00:00:00+00:00
[2024-06-09T15:18:48.735+0000] {processor.py:183} INFO - Processing /home/airflow/.local/lib/python3.12/site-packages/airflow/example_dags/example_branch_labels.py took 0.236 seconds
[2024-06-09T16:19:39.428+0000] {processor.py:161} INFO - Started process (PID=66009) to work on /home/airflow/.local/lib/python3.12/site-packages/airflow/example_dags/example_branch_labels.py
[2024-06-09T16:19:39.430+0000] {processor.py:830} INFO - Processing file /home/airflow/.local/lib/python3.12/site-packages/airflow/example_dags/example_branch_labels.py for tasks to queue
[2024-06-09T16:19:39.432+0000] {logging_mixin.py:188} INFO - [2024-06-09T16:19:39.431+0000] {dagbag.py:545} INFO - Filling up the DagBag from /home/airflow/.local/lib/python3.12/site-packages/airflow/example_dags/example_branch_labels.py
[2024-06-09T16:19:39.443+0000] {processor.py:840} INFO - DAG(s) 'example_branch_labels' retrieved from /home/airflow/.local/lib/python3.12/site-packages/airflow/example_dags/example_branch_labels.py
[2024-06-09T16:19:39.474+0000] {logging_mixin.py:188} INFO - [2024-06-09T16:19:39.474+0000] {dag.py:3096} INFO - Sync 1 DAGs
[2024-06-09T16:19:39.507+0000] {logging_mixin.py:188} INFO - [2024-06-09T16:19:39.507+0000] {dag.py:3954} INFO - Setting next_dagrun for example_branch_labels to 2024-06-08 00:00:00+00:00, run_after=2024-06-09 00:00:00+00:00
[2024-06-09T16:19:39.534+0000] {processor.py:183} INFO - Processing /home/airflow/.local/lib/python3.12/site-packages/airflow/example_dags/example_branch_labels.py took 0.116 seconds
[2024-06-09T18:21:10.331+0000] {processor.py:161} INFO - Started process (PID=66075) to work on /home/airflow/.local/lib/python3.12/site-packages/airflow/example_dags/example_branch_labels.py
[2024-06-09T18:21:10.442+0000] {processor.py:830} INFO - Processing file /home/airflow/.local/lib/python3.12/site-packages/airflow/example_dags/example_branch_labels.py for tasks to queue
[2024-06-09T18:21:10.468+0000] {logging_mixin.py:188} INFO - [2024-06-09T18:21:10.465+0000] {dagbag.py:545} INFO - Filling up the DagBag from /home/airflow/.local/lib/python3.12/site-packages/airflow/example_dags/example_branch_labels.py
[2024-06-09T18:21:10.602+0000] {processor.py:840} INFO - DAG(s) 'example_branch_labels' retrieved from /home/airflow/.local/lib/python3.12/site-packages/airflow/example_dags/example_branch_labels.py
[2024-06-09T18:21:10.725+0000] {logging_mixin.py:188} INFO - [2024-06-09T18:21:10.724+0000] {dag.py:3096} INFO - Sync 1 DAGs
[2024-06-09T19:22:14.881+0000] {processor.py:161} INFO - Started process (PID=66173) to work on /home/airflow/.local/lib/python3.12/site-packages/airflow/example_dags/example_branch_labels.py
[2024-06-09T19:22:14.883+0000] {processor.py:830} INFO - Processing file /home/airflow/.local/lib/python3.12/site-packages/airflow/example_dags/example_branch_labels.py for tasks to queue
[2024-06-09T19:22:14.885+0000] {logging_mixin.py:188} INFO - [2024-06-09T19:22:14.884+0000] {dagbag.py:545} INFO - Filling up the DagBag from /home/airflow/.local/lib/python3.12/site-packages/airflow/example_dags/example_branch_labels.py
[2024-06-09T19:22:14.899+0000] {processor.py:840} INFO - DAG(s) 'example_branch_labels' retrieved from /home/airflow/.local/lib/python3.12/site-packages/airflow/example_dags/example_branch_labels.py
[2024-06-09T19:22:15.073+0000] {logging_mixin.py:188} INFO - [2024-06-09T19:22:15.073+0000] {dag.py:3096} INFO - Sync 1 DAGs
[2024-06-09T19:22:15.098+0000] {logging_mixin.py:188} INFO - [2024-06-09T19:22:15.098+0000] {dag.py:3954} INFO - Setting next_dagrun for example_branch_labels to 2024-06-08 00:00:00+00:00, run_after=2024-06-09 00:00:00+00:00
[2024-06-09T19:22:15.123+0000] {processor.py:183} INFO - Processing /home/airflow/.local/lib/python3.12/site-packages/airflow/example_dags/example_branch_labels.py took 0.252 seconds
[2024-06-09T19:31:28.011+0000] {processor.py:161} INFO - Started process (PID=66233) to work on /home/airflow/.local/lib/python3.12/site-packages/airflow/example_dags/example_branch_labels.py
[2024-06-09T19:31:28.012+0000] {processor.py:830} INFO - Processing file /home/airflow/.local/lib/python3.12/site-packages/airflow/example_dags/example_branch_labels.py for tasks to queue
[2024-06-09T19:31:28.014+0000] {logging_mixin.py:188} INFO - [2024-06-09T19:31:28.014+0000] {dagbag.py:545} INFO - Filling up the DagBag from /home/airflow/.local/lib/python3.12/site-packages/airflow/example_dags/example_branch_labels.py
[2024-06-09T19:31:28.027+0000] {processor.py:840} INFO - DAG(s) 'example_branch_labels' retrieved from /home/airflow/.local/lib/python3.12/site-packages/airflow/example_dags/example_branch_labels.py
[2024-06-09T19:31:28.062+0000] {logging_mixin.py:188} INFO - [2024-06-09T19:31:28.062+0000] {dag.py:3096} INFO - Sync 1 DAGs
[2024-06-09T19:31:28.099+0000] {logging_mixin.py:188} INFO - [2024-06-09T19:31:28.099+0000] {dag.py:3954} INFO - Setting next_dagrun for example_branch_labels to 2024-06-08 00:00:00+00:00, run_after=2024-06-09 00:00:00+00:00
[2024-06-09T19:31:28.130+0000] {processor.py:183} INFO - Processing /home/airflow/.local/lib/python3.12/site-packages/airflow/example_dags/example_branch_labels.py took 0.129 seconds
[2024-06-09T20:23:16.893+0000] {processor.py:161} INFO - Started process (PID=66312) to work on /home/airflow/.local/lib/python3.12/site-packages/airflow/example_dags/example_branch_labels.py
[2024-06-09T20:23:16.896+0000] {processor.py:830} INFO - Processing file /home/airflow/.local/lib/python3.12/site-packages/airflow/example_dags/example_branch_labels.py for tasks to queue
[2024-06-09T20:23:16.898+0000] {logging_mixin.py:188} INFO - [2024-06-09T20:23:16.898+0000] {dagbag.py:545} INFO - Filling up the DagBag from /home/airflow/.local/lib/python3.12/site-packages/airflow/example_dags/example_branch_labels.py
[2024-06-09T20:23:16.913+0000] {processor.py:840} INFO - DAG(s) 'example_branch_labels' retrieved from /home/airflow/.local/lib/python3.12/site-packages/airflow/example_dags/example_branch_labels.py
[2024-06-09T20:23:16.954+0000] {logging_mixin.py:188} INFO - [2024-06-09T20:23:16.954+0000] {dag.py:3096} INFO - Sync 1 DAGs
[2024-06-09T20:23:16.989+0000] {logging_mixin.py:188} INFO - [2024-06-09T20:23:16.988+0000] {dag.py:3954} INFO - Setting next_dagrun for example_branch_labels to 2024-06-08 00:00:00+00:00, run_after=2024-06-09 00:00:00+00:00
[2024-06-09T20:23:17.010+0000] {processor.py:183} INFO - Processing /home/airflow/.local/lib/python3.12/site-packages/airflow/example_dags/example_branch_labels.py took 0.130 seconds
