[2024-06-09T03:05:36.494+0000] {processor.py:161} INFO - Started process (PID=64874) to work on /home/airflow/.local/lib/python3.12/site-packages/airflow/example_dags/example_latest_only_with_trigger.py
[2024-06-09T03:05:36.495+0000] {processor.py:830} INFO - Processing file /home/airflow/.local/lib/python3.12/site-packages/airflow/example_dags/example_latest_only_with_trigger.py for tasks to queue
[2024-06-09T03:05:36.497+0000] {logging_mixin.py:188} INFO - [2024-06-09T03:05:36.496+0000] {dagbag.py:545} INFO - Filling up the DagBag from /home/airflow/.local/lib/python3.12/site-packages/airflow/example_dags/example_latest_only_with_trigger.py
[2024-06-09T03:05:36.504+0000] {processor.py:840} INFO - DAG(s) 'latest_only_with_trigger' retrieved from /home/airflow/.local/lib/python3.12/site-packages/airflow/example_dags/example_latest_only_with_trigger.py
[2024-06-09T03:05:36.532+0000] {logging_mixin.py:188} INFO - [2024-06-09T03:05:36.532+0000] {dag.py:3096} INFO - Sync 1 DAGs
[2024-06-09T03:05:36.560+0000] {logging_mixin.py:188} INFO - [2024-06-09T03:05:36.560+0000] {dag.py:3954} INFO - Setting next_dagrun for latest_only_with_trigger to 2024-06-08 20:00:00+00:00, run_after=2024-06-09 00:00:00+00:00
[2024-06-09T03:05:36.584+0000] {processor.py:183} INFO - Processing /home/airflow/.local/lib/python3.12/site-packages/airflow/example_dags/example_latest_only_with_trigger.py took 0.098 seconds
[2024-06-09T04:06:38.780+0000] {processor.py:161} INFO - Started process (PID=64934) to work on /home/airflow/.local/lib/python3.12/site-packages/airflow/example_dags/example_latest_only_with_trigger.py
[2024-06-09T04:06:38.782+0000] {processor.py:830} INFO - Processing file /home/airflow/.local/lib/python3.12/site-packages/airflow/example_dags/example_latest_only_with_trigger.py for tasks to queue
[2024-06-09T04:06:38.784+0000] {logging_mixin.py:188} INFO - [2024-06-09T04:06:38.783+0000] {dagbag.py:545} INFO - Filling up the DagBag from /home/airflow/.local/lib/python3.12/site-packages/airflow/example_dags/example_latest_only_with_trigger.py
[2024-06-09T04:06:38.796+0000] {processor.py:840} INFO - DAG(s) 'latest_only_with_trigger' retrieved from /home/airflow/.local/lib/python3.12/site-packages/airflow/example_dags/example_latest_only_with_trigger.py
[2024-06-09T04:06:38.840+0000] {logging_mixin.py:188} INFO - [2024-06-09T04:06:38.840+0000] {dag.py:3096} INFO - Sync 1 DAGs
[2024-06-09T04:06:38.882+0000] {logging_mixin.py:188} INFO - [2024-06-09T04:06:38.882+0000] {dag.py:3954} INFO - Setting next_dagrun for latest_only_with_trigger to 2024-06-09 00:00:00+00:00, run_after=2024-06-09 04:00:00+00:00
[2024-06-09T04:06:38.926+0000] {processor.py:183} INFO - Processing /home/airflow/.local/lib/python3.12/site-packages/airflow/example_dags/example_latest_only_with_trigger.py took 0.158 seconds
[2024-06-09T04:07:09.859+0000] {processor.py:161} INFO - Started process (PID=64994) to work on /home/airflow/.local/lib/python3.12/site-packages/airflow/example_dags/example_latest_only_with_trigger.py
[2024-06-09T04:07:09.861+0000] {processor.py:830} INFO - Processing file /home/airflow/.local/lib/python3.12/site-packages/airflow/example_dags/example_latest_only_with_trigger.py for tasks to queue
[2024-06-09T04:07:09.862+0000] {logging_mixin.py:188} INFO - [2024-06-09T04:07:09.862+0000] {dagbag.py:545} INFO - Filling up the DagBag from /home/airflow/.local/lib/python3.12/site-packages/airflow/example_dags/example_latest_only_with_trigger.py
[2024-06-09T04:07:09.871+0000] {processor.py:840} INFO - DAG(s) 'latest_only_with_trigger' retrieved from /home/airflow/.local/lib/python3.12/site-packages/airflow/example_dags/example_latest_only_with_trigger.py
[2024-06-09T04:07:09.899+0000] {logging_mixin.py:188} INFO - [2024-06-09T04:07:09.898+0000] {dag.py:3096} INFO - Sync 1 DAGs
[2024-06-09T04:07:09.928+0000] {logging_mixin.py:188} INFO - [2024-06-09T04:07:09.928+0000] {dag.py:3954} INFO - Setting next_dagrun for latest_only_with_trigger to 2024-06-09 00:00:00+00:00, run_after=2024-06-09 04:00:00+00:00
[2024-06-09T04:07:09.959+0000] {processor.py:183} INFO - Processing /home/airflow/.local/lib/python3.12/site-packages/airflow/example_dags/example_latest_only_with_trigger.py took 0.107 seconds
[2024-06-09T06:07:55.684+0000] {processor.py:161} INFO - Started process (PID=65054) to work on /home/airflow/.local/lib/python3.12/site-packages/airflow/example_dags/example_latest_only_with_trigger.py
[2024-06-09T06:07:55.687+0000] {processor.py:830} INFO - Processing file /home/airflow/.local/lib/python3.12/site-packages/airflow/example_dags/example_latest_only_with_trigger.py for tasks to queue
[2024-06-09T06:07:55.689+0000] {logging_mixin.py:188} INFO - [2024-06-09T06:07:55.688+0000] {dagbag.py:545} INFO - Filling up the DagBag from /home/airflow/.local/lib/python3.12/site-packages/airflow/example_dags/example_latest_only_with_trigger.py
[2024-06-09T06:07:55.697+0000] {processor.py:840} INFO - DAG(s) 'latest_only_with_trigger' retrieved from /home/airflow/.local/lib/python3.12/site-packages/airflow/example_dags/example_latest_only_with_trigger.py
[2024-06-09T06:07:55.726+0000] {logging_mixin.py:188} INFO - [2024-06-09T06:07:55.726+0000] {dag.py:3096} INFO - Sync 1 DAGs
[2024-06-09T06:07:55.754+0000] {logging_mixin.py:188} INFO - [2024-06-09T06:07:55.754+0000] {dag.py:3954} INFO - Setting next_dagrun for latest_only_with_trigger to 2024-06-09 00:00:00+00:00, run_after=2024-06-09 04:00:00+00:00
[2024-06-09T06:07:55.778+0000] {processor.py:183} INFO - Processing /home/airflow/.local/lib/python3.12/site-packages/airflow/example_dags/example_latest_only_with_trigger.py took 0.102 seconds
[2024-06-09T06:08:36.267+0000] {processor.py:161} INFO - Started process (PID=65114) to work on /home/airflow/.local/lib/python3.12/site-packages/airflow/example_dags/example_latest_only_with_trigger.py
[2024-06-09T06:08:36.269+0000] {processor.py:830} INFO - Processing file /home/airflow/.local/lib/python3.12/site-packages/airflow/example_dags/example_latest_only_with_trigger.py for tasks to queue
[2024-06-09T06:08:36.271+0000] {logging_mixin.py:188} INFO - [2024-06-09T06:08:36.270+0000] {dagbag.py:545} INFO - Filling up the DagBag from /home/airflow/.local/lib/python3.12/site-packages/airflow/example_dags/example_latest_only_with_trigger.py
[2024-06-09T06:08:36.283+0000] {processor.py:840} INFO - DAG(s) 'latest_only_with_trigger' retrieved from /home/airflow/.local/lib/python3.12/site-packages/airflow/example_dags/example_latest_only_with_trigger.py
[2024-06-09T06:08:36.317+0000] {logging_mixin.py:188} INFO - [2024-06-09T06:08:36.317+0000] {dag.py:3096} INFO - Sync 1 DAGs
[2024-06-09T06:08:36.371+0000] {logging_mixin.py:188} INFO - [2024-06-09T06:08:36.370+0000] {dag.py:3954} INFO - Setting next_dagrun for latest_only_with_trigger to 2024-06-09 00:00:00+00:00, run_after=2024-06-09 04:00:00+00:00
[2024-06-09T06:08:36.417+0000] {processor.py:183} INFO - Processing /home/airflow/.local/lib/python3.12/site-packages/airflow/example_dags/example_latest_only_with_trigger.py took 0.160 seconds
[2024-06-09T07:09:20.606+0000] {processor.py:161} INFO - Started process (PID=65168) to work on /home/airflow/.local/lib/python3.12/site-packages/airflow/example_dags/example_latest_only_with_trigger.py
[2024-06-09T07:09:20.608+0000] {processor.py:830} INFO - Processing file /home/airflow/.local/lib/python3.12/site-packages/airflow/example_dags/example_latest_only_with_trigger.py for tasks to queue
[2024-06-09T07:09:20.609+0000] {logging_mixin.py:188} INFO - [2024-06-09T07:09:20.609+0000] {dagbag.py:545} INFO - Filling up the DagBag from /home/airflow/.local/lib/python3.12/site-packages/airflow/example_dags/example_latest_only_with_trigger.py
[2024-06-09T07:09:20.617+0000] {processor.py:840} INFO - DAG(s) 'latest_only_with_trigger' retrieved from /home/airflow/.local/lib/python3.12/site-packages/airflow/example_dags/example_latest_only_with_trigger.py
[2024-06-09T07:09:20.644+0000] {logging_mixin.py:188} INFO - [2024-06-09T07:09:20.644+0000] {dag.py:3096} INFO - Sync 1 DAGs
[2024-06-09T07:09:20.672+0000] {logging_mixin.py:188} INFO - [2024-06-09T07:09:20.672+0000] {dag.py:3954} INFO - Setting next_dagrun for latest_only_with_trigger to 2024-06-09 00:00:00+00:00, run_after=2024-06-09 04:00:00+00:00
[2024-06-09T07:09:20.695+0000] {processor.py:183} INFO - Processing /home/airflow/.local/lib/python3.12/site-packages/airflow/example_dags/example_latest_only_with_trigger.py took 0.097 seconds
[2024-06-09T08:10:20.128+0000] {processor.py:161} INFO - Started process (PID=65228) to work on /home/airflow/.local/lib/python3.12/site-packages/airflow/example_dags/example_latest_only_with_trigger.py
[2024-06-09T08:10:20.130+0000] {processor.py:830} INFO - Processing file /home/airflow/.local/lib/python3.12/site-packages/airflow/example_dags/example_latest_only_with_trigger.py for tasks to queue
[2024-06-09T08:10:20.131+0000] {logging_mixin.py:188} INFO - [2024-06-09T08:10:20.131+0000] {dagbag.py:545} INFO - Filling up the DagBag from /home/airflow/.local/lib/python3.12/site-packages/airflow/example_dags/example_latest_only_with_trigger.py
[2024-06-09T08:10:20.139+0000] {processor.py:840} INFO - DAG(s) 'latest_only_with_trigger' retrieved from /home/airflow/.local/lib/python3.12/site-packages/airflow/example_dags/example_latest_only_with_trigger.py
[2024-06-09T08:10:20.167+0000] {logging_mixin.py:188} INFO - [2024-06-09T08:10:20.166+0000] {dag.py:3096} INFO - Sync 1 DAGs
[2024-06-09T08:10:20.198+0000] {logging_mixin.py:188} INFO - [2024-06-09T08:10:20.197+0000] {dag.py:3954} INFO - Setting next_dagrun for latest_only_with_trigger to 2024-06-09 04:00:00+00:00, run_after=2024-06-09 08:00:00+00:00
[2024-06-09T08:10:20.227+0000] {processor.py:183} INFO - Processing /home/airflow/.local/lib/python3.12/site-packages/airflow/example_dags/example_latest_only_with_trigger.py took 0.107 seconds
[2024-06-09T09:11:17.722+0000] {processor.py:161} INFO - Started process (PID=65294) to work on /home/airflow/.local/lib/python3.12/site-packages/airflow/example_dags/example_latest_only_with_trigger.py
[2024-06-09T09:11:17.724+0000] {processor.py:830} INFO - Processing file /home/airflow/.local/lib/python3.12/site-packages/airflow/example_dags/example_latest_only_with_trigger.py for tasks to queue
[2024-06-09T09:11:17.726+0000] {logging_mixin.py:188} INFO - [2024-06-09T09:11:17.726+0000] {dagbag.py:545} INFO - Filling up the DagBag from /home/airflow/.local/lib/python3.12/site-packages/airflow/example_dags/example_latest_only_with_trigger.py
[2024-06-09T09:11:17.737+0000] {processor.py:840} INFO - DAG(s) 'latest_only_with_trigger' retrieved from /home/airflow/.local/lib/python3.12/site-packages/airflow/example_dags/example_latest_only_with_trigger.py
[2024-06-09T09:11:17.774+0000] {logging_mixin.py:188} INFO - [2024-06-09T09:11:17.773+0000] {dag.py:3096} INFO - Sync 1 DAGs
[2024-06-09T09:11:17.807+0000] {logging_mixin.py:188} INFO - [2024-06-09T09:11:17.806+0000] {dag.py:3954} INFO - Setting next_dagrun for latest_only_with_trigger to 2024-06-09 04:00:00+00:00, run_after=2024-06-09 08:00:00+00:00
[2024-06-09T09:11:17.834+0000] {processor.py:183} INFO - Processing /home/airflow/.local/lib/python3.12/site-packages/airflow/example_dags/example_latest_only_with_trigger.py took 0.124 seconds
[2024-06-09T09:11:56.599+0000] {processor.py:161} INFO - Started process (PID=65354) to work on /home/airflow/.local/lib/python3.12/site-packages/airflow/example_dags/example_latest_only_with_trigger.py
[2024-06-09T09:11:56.603+0000] {processor.py:830} INFO - Processing file /home/airflow/.local/lib/python3.12/site-packages/airflow/example_dags/example_latest_only_with_trigger.py for tasks to queue
[2024-06-09T09:11:56.605+0000] {logging_mixin.py:188} INFO - [2024-06-09T09:11:56.604+0000] {dagbag.py:545} INFO - Filling up the DagBag from /home/airflow/.local/lib/python3.12/site-packages/airflow/example_dags/example_latest_only_with_trigger.py
[2024-06-09T09:11:56.617+0000] {processor.py:840} INFO - DAG(s) 'latest_only_with_trigger' retrieved from /home/airflow/.local/lib/python3.12/site-packages/airflow/example_dags/example_latest_only_with_trigger.py
[2024-06-09T09:11:56.668+0000] {logging_mixin.py:188} INFO - [2024-06-09T09:11:56.668+0000] {dag.py:3096} INFO - Sync 1 DAGs
[2024-06-09T09:11:56.747+0000] {logging_mixin.py:188} INFO - [2024-06-09T09:11:56.747+0000] {dag.py:3954} INFO - Setting next_dagrun for latest_only_with_trigger to 2024-06-09 04:00:00+00:00, run_after=2024-06-09 08:00:00+00:00
[2024-06-09T09:11:56.798+0000] {processor.py:183} INFO - Processing /home/airflow/.local/lib/python3.12/site-packages/airflow/example_dags/example_latest_only_with_trigger.py took 0.211 seconds
[2024-06-09T10:12:47.652+0000] {processor.py:161} INFO - Started process (PID=65414) to work on /home/airflow/.local/lib/python3.12/site-packages/airflow/example_dags/example_latest_only_with_trigger.py
[2024-06-09T10:12:47.654+0000] {processor.py:830} INFO - Processing file /home/airflow/.local/lib/python3.12/site-packages/airflow/example_dags/example_latest_only_with_trigger.py for tasks to queue
[2024-06-09T10:12:47.655+0000] {logging_mixin.py:188} INFO - [2024-06-09T10:12:47.655+0000] {dagbag.py:545} INFO - Filling up the DagBag from /home/airflow/.local/lib/python3.12/site-packages/airflow/example_dags/example_latest_only_with_trigger.py
[2024-06-09T10:12:47.665+0000] {processor.py:840} INFO - DAG(s) 'latest_only_with_trigger' retrieved from /home/airflow/.local/lib/python3.12/site-packages/airflow/example_dags/example_latest_only_with_trigger.py
[2024-06-09T10:12:47.701+0000] {logging_mixin.py:188} INFO - [2024-06-09T10:12:47.701+0000] {dag.py:3096} INFO - Sync 1 DAGs
[2024-06-09T10:12:47.748+0000] {logging_mixin.py:188} INFO - [2024-06-09T10:12:47.748+0000] {dag.py:3954} INFO - Setting next_dagrun for latest_only_with_trigger to 2024-06-09 04:00:00+00:00, run_after=2024-06-09 08:00:00+00:00
[2024-06-09T10:12:47.781+0000] {processor.py:183} INFO - Processing /home/airflow/.local/lib/python3.12/site-packages/airflow/example_dags/example_latest_only_with_trigger.py took 0.138 seconds
[2024-06-09T11:13:45.152+0000] {processor.py:161} INFO - Started process (PID=65474) to work on /home/airflow/.local/lib/python3.12/site-packages/airflow/example_dags/example_latest_only_with_trigger.py
[2024-06-09T11:13:45.153+0000] {processor.py:830} INFO - Processing file /home/airflow/.local/lib/python3.12/site-packages/airflow/example_dags/example_latest_only_with_trigger.py for tasks to queue
[2024-06-09T11:13:45.154+0000] {logging_mixin.py:188} INFO - [2024-06-09T11:13:45.154+0000] {dagbag.py:545} INFO - Filling up the DagBag from /home/airflow/.local/lib/python3.12/site-packages/airflow/example_dags/example_latest_only_with_trigger.py
[2024-06-09T11:13:45.163+0000] {processor.py:840} INFO - DAG(s) 'latest_only_with_trigger' retrieved from /home/airflow/.local/lib/python3.12/site-packages/airflow/example_dags/example_latest_only_with_trigger.py
[2024-06-09T11:13:45.191+0000] {logging_mixin.py:188} INFO - [2024-06-09T11:13:45.191+0000] {dag.py:3096} INFO - Sync 1 DAGs
[2024-06-09T11:13:45.220+0000] {logging_mixin.py:188} INFO - [2024-06-09T11:13:45.220+0000] {dag.py:3954} INFO - Setting next_dagrun for latest_only_with_trigger to 2024-06-09 04:00:00+00:00, run_after=2024-06-09 08:00:00+00:00
[2024-06-09T11:13:45.244+0000] {processor.py:183} INFO - Processing /home/airflow/.local/lib/python3.12/site-packages/airflow/example_dags/example_latest_only_with_trigger.py took 0.101 seconds
[2024-06-09T11:18:35.966+0000] {processor.py:161} INFO - Started process (PID=65533) to work on /home/airflow/.local/lib/python3.12/site-packages/airflow/example_dags/example_latest_only_with_trigger.py
[2024-06-09T11:18:35.967+0000] {processor.py:830} INFO - Processing file /home/airflow/.local/lib/python3.12/site-packages/airflow/example_dags/example_latest_only_with_trigger.py for tasks to queue
[2024-06-09T11:18:35.969+0000] {logging_mixin.py:188} INFO - [2024-06-09T11:18:35.968+0000] {dagbag.py:545} INFO - Filling up the DagBag from /home/airflow/.local/lib/python3.12/site-packages/airflow/example_dags/example_latest_only_with_trigger.py
[2024-06-09T11:18:35.978+0000] {processor.py:840} INFO - DAG(s) 'latest_only_with_trigger' retrieved from /home/airflow/.local/lib/python3.12/site-packages/airflow/example_dags/example_latest_only_with_trigger.py
[2024-06-09T11:18:36.006+0000] {logging_mixin.py:188} INFO - [2024-06-09T11:18:36.006+0000] {dag.py:3096} INFO - Sync 1 DAGs
[2024-06-09T11:18:36.033+0000] {logging_mixin.py:188} INFO - [2024-06-09T11:18:36.033+0000] {dag.py:3954} INFO - Setting next_dagrun for latest_only_with_trigger to 2024-06-09 04:00:00+00:00, run_after=2024-06-09 08:00:00+00:00
[2024-06-09T11:18:36.057+0000] {processor.py:183} INFO - Processing /home/airflow/.local/lib/python3.12/site-packages/airflow/example_dags/example_latest_only_with_trigger.py took 0.098 seconds
[2024-06-09T11:19:06.101+0000] {processor.py:161} INFO - Started process (PID=65593) to work on /home/airflow/.local/lib/python3.12/site-packages/airflow/example_dags/example_latest_only_with_trigger.py
[2024-06-09T11:19:06.102+0000] {processor.py:830} INFO - Processing file /home/airflow/.local/lib/python3.12/site-packages/airflow/example_dags/example_latest_only_with_trigger.py for tasks to queue
[2024-06-09T11:19:06.104+0000] {logging_mixin.py:188} INFO - [2024-06-09T11:19:06.103+0000] {dagbag.py:545} INFO - Filling up the DagBag from /home/airflow/.local/lib/python3.12/site-packages/airflow/example_dags/example_latest_only_with_trigger.py
[2024-06-09T11:19:06.111+0000] {processor.py:840} INFO - DAG(s) 'latest_only_with_trigger' retrieved from /home/airflow/.local/lib/python3.12/site-packages/airflow/example_dags/example_latest_only_with_trigger.py
[2024-06-09T11:19:06.138+0000] {logging_mixin.py:188} INFO - [2024-06-09T11:19:06.138+0000] {dag.py:3096} INFO - Sync 1 DAGs
[2024-06-09T11:19:06.167+0000] {logging_mixin.py:188} INFO - [2024-06-09T11:19:06.167+0000] {dag.py:3954} INFO - Setting next_dagrun for latest_only_with_trigger to 2024-06-09 04:00:00+00:00, run_after=2024-06-09 08:00:00+00:00
[2024-06-09T11:19:06.191+0000] {processor.py:183} INFO - Processing /home/airflow/.local/lib/python3.12/site-packages/airflow/example_dags/example_latest_only_with_trigger.py took 0.098 seconds
[2024-06-09T12:14:51.240+0000] {processor.py:161} INFO - Started process (PID=65653) to work on /home/airflow/.local/lib/python3.12/site-packages/airflow/example_dags/example_latest_only_with_trigger.py
[2024-06-09T12:14:51.242+0000] {processor.py:830} INFO - Processing file /home/airflow/.local/lib/python3.12/site-packages/airflow/example_dags/example_latest_only_with_trigger.py for tasks to queue
[2024-06-09T12:14:51.244+0000] {logging_mixin.py:188} INFO - [2024-06-09T12:14:51.243+0000] {dagbag.py:545} INFO - Filling up the DagBag from /home/airflow/.local/lib/python3.12/site-packages/airflow/example_dags/example_latest_only_with_trigger.py
[2024-06-09T12:14:51.253+0000] {processor.py:840} INFO - DAG(s) 'latest_only_with_trigger' retrieved from /home/airflow/.local/lib/python3.12/site-packages/airflow/example_dags/example_latest_only_with_trigger.py
[2024-06-09T12:14:51.286+0000] {logging_mixin.py:188} INFO - [2024-06-09T12:14:51.286+0000] {dag.py:3096} INFO - Sync 1 DAGs
[2024-06-09T12:14:51.323+0000] {logging_mixin.py:188} INFO - [2024-06-09T12:14:51.322+0000] {dag.py:3954} INFO - Setting next_dagrun for latest_only_with_trigger to 2024-06-09 08:00:00+00:00, run_after=2024-06-09 12:00:00+00:00
[2024-06-09T12:14:51.359+0000] {processor.py:183} INFO - Processing /home/airflow/.local/lib/python3.12/site-packages/airflow/example_dags/example_latest_only_with_trigger.py took 0.127 seconds
[2024-06-09T13:15:49.983+0000] {processor.py:161} INFO - Started process (PID=65713) to work on /home/airflow/.local/lib/python3.12/site-packages/airflow/example_dags/example_latest_only_with_trigger.py
[2024-06-09T13:15:49.987+0000] {processor.py:830} INFO - Processing file /home/airflow/.local/lib/python3.12/site-packages/airflow/example_dags/example_latest_only_with_trigger.py for tasks to queue
[2024-06-09T13:15:49.989+0000] {logging_mixin.py:188} INFO - [2024-06-09T13:15:49.988+0000] {dagbag.py:545} INFO - Filling up the DagBag from /home/airflow/.local/lib/python3.12/site-packages/airflow/example_dags/example_latest_only_with_trigger.py
[2024-06-09T13:15:50.001+0000] {processor.py:840} INFO - DAG(s) 'latest_only_with_trigger' retrieved from /home/airflow/.local/lib/python3.12/site-packages/airflow/example_dags/example_latest_only_with_trigger.py
[2024-06-09T13:15:50.034+0000] {logging_mixin.py:188} INFO - [2024-06-09T13:15:50.034+0000] {dag.py:3096} INFO - Sync 1 DAGs
[2024-06-09T13:15:50.068+0000] {logging_mixin.py:188} INFO - [2024-06-09T13:15:50.068+0000] {dag.py:3954} INFO - Setting next_dagrun for latest_only_with_trigger to 2024-06-09 08:00:00+00:00, run_after=2024-06-09 12:00:00+00:00
[2024-06-09T13:15:50.110+0000] {processor.py:183} INFO - Processing /home/airflow/.local/lib/python3.12/site-packages/airflow/example_dags/example_latest_only_with_trigger.py took 0.136 seconds
[2024-06-09T13:16:30.414+0000] {processor.py:161} INFO - Started process (PID=65773) to work on /home/airflow/.local/lib/python3.12/site-packages/airflow/example_dags/example_latest_only_with_trigger.py
[2024-06-09T13:16:30.416+0000] {processor.py:830} INFO - Processing file /home/airflow/.local/lib/python3.12/site-packages/airflow/example_dags/example_latest_only_with_trigger.py for tasks to queue
[2024-06-09T13:16:30.418+0000] {logging_mixin.py:188} INFO - [2024-06-09T13:16:30.417+0000] {dagbag.py:545} INFO - Filling up the DagBag from /home/airflow/.local/lib/python3.12/site-packages/airflow/example_dags/example_latest_only_with_trigger.py
[2024-06-09T13:16:30.430+0000] {processor.py:840} INFO - DAG(s) 'latest_only_with_trigger' retrieved from /home/airflow/.local/lib/python3.12/site-packages/airflow/example_dags/example_latest_only_with_trigger.py
[2024-06-09T13:16:30.473+0000] {logging_mixin.py:188} INFO - [2024-06-09T13:16:30.473+0000] {dag.py:3096} INFO - Sync 1 DAGs
[2024-06-09T13:16:30.517+0000] {logging_mixin.py:188} INFO - [2024-06-09T13:16:30.517+0000] {dag.py:3954} INFO - Setting next_dagrun for latest_only_with_trigger to 2024-06-09 08:00:00+00:00, run_after=2024-06-09 12:00:00+00:00
[2024-06-09T13:16:30.564+0000] {processor.py:183} INFO - Processing /home/airflow/.local/lib/python3.12/site-packages/airflow/example_dags/example_latest_only_with_trigger.py took 0.161 seconds
[2024-06-09T14:17:13.503+0000] {processor.py:161} INFO - Started process (PID=65827) to work on /home/airflow/.local/lib/python3.12/site-packages/airflow/example_dags/example_latest_only_with_trigger.py
[2024-06-09T14:17:13.505+0000] {processor.py:830} INFO - Processing file /home/airflow/.local/lib/python3.12/site-packages/airflow/example_dags/example_latest_only_with_trigger.py for tasks to queue
[2024-06-09T14:17:13.506+0000] {logging_mixin.py:188} INFO - [2024-06-09T14:17:13.506+0000] {dagbag.py:545} INFO - Filling up the DagBag from /home/airflow/.local/lib/python3.12/site-packages/airflow/example_dags/example_latest_only_with_trigger.py
[2024-06-09T14:17:13.517+0000] {processor.py:840} INFO - DAG(s) 'latest_only_with_trigger' retrieved from /home/airflow/.local/lib/python3.12/site-packages/airflow/example_dags/example_latest_only_with_trigger.py
[2024-06-09T14:17:13.552+0000] {logging_mixin.py:188} INFO - [2024-06-09T14:17:13.551+0000] {dag.py:3096} INFO - Sync 1 DAGs
[2024-06-09T14:17:13.582+0000] {logging_mixin.py:188} INFO - [2024-06-09T14:17:13.582+0000] {dag.py:3954} INFO - Setting next_dagrun for latest_only_with_trigger to 2024-06-09 08:00:00+00:00, run_after=2024-06-09 12:00:00+00:00
[2024-06-09T14:17:13.608+0000] {processor.py:183} INFO - Processing /home/airflow/.local/lib/python3.12/site-packages/airflow/example_dags/example_latest_only_with_trigger.py took 0.115 seconds
[2024-06-09T15:18:12.748+0000] {processor.py:161} INFO - Started process (PID=65887) to work on /home/airflow/.local/lib/python3.12/site-packages/airflow/example_dags/example_latest_only_with_trigger.py
[2024-06-09T15:18:12.749+0000] {processor.py:830} INFO - Processing file /home/airflow/.local/lib/python3.12/site-packages/airflow/example_dags/example_latest_only_with_trigger.py for tasks to queue
[2024-06-09T15:18:12.751+0000] {logging_mixin.py:188} INFO - [2024-06-09T15:18:12.750+0000] {dagbag.py:545} INFO - Filling up the DagBag from /home/airflow/.local/lib/python3.12/site-packages/airflow/example_dags/example_latest_only_with_trigger.py
[2024-06-09T15:18:12.758+0000] {processor.py:840} INFO - DAG(s) 'latest_only_with_trigger' retrieved from /home/airflow/.local/lib/python3.12/site-packages/airflow/example_dags/example_latest_only_with_trigger.py
[2024-06-09T15:18:12.785+0000] {logging_mixin.py:188} INFO - [2024-06-09T15:18:12.785+0000] {dag.py:3096} INFO - Sync 1 DAGs
[2024-06-09T15:18:12.815+0000] {logging_mixin.py:188} INFO - [2024-06-09T15:18:12.814+0000] {dag.py:3954} INFO - Setting next_dagrun for latest_only_with_trigger to 2024-06-09 08:00:00+00:00, run_after=2024-06-09 12:00:00+00:00
[2024-06-09T15:18:12.838+0000] {processor.py:183} INFO - Processing /home/airflow/.local/lib/python3.12/site-packages/airflow/example_dags/example_latest_only_with_trigger.py took 0.098 seconds
[2024-06-09T15:18:48.168+0000] {processor.py:161} INFO - Started process (PID=65947) to work on /home/airflow/.local/lib/python3.12/site-packages/airflow/example_dags/example_latest_only_with_trigger.py
[2024-06-09T15:18:48.177+0000] {processor.py:830} INFO - Processing file /home/airflow/.local/lib/python3.12/site-packages/airflow/example_dags/example_latest_only_with_trigger.py for tasks to queue
[2024-06-09T15:18:48.180+0000] {logging_mixin.py:188} INFO - [2024-06-09T15:18:48.179+0000] {dagbag.py:545} INFO - Filling up the DagBag from /home/airflow/.local/lib/python3.12/site-packages/airflow/example_dags/example_latest_only_with_trigger.py
[2024-06-09T15:18:48.196+0000] {processor.py:840} INFO - DAG(s) 'latest_only_with_trigger' retrieved from /home/airflow/.local/lib/python3.12/site-packages/airflow/example_dags/example_latest_only_with_trigger.py
[2024-06-09T15:18:48.266+0000] {logging_mixin.py:188} INFO - [2024-06-09T15:18:48.265+0000] {dag.py:3096} INFO - Sync 1 DAGs
[2024-06-09T15:18:48.393+0000] {logging_mixin.py:188} INFO - [2024-06-09T15:18:48.392+0000] {dag.py:3954} INFO - Setting next_dagrun for latest_only_with_trigger to 2024-06-09 08:00:00+00:00, run_after=2024-06-09 12:00:00+00:00
[2024-06-09T15:18:48.458+0000] {processor.py:183} INFO - Processing /home/airflow/.local/lib/python3.12/site-packages/airflow/example_dags/example_latest_only_with_trigger.py took 0.302 seconds
[2024-06-09T16:19:39.297+0000] {processor.py:161} INFO - Started process (PID=66007) to work on /home/airflow/.local/lib/python3.12/site-packages/airflow/example_dags/example_latest_only_with_trigger.py
[2024-06-09T16:19:39.302+0000] {processor.py:830} INFO - Processing file /home/airflow/.local/lib/python3.12/site-packages/airflow/example_dags/example_latest_only_with_trigger.py for tasks to queue
[2024-06-09T16:19:39.305+0000] {logging_mixin.py:188} INFO - [2024-06-09T16:19:39.304+0000] {dagbag.py:545} INFO - Filling up the DagBag from /home/airflow/.local/lib/python3.12/site-packages/airflow/example_dags/example_latest_only_with_trigger.py
[2024-06-09T16:19:39.315+0000] {processor.py:840} INFO - DAG(s) 'latest_only_with_trigger' retrieved from /home/airflow/.local/lib/python3.12/site-packages/airflow/example_dags/example_latest_only_with_trigger.py
[2024-06-09T16:19:39.343+0000] {logging_mixin.py:188} INFO - [2024-06-09T16:19:39.343+0000] {dag.py:3096} INFO - Sync 1 DAGs
[2024-06-09T16:19:39.373+0000] {logging_mixin.py:188} INFO - [2024-06-09T16:19:39.372+0000] {dag.py:3954} INFO - Setting next_dagrun for latest_only_with_trigger to 2024-06-09 12:00:00+00:00, run_after=2024-06-09 16:00:00+00:00
[2024-06-09T16:19:39.397+0000] {processor.py:183} INFO - Processing /home/airflow/.local/lib/python3.12/site-packages/airflow/example_dags/example_latest_only_with_trigger.py took 0.108 seconds
[2024-06-09T17:20:38.651+0000] {processor.py:161} INFO - Started process (PID=66067) to work on /home/airflow/.local/lib/python3.12/site-packages/airflow/example_dags/example_latest_only_with_trigger.py
[2024-06-09T17:20:38.667+0000] {processor.py:830} INFO - Processing file /home/airflow/.local/lib/python3.12/site-packages/airflow/example_dags/example_latest_only_with_trigger.py for tasks to queue
[2024-06-09T17:20:38.684+0000] {logging_mixin.py:188} INFO - [2024-06-09T17:20:38.679+0000] {dagbag.py:545} INFO - Filling up the DagBag from /home/airflow/.local/lib/python3.12/site-packages/airflow/example_dags/example_latest_only_with_trigger.py
[2024-06-09T17:20:38.889+0000] {processor.py:840} INFO - DAG(s) 'latest_only_with_trigger' retrieved from /home/airflow/.local/lib/python3.12/site-packages/airflow/example_dags/example_latest_only_with_trigger.py
[2024-06-09T17:20:40.579+0000] {logging_mixin.py:188} INFO - [2024-06-09T17:20:40.557+0000] {dag.py:3096} INFO - Sync 1 DAGs
[2024-06-09T17:20:41.932+0000] {logging_mixin.py:188} INFO - [2024-06-09T17:20:41.924+0000] {dag.py:3954} INFO - Setting next_dagrun for latest_only_with_trigger to 2024-06-09 12:00:00+00:00, run_after=2024-06-09 16:00:00+00:00
[2024-06-09T18:21:16.860+0000] {processor.py:161} INFO - Started process (PID=66132) to work on /home/airflow/.local/lib/python3.12/site-packages/airflow/example_dags/example_latest_only_with_trigger.py
[2024-06-09T18:21:16.862+0000] {processor.py:830} INFO - Processing file /home/airflow/.local/lib/python3.12/site-packages/airflow/example_dags/example_latest_only_with_trigger.py for tasks to queue
[2024-06-09T18:21:16.863+0000] {logging_mixin.py:188} INFO - [2024-06-09T18:21:16.863+0000] {dagbag.py:545} INFO - Filling up the DagBag from /home/airflow/.local/lib/python3.12/site-packages/airflow/example_dags/example_latest_only_with_trigger.py
[2024-06-09T18:21:16.872+0000] {processor.py:840} INFO - DAG(s) 'latest_only_with_trigger' retrieved from /home/airflow/.local/lib/python3.12/site-packages/airflow/example_dags/example_latest_only_with_trigger.py
[2024-06-09T18:21:17.064+0000] {logging_mixin.py:188} INFO - [2024-06-09T18:21:17.063+0000] {dag.py:3096} INFO - Sync 1 DAGs
[2024-06-09T18:21:17.085+0000] {logging_mixin.py:188} INFO - [2024-06-09T18:21:17.085+0000] {dag.py:3954} INFO - Setting next_dagrun for latest_only_with_trigger to 2024-06-09 12:00:00+00:00, run_after=2024-06-09 16:00:00+00:00
[2024-06-09T18:21:17.107+0000] {processor.py:183} INFO - Processing /home/airflow/.local/lib/python3.12/site-packages/airflow/example_dags/example_latest_only_with_trigger.py took 0.255 seconds
[2024-06-09T19:22:14.315+0000] {processor.py:161} INFO - Started process (PID=66171) to work on /home/airflow/.local/lib/python3.12/site-packages/airflow/example_dags/example_latest_only_with_trigger.py
[2024-06-09T19:22:14.317+0000] {processor.py:830} INFO - Processing file /home/airflow/.local/lib/python3.12/site-packages/airflow/example_dags/example_latest_only_with_trigger.py for tasks to queue
[2024-06-09T19:22:14.319+0000] {logging_mixin.py:188} INFO - [2024-06-09T19:22:14.318+0000] {dagbag.py:545} INFO - Filling up the DagBag from /home/airflow/.local/lib/python3.12/site-packages/airflow/example_dags/example_latest_only_with_trigger.py
[2024-06-09T19:22:14.330+0000] {processor.py:840} INFO - DAG(s) 'latest_only_with_trigger' retrieved from /home/airflow/.local/lib/python3.12/site-packages/airflow/example_dags/example_latest_only_with_trigger.py
[2024-06-09T19:22:14.372+0000] {logging_mixin.py:188} INFO - [2024-06-09T19:22:14.372+0000] {dag.py:3096} INFO - Sync 1 DAGs
[2024-06-09T19:22:14.412+0000] {logging_mixin.py:188} INFO - [2024-06-09T19:22:14.412+0000] {dag.py:3954} INFO - Setting next_dagrun for latest_only_with_trigger to 2024-06-09 12:00:00+00:00, run_after=2024-06-09 16:00:00+00:00
[2024-06-09T19:22:14.451+0000] {processor.py:183} INFO - Processing /home/airflow/.local/lib/python3.12/site-packages/airflow/example_dags/example_latest_only_with_trigger.py took 0.148 seconds
[2024-06-09T19:31:27.872+0000] {processor.py:161} INFO - Started process (PID=66231) to work on /home/airflow/.local/lib/python3.12/site-packages/airflow/example_dags/example_latest_only_with_trigger.py
[2024-06-09T19:31:27.874+0000] {processor.py:830} INFO - Processing file /home/airflow/.local/lib/python3.12/site-packages/airflow/example_dags/example_latest_only_with_trigger.py for tasks to queue
[2024-06-09T19:31:27.875+0000] {logging_mixin.py:188} INFO - [2024-06-09T19:31:27.875+0000] {dagbag.py:545} INFO - Filling up the DagBag from /home/airflow/.local/lib/python3.12/site-packages/airflow/example_dags/example_latest_only_with_trigger.py
[2024-06-09T19:31:27.885+0000] {processor.py:840} INFO - DAG(s) 'latest_only_with_trigger' retrieved from /home/airflow/.local/lib/python3.12/site-packages/airflow/example_dags/example_latest_only_with_trigger.py
[2024-06-09T19:31:27.915+0000] {logging_mixin.py:188} INFO - [2024-06-09T19:31:27.914+0000] {dag.py:3096} INFO - Sync 1 DAGs
[2024-06-09T19:31:27.946+0000] {logging_mixin.py:188} INFO - [2024-06-09T19:31:27.946+0000] {dag.py:3954} INFO - Setting next_dagrun for latest_only_with_trigger to 2024-06-09 12:00:00+00:00, run_after=2024-06-09 16:00:00+00:00
[2024-06-09T19:31:27.974+0000] {processor.py:183} INFO - Processing /home/airflow/.local/lib/python3.12/site-packages/airflow/example_dags/example_latest_only_with_trigger.py took 0.110 seconds
[2024-06-09T20:23:16.716+0000] {processor.py:161} INFO - Started process (PID=66310) to work on /home/airflow/.local/lib/python3.12/site-packages/airflow/example_dags/example_latest_only_with_trigger.py
[2024-06-09T20:23:16.718+0000] {processor.py:830} INFO - Processing file /home/airflow/.local/lib/python3.12/site-packages/airflow/example_dags/example_latest_only_with_trigger.py for tasks to queue
[2024-06-09T20:23:16.720+0000] {logging_mixin.py:188} INFO - [2024-06-09T20:23:16.719+0000] {dagbag.py:545} INFO - Filling up the DagBag from /home/airflow/.local/lib/python3.12/site-packages/airflow/example_dags/example_latest_only_with_trigger.py
[2024-06-09T20:23:16.734+0000] {processor.py:840} INFO - DAG(s) 'latest_only_with_trigger' retrieved from /home/airflow/.local/lib/python3.12/site-packages/airflow/example_dags/example_latest_only_with_trigger.py
[2024-06-09T20:23:16.776+0000] {logging_mixin.py:188} INFO - [2024-06-09T20:23:16.775+0000] {dag.py:3096} INFO - Sync 1 DAGs
[2024-06-09T20:23:16.813+0000] {logging_mixin.py:188} INFO - [2024-06-09T20:23:16.812+0000] {dag.py:3954} INFO - Setting next_dagrun for latest_only_with_trigger to 2024-06-09 16:00:00+00:00, run_after=2024-06-09 20:00:00+00:00
[2024-06-09T20:23:16.847+0000] {processor.py:183} INFO - Processing /home/airflow/.local/lib/python3.12/site-packages/airflow/example_dags/example_latest_only_with_trigger.py took 0.141 seconds
