[2024-06-09T03:05:37.450+0000] {processor.py:161} INFO - Started process (PID=64887) to work on /home/airflow/.local/lib/python3.12/site-packages/airflow/example_dags/example_subdag_operator.py
[2024-06-09T03:05:37.452+0000] {processor.py:830} INFO - Processing file /home/airflow/.local/lib/python3.12/site-packages/airflow/example_dags/example_subdag_operator.py for tasks to queue
[2024-06-09T03:05:37.453+0000] {logging_mixin.py:188} INFO - [2024-06-09T03:05:37.453+0000] {dagbag.py:545} INFO - Filling up the DagBag from /home/airflow/.local/lib/python3.12/site-packages/airflow/example_dags/example_subdag_operator.py
[2024-06-09T03:05:37.483+0000] {processor.py:840} INFO - DAG(s) 'example_subdag_operator.section-1', 'example_subdag_operator.section-2', 'example_subdag_operator' retrieved from /home/airflow/.local/lib/python3.12/site-packages/airflow/example_dags/example_subdag_operator.py
[2024-06-09T03:05:37.505+0000] {logging_mixin.py:188} INFO - [2024-06-09T03:05:37.504+0000] {dag.py:3096} INFO - Sync 3 DAGs
[2024-06-09T03:05:37.533+0000] {logging_mixin.py:188} INFO - [2024-06-09T03:05:37.533+0000] {dag.py:3954} INFO - Setting next_dagrun for example_subdag_operator to 2022-01-01 00:00:00+00:00, run_after=2022-01-01 00:00:00+00:00
[2024-06-09T03:05:37.538+0000] {logging_mixin.py:188} INFO - [2024-06-09T03:05:37.538+0000] {dag.py:3954} INFO - Setting next_dagrun for example_subdag_operator.section-1 to None, run_after=None
[2024-06-09T03:05:37.540+0000] {logging_mixin.py:188} INFO - [2024-06-09T03:05:37.540+0000] {dag.py:3954} INFO - Setting next_dagrun for example_subdag_operator.section-2 to None, run_after=None
[2024-06-09T03:05:37.551+0000] {logging_mixin.py:188} INFO - [2024-06-09T03:05:37.550+0000] {dag.py:3096} INFO - Sync 2 DAGs
[2024-06-09T03:05:37.557+0000] {logging_mixin.py:188} INFO - [2024-06-09T03:05:37.557+0000] {dag.py:3954} INFO - Setting next_dagrun for example_subdag_operator.section-1 to None, run_after=None
[2024-06-09T03:05:37.558+0000] {logging_mixin.py:188} INFO - [2024-06-09T03:05:37.558+0000] {dag.py:3954} INFO - Setting next_dagrun for example_subdag_operator.section-2 to None, run_after=None
[2024-06-09T03:05:37.571+0000] {processor.py:183} INFO - Processing /home/airflow/.local/lib/python3.12/site-packages/airflow/example_dags/example_subdag_operator.py took 0.128 seconds
[2024-06-09T04:06:40.214+0000] {processor.py:161} INFO - Started process (PID=64947) to work on /home/airflow/.local/lib/python3.12/site-packages/airflow/example_dags/example_subdag_operator.py
[2024-06-09T04:06:40.215+0000] {processor.py:830} INFO - Processing file /home/airflow/.local/lib/python3.12/site-packages/airflow/example_dags/example_subdag_operator.py for tasks to queue
[2024-06-09T04:06:40.217+0000] {logging_mixin.py:188} INFO - [2024-06-09T04:06:40.216+0000] {dagbag.py:545} INFO - Filling up the DagBag from /home/airflow/.local/lib/python3.12/site-packages/airflow/example_dags/example_subdag_operator.py
[2024-06-09T04:06:40.257+0000] {processor.py:840} INFO - DAG(s) 'example_subdag_operator.section-1', 'example_subdag_operator.section-2', 'example_subdag_operator' retrieved from /home/airflow/.local/lib/python3.12/site-packages/airflow/example_dags/example_subdag_operator.py
[2024-06-09T04:06:40.287+0000] {logging_mixin.py:188} INFO - [2024-06-09T04:06:40.287+0000] {dag.py:3096} INFO - Sync 3 DAGs
[2024-06-09T04:06:40.319+0000] {logging_mixin.py:188} INFO - [2024-06-09T04:06:40.319+0000] {dag.py:3954} INFO - Setting next_dagrun for example_subdag_operator to 2022-01-01 00:00:00+00:00, run_after=2022-01-01 00:00:00+00:00
[2024-06-09T04:06:40.324+0000] {logging_mixin.py:188} INFO - [2024-06-09T04:06:40.324+0000] {dag.py:3954} INFO - Setting next_dagrun for example_subdag_operator.section-1 to None, run_after=None
[2024-06-09T04:06:40.327+0000] {logging_mixin.py:188} INFO - [2024-06-09T04:06:40.327+0000] {dag.py:3954} INFO - Setting next_dagrun for example_subdag_operator.section-2 to None, run_after=None
[2024-06-09T04:06:40.338+0000] {logging_mixin.py:188} INFO - [2024-06-09T04:06:40.338+0000] {dag.py:3096} INFO - Sync 2 DAGs
[2024-06-09T04:06:40.346+0000] {logging_mixin.py:188} INFO - [2024-06-09T04:06:40.345+0000] {dag.py:3954} INFO - Setting next_dagrun for example_subdag_operator.section-1 to None, run_after=None
[2024-06-09T04:06:40.347+0000] {logging_mixin.py:188} INFO - [2024-06-09T04:06:40.346+0000] {dag.py:3954} INFO - Setting next_dagrun for example_subdag_operator.section-2 to None, run_after=None
[2024-06-09T04:06:40.361+0000] {processor.py:183} INFO - Processing /home/airflow/.local/lib/python3.12/site-packages/airflow/example_dags/example_subdag_operator.py took 0.157 seconds
[2024-06-09T04:07:10.860+0000] {processor.py:161} INFO - Started process (PID=65007) to work on /home/airflow/.local/lib/python3.12/site-packages/airflow/example_dags/example_subdag_operator.py
[2024-06-09T04:07:10.861+0000] {processor.py:830} INFO - Processing file /home/airflow/.local/lib/python3.12/site-packages/airflow/example_dags/example_subdag_operator.py for tasks to queue
[2024-06-09T04:07:10.863+0000] {logging_mixin.py:188} INFO - [2024-06-09T04:07:10.863+0000] {dagbag.py:545} INFO - Filling up the DagBag from /home/airflow/.local/lib/python3.12/site-packages/airflow/example_dags/example_subdag_operator.py
[2024-06-09T04:07:10.895+0000] {processor.py:840} INFO - DAG(s) 'example_subdag_operator.section-1', 'example_subdag_operator.section-2', 'example_subdag_operator' retrieved from /home/airflow/.local/lib/python3.12/site-packages/airflow/example_dags/example_subdag_operator.py
[2024-06-09T04:07:10.919+0000] {logging_mixin.py:188} INFO - [2024-06-09T04:07:10.919+0000] {dag.py:3096} INFO - Sync 3 DAGs
[2024-06-09T04:07:10.951+0000] {logging_mixin.py:188} INFO - [2024-06-09T04:07:10.951+0000] {dag.py:3954} INFO - Setting next_dagrun for example_subdag_operator to 2022-01-01 00:00:00+00:00, run_after=2022-01-01 00:00:00+00:00
[2024-06-09T04:07:10.956+0000] {logging_mixin.py:188} INFO - [2024-06-09T04:07:10.956+0000] {dag.py:3954} INFO - Setting next_dagrun for example_subdag_operator.section-1 to None, run_after=None
[2024-06-09T04:07:10.960+0000] {logging_mixin.py:188} INFO - [2024-06-09T04:07:10.959+0000] {dag.py:3954} INFO - Setting next_dagrun for example_subdag_operator.section-2 to None, run_after=None
[2024-06-09T04:07:10.970+0000] {logging_mixin.py:188} INFO - [2024-06-09T04:07:10.969+0000] {dag.py:3096} INFO - Sync 2 DAGs
[2024-06-09T04:07:10.977+0000] {logging_mixin.py:188} INFO - [2024-06-09T04:07:10.976+0000] {dag.py:3954} INFO - Setting next_dagrun for example_subdag_operator.section-1 to None, run_after=None
[2024-06-09T04:07:10.978+0000] {logging_mixin.py:188} INFO - [2024-06-09T04:07:10.978+0000] {dag.py:3954} INFO - Setting next_dagrun for example_subdag_operator.section-2 to None, run_after=None
[2024-06-09T04:07:10.994+0000] {processor.py:183} INFO - Processing /home/airflow/.local/lib/python3.12/site-packages/airflow/example_dags/example_subdag_operator.py took 0.142 seconds
[2024-06-09T06:07:56.695+0000] {processor.py:161} INFO - Started process (PID=65067) to work on /home/airflow/.local/lib/python3.12/site-packages/airflow/example_dags/example_subdag_operator.py
[2024-06-09T06:07:56.697+0000] {processor.py:830} INFO - Processing file /home/airflow/.local/lib/python3.12/site-packages/airflow/example_dags/example_subdag_operator.py for tasks to queue
[2024-06-09T06:07:56.698+0000] {logging_mixin.py:188} INFO - [2024-06-09T06:07:56.697+0000] {dagbag.py:545} INFO - Filling up the DagBag from /home/airflow/.local/lib/python3.12/site-packages/airflow/example_dags/example_subdag_operator.py
[2024-06-09T06:07:56.734+0000] {processor.py:840} INFO - DAG(s) 'example_subdag_operator.section-1', 'example_subdag_operator.section-2', 'example_subdag_operator' retrieved from /home/airflow/.local/lib/python3.12/site-packages/airflow/example_dags/example_subdag_operator.py
[2024-06-09T06:07:56.755+0000] {logging_mixin.py:188} INFO - [2024-06-09T06:07:56.755+0000] {dag.py:3096} INFO - Sync 3 DAGs
[2024-06-09T06:07:56.784+0000] {logging_mixin.py:188} INFO - [2024-06-09T06:07:56.783+0000] {dag.py:3954} INFO - Setting next_dagrun for example_subdag_operator to 2022-01-01 00:00:00+00:00, run_after=2022-01-01 00:00:00+00:00
[2024-06-09T06:07:56.789+0000] {logging_mixin.py:188} INFO - [2024-06-09T06:07:56.789+0000] {dag.py:3954} INFO - Setting next_dagrun for example_subdag_operator.section-1 to None, run_after=None
[2024-06-09T06:07:56.791+0000] {logging_mixin.py:188} INFO - [2024-06-09T06:07:56.791+0000] {dag.py:3954} INFO - Setting next_dagrun for example_subdag_operator.section-2 to None, run_after=None
[2024-06-09T06:07:56.800+0000] {logging_mixin.py:188} INFO - [2024-06-09T06:07:56.799+0000] {dag.py:3096} INFO - Sync 2 DAGs
[2024-06-09T06:07:56.806+0000] {logging_mixin.py:188} INFO - [2024-06-09T06:07:56.806+0000] {dag.py:3954} INFO - Setting next_dagrun for example_subdag_operator.section-1 to None, run_after=None
[2024-06-09T06:07:56.807+0000] {logging_mixin.py:188} INFO - [2024-06-09T06:07:56.807+0000] {dag.py:3954} INFO - Setting next_dagrun for example_subdag_operator.section-2 to None, run_after=None
[2024-06-09T06:07:56.821+0000] {processor.py:183} INFO - Processing /home/airflow/.local/lib/python3.12/site-packages/airflow/example_dags/example_subdag_operator.py took 0.134 seconds
[2024-06-09T06:08:37.875+0000] {processor.py:161} INFO - Started process (PID=65127) to work on /home/airflow/.local/lib/python3.12/site-packages/airflow/example_dags/example_subdag_operator.py
[2024-06-09T06:08:37.877+0000] {processor.py:830} INFO - Processing file /home/airflow/.local/lib/python3.12/site-packages/airflow/example_dags/example_subdag_operator.py for tasks to queue
[2024-06-09T06:08:37.878+0000] {logging_mixin.py:188} INFO - [2024-06-09T06:08:37.878+0000] {dagbag.py:545} INFO - Filling up the DagBag from /home/airflow/.local/lib/python3.12/site-packages/airflow/example_dags/example_subdag_operator.py
[2024-06-09T06:08:37.910+0000] {processor.py:840} INFO - DAG(s) 'example_subdag_operator.section-1', 'example_subdag_operator.section-2', 'example_subdag_operator' retrieved from /home/airflow/.local/lib/python3.12/site-packages/airflow/example_dags/example_subdag_operator.py
[2024-06-09T06:08:37.931+0000] {logging_mixin.py:188} INFO - [2024-06-09T06:08:37.931+0000] {dag.py:3096} INFO - Sync 3 DAGs
[2024-06-09T06:08:37.959+0000] {logging_mixin.py:188} INFO - [2024-06-09T06:08:37.959+0000] {dag.py:3954} INFO - Setting next_dagrun for example_subdag_operator to 2022-01-01 00:00:00+00:00, run_after=2022-01-01 00:00:00+00:00
[2024-06-09T06:08:37.964+0000] {logging_mixin.py:188} INFO - [2024-06-09T06:08:37.964+0000] {dag.py:3954} INFO - Setting next_dagrun for example_subdag_operator.section-1 to None, run_after=None
[2024-06-09T06:08:37.966+0000] {logging_mixin.py:188} INFO - [2024-06-09T06:08:37.966+0000] {dag.py:3954} INFO - Setting next_dagrun for example_subdag_operator.section-2 to None, run_after=None
[2024-06-09T06:08:37.976+0000] {logging_mixin.py:188} INFO - [2024-06-09T06:08:37.976+0000] {dag.py:3096} INFO - Sync 2 DAGs
[2024-06-09T06:08:37.982+0000] {logging_mixin.py:188} INFO - [2024-06-09T06:08:37.982+0000] {dag.py:3954} INFO - Setting next_dagrun for example_subdag_operator.section-1 to None, run_after=None
[2024-06-09T06:08:37.983+0000] {logging_mixin.py:188} INFO - [2024-06-09T06:08:37.983+0000] {dag.py:3954} INFO - Setting next_dagrun for example_subdag_operator.section-2 to None, run_after=None
[2024-06-09T06:08:37.997+0000] {processor.py:183} INFO - Processing /home/airflow/.local/lib/python3.12/site-packages/airflow/example_dags/example_subdag_operator.py took 0.130 seconds
[2024-06-09T07:09:21.588+0000] {processor.py:161} INFO - Started process (PID=65181) to work on /home/airflow/.local/lib/python3.12/site-packages/airflow/example_dags/example_subdag_operator.py
[2024-06-09T07:09:21.590+0000] {processor.py:830} INFO - Processing file /home/airflow/.local/lib/python3.12/site-packages/airflow/example_dags/example_subdag_operator.py for tasks to queue
[2024-06-09T07:09:21.593+0000] {logging_mixin.py:188} INFO - [2024-06-09T07:09:21.592+0000] {dagbag.py:545} INFO - Filling up the DagBag from /home/airflow/.local/lib/python3.12/site-packages/airflow/example_dags/example_subdag_operator.py
[2024-06-09T07:09:21.635+0000] {processor.py:840} INFO - DAG(s) 'example_subdag_operator.section-1', 'example_subdag_operator.section-2', 'example_subdag_operator' retrieved from /home/airflow/.local/lib/python3.12/site-packages/airflow/example_dags/example_subdag_operator.py
[2024-06-09T07:09:21.664+0000] {logging_mixin.py:188} INFO - [2024-06-09T07:09:21.664+0000] {dag.py:3096} INFO - Sync 3 DAGs
[2024-06-09T07:09:21.703+0000] {logging_mixin.py:188} INFO - [2024-06-09T07:09:21.703+0000] {dag.py:3954} INFO - Setting next_dagrun for example_subdag_operator to 2022-01-01 00:00:00+00:00, run_after=2022-01-01 00:00:00+00:00
[2024-06-09T07:09:21.711+0000] {logging_mixin.py:188} INFO - [2024-06-09T07:09:21.710+0000] {dag.py:3954} INFO - Setting next_dagrun for example_subdag_operator.section-1 to None, run_after=None
[2024-06-09T07:09:21.714+0000] {logging_mixin.py:188} INFO - [2024-06-09T07:09:21.714+0000] {dag.py:3954} INFO - Setting next_dagrun for example_subdag_operator.section-2 to None, run_after=None
[2024-06-09T07:09:21.725+0000] {logging_mixin.py:188} INFO - [2024-06-09T07:09:21.724+0000] {dag.py:3096} INFO - Sync 2 DAGs
[2024-06-09T07:09:21.731+0000] {logging_mixin.py:188} INFO - [2024-06-09T07:09:21.731+0000] {dag.py:3954} INFO - Setting next_dagrun for example_subdag_operator.section-1 to None, run_after=None
[2024-06-09T07:09:21.735+0000] {logging_mixin.py:188} INFO - [2024-06-09T07:09:21.734+0000] {dag.py:3954} INFO - Setting next_dagrun for example_subdag_operator.section-2 to None, run_after=None
[2024-06-09T07:09:21.749+0000] {processor.py:183} INFO - Processing /home/airflow/.local/lib/python3.12/site-packages/airflow/example_dags/example_subdag_operator.py took 0.173 seconds
[2024-06-09T08:10:21.101+0000] {processor.py:161} INFO - Started process (PID=65247) to work on /home/airflow/.local/lib/python3.12/site-packages/airflow/example_dags/example_subdag_operator.py
[2024-06-09T08:10:21.102+0000] {processor.py:830} INFO - Processing file /home/airflow/.local/lib/python3.12/site-packages/airflow/example_dags/example_subdag_operator.py for tasks to queue
[2024-06-09T08:10:21.104+0000] {logging_mixin.py:188} INFO - [2024-06-09T08:10:21.103+0000] {dagbag.py:545} INFO - Filling up the DagBag from /home/airflow/.local/lib/python3.12/site-packages/airflow/example_dags/example_subdag_operator.py
[2024-06-09T08:10:21.134+0000] {processor.py:840} INFO - DAG(s) 'example_subdag_operator.section-1', 'example_subdag_operator.section-2', 'example_subdag_operator' retrieved from /home/airflow/.local/lib/python3.12/site-packages/airflow/example_dags/example_subdag_operator.py
[2024-06-09T08:10:21.154+0000] {logging_mixin.py:188} INFO - [2024-06-09T08:10:21.154+0000] {dag.py:3096} INFO - Sync 3 DAGs
[2024-06-09T08:10:21.182+0000] {logging_mixin.py:188} INFO - [2024-06-09T08:10:21.182+0000] {dag.py:3954} INFO - Setting next_dagrun for example_subdag_operator to 2022-01-01 00:00:00+00:00, run_after=2022-01-01 00:00:00+00:00
[2024-06-09T08:10:21.187+0000] {logging_mixin.py:188} INFO - [2024-06-09T08:10:21.187+0000] {dag.py:3954} INFO - Setting next_dagrun for example_subdag_operator.section-1 to None, run_after=None
[2024-06-09T08:10:21.190+0000] {logging_mixin.py:188} INFO - [2024-06-09T08:10:21.190+0000] {dag.py:3954} INFO - Setting next_dagrun for example_subdag_operator.section-2 to None, run_after=None
[2024-06-09T08:10:21.199+0000] {logging_mixin.py:188} INFO - [2024-06-09T08:10:21.199+0000] {dag.py:3096} INFO - Sync 2 DAGs
[2024-06-09T08:10:21.206+0000] {logging_mixin.py:188} INFO - [2024-06-09T08:10:21.206+0000] {dag.py:3954} INFO - Setting next_dagrun for example_subdag_operator.section-1 to None, run_after=None
[2024-06-09T08:10:21.207+0000] {logging_mixin.py:188} INFO - [2024-06-09T08:10:21.207+0000] {dag.py:3954} INFO - Setting next_dagrun for example_subdag_operator.section-2 to None, run_after=None
[2024-06-09T08:10:21.221+0000] {processor.py:183} INFO - Processing /home/airflow/.local/lib/python3.12/site-packages/airflow/example_dags/example_subdag_operator.py took 0.127 seconds
[2024-06-09T09:11:18.708+0000] {processor.py:161} INFO - Started process (PID=65307) to work on /home/airflow/.local/lib/python3.12/site-packages/airflow/example_dags/example_subdag_operator.py
[2024-06-09T09:11:18.710+0000] {processor.py:830} INFO - Processing file /home/airflow/.local/lib/python3.12/site-packages/airflow/example_dags/example_subdag_operator.py for tasks to queue
[2024-06-09T09:11:18.712+0000] {logging_mixin.py:188} INFO - [2024-06-09T09:11:18.711+0000] {dagbag.py:545} INFO - Filling up the DagBag from /home/airflow/.local/lib/python3.12/site-packages/airflow/example_dags/example_subdag_operator.py
[2024-06-09T09:11:18.766+0000] {processor.py:840} INFO - DAG(s) 'example_subdag_operator.section-1', 'example_subdag_operator.section-2', 'example_subdag_operator' retrieved from /home/airflow/.local/lib/python3.12/site-packages/airflow/example_dags/example_subdag_operator.py
[2024-06-09T09:11:18.806+0000] {logging_mixin.py:188} INFO - [2024-06-09T09:11:18.805+0000] {dag.py:3096} INFO - Sync 3 DAGs
[2024-06-09T09:11:18.844+0000] {logging_mixin.py:188} INFO - [2024-06-09T09:11:18.844+0000] {dag.py:3954} INFO - Setting next_dagrun for example_subdag_operator to 2022-01-01 00:00:00+00:00, run_after=2022-01-01 00:00:00+00:00
[2024-06-09T09:11:18.850+0000] {logging_mixin.py:188} INFO - [2024-06-09T09:11:18.850+0000] {dag.py:3954} INFO - Setting next_dagrun for example_subdag_operator.section-1 to None, run_after=None
[2024-06-09T09:11:18.855+0000] {logging_mixin.py:188} INFO - [2024-06-09T09:11:18.855+0000] {dag.py:3954} INFO - Setting next_dagrun for example_subdag_operator.section-2 to None, run_after=None
[2024-06-09T09:11:18.866+0000] {logging_mixin.py:188} INFO - [2024-06-09T09:11:18.866+0000] {dag.py:3096} INFO - Sync 2 DAGs
[2024-06-09T09:11:18.876+0000] {logging_mixin.py:188} INFO - [2024-06-09T09:11:18.875+0000] {dag.py:3954} INFO - Setting next_dagrun for example_subdag_operator.section-1 to None, run_after=None
[2024-06-09T09:11:18.877+0000] {logging_mixin.py:188} INFO - [2024-06-09T09:11:18.877+0000] {dag.py:3954} INFO - Setting next_dagrun for example_subdag_operator.section-2 to None, run_after=None
[2024-06-09T09:11:18.892+0000] {processor.py:183} INFO - Processing /home/airflow/.local/lib/python3.12/site-packages/airflow/example_dags/example_subdag_operator.py took 0.196 seconds
[2024-06-09T09:11:58.282+0000] {processor.py:161} INFO - Started process (PID=65367) to work on /home/airflow/.local/lib/python3.12/site-packages/airflow/example_dags/example_subdag_operator.py
[2024-06-09T09:11:58.285+0000] {processor.py:830} INFO - Processing file /home/airflow/.local/lib/python3.12/site-packages/airflow/example_dags/example_subdag_operator.py for tasks to queue
[2024-06-09T09:11:58.287+0000] {logging_mixin.py:188} INFO - [2024-06-09T09:11:58.286+0000] {dagbag.py:545} INFO - Filling up the DagBag from /home/airflow/.local/lib/python3.12/site-packages/airflow/example_dags/example_subdag_operator.py
[2024-06-09T09:11:58.334+0000] {processor.py:840} INFO - DAG(s) 'example_subdag_operator.section-1', 'example_subdag_operator.section-2', 'example_subdag_operator' retrieved from /home/airflow/.local/lib/python3.12/site-packages/airflow/example_dags/example_subdag_operator.py
[2024-06-09T09:11:58.379+0000] {logging_mixin.py:188} INFO - [2024-06-09T09:11:58.379+0000] {dag.py:3096} INFO - Sync 3 DAGs
[2024-06-09T09:11:58.426+0000] {logging_mixin.py:188} INFO - [2024-06-09T09:11:58.426+0000] {dag.py:3954} INFO - Setting next_dagrun for example_subdag_operator to 2022-01-01 00:00:00+00:00, run_after=2022-01-01 00:00:00+00:00
[2024-06-09T09:11:58.434+0000] {logging_mixin.py:188} INFO - [2024-06-09T09:11:58.434+0000] {dag.py:3954} INFO - Setting next_dagrun for example_subdag_operator.section-1 to None, run_after=None
[2024-06-09T09:11:58.438+0000] {logging_mixin.py:188} INFO - [2024-06-09T09:11:58.438+0000] {dag.py:3954} INFO - Setting next_dagrun for example_subdag_operator.section-2 to None, run_after=None
[2024-06-09T09:11:58.453+0000] {logging_mixin.py:188} INFO - [2024-06-09T09:11:58.453+0000] {dag.py:3096} INFO - Sync 2 DAGs
[2024-06-09T09:11:58.466+0000] {logging_mixin.py:188} INFO - [2024-06-09T09:11:58.465+0000] {dag.py:3954} INFO - Setting next_dagrun for example_subdag_operator.section-1 to None, run_after=None
[2024-06-09T09:11:58.467+0000] {logging_mixin.py:188} INFO - [2024-06-09T09:11:58.467+0000] {dag.py:3954} INFO - Setting next_dagrun for example_subdag_operator.section-2 to None, run_after=None
[2024-06-09T09:11:58.491+0000] {processor.py:183} INFO - Processing /home/airflow/.local/lib/python3.12/site-packages/airflow/example_dags/example_subdag_operator.py took 0.220 seconds
[2024-06-09T10:12:48.640+0000] {processor.py:161} INFO - Started process (PID=65427) to work on /home/airflow/.local/lib/python3.12/site-packages/airflow/example_dags/example_subdag_operator.py
[2024-06-09T10:12:48.642+0000] {processor.py:830} INFO - Processing file /home/airflow/.local/lib/python3.12/site-packages/airflow/example_dags/example_subdag_operator.py for tasks to queue
[2024-06-09T10:12:48.643+0000] {logging_mixin.py:188} INFO - [2024-06-09T10:12:48.642+0000] {dagbag.py:545} INFO - Filling up the DagBag from /home/airflow/.local/lib/python3.12/site-packages/airflow/example_dags/example_subdag_operator.py
[2024-06-09T10:12:48.672+0000] {processor.py:840} INFO - DAG(s) 'example_subdag_operator.section-1', 'example_subdag_operator.section-2', 'example_subdag_operator' retrieved from /home/airflow/.local/lib/python3.12/site-packages/airflow/example_dags/example_subdag_operator.py
[2024-06-09T10:12:48.693+0000] {logging_mixin.py:188} INFO - [2024-06-09T10:12:48.693+0000] {dag.py:3096} INFO - Sync 3 DAGs
[2024-06-09T10:12:48.721+0000] {logging_mixin.py:188} INFO - [2024-06-09T10:12:48.721+0000] {dag.py:3954} INFO - Setting next_dagrun for example_subdag_operator to 2022-01-01 00:00:00+00:00, run_after=2022-01-01 00:00:00+00:00
[2024-06-09T10:12:48.727+0000] {logging_mixin.py:188} INFO - [2024-06-09T10:12:48.727+0000] {dag.py:3954} INFO - Setting next_dagrun for example_subdag_operator.section-1 to None, run_after=None
[2024-06-09T10:12:48.730+0000] {logging_mixin.py:188} INFO - [2024-06-09T10:12:48.729+0000] {dag.py:3954} INFO - Setting next_dagrun for example_subdag_operator.section-2 to None, run_after=None
[2024-06-09T10:12:48.741+0000] {logging_mixin.py:188} INFO - [2024-06-09T10:12:48.741+0000] {dag.py:3096} INFO - Sync 2 DAGs
[2024-06-09T10:12:48.748+0000] {logging_mixin.py:188} INFO - [2024-06-09T10:12:48.747+0000] {dag.py:3954} INFO - Setting next_dagrun for example_subdag_operator.section-1 to None, run_after=None
[2024-06-09T10:12:48.748+0000] {logging_mixin.py:188} INFO - [2024-06-09T10:12:48.748+0000] {dag.py:3954} INFO - Setting next_dagrun for example_subdag_operator.section-2 to None, run_after=None
[2024-06-09T10:12:48.762+0000] {processor.py:183} INFO - Processing /home/airflow/.local/lib/python3.12/site-packages/airflow/example_dags/example_subdag_operator.py took 0.129 seconds
[2024-06-09T11:13:46.074+0000] {processor.py:161} INFO - Started process (PID=65487) to work on /home/airflow/.local/lib/python3.12/site-packages/airflow/example_dags/example_subdag_operator.py
[2024-06-09T11:13:46.077+0000] {processor.py:830} INFO - Processing file /home/airflow/.local/lib/python3.12/site-packages/airflow/example_dags/example_subdag_operator.py for tasks to queue
[2024-06-09T11:13:46.078+0000] {logging_mixin.py:188} INFO - [2024-06-09T11:13:46.078+0000] {dagbag.py:545} INFO - Filling up the DagBag from /home/airflow/.local/lib/python3.12/site-packages/airflow/example_dags/example_subdag_operator.py
[2024-06-09T11:13:46.112+0000] {processor.py:840} INFO - DAG(s) 'example_subdag_operator.section-1', 'example_subdag_operator.section-2', 'example_subdag_operator' retrieved from /home/airflow/.local/lib/python3.12/site-packages/airflow/example_dags/example_subdag_operator.py
[2024-06-09T11:13:46.134+0000] {logging_mixin.py:188} INFO - [2024-06-09T11:13:46.133+0000] {dag.py:3096} INFO - Sync 3 DAGs
[2024-06-09T11:13:46.161+0000] {logging_mixin.py:188} INFO - [2024-06-09T11:13:46.161+0000] {dag.py:3954} INFO - Setting next_dagrun for example_subdag_operator to 2022-01-01 00:00:00+00:00, run_after=2022-01-01 00:00:00+00:00
[2024-06-09T11:13:46.167+0000] {logging_mixin.py:188} INFO - [2024-06-09T11:13:46.167+0000] {dag.py:3954} INFO - Setting next_dagrun for example_subdag_operator.section-1 to None, run_after=None
[2024-06-09T11:13:46.170+0000] {logging_mixin.py:188} INFO - [2024-06-09T11:13:46.169+0000] {dag.py:3954} INFO - Setting next_dagrun for example_subdag_operator.section-2 to None, run_after=None
[2024-06-09T11:13:46.179+0000] {logging_mixin.py:188} INFO - [2024-06-09T11:13:46.178+0000] {dag.py:3096} INFO - Sync 2 DAGs
[2024-06-09T11:13:46.185+0000] {logging_mixin.py:188} INFO - [2024-06-09T11:13:46.185+0000] {dag.py:3954} INFO - Setting next_dagrun for example_subdag_operator.section-1 to None, run_after=None
[2024-06-09T11:13:46.186+0000] {logging_mixin.py:188} INFO - [2024-06-09T11:13:46.186+0000] {dag.py:3954} INFO - Setting next_dagrun for example_subdag_operator.section-2 to None, run_after=None
[2024-06-09T11:13:46.200+0000] {processor.py:183} INFO - Processing /home/airflow/.local/lib/python3.12/site-packages/airflow/example_dags/example_subdag_operator.py took 0.134 seconds
[2024-06-09T11:18:36.914+0000] {processor.py:161} INFO - Started process (PID=65546) to work on /home/airflow/.local/lib/python3.12/site-packages/airflow/example_dags/example_subdag_operator.py
[2024-06-09T11:18:36.915+0000] {processor.py:830} INFO - Processing file /home/airflow/.local/lib/python3.12/site-packages/airflow/example_dags/example_subdag_operator.py for tasks to queue
[2024-06-09T11:18:36.917+0000] {logging_mixin.py:188} INFO - [2024-06-09T11:18:36.916+0000] {dagbag.py:545} INFO - Filling up the DagBag from /home/airflow/.local/lib/python3.12/site-packages/airflow/example_dags/example_subdag_operator.py
[2024-06-09T11:18:36.950+0000] {processor.py:840} INFO - DAG(s) 'example_subdag_operator.section-1', 'example_subdag_operator.section-2', 'example_subdag_operator' retrieved from /home/airflow/.local/lib/python3.12/site-packages/airflow/example_dags/example_subdag_operator.py
[2024-06-09T11:18:36.973+0000] {logging_mixin.py:188} INFO - [2024-06-09T11:18:36.973+0000] {dag.py:3096} INFO - Sync 3 DAGs
[2024-06-09T11:18:37.004+0000] {logging_mixin.py:188} INFO - [2024-06-09T11:18:37.004+0000] {dag.py:3954} INFO - Setting next_dagrun for example_subdag_operator to 2022-01-01 00:00:00+00:00, run_after=2022-01-01 00:00:00+00:00
[2024-06-09T11:18:37.009+0000] {logging_mixin.py:188} INFO - [2024-06-09T11:18:37.009+0000] {dag.py:3954} INFO - Setting next_dagrun for example_subdag_operator.section-1 to None, run_after=None
[2024-06-09T11:18:37.011+0000] {logging_mixin.py:188} INFO - [2024-06-09T11:18:37.011+0000] {dag.py:3954} INFO - Setting next_dagrun for example_subdag_operator.section-2 to None, run_after=None
[2024-06-09T11:18:37.020+0000] {logging_mixin.py:188} INFO - [2024-06-09T11:18:37.020+0000] {dag.py:3096} INFO - Sync 2 DAGs
[2024-06-09T11:18:37.027+0000] {logging_mixin.py:188} INFO - [2024-06-09T11:18:37.026+0000] {dag.py:3954} INFO - Setting next_dagrun for example_subdag_operator.section-1 to None, run_after=None
[2024-06-09T11:18:37.028+0000] {logging_mixin.py:188} INFO - [2024-06-09T11:18:37.027+0000] {dag.py:3954} INFO - Setting next_dagrun for example_subdag_operator.section-2 to None, run_after=None
[2024-06-09T11:18:37.041+0000] {processor.py:183} INFO - Processing /home/airflow/.local/lib/python3.12/site-packages/airflow/example_dags/example_subdag_operator.py took 0.135 seconds
[2024-06-09T11:19:07.237+0000] {processor.py:161} INFO - Started process (PID=65606) to work on /home/airflow/.local/lib/python3.12/site-packages/airflow/example_dags/example_subdag_operator.py
[2024-06-09T11:19:07.238+0000] {processor.py:830} INFO - Processing file /home/airflow/.local/lib/python3.12/site-packages/airflow/example_dags/example_subdag_operator.py for tasks to queue
[2024-06-09T11:19:07.240+0000] {logging_mixin.py:188} INFO - [2024-06-09T11:19:07.239+0000] {dagbag.py:545} INFO - Filling up the DagBag from /home/airflow/.local/lib/python3.12/site-packages/airflow/example_dags/example_subdag_operator.py
[2024-06-09T11:19:07.272+0000] {processor.py:840} INFO - DAG(s) 'example_subdag_operator.section-1', 'example_subdag_operator.section-2', 'example_subdag_operator' retrieved from /home/airflow/.local/lib/python3.12/site-packages/airflow/example_dags/example_subdag_operator.py
[2024-06-09T11:19:07.293+0000] {logging_mixin.py:188} INFO - [2024-06-09T11:19:07.293+0000] {dag.py:3096} INFO - Sync 3 DAGs
[2024-06-09T11:19:07.322+0000] {logging_mixin.py:188} INFO - [2024-06-09T11:19:07.322+0000] {dag.py:3954} INFO - Setting next_dagrun for example_subdag_operator to 2022-01-01 00:00:00+00:00, run_after=2022-01-01 00:00:00+00:00
[2024-06-09T11:19:07.327+0000] {logging_mixin.py:188} INFO - [2024-06-09T11:19:07.327+0000] {dag.py:3954} INFO - Setting next_dagrun for example_subdag_operator.section-1 to None, run_after=None
[2024-06-09T11:19:07.329+0000] {logging_mixin.py:188} INFO - [2024-06-09T11:19:07.329+0000] {dag.py:3954} INFO - Setting next_dagrun for example_subdag_operator.section-2 to None, run_after=None
[2024-06-09T11:19:07.339+0000] {logging_mixin.py:188} INFO - [2024-06-09T11:19:07.339+0000] {dag.py:3096} INFO - Sync 2 DAGs
[2024-06-09T11:19:07.345+0000] {logging_mixin.py:188} INFO - [2024-06-09T11:19:07.345+0000] {dag.py:3954} INFO - Setting next_dagrun for example_subdag_operator.section-1 to None, run_after=None
[2024-06-09T11:19:07.346+0000] {logging_mixin.py:188} INFO - [2024-06-09T11:19:07.346+0000] {dag.py:3954} INFO - Setting next_dagrun for example_subdag_operator.section-2 to None, run_after=None
[2024-06-09T11:19:07.362+0000] {processor.py:183} INFO - Processing /home/airflow/.local/lib/python3.12/site-packages/airflow/example_dags/example_subdag_operator.py took 0.134 seconds
[2024-06-09T12:14:52.468+0000] {processor.py:161} INFO - Started process (PID=65666) to work on /home/airflow/.local/lib/python3.12/site-packages/airflow/example_dags/example_subdag_operator.py
[2024-06-09T12:14:52.470+0000] {processor.py:830} INFO - Processing file /home/airflow/.local/lib/python3.12/site-packages/airflow/example_dags/example_subdag_operator.py for tasks to queue
[2024-06-09T12:14:52.472+0000] {logging_mixin.py:188} INFO - [2024-06-09T12:14:52.471+0000] {dagbag.py:545} INFO - Filling up the DagBag from /home/airflow/.local/lib/python3.12/site-packages/airflow/example_dags/example_subdag_operator.py
[2024-06-09T12:14:52.515+0000] {processor.py:840} INFO - DAG(s) 'example_subdag_operator.section-1', 'example_subdag_operator.section-2', 'example_subdag_operator' retrieved from /home/airflow/.local/lib/python3.12/site-packages/airflow/example_dags/example_subdag_operator.py
[2024-06-09T12:14:52.555+0000] {logging_mixin.py:188} INFO - [2024-06-09T12:14:52.554+0000] {dag.py:3096} INFO - Sync 3 DAGs
[2024-06-09T12:14:52.592+0000] {logging_mixin.py:188} INFO - [2024-06-09T12:14:52.592+0000] {dag.py:3954} INFO - Setting next_dagrun for example_subdag_operator to 2022-01-01 00:00:00+00:00, run_after=2022-01-01 00:00:00+00:00
[2024-06-09T12:14:52.599+0000] {logging_mixin.py:188} INFO - [2024-06-09T12:14:52.599+0000] {dag.py:3954} INFO - Setting next_dagrun for example_subdag_operator.section-1 to None, run_after=None
[2024-06-09T12:14:52.604+0000] {logging_mixin.py:188} INFO - [2024-06-09T12:14:52.603+0000] {dag.py:3954} INFO - Setting next_dagrun for example_subdag_operator.section-2 to None, run_after=None
[2024-06-09T12:14:52.620+0000] {logging_mixin.py:188} INFO - [2024-06-09T12:14:52.620+0000] {dag.py:3096} INFO - Sync 2 DAGs
[2024-06-09T12:14:52.630+0000] {logging_mixin.py:188} INFO - [2024-06-09T12:14:52.630+0000] {dag.py:3954} INFO - Setting next_dagrun for example_subdag_operator.section-1 to None, run_after=None
[2024-06-09T12:14:52.631+0000] {logging_mixin.py:188} INFO - [2024-06-09T12:14:52.631+0000] {dag.py:3954} INFO - Setting next_dagrun for example_subdag_operator.section-2 to None, run_after=None
[2024-06-09T12:14:52.651+0000] {processor.py:183} INFO - Processing /home/airflow/.local/lib/python3.12/site-packages/airflow/example_dags/example_subdag_operator.py took 0.192 seconds
[2024-06-09T13:15:51.111+0000] {processor.py:161} INFO - Started process (PID=65726) to work on /home/airflow/.local/lib/python3.12/site-packages/airflow/example_dags/example_subdag_operator.py
[2024-06-09T13:15:51.112+0000] {processor.py:830} INFO - Processing file /home/airflow/.local/lib/python3.12/site-packages/airflow/example_dags/example_subdag_operator.py for tasks to queue
[2024-06-09T13:15:51.114+0000] {logging_mixin.py:188} INFO - [2024-06-09T13:15:51.113+0000] {dagbag.py:545} INFO - Filling up the DagBag from /home/airflow/.local/lib/python3.12/site-packages/airflow/example_dags/example_subdag_operator.py
[2024-06-09T13:15:51.143+0000] {processor.py:840} INFO - DAG(s) 'example_subdag_operator.section-1', 'example_subdag_operator.section-2', 'example_subdag_operator' retrieved from /home/airflow/.local/lib/python3.12/site-packages/airflow/example_dags/example_subdag_operator.py
[2024-06-09T13:15:51.164+0000] {logging_mixin.py:188} INFO - [2024-06-09T13:15:51.164+0000] {dag.py:3096} INFO - Sync 3 DAGs
[2024-06-09T13:15:51.192+0000] {logging_mixin.py:188} INFO - [2024-06-09T13:15:51.191+0000] {dag.py:3954} INFO - Setting next_dagrun for example_subdag_operator to 2022-01-01 00:00:00+00:00, run_after=2022-01-01 00:00:00+00:00
[2024-06-09T13:15:51.197+0000] {logging_mixin.py:188} INFO - [2024-06-09T13:15:51.196+0000] {dag.py:3954} INFO - Setting next_dagrun for example_subdag_operator.section-1 to None, run_after=None
[2024-06-09T13:15:51.199+0000] {logging_mixin.py:188} INFO - [2024-06-09T13:15:51.199+0000] {dag.py:3954} INFO - Setting next_dagrun for example_subdag_operator.section-2 to None, run_after=None
[2024-06-09T13:15:51.208+0000] {logging_mixin.py:188} INFO - [2024-06-09T13:15:51.208+0000] {dag.py:3096} INFO - Sync 2 DAGs
[2024-06-09T13:15:51.214+0000] {logging_mixin.py:188} INFO - [2024-06-09T13:15:51.214+0000] {dag.py:3954} INFO - Setting next_dagrun for example_subdag_operator.section-1 to None, run_after=None
[2024-06-09T13:15:51.215+0000] {logging_mixin.py:188} INFO - [2024-06-09T13:15:51.215+0000] {dag.py:3954} INFO - Setting next_dagrun for example_subdag_operator.section-2 to None, run_after=None
[2024-06-09T13:15:51.228+0000] {processor.py:183} INFO - Processing /home/airflow/.local/lib/python3.12/site-packages/airflow/example_dags/example_subdag_operator.py took 0.125 seconds
[2024-06-09T13:16:32.344+0000] {processor.py:161} INFO - Started process (PID=65786) to work on /home/airflow/.local/lib/python3.12/site-packages/airflow/example_dags/example_subdag_operator.py
[2024-06-09T13:16:32.347+0000] {processor.py:830} INFO - Processing file /home/airflow/.local/lib/python3.12/site-packages/airflow/example_dags/example_subdag_operator.py for tasks to queue
[2024-06-09T13:16:32.349+0000] {logging_mixin.py:188} INFO - [2024-06-09T13:16:32.349+0000] {dagbag.py:545} INFO - Filling up the DagBag from /home/airflow/.local/lib/python3.12/site-packages/airflow/example_dags/example_subdag_operator.py
[2024-06-09T13:16:32.398+0000] {processor.py:840} INFO - DAG(s) 'example_subdag_operator.section-1', 'example_subdag_operator.section-2', 'example_subdag_operator' retrieved from /home/airflow/.local/lib/python3.12/site-packages/airflow/example_dags/example_subdag_operator.py
[2024-06-09T13:16:32.442+0000] {logging_mixin.py:188} INFO - [2024-06-09T13:16:32.441+0000] {dag.py:3096} INFO - Sync 3 DAGs
[2024-06-09T13:16:32.517+0000] {logging_mixin.py:188} INFO - [2024-06-09T13:16:32.516+0000] {dag.py:3954} INFO - Setting next_dagrun for example_subdag_operator to 2022-01-01 00:00:00+00:00, run_after=2022-01-01 00:00:00+00:00
[2024-06-09T13:16:32.544+0000] {logging_mixin.py:188} INFO - [2024-06-09T13:16:32.543+0000] {dag.py:3954} INFO - Setting next_dagrun for example_subdag_operator.section-1 to None, run_after=None
[2024-06-09T13:16:32.550+0000] {logging_mixin.py:188} INFO - [2024-06-09T13:16:32.549+0000] {dag.py:3954} INFO - Setting next_dagrun for example_subdag_operator.section-2 to None, run_after=None
[2024-06-09T13:16:32.578+0000] {logging_mixin.py:188} INFO - [2024-06-09T13:16:32.578+0000] {dag.py:3096} INFO - Sync 2 DAGs
[2024-06-09T13:16:32.609+0000] {logging_mixin.py:188} INFO - [2024-06-09T13:16:32.608+0000] {dag.py:3954} INFO - Setting next_dagrun for example_subdag_operator.section-1 to None, run_after=None
[2024-06-09T13:16:32.610+0000] {logging_mixin.py:188} INFO - [2024-06-09T13:16:32.610+0000] {dag.py:3954} INFO - Setting next_dagrun for example_subdag_operator.section-2 to None, run_after=None
[2024-06-09T13:16:32.646+0000] {processor.py:183} INFO - Processing /home/airflow/.local/lib/python3.12/site-packages/airflow/example_dags/example_subdag_operator.py took 0.322 seconds
[2024-06-09T14:17:14.445+0000] {processor.py:161} INFO - Started process (PID=65840) to work on /home/airflow/.local/lib/python3.12/site-packages/airflow/example_dags/example_subdag_operator.py
[2024-06-09T14:17:14.447+0000] {processor.py:830} INFO - Processing file /home/airflow/.local/lib/python3.12/site-packages/airflow/example_dags/example_subdag_operator.py for tasks to queue
[2024-06-09T14:17:14.448+0000] {logging_mixin.py:188} INFO - [2024-06-09T14:17:14.448+0000] {dagbag.py:545} INFO - Filling up the DagBag from /home/airflow/.local/lib/python3.12/site-packages/airflow/example_dags/example_subdag_operator.py
[2024-06-09T14:17:14.489+0000] {processor.py:840} INFO - DAG(s) 'example_subdag_operator.section-1', 'example_subdag_operator.section-2', 'example_subdag_operator' retrieved from /home/airflow/.local/lib/python3.12/site-packages/airflow/example_dags/example_subdag_operator.py
[2024-06-09T14:17:14.516+0000] {logging_mixin.py:188} INFO - [2024-06-09T14:17:14.516+0000] {dag.py:3096} INFO - Sync 3 DAGs
[2024-06-09T14:17:14.546+0000] {logging_mixin.py:188} INFO - [2024-06-09T14:17:14.545+0000] {dag.py:3954} INFO - Setting next_dagrun for example_subdag_operator to 2022-01-01 00:00:00+00:00, run_after=2022-01-01 00:00:00+00:00
[2024-06-09T14:17:14.551+0000] {logging_mixin.py:188} INFO - [2024-06-09T14:17:14.550+0000] {dag.py:3954} INFO - Setting next_dagrun for example_subdag_operator.section-1 to None, run_after=None
[2024-06-09T14:17:14.553+0000] {logging_mixin.py:188} INFO - [2024-06-09T14:17:14.552+0000] {dag.py:3954} INFO - Setting next_dagrun for example_subdag_operator.section-2 to None, run_after=None
[2024-06-09T14:17:14.562+0000] {logging_mixin.py:188} INFO - [2024-06-09T14:17:14.562+0000] {dag.py:3096} INFO - Sync 2 DAGs
[2024-06-09T14:17:14.568+0000] {logging_mixin.py:188} INFO - [2024-06-09T14:17:14.568+0000] {dag.py:3954} INFO - Setting next_dagrun for example_subdag_operator.section-1 to None, run_after=None
[2024-06-09T14:17:14.569+0000] {logging_mixin.py:188} INFO - [2024-06-09T14:17:14.569+0000] {dag.py:3954} INFO - Setting next_dagrun for example_subdag_operator.section-2 to None, run_after=None
[2024-06-09T14:17:14.584+0000] {processor.py:183} INFO - Processing /home/airflow/.local/lib/python3.12/site-packages/airflow/example_dags/example_subdag_operator.py took 0.150 seconds
[2024-06-09T15:18:13.698+0000] {processor.py:161} INFO - Started process (PID=65900) to work on /home/airflow/.local/lib/python3.12/site-packages/airflow/example_dags/example_subdag_operator.py
[2024-06-09T15:18:13.699+0000] {processor.py:830} INFO - Processing file /home/airflow/.local/lib/python3.12/site-packages/airflow/example_dags/example_subdag_operator.py for tasks to queue
[2024-06-09T15:18:13.701+0000] {logging_mixin.py:188} INFO - [2024-06-09T15:18:13.701+0000] {dagbag.py:545} INFO - Filling up the DagBag from /home/airflow/.local/lib/python3.12/site-packages/airflow/example_dags/example_subdag_operator.py
[2024-06-09T15:18:13.734+0000] {processor.py:840} INFO - DAG(s) 'example_subdag_operator.section-1', 'example_subdag_operator.section-2', 'example_subdag_operator' retrieved from /home/airflow/.local/lib/python3.12/site-packages/airflow/example_dags/example_subdag_operator.py
[2024-06-09T15:18:13.756+0000] {logging_mixin.py:188} INFO - [2024-06-09T15:18:13.755+0000] {dag.py:3096} INFO - Sync 3 DAGs
[2024-06-09T15:18:13.782+0000] {logging_mixin.py:188} INFO - [2024-06-09T15:18:13.782+0000] {dag.py:3954} INFO - Setting next_dagrun for example_subdag_operator to 2022-01-01 00:00:00+00:00, run_after=2022-01-01 00:00:00+00:00
[2024-06-09T15:18:13.788+0000] {logging_mixin.py:188} INFO - [2024-06-09T15:18:13.788+0000] {dag.py:3954} INFO - Setting next_dagrun for example_subdag_operator.section-1 to None, run_after=None
[2024-06-09T15:18:13.790+0000] {logging_mixin.py:188} INFO - [2024-06-09T15:18:13.790+0000] {dag.py:3954} INFO - Setting next_dagrun for example_subdag_operator.section-2 to None, run_after=None
[2024-06-09T15:18:13.799+0000] {logging_mixin.py:188} INFO - [2024-06-09T15:18:13.798+0000] {dag.py:3096} INFO - Sync 2 DAGs
[2024-06-09T15:18:13.805+0000] {logging_mixin.py:188} INFO - [2024-06-09T15:18:13.805+0000] {dag.py:3954} INFO - Setting next_dagrun for example_subdag_operator.section-1 to None, run_after=None
[2024-06-09T15:18:13.806+0000] {logging_mixin.py:188} INFO - [2024-06-09T15:18:13.806+0000] {dag.py:3954} INFO - Setting next_dagrun for example_subdag_operator.section-2 to None, run_after=None
[2024-06-09T15:18:13.820+0000] {processor.py:183} INFO - Processing /home/airflow/.local/lib/python3.12/site-packages/airflow/example_dags/example_subdag_operator.py took 0.130 seconds
[2024-06-09T15:18:49.974+0000] {processor.py:161} INFO - Started process (PID=65960) to work on /home/airflow/.local/lib/python3.12/site-packages/airflow/example_dags/example_subdag_operator.py
[2024-06-09T15:18:49.976+0000] {processor.py:830} INFO - Processing file /home/airflow/.local/lib/python3.12/site-packages/airflow/example_dags/example_subdag_operator.py for tasks to queue
[2024-06-09T15:18:49.978+0000] {logging_mixin.py:188} INFO - [2024-06-09T15:18:49.978+0000] {dagbag.py:545} INFO - Filling up the DagBag from /home/airflow/.local/lib/python3.12/site-packages/airflow/example_dags/example_subdag_operator.py
[2024-06-09T15:18:50.030+0000] {processor.py:840} INFO - DAG(s) 'example_subdag_operator.section-1', 'example_subdag_operator.section-2', 'example_subdag_operator' retrieved from /home/airflow/.local/lib/python3.12/site-packages/airflow/example_dags/example_subdag_operator.py
[2024-06-09T15:18:50.070+0000] {logging_mixin.py:188} INFO - [2024-06-09T15:18:50.070+0000] {dag.py:3096} INFO - Sync 3 DAGs
[2024-06-09T15:18:50.118+0000] {logging_mixin.py:188} INFO - [2024-06-09T15:18:50.118+0000] {dag.py:3954} INFO - Setting next_dagrun for example_subdag_operator to 2022-01-01 00:00:00+00:00, run_after=2022-01-01 00:00:00+00:00
[2024-06-09T15:18:50.127+0000] {logging_mixin.py:188} INFO - [2024-06-09T15:18:50.127+0000] {dag.py:3954} INFO - Setting next_dagrun for example_subdag_operator.section-1 to None, run_after=None
[2024-06-09T15:18:50.131+0000] {logging_mixin.py:188} INFO - [2024-06-09T15:18:50.130+0000] {dag.py:3954} INFO - Setting next_dagrun for example_subdag_operator.section-2 to None, run_after=None
[2024-06-09T15:18:50.150+0000] {logging_mixin.py:188} INFO - [2024-06-09T15:18:50.149+0000] {dag.py:3096} INFO - Sync 2 DAGs
[2024-06-09T15:18:50.161+0000] {logging_mixin.py:188} INFO - [2024-06-09T15:18:50.161+0000] {dag.py:3954} INFO - Setting next_dagrun for example_subdag_operator.section-1 to None, run_after=None
[2024-06-09T15:18:50.163+0000] {logging_mixin.py:188} INFO - [2024-06-09T15:18:50.162+0000] {dag.py:3954} INFO - Setting next_dagrun for example_subdag_operator.section-2 to None, run_after=None
[2024-06-09T15:18:50.189+0000] {processor.py:183} INFO - Processing /home/airflow/.local/lib/python3.12/site-packages/airflow/example_dags/example_subdag_operator.py took 0.226 seconds
[2024-06-09T16:19:40.251+0000] {processor.py:161} INFO - Started process (PID=66020) to work on /home/airflow/.local/lib/python3.12/site-packages/airflow/example_dags/example_subdag_operator.py
[2024-06-09T16:19:40.253+0000] {processor.py:830} INFO - Processing file /home/airflow/.local/lib/python3.12/site-packages/airflow/example_dags/example_subdag_operator.py for tasks to queue
[2024-06-09T16:19:40.255+0000] {logging_mixin.py:188} INFO - [2024-06-09T16:19:40.254+0000] {dagbag.py:545} INFO - Filling up the DagBag from /home/airflow/.local/lib/python3.12/site-packages/airflow/example_dags/example_subdag_operator.py
[2024-06-09T16:19:40.288+0000] {processor.py:840} INFO - DAG(s) 'example_subdag_operator.section-1', 'example_subdag_operator.section-2', 'example_subdag_operator' retrieved from /home/airflow/.local/lib/python3.12/site-packages/airflow/example_dags/example_subdag_operator.py
[2024-06-09T16:19:40.310+0000] {logging_mixin.py:188} INFO - [2024-06-09T16:19:40.309+0000] {dag.py:3096} INFO - Sync 3 DAGs
[2024-06-09T16:19:40.337+0000] {logging_mixin.py:188} INFO - [2024-06-09T16:19:40.337+0000] {dag.py:3954} INFO - Setting next_dagrun for example_subdag_operator to 2022-01-01 00:00:00+00:00, run_after=2022-01-01 00:00:00+00:00
[2024-06-09T16:19:40.342+0000] {logging_mixin.py:188} INFO - [2024-06-09T16:19:40.342+0000] {dag.py:3954} INFO - Setting next_dagrun for example_subdag_operator.section-1 to None, run_after=None
[2024-06-09T16:19:40.345+0000] {logging_mixin.py:188} INFO - [2024-06-09T16:19:40.345+0000] {dag.py:3954} INFO - Setting next_dagrun for example_subdag_operator.section-2 to None, run_after=None
[2024-06-09T16:19:40.355+0000] {logging_mixin.py:188} INFO - [2024-06-09T16:19:40.355+0000] {dag.py:3096} INFO - Sync 2 DAGs
[2024-06-09T16:19:40.361+0000] {logging_mixin.py:188} INFO - [2024-06-09T16:19:40.361+0000] {dag.py:3954} INFO - Setting next_dagrun for example_subdag_operator.section-1 to None, run_after=None
[2024-06-09T16:19:40.362+0000] {logging_mixin.py:188} INFO - [2024-06-09T16:19:40.362+0000] {dag.py:3954} INFO - Setting next_dagrun for example_subdag_operator.section-2 to None, run_after=None
[2024-06-09T16:19:40.376+0000] {processor.py:183} INFO - Processing /home/airflow/.local/lib/python3.12/site-packages/airflow/example_dags/example_subdag_operator.py took 0.133 seconds
[2024-06-09T18:21:11.997+0000] {processor.py:161} INFO - Started process (PID=66091) to work on /home/airflow/.local/lib/python3.12/site-packages/airflow/example_dags/example_subdag_operator.py
[2024-06-09T18:21:11.999+0000] {processor.py:830} INFO - Processing file /home/airflow/.local/lib/python3.12/site-packages/airflow/example_dags/example_subdag_operator.py for tasks to queue
[2024-06-09T18:21:12.001+0000] {logging_mixin.py:188} INFO - [2024-06-09T18:21:12.000+0000] {dagbag.py:545} INFO - Filling up the DagBag from /home/airflow/.local/lib/python3.12/site-packages/airflow/example_dags/example_subdag_operator.py
[2024-06-09T18:21:12.042+0000] {processor.py:840} INFO - DAG(s) 'example_subdag_operator.section-1', 'example_subdag_operator.section-2', 'example_subdag_operator' retrieved from /home/airflow/.local/lib/python3.12/site-packages/airflow/example_dags/example_subdag_operator.py
[2024-06-09T18:21:12.074+0000] {logging_mixin.py:188} INFO - [2024-06-09T18:21:12.074+0000] {dag.py:3096} INFO - Sync 3 DAGs
[2024-06-09T18:21:12.119+0000] {logging_mixin.py:188} INFO - [2024-06-09T18:21:12.119+0000] {dag.py:3954} INFO - Setting next_dagrun for example_subdag_operator to 2022-01-01 00:00:00+00:00, run_after=2022-01-01 00:00:00+00:00
[2024-06-09T18:21:12.125+0000] {logging_mixin.py:188} INFO - [2024-06-09T18:21:12.125+0000] {dag.py:3954} INFO - Setting next_dagrun for example_subdag_operator.section-1 to None, run_after=None
[2024-06-09T18:21:12.133+0000] {logging_mixin.py:188} INFO - [2024-06-09T18:21:12.132+0000] {dag.py:3954} INFO - Setting next_dagrun for example_subdag_operator.section-2 to None, run_after=None
[2024-06-09T18:21:12.151+0000] {logging_mixin.py:188} INFO - [2024-06-09T18:21:12.150+0000] {dag.py:3096} INFO - Sync 2 DAGs
[2024-06-09T18:21:12.162+0000] {logging_mixin.py:188} INFO - [2024-06-09T18:21:12.162+0000] {dag.py:3954} INFO - Setting next_dagrun for example_subdag_operator.section-1 to None, run_after=None
[2024-06-09T18:21:12.164+0000] {logging_mixin.py:188} INFO - [2024-06-09T18:21:12.163+0000] {dag.py:3954} INFO - Setting next_dagrun for example_subdag_operator.section-2 to None, run_after=None
[2024-06-09T18:21:12.187+0000] {processor.py:183} INFO - Processing /home/airflow/.local/lib/python3.12/site-packages/airflow/example_dags/example_subdag_operator.py took 0.201 seconds
[2024-06-09T19:22:15.776+0000] {processor.py:161} INFO - Started process (PID=66184) to work on /home/airflow/.local/lib/python3.12/site-packages/airflow/example_dags/example_subdag_operator.py
[2024-06-09T19:22:15.780+0000] {processor.py:830} INFO - Processing file /home/airflow/.local/lib/python3.12/site-packages/airflow/example_dags/example_subdag_operator.py for tasks to queue
[2024-06-09T19:22:15.782+0000] {logging_mixin.py:188} INFO - [2024-06-09T19:22:15.781+0000] {dagbag.py:545} INFO - Filling up the DagBag from /home/airflow/.local/lib/python3.12/site-packages/airflow/example_dags/example_subdag_operator.py
[2024-06-09T19:22:15.831+0000] {processor.py:840} INFO - DAG(s) 'example_subdag_operator.section-1', 'example_subdag_operator.section-2', 'example_subdag_operator' retrieved from /home/airflow/.local/lib/python3.12/site-packages/airflow/example_dags/example_subdag_operator.py
[2024-06-09T19:22:15.862+0000] {logging_mixin.py:188} INFO - [2024-06-09T19:22:15.862+0000] {dag.py:3096} INFO - Sync 3 DAGs
[2024-06-09T19:22:15.905+0000] {logging_mixin.py:188} INFO - [2024-06-09T19:22:15.905+0000] {dag.py:3954} INFO - Setting next_dagrun for example_subdag_operator to 2022-01-01 00:00:00+00:00, run_after=2022-01-01 00:00:00+00:00
[2024-06-09T19:22:15.913+0000] {logging_mixin.py:188} INFO - [2024-06-09T19:22:15.912+0000] {dag.py:3954} INFO - Setting next_dagrun for example_subdag_operator.section-1 to None, run_after=None
[2024-06-09T19:22:15.916+0000] {logging_mixin.py:188} INFO - [2024-06-09T19:22:15.916+0000] {dag.py:3954} INFO - Setting next_dagrun for example_subdag_operator.section-2 to None, run_after=None
[2024-06-09T19:22:15.931+0000] {logging_mixin.py:188} INFO - [2024-06-09T19:22:15.930+0000] {dag.py:3096} INFO - Sync 2 DAGs
[2024-06-09T19:22:15.941+0000] {logging_mixin.py:188} INFO - [2024-06-09T19:22:15.940+0000] {dag.py:3954} INFO - Setting next_dagrun for example_subdag_operator.section-1 to None, run_after=None
[2024-06-09T19:22:15.942+0000] {logging_mixin.py:188} INFO - [2024-06-09T19:22:15.942+0000] {dag.py:3954} INFO - Setting next_dagrun for example_subdag_operator.section-2 to None, run_after=None
[2024-06-09T19:22:15.961+0000] {processor.py:183} INFO - Processing /home/airflow/.local/lib/python3.12/site-packages/airflow/example_dags/example_subdag_operator.py took 0.200 seconds
[2024-06-09T19:31:28.879+0000] {processor.py:161} INFO - Started process (PID=66244) to work on /home/airflow/.local/lib/python3.12/site-packages/airflow/example_dags/example_subdag_operator.py
[2024-06-09T19:31:28.880+0000] {processor.py:830} INFO - Processing file /home/airflow/.local/lib/python3.12/site-packages/airflow/example_dags/example_subdag_operator.py for tasks to queue
[2024-06-09T19:31:28.882+0000] {logging_mixin.py:188} INFO - [2024-06-09T19:31:28.881+0000] {dagbag.py:545} INFO - Filling up the DagBag from /home/airflow/.local/lib/python3.12/site-packages/airflow/example_dags/example_subdag_operator.py
[2024-06-09T19:31:28.919+0000] {processor.py:840} INFO - DAG(s) 'example_subdag_operator.section-1', 'example_subdag_operator.section-2', 'example_subdag_operator' retrieved from /home/airflow/.local/lib/python3.12/site-packages/airflow/example_dags/example_subdag_operator.py
[2024-06-09T19:31:28.942+0000] {logging_mixin.py:188} INFO - [2024-06-09T19:31:28.942+0000] {dag.py:3096} INFO - Sync 3 DAGs
[2024-06-09T19:31:28.972+0000] {logging_mixin.py:188} INFO - [2024-06-09T19:31:28.972+0000] {dag.py:3954} INFO - Setting next_dagrun for example_subdag_operator to 2022-01-01 00:00:00+00:00, run_after=2022-01-01 00:00:00+00:00
[2024-06-09T19:31:28.978+0000] {logging_mixin.py:188} INFO - [2024-06-09T19:31:28.977+0000] {dag.py:3954} INFO - Setting next_dagrun for example_subdag_operator.section-1 to None, run_after=None
[2024-06-09T19:31:28.980+0000] {logging_mixin.py:188} INFO - [2024-06-09T19:31:28.980+0000] {dag.py:3954} INFO - Setting next_dagrun for example_subdag_operator.section-2 to None, run_after=None
[2024-06-09T19:31:28.991+0000] {logging_mixin.py:188} INFO - [2024-06-09T19:31:28.990+0000] {dag.py:3096} INFO - Sync 2 DAGs
[2024-06-09T19:31:29.000+0000] {logging_mixin.py:188} INFO - [2024-06-09T19:31:29.000+0000] {dag.py:3954} INFO - Setting next_dagrun for example_subdag_operator.section-1 to None, run_after=None
[2024-06-09T19:31:29.002+0000] {logging_mixin.py:188} INFO - [2024-06-09T19:31:29.001+0000] {dag.py:3954} INFO - Setting next_dagrun for example_subdag_operator.section-2 to None, run_after=None
[2024-06-09T19:31:29.024+0000] {processor.py:183} INFO - Processing /home/airflow/.local/lib/python3.12/site-packages/airflow/example_dags/example_subdag_operator.py took 0.157 seconds
[2024-06-09T20:23:17.707+0000] {processor.py:161} INFO - Started process (PID=66323) to work on /home/airflow/.local/lib/python3.12/site-packages/airflow/example_dags/example_subdag_operator.py
[2024-06-09T20:23:17.709+0000] {processor.py:830} INFO - Processing file /home/airflow/.local/lib/python3.12/site-packages/airflow/example_dags/example_subdag_operator.py for tasks to queue
[2024-06-09T20:23:17.710+0000] {logging_mixin.py:188} INFO - [2024-06-09T20:23:17.710+0000] {dagbag.py:545} INFO - Filling up the DagBag from /home/airflow/.local/lib/python3.12/site-packages/airflow/example_dags/example_subdag_operator.py
[2024-06-09T20:23:17.740+0000] {processor.py:840} INFO - DAG(s) 'example_subdag_operator.section-1', 'example_subdag_operator.section-2', 'example_subdag_operator' retrieved from /home/airflow/.local/lib/python3.12/site-packages/airflow/example_dags/example_subdag_operator.py
[2024-06-09T20:23:17.760+0000] {logging_mixin.py:188} INFO - [2024-06-09T20:23:17.759+0000] {dag.py:3096} INFO - Sync 3 DAGs
[2024-06-09T20:23:17.784+0000] {logging_mixin.py:188} INFO - [2024-06-09T20:23:17.783+0000] {dag.py:3954} INFO - Setting next_dagrun for example_subdag_operator to 2022-01-01 00:00:00+00:00, run_after=2022-01-01 00:00:00+00:00
[2024-06-09T20:23:17.791+0000] {logging_mixin.py:188} INFO - [2024-06-09T20:23:17.790+0000] {dag.py:3954} INFO - Setting next_dagrun for example_subdag_operator.section-1 to None, run_after=None
[2024-06-09T20:23:17.793+0000] {logging_mixin.py:188} INFO - [2024-06-09T20:23:17.793+0000] {dag.py:3954} INFO - Setting next_dagrun for example_subdag_operator.section-2 to None, run_after=None
[2024-06-09T20:23:17.802+0000] {logging_mixin.py:188} INFO - [2024-06-09T20:23:17.802+0000] {dag.py:3096} INFO - Sync 2 DAGs
[2024-06-09T20:23:17.809+0000] {logging_mixin.py:188} INFO - [2024-06-09T20:23:17.809+0000] {dag.py:3954} INFO - Setting next_dagrun for example_subdag_operator.section-1 to None, run_after=None
[2024-06-09T20:23:17.810+0000] {logging_mixin.py:188} INFO - [2024-06-09T20:23:17.810+0000] {dag.py:3954} INFO - Setting next_dagrun for example_subdag_operator.section-2 to None, run_after=None
[2024-06-09T20:23:17.825+0000] {processor.py:183} INFO - Processing /home/airflow/.local/lib/python3.12/site-packages/airflow/example_dags/example_subdag_operator.py took 0.125 seconds
