[2024-06-09T03:05:37.606+0000] {processor.py:161} INFO - Started process (PID=64889) to work on /home/airflow/.local/lib/python3.12/site-packages/airflow/example_dags/example_kubernetes_executor.py
[2024-06-09T03:05:37.608+0000] {processor.py:830} INFO - Processing file /home/airflow/.local/lib/python3.12/site-packages/airflow/example_dags/example_kubernetes_executor.py for tasks to queue
[2024-06-09T03:05:37.609+0000] {logging_mixin.py:188} INFO - [2024-06-09T03:05:37.608+0000] {dagbag.py:545} INFO - Filling up the DagBag from /home/airflow/.local/lib/python3.12/site-packages/airflow/example_dags/example_kubernetes_executor.py
[2024-06-09T03:05:37.624+0000] {processor.py:840} INFO - DAG(s) 'example_kubernetes_executor' retrieved from /home/airflow/.local/lib/python3.12/site-packages/airflow/example_dags/example_kubernetes_executor.py
[2024-06-09T03:05:37.673+0000] {logging_mixin.py:188} INFO - [2024-06-09T03:05:37.673+0000] {dag.py:3096} INFO - Sync 1 DAGs
[2024-06-09T03:05:37.691+0000] {logging_mixin.py:188} INFO - [2024-06-09T03:05:37.690+0000] {dag.py:3954} INFO - Setting next_dagrun for example_kubernetes_executor to None, run_after=None
[2024-06-09T03:05:37.718+0000] {processor.py:183} INFO - Processing /home/airflow/.local/lib/python3.12/site-packages/airflow/example_dags/example_kubernetes_executor.py took 0.120 seconds
[2024-06-09T04:06:40.388+0000] {processor.py:161} INFO - Started process (PID=64949) to work on /home/airflow/.local/lib/python3.12/site-packages/airflow/example_dags/example_kubernetes_executor.py
[2024-06-09T04:06:40.389+0000] {processor.py:830} INFO - Processing file /home/airflow/.local/lib/python3.12/site-packages/airflow/example_dags/example_kubernetes_executor.py for tasks to queue
[2024-06-09T04:06:40.391+0000] {logging_mixin.py:188} INFO - [2024-06-09T04:06:40.391+0000] {dagbag.py:545} INFO - Filling up the DagBag from /home/airflow/.local/lib/python3.12/site-packages/airflow/example_dags/example_kubernetes_executor.py
[2024-06-09T04:06:40.409+0000] {processor.py:840} INFO - DAG(s) 'example_kubernetes_executor' retrieved from /home/airflow/.local/lib/python3.12/site-packages/airflow/example_dags/example_kubernetes_executor.py
[2024-06-09T04:06:40.462+0000] {logging_mixin.py:188} INFO - [2024-06-09T04:06:40.461+0000] {dag.py:3096} INFO - Sync 1 DAGs
[2024-06-09T04:06:40.478+0000] {logging_mixin.py:188} INFO - [2024-06-09T04:06:40.478+0000] {dag.py:3954} INFO - Setting next_dagrun for example_kubernetes_executor to None, run_after=None
[2024-06-09T04:06:40.506+0000] {processor.py:183} INFO - Processing /home/airflow/.local/lib/python3.12/site-packages/airflow/example_dags/example_kubernetes_executor.py took 0.127 seconds
[2024-06-09T04:07:11.030+0000] {processor.py:161} INFO - Started process (PID=65009) to work on /home/airflow/.local/lib/python3.12/site-packages/airflow/example_dags/example_kubernetes_executor.py
[2024-06-09T04:07:11.031+0000] {processor.py:830} INFO - Processing file /home/airflow/.local/lib/python3.12/site-packages/airflow/example_dags/example_kubernetes_executor.py for tasks to queue
[2024-06-09T04:07:11.033+0000] {logging_mixin.py:188} INFO - [2024-06-09T04:07:11.032+0000] {dagbag.py:545} INFO - Filling up the DagBag from /home/airflow/.local/lib/python3.12/site-packages/airflow/example_dags/example_kubernetes_executor.py
[2024-06-09T04:07:11.052+0000] {processor.py:840} INFO - DAG(s) 'example_kubernetes_executor' retrieved from /home/airflow/.local/lib/python3.12/site-packages/airflow/example_dags/example_kubernetes_executor.py
[2024-06-09T04:07:11.105+0000] {logging_mixin.py:188} INFO - [2024-06-09T04:07:11.105+0000] {dag.py:3096} INFO - Sync 1 DAGs
[2024-06-09T04:07:11.124+0000] {logging_mixin.py:188} INFO - [2024-06-09T04:07:11.124+0000] {dag.py:3954} INFO - Setting next_dagrun for example_kubernetes_executor to None, run_after=None
[2024-06-09T04:07:11.154+0000] {processor.py:183} INFO - Processing /home/airflow/.local/lib/python3.12/site-packages/airflow/example_dags/example_kubernetes_executor.py took 0.133 seconds
[2024-06-09T06:07:56.840+0000] {processor.py:161} INFO - Started process (PID=65069) to work on /home/airflow/.local/lib/python3.12/site-packages/airflow/example_dags/example_kubernetes_executor.py
[2024-06-09T06:07:56.841+0000] {processor.py:830} INFO - Processing file /home/airflow/.local/lib/python3.12/site-packages/airflow/example_dags/example_kubernetes_executor.py for tasks to queue
[2024-06-09T06:07:56.843+0000] {logging_mixin.py:188} INFO - [2024-06-09T06:07:56.842+0000] {dagbag.py:545} INFO - Filling up the DagBag from /home/airflow/.local/lib/python3.12/site-packages/airflow/example_dags/example_kubernetes_executor.py
[2024-06-09T06:07:56.859+0000] {processor.py:840} INFO - DAG(s) 'example_kubernetes_executor' retrieved from /home/airflow/.local/lib/python3.12/site-packages/airflow/example_dags/example_kubernetes_executor.py
[2024-06-09T06:07:56.909+0000] {logging_mixin.py:188} INFO - [2024-06-09T06:07:56.908+0000] {dag.py:3096} INFO - Sync 1 DAGs
[2024-06-09T06:07:56.925+0000] {logging_mixin.py:188} INFO - [2024-06-09T06:07:56.924+0000] {dag.py:3954} INFO - Setting next_dagrun for example_kubernetes_executor to None, run_after=None
[2024-06-09T06:07:56.948+0000] {processor.py:183} INFO - Processing /home/airflow/.local/lib/python3.12/site-packages/airflow/example_dags/example_kubernetes_executor.py took 0.116 seconds
[2024-06-09T06:08:38.035+0000] {processor.py:161} INFO - Started process (PID=65129) to work on /home/airflow/.local/lib/python3.12/site-packages/airflow/example_dags/example_kubernetes_executor.py
[2024-06-09T06:08:38.036+0000] {processor.py:830} INFO - Processing file /home/airflow/.local/lib/python3.12/site-packages/airflow/example_dags/example_kubernetes_executor.py for tasks to queue
[2024-06-09T06:08:38.038+0000] {logging_mixin.py:188} INFO - [2024-06-09T06:08:38.037+0000] {dagbag.py:545} INFO - Filling up the DagBag from /home/airflow/.local/lib/python3.12/site-packages/airflow/example_dags/example_kubernetes_executor.py
[2024-06-09T06:08:38.057+0000] {processor.py:840} INFO - DAG(s) 'example_kubernetes_executor' retrieved from /home/airflow/.local/lib/python3.12/site-packages/airflow/example_dags/example_kubernetes_executor.py
[2024-06-09T06:08:38.109+0000] {logging_mixin.py:188} INFO - [2024-06-09T06:08:38.109+0000] {dag.py:3096} INFO - Sync 1 DAGs
[2024-06-09T06:08:38.127+0000] {logging_mixin.py:188} INFO - [2024-06-09T06:08:38.127+0000] {dag.py:3954} INFO - Setting next_dagrun for example_kubernetes_executor to None, run_after=None
[2024-06-09T06:08:38.152+0000] {processor.py:183} INFO - Processing /home/airflow/.local/lib/python3.12/site-packages/airflow/example_dags/example_kubernetes_executor.py took 0.125 seconds
[2024-06-09T07:09:21.758+0000] {processor.py:161} INFO - Started process (PID=65183) to work on /home/airflow/.local/lib/python3.12/site-packages/airflow/example_dags/example_kubernetes_executor.py
[2024-06-09T07:09:21.759+0000] {processor.py:830} INFO - Processing file /home/airflow/.local/lib/python3.12/site-packages/airflow/example_dags/example_kubernetes_executor.py for tasks to queue
[2024-06-09T07:09:21.761+0000] {logging_mixin.py:188} INFO - [2024-06-09T07:09:21.760+0000] {dagbag.py:545} INFO - Filling up the DagBag from /home/airflow/.local/lib/python3.12/site-packages/airflow/example_dags/example_kubernetes_executor.py
[2024-06-09T07:09:21.778+0000] {processor.py:840} INFO - DAG(s) 'example_kubernetes_executor' retrieved from /home/airflow/.local/lib/python3.12/site-packages/airflow/example_dags/example_kubernetes_executor.py
[2024-06-09T07:09:21.832+0000] {logging_mixin.py:188} INFO - [2024-06-09T07:09:21.831+0000] {dag.py:3096} INFO - Sync 1 DAGs
[2024-06-09T07:09:21.857+0000] {logging_mixin.py:188} INFO - [2024-06-09T07:09:21.857+0000] {dag.py:3954} INFO - Setting next_dagrun for example_kubernetes_executor to None, run_after=None
[2024-06-09T07:09:21.883+0000] {processor.py:183} INFO - Processing /home/airflow/.local/lib/python3.12/site-packages/airflow/example_dags/example_kubernetes_executor.py took 0.133 seconds
[2024-06-09T08:10:21.251+0000] {processor.py:161} INFO - Started process (PID=65249) to work on /home/airflow/.local/lib/python3.12/site-packages/airflow/example_dags/example_kubernetes_executor.py
[2024-06-09T08:10:21.252+0000] {processor.py:830} INFO - Processing file /home/airflow/.local/lib/python3.12/site-packages/airflow/example_dags/example_kubernetes_executor.py for tasks to queue
[2024-06-09T08:10:21.253+0000] {logging_mixin.py:188} INFO - [2024-06-09T08:10:21.253+0000] {dagbag.py:545} INFO - Filling up the DagBag from /home/airflow/.local/lib/python3.12/site-packages/airflow/example_dags/example_kubernetes_executor.py
[2024-06-09T08:10:21.270+0000] {processor.py:840} INFO - DAG(s) 'example_kubernetes_executor' retrieved from /home/airflow/.local/lib/python3.12/site-packages/airflow/example_dags/example_kubernetes_executor.py
[2024-06-09T08:10:21.319+0000] {logging_mixin.py:188} INFO - [2024-06-09T08:10:21.319+0000] {dag.py:3096} INFO - Sync 1 DAGs
[2024-06-09T08:10:21.336+0000] {logging_mixin.py:188} INFO - [2024-06-09T08:10:21.336+0000] {dag.py:3954} INFO - Setting next_dagrun for example_kubernetes_executor to None, run_after=None
[2024-06-09T08:10:21.361+0000] {processor.py:183} INFO - Processing /home/airflow/.local/lib/python3.12/site-packages/airflow/example_dags/example_kubernetes_executor.py took 0.118 seconds
[2024-06-09T09:11:18.909+0000] {processor.py:161} INFO - Started process (PID=65309) to work on /home/airflow/.local/lib/python3.12/site-packages/airflow/example_dags/example_kubernetes_executor.py
[2024-06-09T09:11:18.911+0000] {processor.py:830} INFO - Processing file /home/airflow/.local/lib/python3.12/site-packages/airflow/example_dags/example_kubernetes_executor.py for tasks to queue
[2024-06-09T09:11:18.913+0000] {logging_mixin.py:188} INFO - [2024-06-09T09:11:18.913+0000] {dagbag.py:545} INFO - Filling up the DagBag from /home/airflow/.local/lib/python3.12/site-packages/airflow/example_dags/example_kubernetes_executor.py
[2024-06-09T09:11:18.934+0000] {processor.py:840} INFO - DAG(s) 'example_kubernetes_executor' retrieved from /home/airflow/.local/lib/python3.12/site-packages/airflow/example_dags/example_kubernetes_executor.py
[2024-06-09T09:11:19.002+0000] {logging_mixin.py:188} INFO - [2024-06-09T09:11:19.002+0000] {dag.py:3096} INFO - Sync 1 DAGs
[2024-06-09T09:11:19.020+0000] {logging_mixin.py:188} INFO - [2024-06-09T09:11:19.019+0000] {dag.py:3954} INFO - Setting next_dagrun for example_kubernetes_executor to None, run_after=None
[2024-06-09T09:11:19.046+0000] {processor.py:183} INFO - Processing /home/airflow/.local/lib/python3.12/site-packages/airflow/example_dags/example_kubernetes_executor.py took 0.145 seconds
[2024-06-09T09:11:58.534+0000] {processor.py:161} INFO - Started process (PID=65369) to work on /home/airflow/.local/lib/python3.12/site-packages/airflow/example_dags/example_kubernetes_executor.py
[2024-06-09T09:11:58.536+0000] {processor.py:830} INFO - Processing file /home/airflow/.local/lib/python3.12/site-packages/airflow/example_dags/example_kubernetes_executor.py for tasks to queue
[2024-06-09T09:11:58.538+0000] {logging_mixin.py:188} INFO - [2024-06-09T09:11:58.537+0000] {dagbag.py:545} INFO - Filling up the DagBag from /home/airflow/.local/lib/python3.12/site-packages/airflow/example_dags/example_kubernetes_executor.py
[2024-06-09T09:11:58.566+0000] {processor.py:840} INFO - DAG(s) 'example_kubernetes_executor' retrieved from /home/airflow/.local/lib/python3.12/site-packages/airflow/example_dags/example_kubernetes_executor.py
[2024-06-09T09:11:58.642+0000] {logging_mixin.py:188} INFO - [2024-06-09T09:11:58.642+0000] {dag.py:3096} INFO - Sync 1 DAGs
[2024-06-09T09:11:58.668+0000] {logging_mixin.py:188} INFO - [2024-06-09T09:11:58.667+0000] {dag.py:3954} INFO - Setting next_dagrun for example_kubernetes_executor to None, run_after=None
[2024-06-09T09:11:58.701+0000] {processor.py:183} INFO - Processing /home/airflow/.local/lib/python3.12/site-packages/airflow/example_dags/example_kubernetes_executor.py took 0.177 seconds
[2024-06-09T10:12:48.801+0000] {processor.py:161} INFO - Started process (PID=65429) to work on /home/airflow/.local/lib/python3.12/site-packages/airflow/example_dags/example_kubernetes_executor.py
[2024-06-09T10:12:48.802+0000] {processor.py:830} INFO - Processing file /home/airflow/.local/lib/python3.12/site-packages/airflow/example_dags/example_kubernetes_executor.py for tasks to queue
[2024-06-09T10:12:48.804+0000] {logging_mixin.py:188} INFO - [2024-06-09T10:12:48.803+0000] {dagbag.py:545} INFO - Filling up the DagBag from /home/airflow/.local/lib/python3.12/site-packages/airflow/example_dags/example_kubernetes_executor.py
[2024-06-09T10:12:48.819+0000] {processor.py:840} INFO - DAG(s) 'example_kubernetes_executor' retrieved from /home/airflow/.local/lib/python3.12/site-packages/airflow/example_dags/example_kubernetes_executor.py
[2024-06-09T10:12:48.881+0000] {logging_mixin.py:188} INFO - [2024-06-09T10:12:48.880+0000] {dag.py:3096} INFO - Sync 1 DAGs
[2024-06-09T10:12:57.293+0000] {logging_mixin.py:188} INFO - [2024-06-09T10:12:57.285+0000] {dag.py:3954} INFO - Setting next_dagrun for example_kubernetes_executor to None, run_after=None
[2024-06-09T10:12:57.476+0000] {processor.py:183} INFO - Processing /home/airflow/.local/lib/python3.12/site-packages/airflow/example_dags/example_kubernetes_executor.py took 8.682 seconds
[2024-06-09T11:13:46.232+0000] {processor.py:161} INFO - Started process (PID=65489) to work on /home/airflow/.local/lib/python3.12/site-packages/airflow/example_dags/example_kubernetes_executor.py
[2024-06-09T11:13:46.234+0000] {processor.py:830} INFO - Processing file /home/airflow/.local/lib/python3.12/site-packages/airflow/example_dags/example_kubernetes_executor.py for tasks to queue
[2024-06-09T11:13:46.235+0000] {logging_mixin.py:188} INFO - [2024-06-09T11:13:46.235+0000] {dagbag.py:545} INFO - Filling up the DagBag from /home/airflow/.local/lib/python3.12/site-packages/airflow/example_dags/example_kubernetes_executor.py
[2024-06-09T11:13:46.252+0000] {processor.py:840} INFO - DAG(s) 'example_kubernetes_executor' retrieved from /home/airflow/.local/lib/python3.12/site-packages/airflow/example_dags/example_kubernetes_executor.py
[2024-06-09T11:13:46.301+0000] {logging_mixin.py:188} INFO - [2024-06-09T11:13:46.300+0000] {dag.py:3096} INFO - Sync 1 DAGs
[2024-06-09T11:13:46.317+0000] {logging_mixin.py:188} INFO - [2024-06-09T11:13:46.316+0000] {dag.py:3954} INFO - Setting next_dagrun for example_kubernetes_executor to None, run_after=None
[2024-06-09T11:13:46.341+0000] {processor.py:183} INFO - Processing /home/airflow/.local/lib/python3.12/site-packages/airflow/example_dags/example_kubernetes_executor.py took 0.117 seconds
[2024-06-09T11:18:37.073+0000] {processor.py:161} INFO - Started process (PID=65548) to work on /home/airflow/.local/lib/python3.12/site-packages/airflow/example_dags/example_kubernetes_executor.py
[2024-06-09T11:18:37.075+0000] {processor.py:830} INFO - Processing file /home/airflow/.local/lib/python3.12/site-packages/airflow/example_dags/example_kubernetes_executor.py for tasks to queue
[2024-06-09T11:18:37.076+0000] {logging_mixin.py:188} INFO - [2024-06-09T11:18:37.076+0000] {dagbag.py:545} INFO - Filling up the DagBag from /home/airflow/.local/lib/python3.12/site-packages/airflow/example_dags/example_kubernetes_executor.py
[2024-06-09T11:18:37.094+0000] {processor.py:840} INFO - DAG(s) 'example_kubernetes_executor' retrieved from /home/airflow/.local/lib/python3.12/site-packages/airflow/example_dags/example_kubernetes_executor.py
[2024-06-09T11:18:37.146+0000] {logging_mixin.py:188} INFO - [2024-06-09T11:18:37.145+0000] {dag.py:3096} INFO - Sync 1 DAGs
[2024-06-09T11:18:37.163+0000] {logging_mixin.py:188} INFO - [2024-06-09T11:18:37.163+0000] {dag.py:3954} INFO - Setting next_dagrun for example_kubernetes_executor to None, run_after=None
[2024-06-09T11:18:37.186+0000] {processor.py:183} INFO - Processing /home/airflow/.local/lib/python3.12/site-packages/airflow/example_dags/example_kubernetes_executor.py took 0.122 seconds
[2024-06-09T11:19:07.372+0000] {processor.py:161} INFO - Started process (PID=65608) to work on /home/airflow/.local/lib/python3.12/site-packages/airflow/example_dags/example_kubernetes_executor.py
[2024-06-09T11:19:07.374+0000] {processor.py:830} INFO - Processing file /home/airflow/.local/lib/python3.12/site-packages/airflow/example_dags/example_kubernetes_executor.py for tasks to queue
[2024-06-09T11:19:07.376+0000] {logging_mixin.py:188} INFO - [2024-06-09T11:19:07.375+0000] {dagbag.py:545} INFO - Filling up the DagBag from /home/airflow/.local/lib/python3.12/site-packages/airflow/example_dags/example_kubernetes_executor.py
[2024-06-09T11:19:07.394+0000] {processor.py:840} INFO - DAG(s) 'example_kubernetes_executor' retrieved from /home/airflow/.local/lib/python3.12/site-packages/airflow/example_dags/example_kubernetes_executor.py
[2024-06-09T11:19:07.446+0000] {logging_mixin.py:188} INFO - [2024-06-09T11:19:07.446+0000] {dag.py:3096} INFO - Sync 1 DAGs
[2024-06-09T11:19:07.462+0000] {logging_mixin.py:188} INFO - [2024-06-09T11:19:07.462+0000] {dag.py:3954} INFO - Setting next_dagrun for example_kubernetes_executor to None, run_after=None
[2024-06-09T11:19:07.485+0000] {processor.py:183} INFO - Processing /home/airflow/.local/lib/python3.12/site-packages/airflow/example_dags/example_kubernetes_executor.py took 0.122 seconds
[2024-06-09T12:14:52.691+0000] {processor.py:161} INFO - Started process (PID=65668) to work on /home/airflow/.local/lib/python3.12/site-packages/airflow/example_dags/example_kubernetes_executor.py
[2024-06-09T12:14:52.694+0000] {processor.py:830} INFO - Processing file /home/airflow/.local/lib/python3.12/site-packages/airflow/example_dags/example_kubernetes_executor.py for tasks to queue
[2024-06-09T12:14:52.695+0000] {logging_mixin.py:188} INFO - [2024-06-09T12:14:52.695+0000] {dagbag.py:545} INFO - Filling up the DagBag from /home/airflow/.local/lib/python3.12/site-packages/airflow/example_dags/example_kubernetes_executor.py
[2024-06-09T12:14:52.718+0000] {processor.py:840} INFO - DAG(s) 'example_kubernetes_executor' retrieved from /home/airflow/.local/lib/python3.12/site-packages/airflow/example_dags/example_kubernetes_executor.py
[2024-06-09T12:14:52.779+0000] {logging_mixin.py:188} INFO - [2024-06-09T12:14:52.779+0000] {dag.py:3096} INFO - Sync 1 DAGs
[2024-06-09T12:14:52.800+0000] {logging_mixin.py:188} INFO - [2024-06-09T12:14:52.800+0000] {dag.py:3954} INFO - Setting next_dagrun for example_kubernetes_executor to None, run_after=None
[2024-06-09T12:14:52.832+0000] {processor.py:183} INFO - Processing /home/airflow/.local/lib/python3.12/site-packages/airflow/example_dags/example_kubernetes_executor.py took 0.150 seconds
[2024-06-09T13:15:51.247+0000] {processor.py:161} INFO - Started process (PID=65728) to work on /home/airflow/.local/lib/python3.12/site-packages/airflow/example_dags/example_kubernetes_executor.py
[2024-06-09T13:15:51.249+0000] {processor.py:830} INFO - Processing file /home/airflow/.local/lib/python3.12/site-packages/airflow/example_dags/example_kubernetes_executor.py for tasks to queue
[2024-06-09T13:15:51.250+0000] {logging_mixin.py:188} INFO - [2024-06-09T13:15:51.250+0000] {dagbag.py:545} INFO - Filling up the DagBag from /home/airflow/.local/lib/python3.12/site-packages/airflow/example_dags/example_kubernetes_executor.py
[2024-06-09T13:15:51.271+0000] {processor.py:840} INFO - DAG(s) 'example_kubernetes_executor' retrieved from /home/airflow/.local/lib/python3.12/site-packages/airflow/example_dags/example_kubernetes_executor.py
[2024-06-09T13:15:51.324+0000] {logging_mixin.py:188} INFO - [2024-06-09T13:15:51.324+0000] {dag.py:3096} INFO - Sync 1 DAGs
[2024-06-09T13:15:51.345+0000] {logging_mixin.py:188} INFO - [2024-06-09T13:15:51.345+0000] {dag.py:3954} INFO - Setting next_dagrun for example_kubernetes_executor to None, run_after=None
[2024-06-09T13:15:51.373+0000] {processor.py:183} INFO - Processing /home/airflow/.local/lib/python3.12/site-packages/airflow/example_dags/example_kubernetes_executor.py took 0.135 seconds
[2024-06-09T13:16:32.727+0000] {processor.py:161} INFO - Started process (PID=65788) to work on /home/airflow/.local/lib/python3.12/site-packages/airflow/example_dags/example_kubernetes_executor.py
[2024-06-09T13:16:32.730+0000] {processor.py:830} INFO - Processing file /home/airflow/.local/lib/python3.12/site-packages/airflow/example_dags/example_kubernetes_executor.py for tasks to queue
[2024-06-09T13:16:32.765+0000] {logging_mixin.py:188} INFO - [2024-06-09T13:16:32.764+0000] {dagbag.py:545} INFO - Filling up the DagBag from /home/airflow/.local/lib/python3.12/site-packages/airflow/example_dags/example_kubernetes_executor.py
[2024-06-09T13:16:32.818+0000] {processor.py:840} INFO - DAG(s) 'example_kubernetes_executor' retrieved from /home/airflow/.local/lib/python3.12/site-packages/airflow/example_dags/example_kubernetes_executor.py
[2024-06-09T13:16:32.978+0000] {logging_mixin.py:188} INFO - [2024-06-09T13:16:32.977+0000] {dag.py:3096} INFO - Sync 1 DAGs
[2024-06-09T13:16:33.024+0000] {logging_mixin.py:188} INFO - [2024-06-09T13:16:33.023+0000] {dag.py:3954} INFO - Setting next_dagrun for example_kubernetes_executor to None, run_after=None
[2024-06-09T13:16:33.071+0000] {processor.py:183} INFO - Processing /home/airflow/.local/lib/python3.12/site-packages/airflow/example_dags/example_kubernetes_executor.py took 0.374 seconds
[2024-06-09T14:17:14.608+0000] {processor.py:161} INFO - Started process (PID=65842) to work on /home/airflow/.local/lib/python3.12/site-packages/airflow/example_dags/example_kubernetes_executor.py
[2024-06-09T14:17:14.609+0000] {processor.py:830} INFO - Processing file /home/airflow/.local/lib/python3.12/site-packages/airflow/example_dags/example_kubernetes_executor.py for tasks to queue
[2024-06-09T14:17:14.611+0000] {logging_mixin.py:188} INFO - [2024-06-09T14:17:14.610+0000] {dagbag.py:545} INFO - Filling up the DagBag from /home/airflow/.local/lib/python3.12/site-packages/airflow/example_dags/example_kubernetes_executor.py
[2024-06-09T14:17:14.626+0000] {processor.py:840} INFO - DAG(s) 'example_kubernetes_executor' retrieved from /home/airflow/.local/lib/python3.12/site-packages/airflow/example_dags/example_kubernetes_executor.py
[2024-06-09T14:17:14.684+0000] {logging_mixin.py:188} INFO - [2024-06-09T14:17:14.683+0000] {dag.py:3096} INFO - Sync 1 DAGs
[2024-06-09T14:17:14.708+0000] {logging_mixin.py:188} INFO - [2024-06-09T14:17:14.707+0000] {dag.py:3954} INFO - Setting next_dagrun for example_kubernetes_executor to None, run_after=None
[2024-06-09T14:17:14.741+0000] {processor.py:183} INFO - Processing /home/airflow/.local/lib/python3.12/site-packages/airflow/example_dags/example_kubernetes_executor.py took 0.141 seconds
[2024-06-09T15:18:13.836+0000] {processor.py:161} INFO - Started process (PID=65902) to work on /home/airflow/.local/lib/python3.12/site-packages/airflow/example_dags/example_kubernetes_executor.py
[2024-06-09T15:18:13.837+0000] {processor.py:830} INFO - Processing file /home/airflow/.local/lib/python3.12/site-packages/airflow/example_dags/example_kubernetes_executor.py for tasks to queue
[2024-06-09T15:18:13.839+0000] {logging_mixin.py:188} INFO - [2024-06-09T15:18:13.838+0000] {dagbag.py:545} INFO - Filling up the DagBag from /home/airflow/.local/lib/python3.12/site-packages/airflow/example_dags/example_kubernetes_executor.py
[2024-06-09T15:18:13.856+0000] {processor.py:840} INFO - DAG(s) 'example_kubernetes_executor' retrieved from /home/airflow/.local/lib/python3.12/site-packages/airflow/example_dags/example_kubernetes_executor.py
[2024-06-09T15:18:13.906+0000] {logging_mixin.py:188} INFO - [2024-06-09T15:18:13.905+0000] {dag.py:3096} INFO - Sync 1 DAGs
[2024-06-09T15:18:13.922+0000] {logging_mixin.py:188} INFO - [2024-06-09T15:18:13.922+0000] {dag.py:3954} INFO - Setting next_dagrun for example_kubernetes_executor to None, run_after=None
[2024-06-09T15:18:13.947+0000] {processor.py:183} INFO - Processing /home/airflow/.local/lib/python3.12/site-packages/airflow/example_dags/example_kubernetes_executor.py took 0.118 seconds
[2024-06-09T15:18:50.236+0000] {processor.py:161} INFO - Started process (PID=65962) to work on /home/airflow/.local/lib/python3.12/site-packages/airflow/example_dags/example_kubernetes_executor.py
[2024-06-09T15:18:50.239+0000] {processor.py:830} INFO - Processing file /home/airflow/.local/lib/python3.12/site-packages/airflow/example_dags/example_kubernetes_executor.py for tasks to queue
[2024-06-09T15:18:50.241+0000] {logging_mixin.py:188} INFO - [2024-06-09T15:18:50.240+0000] {dagbag.py:545} INFO - Filling up the DagBag from /home/airflow/.local/lib/python3.12/site-packages/airflow/example_dags/example_kubernetes_executor.py
[2024-06-09T15:18:50.268+0000] {processor.py:840} INFO - DAG(s) 'example_kubernetes_executor' retrieved from /home/airflow/.local/lib/python3.12/site-packages/airflow/example_dags/example_kubernetes_executor.py
[2024-06-09T15:18:50.345+0000] {logging_mixin.py:188} INFO - [2024-06-09T15:18:50.345+0000] {dag.py:3096} INFO - Sync 1 DAGs
[2024-06-09T15:18:50.376+0000] {logging_mixin.py:188} INFO - [2024-06-09T15:18:50.375+0000] {dag.py:3954} INFO - Setting next_dagrun for example_kubernetes_executor to None, run_after=None
[2024-06-09T15:18:50.416+0000] {processor.py:183} INFO - Processing /home/airflow/.local/lib/python3.12/site-packages/airflow/example_dags/example_kubernetes_executor.py took 0.191 seconds
[2024-06-09T16:19:40.403+0000] {processor.py:161} INFO - Started process (PID=66022) to work on /home/airflow/.local/lib/python3.12/site-packages/airflow/example_dags/example_kubernetes_executor.py
[2024-06-09T16:19:40.405+0000] {processor.py:830} INFO - Processing file /home/airflow/.local/lib/python3.12/site-packages/airflow/example_dags/example_kubernetes_executor.py for tasks to queue
[2024-06-09T16:19:40.408+0000] {logging_mixin.py:188} INFO - [2024-06-09T16:19:40.407+0000] {dagbag.py:545} INFO - Filling up the DagBag from /home/airflow/.local/lib/python3.12/site-packages/airflow/example_dags/example_kubernetes_executor.py
[2024-06-09T16:19:40.429+0000] {processor.py:840} INFO - DAG(s) 'example_kubernetes_executor' retrieved from /home/airflow/.local/lib/python3.12/site-packages/airflow/example_dags/example_kubernetes_executor.py
[2024-06-09T16:19:40.494+0000] {logging_mixin.py:188} INFO - [2024-06-09T16:19:40.493+0000] {dag.py:3096} INFO - Sync 1 DAGs
[2024-06-09T16:19:40.528+0000] {logging_mixin.py:188} INFO - [2024-06-09T16:19:40.527+0000] {dag.py:3954} INFO - Setting next_dagrun for example_kubernetes_executor to None, run_after=None
[2024-06-09T16:19:40.560+0000] {processor.py:183} INFO - Processing /home/airflow/.local/lib/python3.12/site-packages/airflow/example_dags/example_kubernetes_executor.py took 0.168 seconds
[2024-06-09T18:21:12.220+0000] {processor.py:161} INFO - Started process (PID=66093) to work on /home/airflow/.local/lib/python3.12/site-packages/airflow/example_dags/example_kubernetes_executor.py
[2024-06-09T18:21:12.223+0000] {processor.py:830} INFO - Processing file /home/airflow/.local/lib/python3.12/site-packages/airflow/example_dags/example_kubernetes_executor.py for tasks to queue
[2024-06-09T18:21:12.225+0000] {logging_mixin.py:188} INFO - [2024-06-09T18:21:12.224+0000] {dagbag.py:545} INFO - Filling up the DagBag from /home/airflow/.local/lib/python3.12/site-packages/airflow/example_dags/example_kubernetes_executor.py
[2024-06-09T18:21:12.250+0000] {processor.py:840} INFO - DAG(s) 'example_kubernetes_executor' retrieved from /home/airflow/.local/lib/python3.12/site-packages/airflow/example_dags/example_kubernetes_executor.py
[2024-06-09T18:21:12.321+0000] {logging_mixin.py:188} INFO - [2024-06-09T18:21:12.321+0000] {dag.py:3096} INFO - Sync 1 DAGs
[2024-06-09T18:21:12.346+0000] {logging_mixin.py:188} INFO - [2024-06-09T18:21:12.346+0000] {dag.py:3954} INFO - Setting next_dagrun for example_kubernetes_executor to None, run_after=None
[2024-06-09T18:21:12.381+0000] {processor.py:183} INFO - Processing /home/airflow/.local/lib/python3.12/site-packages/airflow/example_dags/example_kubernetes_executor.py took 0.172 seconds
[2024-06-09T19:22:16.014+0000] {processor.py:161} INFO - Started process (PID=66186) to work on /home/airflow/.local/lib/python3.12/site-packages/airflow/example_dags/example_kubernetes_executor.py
[2024-06-09T19:22:16.017+0000] {processor.py:830} INFO - Processing file /home/airflow/.local/lib/python3.12/site-packages/airflow/example_dags/example_kubernetes_executor.py for tasks to queue
[2024-06-09T19:22:16.019+0000] {logging_mixin.py:188} INFO - [2024-06-09T19:22:16.019+0000] {dagbag.py:545} INFO - Filling up the DagBag from /home/airflow/.local/lib/python3.12/site-packages/airflow/example_dags/example_kubernetes_executor.py
[2024-06-09T19:22:16.040+0000] {processor.py:840} INFO - DAG(s) 'example_kubernetes_executor' retrieved from /home/airflow/.local/lib/python3.12/site-packages/airflow/example_dags/example_kubernetes_executor.py
[2024-06-09T19:22:16.103+0000] {logging_mixin.py:188} INFO - [2024-06-09T19:22:16.102+0000] {dag.py:3096} INFO - Sync 1 DAGs
[2024-06-09T19:22:16.120+0000] {logging_mixin.py:188} INFO - [2024-06-09T19:22:16.119+0000] {dag.py:3954} INFO - Setting next_dagrun for example_kubernetes_executor to None, run_after=None
[2024-06-09T19:22:16.145+0000] {processor.py:183} INFO - Processing /home/airflow/.local/lib/python3.12/site-packages/airflow/example_dags/example_kubernetes_executor.py took 0.143 seconds
[2024-06-09T19:31:29.063+0000] {processor.py:161} INFO - Started process (PID=66246) to work on /home/airflow/.local/lib/python3.12/site-packages/airflow/example_dags/example_kubernetes_executor.py
[2024-06-09T19:31:29.065+0000] {processor.py:830} INFO - Processing file /home/airflow/.local/lib/python3.12/site-packages/airflow/example_dags/example_kubernetes_executor.py for tasks to queue
[2024-06-09T19:31:29.067+0000] {logging_mixin.py:188} INFO - [2024-06-09T19:31:29.066+0000] {dagbag.py:545} INFO - Filling up the DagBag from /home/airflow/.local/lib/python3.12/site-packages/airflow/example_dags/example_kubernetes_executor.py
[2024-06-09T19:31:29.093+0000] {processor.py:840} INFO - DAG(s) 'example_kubernetes_executor' retrieved from /home/airflow/.local/lib/python3.12/site-packages/airflow/example_dags/example_kubernetes_executor.py
[2024-06-09T19:31:29.159+0000] {logging_mixin.py:188} INFO - [2024-06-09T19:31:29.159+0000] {dag.py:3096} INFO - Sync 1 DAGs
[2024-06-09T19:31:29.178+0000] {logging_mixin.py:188} INFO - [2024-06-09T19:31:29.178+0000] {dag.py:3954} INFO - Setting next_dagrun for example_kubernetes_executor to None, run_after=None
[2024-06-09T19:31:29.205+0000] {processor.py:183} INFO - Processing /home/airflow/.local/lib/python3.12/site-packages/airflow/example_dags/example_kubernetes_executor.py took 0.154 seconds
[2024-06-09T20:23:17.855+0000] {processor.py:161} INFO - Started process (PID=66325) to work on /home/airflow/.local/lib/python3.12/site-packages/airflow/example_dags/example_kubernetes_executor.py
[2024-06-09T20:23:17.857+0000] {processor.py:830} INFO - Processing file /home/airflow/.local/lib/python3.12/site-packages/airflow/example_dags/example_kubernetes_executor.py for tasks to queue
[2024-06-09T20:23:17.858+0000] {logging_mixin.py:188} INFO - [2024-06-09T20:23:17.857+0000] {dagbag.py:545} INFO - Filling up the DagBag from /home/airflow/.local/lib/python3.12/site-packages/airflow/example_dags/example_kubernetes_executor.py
[2024-06-09T20:23:17.873+0000] {processor.py:840} INFO - DAG(s) 'example_kubernetes_executor' retrieved from /home/airflow/.local/lib/python3.12/site-packages/airflow/example_dags/example_kubernetes_executor.py
[2024-06-09T20:23:17.922+0000] {logging_mixin.py:188} INFO - [2024-06-09T20:23:17.922+0000] {dag.py:3096} INFO - Sync 1 DAGs
[2024-06-09T20:23:17.939+0000] {logging_mixin.py:188} INFO - [2024-06-09T20:23:17.938+0000] {dag.py:3954} INFO - Setting next_dagrun for example_kubernetes_executor to None, run_after=None
[2024-06-09T20:23:17.960+0000] {processor.py:183} INFO - Processing /home/airflow/.local/lib/python3.12/site-packages/airflow/example_dags/example_kubernetes_executor.py took 0.113 seconds
