[2024-06-09T03:05:37.031+0000] {processor.py:161} INFO - Started process (PID=64881) to work on /home/airflow/.local/lib/python3.12/site-packages/airflow/example_dags/example_trigger_controller_dag.py
[2024-06-09T03:05:37.032+0000] {processor.py:830} INFO - Processing file /home/airflow/.local/lib/python3.12/site-packages/airflow/example_dags/example_trigger_controller_dag.py for tasks to queue
[2024-06-09T03:05:37.034+0000] {logging_mixin.py:188} INFO - [2024-06-09T03:05:37.033+0000] {dagbag.py:545} INFO - Filling up the DagBag from /home/airflow/.local/lib/python3.12/site-packages/airflow/example_dags/example_trigger_controller_dag.py
[2024-06-09T03:05:37.040+0000] {processor.py:840} INFO - DAG(s) 'example_trigger_controller_dag' retrieved from /home/airflow/.local/lib/python3.12/site-packages/airflow/example_dags/example_trigger_controller_dag.py
[2024-06-09T03:05:37.066+0000] {logging_mixin.py:188} INFO - [2024-06-09T03:05:37.066+0000] {dag.py:3096} INFO - Sync 1 DAGs
[2024-06-09T03:05:37.093+0000] {logging_mixin.py:188} INFO - [2024-06-09T03:05:37.093+0000] {dag.py:3954} INFO - Setting next_dagrun for example_trigger_controller_dag to 2021-01-01 00:00:00+00:00, run_after=2021-01-01 00:00:00+00:00
[2024-06-09T03:05:37.116+0000] {processor.py:183} INFO - Processing /home/airflow/.local/lib/python3.12/site-packages/airflow/example_dags/example_trigger_controller_dag.py took 0.093 seconds
[2024-06-09T04:06:39.704+0000] {processor.py:161} INFO - Started process (PID=64941) to work on /home/airflow/.local/lib/python3.12/site-packages/airflow/example_dags/example_trigger_controller_dag.py
[2024-06-09T04:06:39.706+0000] {processor.py:830} INFO - Processing file /home/airflow/.local/lib/python3.12/site-packages/airflow/example_dags/example_trigger_controller_dag.py for tasks to queue
[2024-06-09T04:06:39.708+0000] {logging_mixin.py:188} INFO - [2024-06-09T04:06:39.707+0000] {dagbag.py:545} INFO - Filling up the DagBag from /home/airflow/.local/lib/python3.12/site-packages/airflow/example_dags/example_trigger_controller_dag.py
[2024-06-09T04:06:39.719+0000] {processor.py:840} INFO - DAG(s) 'example_trigger_controller_dag' retrieved from /home/airflow/.local/lib/python3.12/site-packages/airflow/example_dags/example_trigger_controller_dag.py
[2024-06-09T04:06:39.755+0000] {logging_mixin.py:188} INFO - [2024-06-09T04:06:39.754+0000] {dag.py:3096} INFO - Sync 1 DAGs
[2024-06-09T04:06:39.797+0000] {logging_mixin.py:188} INFO - [2024-06-09T04:06:39.797+0000] {dag.py:3954} INFO - Setting next_dagrun for example_trigger_controller_dag to 2021-01-01 00:00:00+00:00, run_after=2021-01-01 00:00:00+00:00
[2024-06-09T04:06:39.832+0000] {processor.py:183} INFO - Processing /home/airflow/.local/lib/python3.12/site-packages/airflow/example_dags/example_trigger_controller_dag.py took 0.141 seconds
[2024-06-09T04:07:10.409+0000] {processor.py:161} INFO - Started process (PID=65001) to work on /home/airflow/.local/lib/python3.12/site-packages/airflow/example_dags/example_trigger_controller_dag.py
[2024-06-09T04:07:10.411+0000] {processor.py:830} INFO - Processing file /home/airflow/.local/lib/python3.12/site-packages/airflow/example_dags/example_trigger_controller_dag.py for tasks to queue
[2024-06-09T04:07:10.412+0000] {logging_mixin.py:188} INFO - [2024-06-09T04:07:10.412+0000] {dagbag.py:545} INFO - Filling up the DagBag from /home/airflow/.local/lib/python3.12/site-packages/airflow/example_dags/example_trigger_controller_dag.py
[2024-06-09T04:07:10.420+0000] {processor.py:840} INFO - DAG(s) 'example_trigger_controller_dag' retrieved from /home/airflow/.local/lib/python3.12/site-packages/airflow/example_dags/example_trigger_controller_dag.py
[2024-06-09T04:07:10.452+0000] {logging_mixin.py:188} INFO - [2024-06-09T04:07:10.452+0000] {dag.py:3096} INFO - Sync 1 DAGs
[2024-06-09T04:07:10.486+0000] {logging_mixin.py:188} INFO - [2024-06-09T04:07:10.485+0000] {dag.py:3954} INFO - Setting next_dagrun for example_trigger_controller_dag to 2021-01-01 00:00:00+00:00, run_after=2021-01-01 00:00:00+00:00
[2024-06-09T04:07:10.513+0000] {processor.py:183} INFO - Processing /home/airflow/.local/lib/python3.12/site-packages/airflow/example_dags/example_trigger_controller_dag.py took 0.115 seconds
[2024-06-09T06:07:56.226+0000] {processor.py:161} INFO - Started process (PID=65061) to work on /home/airflow/.local/lib/python3.12/site-packages/airflow/example_dags/example_trigger_controller_dag.py
[2024-06-09T06:07:56.266+0000] {processor.py:830} INFO - Processing file /home/airflow/.local/lib/python3.12/site-packages/airflow/example_dags/example_trigger_controller_dag.py for tasks to queue
[2024-06-09T06:07:56.269+0000] {logging_mixin.py:188} INFO - [2024-06-09T06:07:56.268+0000] {dagbag.py:545} INFO - Filling up the DagBag from /home/airflow/.local/lib/python3.12/site-packages/airflow/example_dags/example_trigger_controller_dag.py
[2024-06-09T06:07:56.278+0000] {processor.py:840} INFO - DAG(s) 'example_trigger_controller_dag' retrieved from /home/airflow/.local/lib/python3.12/site-packages/airflow/example_dags/example_trigger_controller_dag.py
[2024-06-09T06:07:56.313+0000] {logging_mixin.py:188} INFO - [2024-06-09T06:07:56.313+0000] {dag.py:3096} INFO - Sync 1 DAGs
[2024-06-09T06:07:56.346+0000] {logging_mixin.py:188} INFO - [2024-06-09T06:07:56.345+0000] {dag.py:3954} INFO - Setting next_dagrun for example_trigger_controller_dag to 2021-01-01 00:00:00+00:00, run_after=2021-01-01 00:00:00+00:00
[2024-06-09T06:07:56.369+0000] {processor.py:183} INFO - Processing /home/airflow/.local/lib/python3.12/site-packages/airflow/example_dags/example_trigger_controller_dag.py took 0.160 seconds
[2024-06-09T06:08:37.404+0000] {processor.py:161} INFO - Started process (PID=65121) to work on /home/airflow/.local/lib/python3.12/site-packages/airflow/example_dags/example_trigger_controller_dag.py
[2024-06-09T06:08:37.405+0000] {processor.py:830} INFO - Processing file /home/airflow/.local/lib/python3.12/site-packages/airflow/example_dags/example_trigger_controller_dag.py for tasks to queue
[2024-06-09T06:08:37.407+0000] {logging_mixin.py:188} INFO - [2024-06-09T06:08:37.406+0000] {dagbag.py:545} INFO - Filling up the DagBag from /home/airflow/.local/lib/python3.12/site-packages/airflow/example_dags/example_trigger_controller_dag.py
[2024-06-09T06:08:37.416+0000] {processor.py:840} INFO - DAG(s) 'example_trigger_controller_dag' retrieved from /home/airflow/.local/lib/python3.12/site-packages/airflow/example_dags/example_trigger_controller_dag.py
[2024-06-09T06:08:37.449+0000] {logging_mixin.py:188} INFO - [2024-06-09T06:08:37.448+0000] {dag.py:3096} INFO - Sync 1 DAGs
[2024-06-09T06:08:37.485+0000] {logging_mixin.py:188} INFO - [2024-06-09T06:08:37.485+0000] {dag.py:3954} INFO - Setting next_dagrun for example_trigger_controller_dag to 2021-01-01 00:00:00+00:00, run_after=2021-01-01 00:00:00+00:00
[2024-06-09T06:08:37.513+0000] {processor.py:183} INFO - Processing /home/airflow/.local/lib/python3.12/site-packages/airflow/example_dags/example_trigger_controller_dag.py took 0.118 seconds
[2024-06-09T07:09:21.075+0000] {processor.py:161} INFO - Started process (PID=65175) to work on /home/airflow/.local/lib/python3.12/site-packages/airflow/example_dags/example_trigger_controller_dag.py
[2024-06-09T07:09:21.076+0000] {processor.py:830} INFO - Processing file /home/airflow/.local/lib/python3.12/site-packages/airflow/example_dags/example_trigger_controller_dag.py for tasks to queue
[2024-06-09T07:09:21.078+0000] {logging_mixin.py:188} INFO - [2024-06-09T07:09:21.077+0000] {dagbag.py:545} INFO - Filling up the DagBag from /home/airflow/.local/lib/python3.12/site-packages/airflow/example_dags/example_trigger_controller_dag.py
[2024-06-09T07:09:21.085+0000] {processor.py:840} INFO - DAG(s) 'example_trigger_controller_dag' retrieved from /home/airflow/.local/lib/python3.12/site-packages/airflow/example_dags/example_trigger_controller_dag.py
[2024-06-09T07:09:21.112+0000] {logging_mixin.py:188} INFO - [2024-06-09T07:09:21.112+0000] {dag.py:3096} INFO - Sync 1 DAGs
[2024-06-09T07:09:21.156+0000] {logging_mixin.py:188} INFO - [2024-06-09T07:09:21.156+0000] {dag.py:3954} INFO - Setting next_dagrun for example_trigger_controller_dag to 2021-01-01 00:00:00+00:00, run_after=2021-01-01 00:00:00+00:00
[2024-06-09T07:09:21.215+0000] {processor.py:183} INFO - Processing /home/airflow/.local/lib/python3.12/site-packages/airflow/example_dags/example_trigger_controller_dag.py took 0.148 seconds
[2024-06-09T08:10:20.702+0000] {processor.py:161} INFO - Started process (PID=65241) to work on /home/airflow/.local/lib/python3.12/site-packages/airflow/example_dags/example_trigger_controller_dag.py
[2024-06-09T08:10:20.704+0000] {processor.py:830} INFO - Processing file /home/airflow/.local/lib/python3.12/site-packages/airflow/example_dags/example_trigger_controller_dag.py for tasks to queue
[2024-06-09T08:10:20.705+0000] {logging_mixin.py:188} INFO - [2024-06-09T08:10:20.705+0000] {dagbag.py:545} INFO - Filling up the DagBag from /home/airflow/.local/lib/python3.12/site-packages/airflow/example_dags/example_trigger_controller_dag.py
[2024-06-09T08:10:20.711+0000] {processor.py:840} INFO - DAG(s) 'example_trigger_controller_dag' retrieved from /home/airflow/.local/lib/python3.12/site-packages/airflow/example_dags/example_trigger_controller_dag.py
[2024-06-09T08:10:20.737+0000] {logging_mixin.py:188} INFO - [2024-06-09T08:10:20.737+0000] {dag.py:3096} INFO - Sync 1 DAGs
[2024-06-09T08:10:20.765+0000] {logging_mixin.py:188} INFO - [2024-06-09T08:10:20.765+0000] {dag.py:3954} INFO - Setting next_dagrun for example_trigger_controller_dag to 2021-01-01 00:00:00+00:00, run_after=2021-01-01 00:00:00+00:00
[2024-06-09T08:10:20.788+0000] {processor.py:183} INFO - Processing /home/airflow/.local/lib/python3.12/site-packages/airflow/example_dags/example_trigger_controller_dag.py took 0.094 seconds
[2024-06-09T09:11:18.244+0000] {processor.py:161} INFO - Started process (PID=65301) to work on /home/airflow/.local/lib/python3.12/site-packages/airflow/example_dags/example_trigger_controller_dag.py
[2024-06-09T09:11:18.247+0000] {processor.py:830} INFO - Processing file /home/airflow/.local/lib/python3.12/site-packages/airflow/example_dags/example_trigger_controller_dag.py for tasks to queue
[2024-06-09T09:11:18.249+0000] {logging_mixin.py:188} INFO - [2024-06-09T09:11:18.248+0000] {dagbag.py:545} INFO - Filling up the DagBag from /home/airflow/.local/lib/python3.12/site-packages/airflow/example_dags/example_trigger_controller_dag.py
[2024-06-09T09:11:18.256+0000] {processor.py:840} INFO - DAG(s) 'example_trigger_controller_dag' retrieved from /home/airflow/.local/lib/python3.12/site-packages/airflow/example_dags/example_trigger_controller_dag.py
[2024-06-09T09:11:18.285+0000] {logging_mixin.py:188} INFO - [2024-06-09T09:11:18.285+0000] {dag.py:3096} INFO - Sync 1 DAGs
[2024-06-09T09:11:18.314+0000] {logging_mixin.py:188} INFO - [2024-06-09T09:11:18.313+0000] {dag.py:3954} INFO - Setting next_dagrun for example_trigger_controller_dag to 2021-01-01 00:00:00+00:00, run_after=2021-01-01 00:00:00+00:00
[2024-06-09T09:11:18.337+0000] {processor.py:183} INFO - Processing /home/airflow/.local/lib/python3.12/site-packages/airflow/example_dags/example_trigger_controller_dag.py took 0.103 seconds
[2024-06-09T09:11:57.442+0000] {processor.py:161} INFO - Started process (PID=65361) to work on /home/airflow/.local/lib/python3.12/site-packages/airflow/example_dags/example_trigger_controller_dag.py
[2024-06-09T09:11:57.444+0000] {processor.py:830} INFO - Processing file /home/airflow/.local/lib/python3.12/site-packages/airflow/example_dags/example_trigger_controller_dag.py for tasks to queue
[2024-06-09T09:11:57.446+0000] {logging_mixin.py:188} INFO - [2024-06-09T09:11:57.445+0000] {dagbag.py:545} INFO - Filling up the DagBag from /home/airflow/.local/lib/python3.12/site-packages/airflow/example_dags/example_trigger_controller_dag.py
[2024-06-09T09:11:57.458+0000] {processor.py:840} INFO - DAG(s) 'example_trigger_controller_dag' retrieved from /home/airflow/.local/lib/python3.12/site-packages/airflow/example_dags/example_trigger_controller_dag.py
[2024-06-09T09:11:57.504+0000] {logging_mixin.py:188} INFO - [2024-06-09T09:11:57.504+0000] {dag.py:3096} INFO - Sync 1 DAGs
[2024-06-09T09:11:57.552+0000] {logging_mixin.py:188} INFO - [2024-06-09T09:11:57.552+0000] {dag.py:3954} INFO - Setting next_dagrun for example_trigger_controller_dag to 2021-01-01 00:00:00+00:00, run_after=2021-01-01 00:00:00+00:00
[2024-06-09T09:11:57.590+0000] {processor.py:183} INFO - Processing /home/airflow/.local/lib/python3.12/site-packages/airflow/example_dags/example_trigger_controller_dag.py took 0.160 seconds
[2024-06-09T10:12:48.243+0000] {processor.py:161} INFO - Started process (PID=65421) to work on /home/airflow/.local/lib/python3.12/site-packages/airflow/example_dags/example_trigger_controller_dag.py
[2024-06-09T10:12:48.244+0000] {processor.py:830} INFO - Processing file /home/airflow/.local/lib/python3.12/site-packages/airflow/example_dags/example_trigger_controller_dag.py for tasks to queue
[2024-06-09T10:12:48.246+0000] {logging_mixin.py:188} INFO - [2024-06-09T10:12:48.245+0000] {dagbag.py:545} INFO - Filling up the DagBag from /home/airflow/.local/lib/python3.12/site-packages/airflow/example_dags/example_trigger_controller_dag.py
[2024-06-09T10:12:48.253+0000] {processor.py:840} INFO - DAG(s) 'example_trigger_controller_dag' retrieved from /home/airflow/.local/lib/python3.12/site-packages/airflow/example_dags/example_trigger_controller_dag.py
[2024-06-09T10:12:48.278+0000] {logging_mixin.py:188} INFO - [2024-06-09T10:12:48.277+0000] {dag.py:3096} INFO - Sync 1 DAGs
[2024-06-09T10:12:48.305+0000] {logging_mixin.py:188} INFO - [2024-06-09T10:12:48.305+0000] {dag.py:3954} INFO - Setting next_dagrun for example_trigger_controller_dag to 2021-01-01 00:00:00+00:00, run_after=2021-01-01 00:00:00+00:00
[2024-06-09T10:12:48.329+0000] {processor.py:183} INFO - Processing /home/airflow/.local/lib/python3.12/site-packages/airflow/example_dags/example_trigger_controller_dag.py took 0.094 seconds
[2024-06-09T11:13:45.674+0000] {processor.py:161} INFO - Started process (PID=65481) to work on /home/airflow/.local/lib/python3.12/site-packages/airflow/example_dags/example_trigger_controller_dag.py
[2024-06-09T11:13:45.675+0000] {processor.py:830} INFO - Processing file /home/airflow/.local/lib/python3.12/site-packages/airflow/example_dags/example_trigger_controller_dag.py for tasks to queue
[2024-06-09T11:13:45.677+0000] {logging_mixin.py:188} INFO - [2024-06-09T11:13:45.676+0000] {dagbag.py:545} INFO - Filling up the DagBag from /home/airflow/.local/lib/python3.12/site-packages/airflow/example_dags/example_trigger_controller_dag.py
[2024-06-09T11:13:45.685+0000] {processor.py:840} INFO - DAG(s) 'example_trigger_controller_dag' retrieved from /home/airflow/.local/lib/python3.12/site-packages/airflow/example_dags/example_trigger_controller_dag.py
[2024-06-09T11:13:45.715+0000] {logging_mixin.py:188} INFO - [2024-06-09T11:13:45.715+0000] {dag.py:3096} INFO - Sync 1 DAGs
[2024-06-09T11:13:45.745+0000] {logging_mixin.py:188} INFO - [2024-06-09T11:13:45.745+0000] {dag.py:3954} INFO - Setting next_dagrun for example_trigger_controller_dag to 2021-01-01 00:00:00+00:00, run_after=2021-01-01 00:00:00+00:00
[2024-06-09T11:13:45.768+0000] {processor.py:183} INFO - Processing /home/airflow/.local/lib/python3.12/site-packages/airflow/example_dags/example_trigger_controller_dag.py took 0.104 seconds
[2024-06-09T11:18:36.426+0000] {processor.py:161} INFO - Started process (PID=65540) to work on /home/airflow/.local/lib/python3.12/site-packages/airflow/example_dags/example_trigger_controller_dag.py
[2024-06-09T11:18:36.428+0000] {processor.py:830} INFO - Processing file /home/airflow/.local/lib/python3.12/site-packages/airflow/example_dags/example_trigger_controller_dag.py for tasks to queue
[2024-06-09T11:18:36.430+0000] {logging_mixin.py:188} INFO - [2024-06-09T11:18:36.429+0000] {dagbag.py:545} INFO - Filling up the DagBag from /home/airflow/.local/lib/python3.12/site-packages/airflow/example_dags/example_trigger_controller_dag.py
[2024-06-09T11:18:36.436+0000] {processor.py:840} INFO - DAG(s) 'example_trigger_controller_dag' retrieved from /home/airflow/.local/lib/python3.12/site-packages/airflow/example_dags/example_trigger_controller_dag.py
[2024-06-09T11:18:36.471+0000] {logging_mixin.py:188} INFO - [2024-06-09T11:18:36.470+0000] {dag.py:3096} INFO - Sync 1 DAGs
[2024-06-09T11:18:36.509+0000] {logging_mixin.py:188} INFO - [2024-06-09T11:18:36.509+0000] {dag.py:3954} INFO - Setting next_dagrun for example_trigger_controller_dag to 2021-01-01 00:00:00+00:00, run_after=2021-01-01 00:00:00+00:00
[2024-06-09T11:18:36.539+0000] {processor.py:183} INFO - Processing /home/airflow/.local/lib/python3.12/site-packages/airflow/example_dags/example_trigger_controller_dag.py took 0.121 seconds
[2024-06-09T11:19:06.587+0000] {processor.py:161} INFO - Started process (PID=65600) to work on /home/airflow/.local/lib/python3.12/site-packages/airflow/example_dags/example_trigger_controller_dag.py
[2024-06-09T11:19:06.589+0000] {processor.py:830} INFO - Processing file /home/airflow/.local/lib/python3.12/site-packages/airflow/example_dags/example_trigger_controller_dag.py for tasks to queue
[2024-06-09T11:19:06.590+0000] {logging_mixin.py:188} INFO - [2024-06-09T11:19:06.589+0000] {dagbag.py:545} INFO - Filling up the DagBag from /home/airflow/.local/lib/python3.12/site-packages/airflow/example_dags/example_trigger_controller_dag.py
[2024-06-09T11:19:06.597+0000] {processor.py:840} INFO - DAG(s) 'example_trigger_controller_dag' retrieved from /home/airflow/.local/lib/python3.12/site-packages/airflow/example_dags/example_trigger_controller_dag.py
[2024-06-09T11:19:06.624+0000] {logging_mixin.py:188} INFO - [2024-06-09T11:19:06.623+0000] {dag.py:3096} INFO - Sync 1 DAGs
[2024-06-09T11:19:06.650+0000] {logging_mixin.py:188} INFO - [2024-06-09T11:19:06.650+0000] {dag.py:3954} INFO - Setting next_dagrun for example_trigger_controller_dag to 2021-01-01 00:00:00+00:00, run_after=2021-01-01 00:00:00+00:00
[2024-06-09T11:19:06.675+0000] {processor.py:183} INFO - Processing /home/airflow/.local/lib/python3.12/site-packages/airflow/example_dags/example_trigger_controller_dag.py took 0.096 seconds
[2024-06-09T12:14:51.936+0000] {processor.py:161} INFO - Started process (PID=65660) to work on /home/airflow/.local/lib/python3.12/site-packages/airflow/example_dags/example_trigger_controller_dag.py
[2024-06-09T12:14:51.938+0000] {processor.py:830} INFO - Processing file /home/airflow/.local/lib/python3.12/site-packages/airflow/example_dags/example_trigger_controller_dag.py for tasks to queue
[2024-06-09T12:14:51.939+0000] {logging_mixin.py:188} INFO - [2024-06-09T12:14:51.939+0000] {dagbag.py:545} INFO - Filling up the DagBag from /home/airflow/.local/lib/python3.12/site-packages/airflow/example_dags/example_trigger_controller_dag.py
[2024-06-09T12:14:51.947+0000] {processor.py:840} INFO - DAG(s) 'example_trigger_controller_dag' retrieved from /home/airflow/.local/lib/python3.12/site-packages/airflow/example_dags/example_trigger_controller_dag.py
[2024-06-09T12:14:51.977+0000] {logging_mixin.py:188} INFO - [2024-06-09T12:14:51.977+0000] {dag.py:3096} INFO - Sync 1 DAGs
[2024-06-09T12:14:52.007+0000] {logging_mixin.py:188} INFO - [2024-06-09T12:14:52.007+0000] {dag.py:3954} INFO - Setting next_dagrun for example_trigger_controller_dag to 2021-01-01 00:00:00+00:00, run_after=2021-01-01 00:00:00+00:00
[2024-06-09T12:14:52.032+0000] {processor.py:183} INFO - Processing /home/airflow/.local/lib/python3.12/site-packages/airflow/example_dags/example_trigger_controller_dag.py took 0.106 seconds
[2024-06-09T13:15:50.717+0000] {processor.py:161} INFO - Started process (PID=65720) to work on /home/airflow/.local/lib/python3.12/site-packages/airflow/example_dags/example_trigger_controller_dag.py
[2024-06-09T13:15:50.719+0000] {processor.py:830} INFO - Processing file /home/airflow/.local/lib/python3.12/site-packages/airflow/example_dags/example_trigger_controller_dag.py for tasks to queue
[2024-06-09T13:15:50.720+0000] {logging_mixin.py:188} INFO - [2024-06-09T13:15:50.720+0000] {dagbag.py:545} INFO - Filling up the DagBag from /home/airflow/.local/lib/python3.12/site-packages/airflow/example_dags/example_trigger_controller_dag.py
[2024-06-09T13:15:50.727+0000] {processor.py:840} INFO - DAG(s) 'example_trigger_controller_dag' retrieved from /home/airflow/.local/lib/python3.12/site-packages/airflow/example_dags/example_trigger_controller_dag.py
[2024-06-09T13:15:50.753+0000] {logging_mixin.py:188} INFO - [2024-06-09T13:15:50.752+0000] {dag.py:3096} INFO - Sync 1 DAGs
[2024-06-09T13:15:50.780+0000] {logging_mixin.py:188} INFO - [2024-06-09T13:15:50.779+0000] {dag.py:3954} INFO - Setting next_dagrun for example_trigger_controller_dag to 2021-01-01 00:00:00+00:00, run_after=2021-01-01 00:00:00+00:00
[2024-06-09T13:15:50.802+0000] {processor.py:183} INFO - Processing /home/airflow/.local/lib/python3.12/site-packages/airflow/example_dags/example_trigger_controller_dag.py took 0.092 seconds
[2024-06-09T13:16:31.404+0000] {processor.py:161} INFO - Started process (PID=65780) to work on /home/airflow/.local/lib/python3.12/site-packages/airflow/example_dags/example_trigger_controller_dag.py
[2024-06-09T13:16:31.407+0000] {processor.py:830} INFO - Processing file /home/airflow/.local/lib/python3.12/site-packages/airflow/example_dags/example_trigger_controller_dag.py for tasks to queue
[2024-06-09T13:16:31.410+0000] {logging_mixin.py:188} INFO - [2024-06-09T13:16:31.409+0000] {dagbag.py:545} INFO - Filling up the DagBag from /home/airflow/.local/lib/python3.12/site-packages/airflow/example_dags/example_trigger_controller_dag.py
[2024-06-09T13:16:31.420+0000] {processor.py:840} INFO - DAG(s) 'example_trigger_controller_dag' retrieved from /home/airflow/.local/lib/python3.12/site-packages/airflow/example_dags/example_trigger_controller_dag.py
[2024-06-09T13:16:31.463+0000] {logging_mixin.py:188} INFO - [2024-06-09T13:16:31.463+0000] {dag.py:3096} INFO - Sync 1 DAGs
[2024-06-09T13:16:31.513+0000] {logging_mixin.py:188} INFO - [2024-06-09T13:16:31.512+0000] {dag.py:3954} INFO - Setting next_dagrun for example_trigger_controller_dag to 2021-01-01 00:00:00+00:00, run_after=2021-01-01 00:00:00+00:00
[2024-06-09T13:16:31.551+0000] {processor.py:183} INFO - Processing /home/airflow/.local/lib/python3.12/site-packages/airflow/example_dags/example_trigger_controller_dag.py took 0.170 seconds
[2024-06-09T14:17:14.010+0000] {processor.py:161} INFO - Started process (PID=65834) to work on /home/airflow/.local/lib/python3.12/site-packages/airflow/example_dags/example_trigger_controller_dag.py
[2024-06-09T14:17:14.012+0000] {processor.py:830} INFO - Processing file /home/airflow/.local/lib/python3.12/site-packages/airflow/example_dags/example_trigger_controller_dag.py for tasks to queue
[2024-06-09T14:17:14.013+0000] {logging_mixin.py:188} INFO - [2024-06-09T14:17:14.013+0000] {dagbag.py:545} INFO - Filling up the DagBag from /home/airflow/.local/lib/python3.12/site-packages/airflow/example_dags/example_trigger_controller_dag.py
[2024-06-09T14:17:14.020+0000] {processor.py:840} INFO - DAG(s) 'example_trigger_controller_dag' retrieved from /home/airflow/.local/lib/python3.12/site-packages/airflow/example_dags/example_trigger_controller_dag.py
[2024-06-09T14:17:14.053+0000] {logging_mixin.py:188} INFO - [2024-06-09T14:17:14.053+0000] {dag.py:3096} INFO - Sync 1 DAGs
[2024-06-09T14:17:14.086+0000] {logging_mixin.py:188} INFO - [2024-06-09T14:17:14.085+0000] {dag.py:3954} INFO - Setting next_dagrun for example_trigger_controller_dag to 2021-01-01 00:00:00+00:00, run_after=2021-01-01 00:00:00+00:00
[2024-06-09T14:17:14.113+0000] {processor.py:183} INFO - Processing /home/airflow/.local/lib/python3.12/site-packages/airflow/example_dags/example_trigger_controller_dag.py took 0.111 seconds
[2024-06-09T15:18:13.275+0000] {processor.py:161} INFO - Started process (PID=65894) to work on /home/airflow/.local/lib/python3.12/site-packages/airflow/example_dags/example_trigger_controller_dag.py
[2024-06-09T15:18:13.277+0000] {processor.py:830} INFO - Processing file /home/airflow/.local/lib/python3.12/site-packages/airflow/example_dags/example_trigger_controller_dag.py for tasks to queue
[2024-06-09T15:18:13.279+0000] {logging_mixin.py:188} INFO - [2024-06-09T15:18:13.278+0000] {dagbag.py:545} INFO - Filling up the DagBag from /home/airflow/.local/lib/python3.12/site-packages/airflow/example_dags/example_trigger_controller_dag.py
[2024-06-09T15:18:13.289+0000] {processor.py:840} INFO - DAG(s) 'example_trigger_controller_dag' retrieved from /home/airflow/.local/lib/python3.12/site-packages/airflow/example_dags/example_trigger_controller_dag.py
[2024-06-09T15:18:13.318+0000] {logging_mixin.py:188} INFO - [2024-06-09T15:18:13.318+0000] {dag.py:3096} INFO - Sync 1 DAGs
[2024-06-09T15:18:13.354+0000] {logging_mixin.py:188} INFO - [2024-06-09T15:18:13.354+0000] {dag.py:3954} INFO - Setting next_dagrun for example_trigger_controller_dag to 2021-01-01 00:00:00+00:00, run_after=2021-01-01 00:00:00+00:00
[2024-06-09T15:18:13.389+0000] {processor.py:183} INFO - Processing /home/airflow/.local/lib/python3.12/site-packages/airflow/example_dags/example_trigger_controller_dag.py took 0.124 seconds
[2024-06-09T15:18:49.238+0000] {processor.py:161} INFO - Started process (PID=65954) to work on /home/airflow/.local/lib/python3.12/site-packages/airflow/example_dags/example_trigger_controller_dag.py
[2024-06-09T15:18:49.240+0000] {processor.py:830} INFO - Processing file /home/airflow/.local/lib/python3.12/site-packages/airflow/example_dags/example_trigger_controller_dag.py for tasks to queue
[2024-06-09T15:18:49.243+0000] {logging_mixin.py:188} INFO - [2024-06-09T15:18:49.242+0000] {dagbag.py:545} INFO - Filling up the DagBag from /home/airflow/.local/lib/python3.12/site-packages/airflow/example_dags/example_trigger_controller_dag.py
[2024-06-09T15:18:49.252+0000] {processor.py:840} INFO - DAG(s) 'example_trigger_controller_dag' retrieved from /home/airflow/.local/lib/python3.12/site-packages/airflow/example_dags/example_trigger_controller_dag.py
[2024-06-09T15:18:49.297+0000] {logging_mixin.py:188} INFO - [2024-06-09T15:18:49.297+0000] {dag.py:3096} INFO - Sync 1 DAGs
[2024-06-09T15:18:49.378+0000] {logging_mixin.py:188} INFO - [2024-06-09T15:18:49.378+0000] {dag.py:3954} INFO - Setting next_dagrun for example_trigger_controller_dag to 2021-01-01 00:00:00+00:00, run_after=2021-01-01 00:00:00+00:00
[2024-06-09T15:18:49.471+0000] {processor.py:183} INFO - Processing /home/airflow/.local/lib/python3.12/site-packages/airflow/example_dags/example_trigger_controller_dag.py took 0.245 seconds
[2024-06-09T16:19:39.827+0000] {processor.py:161} INFO - Started process (PID=66014) to work on /home/airflow/.local/lib/python3.12/site-packages/airflow/example_dags/example_trigger_controller_dag.py
[2024-06-09T16:19:39.831+0000] {processor.py:830} INFO - Processing file /home/airflow/.local/lib/python3.12/site-packages/airflow/example_dags/example_trigger_controller_dag.py for tasks to queue
[2024-06-09T16:19:39.832+0000] {logging_mixin.py:188} INFO - [2024-06-09T16:19:39.832+0000] {dagbag.py:545} INFO - Filling up the DagBag from /home/airflow/.local/lib/python3.12/site-packages/airflow/example_dags/example_trigger_controller_dag.py
[2024-06-09T16:19:39.841+0000] {processor.py:840} INFO - DAG(s) 'example_trigger_controller_dag' retrieved from /home/airflow/.local/lib/python3.12/site-packages/airflow/example_dags/example_trigger_controller_dag.py
[2024-06-09T16:19:39.869+0000] {logging_mixin.py:188} INFO - [2024-06-09T16:19:39.869+0000] {dag.py:3096} INFO - Sync 1 DAGs
[2024-06-09T16:19:39.898+0000] {logging_mixin.py:188} INFO - [2024-06-09T16:19:39.898+0000] {dag.py:3954} INFO - Setting next_dagrun for example_trigger_controller_dag to 2021-01-01 00:00:00+00:00, run_after=2021-01-01 00:00:00+00:00
[2024-06-09T16:19:39.922+0000] {processor.py:183} INFO - Processing /home/airflow/.local/lib/python3.12/site-packages/airflow/example_dags/example_trigger_controller_dag.py took 0.106 seconds
[2024-06-09T18:21:11.376+0000] {processor.py:161} INFO - Started process (PID=66085) to work on /home/airflow/.local/lib/python3.12/site-packages/airflow/example_dags/example_trigger_controller_dag.py
[2024-06-09T18:21:11.378+0000] {processor.py:830} INFO - Processing file /home/airflow/.local/lib/python3.12/site-packages/airflow/example_dags/example_trigger_controller_dag.py for tasks to queue
[2024-06-09T18:21:11.380+0000] {logging_mixin.py:188} INFO - [2024-06-09T18:21:11.380+0000] {dagbag.py:545} INFO - Filling up the DagBag from /home/airflow/.local/lib/python3.12/site-packages/airflow/example_dags/example_trigger_controller_dag.py
[2024-06-09T18:21:11.389+0000] {processor.py:840} INFO - DAG(s) 'example_trigger_controller_dag' retrieved from /home/airflow/.local/lib/python3.12/site-packages/airflow/example_dags/example_trigger_controller_dag.py
[2024-06-09T18:21:11.443+0000] {logging_mixin.py:188} INFO - [2024-06-09T18:21:11.442+0000] {dag.py:3096} INFO - Sync 1 DAGs
[2024-06-09T18:21:11.490+0000] {logging_mixin.py:188} INFO - [2024-06-09T18:21:11.489+0000] {dag.py:3954} INFO - Setting next_dagrun for example_trigger_controller_dag to 2021-01-01 00:00:00+00:00, run_after=2021-01-01 00:00:00+00:00
[2024-06-09T18:21:11.523+0000] {processor.py:183} INFO - Processing /home/airflow/.local/lib/python3.12/site-packages/airflow/example_dags/example_trigger_controller_dag.py took 0.160 seconds
[2024-06-09T19:22:15.319+0000] {processor.py:161} INFO - Started process (PID=66178) to work on /home/airflow/.local/lib/python3.12/site-packages/airflow/example_dags/example_trigger_controller_dag.py
[2024-06-09T19:22:15.321+0000] {processor.py:830} INFO - Processing file /home/airflow/.local/lib/python3.12/site-packages/airflow/example_dags/example_trigger_controller_dag.py for tasks to queue
[2024-06-09T19:22:15.322+0000] {logging_mixin.py:188} INFO - [2024-06-09T19:22:15.322+0000] {dagbag.py:545} INFO - Filling up the DagBag from /home/airflow/.local/lib/python3.12/site-packages/airflow/example_dags/example_trigger_controller_dag.py
[2024-06-09T19:22:15.328+0000] {processor.py:840} INFO - DAG(s) 'example_trigger_controller_dag' retrieved from /home/airflow/.local/lib/python3.12/site-packages/airflow/example_dags/example_trigger_controller_dag.py
[2024-06-09T19:22:15.355+0000] {logging_mixin.py:188} INFO - [2024-06-09T19:22:15.355+0000] {dag.py:3096} INFO - Sync 1 DAGs
[2024-06-09T19:22:15.380+0000] {logging_mixin.py:188} INFO - [2024-06-09T19:22:15.379+0000] {dag.py:3954} INFO - Setting next_dagrun for example_trigger_controller_dag to 2021-01-01 00:00:00+00:00, run_after=2021-01-01 00:00:00+00:00
[2024-06-09T19:22:15.402+0000] {processor.py:183} INFO - Processing /home/airflow/.local/lib/python3.12/site-packages/airflow/example_dags/example_trigger_controller_dag.py took 0.090 seconds
[2024-06-09T19:31:28.426+0000] {processor.py:161} INFO - Started process (PID=66238) to work on /home/airflow/.local/lib/python3.12/site-packages/airflow/example_dags/example_trigger_controller_dag.py
[2024-06-09T19:31:28.428+0000] {processor.py:830} INFO - Processing file /home/airflow/.local/lib/python3.12/site-packages/airflow/example_dags/example_trigger_controller_dag.py for tasks to queue
[2024-06-09T19:31:28.430+0000] {logging_mixin.py:188} INFO - [2024-06-09T19:31:28.429+0000] {dagbag.py:545} INFO - Filling up the DagBag from /home/airflow/.local/lib/python3.12/site-packages/airflow/example_dags/example_trigger_controller_dag.py
[2024-06-09T19:31:28.436+0000] {processor.py:840} INFO - DAG(s) 'example_trigger_controller_dag' retrieved from /home/airflow/.local/lib/python3.12/site-packages/airflow/example_dags/example_trigger_controller_dag.py
[2024-06-09T19:31:28.466+0000] {logging_mixin.py:188} INFO - [2024-06-09T19:31:28.465+0000] {dag.py:3096} INFO - Sync 1 DAGs
[2024-06-09T19:31:28.492+0000] {logging_mixin.py:188} INFO - [2024-06-09T19:31:28.492+0000] {dag.py:3954} INFO - Setting next_dagrun for example_trigger_controller_dag to 2021-01-01 00:00:00+00:00, run_after=2021-01-01 00:00:00+00:00
[2024-06-09T19:31:28.517+0000] {processor.py:183} INFO - Processing /home/airflow/.local/lib/python3.12/site-packages/airflow/example_dags/example_trigger_controller_dag.py took 0.102 seconds
[2024-06-09T20:23:17.321+0000] {processor.py:161} INFO - Started process (PID=66317) to work on /home/airflow/.local/lib/python3.12/site-packages/airflow/example_dags/example_trigger_controller_dag.py
[2024-06-09T20:23:17.322+0000] {processor.py:830} INFO - Processing file /home/airflow/.local/lib/python3.12/site-packages/airflow/example_dags/example_trigger_controller_dag.py for tasks to queue
[2024-06-09T20:23:17.324+0000] {logging_mixin.py:188} INFO - [2024-06-09T20:23:17.323+0000] {dagbag.py:545} INFO - Filling up the DagBag from /home/airflow/.local/lib/python3.12/site-packages/airflow/example_dags/example_trigger_controller_dag.py
[2024-06-09T20:23:17.329+0000] {processor.py:840} INFO - DAG(s) 'example_trigger_controller_dag' retrieved from /home/airflow/.local/lib/python3.12/site-packages/airflow/example_dags/example_trigger_controller_dag.py
[2024-06-09T20:23:17.354+0000] {logging_mixin.py:188} INFO - [2024-06-09T20:23:17.354+0000] {dag.py:3096} INFO - Sync 1 DAGs
[2024-06-09T20:23:17.377+0000] {logging_mixin.py:188} INFO - [2024-06-09T20:23:17.377+0000] {dag.py:3954} INFO - Setting next_dagrun for example_trigger_controller_dag to 2021-01-01 00:00:00+00:00, run_after=2021-01-01 00:00:00+00:00
[2024-06-09T20:23:17.403+0000] {processor.py:183} INFO - Processing /home/airflow/.local/lib/python3.12/site-packages/airflow/example_dags/example_trigger_controller_dag.py took 0.090 seconds
