[2024-06-09T03:05:36.168+0000] {processor.py:161} INFO - Started process (PID=64869) to work on /home/airflow/.local/lib/python3.12/site-packages/airflow/example_dags/example_sensors.py
[2024-06-09T03:05:36.170+0000] {processor.py:830} INFO - Processing file /home/airflow/.local/lib/python3.12/site-packages/airflow/example_dags/example_sensors.py for tasks to queue
[2024-06-09T03:05:36.172+0000] {logging_mixin.py:188} INFO - [2024-06-09T03:05:36.172+0000] {dagbag.py:545} INFO - Filling up the DagBag from /home/airflow/.local/lib/python3.12/site-packages/airflow/example_dags/example_sensors.py
[2024-06-09T03:05:36.185+0000] {processor.py:840} INFO - DAG(s) 'example_sensors' retrieved from /home/airflow/.local/lib/python3.12/site-packages/airflow/example_dags/example_sensors.py
[2024-06-09T03:05:36.221+0000] {logging_mixin.py:188} INFO - [2024-06-09T03:05:36.220+0000] {dag.py:3096} INFO - Sync 1 DAGs
[2024-06-09T03:05:36.248+0000] {logging_mixin.py:188} INFO - [2024-06-09T03:05:36.247+0000] {dag.py:3954} INFO - Setting next_dagrun for example_sensors to None, run_after=None
[2024-06-09T03:05:36.276+0000] {processor.py:183} INFO - Processing /home/airflow/.local/lib/python3.12/site-packages/airflow/example_dags/example_sensors.py took 0.115 seconds
[2024-06-09T04:06:38.215+0000] {processor.py:161} INFO - Started process (PID=64929) to work on /home/airflow/.local/lib/python3.12/site-packages/airflow/example_dags/example_sensors.py
[2024-06-09T04:06:38.217+0000] {processor.py:830} INFO - Processing file /home/airflow/.local/lib/python3.12/site-packages/airflow/example_dags/example_sensors.py for tasks to queue
[2024-06-09T04:06:38.219+0000] {logging_mixin.py:188} INFO - [2024-06-09T04:06:38.218+0000] {dagbag.py:545} INFO - Filling up the DagBag from /home/airflow/.local/lib/python3.12/site-packages/airflow/example_dags/example_sensors.py
[2024-06-09T04:06:38.240+0000] {processor.py:840} INFO - DAG(s) 'example_sensors' retrieved from /home/airflow/.local/lib/python3.12/site-packages/airflow/example_dags/example_sensors.py
[2024-06-09T04:06:38.314+0000] {logging_mixin.py:188} INFO - [2024-06-09T04:06:38.313+0000] {dag.py:3096} INFO - Sync 1 DAGs
[2024-06-09T04:06:38.348+0000] {logging_mixin.py:188} INFO - [2024-06-09T04:06:38.348+0000] {dag.py:3954} INFO - Setting next_dagrun for example_sensors to None, run_after=None
[2024-06-09T04:06:38.390+0000] {processor.py:183} INFO - Processing /home/airflow/.local/lib/python3.12/site-packages/airflow/example_dags/example_sensors.py took 0.186 seconds
[2024-06-09T04:07:08.478+0000] {processor.py:161} INFO - Started process (PID=64989) to work on /home/airflow/.local/lib/python3.12/site-packages/airflow/example_dags/example_sensors.py
[2024-06-09T04:07:08.479+0000] {processor.py:830} INFO - Processing file /home/airflow/.local/lib/python3.12/site-packages/airflow/example_dags/example_sensors.py for tasks to queue
[2024-06-09T04:07:08.481+0000] {logging_mixin.py:188} INFO - [2024-06-09T04:07:08.480+0000] {dagbag.py:545} INFO - Filling up the DagBag from /home/airflow/.local/lib/python3.12/site-packages/airflow/example_dags/example_sensors.py
[2024-06-09T04:07:08.496+0000] {processor.py:840} INFO - DAG(s) 'example_sensors' retrieved from /home/airflow/.local/lib/python3.12/site-packages/airflow/example_dags/example_sensors.py
[2024-06-09T04:07:08.529+0000] {logging_mixin.py:188} INFO - [2024-06-09T04:07:08.529+0000] {dag.py:3096} INFO - Sync 1 DAGs
[2024-06-09T04:07:08.546+0000] {logging_mixin.py:188} INFO - [2024-06-09T04:07:08.545+0000] {dag.py:3954} INFO - Setting next_dagrun for example_sensors to None, run_after=None
[2024-06-09T04:07:08.569+0000] {processor.py:183} INFO - Processing /home/airflow/.local/lib/python3.12/site-packages/airflow/example_dags/example_sensors.py took 0.099 seconds
[2024-06-09T06:07:55.321+0000] {processor.py:161} INFO - Started process (PID=65049) to work on /home/airflow/.local/lib/python3.12/site-packages/airflow/example_dags/example_sensors.py
[2024-06-09T06:07:55.324+0000] {processor.py:830} INFO - Processing file /home/airflow/.local/lib/python3.12/site-packages/airflow/example_dags/example_sensors.py for tasks to queue
[2024-06-09T06:07:55.326+0000] {logging_mixin.py:188} INFO - [2024-06-09T06:07:55.325+0000] {dagbag.py:545} INFO - Filling up the DagBag from /home/airflow/.local/lib/python3.12/site-packages/airflow/example_dags/example_sensors.py
[2024-06-09T06:07:55.339+0000] {processor.py:840} INFO - DAG(s) 'example_sensors' retrieved from /home/airflow/.local/lib/python3.12/site-packages/airflow/example_dags/example_sensors.py
[2024-06-09T06:07:55.372+0000] {logging_mixin.py:188} INFO - [2024-06-09T06:07:55.372+0000] {dag.py:3096} INFO - Sync 1 DAGs
[2024-06-09T06:07:55.389+0000] {logging_mixin.py:188} INFO - [2024-06-09T06:07:55.389+0000] {dag.py:3954} INFO - Setting next_dagrun for example_sensors to None, run_after=None
[2024-06-09T06:07:55.416+0000] {processor.py:183} INFO - Processing /home/airflow/.local/lib/python3.12/site-packages/airflow/example_dags/example_sensors.py took 0.102 seconds
[2024-06-09T06:08:35.775+0000] {processor.py:161} INFO - Started process (PID=65109) to work on /home/airflow/.local/lib/python3.12/site-packages/airflow/example_dags/example_sensors.py
[2024-06-09T06:08:35.777+0000] {processor.py:830} INFO - Processing file /home/airflow/.local/lib/python3.12/site-packages/airflow/example_dags/example_sensors.py for tasks to queue
[2024-06-09T06:08:35.779+0000] {logging_mixin.py:188} INFO - [2024-06-09T06:08:35.778+0000] {dagbag.py:545} INFO - Filling up the DagBag from /home/airflow/.local/lib/python3.12/site-packages/airflow/example_dags/example_sensors.py
[2024-06-09T06:08:35.793+0000] {processor.py:840} INFO - DAG(s) 'example_sensors' retrieved from /home/airflow/.local/lib/python3.12/site-packages/airflow/example_dags/example_sensors.py
[2024-06-09T06:08:35.830+0000] {logging_mixin.py:188} INFO - [2024-06-09T06:08:35.829+0000] {dag.py:3096} INFO - Sync 1 DAGs
[2024-06-09T06:08:35.854+0000] {logging_mixin.py:188} INFO - [2024-06-09T06:08:35.853+0000] {dag.py:3954} INFO - Setting next_dagrun for example_sensors to None, run_after=None
[2024-06-09T06:08:35.882+0000] {processor.py:183} INFO - Processing /home/airflow/.local/lib/python3.12/site-packages/airflow/example_dags/example_sensors.py took 0.116 seconds
[2024-06-09T07:09:20.289+0000] {processor.py:161} INFO - Started process (PID=65163) to work on /home/airflow/.local/lib/python3.12/site-packages/airflow/example_dags/example_sensors.py
[2024-06-09T07:09:20.290+0000] {processor.py:830} INFO - Processing file /home/airflow/.local/lib/python3.12/site-packages/airflow/example_dags/example_sensors.py for tasks to queue
[2024-06-09T07:09:20.291+0000] {logging_mixin.py:188} INFO - [2024-06-09T07:09:20.291+0000] {dagbag.py:545} INFO - Filling up the DagBag from /home/airflow/.local/lib/python3.12/site-packages/airflow/example_dags/example_sensors.py
[2024-06-09T07:09:20.304+0000] {processor.py:840} INFO - DAG(s) 'example_sensors' retrieved from /home/airflow/.local/lib/python3.12/site-packages/airflow/example_dags/example_sensors.py
[2024-06-09T07:09:20.337+0000] {logging_mixin.py:188} INFO - [2024-06-09T07:09:20.336+0000] {dag.py:3096} INFO - Sync 1 DAGs
[2024-06-09T07:09:20.354+0000] {logging_mixin.py:188} INFO - [2024-06-09T07:09:20.354+0000] {dag.py:3954} INFO - Setting next_dagrun for example_sensors to None, run_after=None
[2024-06-09T07:09:20.378+0000] {processor.py:183} INFO - Processing /home/airflow/.local/lib/python3.12/site-packages/airflow/example_dags/example_sensors.py took 0.096 seconds
[2024-06-09T08:10:19.852+0000] {processor.py:161} INFO - Started process (PID=65223) to work on /home/airflow/.local/lib/python3.12/site-packages/airflow/example_dags/example_sensors.py
[2024-06-09T08:10:19.854+0000] {processor.py:830} INFO - Processing file /home/airflow/.local/lib/python3.12/site-packages/airflow/example_dags/example_sensors.py for tasks to queue
[2024-06-09T08:10:19.855+0000] {logging_mixin.py:188} INFO - [2024-06-09T08:10:19.855+0000] {dagbag.py:545} INFO - Filling up the DagBag from /home/airflow/.local/lib/python3.12/site-packages/airflow/example_dags/example_sensors.py
[2024-06-09T08:10:19.869+0000] {processor.py:840} INFO - DAG(s) 'example_sensors' retrieved from /home/airflow/.local/lib/python3.12/site-packages/airflow/example_dags/example_sensors.py
[2024-06-09T08:10:19.901+0000] {logging_mixin.py:188} INFO - [2024-06-09T08:10:19.901+0000] {dag.py:3096} INFO - Sync 1 DAGs
[2024-06-09T08:10:19.918+0000] {logging_mixin.py:188} INFO - [2024-06-09T08:10:19.917+0000] {dag.py:3954} INFO - Setting next_dagrun for example_sensors to None, run_after=None
[2024-06-09T08:10:19.941+0000] {processor.py:183} INFO - Processing /home/airflow/.local/lib/python3.12/site-packages/airflow/example_dags/example_sensors.py took 0.096 seconds
[2024-06-09T09:11:17.265+0000] {processor.py:161} INFO - Started process (PID=65289) to work on /home/airflow/.local/lib/python3.12/site-packages/airflow/example_dags/example_sensors.py
[2024-06-09T09:11:17.267+0000] {processor.py:830} INFO - Processing file /home/airflow/.local/lib/python3.12/site-packages/airflow/example_dags/example_sensors.py for tasks to queue
[2024-06-09T09:11:17.269+0000] {logging_mixin.py:188} INFO - [2024-06-09T09:11:17.268+0000] {dagbag.py:545} INFO - Filling up the DagBag from /home/airflow/.local/lib/python3.12/site-packages/airflow/example_dags/example_sensors.py
[2024-06-09T09:11:17.288+0000] {processor.py:840} INFO - DAG(s) 'example_sensors' retrieved from /home/airflow/.local/lib/python3.12/site-packages/airflow/example_dags/example_sensors.py
[2024-06-09T09:11:17.340+0000] {logging_mixin.py:188} INFO - [2024-06-09T09:11:17.339+0000] {dag.py:3096} INFO - Sync 1 DAGs
[2024-06-09T09:11:17.366+0000] {logging_mixin.py:188} INFO - [2024-06-09T09:11:17.365+0000] {dag.py:3954} INFO - Setting next_dagrun for example_sensors to None, run_after=None
[2024-06-09T09:11:17.409+0000] {processor.py:183} INFO - Processing /home/airflow/.local/lib/python3.12/site-packages/airflow/example_dags/example_sensors.py took 0.156 seconds
[2024-06-09T09:11:55.806+0000] {processor.py:161} INFO - Started process (PID=65349) to work on /home/airflow/.local/lib/python3.12/site-packages/airflow/example_dags/example_sensors.py
[2024-06-09T09:11:55.809+0000] {processor.py:830} INFO - Processing file /home/airflow/.local/lib/python3.12/site-packages/airflow/example_dags/example_sensors.py for tasks to queue
[2024-06-09T09:11:55.811+0000] {logging_mixin.py:188} INFO - [2024-06-09T09:11:55.810+0000] {dagbag.py:545} INFO - Filling up the DagBag from /home/airflow/.local/lib/python3.12/site-packages/airflow/example_dags/example_sensors.py
[2024-06-09T09:11:55.835+0000] {processor.py:840} INFO - DAG(s) 'example_sensors' retrieved from /home/airflow/.local/lib/python3.12/site-packages/airflow/example_dags/example_sensors.py
[2024-06-09T09:11:55.894+0000] {logging_mixin.py:188} INFO - [2024-06-09T09:11:55.893+0000] {dag.py:3096} INFO - Sync 1 DAGs
[2024-06-09T09:11:55.925+0000] {logging_mixin.py:188} INFO - [2024-06-09T09:11:55.924+0000] {dag.py:3954} INFO - Setting next_dagrun for example_sensors to None, run_after=None
[2024-06-09T09:11:55.962+0000] {processor.py:183} INFO - Processing /home/airflow/.local/lib/python3.12/site-packages/airflow/example_dags/example_sensors.py took 0.167 seconds
[2024-06-09T10:12:47.378+0000] {processor.py:161} INFO - Started process (PID=65409) to work on /home/airflow/.local/lib/python3.12/site-packages/airflow/example_dags/example_sensors.py
[2024-06-09T10:12:47.382+0000] {processor.py:830} INFO - Processing file /home/airflow/.local/lib/python3.12/site-packages/airflow/example_dags/example_sensors.py for tasks to queue
[2024-06-09T10:12:47.383+0000] {logging_mixin.py:188} INFO - [2024-06-09T10:12:47.383+0000] {dagbag.py:545} INFO - Filling up the DagBag from /home/airflow/.local/lib/python3.12/site-packages/airflow/example_dags/example_sensors.py
[2024-06-09T10:12:47.396+0000] {processor.py:840} INFO - DAG(s) 'example_sensors' retrieved from /home/airflow/.local/lib/python3.12/site-packages/airflow/example_dags/example_sensors.py
[2024-06-09T10:12:47.428+0000] {logging_mixin.py:188} INFO - [2024-06-09T10:12:47.428+0000] {dag.py:3096} INFO - Sync 1 DAGs
[2024-06-09T10:12:47.445+0000] {logging_mixin.py:188} INFO - [2024-06-09T10:12:47.444+0000] {dag.py:3954} INFO - Setting next_dagrun for example_sensors to None, run_after=None
[2024-06-09T10:12:47.469+0000] {processor.py:183} INFO - Processing /home/airflow/.local/lib/python3.12/site-packages/airflow/example_dags/example_sensors.py took 0.098 seconds
[2024-06-09T11:13:44.820+0000] {processor.py:161} INFO - Started process (PID=65469) to work on /home/airflow/.local/lib/python3.12/site-packages/airflow/example_dags/example_sensors.py
[2024-06-09T11:13:44.822+0000] {processor.py:830} INFO - Processing file /home/airflow/.local/lib/python3.12/site-packages/airflow/example_dags/example_sensors.py for tasks to queue
[2024-06-09T11:13:44.823+0000] {logging_mixin.py:188} INFO - [2024-06-09T11:13:44.823+0000] {dagbag.py:545} INFO - Filling up the DagBag from /home/airflow/.local/lib/python3.12/site-packages/airflow/example_dags/example_sensors.py
[2024-06-09T11:13:44.838+0000] {processor.py:840} INFO - DAG(s) 'example_sensors' retrieved from /home/airflow/.local/lib/python3.12/site-packages/airflow/example_dags/example_sensors.py
[2024-06-09T11:13:44.872+0000] {logging_mixin.py:188} INFO - [2024-06-09T11:13:44.872+0000] {dag.py:3096} INFO - Sync 1 DAGs
[2024-06-09T11:13:44.889+0000] {logging_mixin.py:188} INFO - [2024-06-09T11:13:44.889+0000] {dag.py:3954} INFO - Setting next_dagrun for example_sensors to None, run_after=None
[2024-06-09T11:13:44.914+0000] {processor.py:183} INFO - Processing /home/airflow/.local/lib/python3.12/site-packages/airflow/example_dags/example_sensors.py took 0.104 seconds
[2024-06-09T11:18:35.539+0000] {processor.py:161} INFO - Started process (PID=65528) to work on /home/airflow/.local/lib/python3.12/site-packages/airflow/example_dags/example_sensors.py
[2024-06-09T11:18:35.541+0000] {processor.py:830} INFO - Processing file /home/airflow/.local/lib/python3.12/site-packages/airflow/example_dags/example_sensors.py for tasks to queue
[2024-06-09T11:18:35.543+0000] {logging_mixin.py:188} INFO - [2024-06-09T11:18:35.542+0000] {dagbag.py:545} INFO - Filling up the DagBag from /home/airflow/.local/lib/python3.12/site-packages/airflow/example_dags/example_sensors.py
[2024-06-09T11:18:35.556+0000] {processor.py:840} INFO - DAG(s) 'example_sensors' retrieved from /home/airflow/.local/lib/python3.12/site-packages/airflow/example_dags/example_sensors.py
[2024-06-09T11:18:35.590+0000] {logging_mixin.py:188} INFO - [2024-06-09T11:18:35.590+0000] {dag.py:3096} INFO - Sync 1 DAGs
[2024-06-09T11:18:35.607+0000] {logging_mixin.py:188} INFO - [2024-06-09T11:18:35.607+0000] {dag.py:3954} INFO - Setting next_dagrun for example_sensors to None, run_after=None
[2024-06-09T11:18:35.634+0000] {processor.py:183} INFO - Processing /home/airflow/.local/lib/python3.12/site-packages/airflow/example_dags/example_sensors.py took 0.103 seconds
[2024-06-09T11:19:05.780+0000] {processor.py:161} INFO - Started process (PID=65588) to work on /home/airflow/.local/lib/python3.12/site-packages/airflow/example_dags/example_sensors.py
[2024-06-09T11:19:05.781+0000] {processor.py:830} INFO - Processing file /home/airflow/.local/lib/python3.12/site-packages/airflow/example_dags/example_sensors.py for tasks to queue
[2024-06-09T11:19:05.782+0000] {logging_mixin.py:188} INFO - [2024-06-09T11:19:05.782+0000] {dagbag.py:545} INFO - Filling up the DagBag from /home/airflow/.local/lib/python3.12/site-packages/airflow/example_dags/example_sensors.py
[2024-06-09T11:19:05.795+0000] {processor.py:840} INFO - DAG(s) 'example_sensors' retrieved from /home/airflow/.local/lib/python3.12/site-packages/airflow/example_dags/example_sensors.py
[2024-06-09T11:19:05.829+0000] {logging_mixin.py:188} INFO - [2024-06-09T11:19:05.829+0000] {dag.py:3096} INFO - Sync 1 DAGs
[2024-06-09T11:19:05.845+0000] {logging_mixin.py:188} INFO - [2024-06-09T11:19:05.845+0000] {dag.py:3954} INFO - Setting next_dagrun for example_sensors to None, run_after=None
[2024-06-09T11:19:05.870+0000] {processor.py:183} INFO - Processing /home/airflow/.local/lib/python3.12/site-packages/airflow/example_dags/example_sensors.py took 0.098 seconds
[2024-06-09T12:14:50.771+0000] {processor.py:161} INFO - Started process (PID=65648) to work on /home/airflow/.local/lib/python3.12/site-packages/airflow/example_dags/example_sensors.py
[2024-06-09T12:14:50.773+0000] {processor.py:830} INFO - Processing file /home/airflow/.local/lib/python3.12/site-packages/airflow/example_dags/example_sensors.py for tasks to queue
[2024-06-09T12:14:50.775+0000] {logging_mixin.py:188} INFO - [2024-06-09T12:14:50.775+0000] {dagbag.py:545} INFO - Filling up the DagBag from /home/airflow/.local/lib/python3.12/site-packages/airflow/example_dags/example_sensors.py
[2024-06-09T12:14:50.790+0000] {processor.py:840} INFO - DAG(s) 'example_sensors' retrieved from /home/airflow/.local/lib/python3.12/site-packages/airflow/example_dags/example_sensors.py
[2024-06-09T12:14:50.829+0000] {logging_mixin.py:188} INFO - [2024-06-09T12:14:50.828+0000] {dag.py:3096} INFO - Sync 1 DAGs
[2024-06-09T12:14:50.848+0000] {logging_mixin.py:188} INFO - [2024-06-09T12:14:50.848+0000] {dag.py:3954} INFO - Setting next_dagrun for example_sensors to None, run_after=None
[2024-06-09T12:14:50.875+0000] {processor.py:183} INFO - Processing /home/airflow/.local/lib/python3.12/site-packages/airflow/example_dags/example_sensors.py took 0.113 seconds
[2024-06-09T13:15:49.391+0000] {processor.py:161} INFO - Started process (PID=65708) to work on /home/airflow/.local/lib/python3.12/site-packages/airflow/example_dags/example_sensors.py
[2024-06-09T13:15:49.393+0000] {processor.py:830} INFO - Processing file /home/airflow/.local/lib/python3.12/site-packages/airflow/example_dags/example_sensors.py for tasks to queue
[2024-06-09T13:15:49.395+0000] {logging_mixin.py:188} INFO - [2024-06-09T13:15:49.395+0000] {dagbag.py:545} INFO - Filling up the DagBag from /home/airflow/.local/lib/python3.12/site-packages/airflow/example_dags/example_sensors.py
[2024-06-09T13:15:49.419+0000] {processor.py:840} INFO - DAG(s) 'example_sensors' retrieved from /home/airflow/.local/lib/python3.12/site-packages/airflow/example_dags/example_sensors.py
[2024-06-09T13:15:49.481+0000] {logging_mixin.py:188} INFO - [2024-06-09T13:15:49.481+0000] {dag.py:3096} INFO - Sync 1 DAGs
[2024-06-09T13:15:49.514+0000] {logging_mixin.py:188} INFO - [2024-06-09T13:15:49.514+0000] {dag.py:3954} INFO - Setting next_dagrun for example_sensors to None, run_after=None
[2024-06-09T13:15:49.561+0000] {processor.py:183} INFO - Processing /home/airflow/.local/lib/python3.12/site-packages/airflow/example_dags/example_sensors.py took 0.182 seconds
[2024-06-09T13:16:29.797+0000] {processor.py:161} INFO - Started process (PID=65768) to work on /home/airflow/.local/lib/python3.12/site-packages/airflow/example_dags/example_sensors.py
[2024-06-09T13:16:29.799+0000] {processor.py:830} INFO - Processing file /home/airflow/.local/lib/python3.12/site-packages/airflow/example_dags/example_sensors.py for tasks to queue
[2024-06-09T13:16:29.801+0000] {logging_mixin.py:188} INFO - [2024-06-09T13:16:29.801+0000] {dagbag.py:545} INFO - Filling up the DagBag from /home/airflow/.local/lib/python3.12/site-packages/airflow/example_dags/example_sensors.py
[2024-06-09T13:16:29.823+0000] {processor.py:840} INFO - DAG(s) 'example_sensors' retrieved from /home/airflow/.local/lib/python3.12/site-packages/airflow/example_dags/example_sensors.py
[2024-06-09T13:16:29.887+0000] {logging_mixin.py:188} INFO - [2024-06-09T13:16:29.887+0000] {dag.py:3096} INFO - Sync 1 DAGs
[2024-06-09T13:16:29.922+0000] {logging_mixin.py:188} INFO - [2024-06-09T13:16:29.921+0000] {dag.py:3954} INFO - Setting next_dagrun for example_sensors to None, run_after=None
[2024-06-09T13:16:29.987+0000] {processor.py:183} INFO - Processing /home/airflow/.local/lib/python3.12/site-packages/airflow/example_dags/example_sensors.py took 0.202 seconds
[2024-06-09T14:17:13.164+0000] {processor.py:161} INFO - Started process (PID=65822) to work on /home/airflow/.local/lib/python3.12/site-packages/airflow/example_dags/example_sensors.py
[2024-06-09T14:17:13.166+0000] {processor.py:830} INFO - Processing file /home/airflow/.local/lib/python3.12/site-packages/airflow/example_dags/example_sensors.py for tasks to queue
[2024-06-09T14:17:13.167+0000] {logging_mixin.py:188} INFO - [2024-06-09T14:17:13.167+0000] {dagbag.py:545} INFO - Filling up the DagBag from /home/airflow/.local/lib/python3.12/site-packages/airflow/example_dags/example_sensors.py
[2024-06-09T14:17:13.182+0000] {processor.py:840} INFO - DAG(s) 'example_sensors' retrieved from /home/airflow/.local/lib/python3.12/site-packages/airflow/example_dags/example_sensors.py
[2024-06-09T14:17:13.215+0000] {logging_mixin.py:188} INFO - [2024-06-09T14:17:13.215+0000] {dag.py:3096} INFO - Sync 1 DAGs
[2024-06-09T14:17:13.234+0000] {logging_mixin.py:188} INFO - [2024-06-09T14:17:13.233+0000] {dag.py:3954} INFO - Setting next_dagrun for example_sensors to None, run_after=None
[2024-06-09T14:17:13.259+0000] {processor.py:183} INFO - Processing /home/airflow/.local/lib/python3.12/site-packages/airflow/example_dags/example_sensors.py took 0.102 seconds
[2024-06-09T15:18:12.437+0000] {processor.py:161} INFO - Started process (PID=65882) to work on /home/airflow/.local/lib/python3.12/site-packages/airflow/example_dags/example_sensors.py
[2024-06-09T15:18:12.439+0000] {processor.py:830} INFO - Processing file /home/airflow/.local/lib/python3.12/site-packages/airflow/example_dags/example_sensors.py for tasks to queue
[2024-06-09T15:18:12.440+0000] {logging_mixin.py:188} INFO - [2024-06-09T15:18:12.439+0000] {dagbag.py:545} INFO - Filling up the DagBag from /home/airflow/.local/lib/python3.12/site-packages/airflow/example_dags/example_sensors.py
[2024-06-09T15:18:12.455+0000] {processor.py:840} INFO - DAG(s) 'example_sensors' retrieved from /home/airflow/.local/lib/python3.12/site-packages/airflow/example_dags/example_sensors.py
[2024-06-09T15:18:12.490+0000] {logging_mixin.py:188} INFO - [2024-06-09T15:18:12.489+0000] {dag.py:3096} INFO - Sync 1 DAGs
[2024-06-09T15:18:12.507+0000] {logging_mixin.py:188} INFO - [2024-06-09T15:18:12.506+0000] {dag.py:3954} INFO - Setting next_dagrun for example_sensors to None, run_after=None
[2024-06-09T15:18:12.532+0000] {processor.py:183} INFO - Processing /home/airflow/.local/lib/python3.12/site-packages/airflow/example_dags/example_sensors.py took 0.103 seconds
[2024-06-09T15:18:47.301+0000] {processor.py:161} INFO - Started process (PID=65942) to work on /home/airflow/.local/lib/python3.12/site-packages/airflow/example_dags/example_sensors.py
[2024-06-09T15:18:47.303+0000] {processor.py:830} INFO - Processing file /home/airflow/.local/lib/python3.12/site-packages/airflow/example_dags/example_sensors.py for tasks to queue
[2024-06-09T15:18:47.305+0000] {logging_mixin.py:188} INFO - [2024-06-09T15:18:47.304+0000] {dagbag.py:545} INFO - Filling up the DagBag from /home/airflow/.local/lib/python3.12/site-packages/airflow/example_dags/example_sensors.py
[2024-06-09T15:18:47.333+0000] {processor.py:840} INFO - DAG(s) 'example_sensors' retrieved from /home/airflow/.local/lib/python3.12/site-packages/airflow/example_dags/example_sensors.py
[2024-06-09T15:18:47.393+0000] {logging_mixin.py:188} INFO - [2024-06-09T15:18:47.393+0000] {dag.py:3096} INFO - Sync 1 DAGs
[2024-06-09T15:18:47.428+0000] {logging_mixin.py:188} INFO - [2024-06-09T15:18:47.428+0000] {dag.py:3954} INFO - Setting next_dagrun for example_sensors to None, run_after=None
[2024-06-09T15:18:47.480+0000] {processor.py:183} INFO - Processing /home/airflow/.local/lib/python3.12/site-packages/airflow/example_dags/example_sensors.py took 0.191 seconds
[2024-06-09T16:19:38.964+0000] {processor.py:161} INFO - Started process (PID=65996) to work on /home/airflow/.local/lib/python3.12/site-packages/airflow/example_dags/example_sensors.py
[2024-06-09T16:19:38.965+0000] {processor.py:830} INFO - Processing file /home/airflow/.local/lib/python3.12/site-packages/airflow/example_dags/example_sensors.py for tasks to queue
[2024-06-09T16:19:38.967+0000] {logging_mixin.py:188} INFO - [2024-06-09T16:19:38.966+0000] {dagbag.py:545} INFO - Filling up the DagBag from /home/airflow/.local/lib/python3.12/site-packages/airflow/example_dags/example_sensors.py
[2024-06-09T16:19:38.980+0000] {processor.py:840} INFO - DAG(s) 'example_sensors' retrieved from /home/airflow/.local/lib/python3.12/site-packages/airflow/example_dags/example_sensors.py
[2024-06-09T16:19:39.015+0000] {logging_mixin.py:188} INFO - [2024-06-09T16:19:39.014+0000] {dag.py:3096} INFO - Sync 1 DAGs
[2024-06-09T16:19:39.031+0000] {logging_mixin.py:188} INFO - [2024-06-09T16:19:39.031+0000] {dag.py:3954} INFO - Setting next_dagrun for example_sensors to None, run_after=None
[2024-06-09T16:19:39.054+0000] {processor.py:183} INFO - Processing /home/airflow/.local/lib/python3.12/site-packages/airflow/example_dags/example_sensors.py took 0.098 seconds
[2024-06-09T16:31:53.988+0000] {processor.py:161} INFO - Started process (PID=66062) to work on /home/airflow/.local/lib/python3.12/site-packages/airflow/example_dags/example_sensors.py
[2024-06-09T16:31:54.014+0000] {processor.py:830} INFO - Processing file /home/airflow/.local/lib/python3.12/site-packages/airflow/example_dags/example_sensors.py for tasks to queue
[2024-06-09T16:31:54.037+0000] {logging_mixin.py:188} INFO - [2024-06-09T16:31:54.031+0000] {dagbag.py:545} INFO - Filling up the DagBag from /home/airflow/.local/lib/python3.12/site-packages/airflow/example_dags/example_sensors.py
[2024-06-09T16:31:54.357+0000] {processor.py:840} INFO - DAG(s) 'example_sensors' retrieved from /home/airflow/.local/lib/python3.12/site-packages/airflow/example_dags/example_sensors.py
[2024-06-09T16:31:54.998+0000] {logging_mixin.py:188} INFO - [2024-06-09T16:31:54.992+0000] {dag.py:3096} INFO - Sync 1 DAGs
[2024-06-09T16:31:55.268+0000] {logging_mixin.py:188} INFO - [2024-06-09T16:31:55.265+0000] {dag.py:3954} INFO - Setting next_dagrun for example_sensors to None, run_after=None
[2024-06-09T16:31:55.752+0000] {processor.py:183} INFO - Processing /home/airflow/.local/lib/python3.12/site-packages/airflow/example_dags/example_sensors.py took 1.952 seconds
[2024-06-09T18:21:16.426+0000] {processor.py:161} INFO - Started process (PID=66127) to work on /home/airflow/.local/lib/python3.12/site-packages/airflow/example_dags/example_sensors.py
[2024-06-09T18:21:16.430+0000] {processor.py:830} INFO - Processing file /home/airflow/.local/lib/python3.12/site-packages/airflow/example_dags/example_sensors.py for tasks to queue
[2024-06-09T18:21:16.432+0000] {logging_mixin.py:188} INFO - [2024-06-09T18:21:16.431+0000] {dagbag.py:545} INFO - Filling up the DagBag from /home/airflow/.local/lib/python3.12/site-packages/airflow/example_dags/example_sensors.py
[2024-06-09T18:21:16.455+0000] {processor.py:840} INFO - DAG(s) 'example_sensors' retrieved from /home/airflow/.local/lib/python3.12/site-packages/airflow/example_dags/example_sensors.py
[2024-06-09T18:21:16.518+0000] {logging_mixin.py:188} INFO - [2024-06-09T18:21:16.518+0000] {dag.py:3096} INFO - Sync 1 DAGs
[2024-06-09T18:21:16.549+0000] {logging_mixin.py:188} INFO - [2024-06-09T18:21:16.549+0000] {dag.py:3954} INFO - Setting next_dagrun for example_sensors to None, run_after=None
[2024-06-09T18:21:16.579+0000] {processor.py:183} INFO - Processing /home/airflow/.local/lib/python3.12/site-packages/airflow/example_dags/example_sensors.py took 0.168 seconds
[2024-06-09T19:22:13.593+0000] {processor.py:161} INFO - Started process (PID=66166) to work on /home/airflow/.local/lib/python3.12/site-packages/airflow/example_dags/example_sensors.py
[2024-06-09T19:22:13.596+0000] {processor.py:830} INFO - Processing file /home/airflow/.local/lib/python3.12/site-packages/airflow/example_dags/example_sensors.py for tasks to queue
[2024-06-09T19:22:13.599+0000] {logging_mixin.py:188} INFO - [2024-06-09T19:22:13.598+0000] {dagbag.py:545} INFO - Filling up the DagBag from /home/airflow/.local/lib/python3.12/site-packages/airflow/example_dags/example_sensors.py
[2024-06-09T19:22:13.623+0000] {processor.py:840} INFO - DAG(s) 'example_sensors' retrieved from /home/airflow/.local/lib/python3.12/site-packages/airflow/example_dags/example_sensors.py
[2024-06-09T19:22:13.701+0000] {logging_mixin.py:188} INFO - [2024-06-09T19:22:13.700+0000] {dag.py:3096} INFO - Sync 1 DAGs
[2024-06-09T19:22:13.743+0000] {logging_mixin.py:188} INFO - [2024-06-09T19:22:13.743+0000] {dag.py:3954} INFO - Setting next_dagrun for example_sensors to None, run_after=None
[2024-06-09T19:22:13.799+0000] {processor.py:183} INFO - Processing /home/airflow/.local/lib/python3.12/site-packages/airflow/example_dags/example_sensors.py took 0.222 seconds
[2024-06-09T19:31:27.514+0000] {processor.py:161} INFO - Started process (PID=66226) to work on /home/airflow/.local/lib/python3.12/site-packages/airflow/example_dags/example_sensors.py
[2024-06-09T19:31:27.516+0000] {processor.py:830} INFO - Processing file /home/airflow/.local/lib/python3.12/site-packages/airflow/example_dags/example_sensors.py for tasks to queue
[2024-06-09T19:31:27.518+0000] {logging_mixin.py:188} INFO - [2024-06-09T19:31:27.517+0000] {dagbag.py:545} INFO - Filling up the DagBag from /home/airflow/.local/lib/python3.12/site-packages/airflow/example_dags/example_sensors.py
[2024-06-09T19:31:27.533+0000] {processor.py:840} INFO - DAG(s) 'example_sensors' retrieved from /home/airflow/.local/lib/python3.12/site-packages/airflow/example_dags/example_sensors.py
[2024-06-09T19:31:27.573+0000] {logging_mixin.py:188} INFO - [2024-06-09T19:31:27.573+0000] {dag.py:3096} INFO - Sync 1 DAGs
[2024-06-09T19:31:27.594+0000] {logging_mixin.py:188} INFO - [2024-06-09T19:31:27.594+0000] {dag.py:3954} INFO - Setting next_dagrun for example_sensors to None, run_after=None
[2024-06-09T19:31:27.620+0000] {processor.py:183} INFO - Processing /home/airflow/.local/lib/python3.12/site-packages/airflow/example_dags/example_sensors.py took 0.115 seconds
[2024-06-09T20:23:16.383+0000] {processor.py:161} INFO - Started process (PID=66305) to work on /home/airflow/.local/lib/python3.12/site-packages/airflow/example_dags/example_sensors.py
[2024-06-09T20:23:16.384+0000] {processor.py:830} INFO - Processing file /home/airflow/.local/lib/python3.12/site-packages/airflow/example_dags/example_sensors.py for tasks to queue
[2024-06-09T20:23:16.385+0000] {logging_mixin.py:188} INFO - [2024-06-09T20:23:16.385+0000] {dagbag.py:545} INFO - Filling up the DagBag from /home/airflow/.local/lib/python3.12/site-packages/airflow/example_dags/example_sensors.py
[2024-06-09T20:23:16.401+0000] {processor.py:840} INFO - DAG(s) 'example_sensors' retrieved from /home/airflow/.local/lib/python3.12/site-packages/airflow/example_dags/example_sensors.py
[2024-06-09T20:23:16.441+0000] {logging_mixin.py:188} INFO - [2024-06-09T20:23:16.440+0000] {dag.py:3096} INFO - Sync 1 DAGs
[2024-06-09T20:23:16.458+0000] {logging_mixin.py:188} INFO - [2024-06-09T20:23:16.458+0000] {dag.py:3954} INFO - Setting next_dagrun for example_sensors to None, run_after=None
[2024-06-09T20:23:16.486+0000] {processor.py:183} INFO - Processing /home/airflow/.local/lib/python3.12/site-packages/airflow/example_dags/example_sensors.py took 0.112 seconds
