[2024-06-09T03:05:36.025+0000] {processor.py:161} INFO - Started process (PID=64867) to work on /home/airflow/.local/lib/python3.12/site-packages/airflow/example_dags/example_complex.py
[2024-06-09T03:05:36.027+0000] {processor.py:830} INFO - Processing file /home/airflow/.local/lib/python3.12/site-packages/airflow/example_dags/example_complex.py for tasks to queue
[2024-06-09T03:05:36.032+0000] {logging_mixin.py:188} INFO - [2024-06-09T03:05:36.031+0000] {dagbag.py:545} INFO - Filling up the DagBag from /home/airflow/.local/lib/python3.12/site-packages/airflow/example_dags/example_complex.py
[2024-06-09T03:05:36.045+0000] {processor.py:840} INFO - DAG(s) 'example_complex' retrieved from /home/airflow/.local/lib/python3.12/site-packages/airflow/example_dags/example_complex.py
[2024-06-09T03:05:36.088+0000] {logging_mixin.py:188} INFO - [2024-06-09T03:05:36.088+0000] {dag.py:3096} INFO - Sync 1 DAGs
[2024-06-09T03:05:36.106+0000] {logging_mixin.py:188} INFO - [2024-06-09T03:05:36.106+0000] {dag.py:3954} INFO - Setting next_dagrun for example_complex to None, run_after=None
[2024-06-09T03:05:36.130+0000] {processor.py:183} INFO - Processing /home/airflow/.local/lib/python3.12/site-packages/airflow/example_dags/example_complex.py took 0.114 seconds
[2024-06-09T04:06:37.977+0000] {processor.py:161} INFO - Started process (PID=64927) to work on /home/airflow/.local/lib/python3.12/site-packages/airflow/example_dags/example_complex.py
[2024-06-09T04:06:37.980+0000] {processor.py:830} INFO - Processing file /home/airflow/.local/lib/python3.12/site-packages/airflow/example_dags/example_complex.py for tasks to queue
[2024-06-09T04:06:37.982+0000] {logging_mixin.py:188} INFO - [2024-06-09T04:06:37.982+0000] {dagbag.py:545} INFO - Filling up the DagBag from /home/airflow/.local/lib/python3.12/site-packages/airflow/example_dags/example_complex.py
[2024-06-09T04:06:38.012+0000] {processor.py:840} INFO - DAG(s) 'example_complex' retrieved from /home/airflow/.local/lib/python3.12/site-packages/airflow/example_dags/example_complex.py
[2024-06-09T04:06:38.089+0000] {logging_mixin.py:188} INFO - [2024-06-09T04:06:38.089+0000] {dag.py:3096} INFO - Sync 1 DAGs
[2024-06-09T04:06:38.127+0000] {logging_mixin.py:188} INFO - [2024-06-09T04:06:38.127+0000] {dag.py:3954} INFO - Setting next_dagrun for example_complex to None, run_after=None
[2024-06-09T04:06:38.168+0000] {processor.py:183} INFO - Processing /home/airflow/.local/lib/python3.12/site-packages/airflow/example_dags/example_complex.py took 0.203 seconds
[2024-06-09T04:07:08.336+0000] {processor.py:161} INFO - Started process (PID=64987) to work on /home/airflow/.local/lib/python3.12/site-packages/airflow/example_dags/example_complex.py
[2024-06-09T04:07:08.337+0000] {processor.py:830} INFO - Processing file /home/airflow/.local/lib/python3.12/site-packages/airflow/example_dags/example_complex.py for tasks to queue
[2024-06-09T04:07:08.338+0000] {logging_mixin.py:188} INFO - [2024-06-09T04:07:08.338+0000] {dagbag.py:545} INFO - Filling up the DagBag from /home/airflow/.local/lib/python3.12/site-packages/airflow/example_dags/example_complex.py
[2024-06-09T04:07:08.353+0000] {processor.py:840} INFO - DAG(s) 'example_complex' retrieved from /home/airflow/.local/lib/python3.12/site-packages/airflow/example_dags/example_complex.py
[2024-06-09T04:07:08.398+0000] {logging_mixin.py:188} INFO - [2024-06-09T04:07:08.398+0000] {dag.py:3096} INFO - Sync 1 DAGs
[2024-06-09T04:07:08.415+0000] {logging_mixin.py:188} INFO - [2024-06-09T04:07:08.415+0000] {dag.py:3954} INFO - Setting next_dagrun for example_complex to None, run_after=None
[2024-06-09T04:07:08.441+0000] {processor.py:183} INFO - Processing /home/airflow/.local/lib/python3.12/site-packages/airflow/example_dags/example_complex.py took 0.114 seconds
[2024-06-09T06:07:55.186+0000] {processor.py:161} INFO - Started process (PID=65047) to work on /home/airflow/.local/lib/python3.12/site-packages/airflow/example_dags/example_complex.py
[2024-06-09T06:07:55.188+0000] {processor.py:830} INFO - Processing file /home/airflow/.local/lib/python3.12/site-packages/airflow/example_dags/example_complex.py for tasks to queue
[2024-06-09T06:07:55.190+0000] {logging_mixin.py:188} INFO - [2024-06-09T06:07:55.189+0000] {dagbag.py:545} INFO - Filling up the DagBag from /home/airflow/.local/lib/python3.12/site-packages/airflow/example_dags/example_complex.py
[2024-06-09T06:07:55.203+0000] {processor.py:840} INFO - DAG(s) 'example_complex' retrieved from /home/airflow/.local/lib/python3.12/site-packages/airflow/example_dags/example_complex.py
[2024-06-09T06:07:55.246+0000] {logging_mixin.py:188} INFO - [2024-06-09T06:07:55.246+0000] {dag.py:3096} INFO - Sync 1 DAGs
[2024-06-09T06:07:55.264+0000] {logging_mixin.py:188} INFO - [2024-06-09T06:07:55.264+0000] {dag.py:3954} INFO - Setting next_dagrun for example_complex to None, run_after=None
[2024-06-09T06:07:55.288+0000] {processor.py:183} INFO - Processing /home/airflow/.local/lib/python3.12/site-packages/airflow/example_dags/example_complex.py took 0.110 seconds
[2024-06-09T06:08:35.600+0000] {processor.py:161} INFO - Started process (PID=65107) to work on /home/airflow/.local/lib/python3.12/site-packages/airflow/example_dags/example_complex.py
[2024-06-09T06:08:35.602+0000] {processor.py:830} INFO - Processing file /home/airflow/.local/lib/python3.12/site-packages/airflow/example_dags/example_complex.py for tasks to queue
[2024-06-09T06:08:35.604+0000] {logging_mixin.py:188} INFO - [2024-06-09T06:08:35.603+0000] {dagbag.py:545} INFO - Filling up the DagBag from /home/airflow/.local/lib/python3.12/site-packages/airflow/example_dags/example_complex.py
[2024-06-09T06:08:35.624+0000] {processor.py:840} INFO - DAG(s) 'example_complex' retrieved from /home/airflow/.local/lib/python3.12/site-packages/airflow/example_dags/example_complex.py
[2024-06-09T06:08:35.691+0000] {logging_mixin.py:188} INFO - [2024-06-09T06:08:35.691+0000] {dag.py:3096} INFO - Sync 1 DAGs
[2024-06-09T06:08:35.711+0000] {logging_mixin.py:188} INFO - [2024-06-09T06:08:35.711+0000] {dag.py:3954} INFO - Setting next_dagrun for example_complex to None, run_after=None
[2024-06-09T06:08:35.739+0000] {processor.py:183} INFO - Processing /home/airflow/.local/lib/python3.12/site-packages/airflow/example_dags/example_complex.py took 0.149 seconds
[2024-06-09T07:09:20.143+0000] {processor.py:161} INFO - Started process (PID=65161) to work on /home/airflow/.local/lib/python3.12/site-packages/airflow/example_dags/example_complex.py
[2024-06-09T07:09:20.144+0000] {processor.py:830} INFO - Processing file /home/airflow/.local/lib/python3.12/site-packages/airflow/example_dags/example_complex.py for tasks to queue
[2024-06-09T07:09:20.146+0000] {logging_mixin.py:188} INFO - [2024-06-09T07:09:20.146+0000] {dagbag.py:545} INFO - Filling up the DagBag from /home/airflow/.local/lib/python3.12/site-packages/airflow/example_dags/example_complex.py
[2024-06-09T07:09:20.164+0000] {processor.py:840} INFO - DAG(s) 'example_complex' retrieved from /home/airflow/.local/lib/python3.12/site-packages/airflow/example_dags/example_complex.py
[2024-06-09T07:09:20.212+0000] {logging_mixin.py:188} INFO - [2024-06-09T07:09:20.212+0000] {dag.py:3096} INFO - Sync 1 DAGs
[2024-06-09T07:09:20.231+0000] {logging_mixin.py:188} INFO - [2024-06-09T07:09:20.231+0000] {dag.py:3954} INFO - Setting next_dagrun for example_complex to None, run_after=None
[2024-06-09T07:09:20.258+0000] {processor.py:183} INFO - Processing /home/airflow/.local/lib/python3.12/site-packages/airflow/example_dags/example_complex.py took 0.125 seconds
[2024-06-09T08:10:19.715+0000] {processor.py:161} INFO - Started process (PID=65221) to work on /home/airflow/.local/lib/python3.12/site-packages/airflow/example_dags/example_complex.py
[2024-06-09T08:10:19.717+0000] {processor.py:830} INFO - Processing file /home/airflow/.local/lib/python3.12/site-packages/airflow/example_dags/example_complex.py for tasks to queue
[2024-06-09T08:10:19.718+0000] {logging_mixin.py:188} INFO - [2024-06-09T08:10:19.718+0000] {dagbag.py:545} INFO - Filling up the DagBag from /home/airflow/.local/lib/python3.12/site-packages/airflow/example_dags/example_complex.py
[2024-06-09T08:10:19.734+0000] {processor.py:840} INFO - DAG(s) 'example_complex' retrieved from /home/airflow/.local/lib/python3.12/site-packages/airflow/example_dags/example_complex.py
[2024-06-09T08:10:19.779+0000] {logging_mixin.py:188} INFO - [2024-06-09T08:10:19.779+0000] {dag.py:3096} INFO - Sync 1 DAGs
[2024-06-09T08:10:19.796+0000] {logging_mixin.py:188} INFO - [2024-06-09T08:10:19.796+0000] {dag.py:3954} INFO - Setting next_dagrun for example_complex to None, run_after=None
[2024-06-09T08:10:19.823+0000] {processor.py:183} INFO - Processing /home/airflow/.local/lib/python3.12/site-packages/airflow/example_dags/example_complex.py took 0.117 seconds
[2024-06-09T09:11:17.039+0000] {processor.py:161} INFO - Started process (PID=65287) to work on /home/airflow/.local/lib/python3.12/site-packages/airflow/example_dags/example_complex.py
[2024-06-09T09:11:17.042+0000] {processor.py:830} INFO - Processing file /home/airflow/.local/lib/python3.12/site-packages/airflow/example_dags/example_complex.py for tasks to queue
[2024-06-09T09:11:17.045+0000] {logging_mixin.py:188} INFO - [2024-06-09T09:11:17.044+0000] {dagbag.py:545} INFO - Filling up the DagBag from /home/airflow/.local/lib/python3.12/site-packages/airflow/example_dags/example_complex.py
[2024-06-09T09:11:17.067+0000] {processor.py:840} INFO - DAG(s) 'example_complex' retrieved from /home/airflow/.local/lib/python3.12/site-packages/airflow/example_dags/example_complex.py
[2024-06-09T09:11:17.143+0000] {logging_mixin.py:188} INFO - [2024-06-09T09:11:17.143+0000] {dag.py:3096} INFO - Sync 1 DAGs
[2024-06-09T09:11:17.170+0000] {logging_mixin.py:188} INFO - [2024-06-09T09:11:17.170+0000] {dag.py:3954} INFO - Setting next_dagrun for example_complex to None, run_after=None
[2024-06-09T09:11:17.213+0000] {processor.py:183} INFO - Processing /home/airflow/.local/lib/python3.12/site-packages/airflow/example_dags/example_complex.py took 0.187 seconds
[2024-06-09T09:11:55.467+0000] {processor.py:161} INFO - Started process (PID=65347) to work on /home/airflow/.local/lib/python3.12/site-packages/airflow/example_dags/example_complex.py
[2024-06-09T09:11:55.469+0000] {processor.py:830} INFO - Processing file /home/airflow/.local/lib/python3.12/site-packages/airflow/example_dags/example_complex.py for tasks to queue
[2024-06-09T09:11:55.471+0000] {logging_mixin.py:188} INFO - [2024-06-09T09:11:55.471+0000] {dagbag.py:545} INFO - Filling up the DagBag from /home/airflow/.local/lib/python3.12/site-packages/airflow/example_dags/example_complex.py
[2024-06-09T09:11:55.508+0000] {processor.py:840} INFO - DAG(s) 'example_complex' retrieved from /home/airflow/.local/lib/python3.12/site-packages/airflow/example_dags/example_complex.py
[2024-06-09T09:11:55.648+0000] {logging_mixin.py:188} INFO - [2024-06-09T09:11:55.647+0000] {dag.py:3096} INFO - Sync 1 DAGs
[2024-06-09T09:11:55.713+0000] {logging_mixin.py:188} INFO - [2024-06-09T09:11:55.713+0000] {dag.py:3954} INFO - Setting next_dagrun for example_complex to None, run_after=None
[2024-06-09T09:11:55.751+0000] {processor.py:183} INFO - Processing /home/airflow/.local/lib/python3.12/site-packages/airflow/example_dags/example_complex.py took 0.296 seconds
[2024-06-09T10:12:47.240+0000] {processor.py:161} INFO - Started process (PID=65407) to work on /home/airflow/.local/lib/python3.12/site-packages/airflow/example_dags/example_complex.py
[2024-06-09T10:12:47.242+0000] {processor.py:830} INFO - Processing file /home/airflow/.local/lib/python3.12/site-packages/airflow/example_dags/example_complex.py for tasks to queue
[2024-06-09T10:12:47.243+0000] {logging_mixin.py:188} INFO - [2024-06-09T10:12:47.243+0000] {dagbag.py:545} INFO - Filling up the DagBag from /home/airflow/.local/lib/python3.12/site-packages/airflow/example_dags/example_complex.py
[2024-06-09T10:12:47.257+0000] {processor.py:840} INFO - DAG(s) 'example_complex' retrieved from /home/airflow/.local/lib/python3.12/site-packages/airflow/example_dags/example_complex.py
[2024-06-09T10:12:47.301+0000] {logging_mixin.py:188} INFO - [2024-06-09T10:12:47.301+0000] {dag.py:3096} INFO - Sync 1 DAGs
[2024-06-09T10:12:47.319+0000] {logging_mixin.py:188} INFO - [2024-06-09T10:12:47.319+0000] {dag.py:3954} INFO - Setting next_dagrun for example_complex to None, run_after=None
[2024-06-09T10:12:47.346+0000] {processor.py:183} INFO - Processing /home/airflow/.local/lib/python3.12/site-packages/airflow/example_dags/example_complex.py took 0.113 seconds
[2024-06-09T11:13:44.652+0000] {processor.py:161} INFO - Started process (PID=65461) to work on /home/airflow/.local/lib/python3.12/site-packages/airflow/example_dags/example_complex.py
[2024-06-09T11:13:44.654+0000] {processor.py:830} INFO - Processing file /home/airflow/.local/lib/python3.12/site-packages/airflow/example_dags/example_complex.py for tasks to queue
[2024-06-09T11:13:44.655+0000] {logging_mixin.py:188} INFO - [2024-06-09T11:13:44.655+0000] {dagbag.py:545} INFO - Filling up the DagBag from /home/airflow/.local/lib/python3.12/site-packages/airflow/example_dags/example_complex.py
[2024-06-09T11:13:44.672+0000] {processor.py:840} INFO - DAG(s) 'example_complex' retrieved from /home/airflow/.local/lib/python3.12/site-packages/airflow/example_dags/example_complex.py
[2024-06-09T11:13:44.727+0000] {logging_mixin.py:188} INFO - [2024-06-09T11:13:44.727+0000] {dag.py:3096} INFO - Sync 1 DAGs
[2024-06-09T11:13:44.744+0000] {logging_mixin.py:188} INFO - [2024-06-09T11:13:44.744+0000] {dag.py:3954} INFO - Setting next_dagrun for example_complex to None, run_after=None
[2024-06-09T11:13:44.775+0000] {processor.py:183} INFO - Processing /home/airflow/.local/lib/python3.12/site-packages/airflow/example_dags/example_complex.py took 0.131 seconds
[2024-06-09T11:18:35.407+0000] {processor.py:161} INFO - Started process (PID=65526) to work on /home/airflow/.local/lib/python3.12/site-packages/airflow/example_dags/example_complex.py
[2024-06-09T11:18:35.408+0000] {processor.py:830} INFO - Processing file /home/airflow/.local/lib/python3.12/site-packages/airflow/example_dags/example_complex.py for tasks to queue
[2024-06-09T11:18:35.410+0000] {logging_mixin.py:188} INFO - [2024-06-09T11:18:35.409+0000] {dagbag.py:545} INFO - Filling up the DagBag from /home/airflow/.local/lib/python3.12/site-packages/airflow/example_dags/example_complex.py
[2024-06-09T11:18:35.424+0000] {processor.py:840} INFO - DAG(s) 'example_complex' retrieved from /home/airflow/.local/lib/python3.12/site-packages/airflow/example_dags/example_complex.py
[2024-06-09T11:18:35.466+0000] {logging_mixin.py:188} INFO - [2024-06-09T11:18:35.465+0000] {dag.py:3096} INFO - Sync 1 DAGs
[2024-06-09T11:18:35.483+0000] {logging_mixin.py:188} INFO - [2024-06-09T11:18:35.483+0000] {dag.py:3954} INFO - Setting next_dagrun for example_complex to None, run_after=None
[2024-06-09T11:18:35.507+0000] {processor.py:183} INFO - Processing /home/airflow/.local/lib/python3.12/site-packages/airflow/example_dags/example_complex.py took 0.107 seconds
[2024-06-09T11:19:05.648+0000] {processor.py:161} INFO - Started process (PID=65586) to work on /home/airflow/.local/lib/python3.12/site-packages/airflow/example_dags/example_complex.py
[2024-06-09T11:19:05.649+0000] {processor.py:830} INFO - Processing file /home/airflow/.local/lib/python3.12/site-packages/airflow/example_dags/example_complex.py for tasks to queue
[2024-06-09T11:19:05.651+0000] {logging_mixin.py:188} INFO - [2024-06-09T11:19:05.650+0000] {dagbag.py:545} INFO - Filling up the DagBag from /home/airflow/.local/lib/python3.12/site-packages/airflow/example_dags/example_complex.py
[2024-06-09T11:19:05.666+0000] {processor.py:840} INFO - DAG(s) 'example_complex' retrieved from /home/airflow/.local/lib/python3.12/site-packages/airflow/example_dags/example_complex.py
[2024-06-09T11:19:05.709+0000] {logging_mixin.py:188} INFO - [2024-06-09T11:19:05.709+0000] {dag.py:3096} INFO - Sync 1 DAGs
[2024-06-09T11:19:05.726+0000] {logging_mixin.py:188} INFO - [2024-06-09T11:19:05.725+0000] {dag.py:3954} INFO - Setting next_dagrun for example_complex to None, run_after=None
[2024-06-09T11:19:05.750+0000] {processor.py:183} INFO - Processing /home/airflow/.local/lib/python3.12/site-packages/airflow/example_dags/example_complex.py took 0.111 seconds
[2024-06-09T12:14:50.574+0000] {processor.py:161} INFO - Started process (PID=65646) to work on /home/airflow/.local/lib/python3.12/site-packages/airflow/example_dags/example_complex.py
[2024-06-09T12:14:50.576+0000] {processor.py:830} INFO - Processing file /home/airflow/.local/lib/python3.12/site-packages/airflow/example_dags/example_complex.py for tasks to queue
[2024-06-09T12:14:50.578+0000] {logging_mixin.py:188} INFO - [2024-06-09T12:14:50.577+0000] {dagbag.py:545} INFO - Filling up the DagBag from /home/airflow/.local/lib/python3.12/site-packages/airflow/example_dags/example_complex.py
[2024-06-09T12:14:50.600+0000] {processor.py:840} INFO - DAG(s) 'example_complex' retrieved from /home/airflow/.local/lib/python3.12/site-packages/airflow/example_dags/example_complex.py
[2024-06-09T12:14:50.677+0000] {logging_mixin.py:188} INFO - [2024-06-09T12:14:50.676+0000] {dag.py:3096} INFO - Sync 1 DAGs
[2024-06-09T12:14:50.702+0000] {logging_mixin.py:188} INFO - [2024-06-09T12:14:50.701+0000] {dag.py:3954} INFO - Setting next_dagrun for example_complex to None, run_after=None
[2024-06-09T12:14:50.732+0000] {processor.py:183} INFO - Processing /home/airflow/.local/lib/python3.12/site-packages/airflow/example_dags/example_complex.py took 0.168 seconds
[2024-06-09T13:15:49.113+0000] {processor.py:161} INFO - Started process (PID=65706) to work on /home/airflow/.local/lib/python3.12/site-packages/airflow/example_dags/example_complex.py
[2024-06-09T13:15:49.118+0000] {processor.py:830} INFO - Processing file /home/airflow/.local/lib/python3.12/site-packages/airflow/example_dags/example_complex.py for tasks to queue
[2024-06-09T13:15:49.122+0000] {logging_mixin.py:188} INFO - [2024-06-09T13:15:49.120+0000] {dagbag.py:545} INFO - Filling up the DagBag from /home/airflow/.local/lib/python3.12/site-packages/airflow/example_dags/example_complex.py
[2024-06-09T13:15:49.152+0000] {processor.py:840} INFO - DAG(s) 'example_complex' retrieved from /home/airflow/.local/lib/python3.12/site-packages/airflow/example_dags/example_complex.py
[2024-06-09T13:15:49.253+0000] {logging_mixin.py:188} INFO - [2024-06-09T13:15:49.252+0000] {dag.py:3096} INFO - Sync 1 DAGs
[2024-06-09T13:15:49.296+0000] {logging_mixin.py:188} INFO - [2024-06-09T13:15:49.296+0000] {dag.py:3954} INFO - Setting next_dagrun for example_complex to None, run_after=None
[2024-06-09T13:15:49.353+0000] {processor.py:183} INFO - Processing /home/airflow/.local/lib/python3.12/site-packages/airflow/example_dags/example_complex.py took 0.255 seconds
[2024-06-09T13:16:29.557+0000] {processor.py:161} INFO - Started process (PID=65766) to work on /home/airflow/.local/lib/python3.12/site-packages/airflow/example_dags/example_complex.py
[2024-06-09T13:16:29.560+0000] {processor.py:830} INFO - Processing file /home/airflow/.local/lib/python3.12/site-packages/airflow/example_dags/example_complex.py for tasks to queue
[2024-06-09T13:16:29.562+0000] {logging_mixin.py:188} INFO - [2024-06-09T13:16:29.561+0000] {dagbag.py:545} INFO - Filling up the DagBag from /home/airflow/.local/lib/python3.12/site-packages/airflow/example_dags/example_complex.py
[2024-06-09T13:16:29.589+0000] {processor.py:840} INFO - DAG(s) 'example_complex' retrieved from /home/airflow/.local/lib/python3.12/site-packages/airflow/example_dags/example_complex.py
[2024-06-09T13:16:29.671+0000] {logging_mixin.py:188} INFO - [2024-06-09T13:16:29.670+0000] {dag.py:3096} INFO - Sync 1 DAGs
[2024-06-09T13:16:29.700+0000] {logging_mixin.py:188} INFO - [2024-06-09T13:16:29.700+0000] {dag.py:3954} INFO - Setting next_dagrun for example_complex to None, run_after=None
[2024-06-09T13:16:29.747+0000] {processor.py:183} INFO - Processing /home/airflow/.local/lib/python3.12/site-packages/airflow/example_dags/example_complex.py took 0.203 seconds
[2024-06-09T14:17:13.029+0000] {processor.py:161} INFO - Started process (PID=65820) to work on /home/airflow/.local/lib/python3.12/site-packages/airflow/example_dags/example_complex.py
[2024-06-09T14:17:13.031+0000] {processor.py:830} INFO - Processing file /home/airflow/.local/lib/python3.12/site-packages/airflow/example_dags/example_complex.py for tasks to queue
[2024-06-09T14:17:13.032+0000] {logging_mixin.py:188} INFO - [2024-06-09T14:17:13.032+0000] {dagbag.py:545} INFO - Filling up the DagBag from /home/airflow/.local/lib/python3.12/site-packages/airflow/example_dags/example_complex.py
[2024-06-09T14:17:13.046+0000] {processor.py:840} INFO - DAG(s) 'example_complex' retrieved from /home/airflow/.local/lib/python3.12/site-packages/airflow/example_dags/example_complex.py
[2024-06-09T14:17:13.089+0000] {logging_mixin.py:188} INFO - [2024-06-09T14:17:13.088+0000] {dag.py:3096} INFO - Sync 1 DAGs
[2024-06-09T14:17:13.106+0000] {logging_mixin.py:188} INFO - [2024-06-09T14:17:13.106+0000] {dag.py:3954} INFO - Setting next_dagrun for example_complex to None, run_after=None
[2024-06-09T14:17:13.134+0000] {processor.py:183} INFO - Processing /home/airflow/.local/lib/python3.12/site-packages/airflow/example_dags/example_complex.py took 0.112 seconds
[2024-06-09T15:18:12.306+0000] {processor.py:161} INFO - Started process (PID=65880) to work on /home/airflow/.local/lib/python3.12/site-packages/airflow/example_dags/example_complex.py
[2024-06-09T15:18:12.308+0000] {processor.py:830} INFO - Processing file /home/airflow/.local/lib/python3.12/site-packages/airflow/example_dags/example_complex.py for tasks to queue
[2024-06-09T15:18:12.309+0000] {logging_mixin.py:188} INFO - [2024-06-09T15:18:12.309+0000] {dagbag.py:545} INFO - Filling up the DagBag from /home/airflow/.local/lib/python3.12/site-packages/airflow/example_dags/example_complex.py
[2024-06-09T15:18:12.323+0000] {processor.py:840} INFO - DAG(s) 'example_complex' retrieved from /home/airflow/.local/lib/python3.12/site-packages/airflow/example_dags/example_complex.py
[2024-06-09T15:18:12.366+0000] {logging_mixin.py:188} INFO - [2024-06-09T15:18:12.366+0000] {dag.py:3096} INFO - Sync 1 DAGs
[2024-06-09T15:18:12.383+0000] {logging_mixin.py:188} INFO - [2024-06-09T15:18:12.383+0000] {dag.py:3954} INFO - Setting next_dagrun for example_complex to None, run_after=None
[2024-06-09T15:18:12.408+0000] {processor.py:183} INFO - Processing /home/airflow/.local/lib/python3.12/site-packages/airflow/example_dags/example_complex.py took 0.109 seconds
[2024-06-09T15:18:47.003+0000] {processor.py:161} INFO - Started process (PID=65940) to work on /home/airflow/.local/lib/python3.12/site-packages/airflow/example_dags/example_complex.py
[2024-06-09T15:18:47.006+0000] {processor.py:830} INFO - Processing file /home/airflow/.local/lib/python3.12/site-packages/airflow/example_dags/example_complex.py for tasks to queue
[2024-06-09T15:18:47.009+0000] {logging_mixin.py:188} INFO - [2024-06-09T15:18:47.009+0000] {dagbag.py:545} INFO - Filling up the DagBag from /home/airflow/.local/lib/python3.12/site-packages/airflow/example_dags/example_complex.py
[2024-06-09T15:18:47.034+0000] {processor.py:840} INFO - DAG(s) 'example_complex' retrieved from /home/airflow/.local/lib/python3.12/site-packages/airflow/example_dags/example_complex.py
[2024-06-09T15:18:47.119+0000] {logging_mixin.py:188} INFO - [2024-06-09T15:18:47.118+0000] {dag.py:3096} INFO - Sync 1 DAGs
[2024-06-09T15:18:47.166+0000] {logging_mixin.py:188} INFO - [2024-06-09T15:18:47.165+0000] {dag.py:3954} INFO - Setting next_dagrun for example_complex to None, run_after=None
[2024-06-09T15:18:47.249+0000] {processor.py:183} INFO - Processing /home/airflow/.local/lib/python3.12/site-packages/airflow/example_dags/example_complex.py took 0.259 seconds
[2024-06-09T16:19:38.828+0000] {processor.py:161} INFO - Started process (PID=65994) to work on /home/airflow/.local/lib/python3.12/site-packages/airflow/example_dags/example_complex.py
[2024-06-09T16:19:38.829+0000] {processor.py:830} INFO - Processing file /home/airflow/.local/lib/python3.12/site-packages/airflow/example_dags/example_complex.py for tasks to queue
[2024-06-09T16:19:38.830+0000] {logging_mixin.py:188} INFO - [2024-06-09T16:19:38.830+0000] {dagbag.py:545} INFO - Filling up the DagBag from /home/airflow/.local/lib/python3.12/site-packages/airflow/example_dags/example_complex.py
[2024-06-09T16:19:38.844+0000] {processor.py:840} INFO - DAG(s) 'example_complex' retrieved from /home/airflow/.local/lib/python3.12/site-packages/airflow/example_dags/example_complex.py
[2024-06-09T16:19:38.890+0000] {logging_mixin.py:188} INFO - [2024-06-09T16:19:38.890+0000] {dag.py:3096} INFO - Sync 1 DAGs
[2024-06-09T16:19:38.908+0000] {logging_mixin.py:188} INFO - [2024-06-09T16:19:38.908+0000] {dag.py:3954} INFO - Setting next_dagrun for example_complex to None, run_after=None
[2024-06-09T16:19:38.934+0000] {processor.py:183} INFO - Processing /home/airflow/.local/lib/python3.12/site-packages/airflow/example_dags/example_complex.py took 0.114 seconds
[2024-06-09T16:31:50.614+0000] {processor.py:161} INFO - Started process (PID=66060) to work on /home/airflow/.local/lib/python3.12/site-packages/airflow/example_dags/example_complex.py
[2024-06-09T16:31:50.632+0000] {processor.py:830} INFO - Processing file /home/airflow/.local/lib/python3.12/site-packages/airflow/example_dags/example_complex.py for tasks to queue
[2024-06-09T16:31:50.662+0000] {logging_mixin.py:188} INFO - [2024-06-09T16:31:50.651+0000] {dagbag.py:545} INFO - Filling up the DagBag from /home/airflow/.local/lib/python3.12/site-packages/airflow/example_dags/example_complex.py
[2024-06-09T16:31:51.045+0000] {processor.py:840} INFO - DAG(s) 'example_complex' retrieved from /home/airflow/.local/lib/python3.12/site-packages/airflow/example_dags/example_complex.py
[2024-06-09T16:31:52.403+0000] {logging_mixin.py:188} INFO - [2024-06-09T16:31:52.395+0000] {dag.py:3096} INFO - Sync 1 DAGs
[2024-06-09T16:31:53.000+0000] {logging_mixin.py:188} INFO - [2024-06-09T16:31:52.995+0000] {dag.py:3954} INFO - Setting next_dagrun for example_complex to None, run_after=None
[2024-06-09T16:31:53.426+0000] {processor.py:183} INFO - Processing /home/airflow/.local/lib/python3.12/site-packages/airflow/example_dags/example_complex.py took 2.966 seconds
[2024-06-09T18:21:16.181+0000] {processor.py:161} INFO - Started process (PID=66125) to work on /home/airflow/.local/lib/python3.12/site-packages/airflow/example_dags/example_complex.py
[2024-06-09T18:21:16.184+0000] {processor.py:830} INFO - Processing file /home/airflow/.local/lib/python3.12/site-packages/airflow/example_dags/example_complex.py for tasks to queue
[2024-06-09T18:21:16.186+0000] {logging_mixin.py:188} INFO - [2024-06-09T18:21:16.186+0000] {dagbag.py:545} INFO - Filling up the DagBag from /home/airflow/.local/lib/python3.12/site-packages/airflow/example_dags/example_complex.py
[2024-06-09T18:21:16.209+0000] {processor.py:840} INFO - DAG(s) 'example_complex' retrieved from /home/airflow/.local/lib/python3.12/site-packages/airflow/example_dags/example_complex.py
[2024-06-09T18:21:16.286+0000] {logging_mixin.py:188} INFO - [2024-06-09T18:21:16.286+0000] {dag.py:3096} INFO - Sync 1 DAGs
[2024-06-09T18:21:16.318+0000] {logging_mixin.py:188} INFO - [2024-06-09T18:21:16.317+0000] {dag.py:3954} INFO - Setting next_dagrun for example_complex to None, run_after=None
[2024-06-09T18:21:16.365+0000] {processor.py:183} INFO - Processing /home/airflow/.local/lib/python3.12/site-packages/airflow/example_dags/example_complex.py took 0.195 seconds
[2024-06-09T19:22:13.311+0000] {processor.py:161} INFO - Started process (PID=66164) to work on /home/airflow/.local/lib/python3.12/site-packages/airflow/example_dags/example_complex.py
[2024-06-09T19:22:13.313+0000] {processor.py:830} INFO - Processing file /home/airflow/.local/lib/python3.12/site-packages/airflow/example_dags/example_complex.py for tasks to queue
[2024-06-09T19:22:13.315+0000] {logging_mixin.py:188} INFO - [2024-06-09T19:22:13.315+0000] {dagbag.py:545} INFO - Filling up the DagBag from /home/airflow/.local/lib/python3.12/site-packages/airflow/example_dags/example_complex.py
[2024-06-09T19:22:13.342+0000] {processor.py:840} INFO - DAG(s) 'example_complex' retrieved from /home/airflow/.local/lib/python3.12/site-packages/airflow/example_dags/example_complex.py
[2024-06-09T19:22:13.428+0000] {logging_mixin.py:188} INFO - [2024-06-09T19:22:13.428+0000] {dag.py:3096} INFO - Sync 1 DAGs
[2024-06-09T19:22:13.475+0000] {logging_mixin.py:188} INFO - [2024-06-09T19:22:13.474+0000] {dag.py:3954} INFO - Setting next_dagrun for example_complex to None, run_after=None
[2024-06-09T19:22:13.533+0000] {processor.py:183} INFO - Processing /home/airflow/.local/lib/python3.12/site-packages/airflow/example_dags/example_complex.py took 0.236 seconds
[2024-06-09T19:31:27.316+0000] {processor.py:161} INFO - Started process (PID=66224) to work on /home/airflow/.local/lib/python3.12/site-packages/airflow/example_dags/example_complex.py
[2024-06-09T19:31:27.322+0000] {processor.py:830} INFO - Processing file /home/airflow/.local/lib/python3.12/site-packages/airflow/example_dags/example_complex.py for tasks to queue
[2024-06-09T19:31:27.324+0000] {logging_mixin.py:188} INFO - [2024-06-09T19:31:27.323+0000] {dagbag.py:545} INFO - Filling up the DagBag from /home/airflow/.local/lib/python3.12/site-packages/airflow/example_dags/example_complex.py
[2024-06-09T19:31:27.345+0000] {processor.py:840} INFO - DAG(s) 'example_complex' retrieved from /home/airflow/.local/lib/python3.12/site-packages/airflow/example_dags/example_complex.py
[2024-06-09T19:31:27.414+0000] {logging_mixin.py:188} INFO - [2024-06-09T19:31:27.414+0000] {dag.py:3096} INFO - Sync 1 DAGs
[2024-06-09T19:31:27.437+0000] {logging_mixin.py:188} INFO - [2024-06-09T19:31:27.436+0000] {dag.py:3954} INFO - Setting next_dagrun for example_complex to None, run_after=None
[2024-06-09T19:31:27.470+0000] {processor.py:183} INFO - Processing /home/airflow/.local/lib/python3.12/site-packages/airflow/example_dags/example_complex.py took 0.165 seconds
[2024-06-09T20:23:16.210+0000] {processor.py:161} INFO - Started process (PID=66303) to work on /home/airflow/.local/lib/python3.12/site-packages/airflow/example_dags/example_complex.py
[2024-06-09T20:23:16.212+0000] {processor.py:830} INFO - Processing file /home/airflow/.local/lib/python3.12/site-packages/airflow/example_dags/example_complex.py for tasks to queue
[2024-06-09T20:23:16.214+0000] {logging_mixin.py:188} INFO - [2024-06-09T20:23:16.213+0000] {dagbag.py:545} INFO - Filling up the DagBag from /home/airflow/.local/lib/python3.12/site-packages/airflow/example_dags/example_complex.py
[2024-06-09T20:23:16.237+0000] {processor.py:840} INFO - DAG(s) 'example_complex' retrieved from /home/airflow/.local/lib/python3.12/site-packages/airflow/example_dags/example_complex.py
[2024-06-09T20:23:16.301+0000] {logging_mixin.py:188} INFO - [2024-06-09T20:23:16.300+0000] {dag.py:3096} INFO - Sync 1 DAGs
[2024-06-09T20:23:16.318+0000] {logging_mixin.py:188} INFO - [2024-06-09T20:23:16.318+0000] {dag.py:3954} INFO - Setting next_dagrun for example_complex to None, run_after=None
[2024-06-09T20:23:16.345+0000] {processor.py:183} INFO - Processing /home/airflow/.local/lib/python3.12/site-packages/airflow/example_dags/example_complex.py took 0.147 seconds
