[2024-06-09T03:05:35.876+0000] {processor.py:161} INFO - Started process (PID=64865) to work on /home/airflow/.local/lib/python3.12/site-packages/airflow/example_dags/example_setup_teardown_taskflow.py
[2024-06-09T03:05:35.877+0000] {processor.py:830} INFO - Processing file /home/airflow/.local/lib/python3.12/site-packages/airflow/example_dags/example_setup_teardown_taskflow.py for tasks to queue
[2024-06-09T03:05:35.879+0000] {logging_mixin.py:188} INFO - [2024-06-09T03:05:35.878+0000] {dagbag.py:545} INFO - Filling up the DagBag from /home/airflow/.local/lib/python3.12/site-packages/airflow/example_dags/example_setup_teardown_taskflow.py
[2024-06-09T03:05:35.893+0000] {processor.py:840} INFO - DAG(s) 'example_setup_teardown_taskflow' retrieved from /home/airflow/.local/lib/python3.12/site-packages/airflow/example_dags/example_setup_teardown_taskflow.py
[2024-06-09T03:05:35.921+0000] {logging_mixin.py:188} INFO - [2024-06-09T03:05:35.921+0000] {dag.py:3096} INFO - Sync 1 DAGs
[2024-06-09T03:05:35.956+0000] {logging_mixin.py:188} INFO - [2024-06-09T03:05:35.955+0000] {dag.py:3954} INFO - Setting next_dagrun for example_setup_teardown_taskflow to 2024-06-08 00:00:00+00:00, run_after=2024-06-09 00:00:00+00:00
[2024-06-09T03:05:35.982+0000] {processor.py:183} INFO - Processing /home/airflow/.local/lib/python3.12/site-packages/airflow/example_dags/example_setup_teardown_taskflow.py took 0.113 seconds
[2024-06-09T04:06:37.762+0000] {processor.py:161} INFO - Started process (PID=64925) to work on /home/airflow/.local/lib/python3.12/site-packages/airflow/example_dags/example_setup_teardown_taskflow.py
[2024-06-09T04:06:37.764+0000] {processor.py:830} INFO - Processing file /home/airflow/.local/lib/python3.12/site-packages/airflow/example_dags/example_setup_teardown_taskflow.py for tasks to queue
[2024-06-09T04:06:37.766+0000] {logging_mixin.py:188} INFO - [2024-06-09T04:06:37.766+0000] {dagbag.py:545} INFO - Filling up the DagBag from /home/airflow/.local/lib/python3.12/site-packages/airflow/example_dags/example_setup_teardown_taskflow.py
[2024-06-09T04:06:37.788+0000] {processor.py:840} INFO - DAG(s) 'example_setup_teardown_taskflow' retrieved from /home/airflow/.local/lib/python3.12/site-packages/airflow/example_dags/example_setup_teardown_taskflow.py
[2024-06-09T04:06:37.834+0000] {logging_mixin.py:188} INFO - [2024-06-09T04:06:37.834+0000] {dag.py:3096} INFO - Sync 1 DAGs
[2024-06-09T04:06:37.883+0000] {logging_mixin.py:188} INFO - [2024-06-09T04:06:37.883+0000] {dag.py:3954} INFO - Setting next_dagrun for example_setup_teardown_taskflow to 2024-06-08 00:00:00+00:00, run_after=2024-06-09 00:00:00+00:00
[2024-06-09T04:06:37.926+0000] {processor.py:183} INFO - Processing /home/airflow/.local/lib/python3.12/site-packages/airflow/example_dags/example_setup_teardown_taskflow.py took 0.175 seconds
[2024-06-09T04:07:08.067+0000] {processor.py:161} INFO - Started process (PID=64985) to work on /home/airflow/.local/lib/python3.12/site-packages/airflow/example_dags/example_setup_teardown_taskflow.py
[2024-06-09T04:07:08.068+0000] {processor.py:830} INFO - Processing file /home/airflow/.local/lib/python3.12/site-packages/airflow/example_dags/example_setup_teardown_taskflow.py for tasks to queue
[2024-06-09T04:07:08.069+0000] {logging_mixin.py:188} INFO - [2024-06-09T04:07:08.069+0000] {dagbag.py:545} INFO - Filling up the DagBag from /home/airflow/.local/lib/python3.12/site-packages/airflow/example_dags/example_setup_teardown_taskflow.py
[2024-06-09T04:07:08.083+0000] {processor.py:840} INFO - DAG(s) 'example_setup_teardown_taskflow' retrieved from /home/airflow/.local/lib/python3.12/site-packages/airflow/example_dags/example_setup_teardown_taskflow.py
[2024-06-09T04:07:08.112+0000] {logging_mixin.py:188} INFO - [2024-06-09T04:07:08.112+0000] {dag.py:3096} INFO - Sync 1 DAGs
[2024-06-09T04:07:08.139+0000] {logging_mixin.py:188} INFO - [2024-06-09T04:07:08.139+0000] {dag.py:3954} INFO - Setting next_dagrun for example_setup_teardown_taskflow to 2024-06-08 00:00:00+00:00, run_after=2024-06-09 00:00:00+00:00
[2024-06-09T04:07:08.162+0000] {processor.py:183} INFO - Processing /home/airflow/.local/lib/python3.12/site-packages/airflow/example_dags/example_setup_teardown_taskflow.py took 0.103 seconds
[2024-06-09T06:07:55.051+0000] {processor.py:161} INFO - Started process (PID=65045) to work on /home/airflow/.local/lib/python3.12/site-packages/airflow/example_dags/example_setup_teardown_taskflow.py
[2024-06-09T06:07:55.053+0000] {processor.py:830} INFO - Processing file /home/airflow/.local/lib/python3.12/site-packages/airflow/example_dags/example_setup_teardown_taskflow.py for tasks to queue
[2024-06-09T06:07:55.055+0000] {logging_mixin.py:188} INFO - [2024-06-09T06:07:55.054+0000] {dagbag.py:545} INFO - Filling up the DagBag from /home/airflow/.local/lib/python3.12/site-packages/airflow/example_dags/example_setup_teardown_taskflow.py
[2024-06-09T06:07:55.068+0000] {processor.py:840} INFO - DAG(s) 'example_setup_teardown_taskflow' retrieved from /home/airflow/.local/lib/python3.12/site-packages/airflow/example_dags/example_setup_teardown_taskflow.py
[2024-06-09T06:07:55.096+0000] {logging_mixin.py:188} INFO - [2024-06-09T06:07:55.096+0000] {dag.py:3096} INFO - Sync 1 DAGs
[2024-06-09T06:07:55.125+0000] {logging_mixin.py:188} INFO - [2024-06-09T06:07:55.125+0000] {dag.py:3954} INFO - Setting next_dagrun for example_setup_teardown_taskflow to 2024-06-08 00:00:00+00:00, run_after=2024-06-09 00:00:00+00:00
[2024-06-09T06:07:55.152+0000] {processor.py:183} INFO - Processing /home/airflow/.local/lib/python3.12/site-packages/airflow/example_dags/example_setup_teardown_taskflow.py took 0.108 seconds
[2024-06-09T06:08:35.432+0000] {processor.py:161} INFO - Started process (PID=65105) to work on /home/airflow/.local/lib/python3.12/site-packages/airflow/example_dags/example_setup_teardown_taskflow.py
[2024-06-09T06:08:35.435+0000] {processor.py:830} INFO - Processing file /home/airflow/.local/lib/python3.12/site-packages/airflow/example_dags/example_setup_teardown_taskflow.py for tasks to queue
[2024-06-09T06:08:35.436+0000] {logging_mixin.py:188} INFO - [2024-06-09T06:08:35.435+0000] {dagbag.py:545} INFO - Filling up the DagBag from /home/airflow/.local/lib/python3.12/site-packages/airflow/example_dags/example_setup_teardown_taskflow.py
[2024-06-09T06:08:35.458+0000] {processor.py:840} INFO - DAG(s) 'example_setup_teardown_taskflow' retrieved from /home/airflow/.local/lib/python3.12/site-packages/airflow/example_dags/example_setup_teardown_taskflow.py
[2024-06-09T06:08:35.496+0000] {logging_mixin.py:188} INFO - [2024-06-09T06:08:35.496+0000] {dag.py:3096} INFO - Sync 1 DAGs
[2024-06-09T06:08:35.533+0000] {logging_mixin.py:188} INFO - [2024-06-09T06:08:35.532+0000] {dag.py:3954} INFO - Setting next_dagrun for example_setup_teardown_taskflow to 2024-06-08 00:00:00+00:00, run_after=2024-06-09 00:00:00+00:00
[2024-06-09T06:08:35.562+0000] {processor.py:183} INFO - Processing /home/airflow/.local/lib/python3.12/site-packages/airflow/example_dags/example_setup_teardown_taskflow.py took 0.138 seconds
[2024-06-09T07:09:20.000+0000] {processor.py:161} INFO - Started process (PID=65159) to work on /home/airflow/.local/lib/python3.12/site-packages/airflow/example_dags/example_setup_teardown_taskflow.py
[2024-06-09T07:09:20.001+0000] {processor.py:830} INFO - Processing file /home/airflow/.local/lib/python3.12/site-packages/airflow/example_dags/example_setup_teardown_taskflow.py for tasks to queue
[2024-06-09T07:09:20.002+0000] {logging_mixin.py:188} INFO - [2024-06-09T07:09:20.002+0000] {dagbag.py:545} INFO - Filling up the DagBag from /home/airflow/.local/lib/python3.12/site-packages/airflow/example_dags/example_setup_teardown_taskflow.py
[2024-06-09T07:09:20.016+0000] {processor.py:840} INFO - DAG(s) 'example_setup_teardown_taskflow' retrieved from /home/airflow/.local/lib/python3.12/site-packages/airflow/example_dags/example_setup_teardown_taskflow.py
[2024-06-09T07:09:20.043+0000] {logging_mixin.py:188} INFO - [2024-06-09T07:09:20.043+0000] {dag.py:3096} INFO - Sync 1 DAGs
[2024-06-09T07:09:20.077+0000] {logging_mixin.py:188} INFO - [2024-06-09T07:09:20.077+0000] {dag.py:3954} INFO - Setting next_dagrun for example_setup_teardown_taskflow to 2024-06-08 00:00:00+00:00, run_after=2024-06-09 00:00:00+00:00
[2024-06-09T07:09:20.105+0000] {processor.py:183} INFO - Processing /home/airflow/.local/lib/python3.12/site-packages/airflow/example_dags/example_setup_teardown_taskflow.py took 0.113 seconds
[2024-06-09T08:10:19.582+0000] {processor.py:161} INFO - Started process (PID=65219) to work on /home/airflow/.local/lib/python3.12/site-packages/airflow/example_dags/example_setup_teardown_taskflow.py
[2024-06-09T08:10:19.584+0000] {processor.py:830} INFO - Processing file /home/airflow/.local/lib/python3.12/site-packages/airflow/example_dags/example_setup_teardown_taskflow.py for tasks to queue
[2024-06-09T08:10:19.585+0000] {logging_mixin.py:188} INFO - [2024-06-09T08:10:19.585+0000] {dagbag.py:545} INFO - Filling up the DagBag from /home/airflow/.local/lib/python3.12/site-packages/airflow/example_dags/example_setup_teardown_taskflow.py
[2024-06-09T08:10:19.602+0000] {processor.py:840} INFO - DAG(s) 'example_setup_teardown_taskflow' retrieved from /home/airflow/.local/lib/python3.12/site-packages/airflow/example_dags/example_setup_teardown_taskflow.py
[2024-06-09T08:10:19.633+0000] {logging_mixin.py:188} INFO - [2024-06-09T08:10:19.632+0000] {dag.py:3096} INFO - Sync 1 DAGs
[2024-06-09T08:10:19.660+0000] {logging_mixin.py:188} INFO - [2024-06-09T08:10:19.660+0000] {dag.py:3954} INFO - Setting next_dagrun for example_setup_teardown_taskflow to 2024-06-08 00:00:00+00:00, run_after=2024-06-09 00:00:00+00:00
[2024-06-09T08:10:19.684+0000] {processor.py:183} INFO - Processing /home/airflow/.local/lib/python3.12/site-packages/airflow/example_dags/example_setup_teardown_taskflow.py took 0.111 seconds
[2024-06-09T09:11:16.862+0000] {processor.py:161} INFO - Started process (PID=65285) to work on /home/airflow/.local/lib/python3.12/site-packages/airflow/example_dags/example_setup_teardown_taskflow.py
[2024-06-09T09:11:16.864+0000] {processor.py:830} INFO - Processing file /home/airflow/.local/lib/python3.12/site-packages/airflow/example_dags/example_setup_teardown_taskflow.py for tasks to queue
[2024-06-09T09:11:16.866+0000] {logging_mixin.py:188} INFO - [2024-06-09T09:11:16.865+0000] {dagbag.py:545} INFO - Filling up the DagBag from /home/airflow/.local/lib/python3.12/site-packages/airflow/example_dags/example_setup_teardown_taskflow.py
[2024-06-09T09:11:16.885+0000] {processor.py:840} INFO - DAG(s) 'example_setup_teardown_taskflow' retrieved from /home/airflow/.local/lib/python3.12/site-packages/airflow/example_dags/example_setup_teardown_taskflow.py
[2024-06-09T09:11:16.919+0000] {logging_mixin.py:188} INFO - [2024-06-09T09:11:16.919+0000] {dag.py:3096} INFO - Sync 1 DAGs
[2024-06-09T09:11:16.953+0000] {logging_mixin.py:188} INFO - [2024-06-09T09:11:16.952+0000] {dag.py:3954} INFO - Setting next_dagrun for example_setup_teardown_taskflow to 2024-06-08 00:00:00+00:00, run_after=2024-06-09 00:00:00+00:00
[2024-06-09T09:11:16.985+0000] {processor.py:183} INFO - Processing /home/airflow/.local/lib/python3.12/site-packages/airflow/example_dags/example_setup_teardown_taskflow.py took 0.133 seconds
[2024-06-09T09:11:55.219+0000] {processor.py:161} INFO - Started process (PID=65345) to work on /home/airflow/.local/lib/python3.12/site-packages/airflow/example_dags/example_setup_teardown_taskflow.py
[2024-06-09T09:11:55.221+0000] {processor.py:830} INFO - Processing file /home/airflow/.local/lib/python3.12/site-packages/airflow/example_dags/example_setup_teardown_taskflow.py for tasks to queue
[2024-06-09T09:11:55.224+0000] {logging_mixin.py:188} INFO - [2024-06-09T09:11:55.223+0000] {dagbag.py:545} INFO - Filling up the DagBag from /home/airflow/.local/lib/python3.12/site-packages/airflow/example_dags/example_setup_teardown_taskflow.py
[2024-06-09T09:11:55.246+0000] {processor.py:840} INFO - DAG(s) 'example_setup_teardown_taskflow' retrieved from /home/airflow/.local/lib/python3.12/site-packages/airflow/example_dags/example_setup_teardown_taskflow.py
[2024-06-09T09:11:55.303+0000] {logging_mixin.py:188} INFO - [2024-06-09T09:11:55.303+0000] {dag.py:3096} INFO - Sync 1 DAGs
[2024-06-09T09:11:55.374+0000] {logging_mixin.py:188} INFO - [2024-06-09T09:11:55.373+0000] {dag.py:3954} INFO - Setting next_dagrun for example_setup_teardown_taskflow to 2024-06-08 00:00:00+00:00, run_after=2024-06-09 00:00:00+00:00
[2024-06-09T09:11:55.411+0000] {processor.py:183} INFO - Processing /home/airflow/.local/lib/python3.12/site-packages/airflow/example_dags/example_setup_teardown_taskflow.py took 0.206 seconds
[2024-06-09T10:12:47.020+0000] {processor.py:161} INFO - Started process (PID=65405) to work on /home/airflow/.local/lib/python3.12/site-packages/airflow/example_dags/example_setup_teardown_taskflow.py
[2024-06-09T10:12:47.021+0000] {processor.py:830} INFO - Processing file /home/airflow/.local/lib/python3.12/site-packages/airflow/example_dags/example_setup_teardown_taskflow.py for tasks to queue
[2024-06-09T10:12:47.022+0000] {logging_mixin.py:188} INFO - [2024-06-09T10:12:47.022+0000] {dagbag.py:545} INFO - Filling up the DagBag from /home/airflow/.local/lib/python3.12/site-packages/airflow/example_dags/example_setup_teardown_taskflow.py
[2024-06-09T10:12:47.037+0000] {processor.py:840} INFO - DAG(s) 'example_setup_teardown_taskflow' retrieved from /home/airflow/.local/lib/python3.12/site-packages/airflow/example_dags/example_setup_teardown_taskflow.py
[2024-06-09T10:12:47.065+0000] {logging_mixin.py:188} INFO - [2024-06-09T10:12:47.065+0000] {dag.py:3096} INFO - Sync 1 DAGs
[2024-06-09T10:12:47.099+0000] {logging_mixin.py:188} INFO - [2024-06-09T10:12:47.098+0000] {dag.py:3954} INFO - Setting next_dagrun for example_setup_teardown_taskflow to 2024-06-08 00:00:00+00:00, run_after=2024-06-09 00:00:00+00:00
[2024-06-09T10:12:47.160+0000] {processor.py:183} INFO - Processing /home/airflow/.local/lib/python3.12/site-packages/airflow/example_dags/example_setup_teardown_taskflow.py took 0.148 seconds
[2024-06-09T11:13:44.513+0000] {processor.py:161} INFO - Started process (PID=65459) to work on /home/airflow/.local/lib/python3.12/site-packages/airflow/example_dags/example_setup_teardown_taskflow.py
[2024-06-09T11:13:44.514+0000] {processor.py:830} INFO - Processing file /home/airflow/.local/lib/python3.12/site-packages/airflow/example_dags/example_setup_teardown_taskflow.py for tasks to queue
[2024-06-09T11:13:44.516+0000] {logging_mixin.py:188} INFO - [2024-06-09T11:13:44.516+0000] {dagbag.py:545} INFO - Filling up the DagBag from /home/airflow/.local/lib/python3.12/site-packages/airflow/example_dags/example_setup_teardown_taskflow.py
[2024-06-09T11:13:44.530+0000] {processor.py:840} INFO - DAG(s) 'example_setup_teardown_taskflow' retrieved from /home/airflow/.local/lib/python3.12/site-packages/airflow/example_dags/example_setup_teardown_taskflow.py
[2024-06-09T11:13:44.560+0000] {logging_mixin.py:188} INFO - [2024-06-09T11:13:44.559+0000] {dag.py:3096} INFO - Sync 1 DAGs
[2024-06-09T11:13:44.587+0000] {logging_mixin.py:188} INFO - [2024-06-09T11:13:44.587+0000] {dag.py:3954} INFO - Setting next_dagrun for example_setup_teardown_taskflow to 2024-06-08 00:00:00+00:00, run_after=2024-06-09 00:00:00+00:00
[2024-06-09T11:13:44.614+0000] {processor.py:183} INFO - Processing /home/airflow/.local/lib/python3.12/site-packages/airflow/example_dags/example_setup_teardown_taskflow.py took 0.111 seconds
[2024-06-09T11:18:35.276+0000] {processor.py:161} INFO - Started process (PID=65524) to work on /home/airflow/.local/lib/python3.12/site-packages/airflow/example_dags/example_setup_teardown_taskflow.py
[2024-06-09T11:18:35.278+0000] {processor.py:830} INFO - Processing file /home/airflow/.local/lib/python3.12/site-packages/airflow/example_dags/example_setup_teardown_taskflow.py for tasks to queue
[2024-06-09T11:18:35.279+0000] {logging_mixin.py:188} INFO - [2024-06-09T11:18:35.279+0000] {dagbag.py:545} INFO - Filling up the DagBag from /home/airflow/.local/lib/python3.12/site-packages/airflow/example_dags/example_setup_teardown_taskflow.py
[2024-06-09T11:18:35.294+0000] {processor.py:840} INFO - DAG(s) 'example_setup_teardown_taskflow' retrieved from /home/airflow/.local/lib/python3.12/site-packages/airflow/example_dags/example_setup_teardown_taskflow.py
[2024-06-09T11:18:35.323+0000] {logging_mixin.py:188} INFO - [2024-06-09T11:18:35.322+0000] {dag.py:3096} INFO - Sync 1 DAGs
[2024-06-09T11:18:35.350+0000] {logging_mixin.py:188} INFO - [2024-06-09T11:18:35.350+0000] {dag.py:3954} INFO - Setting next_dagrun for example_setup_teardown_taskflow to 2024-06-08 00:00:00+00:00, run_after=2024-06-09 00:00:00+00:00
[2024-06-09T11:18:35.374+0000] {processor.py:183} INFO - Processing /home/airflow/.local/lib/python3.12/site-packages/airflow/example_dags/example_setup_teardown_taskflow.py took 0.106 seconds
[2024-06-09T11:19:05.497+0000] {processor.py:161} INFO - Started process (PID=65584) to work on /home/airflow/.local/lib/python3.12/site-packages/airflow/example_dags/example_setup_teardown_taskflow.py
[2024-06-09T11:19:05.499+0000] {processor.py:830} INFO - Processing file /home/airflow/.local/lib/python3.12/site-packages/airflow/example_dags/example_setup_teardown_taskflow.py for tasks to queue
[2024-06-09T11:19:05.501+0000] {logging_mixin.py:188} INFO - [2024-06-09T11:19:05.500+0000] {dagbag.py:545} INFO - Filling up the DagBag from /home/airflow/.local/lib/python3.12/site-packages/airflow/example_dags/example_setup_teardown_taskflow.py
[2024-06-09T11:19:05.517+0000] {processor.py:840} INFO - DAG(s) 'example_setup_teardown_taskflow' retrieved from /home/airflow/.local/lib/python3.12/site-packages/airflow/example_dags/example_setup_teardown_taskflow.py
[2024-06-09T11:19:05.550+0000] {logging_mixin.py:188} INFO - [2024-06-09T11:19:05.550+0000] {dag.py:3096} INFO - Sync 1 DAGs
[2024-06-09T11:19:05.584+0000] {logging_mixin.py:188} INFO - [2024-06-09T11:19:05.583+0000] {dag.py:3954} INFO - Setting next_dagrun for example_setup_teardown_taskflow to 2024-06-08 00:00:00+00:00, run_after=2024-06-09 00:00:00+00:00
[2024-06-09T11:19:05.612+0000] {processor.py:183} INFO - Processing /home/airflow/.local/lib/python3.12/site-packages/airflow/example_dags/example_setup_teardown_taskflow.py took 0.125 seconds
[2024-06-09T12:14:50.341+0000] {processor.py:161} INFO - Started process (PID=65644) to work on /home/airflow/.local/lib/python3.12/site-packages/airflow/example_dags/example_setup_teardown_taskflow.py
[2024-06-09T12:14:50.346+0000] {processor.py:830} INFO - Processing file /home/airflow/.local/lib/python3.12/site-packages/airflow/example_dags/example_setup_teardown_taskflow.py for tasks to queue
[2024-06-09T12:14:50.348+0000] {logging_mixin.py:188} INFO - [2024-06-09T12:14:50.347+0000] {dagbag.py:545} INFO - Filling up the DagBag from /home/airflow/.local/lib/python3.12/site-packages/airflow/example_dags/example_setup_teardown_taskflow.py
[2024-06-09T12:14:50.369+0000] {processor.py:840} INFO - DAG(s) 'example_setup_teardown_taskflow' retrieved from /home/airflow/.local/lib/python3.12/site-packages/airflow/example_dags/example_setup_teardown_taskflow.py
[2024-06-09T12:14:50.466+0000] {logging_mixin.py:188} INFO - [2024-06-09T12:14:50.466+0000] {dag.py:3096} INFO - Sync 1 DAGs
[2024-06-09T12:14:50.506+0000] {logging_mixin.py:188} INFO - [2024-06-09T12:14:50.505+0000] {dag.py:3954} INFO - Setting next_dagrun for example_setup_teardown_taskflow to 2024-06-08 00:00:00+00:00, run_after=2024-06-09 00:00:00+00:00
[2024-06-09T12:14:50.536+0000] {processor.py:183} INFO - Processing /home/airflow/.local/lib/python3.12/site-packages/airflow/example_dags/example_setup_teardown_taskflow.py took 0.207 seconds
[2024-06-09T13:15:48.751+0000] {processor.py:161} INFO - Started process (PID=65699) to work on /home/airflow/.local/lib/python3.12/site-packages/airflow/example_dags/example_setup_teardown_taskflow.py
[2024-06-09T13:15:48.753+0000] {processor.py:830} INFO - Processing file /home/airflow/.local/lib/python3.12/site-packages/airflow/example_dags/example_setup_teardown_taskflow.py for tasks to queue
[2024-06-09T13:15:48.757+0000] {logging_mixin.py:188} INFO - [2024-06-09T13:15:48.755+0000] {dagbag.py:545} INFO - Filling up the DagBag from /home/airflow/.local/lib/python3.12/site-packages/airflow/example_dags/example_setup_teardown_taskflow.py
[2024-06-09T13:15:48.801+0000] {processor.py:840} INFO - DAG(s) 'example_setup_teardown_taskflow' retrieved from /home/airflow/.local/lib/python3.12/site-packages/airflow/example_dags/example_setup_teardown_taskflow.py
[2024-06-09T13:15:48.904+0000] {logging_mixin.py:188} INFO - [2024-06-09T13:15:48.903+0000] {dag.py:3096} INFO - Sync 1 DAGs
[2024-06-09T13:15:48.991+0000] {logging_mixin.py:188} INFO - [2024-06-09T13:15:48.990+0000] {dag.py:3954} INFO - Setting next_dagrun for example_setup_teardown_taskflow to 2024-06-08 00:00:00+00:00, run_after=2024-06-09 00:00:00+00:00
[2024-06-09T13:15:49.044+0000] {processor.py:183} INFO - Processing /home/airflow/.local/lib/python3.12/site-packages/airflow/example_dags/example_setup_teardown_taskflow.py took 0.339 seconds
[2024-06-09T13:16:29.344+0000] {processor.py:161} INFO - Started process (PID=65764) to work on /home/airflow/.local/lib/python3.12/site-packages/airflow/example_dags/example_setup_teardown_taskflow.py
[2024-06-09T13:16:29.346+0000] {processor.py:830} INFO - Processing file /home/airflow/.local/lib/python3.12/site-packages/airflow/example_dags/example_setup_teardown_taskflow.py for tasks to queue
[2024-06-09T13:16:29.348+0000] {logging_mixin.py:188} INFO - [2024-06-09T13:16:29.347+0000] {dagbag.py:545} INFO - Filling up the DagBag from /home/airflow/.local/lib/python3.12/site-packages/airflow/example_dags/example_setup_teardown_taskflow.py
[2024-06-09T13:16:29.370+0000] {processor.py:840} INFO - DAG(s) 'example_setup_teardown_taskflow' retrieved from /home/airflow/.local/lib/python3.12/site-packages/airflow/example_dags/example_setup_teardown_taskflow.py
[2024-06-09T13:16:29.416+0000] {logging_mixin.py:188} INFO - [2024-06-09T13:16:29.416+0000] {dag.py:3096} INFO - Sync 1 DAGs
[2024-06-09T13:16:29.466+0000] {logging_mixin.py:188} INFO - [2024-06-09T13:16:29.465+0000] {dag.py:3954} INFO - Setting next_dagrun for example_setup_teardown_taskflow to 2024-06-08 00:00:00+00:00, run_after=2024-06-09 00:00:00+00:00
[2024-06-09T13:16:29.505+0000] {processor.py:183} INFO - Processing /home/airflow/.local/lib/python3.12/site-packages/airflow/example_dags/example_setup_teardown_taskflow.py took 0.173 seconds
[2024-06-09T14:17:12.901+0000] {processor.py:161} INFO - Started process (PID=65818) to work on /home/airflow/.local/lib/python3.12/site-packages/airflow/example_dags/example_setup_teardown_taskflow.py
[2024-06-09T14:17:12.902+0000] {processor.py:830} INFO - Processing file /home/airflow/.local/lib/python3.12/site-packages/airflow/example_dags/example_setup_teardown_taskflow.py for tasks to queue
[2024-06-09T14:17:12.904+0000] {logging_mixin.py:188} INFO - [2024-06-09T14:17:12.903+0000] {dagbag.py:545} INFO - Filling up the DagBag from /home/airflow/.local/lib/python3.12/site-packages/airflow/example_dags/example_setup_teardown_taskflow.py
[2024-06-09T14:17:12.917+0000] {processor.py:840} INFO - DAG(s) 'example_setup_teardown_taskflow' retrieved from /home/airflow/.local/lib/python3.12/site-packages/airflow/example_dags/example_setup_teardown_taskflow.py
[2024-06-09T14:17:12.945+0000] {logging_mixin.py:188} INFO - [2024-06-09T14:17:12.945+0000] {dag.py:3096} INFO - Sync 1 DAGs
[2024-06-09T14:17:12.977+0000] {logging_mixin.py:188} INFO - [2024-06-09T14:17:12.977+0000] {dag.py:3954} INFO - Setting next_dagrun for example_setup_teardown_taskflow to 2024-06-08 00:00:00+00:00, run_after=2024-06-09 00:00:00+00:00
[2024-06-09T14:17:13.000+0000] {processor.py:183} INFO - Processing /home/airflow/.local/lib/python3.12/site-packages/airflow/example_dags/example_setup_teardown_taskflow.py took 0.106 seconds
[2024-06-09T15:18:12.176+0000] {processor.py:161} INFO - Started process (PID=65878) to work on /home/airflow/.local/lib/python3.12/site-packages/airflow/example_dags/example_setup_teardown_taskflow.py
[2024-06-09T15:18:12.178+0000] {processor.py:830} INFO - Processing file /home/airflow/.local/lib/python3.12/site-packages/airflow/example_dags/example_setup_teardown_taskflow.py for tasks to queue
[2024-06-09T15:18:12.179+0000] {logging_mixin.py:188} INFO - [2024-06-09T15:18:12.179+0000] {dagbag.py:545} INFO - Filling up the DagBag from /home/airflow/.local/lib/python3.12/site-packages/airflow/example_dags/example_setup_teardown_taskflow.py
[2024-06-09T15:18:12.193+0000] {processor.py:840} INFO - DAG(s) 'example_setup_teardown_taskflow' retrieved from /home/airflow/.local/lib/python3.12/site-packages/airflow/example_dags/example_setup_teardown_taskflow.py
[2024-06-09T15:18:12.223+0000] {logging_mixin.py:188} INFO - [2024-06-09T15:18:12.222+0000] {dag.py:3096} INFO - Sync 1 DAGs
[2024-06-09T15:18:12.252+0000] {logging_mixin.py:188} INFO - [2024-06-09T15:18:12.252+0000] {dag.py:3954} INFO - Setting next_dagrun for example_setup_teardown_taskflow to 2024-06-08 00:00:00+00:00, run_after=2024-06-09 00:00:00+00:00
[2024-06-09T15:18:12.276+0000] {processor.py:183} INFO - Processing /home/airflow/.local/lib/python3.12/site-packages/airflow/example_dags/example_setup_teardown_taskflow.py took 0.108 seconds
[2024-06-09T15:18:46.794+0000] {processor.py:161} INFO - Started process (PID=65938) to work on /home/airflow/.local/lib/python3.12/site-packages/airflow/example_dags/example_setup_teardown_taskflow.py
[2024-06-09T15:18:46.797+0000] {processor.py:830} INFO - Processing file /home/airflow/.local/lib/python3.12/site-packages/airflow/example_dags/example_setup_teardown_taskflow.py for tasks to queue
[2024-06-09T15:18:46.799+0000] {logging_mixin.py:188} INFO - [2024-06-09T15:18:46.798+0000] {dagbag.py:545} INFO - Filling up the DagBag from /home/airflow/.local/lib/python3.12/site-packages/airflow/example_dags/example_setup_teardown_taskflow.py
[2024-06-09T15:18:46.821+0000] {processor.py:840} INFO - DAG(s) 'example_setup_teardown_taskflow' retrieved from /home/airflow/.local/lib/python3.12/site-packages/airflow/example_dags/example_setup_teardown_taskflow.py
[2024-06-09T15:18:46.865+0000] {logging_mixin.py:188} INFO - [2024-06-09T15:18:46.865+0000] {dag.py:3096} INFO - Sync 1 DAGs
[2024-06-09T15:18:46.912+0000] {logging_mixin.py:188} INFO - [2024-06-09T15:18:46.911+0000] {dag.py:3954} INFO - Setting next_dagrun for example_setup_teardown_taskflow to 2024-06-08 00:00:00+00:00, run_after=2024-06-09 00:00:00+00:00
[2024-06-09T15:18:46.955+0000] {processor.py:183} INFO - Processing /home/airflow/.local/lib/python3.12/site-packages/airflow/example_dags/example_setup_teardown_taskflow.py took 0.173 seconds
[2024-06-09T16:19:38.698+0000] {processor.py:161} INFO - Started process (PID=65992) to work on /home/airflow/.local/lib/python3.12/site-packages/airflow/example_dags/example_setup_teardown_taskflow.py
[2024-06-09T16:19:38.699+0000] {processor.py:830} INFO - Processing file /home/airflow/.local/lib/python3.12/site-packages/airflow/example_dags/example_setup_teardown_taskflow.py for tasks to queue
[2024-06-09T16:19:38.700+0000] {logging_mixin.py:188} INFO - [2024-06-09T16:19:38.700+0000] {dagbag.py:545} INFO - Filling up the DagBag from /home/airflow/.local/lib/python3.12/site-packages/airflow/example_dags/example_setup_teardown_taskflow.py
[2024-06-09T16:19:38.714+0000] {processor.py:840} INFO - DAG(s) 'example_setup_teardown_taskflow' retrieved from /home/airflow/.local/lib/python3.12/site-packages/airflow/example_dags/example_setup_teardown_taskflow.py
[2024-06-09T16:19:38.741+0000] {logging_mixin.py:188} INFO - [2024-06-09T16:19:38.741+0000] {dag.py:3096} INFO - Sync 1 DAGs
[2024-06-09T16:19:38.771+0000] {logging_mixin.py:188} INFO - [2024-06-09T16:19:38.771+0000] {dag.py:3954} INFO - Setting next_dagrun for example_setup_teardown_taskflow to 2024-06-08 00:00:00+00:00, run_after=2024-06-09 00:00:00+00:00
[2024-06-09T16:19:38.797+0000] {processor.py:183} INFO - Processing /home/airflow/.local/lib/python3.12/site-packages/airflow/example_dags/example_setup_teardown_taskflow.py took 0.107 seconds
[2024-06-09T16:31:42.858+0000] {processor.py:161} INFO - Started process (PID=66058) to work on /home/airflow/.local/lib/python3.12/site-packages/airflow/example_dags/example_setup_teardown_taskflow.py
[2024-06-09T16:31:42.877+0000] {processor.py:830} INFO - Processing file /home/airflow/.local/lib/python3.12/site-packages/airflow/example_dags/example_setup_teardown_taskflow.py for tasks to queue
[2024-06-09T16:31:42.900+0000] {logging_mixin.py:188} INFO - [2024-06-09T16:31:42.892+0000] {dagbag.py:545} INFO - Filling up the DagBag from /home/airflow/.local/lib/python3.12/site-packages/airflow/example_dags/example_setup_teardown_taskflow.py
[2024-06-09T16:31:43.156+0000] {processor.py:840} INFO - DAG(s) 'example_setup_teardown_taskflow' retrieved from /home/airflow/.local/lib/python3.12/site-packages/airflow/example_dags/example_setup_teardown_taskflow.py
[2024-06-09T16:31:46.260+0000] {logging_mixin.py:188} INFO - [2024-06-09T16:31:46.256+0000] {dag.py:3096} INFO - Sync 1 DAGs
[2024-06-09T16:31:47.020+0000] {logging_mixin.py:188} INFO - [2024-06-09T16:31:47.008+0000] {dag.py:3954} INFO - Setting next_dagrun for example_setup_teardown_taskflow to 2024-06-08 00:00:00+00:00, run_after=2024-06-09 00:00:00+00:00
[2024-06-09T16:31:47.499+0000] {processor.py:183} INFO - Processing /home/airflow/.local/lib/python3.12/site-packages/airflow/example_dags/example_setup_teardown_taskflow.py took 4.833 seconds
[2024-06-09T18:21:15.932+0000] {processor.py:161} INFO - Started process (PID=66123) to work on /home/airflow/.local/lib/python3.12/site-packages/airflow/example_dags/example_setup_teardown_taskflow.py
[2024-06-09T18:21:15.933+0000] {processor.py:830} INFO - Processing file /home/airflow/.local/lib/python3.12/site-packages/airflow/example_dags/example_setup_teardown_taskflow.py for tasks to queue
[2024-06-09T18:21:15.936+0000] {logging_mixin.py:188} INFO - [2024-06-09T18:21:15.935+0000] {dagbag.py:545} INFO - Filling up the DagBag from /home/airflow/.local/lib/python3.12/site-packages/airflow/example_dags/example_setup_teardown_taskflow.py
[2024-06-09T18:21:15.954+0000] {processor.py:840} INFO - DAG(s) 'example_setup_teardown_taskflow' retrieved from /home/airflow/.local/lib/python3.12/site-packages/airflow/example_dags/example_setup_teardown_taskflow.py
[2024-06-09T18:21:16.033+0000] {logging_mixin.py:188} INFO - [2024-06-09T18:21:16.032+0000] {dag.py:3096} INFO - Sync 1 DAGs
[2024-06-09T18:21:16.089+0000] {logging_mixin.py:188} INFO - [2024-06-09T18:21:16.089+0000] {dag.py:3954} INFO - Setting next_dagrun for example_setup_teardown_taskflow to 2024-06-08 00:00:00+00:00, run_after=2024-06-09 00:00:00+00:00
[2024-06-09T18:21:16.129+0000] {processor.py:183} INFO - Processing /home/airflow/.local/lib/python3.12/site-packages/airflow/example_dags/example_setup_teardown_taskflow.py took 0.210 seconds
[2024-06-09T19:22:13.030+0000] {processor.py:161} INFO - Started process (PID=66162) to work on /home/airflow/.local/lib/python3.12/site-packages/airflow/example_dags/example_setup_teardown_taskflow.py
[2024-06-09T19:22:13.032+0000] {processor.py:830} INFO - Processing file /home/airflow/.local/lib/python3.12/site-packages/airflow/example_dags/example_setup_teardown_taskflow.py for tasks to queue
[2024-06-09T19:22:13.035+0000] {logging_mixin.py:188} INFO - [2024-06-09T19:22:13.033+0000] {dagbag.py:545} INFO - Filling up the DagBag from /home/airflow/.local/lib/python3.12/site-packages/airflow/example_dags/example_setup_teardown_taskflow.py
[2024-06-09T19:22:13.059+0000] {processor.py:840} INFO - DAG(s) 'example_setup_teardown_taskflow' retrieved from /home/airflow/.local/lib/python3.12/site-packages/airflow/example_dags/example_setup_teardown_taskflow.py
[2024-06-09T19:22:13.121+0000] {logging_mixin.py:188} INFO - [2024-06-09T19:22:13.120+0000] {dag.py:3096} INFO - Sync 1 DAGs
[2024-06-09T19:22:13.164+0000] {logging_mixin.py:188} INFO - [2024-06-09T19:22:13.164+0000] {dag.py:3954} INFO - Setting next_dagrun for example_setup_teardown_taskflow to 2024-06-08 00:00:00+00:00, run_after=2024-06-09 00:00:00+00:00
[2024-06-09T19:22:13.226+0000] {processor.py:183} INFO - Processing /home/airflow/.local/lib/python3.12/site-packages/airflow/example_dags/example_setup_teardown_taskflow.py took 0.208 seconds
[2024-06-09T19:31:27.168+0000] {processor.py:161} INFO - Started process (PID=66222) to work on /home/airflow/.local/lib/python3.12/site-packages/airflow/example_dags/example_setup_teardown_taskflow.py
[2024-06-09T19:31:27.170+0000] {processor.py:830} INFO - Processing file /home/airflow/.local/lib/python3.12/site-packages/airflow/example_dags/example_setup_teardown_taskflow.py for tasks to queue
[2024-06-09T19:31:27.172+0000] {logging_mixin.py:188} INFO - [2024-06-09T19:31:27.171+0000] {dagbag.py:545} INFO - Filling up the DagBag from /home/airflow/.local/lib/python3.12/site-packages/airflow/example_dags/example_setup_teardown_taskflow.py
[2024-06-09T19:31:27.185+0000] {processor.py:840} INFO - DAG(s) 'example_setup_teardown_taskflow' retrieved from /home/airflow/.local/lib/python3.12/site-packages/airflow/example_dags/example_setup_teardown_taskflow.py
[2024-06-09T19:31:27.218+0000] {logging_mixin.py:188} INFO - [2024-06-09T19:31:27.217+0000] {dag.py:3096} INFO - Sync 1 DAGs
[2024-06-09T19:31:27.246+0000] {logging_mixin.py:188} INFO - [2024-06-09T19:31:27.246+0000] {dag.py:3954} INFO - Setting next_dagrun for example_setup_teardown_taskflow to 2024-06-08 00:00:00+00:00, run_after=2024-06-09 00:00:00+00:00
[2024-06-09T19:31:27.273+0000] {processor.py:183} INFO - Processing /home/airflow/.local/lib/python3.12/site-packages/airflow/example_dags/example_setup_teardown_taskflow.py took 0.114 seconds
[2024-06-09T20:23:16.013+0000] {processor.py:161} INFO - Started process (PID=66301) to work on /home/airflow/.local/lib/python3.12/site-packages/airflow/example_dags/example_setup_teardown_taskflow.py
[2024-06-09T20:23:16.014+0000] {processor.py:830} INFO - Processing file /home/airflow/.local/lib/python3.12/site-packages/airflow/example_dags/example_setup_teardown_taskflow.py for tasks to queue
[2024-06-09T20:23:16.017+0000] {logging_mixin.py:188} INFO - [2024-06-09T20:23:16.016+0000] {dagbag.py:545} INFO - Filling up the DagBag from /home/airflow/.local/lib/python3.12/site-packages/airflow/example_dags/example_setup_teardown_taskflow.py
[2024-06-09T20:23:16.036+0000] {processor.py:840} INFO - DAG(s) 'example_setup_teardown_taskflow' retrieved from /home/airflow/.local/lib/python3.12/site-packages/airflow/example_dags/example_setup_teardown_taskflow.py
[2024-06-09T20:23:16.085+0000] {logging_mixin.py:188} INFO - [2024-06-09T20:23:16.085+0000] {dag.py:3096} INFO - Sync 1 DAGs
[2024-06-09T20:23:16.126+0000] {logging_mixin.py:188} INFO - [2024-06-09T20:23:16.126+0000] {dag.py:3954} INFO - Setting next_dagrun for example_setup_teardown_taskflow to 2024-06-08 00:00:00+00:00, run_after=2024-06-09 00:00:00+00:00
[2024-06-09T20:23:16.159+0000] {processor.py:183} INFO - Processing /home/airflow/.local/lib/python3.12/site-packages/airflow/example_dags/example_setup_teardown_taskflow.py took 0.160 seconds
