[2024-06-09T03:05:34.392+0000] {processor.py:161} INFO - Started process (PID=64844) to work on /home/airflow/.local/lib/python3.12/site-packages/airflow/example_dags/example_nested_branch_dag.py
[2024-06-09T03:05:34.394+0000] {processor.py:830} INFO - Processing file /home/airflow/.local/lib/python3.12/site-packages/airflow/example_dags/example_nested_branch_dag.py for tasks to queue
[2024-06-09T03:05:34.395+0000] {logging_mixin.py:188} INFO - [2024-06-09T03:05:34.395+0000] {dagbag.py:545} INFO - Filling up the DagBag from /home/airflow/.local/lib/python3.12/site-packages/airflow/example_dags/example_nested_branch_dag.py
[2024-06-09T03:05:34.409+0000] {processor.py:840} INFO - DAG(s) 'example_nested_branch_dag' retrieved from /home/airflow/.local/lib/python3.12/site-packages/airflow/example_dags/example_nested_branch_dag.py
[2024-06-09T03:05:34.443+0000] {logging_mixin.py:188} INFO - [2024-06-09T03:05:34.443+0000] {dag.py:3096} INFO - Sync 1 DAGs
[2024-06-09T03:05:34.476+0000] {logging_mixin.py:188} INFO - [2024-06-09T03:05:34.475+0000] {dag.py:3954} INFO - Setting next_dagrun for example_nested_branch_dag to 2024-06-08 00:00:00+00:00, run_after=2024-06-09 00:00:00+00:00
[2024-06-09T03:05:34.501+0000] {processor.py:183} INFO - Processing /home/airflow/.local/lib/python3.12/site-packages/airflow/example_dags/example_nested_branch_dag.py took 0.116 seconds
[2024-06-09T04:06:35.127+0000] {processor.py:161} INFO - Started process (PID=64904) to work on /home/airflow/.local/lib/python3.12/site-packages/airflow/example_dags/example_nested_branch_dag.py
[2024-06-09T04:06:35.129+0000] {processor.py:830} INFO - Processing file /home/airflow/.local/lib/python3.12/site-packages/airflow/example_dags/example_nested_branch_dag.py for tasks to queue
[2024-06-09T04:06:35.131+0000] {logging_mixin.py:188} INFO - [2024-06-09T04:06:35.130+0000] {dagbag.py:545} INFO - Filling up the DagBag from /home/airflow/.local/lib/python3.12/site-packages/airflow/example_dags/example_nested_branch_dag.py
[2024-06-09T04:06:35.154+0000] {processor.py:840} INFO - DAG(s) 'example_nested_branch_dag' retrieved from /home/airflow/.local/lib/python3.12/site-packages/airflow/example_dags/example_nested_branch_dag.py
[2024-06-09T04:06:35.199+0000] {logging_mixin.py:188} INFO - [2024-06-09T04:06:35.198+0000] {dag.py:3096} INFO - Sync 1 DAGs
[2024-06-09T04:06:35.248+0000] {logging_mixin.py:188} INFO - [2024-06-09T04:06:35.247+0000] {dag.py:3954} INFO - Setting next_dagrun for example_nested_branch_dag to 2024-06-08 00:00:00+00:00, run_after=2024-06-09 00:00:00+00:00
[2024-06-09T04:06:35.282+0000] {processor.py:183} INFO - Processing /home/airflow/.local/lib/python3.12/site-packages/airflow/example_dags/example_nested_branch_dag.py took 0.167 seconds
[2024-06-09T04:07:05.482+0000] {processor.py:161} INFO - Started process (PID=64964) to work on /home/airflow/.local/lib/python3.12/site-packages/airflow/example_dags/example_nested_branch_dag.py
[2024-06-09T04:07:05.483+0000] {processor.py:830} INFO - Processing file /home/airflow/.local/lib/python3.12/site-packages/airflow/example_dags/example_nested_branch_dag.py for tasks to queue
[2024-06-09T04:07:05.485+0000] {logging_mixin.py:188} INFO - [2024-06-09T04:07:05.485+0000] {dagbag.py:545} INFO - Filling up the DagBag from /home/airflow/.local/lib/python3.12/site-packages/airflow/example_dags/example_nested_branch_dag.py
[2024-06-09T04:07:05.499+0000] {processor.py:840} INFO - DAG(s) 'example_nested_branch_dag' retrieved from /home/airflow/.local/lib/python3.12/site-packages/airflow/example_dags/example_nested_branch_dag.py
[2024-06-09T04:07:05.529+0000] {logging_mixin.py:188} INFO - [2024-06-09T04:07:05.529+0000] {dag.py:3096} INFO - Sync 1 DAGs
[2024-06-09T04:07:05.560+0000] {logging_mixin.py:188} INFO - [2024-06-09T04:07:05.560+0000] {dag.py:3954} INFO - Setting next_dagrun for example_nested_branch_dag to 2024-06-08 00:00:00+00:00, run_after=2024-06-09 00:00:00+00:00
[2024-06-09T04:07:05.587+0000] {processor.py:183} INFO - Processing /home/airflow/.local/lib/python3.12/site-packages/airflow/example_dags/example_nested_branch_dag.py took 0.113 seconds
[2024-06-09T06:07:53.648+0000] {processor.py:161} INFO - Started process (PID=65024) to work on /home/airflow/.local/lib/python3.12/site-packages/airflow/example_dags/example_nested_branch_dag.py
[2024-06-09T06:07:53.650+0000] {processor.py:830} INFO - Processing file /home/airflow/.local/lib/python3.12/site-packages/airflow/example_dags/example_nested_branch_dag.py for tasks to queue
[2024-06-09T06:07:53.652+0000] {logging_mixin.py:188} INFO - [2024-06-09T06:07:53.651+0000] {dagbag.py:545} INFO - Filling up the DagBag from /home/airflow/.local/lib/python3.12/site-packages/airflow/example_dags/example_nested_branch_dag.py
[2024-06-09T06:07:53.667+0000] {processor.py:840} INFO - DAG(s) 'example_nested_branch_dag' retrieved from /home/airflow/.local/lib/python3.12/site-packages/airflow/example_dags/example_nested_branch_dag.py
[2024-06-09T06:07:53.698+0000] {logging_mixin.py:188} INFO - [2024-06-09T06:07:53.698+0000] {dag.py:3096} INFO - Sync 1 DAGs
[2024-06-09T06:07:53.728+0000] {logging_mixin.py:188} INFO - [2024-06-09T06:07:53.727+0000] {dag.py:3954} INFO - Setting next_dagrun for example_nested_branch_dag to 2024-06-08 00:00:00+00:00, run_after=2024-06-09 00:00:00+00:00
[2024-06-09T06:07:53.750+0000] {processor.py:183} INFO - Processing /home/airflow/.local/lib/python3.12/site-packages/airflow/example_dags/example_nested_branch_dag.py took 0.111 seconds
[2024-06-09T06:08:33.160+0000] {processor.py:161} INFO - Started process (PID=65084) to work on /home/airflow/.local/lib/python3.12/site-packages/airflow/example_dags/example_nested_branch_dag.py
[2024-06-09T06:08:33.162+0000] {processor.py:830} INFO - Processing file /home/airflow/.local/lib/python3.12/site-packages/airflow/example_dags/example_nested_branch_dag.py for tasks to queue
[2024-06-09T06:08:33.164+0000] {logging_mixin.py:188} INFO - [2024-06-09T06:08:33.163+0000] {dagbag.py:545} INFO - Filling up the DagBag from /home/airflow/.local/lib/python3.12/site-packages/airflow/example_dags/example_nested_branch_dag.py
[2024-06-09T06:08:33.188+0000] {processor.py:840} INFO - DAG(s) 'example_nested_branch_dag' retrieved from /home/airflow/.local/lib/python3.12/site-packages/airflow/example_dags/example_nested_branch_dag.py
[2024-06-09T06:08:33.233+0000] {logging_mixin.py:188} INFO - [2024-06-09T06:08:33.233+0000] {dag.py:3096} INFO - Sync 1 DAGs
[2024-06-09T06:08:33.288+0000] {logging_mixin.py:188} INFO - [2024-06-09T06:08:33.288+0000] {dag.py:3954} INFO - Setting next_dagrun for example_nested_branch_dag to 2024-06-08 00:00:00+00:00, run_after=2024-06-09 00:00:00+00:00
[2024-06-09T06:08:33.325+0000] {processor.py:183} INFO - Processing /home/airflow/.local/lib/python3.12/site-packages/airflow/example_dags/example_nested_branch_dag.py took 0.176 seconds
[2024-06-09T07:09:18.620+0000] {processor.py:161} INFO - Started process (PID=65138) to work on /home/airflow/.local/lib/python3.12/site-packages/airflow/example_dags/example_nested_branch_dag.py
[2024-06-09T07:09:18.622+0000] {processor.py:830} INFO - Processing file /home/airflow/.local/lib/python3.12/site-packages/airflow/example_dags/example_nested_branch_dag.py for tasks to queue
[2024-06-09T07:09:18.623+0000] {logging_mixin.py:188} INFO - [2024-06-09T07:09:18.623+0000] {dagbag.py:545} INFO - Filling up the DagBag from /home/airflow/.local/lib/python3.12/site-packages/airflow/example_dags/example_nested_branch_dag.py
[2024-06-09T07:09:18.637+0000] {processor.py:840} INFO - DAG(s) 'example_nested_branch_dag' retrieved from /home/airflow/.local/lib/python3.12/site-packages/airflow/example_dags/example_nested_branch_dag.py
[2024-06-09T07:09:18.666+0000] {logging_mixin.py:188} INFO - [2024-06-09T07:09:18.666+0000] {dag.py:3096} INFO - Sync 1 DAGs
[2024-06-09T07:09:18.696+0000] {logging_mixin.py:188} INFO - [2024-06-09T07:09:18.695+0000] {dag.py:3954} INFO - Setting next_dagrun for example_nested_branch_dag to 2024-06-08 00:00:00+00:00, run_after=2024-06-09 00:00:00+00:00
[2024-06-09T07:09:18.722+0000] {processor.py:183} INFO - Processing /home/airflow/.local/lib/python3.12/site-packages/airflow/example_dags/example_nested_branch_dag.py took 0.109 seconds
[2024-06-09T08:10:18.023+0000] {processor.py:161} INFO - Started process (PID=65198) to work on /home/airflow/.local/lib/python3.12/site-packages/airflow/example_dags/example_nested_branch_dag.py
[2024-06-09T08:10:18.025+0000] {processor.py:830} INFO - Processing file /home/airflow/.local/lib/python3.12/site-packages/airflow/example_dags/example_nested_branch_dag.py for tasks to queue
[2024-06-09T08:10:18.026+0000] {logging_mixin.py:188} INFO - [2024-06-09T08:10:18.026+0000] {dagbag.py:545} INFO - Filling up the DagBag from /home/airflow/.local/lib/python3.12/site-packages/airflow/example_dags/example_nested_branch_dag.py
[2024-06-09T08:10:18.042+0000] {processor.py:840} INFO - DAG(s) 'example_nested_branch_dag' retrieved from /home/airflow/.local/lib/python3.12/site-packages/airflow/example_dags/example_nested_branch_dag.py
[2024-06-09T08:10:18.074+0000] {logging_mixin.py:188} INFO - [2024-06-09T08:10:18.074+0000] {dag.py:3096} INFO - Sync 1 DAGs
[2024-06-09T08:10:18.111+0000] {logging_mixin.py:188} INFO - [2024-06-09T08:10:18.111+0000] {dag.py:3954} INFO - Setting next_dagrun for example_nested_branch_dag to 2024-06-08 00:00:00+00:00, run_after=2024-06-09 00:00:00+00:00
[2024-06-09T08:10:18.135+0000] {processor.py:183} INFO - Processing /home/airflow/.local/lib/python3.12/site-packages/airflow/example_dags/example_nested_branch_dag.py took 0.119 seconds
[2024-06-09T09:11:13.819+0000] {processor.py:161} INFO - Started process (PID=65258) to work on /home/airflow/.local/lib/python3.12/site-packages/airflow/example_dags/example_nested_branch_dag.py
[2024-06-09T09:11:13.821+0000] {processor.py:830} INFO - Processing file /home/airflow/.local/lib/python3.12/site-packages/airflow/example_dags/example_nested_branch_dag.py for tasks to queue
[2024-06-09T09:11:13.823+0000] {logging_mixin.py:188} INFO - [2024-06-09T09:11:13.822+0000] {dagbag.py:545} INFO - Filling up the DagBag from /home/airflow/.local/lib/python3.12/site-packages/airflow/example_dags/example_nested_branch_dag.py
[2024-06-09T09:11:13.848+0000] {processor.py:840} INFO - DAG(s) 'example_nested_branch_dag' retrieved from /home/airflow/.local/lib/python3.12/site-packages/airflow/example_dags/example_nested_branch_dag.py
[2024-06-09T09:11:13.898+0000] {logging_mixin.py:188} INFO - [2024-06-09T09:11:13.897+0000] {dag.py:3096} INFO - Sync 1 DAGs
[2024-06-09T09:11:14.030+0000] {logging_mixin.py:188} INFO - [2024-06-09T09:11:14.029+0000] {dag.py:3954} INFO - Setting next_dagrun for example_nested_branch_dag to 2024-06-08 00:00:00+00:00, run_after=2024-06-09 00:00:00+00:00
[2024-06-09T09:11:14.086+0000] {processor.py:183} INFO - Processing /home/airflow/.local/lib/python3.12/site-packages/airflow/example_dags/example_nested_branch_dag.py took 0.281 seconds
[2024-06-09T09:11:52.689+0000] {processor.py:161} INFO - Started process (PID=65324) to work on /home/airflow/.local/lib/python3.12/site-packages/airflow/example_dags/example_nested_branch_dag.py
[2024-06-09T09:11:52.691+0000] {processor.py:830} INFO - Processing file /home/airflow/.local/lib/python3.12/site-packages/airflow/example_dags/example_nested_branch_dag.py for tasks to queue
[2024-06-09T09:11:52.693+0000] {logging_mixin.py:188} INFO - [2024-06-09T09:11:52.693+0000] {dagbag.py:545} INFO - Filling up the DagBag from /home/airflow/.local/lib/python3.12/site-packages/airflow/example_dags/example_nested_branch_dag.py
[2024-06-09T09:11:52.719+0000] {processor.py:840} INFO - DAG(s) 'example_nested_branch_dag' retrieved from /home/airflow/.local/lib/python3.12/site-packages/airflow/example_dags/example_nested_branch_dag.py
[2024-06-09T09:11:52.766+0000] {logging_mixin.py:188} INFO - [2024-06-09T09:11:52.765+0000] {dag.py:3096} INFO - Sync 1 DAGs
[2024-06-09T09:11:52.815+0000] {logging_mixin.py:188} INFO - [2024-06-09T09:11:52.815+0000] {dag.py:3954} INFO - Setting next_dagrun for example_nested_branch_dag to 2024-06-08 00:00:00+00:00, run_after=2024-06-09 00:00:00+00:00
[2024-06-09T09:11:52.856+0000] {processor.py:183} INFO - Processing /home/airflow/.local/lib/python3.12/site-packages/airflow/example_dags/example_nested_branch_dag.py took 0.181 seconds
[2024-06-09T10:12:45.566+0000] {processor.py:161} INFO - Started process (PID=65378) to work on /home/airflow/.local/lib/python3.12/site-packages/airflow/example_dags/example_nested_branch_dag.py
[2024-06-09T10:12:45.567+0000] {processor.py:830} INFO - Processing file /home/airflow/.local/lib/python3.12/site-packages/airflow/example_dags/example_nested_branch_dag.py for tasks to queue
[2024-06-09T10:12:45.568+0000] {logging_mixin.py:188} INFO - [2024-06-09T10:12:45.568+0000] {dagbag.py:545} INFO - Filling up the DagBag from /home/airflow/.local/lib/python3.12/site-packages/airflow/example_dags/example_nested_branch_dag.py
[2024-06-09T10:12:45.582+0000] {processor.py:840} INFO - DAG(s) 'example_nested_branch_dag' retrieved from /home/airflow/.local/lib/python3.12/site-packages/airflow/example_dags/example_nested_branch_dag.py
[2024-06-09T10:12:45.613+0000] {logging_mixin.py:188} INFO - [2024-06-09T10:12:45.612+0000] {dag.py:3096} INFO - Sync 1 DAGs
[2024-06-09T10:12:45.644+0000] {logging_mixin.py:188} INFO - [2024-06-09T10:12:45.643+0000] {dag.py:3954} INFO - Setting next_dagrun for example_nested_branch_dag to 2024-06-08 00:00:00+00:00, run_after=2024-06-09 00:00:00+00:00
[2024-06-09T10:12:45.674+0000] {processor.py:183} INFO - Processing /home/airflow/.local/lib/python3.12/site-packages/airflow/example_dags/example_nested_branch_dag.py took 0.116 seconds
[2024-06-09T11:13:43.095+0000] {processor.py:161} INFO - Started process (PID=65438) to work on /home/airflow/.local/lib/python3.12/site-packages/airflow/example_dags/example_nested_branch_dag.py
[2024-06-09T11:13:43.097+0000] {processor.py:830} INFO - Processing file /home/airflow/.local/lib/python3.12/site-packages/airflow/example_dags/example_nested_branch_dag.py for tasks to queue
[2024-06-09T11:13:43.098+0000] {logging_mixin.py:188} INFO - [2024-06-09T11:13:43.098+0000] {dagbag.py:545} INFO - Filling up the DagBag from /home/airflow/.local/lib/python3.12/site-packages/airflow/example_dags/example_nested_branch_dag.py
[2024-06-09T11:13:43.112+0000] {processor.py:840} INFO - DAG(s) 'example_nested_branch_dag' retrieved from /home/airflow/.local/lib/python3.12/site-packages/airflow/example_dags/example_nested_branch_dag.py
[2024-06-09T11:13:43.144+0000] {logging_mixin.py:188} INFO - [2024-06-09T11:13:43.144+0000] {dag.py:3096} INFO - Sync 1 DAGs
[2024-06-09T11:13:43.174+0000] {logging_mixin.py:188} INFO - [2024-06-09T11:13:43.174+0000] {dag.py:3954} INFO - Setting next_dagrun for example_nested_branch_dag to 2024-06-08 00:00:00+00:00, run_after=2024-06-09 00:00:00+00:00
[2024-06-09T11:13:43.199+0000] {processor.py:183} INFO - Processing /home/airflow/.local/lib/python3.12/site-packages/airflow/example_dags/example_nested_branch_dag.py took 0.112 seconds
[2024-06-09T11:18:33.442+0000] {processor.py:161} INFO - Started process (PID=65498) to work on /home/airflow/.local/lib/python3.12/site-packages/airflow/example_dags/example_nested_branch_dag.py
[2024-06-09T11:18:33.444+0000] {processor.py:830} INFO - Processing file /home/airflow/.local/lib/python3.12/site-packages/airflow/example_dags/example_nested_branch_dag.py for tasks to queue
[2024-06-09T11:18:33.446+0000] {logging_mixin.py:188} INFO - [2024-06-09T11:18:33.445+0000] {dagbag.py:545} INFO - Filling up the DagBag from /home/airflow/.local/lib/python3.12/site-packages/airflow/example_dags/example_nested_branch_dag.py
[2024-06-09T11:18:33.465+0000] {processor.py:840} INFO - DAG(s) 'example_nested_branch_dag' retrieved from /home/airflow/.local/lib/python3.12/site-packages/airflow/example_dags/example_nested_branch_dag.py
[2024-06-09T11:18:33.510+0000] {logging_mixin.py:188} INFO - [2024-06-09T11:18:33.510+0000] {dag.py:3096} INFO - Sync 1 DAGs
[2024-06-09T11:18:33.569+0000] {logging_mixin.py:188} INFO - [2024-06-09T11:18:33.568+0000] {dag.py:3954} INFO - Setting next_dagrun for example_nested_branch_dag to 2024-06-08 00:00:00+00:00, run_after=2024-06-09 00:00:00+00:00
[2024-06-09T11:18:33.606+0000] {processor.py:183} INFO - Processing /home/airflow/.local/lib/python3.12/site-packages/airflow/example_dags/example_nested_branch_dag.py took 0.173 seconds
[2024-06-09T11:19:03.895+0000] {processor.py:161} INFO - Started process (PID=65557) to work on /home/airflow/.local/lib/python3.12/site-packages/airflow/example_dags/example_nested_branch_dag.py
[2024-06-09T11:19:03.897+0000] {processor.py:830} INFO - Processing file /home/airflow/.local/lib/python3.12/site-packages/airflow/example_dags/example_nested_branch_dag.py for tasks to queue
[2024-06-09T11:19:03.899+0000] {logging_mixin.py:188} INFO - [2024-06-09T11:19:03.898+0000] {dagbag.py:545} INFO - Filling up the DagBag from /home/airflow/.local/lib/python3.12/site-packages/airflow/example_dags/example_nested_branch_dag.py
[2024-06-09T11:19:03.914+0000] {processor.py:840} INFO - DAG(s) 'example_nested_branch_dag' retrieved from /home/airflow/.local/lib/python3.12/site-packages/airflow/example_dags/example_nested_branch_dag.py
[2024-06-09T11:19:03.949+0000] {logging_mixin.py:188} INFO - [2024-06-09T11:19:03.948+0000] {dag.py:3096} INFO - Sync 1 DAGs
[2024-06-09T11:19:03.983+0000] {logging_mixin.py:188} INFO - [2024-06-09T11:19:03.982+0000] {dag.py:3954} INFO - Setting next_dagrun for example_nested_branch_dag to 2024-06-08 00:00:00+00:00, run_after=2024-06-09 00:00:00+00:00
[2024-06-09T11:19:04.005+0000] {processor.py:183} INFO - Processing /home/airflow/.local/lib/python3.12/site-packages/airflow/example_dags/example_nested_branch_dag.py took 0.119 seconds
[2024-06-09T12:14:48.510+0000] {processor.py:161} INFO - Started process (PID=65617) to work on /home/airflow/.local/lib/python3.12/site-packages/airflow/example_dags/example_nested_branch_dag.py
[2024-06-09T12:14:48.512+0000] {processor.py:830} INFO - Processing file /home/airflow/.local/lib/python3.12/site-packages/airflow/example_dags/example_nested_branch_dag.py for tasks to queue
[2024-06-09T12:14:48.513+0000] {logging_mixin.py:188} INFO - [2024-06-09T12:14:48.513+0000] {dagbag.py:545} INFO - Filling up the DagBag from /home/airflow/.local/lib/python3.12/site-packages/airflow/example_dags/example_nested_branch_dag.py
[2024-06-09T12:14:48.530+0000] {processor.py:840} INFO - DAG(s) 'example_nested_branch_dag' retrieved from /home/airflow/.local/lib/python3.12/site-packages/airflow/example_dags/example_nested_branch_dag.py
[2024-06-09T12:14:48.561+0000] {logging_mixin.py:188} INFO - [2024-06-09T12:14:48.560+0000] {dag.py:3096} INFO - Sync 1 DAGs
[2024-06-09T12:14:48.594+0000] {logging_mixin.py:188} INFO - [2024-06-09T12:14:48.594+0000] {dag.py:3954} INFO - Setting next_dagrun for example_nested_branch_dag to 2024-06-08 00:00:00+00:00, run_after=2024-06-09 00:00:00+00:00
[2024-06-09T12:14:48.617+0000] {processor.py:183} INFO - Processing /home/airflow/.local/lib/python3.12/site-packages/airflow/example_dags/example_nested_branch_dag.py took 0.115 seconds
[2024-06-09T13:15:46.553+0000] {processor.py:161} INFO - Started process (PID=65677) to work on /home/airflow/.local/lib/python3.12/site-packages/airflow/example_dags/example_nested_branch_dag.py
[2024-06-09T13:15:46.555+0000] {processor.py:830} INFO - Processing file /home/airflow/.local/lib/python3.12/site-packages/airflow/example_dags/example_nested_branch_dag.py for tasks to queue
[2024-06-09T13:15:46.556+0000] {logging_mixin.py:188} INFO - [2024-06-09T13:15:46.556+0000] {dagbag.py:545} INFO - Filling up the DagBag from /home/airflow/.local/lib/python3.12/site-packages/airflow/example_dags/example_nested_branch_dag.py
[2024-06-09T13:15:46.580+0000] {processor.py:840} INFO - DAG(s) 'example_nested_branch_dag' retrieved from /home/airflow/.local/lib/python3.12/site-packages/airflow/example_dags/example_nested_branch_dag.py
[2024-06-09T13:15:46.617+0000] {logging_mixin.py:188} INFO - [2024-06-09T13:15:46.616+0000] {dag.py:3096} INFO - Sync 1 DAGs
[2024-06-09T13:15:46.656+0000] {logging_mixin.py:188} INFO - [2024-06-09T13:15:46.656+0000] {dag.py:3954} INFO - Setting next_dagrun for example_nested_branch_dag to 2024-06-08 00:00:00+00:00, run_after=2024-06-09 00:00:00+00:00
[2024-06-09T13:15:46.685+0000] {processor.py:183} INFO - Processing /home/airflow/.local/lib/python3.12/site-packages/airflow/example_dags/example_nested_branch_dag.py took 0.141 seconds
[2024-06-09T13:16:17.040+0000] {processor.py:161} INFO - Started process (PID=65737) to work on /home/airflow/.local/lib/python3.12/site-packages/airflow/example_dags/example_nested_branch_dag.py
[2024-06-09T13:16:17.041+0000] {processor.py:830} INFO - Processing file /home/airflow/.local/lib/python3.12/site-packages/airflow/example_dags/example_nested_branch_dag.py for tasks to queue
[2024-06-09T13:16:17.043+0000] {logging_mixin.py:188} INFO - [2024-06-09T13:16:17.042+0000] {dagbag.py:545} INFO - Filling up the DagBag from /home/airflow/.local/lib/python3.12/site-packages/airflow/example_dags/example_nested_branch_dag.py
[2024-06-09T13:16:17.057+0000] {processor.py:840} INFO - DAG(s) 'example_nested_branch_dag' retrieved from /home/airflow/.local/lib/python3.12/site-packages/airflow/example_dags/example_nested_branch_dag.py
[2024-06-09T13:16:17.086+0000] {logging_mixin.py:188} INFO - [2024-06-09T13:16:17.086+0000] {dag.py:3096} INFO - Sync 1 DAGs
[2024-06-09T13:16:17.116+0000] {logging_mixin.py:188} INFO - [2024-06-09T13:16:17.115+0000] {dag.py:3954} INFO - Setting next_dagrun for example_nested_branch_dag to 2024-06-08 00:00:00+00:00, run_after=2024-06-09 00:00:00+00:00
[2024-06-09T13:16:17.144+0000] {processor.py:183} INFO - Processing /home/airflow/.local/lib/python3.12/site-packages/airflow/example_dags/example_nested_branch_dag.py took 0.111 seconds
[2024-06-09T14:17:11.451+0000] {processor.py:161} INFO - Started process (PID=65797) to work on /home/airflow/.local/lib/python3.12/site-packages/airflow/example_dags/example_nested_branch_dag.py
[2024-06-09T14:17:11.453+0000] {processor.py:830} INFO - Processing file /home/airflow/.local/lib/python3.12/site-packages/airflow/example_dags/example_nested_branch_dag.py for tasks to queue
[2024-06-09T14:17:11.454+0000] {logging_mixin.py:188} INFO - [2024-06-09T14:17:11.454+0000] {dagbag.py:545} INFO - Filling up the DagBag from /home/airflow/.local/lib/python3.12/site-packages/airflow/example_dags/example_nested_branch_dag.py
[2024-06-09T14:17:11.469+0000] {processor.py:840} INFO - DAG(s) 'example_nested_branch_dag' retrieved from /home/airflow/.local/lib/python3.12/site-packages/airflow/example_dags/example_nested_branch_dag.py
[2024-06-09T14:17:11.498+0000] {logging_mixin.py:188} INFO - [2024-06-09T14:17:11.498+0000] {dag.py:3096} INFO - Sync 1 DAGs
[2024-06-09T14:17:11.528+0000] {logging_mixin.py:188} INFO - [2024-06-09T14:17:11.527+0000] {dag.py:3954} INFO - Setting next_dagrun for example_nested_branch_dag to 2024-06-08 00:00:00+00:00, run_after=2024-06-09 00:00:00+00:00
[2024-06-09T14:17:11.551+0000] {processor.py:183} INFO - Processing /home/airflow/.local/lib/python3.12/site-packages/airflow/example_dags/example_nested_branch_dag.py took 0.107 seconds
[2024-06-09T15:18:10.554+0000] {processor.py:161} INFO - Started process (PID=65857) to work on /home/airflow/.local/lib/python3.12/site-packages/airflow/example_dags/example_nested_branch_dag.py
[2024-06-09T15:18:10.556+0000] {processor.py:830} INFO - Processing file /home/airflow/.local/lib/python3.12/site-packages/airflow/example_dags/example_nested_branch_dag.py for tasks to queue
[2024-06-09T15:18:10.557+0000] {logging_mixin.py:188} INFO - [2024-06-09T15:18:10.557+0000] {dagbag.py:545} INFO - Filling up the DagBag from /home/airflow/.local/lib/python3.12/site-packages/airflow/example_dags/example_nested_branch_dag.py
[2024-06-09T15:18:10.573+0000] {processor.py:840} INFO - DAG(s) 'example_nested_branch_dag' retrieved from /home/airflow/.local/lib/python3.12/site-packages/airflow/example_dags/example_nested_branch_dag.py
[2024-06-09T15:18:10.603+0000] {logging_mixin.py:188} INFO - [2024-06-09T15:18:10.603+0000] {dag.py:3096} INFO - Sync 1 DAGs
[2024-06-09T15:18:10.636+0000] {logging_mixin.py:188} INFO - [2024-06-09T15:18:10.636+0000] {dag.py:3954} INFO - Setting next_dagrun for example_nested_branch_dag to 2024-06-08 00:00:00+00:00, run_after=2024-06-09 00:00:00+00:00
[2024-06-09T15:18:10.661+0000] {processor.py:183} INFO - Processing /home/airflow/.local/lib/python3.12/site-packages/airflow/example_dags/example_nested_branch_dag.py took 0.114 seconds
[2024-06-09T15:18:44.166+0000] {processor.py:161} INFO - Started process (PID=65917) to work on /home/airflow/.local/lib/python3.12/site-packages/airflow/example_dags/example_nested_branch_dag.py
[2024-06-09T15:18:44.170+0000] {processor.py:830} INFO - Processing file /home/airflow/.local/lib/python3.12/site-packages/airflow/example_dags/example_nested_branch_dag.py for tasks to queue
[2024-06-09T15:18:44.172+0000] {logging_mixin.py:188} INFO - [2024-06-09T15:18:44.172+0000] {dagbag.py:545} INFO - Filling up the DagBag from /home/airflow/.local/lib/python3.12/site-packages/airflow/example_dags/example_nested_branch_dag.py
[2024-06-09T15:18:44.197+0000] {processor.py:840} INFO - DAG(s) 'example_nested_branch_dag' retrieved from /home/airflow/.local/lib/python3.12/site-packages/airflow/example_dags/example_nested_branch_dag.py
[2024-06-09T15:18:44.243+0000] {logging_mixin.py:188} INFO - [2024-06-09T15:18:44.243+0000] {dag.py:3096} INFO - Sync 1 DAGs
[2024-06-09T15:18:44.297+0000] {logging_mixin.py:188} INFO - [2024-06-09T15:18:44.296+0000] {dag.py:3954} INFO - Setting next_dagrun for example_nested_branch_dag to 2024-06-08 00:00:00+00:00, run_after=2024-06-09 00:00:00+00:00
[2024-06-09T15:18:44.335+0000] {processor.py:183} INFO - Processing /home/airflow/.local/lib/python3.12/site-packages/airflow/example_dags/example_nested_branch_dag.py took 0.181 seconds
[2024-06-09T16:19:37.190+0000] {processor.py:161} INFO - Started process (PID=65971) to work on /home/airflow/.local/lib/python3.12/site-packages/airflow/example_dags/example_nested_branch_dag.py
[2024-06-09T16:19:37.193+0000] {processor.py:830} INFO - Processing file /home/airflow/.local/lib/python3.12/site-packages/airflow/example_dags/example_nested_branch_dag.py for tasks to queue
[2024-06-09T16:19:37.195+0000] {logging_mixin.py:188} INFO - [2024-06-09T16:19:37.195+0000] {dagbag.py:545} INFO - Filling up the DagBag from /home/airflow/.local/lib/python3.12/site-packages/airflow/example_dags/example_nested_branch_dag.py
[2024-06-09T16:19:37.211+0000] {processor.py:840} INFO - DAG(s) 'example_nested_branch_dag' retrieved from /home/airflow/.local/lib/python3.12/site-packages/airflow/example_dags/example_nested_branch_dag.py
[2024-06-09T16:19:37.240+0000] {logging_mixin.py:188} INFO - [2024-06-09T16:19:37.240+0000] {dag.py:3096} INFO - Sync 1 DAGs
[2024-06-09T16:19:37.269+0000] {logging_mixin.py:188} INFO - [2024-06-09T16:19:37.269+0000] {dag.py:3954} INFO - Setting next_dagrun for example_nested_branch_dag to 2024-06-08 00:00:00+00:00, run_after=2024-06-09 00:00:00+00:00
[2024-06-09T16:19:37.295+0000] {processor.py:183} INFO - Processing /home/airflow/.local/lib/python3.12/site-packages/airflow/example_dags/example_nested_branch_dag.py took 0.113 seconds
[2024-06-09T16:31:35.243+0000] {processor.py:161} INFO - Started process (PID=66037) to work on /home/airflow/.local/lib/python3.12/site-packages/airflow/example_dags/example_nested_branch_dag.py
[2024-06-09T16:31:35.245+0000] {processor.py:830} INFO - Processing file /home/airflow/.local/lib/python3.12/site-packages/airflow/example_dags/example_nested_branch_dag.py for tasks to queue
[2024-06-09T16:31:35.247+0000] {logging_mixin.py:188} INFO - [2024-06-09T16:31:35.246+0000] {dagbag.py:545} INFO - Filling up the DagBag from /home/airflow/.local/lib/python3.12/site-packages/airflow/example_dags/example_nested_branch_dag.py
[2024-06-09T16:31:35.260+0000] {processor.py:840} INFO - DAG(s) 'example_nested_branch_dag' retrieved from /home/airflow/.local/lib/python3.12/site-packages/airflow/example_dags/example_nested_branch_dag.py
[2024-06-09T16:31:35.294+0000] {logging_mixin.py:188} INFO - [2024-06-09T16:31:35.293+0000] {dag.py:3096} INFO - Sync 1 DAGs
[2024-06-09T16:31:35.324+0000] {logging_mixin.py:188} INFO - [2024-06-09T16:31:35.323+0000] {dag.py:3954} INFO - Setting next_dagrun for example_nested_branch_dag to 2024-06-08 00:00:00+00:00, run_after=2024-06-09 00:00:00+00:00
[2024-06-09T16:31:35.350+0000] {processor.py:183} INFO - Processing /home/airflow/.local/lib/python3.12/site-packages/airflow/example_dags/example_nested_branch_dag.py took 0.115 seconds
[2024-06-09T18:21:13.254+0000] {processor.py:161} INFO - Started process (PID=66102) to work on /home/airflow/.local/lib/python3.12/site-packages/airflow/example_dags/example_nested_branch_dag.py
[2024-06-09T18:21:13.256+0000] {processor.py:830} INFO - Processing file /home/airflow/.local/lib/python3.12/site-packages/airflow/example_dags/example_nested_branch_dag.py for tasks to queue
[2024-06-09T18:21:13.258+0000] {logging_mixin.py:188} INFO - [2024-06-09T18:21:13.257+0000] {dagbag.py:545} INFO - Filling up the DagBag from /home/airflow/.local/lib/python3.12/site-packages/airflow/example_dags/example_nested_branch_dag.py
[2024-06-09T18:21:13.275+0000] {processor.py:840} INFO - DAG(s) 'example_nested_branch_dag' retrieved from /home/airflow/.local/lib/python3.12/site-packages/airflow/example_dags/example_nested_branch_dag.py
[2024-06-09T18:21:13.315+0000] {logging_mixin.py:188} INFO - [2024-06-09T18:21:13.315+0000] {dag.py:3096} INFO - Sync 1 DAGs
[2024-06-09T18:21:13.350+0000] {logging_mixin.py:188} INFO - [2024-06-09T18:21:13.350+0000] {dag.py:3954} INFO - Setting next_dagrun for example_nested_branch_dag to 2024-06-08 00:00:00+00:00, run_after=2024-06-09 00:00:00+00:00
[2024-06-09T18:21:13.381+0000] {processor.py:183} INFO - Processing /home/airflow/.local/lib/python3.12/site-packages/airflow/example_dags/example_nested_branch_dag.py took 0.137 seconds
[2024-06-09T19:22:10.705+0000] {processor.py:161} INFO - Started process (PID=66141) to work on /home/airflow/.local/lib/python3.12/site-packages/airflow/example_dags/example_nested_branch_dag.py
[2024-06-09T19:22:10.707+0000] {processor.py:830} INFO - Processing file /home/airflow/.local/lib/python3.12/site-packages/airflow/example_dags/example_nested_branch_dag.py for tasks to queue
[2024-06-09T19:22:10.709+0000] {logging_mixin.py:188} INFO - [2024-06-09T19:22:10.709+0000] {dagbag.py:545} INFO - Filling up the DagBag from /home/airflow/.local/lib/python3.12/site-packages/airflow/example_dags/example_nested_branch_dag.py
[2024-06-09T19:22:10.728+0000] {processor.py:840} INFO - DAG(s) 'example_nested_branch_dag' retrieved from /home/airflow/.local/lib/python3.12/site-packages/airflow/example_dags/example_nested_branch_dag.py
[2024-06-09T19:22:10.788+0000] {logging_mixin.py:188} INFO - [2024-06-09T19:22:10.788+0000] {dag.py:3096} INFO - Sync 1 DAGs
[2024-06-09T19:22:10.835+0000] {logging_mixin.py:188} INFO - [2024-06-09T19:22:10.834+0000] {dag.py:3954} INFO - Setting next_dagrun for example_nested_branch_dag to 2024-06-08 00:00:00+00:00, run_after=2024-06-09 00:00:00+00:00
[2024-06-09T19:22:10.901+0000] {processor.py:183} INFO - Processing /home/airflow/.local/lib/python3.12/site-packages/airflow/example_dags/example_nested_branch_dag.py took 0.208 seconds
[2024-06-09T19:31:25.379+0000] {processor.py:161} INFO - Started process (PID=66201) to work on /home/airflow/.local/lib/python3.12/site-packages/airflow/example_dags/example_nested_branch_dag.py
[2024-06-09T19:31:25.381+0000] {processor.py:830} INFO - Processing file /home/airflow/.local/lib/python3.12/site-packages/airflow/example_dags/example_nested_branch_dag.py for tasks to queue
[2024-06-09T19:31:25.383+0000] {logging_mixin.py:188} INFO - [2024-06-09T19:31:25.382+0000] {dagbag.py:545} INFO - Filling up the DagBag from /home/airflow/.local/lib/python3.12/site-packages/airflow/example_dags/example_nested_branch_dag.py
[2024-06-09T19:31:25.402+0000] {processor.py:840} INFO - DAG(s) 'example_nested_branch_dag' retrieved from /home/airflow/.local/lib/python3.12/site-packages/airflow/example_dags/example_nested_branch_dag.py
[2024-06-09T19:31:25.445+0000] {logging_mixin.py:188} INFO - [2024-06-09T19:31:25.444+0000] {dag.py:3096} INFO - Sync 1 DAGs
[2024-06-09T19:31:25.489+0000] {logging_mixin.py:188} INFO - [2024-06-09T19:31:25.489+0000] {dag.py:3954} INFO - Setting next_dagrun for example_nested_branch_dag to 2024-06-08 00:00:00+00:00, run_after=2024-06-09 00:00:00+00:00
[2024-06-09T19:31:25.528+0000] {processor.py:183} INFO - Processing /home/airflow/.local/lib/python3.12/site-packages/airflow/example_dags/example_nested_branch_dag.py took 0.159 seconds
[2024-06-09T19:32:00.546+0000] {processor.py:161} INFO - Started process (PID=66260) to work on /home/airflow/.local/lib/python3.12/site-packages/airflow/example_dags/example_nested_branch_dag.py
[2024-06-09T19:32:00.567+0000] {processor.py:830} INFO - Processing file /home/airflow/.local/lib/python3.12/site-packages/airflow/example_dags/example_nested_branch_dag.py for tasks to queue
[2024-06-09T19:32:00.595+0000] {logging_mixin.py:188} INFO - [2024-06-09T19:32:00.585+0000] {dagbag.py:545} INFO - Filling up the DagBag from /home/airflow/.local/lib/python3.12/site-packages/airflow/example_dags/example_nested_branch_dag.py
[2024-06-09T19:32:00.861+0000] {processor.py:840} INFO - DAG(s) 'example_nested_branch_dag' retrieved from /home/airflow/.local/lib/python3.12/site-packages/airflow/example_dags/example_nested_branch_dag.py
[2024-06-09T19:32:01.413+0000] {logging_mixin.py:188} INFO - [2024-06-09T19:32:01.408+0000] {dag.py:3096} INFO - Sync 1 DAGs
[2024-06-09T19:32:01.942+0000] {logging_mixin.py:188} INFO - [2024-06-09T19:32:01.937+0000] {dag.py:3954} INFO - Setting next_dagrun for example_nested_branch_dag to 2024-06-08 00:00:00+00:00, run_after=2024-06-09 00:00:00+00:00
[2024-06-09T19:32:02.252+0000] {processor.py:183} INFO - Processing /home/airflow/.local/lib/python3.12/site-packages/airflow/example_dags/example_nested_branch_dag.py took 1.888 seconds
[2024-06-09T20:23:12.002+0000] {processor.py:161} INFO - Started process (PID=66280) to work on /home/airflow/.local/lib/python3.12/site-packages/airflow/example_dags/example_nested_branch_dag.py
[2024-06-09T20:23:12.004+0000] {processor.py:830} INFO - Processing file /home/airflow/.local/lib/python3.12/site-packages/airflow/example_dags/example_nested_branch_dag.py for tasks to queue
[2024-06-09T20:23:12.006+0000] {logging_mixin.py:188} INFO - [2024-06-09T20:23:12.005+0000] {dagbag.py:545} INFO - Filling up the DagBag from /home/airflow/.local/lib/python3.12/site-packages/airflow/example_dags/example_nested_branch_dag.py
[2024-06-09T20:23:12.025+0000] {processor.py:840} INFO - DAG(s) 'example_nested_branch_dag' retrieved from /home/airflow/.local/lib/python3.12/site-packages/airflow/example_dags/example_nested_branch_dag.py
[2024-06-09T20:23:12.067+0000] {logging_mixin.py:188} INFO - [2024-06-09T20:23:12.067+0000] {dag.py:3096} INFO - Sync 1 DAGs
[2024-06-09T20:23:12.107+0000] {logging_mixin.py:188} INFO - [2024-06-09T20:23:12.107+0000] {dag.py:3954} INFO - Setting next_dagrun for example_nested_branch_dag to 2024-06-08 00:00:00+00:00, run_after=2024-06-09 00:00:00+00:00
[2024-06-09T20:23:12.138+0000] {processor.py:183} INFO - Processing /home/airflow/.local/lib/python3.12/site-packages/airflow/example_dags/example_nested_branch_dag.py took 0.147 seconds
