[2024-06-09T03:05:37.320+0000] {processor.py:161} INFO - Started process (PID=64885) to work on /home/airflow/.local/lib/python3.12/site-packages/airflow/example_dags/example_branch_python_dop_operator_3.py
[2024-06-09T03:05:37.322+0000] {processor.py:830} INFO - Processing file /home/airflow/.local/lib/python3.12/site-packages/airflow/example_dags/example_branch_python_dop_operator_3.py for tasks to queue
[2024-06-09T03:05:37.323+0000] {logging_mixin.py:188} INFO - [2024-06-09T03:05:37.323+0000] {dagbag.py:545} INFO - Filling up the DagBag from /home/airflow/.local/lib/python3.12/site-packages/airflow/example_dags/example_branch_python_dop_operator_3.py
[2024-06-09T03:05:37.334+0000] {processor.py:840} INFO - DAG(s) 'example_branch_dop_operator_v3' retrieved from /home/airflow/.local/lib/python3.12/site-packages/airflow/example_dags/example_branch_python_dop_operator_3.py
[2024-06-09T03:05:37.360+0000] {logging_mixin.py:188} INFO - [2024-06-09T03:05:37.360+0000] {dag.py:3096} INFO - Sync 1 DAGs
[2024-06-09T03:05:37.392+0000] {logging_mixin.py:188} INFO - [2024-06-09T03:05:37.392+0000] {dag.py:3954} INFO - Setting next_dagrun for example_branch_dop_operator_v3 to 2024-06-09 03:04:00+00:00, run_after=2024-06-09 03:05:00+00:00
[2024-06-09T03:05:37.421+0000] {processor.py:183} INFO - Processing /home/airflow/.local/lib/python3.12/site-packages/airflow/example_dags/example_branch_python_dop_operator_3.py took 0.110 seconds
[2024-06-09T04:06:40.071+0000] {processor.py:161} INFO - Started process (PID=64945) to work on /home/airflow/.local/lib/python3.12/site-packages/airflow/example_dags/example_branch_python_dop_operator_3.py
[2024-06-09T04:06:40.073+0000] {processor.py:830} INFO - Processing file /home/airflow/.local/lib/python3.12/site-packages/airflow/example_dags/example_branch_python_dop_operator_3.py for tasks to queue
[2024-06-09T04:06:40.077+0000] {logging_mixin.py:188} INFO - [2024-06-09T04:06:40.077+0000] {dagbag.py:545} INFO - Filling up the DagBag from /home/airflow/.local/lib/python3.12/site-packages/airflow/example_dags/example_branch_python_dop_operator_3.py
[2024-06-09T04:06:40.092+0000] {processor.py:840} INFO - DAG(s) 'example_branch_dop_operator_v3' retrieved from /home/airflow/.local/lib/python3.12/site-packages/airflow/example_dags/example_branch_python_dop_operator_3.py
[2024-06-09T04:06:40.123+0000] {logging_mixin.py:188} INFO - [2024-06-09T04:06:40.123+0000] {dag.py:3096} INFO - Sync 1 DAGs
[2024-06-09T04:06:40.158+0000] {logging_mixin.py:188} INFO - [2024-06-09T04:06:40.158+0000] {dag.py:3954} INFO - Setting next_dagrun for example_branch_dop_operator_v3 to 2024-06-09 04:05:00+00:00, run_after=2024-06-09 04:06:00+00:00
[2024-06-09T04:06:40.183+0000] {processor.py:183} INFO - Processing /home/airflow/.local/lib/python3.12/site-packages/airflow/example_dags/example_branch_python_dop_operator_3.py took 0.121 seconds
[2024-06-09T04:07:10.722+0000] {processor.py:161} INFO - Started process (PID=65005) to work on /home/airflow/.local/lib/python3.12/site-packages/airflow/example_dags/example_branch_python_dop_operator_3.py
[2024-06-09T04:07:10.724+0000] {processor.py:830} INFO - Processing file /home/airflow/.local/lib/python3.12/site-packages/airflow/example_dags/example_branch_python_dop_operator_3.py for tasks to queue
[2024-06-09T04:07:10.725+0000] {logging_mixin.py:188} INFO - [2024-06-09T04:07:10.724+0000] {dagbag.py:545} INFO - Filling up the DagBag from /home/airflow/.local/lib/python3.12/site-packages/airflow/example_dags/example_branch_python_dop_operator_3.py
[2024-06-09T04:07:10.736+0000] {processor.py:840} INFO - DAG(s) 'example_branch_dop_operator_v3' retrieved from /home/airflow/.local/lib/python3.12/site-packages/airflow/example_dags/example_branch_python_dop_operator_3.py
[2024-06-09T04:07:10.765+0000] {logging_mixin.py:188} INFO - [2024-06-09T04:07:10.765+0000] {dag.py:3096} INFO - Sync 1 DAGs
[2024-06-09T04:07:10.802+0000] {logging_mixin.py:188} INFO - [2024-06-09T04:07:10.801+0000] {dag.py:3954} INFO - Setting next_dagrun for example_branch_dop_operator_v3 to 2024-06-09 04:06:00+00:00, run_after=2024-06-09 04:07:00+00:00
[2024-06-09T04:07:10.829+0000] {processor.py:183} INFO - Processing /home/airflow/.local/lib/python3.12/site-packages/airflow/example_dags/example_branch_python_dop_operator_3.py took 0.115 seconds
[2024-06-09T06:07:56.567+0000] {processor.py:161} INFO - Started process (PID=65065) to work on /home/airflow/.local/lib/python3.12/site-packages/airflow/example_dags/example_branch_python_dop_operator_3.py
[2024-06-09T06:07:56.568+0000] {processor.py:830} INFO - Processing file /home/airflow/.local/lib/python3.12/site-packages/airflow/example_dags/example_branch_python_dop_operator_3.py for tasks to queue
[2024-06-09T06:07:56.570+0000] {logging_mixin.py:188} INFO - [2024-06-09T06:07:56.569+0000] {dagbag.py:545} INFO - Filling up the DagBag from /home/airflow/.local/lib/python3.12/site-packages/airflow/example_dags/example_branch_python_dop_operator_3.py
[2024-06-09T06:07:56.582+0000] {processor.py:840} INFO - DAG(s) 'example_branch_dop_operator_v3' retrieved from /home/airflow/.local/lib/python3.12/site-packages/airflow/example_dags/example_branch_python_dop_operator_3.py
[2024-06-09T06:07:56.609+0000] {logging_mixin.py:188} INFO - [2024-06-09T06:07:56.609+0000] {dag.py:3096} INFO - Sync 1 DAGs
[2024-06-09T06:07:56.642+0000] {logging_mixin.py:188} INFO - [2024-06-09T06:07:56.642+0000] {dag.py:3954} INFO - Setting next_dagrun for example_branch_dop_operator_v3 to 2024-06-09 06:06:00+00:00, run_after=2024-06-09 06:07:00+00:00
[2024-06-09T06:07:56.666+0000] {processor.py:183} INFO - Processing /home/airflow/.local/lib/python3.12/site-packages/airflow/example_dags/example_branch_python_dop_operator_3.py took 0.106 seconds
[2024-06-09T06:08:37.740+0000] {processor.py:161} INFO - Started process (PID=65125) to work on /home/airflow/.local/lib/python3.12/site-packages/airflow/example_dags/example_branch_python_dop_operator_3.py
[2024-06-09T06:08:37.744+0000] {processor.py:830} INFO - Processing file /home/airflow/.local/lib/python3.12/site-packages/airflow/example_dags/example_branch_python_dop_operator_3.py for tasks to queue
[2024-06-09T06:08:37.746+0000] {logging_mixin.py:188} INFO - [2024-06-09T06:08:37.746+0000] {dagbag.py:545} INFO - Filling up the DagBag from /home/airflow/.local/lib/python3.12/site-packages/airflow/example_dags/example_branch_python_dop_operator_3.py
[2024-06-09T06:08:37.762+0000] {processor.py:840} INFO - DAG(s) 'example_branch_dop_operator_v3' retrieved from /home/airflow/.local/lib/python3.12/site-packages/airflow/example_dags/example_branch_python_dop_operator_3.py
[2024-06-09T06:08:37.791+0000] {logging_mixin.py:188} INFO - [2024-06-09T06:08:37.791+0000] {dag.py:3096} INFO - Sync 1 DAGs
[2024-06-09T06:08:37.824+0000] {logging_mixin.py:188} INFO - [2024-06-09T06:08:37.824+0000] {dag.py:3954} INFO - Setting next_dagrun for example_branch_dop_operator_v3 to 2024-06-09 06:07:00+00:00, run_after=2024-06-09 06:08:00+00:00
[2024-06-09T06:08:37.848+0000] {processor.py:183} INFO - Processing /home/airflow/.local/lib/python3.12/site-packages/airflow/example_dags/example_branch_python_dop_operator_3.py took 0.117 seconds
[2024-06-09T07:09:21.425+0000] {processor.py:161} INFO - Started process (PID=65179) to work on /home/airflow/.local/lib/python3.12/site-packages/airflow/example_dags/example_branch_python_dop_operator_3.py
[2024-06-09T07:09:21.426+0000] {processor.py:830} INFO - Processing file /home/airflow/.local/lib/python3.12/site-packages/airflow/example_dags/example_branch_python_dop_operator_3.py for tasks to queue
[2024-06-09T07:09:21.428+0000] {logging_mixin.py:188} INFO - [2024-06-09T07:09:21.427+0000] {dagbag.py:545} INFO - Filling up the DagBag from /home/airflow/.local/lib/python3.12/site-packages/airflow/example_dags/example_branch_python_dop_operator_3.py
[2024-06-09T07:09:21.442+0000] {processor.py:840} INFO - DAG(s) 'example_branch_dop_operator_v3' retrieved from /home/airflow/.local/lib/python3.12/site-packages/airflow/example_dags/example_branch_python_dop_operator_3.py
[2024-06-09T07:09:21.475+0000] {logging_mixin.py:188} INFO - [2024-06-09T07:09:21.475+0000] {dag.py:3096} INFO - Sync 1 DAGs
[2024-06-09T07:09:21.522+0000] {logging_mixin.py:188} INFO - [2024-06-09T07:09:21.522+0000] {dag.py:3954} INFO - Setting next_dagrun for example_branch_dop_operator_v3 to 2024-06-09 07:08:00+00:00, run_after=2024-06-09 07:09:00+00:00
[2024-06-09T07:09:21.548+0000] {processor.py:183} INFO - Processing /home/airflow/.local/lib/python3.12/site-packages/airflow/example_dags/example_branch_python_dop_operator_3.py took 0.131 seconds
[2024-06-09T08:10:20.971+0000] {processor.py:161} INFO - Started process (PID=65245) to work on /home/airflow/.local/lib/python3.12/site-packages/airflow/example_dags/example_branch_python_dop_operator_3.py
[2024-06-09T08:10:20.972+0000] {processor.py:830} INFO - Processing file /home/airflow/.local/lib/python3.12/site-packages/airflow/example_dags/example_branch_python_dop_operator_3.py for tasks to queue
[2024-06-09T08:10:20.974+0000] {logging_mixin.py:188} INFO - [2024-06-09T08:10:20.973+0000] {dagbag.py:545} INFO - Filling up the DagBag from /home/airflow/.local/lib/python3.12/site-packages/airflow/example_dags/example_branch_python_dop_operator_3.py
[2024-06-09T08:10:20.986+0000] {processor.py:840} INFO - DAG(s) 'example_branch_dop_operator_v3' retrieved from /home/airflow/.local/lib/python3.12/site-packages/airflow/example_dags/example_branch_python_dop_operator_3.py
[2024-06-09T08:10:21.015+0000] {logging_mixin.py:188} INFO - [2024-06-09T08:10:21.015+0000] {dag.py:3096} INFO - Sync 1 DAGs
[2024-06-09T08:10:21.047+0000] {logging_mixin.py:188} INFO - [2024-06-09T08:10:21.047+0000] {dag.py:3954} INFO - Setting next_dagrun for example_branch_dop_operator_v3 to 2024-06-09 08:09:00+00:00, run_after=2024-06-09 08:10:00+00:00
[2024-06-09T08:10:21.073+0000] {processor.py:183} INFO - Processing /home/airflow/.local/lib/python3.12/site-packages/airflow/example_dags/example_branch_python_dop_operator_3.py took 0.110 seconds
[2024-06-09T09:11:18.534+0000] {processor.py:161} INFO - Started process (PID=65305) to work on /home/airflow/.local/lib/python3.12/site-packages/airflow/example_dags/example_branch_python_dop_operator_3.py
[2024-06-09T09:11:18.536+0000] {processor.py:830} INFO - Processing file /home/airflow/.local/lib/python3.12/site-packages/airflow/example_dags/example_branch_python_dop_operator_3.py for tasks to queue
[2024-06-09T09:11:18.538+0000] {logging_mixin.py:188} INFO - [2024-06-09T09:11:18.537+0000] {dagbag.py:545} INFO - Filling up the DagBag from /home/airflow/.local/lib/python3.12/site-packages/airflow/example_dags/example_branch_python_dop_operator_3.py
[2024-06-09T09:11:18.551+0000] {processor.py:840} INFO - DAG(s) 'example_branch_dop_operator_v3' retrieved from /home/airflow/.local/lib/python3.12/site-packages/airflow/example_dags/example_branch_python_dop_operator_3.py
[2024-06-09T09:11:18.583+0000] {logging_mixin.py:188} INFO - [2024-06-09T09:11:18.582+0000] {dag.py:3096} INFO - Sync 1 DAGs
[2024-06-09T09:11:18.632+0000] {logging_mixin.py:188} INFO - [2024-06-09T09:11:18.632+0000] {dag.py:3954} INFO - Setting next_dagrun for example_branch_dop_operator_v3 to 2024-06-09 09:10:00+00:00, run_after=2024-06-09 09:11:00+00:00
[2024-06-09T09:11:18.666+0000] {processor.py:183} INFO - Processing /home/airflow/.local/lib/python3.12/site-packages/airflow/example_dags/example_branch_python_dop_operator_3.py took 0.142 seconds
[2024-06-09T09:11:58.061+0000] {processor.py:161} INFO - Started process (PID=65365) to work on /home/airflow/.local/lib/python3.12/site-packages/airflow/example_dags/example_branch_python_dop_operator_3.py
[2024-06-09T09:11:58.067+0000] {processor.py:830} INFO - Processing file /home/airflow/.local/lib/python3.12/site-packages/airflow/example_dags/example_branch_python_dop_operator_3.py for tasks to queue
[2024-06-09T09:11:58.069+0000] {logging_mixin.py:188} INFO - [2024-06-09T09:11:58.068+0000] {dagbag.py:545} INFO - Filling up the DagBag from /home/airflow/.local/lib/python3.12/site-packages/airflow/example_dags/example_branch_python_dop_operator_3.py
[2024-06-09T09:11:58.084+0000] {processor.py:840} INFO - DAG(s) 'example_branch_dop_operator_v3' retrieved from /home/airflow/.local/lib/python3.12/site-packages/airflow/example_dags/example_branch_python_dop_operator_3.py
[2024-06-09T09:11:58.131+0000] {logging_mixin.py:188} INFO - [2024-06-09T09:11:58.130+0000] {dag.py:3096} INFO - Sync 1 DAGs
[2024-06-09T09:11:58.187+0000] {logging_mixin.py:188} INFO - [2024-06-09T09:11:58.187+0000] {dag.py:3954} INFO - Setting next_dagrun for example_branch_dop_operator_v3 to 2024-06-09 09:10:00+00:00, run_after=2024-06-09 09:11:00+00:00
[2024-06-09T09:11:58.237+0000] {processor.py:183} INFO - Processing /home/airflow/.local/lib/python3.12/site-packages/airflow/example_dags/example_branch_python_dop_operator_3.py took 0.189 seconds
[2024-06-09T10:12:48.511+0000] {processor.py:161} INFO - Started process (PID=65425) to work on /home/airflow/.local/lib/python3.12/site-packages/airflow/example_dags/example_branch_python_dop_operator_3.py
[2024-06-09T10:12:48.512+0000] {processor.py:830} INFO - Processing file /home/airflow/.local/lib/python3.12/site-packages/airflow/example_dags/example_branch_python_dop_operator_3.py for tasks to queue
[2024-06-09T10:12:48.514+0000] {logging_mixin.py:188} INFO - [2024-06-09T10:12:48.513+0000] {dagbag.py:545} INFO - Filling up the DagBag from /home/airflow/.local/lib/python3.12/site-packages/airflow/example_dags/example_branch_python_dop_operator_3.py
[2024-06-09T10:12:48.526+0000] {processor.py:840} INFO - DAG(s) 'example_branch_dop_operator_v3' retrieved from /home/airflow/.local/lib/python3.12/site-packages/airflow/example_dags/example_branch_python_dop_operator_3.py
[2024-06-09T10:12:48.553+0000] {logging_mixin.py:188} INFO - [2024-06-09T10:12:48.553+0000] {dag.py:3096} INFO - Sync 1 DAGs
[2024-06-09T10:12:48.586+0000] {logging_mixin.py:188} INFO - [2024-06-09T10:12:48.585+0000] {dag.py:3954} INFO - Setting next_dagrun for example_branch_dop_operator_v3 to 2024-06-09 10:11:00+00:00, run_after=2024-06-09 10:12:00+00:00
[2024-06-09T10:12:48.612+0000] {processor.py:183} INFO - Processing /home/airflow/.local/lib/python3.12/site-packages/airflow/example_dags/example_branch_python_dop_operator_3.py took 0.109 seconds
[2024-06-09T11:13:45.949+0000] {processor.py:161} INFO - Started process (PID=65485) to work on /home/airflow/.local/lib/python3.12/site-packages/airflow/example_dags/example_branch_python_dop_operator_3.py
[2024-06-09T11:13:45.951+0000] {processor.py:830} INFO - Processing file /home/airflow/.local/lib/python3.12/site-packages/airflow/example_dags/example_branch_python_dop_operator_3.py for tasks to queue
[2024-06-09T11:13:45.952+0000] {logging_mixin.py:188} INFO - [2024-06-09T11:13:45.952+0000] {dagbag.py:545} INFO - Filling up the DagBag from /home/airflow/.local/lib/python3.12/site-packages/airflow/example_dags/example_branch_python_dop_operator_3.py
[2024-06-09T11:13:45.963+0000] {processor.py:840} INFO - DAG(s) 'example_branch_dop_operator_v3' retrieved from /home/airflow/.local/lib/python3.12/site-packages/airflow/example_dags/example_branch_python_dop_operator_3.py
[2024-06-09T11:13:45.989+0000] {logging_mixin.py:188} INFO - [2024-06-09T11:13:45.989+0000] {dag.py:3096} INFO - Sync 1 DAGs
[2024-06-09T11:13:46.022+0000] {logging_mixin.py:188} INFO - [2024-06-09T11:13:46.022+0000] {dag.py:3954} INFO - Setting next_dagrun for example_branch_dop_operator_v3 to 2024-06-09 11:12:00+00:00, run_after=2024-06-09 11:13:00+00:00
[2024-06-09T11:13:46.046+0000] {processor.py:183} INFO - Processing /home/airflow/.local/lib/python3.12/site-packages/airflow/example_dags/example_branch_python_dop_operator_3.py took 0.105 seconds
[2024-06-09T11:18:36.770+0000] {processor.py:161} INFO - Started process (PID=65544) to work on /home/airflow/.local/lib/python3.12/site-packages/airflow/example_dags/example_branch_python_dop_operator_3.py
[2024-06-09T11:18:36.772+0000] {processor.py:830} INFO - Processing file /home/airflow/.local/lib/python3.12/site-packages/airflow/example_dags/example_branch_python_dop_operator_3.py for tasks to queue
[2024-06-09T11:18:36.774+0000] {logging_mixin.py:188} INFO - [2024-06-09T11:18:36.773+0000] {dagbag.py:545} INFO - Filling up the DagBag from /home/airflow/.local/lib/python3.12/site-packages/airflow/example_dags/example_branch_python_dop_operator_3.py
[2024-06-09T11:18:36.786+0000] {processor.py:840} INFO - DAG(s) 'example_branch_dop_operator_v3' retrieved from /home/airflow/.local/lib/python3.12/site-packages/airflow/example_dags/example_branch_python_dop_operator_3.py
[2024-06-09T11:18:36.819+0000] {logging_mixin.py:188} INFO - [2024-06-09T11:18:36.819+0000] {dag.py:3096} INFO - Sync 1 DAGs
[2024-06-09T11:18:36.860+0000] {logging_mixin.py:188} INFO - [2024-06-09T11:18:36.860+0000] {dag.py:3954} INFO - Setting next_dagrun for example_branch_dop_operator_v3 to 2024-06-09 11:17:00+00:00, run_after=2024-06-09 11:18:00+00:00
[2024-06-09T11:18:36.885+0000] {processor.py:183} INFO - Processing /home/airflow/.local/lib/python3.12/site-packages/airflow/example_dags/example_branch_python_dop_operator_3.py took 0.123 seconds
[2024-06-09T11:19:06.985+0000] {processor.py:161} INFO - Started process (PID=65604) to work on /home/airflow/.local/lib/python3.12/site-packages/airflow/example_dags/example_branch_python_dop_operator_3.py
[2024-06-09T11:19:06.986+0000] {processor.py:830} INFO - Processing file /home/airflow/.local/lib/python3.12/site-packages/airflow/example_dags/example_branch_python_dop_operator_3.py for tasks to queue
[2024-06-09T11:19:06.988+0000] {logging_mixin.py:188} INFO - [2024-06-09T11:19:06.987+0000] {dagbag.py:545} INFO - Filling up the DagBag from /home/airflow/.local/lib/python3.12/site-packages/airflow/example_dags/example_branch_python_dop_operator_3.py
[2024-06-09T11:19:07.002+0000] {processor.py:840} INFO - DAG(s) 'example_branch_dop_operator_v3' retrieved from /home/airflow/.local/lib/python3.12/site-packages/airflow/example_dags/example_branch_python_dop_operator_3.py
[2024-06-09T11:19:07.030+0000] {logging_mixin.py:188} INFO - [2024-06-09T11:19:07.029+0000] {dag.py:3096} INFO - Sync 1 DAGs
[2024-06-09T11:19:07.062+0000] {logging_mixin.py:188} INFO - [2024-06-09T11:19:07.062+0000] {dag.py:3954} INFO - Setting next_dagrun for example_branch_dop_operator_v3 to 2024-06-09 11:18:00+00:00, run_after=2024-06-09 11:19:00+00:00
[2024-06-09T11:19:07.087+0000] {processor.py:183} INFO - Processing /home/airflow/.local/lib/python3.12/site-packages/airflow/example_dags/example_branch_python_dop_operator_3.py took 0.111 seconds
[2024-06-09T12:14:52.285+0000] {processor.py:161} INFO - Started process (PID=65664) to work on /home/airflow/.local/lib/python3.12/site-packages/airflow/example_dags/example_branch_python_dop_operator_3.py
[2024-06-09T12:14:52.287+0000] {processor.py:830} INFO - Processing file /home/airflow/.local/lib/python3.12/site-packages/airflow/example_dags/example_branch_python_dop_operator_3.py for tasks to queue
[2024-06-09T12:14:52.288+0000] {logging_mixin.py:188} INFO - [2024-06-09T12:14:52.288+0000] {dagbag.py:545} INFO - Filling up the DagBag from /home/airflow/.local/lib/python3.12/site-packages/airflow/example_dags/example_branch_python_dop_operator_3.py
[2024-06-09T12:14:52.303+0000] {processor.py:840} INFO - DAG(s) 'example_branch_dop_operator_v3' retrieved from /home/airflow/.local/lib/python3.12/site-packages/airflow/example_dags/example_branch_python_dop_operator_3.py
[2024-06-09T12:14:52.351+0000] {logging_mixin.py:188} INFO - [2024-06-09T12:14:52.350+0000] {dag.py:3096} INFO - Sync 1 DAGs
[2024-06-09T12:14:52.403+0000] {logging_mixin.py:188} INFO - [2024-06-09T12:14:52.402+0000] {dag.py:3954} INFO - Setting next_dagrun for example_branch_dop_operator_v3 to 2024-06-09 12:13:00+00:00, run_after=2024-06-09 12:14:00+00:00
[2024-06-09T12:14:52.433+0000] {processor.py:183} INFO - Processing /home/airflow/.local/lib/python3.12/site-packages/airflow/example_dags/example_branch_python_dop_operator_3.py took 0.158 seconds
[2024-06-09T13:15:50.985+0000] {processor.py:161} INFO - Started process (PID=65724) to work on /home/airflow/.local/lib/python3.12/site-packages/airflow/example_dags/example_branch_python_dop_operator_3.py
[2024-06-09T13:15:50.987+0000] {processor.py:830} INFO - Processing file /home/airflow/.local/lib/python3.12/site-packages/airflow/example_dags/example_branch_python_dop_operator_3.py for tasks to queue
[2024-06-09T13:15:50.989+0000] {logging_mixin.py:188} INFO - [2024-06-09T13:15:50.988+0000] {dagbag.py:545} INFO - Filling up the DagBag from /home/airflow/.local/lib/python3.12/site-packages/airflow/example_dags/example_branch_python_dop_operator_3.py
[2024-06-09T13:15:51.001+0000] {processor.py:840} INFO - DAG(s) 'example_branch_dop_operator_v3' retrieved from /home/airflow/.local/lib/python3.12/site-packages/airflow/example_dags/example_branch_python_dop_operator_3.py
[2024-06-09T13:15:51.028+0000] {logging_mixin.py:188} INFO - [2024-06-09T13:15:51.028+0000] {dag.py:3096} INFO - Sync 1 DAGs
[2024-06-09T13:15:51.060+0000] {logging_mixin.py:188} INFO - [2024-06-09T13:15:51.059+0000] {dag.py:3954} INFO - Setting next_dagrun for example_branch_dop_operator_v3 to 2024-06-09 13:14:00+00:00, run_after=2024-06-09 13:15:00+00:00
[2024-06-09T13:15:51.084+0000] {processor.py:183} INFO - Processing /home/airflow/.local/lib/python3.12/site-packages/airflow/example_dags/example_branch_python_dop_operator_3.py took 0.106 seconds
[2024-06-09T13:16:31.966+0000] {processor.py:161} INFO - Started process (PID=65784) to work on /home/airflow/.local/lib/python3.12/site-packages/airflow/example_dags/example_branch_python_dop_operator_3.py
[2024-06-09T13:16:31.992+0000] {processor.py:830} INFO - Processing file /home/airflow/.local/lib/python3.12/site-packages/airflow/example_dags/example_branch_python_dop_operator_3.py for tasks to queue
[2024-06-09T13:16:32.007+0000] {logging_mixin.py:188} INFO - [2024-06-09T13:16:32.006+0000] {dagbag.py:545} INFO - Filling up the DagBag from /home/airflow/.local/lib/python3.12/site-packages/airflow/example_dags/example_branch_python_dop_operator_3.py
[2024-06-09T13:16:32.029+0000] {processor.py:840} INFO - DAG(s) 'example_branch_dop_operator_v3' retrieved from /home/airflow/.local/lib/python3.12/site-packages/airflow/example_dags/example_branch_python_dop_operator_3.py
[2024-06-09T13:16:32.091+0000] {logging_mixin.py:188} INFO - [2024-06-09T13:16:32.090+0000] {dag.py:3096} INFO - Sync 1 DAGs
[2024-06-09T13:16:32.201+0000] {logging_mixin.py:188} INFO - [2024-06-09T13:16:32.201+0000] {dag.py:3954} INFO - Setting next_dagrun for example_branch_dop_operator_v3 to 2024-06-09 13:15:00+00:00, run_after=2024-06-09 13:16:00+00:00
[2024-06-09T13:16:32.281+0000] {processor.py:183} INFO - Processing /home/airflow/.local/lib/python3.12/site-packages/airflow/example_dags/example_branch_python_dop_operator_3.py took 0.328 seconds
[2024-06-09T14:17:14.298+0000] {processor.py:161} INFO - Started process (PID=65838) to work on /home/airflow/.local/lib/python3.12/site-packages/airflow/example_dags/example_branch_python_dop_operator_3.py
[2024-06-09T14:17:14.302+0000] {processor.py:830} INFO - Processing file /home/airflow/.local/lib/python3.12/site-packages/airflow/example_dags/example_branch_python_dop_operator_3.py for tasks to queue
[2024-06-09T14:17:14.304+0000] {logging_mixin.py:188} INFO - [2024-06-09T14:17:14.303+0000] {dagbag.py:545} INFO - Filling up the DagBag from /home/airflow/.local/lib/python3.12/site-packages/airflow/example_dags/example_branch_python_dop_operator_3.py
[2024-06-09T14:17:14.316+0000] {processor.py:840} INFO - DAG(s) 'example_branch_dop_operator_v3' retrieved from /home/airflow/.local/lib/python3.12/site-packages/airflow/example_dags/example_branch_python_dop_operator_3.py
[2024-06-09T14:17:14.344+0000] {logging_mixin.py:188} INFO - [2024-06-09T14:17:14.343+0000] {dag.py:3096} INFO - Sync 1 DAGs
[2024-06-09T14:17:14.375+0000] {logging_mixin.py:188} INFO - [2024-06-09T14:17:14.375+0000] {dag.py:3954} INFO - Setting next_dagrun for example_branch_dop_operator_v3 to 2024-06-09 14:16:00+00:00, run_after=2024-06-09 14:17:00+00:00
[2024-06-09T14:17:14.406+0000] {processor.py:183} INFO - Processing /home/airflow/.local/lib/python3.12/site-packages/airflow/example_dags/example_branch_python_dop_operator_3.py took 0.115 seconds
[2024-06-09T15:18:13.571+0000] {processor.py:161} INFO - Started process (PID=65898) to work on /home/airflow/.local/lib/python3.12/site-packages/airflow/example_dags/example_branch_python_dop_operator_3.py
[2024-06-09T15:18:13.573+0000] {processor.py:830} INFO - Processing file /home/airflow/.local/lib/python3.12/site-packages/airflow/example_dags/example_branch_python_dop_operator_3.py for tasks to queue
[2024-06-09T15:18:13.575+0000] {logging_mixin.py:188} INFO - [2024-06-09T15:18:13.574+0000] {dagbag.py:545} INFO - Filling up the DagBag from /home/airflow/.local/lib/python3.12/site-packages/airflow/example_dags/example_branch_python_dop_operator_3.py
[2024-06-09T15:18:13.587+0000] {processor.py:840} INFO - DAG(s) 'example_branch_dop_operator_v3' retrieved from /home/airflow/.local/lib/python3.12/site-packages/airflow/example_dags/example_branch_python_dop_operator_3.py
[2024-06-09T15:18:13.613+0000] {logging_mixin.py:188} INFO - [2024-06-09T15:18:13.613+0000] {dag.py:3096} INFO - Sync 1 DAGs
[2024-06-09T15:18:13.645+0000] {logging_mixin.py:188} INFO - [2024-06-09T15:18:13.645+0000] {dag.py:3954} INFO - Setting next_dagrun for example_branch_dop_operator_v3 to 2024-06-09 15:17:00+00:00, run_after=2024-06-09 15:18:00+00:00
[2024-06-09T15:18:13.669+0000] {processor.py:183} INFO - Processing /home/airflow/.local/lib/python3.12/site-packages/airflow/example_dags/example_branch_python_dop_operator_3.py took 0.106 seconds
[2024-06-09T15:18:49.769+0000] {processor.py:161} INFO - Started process (PID=65958) to work on /home/airflow/.local/lib/python3.12/site-packages/airflow/example_dags/example_branch_python_dop_operator_3.py
[2024-06-09T15:18:49.772+0000] {processor.py:830} INFO - Processing file /home/airflow/.local/lib/python3.12/site-packages/airflow/example_dags/example_branch_python_dop_operator_3.py for tasks to queue
[2024-06-09T15:18:49.774+0000] {logging_mixin.py:188} INFO - [2024-06-09T15:18:49.773+0000] {dagbag.py:545} INFO - Filling up the DagBag from /home/airflow/.local/lib/python3.12/site-packages/airflow/example_dags/example_branch_python_dop_operator_3.py
[2024-06-09T15:18:49.791+0000] {processor.py:840} INFO - DAG(s) 'example_branch_dop_operator_v3' retrieved from /home/airflow/.local/lib/python3.12/site-packages/airflow/example_dags/example_branch_python_dop_operator_3.py
[2024-06-09T15:18:49.832+0000] {logging_mixin.py:188} INFO - [2024-06-09T15:18:49.831+0000] {dag.py:3096} INFO - Sync 1 DAGs
[2024-06-09T15:18:49.889+0000] {logging_mixin.py:188} INFO - [2024-06-09T15:18:49.889+0000] {dag.py:3954} INFO - Setting next_dagrun for example_branch_dop_operator_v3 to 2024-06-09 15:17:00+00:00, run_after=2024-06-09 15:18:00+00:00
[2024-06-09T15:18:49.928+0000] {processor.py:183} INFO - Processing /home/airflow/.local/lib/python3.12/site-packages/airflow/example_dags/example_branch_python_dop_operator_3.py took 0.171 seconds
[2024-06-09T16:19:40.127+0000] {processor.py:161} INFO - Started process (PID=66018) to work on /home/airflow/.local/lib/python3.12/site-packages/airflow/example_dags/example_branch_python_dop_operator_3.py
[2024-06-09T16:19:40.128+0000] {processor.py:830} INFO - Processing file /home/airflow/.local/lib/python3.12/site-packages/airflow/example_dags/example_branch_python_dop_operator_3.py for tasks to queue
[2024-06-09T16:19:40.130+0000] {logging_mixin.py:188} INFO - [2024-06-09T16:19:40.129+0000] {dagbag.py:545} INFO - Filling up the DagBag from /home/airflow/.local/lib/python3.12/site-packages/airflow/example_dags/example_branch_python_dop_operator_3.py
[2024-06-09T16:19:40.141+0000] {processor.py:840} INFO - DAG(s) 'example_branch_dop_operator_v3' retrieved from /home/airflow/.local/lib/python3.12/site-packages/airflow/example_dags/example_branch_python_dop_operator_3.py
[2024-06-09T16:19:40.167+0000] {logging_mixin.py:188} INFO - [2024-06-09T16:19:40.166+0000] {dag.py:3096} INFO - Sync 1 DAGs
[2024-06-09T16:19:40.198+0000] {logging_mixin.py:188} INFO - [2024-06-09T16:19:40.198+0000] {dag.py:3954} INFO - Setting next_dagrun for example_branch_dop_operator_v3 to 2024-06-09 16:18:00+00:00, run_after=2024-06-09 16:19:00+00:00
[2024-06-09T16:19:40.222+0000] {processor.py:183} INFO - Processing /home/airflow/.local/lib/python3.12/site-packages/airflow/example_dags/example_branch_python_dop_operator_3.py took 0.103 seconds
[2024-06-09T18:21:11.812+0000] {processor.py:161} INFO - Started process (PID=66089) to work on /home/airflow/.local/lib/python3.12/site-packages/airflow/example_dags/example_branch_python_dop_operator_3.py
[2024-06-09T18:21:11.815+0000] {processor.py:830} INFO - Processing file /home/airflow/.local/lib/python3.12/site-packages/airflow/example_dags/example_branch_python_dop_operator_3.py for tasks to queue
[2024-06-09T18:21:11.817+0000] {logging_mixin.py:188} INFO - [2024-06-09T18:21:11.816+0000] {dagbag.py:545} INFO - Filling up the DagBag from /home/airflow/.local/lib/python3.12/site-packages/airflow/example_dags/example_branch_python_dop_operator_3.py
[2024-06-09T18:21:11.833+0000] {processor.py:840} INFO - DAG(s) 'example_branch_dop_operator_v3' retrieved from /home/airflow/.local/lib/python3.12/site-packages/airflow/example_dags/example_branch_python_dop_operator_3.py
[2024-06-09T18:21:11.868+0000] {logging_mixin.py:188} INFO - [2024-06-09T18:21:11.868+0000] {dag.py:3096} INFO - Sync 1 DAGs
[2024-06-09T18:21:11.915+0000] {logging_mixin.py:188} INFO - [2024-06-09T18:21:11.915+0000] {dag.py:3954} INFO - Setting next_dagrun for example_branch_dop_operator_v3 to 2024-06-09 18:20:00+00:00, run_after=2024-06-09 18:21:00+00:00
[2024-06-09T18:21:11.952+0000] {processor.py:183} INFO - Processing /home/airflow/.local/lib/python3.12/site-packages/airflow/example_dags/example_branch_python_dop_operator_3.py took 0.151 seconds
[2024-06-09T19:22:15.606+0000] {processor.py:161} INFO - Started process (PID=66182) to work on /home/airflow/.local/lib/python3.12/site-packages/airflow/example_dags/example_branch_python_dop_operator_3.py
[2024-06-09T19:22:15.607+0000] {processor.py:830} INFO - Processing file /home/airflow/.local/lib/python3.12/site-packages/airflow/example_dags/example_branch_python_dop_operator_3.py for tasks to queue
[2024-06-09T19:22:15.609+0000] {logging_mixin.py:188} INFO - [2024-06-09T19:22:15.609+0000] {dagbag.py:545} INFO - Filling up the DagBag from /home/airflow/.local/lib/python3.12/site-packages/airflow/example_dags/example_branch_python_dop_operator_3.py
[2024-06-09T19:22:15.623+0000] {processor.py:840} INFO - DAG(s) 'example_branch_dop_operator_v3' retrieved from /home/airflow/.local/lib/python3.12/site-packages/airflow/example_dags/example_branch_python_dop_operator_3.py
[2024-06-09T19:22:15.657+0000] {logging_mixin.py:188} INFO - [2024-06-09T19:22:15.656+0000] {dag.py:3096} INFO - Sync 1 DAGs
[2024-06-09T19:22:15.697+0000] {logging_mixin.py:188} INFO - [2024-06-09T19:22:15.697+0000] {dag.py:3954} INFO - Setting next_dagrun for example_branch_dop_operator_v3 to 2024-06-09 19:21:00+00:00, run_after=2024-06-09 19:22:00+00:00
[2024-06-09T19:22:15.728+0000] {processor.py:183} INFO - Processing /home/airflow/.local/lib/python3.12/site-packages/airflow/example_dags/example_branch_python_dop_operator_3.py took 0.130 seconds
[2024-06-09T19:31:28.726+0000] {processor.py:161} INFO - Started process (PID=66242) to work on /home/airflow/.local/lib/python3.12/site-packages/airflow/example_dags/example_branch_python_dop_operator_3.py
[2024-06-09T19:31:28.728+0000] {processor.py:830} INFO - Processing file /home/airflow/.local/lib/python3.12/site-packages/airflow/example_dags/example_branch_python_dop_operator_3.py for tasks to queue
[2024-06-09T19:31:28.730+0000] {logging_mixin.py:188} INFO - [2024-06-09T19:31:28.729+0000] {dagbag.py:545} INFO - Filling up the DagBag from /home/airflow/.local/lib/python3.12/site-packages/airflow/example_dags/example_branch_python_dop_operator_3.py
[2024-06-09T19:31:28.743+0000] {processor.py:840} INFO - DAG(s) 'example_branch_dop_operator_v3' retrieved from /home/airflow/.local/lib/python3.12/site-packages/airflow/example_dags/example_branch_python_dop_operator_3.py
[2024-06-09T19:31:28.773+0000] {logging_mixin.py:188} INFO - [2024-06-09T19:31:28.773+0000] {dag.py:3096} INFO - Sync 1 DAGs
[2024-06-09T19:31:28.810+0000] {logging_mixin.py:188} INFO - [2024-06-09T19:31:28.809+0000] {dag.py:3954} INFO - Setting next_dagrun for example_branch_dop_operator_v3 to 2024-06-09 19:30:00+00:00, run_after=2024-06-09 19:31:00+00:00
[2024-06-09T19:31:28.841+0000] {processor.py:183} INFO - Processing /home/airflow/.local/lib/python3.12/site-packages/airflow/example_dags/example_branch_python_dop_operator_3.py took 0.124 seconds
[2024-06-09T20:23:17.586+0000] {processor.py:161} INFO - Started process (PID=66321) to work on /home/airflow/.local/lib/python3.12/site-packages/airflow/example_dags/example_branch_python_dop_operator_3.py
[2024-06-09T20:23:17.587+0000] {processor.py:830} INFO - Processing file /home/airflow/.local/lib/python3.12/site-packages/airflow/example_dags/example_branch_python_dop_operator_3.py for tasks to queue
[2024-06-09T20:23:17.589+0000] {logging_mixin.py:188} INFO - [2024-06-09T20:23:17.588+0000] {dagbag.py:545} INFO - Filling up the DagBag from /home/airflow/.local/lib/python3.12/site-packages/airflow/example_dags/example_branch_python_dop_operator_3.py
[2024-06-09T20:23:17.599+0000] {processor.py:840} INFO - DAG(s) 'example_branch_dop_operator_v3' retrieved from /home/airflow/.local/lib/python3.12/site-packages/airflow/example_dags/example_branch_python_dop_operator_3.py
[2024-06-09T20:23:17.624+0000] {logging_mixin.py:188} INFO - [2024-06-09T20:23:17.624+0000] {dag.py:3096} INFO - Sync 1 DAGs
[2024-06-09T20:23:17.654+0000] {logging_mixin.py:188} INFO - [2024-06-09T20:23:17.653+0000] {dag.py:3954} INFO - Setting next_dagrun for example_branch_dop_operator_v3 to 2024-06-09 20:22:00+00:00, run_after=2024-06-09 20:23:00+00:00
[2024-06-09T20:23:17.677+0000] {processor.py:183} INFO - Processing /home/airflow/.local/lib/python3.12/site-packages/airflow/example_dags/example_branch_python_dop_operator_3.py took 0.099 seconds
