[2024-06-09T03:05:34.433+0000] {processor.py:161} INFO - Started process (PID=64845) to work on /home/airflow/.local/lib/python3.12/site-packages/airflow/example_dags/example_short_circuit_decorator.py
[2024-06-09T03:05:34.434+0000] {processor.py:830} INFO - Processing file /home/airflow/.local/lib/python3.12/site-packages/airflow/example_dags/example_short_circuit_decorator.py for tasks to queue
[2024-06-09T03:05:34.436+0000] {logging_mixin.py:188} INFO - [2024-06-09T03:05:34.435+0000] {dagbag.py:545} INFO - Filling up the DagBag from /home/airflow/.local/lib/python3.12/site-packages/airflow/example_dags/example_short_circuit_decorator.py
[2024-06-09T03:05:34.449+0000] {processor.py:840} INFO - DAG(s) 'example_short_circuit_decorator' retrieved from /home/airflow/.local/lib/python3.12/site-packages/airflow/example_dags/example_short_circuit_decorator.py
[2024-06-09T03:05:34.482+0000] {logging_mixin.py:188} INFO - [2024-06-09T03:05:34.482+0000] {dag.py:3096} INFO - Sync 1 DAGs
[2024-06-09T03:05:34.512+0000] {logging_mixin.py:188} INFO - [2024-06-09T03:05:34.512+0000] {dag.py:3954} INFO - Setting next_dagrun for example_short_circuit_decorator to 2024-06-08 00:00:00+00:00, run_after=2024-06-09 00:00:00+00:00
[2024-06-09T03:05:34.536+0000] {processor.py:183} INFO - Processing /home/airflow/.local/lib/python3.12/site-packages/airflow/example_dags/example_short_circuit_decorator.py took 0.111 seconds
[2024-06-09T04:06:35.186+0000] {processor.py:161} INFO - Started process (PID=64905) to work on /home/airflow/.local/lib/python3.12/site-packages/airflow/example_dags/example_short_circuit_decorator.py
[2024-06-09T04:06:35.189+0000] {processor.py:830} INFO - Processing file /home/airflow/.local/lib/python3.12/site-packages/airflow/example_dags/example_short_circuit_decorator.py for tasks to queue
[2024-06-09T04:06:35.191+0000] {logging_mixin.py:188} INFO - [2024-06-09T04:06:35.190+0000] {dagbag.py:545} INFO - Filling up the DagBag from /home/airflow/.local/lib/python3.12/site-packages/airflow/example_dags/example_short_circuit_decorator.py
[2024-06-09T04:06:35.214+0000] {processor.py:840} INFO - DAG(s) 'example_short_circuit_decorator' retrieved from /home/airflow/.local/lib/python3.12/site-packages/airflow/example_dags/example_short_circuit_decorator.py
[2024-06-09T04:06:35.258+0000] {logging_mixin.py:188} INFO - [2024-06-09T04:06:35.258+0000] {dag.py:3096} INFO - Sync 1 DAGs
[2024-06-09T04:06:35.311+0000] {logging_mixin.py:188} INFO - [2024-06-09T04:06:35.310+0000] {dag.py:3954} INFO - Setting next_dagrun for example_short_circuit_decorator to 2024-06-08 00:00:00+00:00, run_after=2024-06-09 00:00:00+00:00
[2024-06-09T04:06:35.345+0000] {processor.py:183} INFO - Processing /home/airflow/.local/lib/python3.12/site-packages/airflow/example_dags/example_short_circuit_decorator.py took 0.169 seconds
[2024-06-09T04:07:05.517+0000] {processor.py:161} INFO - Started process (PID=64965) to work on /home/airflow/.local/lib/python3.12/site-packages/airflow/example_dags/example_short_circuit_decorator.py
[2024-06-09T04:07:05.519+0000] {processor.py:830} INFO - Processing file /home/airflow/.local/lib/python3.12/site-packages/airflow/example_dags/example_short_circuit_decorator.py for tasks to queue
[2024-06-09T04:07:05.520+0000] {logging_mixin.py:188} INFO - [2024-06-09T04:07:05.520+0000] {dagbag.py:545} INFO - Filling up the DagBag from /home/airflow/.local/lib/python3.12/site-packages/airflow/example_dags/example_short_circuit_decorator.py
[2024-06-09T04:07:05.533+0000] {processor.py:840} INFO - DAG(s) 'example_short_circuit_decorator' retrieved from /home/airflow/.local/lib/python3.12/site-packages/airflow/example_dags/example_short_circuit_decorator.py
[2024-06-09T04:07:05.564+0000] {logging_mixin.py:188} INFO - [2024-06-09T04:07:05.563+0000] {dag.py:3096} INFO - Sync 1 DAGs
[2024-06-09T04:07:05.595+0000] {logging_mixin.py:188} INFO - [2024-06-09T04:07:05.595+0000] {dag.py:3954} INFO - Setting next_dagrun for example_short_circuit_decorator to 2024-06-08 00:00:00+00:00, run_after=2024-06-09 00:00:00+00:00
[2024-06-09T04:07:05.622+0000] {processor.py:183} INFO - Processing /home/airflow/.local/lib/python3.12/site-packages/airflow/example_dags/example_short_circuit_decorator.py took 0.114 seconds
[2024-06-09T06:07:53.699+0000] {processor.py:161} INFO - Started process (PID=65025) to work on /home/airflow/.local/lib/python3.12/site-packages/airflow/example_dags/example_short_circuit_decorator.py
[2024-06-09T06:07:53.703+0000] {processor.py:830} INFO - Processing file /home/airflow/.local/lib/python3.12/site-packages/airflow/example_dags/example_short_circuit_decorator.py for tasks to queue
[2024-06-09T06:07:53.705+0000] {logging_mixin.py:188} INFO - [2024-06-09T06:07:53.704+0000] {dagbag.py:545} INFO - Filling up the DagBag from /home/airflow/.local/lib/python3.12/site-packages/airflow/example_dags/example_short_circuit_decorator.py
[2024-06-09T06:07:53.718+0000] {processor.py:840} INFO - DAG(s) 'example_short_circuit_decorator' retrieved from /home/airflow/.local/lib/python3.12/site-packages/airflow/example_dags/example_short_circuit_decorator.py
[2024-06-09T06:07:53.747+0000] {logging_mixin.py:188} INFO - [2024-06-09T06:07:53.747+0000] {dag.py:3096} INFO - Sync 1 DAGs
[2024-06-09T06:07:53.776+0000] {logging_mixin.py:188} INFO - [2024-06-09T06:07:53.776+0000] {dag.py:3954} INFO - Setting next_dagrun for example_short_circuit_decorator to 2024-06-08 00:00:00+00:00, run_after=2024-06-09 00:00:00+00:00
[2024-06-09T06:07:53.799+0000] {processor.py:183} INFO - Processing /home/airflow/.local/lib/python3.12/site-packages/airflow/example_dags/example_short_circuit_decorator.py took 0.108 seconds
[2024-06-09T06:08:33.212+0000] {processor.py:161} INFO - Started process (PID=65085) to work on /home/airflow/.local/lib/python3.12/site-packages/airflow/example_dags/example_short_circuit_decorator.py
[2024-06-09T06:08:33.214+0000] {processor.py:830} INFO - Processing file /home/airflow/.local/lib/python3.12/site-packages/airflow/example_dags/example_short_circuit_decorator.py for tasks to queue
[2024-06-09T06:08:33.216+0000] {logging_mixin.py:188} INFO - [2024-06-09T06:08:33.215+0000] {dagbag.py:545} INFO - Filling up the DagBag from /home/airflow/.local/lib/python3.12/site-packages/airflow/example_dags/example_short_circuit_decorator.py
[2024-06-09T06:08:33.236+0000] {processor.py:840} INFO - DAG(s) 'example_short_circuit_decorator' retrieved from /home/airflow/.local/lib/python3.12/site-packages/airflow/example_dags/example_short_circuit_decorator.py
[2024-06-09T06:08:33.286+0000] {logging_mixin.py:188} INFO - [2024-06-09T06:08:33.286+0000] {dag.py:3096} INFO - Sync 1 DAGs
[2024-06-09T06:08:33.332+0000] {logging_mixin.py:188} INFO - [2024-06-09T06:08:33.332+0000] {dag.py:3954} INFO - Setting next_dagrun for example_short_circuit_decorator to 2024-06-08 00:00:00+00:00, run_after=2024-06-09 00:00:00+00:00
[2024-06-09T06:08:33.371+0000] {processor.py:183} INFO - Processing /home/airflow/.local/lib/python3.12/site-packages/airflow/example_dags/example_short_circuit_decorator.py took 0.169 seconds
[2024-06-09T07:09:18.661+0000] {processor.py:161} INFO - Started process (PID=65139) to work on /home/airflow/.local/lib/python3.12/site-packages/airflow/example_dags/example_short_circuit_decorator.py
[2024-06-09T07:09:18.662+0000] {processor.py:830} INFO - Processing file /home/airflow/.local/lib/python3.12/site-packages/airflow/example_dags/example_short_circuit_decorator.py for tasks to queue
[2024-06-09T07:09:18.664+0000] {logging_mixin.py:188} INFO - [2024-06-09T07:09:18.663+0000] {dagbag.py:545} INFO - Filling up the DagBag from /home/airflow/.local/lib/python3.12/site-packages/airflow/example_dags/example_short_circuit_decorator.py
[2024-06-09T07:09:18.676+0000] {processor.py:840} INFO - DAG(s) 'example_short_circuit_decorator' retrieved from /home/airflow/.local/lib/python3.12/site-packages/airflow/example_dags/example_short_circuit_decorator.py
[2024-06-09T07:09:18.707+0000] {logging_mixin.py:188} INFO - [2024-06-09T07:09:18.707+0000] {dag.py:3096} INFO - Sync 1 DAGs
[2024-06-09T07:09:18.738+0000] {logging_mixin.py:188} INFO - [2024-06-09T07:09:18.738+0000] {dag.py:3954} INFO - Setting next_dagrun for example_short_circuit_decorator to 2024-06-08 00:00:00+00:00, run_after=2024-06-09 00:00:00+00:00
[2024-06-09T07:09:18.764+0000] {processor.py:183} INFO - Processing /home/airflow/.local/lib/python3.12/site-packages/airflow/example_dags/example_short_circuit_decorator.py took 0.110 seconds
[2024-06-09T08:10:18.066+0000] {processor.py:161} INFO - Started process (PID=65199) to work on /home/airflow/.local/lib/python3.12/site-packages/airflow/example_dags/example_short_circuit_decorator.py
[2024-06-09T08:10:18.068+0000] {processor.py:830} INFO - Processing file /home/airflow/.local/lib/python3.12/site-packages/airflow/example_dags/example_short_circuit_decorator.py for tasks to queue
[2024-06-09T08:10:18.070+0000] {logging_mixin.py:188} INFO - [2024-06-09T08:10:18.069+0000] {dagbag.py:545} INFO - Filling up the DagBag from /home/airflow/.local/lib/python3.12/site-packages/airflow/example_dags/example_short_circuit_decorator.py
[2024-06-09T08:10:18.084+0000] {processor.py:840} INFO - DAG(s) 'example_short_circuit_decorator' retrieved from /home/airflow/.local/lib/python3.12/site-packages/airflow/example_dags/example_short_circuit_decorator.py
[2024-06-09T08:10:18.119+0000] {logging_mixin.py:188} INFO - [2024-06-09T08:10:18.118+0000] {dag.py:3096} INFO - Sync 1 DAGs
[2024-06-09T08:10:18.149+0000] {logging_mixin.py:188} INFO - [2024-06-09T08:10:18.149+0000] {dag.py:3954} INFO - Setting next_dagrun for example_short_circuit_decorator to 2024-06-08 00:00:00+00:00, run_after=2024-06-09 00:00:00+00:00
[2024-06-09T08:10:18.175+0000] {processor.py:183} INFO - Processing /home/airflow/.local/lib/python3.12/site-packages/airflow/example_dags/example_short_circuit_decorator.py took 0.118 seconds
[2024-06-09T09:11:13.872+0000] {processor.py:161} INFO - Started process (PID=65259) to work on /home/airflow/.local/lib/python3.12/site-packages/airflow/example_dags/example_short_circuit_decorator.py
[2024-06-09T09:11:13.874+0000] {processor.py:830} INFO - Processing file /home/airflow/.local/lib/python3.12/site-packages/airflow/example_dags/example_short_circuit_decorator.py for tasks to queue
[2024-06-09T09:11:13.876+0000] {logging_mixin.py:188} INFO - [2024-06-09T09:11:13.876+0000] {dagbag.py:545} INFO - Filling up the DagBag from /home/airflow/.local/lib/python3.12/site-packages/airflow/example_dags/example_short_circuit_decorator.py
[2024-06-09T09:11:13.909+0000] {processor.py:840} INFO - DAG(s) 'example_short_circuit_decorator' retrieved from /home/airflow/.local/lib/python3.12/site-packages/airflow/example_dags/example_short_circuit_decorator.py
[2024-06-09T09:11:14.025+0000] {logging_mixin.py:188} INFO - [2024-06-09T09:11:14.025+0000] {dag.py:3096} INFO - Sync 1 DAGs
[2024-06-09T09:11:14.080+0000] {logging_mixin.py:188} INFO - [2024-06-09T09:11:14.080+0000] {dag.py:3954} INFO - Setting next_dagrun for example_short_circuit_decorator to 2024-06-08 00:00:00+00:00, run_after=2024-06-09 00:00:00+00:00
[2024-06-09T09:11:14.126+0000] {processor.py:183} INFO - Processing /home/airflow/.local/lib/python3.12/site-packages/airflow/example_dags/example_short_circuit_decorator.py took 0.269 seconds
[2024-06-09T09:11:52.726+0000] {processor.py:161} INFO - Started process (PID=65325) to work on /home/airflow/.local/lib/python3.12/site-packages/airflow/example_dags/example_short_circuit_decorator.py
[2024-06-09T09:11:52.728+0000] {processor.py:830} INFO - Processing file /home/airflow/.local/lib/python3.12/site-packages/airflow/example_dags/example_short_circuit_decorator.py for tasks to queue
[2024-06-09T09:11:52.730+0000] {logging_mixin.py:188} INFO - [2024-06-09T09:11:52.729+0000] {dagbag.py:545} INFO - Filling up the DagBag from /home/airflow/.local/lib/python3.12/site-packages/airflow/example_dags/example_short_circuit_decorator.py
[2024-06-09T09:11:52.751+0000] {processor.py:840} INFO - DAG(s) 'example_short_circuit_decorator' retrieved from /home/airflow/.local/lib/python3.12/site-packages/airflow/example_dags/example_short_circuit_decorator.py
[2024-06-09T09:11:52.801+0000] {logging_mixin.py:188} INFO - [2024-06-09T09:11:52.801+0000] {dag.py:3096} INFO - Sync 1 DAGs
[2024-06-09T09:11:52.855+0000] {logging_mixin.py:188} INFO - [2024-06-09T09:11:52.855+0000] {dag.py:3954} INFO - Setting next_dagrun for example_short_circuit_decorator to 2024-06-08 00:00:00+00:00, run_after=2024-06-09 00:00:00+00:00
[2024-06-09T09:11:52.894+0000] {processor.py:183} INFO - Processing /home/airflow/.local/lib/python3.12/site-packages/airflow/example_dags/example_short_circuit_decorator.py took 0.179 seconds
[2024-06-09T10:12:45.605+0000] {processor.py:161} INFO - Started process (PID=65379) to work on /home/airflow/.local/lib/python3.12/site-packages/airflow/example_dags/example_short_circuit_decorator.py
[2024-06-09T10:12:45.606+0000] {processor.py:830} INFO - Processing file /home/airflow/.local/lib/python3.12/site-packages/airflow/example_dags/example_short_circuit_decorator.py for tasks to queue
[2024-06-09T10:12:45.607+0000] {logging_mixin.py:188} INFO - [2024-06-09T10:12:45.607+0000] {dagbag.py:545} INFO - Filling up the DagBag from /home/airflow/.local/lib/python3.12/site-packages/airflow/example_dags/example_short_circuit_decorator.py
[2024-06-09T10:12:45.620+0000] {processor.py:840} INFO - DAG(s) 'example_short_circuit_decorator' retrieved from /home/airflow/.local/lib/python3.12/site-packages/airflow/example_dags/example_short_circuit_decorator.py
[2024-06-09T10:12:45.650+0000] {logging_mixin.py:188} INFO - [2024-06-09T10:12:45.650+0000] {dag.py:3096} INFO - Sync 1 DAGs
[2024-06-09T10:12:45.681+0000] {logging_mixin.py:188} INFO - [2024-06-09T10:12:45.681+0000] {dag.py:3954} INFO - Setting next_dagrun for example_short_circuit_decorator to 2024-06-08 00:00:00+00:00, run_after=2024-06-09 00:00:00+00:00
[2024-06-09T10:12:45.707+0000] {processor.py:183} INFO - Processing /home/airflow/.local/lib/python3.12/site-packages/airflow/example_dags/example_short_circuit_decorator.py took 0.110 seconds
[2024-06-09T11:13:43.144+0000] {processor.py:161} INFO - Started process (PID=65439) to work on /home/airflow/.local/lib/python3.12/site-packages/airflow/example_dags/example_short_circuit_decorator.py
[2024-06-09T11:13:43.146+0000] {processor.py:830} INFO - Processing file /home/airflow/.local/lib/python3.12/site-packages/airflow/example_dags/example_short_circuit_decorator.py for tasks to queue
[2024-06-09T11:13:43.147+0000] {logging_mixin.py:188} INFO - [2024-06-09T11:13:43.147+0000] {dagbag.py:545} INFO - Filling up the DagBag from /home/airflow/.local/lib/python3.12/site-packages/airflow/example_dags/example_short_circuit_decorator.py
[2024-06-09T11:13:43.161+0000] {processor.py:840} INFO - DAG(s) 'example_short_circuit_decorator' retrieved from /home/airflow/.local/lib/python3.12/site-packages/airflow/example_dags/example_short_circuit_decorator.py
[2024-06-09T11:13:43.192+0000] {logging_mixin.py:188} INFO - [2024-06-09T11:13:43.192+0000] {dag.py:3096} INFO - Sync 1 DAGs
[2024-06-09T11:13:43.221+0000] {logging_mixin.py:188} INFO - [2024-06-09T11:13:43.221+0000] {dag.py:3954} INFO - Setting next_dagrun for example_short_circuit_decorator to 2024-06-08 00:00:00+00:00, run_after=2024-06-09 00:00:00+00:00
[2024-06-09T11:13:43.244+0000] {processor.py:183} INFO - Processing /home/airflow/.local/lib/python3.12/site-packages/airflow/example_dags/example_short_circuit_decorator.py took 0.107 seconds
[2024-06-09T11:18:33.496+0000] {processor.py:161} INFO - Started process (PID=65499) to work on /home/airflow/.local/lib/python3.12/site-packages/airflow/example_dags/example_short_circuit_decorator.py
[2024-06-09T11:18:33.498+0000] {processor.py:830} INFO - Processing file /home/airflow/.local/lib/python3.12/site-packages/airflow/example_dags/example_short_circuit_decorator.py for tasks to queue
[2024-06-09T11:18:33.500+0000] {logging_mixin.py:188} INFO - [2024-06-09T11:18:33.500+0000] {dagbag.py:545} INFO - Filling up the DagBag from /home/airflow/.local/lib/python3.12/site-packages/airflow/example_dags/example_short_circuit_decorator.py
[2024-06-09T11:18:33.522+0000] {processor.py:840} INFO - DAG(s) 'example_short_circuit_decorator' retrieved from /home/airflow/.local/lib/python3.12/site-packages/airflow/example_dags/example_short_circuit_decorator.py
[2024-06-09T11:18:33.568+0000] {logging_mixin.py:188} INFO - [2024-06-09T11:18:33.568+0000] {dag.py:3096} INFO - Sync 1 DAGs
[2024-06-09T11:18:33.612+0000] {logging_mixin.py:188} INFO - [2024-06-09T11:18:33.612+0000] {dag.py:3954} INFO - Setting next_dagrun for example_short_circuit_decorator to 2024-06-08 00:00:00+00:00, run_after=2024-06-09 00:00:00+00:00
[2024-06-09T11:18:33.640+0000] {processor.py:183} INFO - Processing /home/airflow/.local/lib/python3.12/site-packages/airflow/example_dags/example_short_circuit_decorator.py took 0.155 seconds
[2024-06-09T11:19:03.933+0000] {processor.py:161} INFO - Started process (PID=65558) to work on /home/airflow/.local/lib/python3.12/site-packages/airflow/example_dags/example_short_circuit_decorator.py
[2024-06-09T11:19:03.935+0000] {processor.py:830} INFO - Processing file /home/airflow/.local/lib/python3.12/site-packages/airflow/example_dags/example_short_circuit_decorator.py for tasks to queue
[2024-06-09T11:19:03.936+0000] {logging_mixin.py:188} INFO - [2024-06-09T11:19:03.936+0000] {dagbag.py:545} INFO - Filling up the DagBag from /home/airflow/.local/lib/python3.12/site-packages/airflow/example_dags/example_short_circuit_decorator.py
[2024-06-09T11:19:03.950+0000] {processor.py:840} INFO - DAG(s) 'example_short_circuit_decorator' retrieved from /home/airflow/.local/lib/python3.12/site-packages/airflow/example_dags/example_short_circuit_decorator.py
[2024-06-09T11:19:03.984+0000] {logging_mixin.py:188} INFO - [2024-06-09T11:19:03.984+0000] {dag.py:3096} INFO - Sync 1 DAGs
[2024-06-09T11:19:04.012+0000] {logging_mixin.py:188} INFO - [2024-06-09T11:19:04.012+0000] {dag.py:3954} INFO - Setting next_dagrun for example_short_circuit_decorator to 2024-06-08 00:00:00+00:00, run_after=2024-06-09 00:00:00+00:00
[2024-06-09T11:19:04.038+0000] {processor.py:183} INFO - Processing /home/airflow/.local/lib/python3.12/site-packages/airflow/example_dags/example_short_circuit_decorator.py took 0.113 seconds
[2024-06-09T12:14:48.548+0000] {processor.py:161} INFO - Started process (PID=65618) to work on /home/airflow/.local/lib/python3.12/site-packages/airflow/example_dags/example_short_circuit_decorator.py
[2024-06-09T12:14:48.549+0000] {processor.py:830} INFO - Processing file /home/airflow/.local/lib/python3.12/site-packages/airflow/example_dags/example_short_circuit_decorator.py for tasks to queue
[2024-06-09T12:14:48.551+0000] {logging_mixin.py:188} INFO - [2024-06-09T12:14:48.550+0000] {dagbag.py:545} INFO - Filling up the DagBag from /home/airflow/.local/lib/python3.12/site-packages/airflow/example_dags/example_short_circuit_decorator.py
[2024-06-09T12:14:48.564+0000] {processor.py:840} INFO - DAG(s) 'example_short_circuit_decorator' retrieved from /home/airflow/.local/lib/python3.12/site-packages/airflow/example_dags/example_short_circuit_decorator.py
[2024-06-09T12:14:48.597+0000] {logging_mixin.py:188} INFO - [2024-06-09T12:14:48.597+0000] {dag.py:3096} INFO - Sync 1 DAGs
[2024-06-09T12:14:48.627+0000] {logging_mixin.py:188} INFO - [2024-06-09T12:14:48.627+0000] {dag.py:3954} INFO - Setting next_dagrun for example_short_circuit_decorator to 2024-06-08 00:00:00+00:00, run_after=2024-06-09 00:00:00+00:00
[2024-06-09T12:14:48.652+0000] {processor.py:183} INFO - Processing /home/airflow/.local/lib/python3.12/site-packages/airflow/example_dags/example_short_circuit_decorator.py took 0.112 seconds
[2024-06-09T13:15:46.604+0000] {processor.py:161} INFO - Started process (PID=65678) to work on /home/airflow/.local/lib/python3.12/site-packages/airflow/example_dags/example_short_circuit_decorator.py
[2024-06-09T13:15:46.606+0000] {processor.py:830} INFO - Processing file /home/airflow/.local/lib/python3.12/site-packages/airflow/example_dags/example_short_circuit_decorator.py for tasks to queue
[2024-06-09T13:15:46.608+0000] {logging_mixin.py:188} INFO - [2024-06-09T13:15:46.607+0000] {dagbag.py:545} INFO - Filling up the DagBag from /home/airflow/.local/lib/python3.12/site-packages/airflow/example_dags/example_short_circuit_decorator.py
[2024-06-09T13:15:46.623+0000] {processor.py:840} INFO - DAG(s) 'example_short_circuit_decorator' retrieved from /home/airflow/.local/lib/python3.12/site-packages/airflow/example_dags/example_short_circuit_decorator.py
[2024-06-09T13:15:46.661+0000] {logging_mixin.py:188} INFO - [2024-06-09T13:15:46.661+0000] {dag.py:3096} INFO - Sync 1 DAGs
[2024-06-09T13:15:46.699+0000] {logging_mixin.py:188} INFO - [2024-06-09T13:15:46.698+0000] {dag.py:3954} INFO - Setting next_dagrun for example_short_circuit_decorator to 2024-06-08 00:00:00+00:00, run_after=2024-06-09 00:00:00+00:00
[2024-06-09T13:15:46.728+0000] {processor.py:183} INFO - Processing /home/airflow/.local/lib/python3.12/site-packages/airflow/example_dags/example_short_circuit_decorator.py took 0.133 seconds
[2024-06-09T13:16:17.077+0000] {processor.py:161} INFO - Started process (PID=65738) to work on /home/airflow/.local/lib/python3.12/site-packages/airflow/example_dags/example_short_circuit_decorator.py
[2024-06-09T13:16:17.079+0000] {processor.py:830} INFO - Processing file /home/airflow/.local/lib/python3.12/site-packages/airflow/example_dags/example_short_circuit_decorator.py for tasks to queue
[2024-06-09T13:16:17.080+0000] {logging_mixin.py:188} INFO - [2024-06-09T13:16:17.079+0000] {dagbag.py:545} INFO - Filling up the DagBag from /home/airflow/.local/lib/python3.12/site-packages/airflow/example_dags/example_short_circuit_decorator.py
[2024-06-09T13:16:17.092+0000] {processor.py:840} INFO - DAG(s) 'example_short_circuit_decorator' retrieved from /home/airflow/.local/lib/python3.12/site-packages/airflow/example_dags/example_short_circuit_decorator.py
[2024-06-09T13:16:17.122+0000] {logging_mixin.py:188} INFO - [2024-06-09T13:16:17.122+0000] {dag.py:3096} INFO - Sync 1 DAGs
[2024-06-09T13:16:17.159+0000] {logging_mixin.py:188} INFO - [2024-06-09T13:16:17.159+0000] {dag.py:3954} INFO - Setting next_dagrun for example_short_circuit_decorator to 2024-06-08 00:00:00+00:00, run_after=2024-06-09 00:00:00+00:00
[2024-06-09T13:16:17.185+0000] {processor.py:183} INFO - Processing /home/airflow/.local/lib/python3.12/site-packages/airflow/example_dags/example_short_circuit_decorator.py took 0.115 seconds
[2024-06-09T14:17:11.492+0000] {processor.py:161} INFO - Started process (PID=65798) to work on /home/airflow/.local/lib/python3.12/site-packages/airflow/example_dags/example_short_circuit_decorator.py
[2024-06-09T14:17:11.494+0000] {processor.py:830} INFO - Processing file /home/airflow/.local/lib/python3.12/site-packages/airflow/example_dags/example_short_circuit_decorator.py for tasks to queue
[2024-06-09T14:17:11.495+0000] {logging_mixin.py:188} INFO - [2024-06-09T14:17:11.495+0000] {dagbag.py:545} INFO - Filling up the DagBag from /home/airflow/.local/lib/python3.12/site-packages/airflow/example_dags/example_short_circuit_decorator.py
[2024-06-09T14:17:11.508+0000] {processor.py:840} INFO - DAG(s) 'example_short_circuit_decorator' retrieved from /home/airflow/.local/lib/python3.12/site-packages/airflow/example_dags/example_short_circuit_decorator.py
[2024-06-09T14:17:11.537+0000] {logging_mixin.py:188} INFO - [2024-06-09T14:17:11.537+0000] {dag.py:3096} INFO - Sync 1 DAGs
[2024-06-09T14:17:11.567+0000] {logging_mixin.py:188} INFO - [2024-06-09T14:17:11.567+0000] {dag.py:3954} INFO - Setting next_dagrun for example_short_circuit_decorator to 2024-06-08 00:00:00+00:00, run_after=2024-06-09 00:00:00+00:00
[2024-06-09T14:17:11.593+0000] {processor.py:183} INFO - Processing /home/airflow/.local/lib/python3.12/site-packages/airflow/example_dags/example_short_circuit_decorator.py took 0.109 seconds
[2024-06-09T15:18:10.591+0000] {processor.py:161} INFO - Started process (PID=65858) to work on /home/airflow/.local/lib/python3.12/site-packages/airflow/example_dags/example_short_circuit_decorator.py
[2024-06-09T15:18:10.592+0000] {processor.py:830} INFO - Processing file /home/airflow/.local/lib/python3.12/site-packages/airflow/example_dags/example_short_circuit_decorator.py for tasks to queue
[2024-06-09T15:18:10.594+0000] {logging_mixin.py:188} INFO - [2024-06-09T15:18:10.593+0000] {dagbag.py:545} INFO - Filling up the DagBag from /home/airflow/.local/lib/python3.12/site-packages/airflow/example_dags/example_short_circuit_decorator.py
[2024-06-09T15:18:10.607+0000] {processor.py:840} INFO - DAG(s) 'example_short_circuit_decorator' retrieved from /home/airflow/.local/lib/python3.12/site-packages/airflow/example_dags/example_short_circuit_decorator.py
[2024-06-09T15:18:10.638+0000] {logging_mixin.py:188} INFO - [2024-06-09T15:18:10.638+0000] {dag.py:3096} INFO - Sync 1 DAGs
[2024-06-09T15:18:10.667+0000] {logging_mixin.py:188} INFO - [2024-06-09T15:18:10.667+0000] {dag.py:3954} INFO - Setting next_dagrun for example_short_circuit_decorator to 2024-06-08 00:00:00+00:00, run_after=2024-06-09 00:00:00+00:00
[2024-06-09T15:18:10.691+0000] {processor.py:183} INFO - Processing /home/airflow/.local/lib/python3.12/site-packages/airflow/example_dags/example_short_circuit_decorator.py took 0.109 seconds
[2024-06-09T15:18:44.223+0000] {processor.py:161} INFO - Started process (PID=65918) to work on /home/airflow/.local/lib/python3.12/site-packages/airflow/example_dags/example_short_circuit_decorator.py
[2024-06-09T15:18:44.227+0000] {processor.py:830} INFO - Processing file /home/airflow/.local/lib/python3.12/site-packages/airflow/example_dags/example_short_circuit_decorator.py for tasks to queue
[2024-06-09T15:18:44.230+0000] {logging_mixin.py:188} INFO - [2024-06-09T15:18:44.229+0000] {dagbag.py:545} INFO - Filling up the DagBag from /home/airflow/.local/lib/python3.12/site-packages/airflow/example_dags/example_short_circuit_decorator.py
[2024-06-09T15:18:44.251+0000] {processor.py:840} INFO - DAG(s) 'example_short_circuit_decorator' retrieved from /home/airflow/.local/lib/python3.12/site-packages/airflow/example_dags/example_short_circuit_decorator.py
[2024-06-09T15:18:44.298+0000] {logging_mixin.py:188} INFO - [2024-06-09T15:18:44.297+0000] {dag.py:3096} INFO - Sync 1 DAGs
[2024-06-09T15:18:44.347+0000] {logging_mixin.py:188} INFO - [2024-06-09T15:18:44.347+0000] {dag.py:3954} INFO - Setting next_dagrun for example_short_circuit_decorator to 2024-06-08 00:00:00+00:00, run_after=2024-06-09 00:00:00+00:00
[2024-06-09T15:18:44.385+0000] {processor.py:183} INFO - Processing /home/airflow/.local/lib/python3.12/site-packages/airflow/example_dags/example_short_circuit_decorator.py took 0.174 seconds
[2024-06-09T16:19:37.226+0000] {processor.py:161} INFO - Started process (PID=65972) to work on /home/airflow/.local/lib/python3.12/site-packages/airflow/example_dags/example_short_circuit_decorator.py
[2024-06-09T16:19:37.227+0000] {processor.py:830} INFO - Processing file /home/airflow/.local/lib/python3.12/site-packages/airflow/example_dags/example_short_circuit_decorator.py for tasks to queue
[2024-06-09T16:19:37.229+0000] {logging_mixin.py:188} INFO - [2024-06-09T16:19:37.228+0000] {dagbag.py:545} INFO - Filling up the DagBag from /home/airflow/.local/lib/python3.12/site-packages/airflow/example_dags/example_short_circuit_decorator.py
[2024-06-09T16:19:37.241+0000] {processor.py:840} INFO - DAG(s) 'example_short_circuit_decorator' retrieved from /home/airflow/.local/lib/python3.12/site-packages/airflow/example_dags/example_short_circuit_decorator.py
[2024-06-09T16:19:37.272+0000] {logging_mixin.py:188} INFO - [2024-06-09T16:19:37.271+0000] {dag.py:3096} INFO - Sync 1 DAGs
[2024-06-09T16:19:37.302+0000] {logging_mixin.py:188} INFO - [2024-06-09T16:19:37.302+0000] {dag.py:3954} INFO - Setting next_dagrun for example_short_circuit_decorator to 2024-06-08 00:00:00+00:00, run_after=2024-06-09 00:00:00+00:00
[2024-06-09T16:19:37.327+0000] {processor.py:183} INFO - Processing /home/airflow/.local/lib/python3.12/site-packages/airflow/example_dags/example_short_circuit_decorator.py took 0.109 seconds
[2024-06-09T16:31:35.298+0000] {processor.py:161} INFO - Started process (PID=66038) to work on /home/airflow/.local/lib/python3.12/site-packages/airflow/example_dags/example_short_circuit_decorator.py
[2024-06-09T16:31:35.301+0000] {processor.py:830} INFO - Processing file /home/airflow/.local/lib/python3.12/site-packages/airflow/example_dags/example_short_circuit_decorator.py for tasks to queue
[2024-06-09T16:31:35.304+0000] {logging_mixin.py:188} INFO - [2024-06-09T16:31:35.304+0000] {dagbag.py:545} INFO - Filling up the DagBag from /home/airflow/.local/lib/python3.12/site-packages/airflow/example_dags/example_short_circuit_decorator.py
[2024-06-09T16:31:35.316+0000] {processor.py:840} INFO - DAG(s) 'example_short_circuit_decorator' retrieved from /home/airflow/.local/lib/python3.12/site-packages/airflow/example_dags/example_short_circuit_decorator.py
[2024-06-09T16:31:35.352+0000] {logging_mixin.py:188} INFO - [2024-06-09T16:31:35.352+0000] {dag.py:3096} INFO - Sync 1 DAGs
[2024-06-09T16:31:35.386+0000] {logging_mixin.py:188} INFO - [2024-06-09T16:31:35.386+0000] {dag.py:3954} INFO - Setting next_dagrun for example_short_circuit_decorator to 2024-06-08 00:00:00+00:00, run_after=2024-06-09 00:00:00+00:00
[2024-06-09T16:31:35.411+0000] {processor.py:183} INFO - Processing /home/airflow/.local/lib/python3.12/site-packages/airflow/example_dags/example_short_circuit_decorator.py took 0.121 seconds
[2024-06-09T18:21:13.423+0000] {processor.py:161} INFO - Started process (PID=66103) to work on /home/airflow/.local/lib/python3.12/site-packages/airflow/example_dags/example_short_circuit_decorator.py
[2024-06-09T18:21:13.425+0000] {processor.py:830} INFO - Processing file /home/airflow/.local/lib/python3.12/site-packages/airflow/example_dags/example_short_circuit_decorator.py for tasks to queue
[2024-06-09T18:21:13.426+0000] {logging_mixin.py:188} INFO - [2024-06-09T18:21:13.426+0000] {dagbag.py:545} INFO - Filling up the DagBag from /home/airflow/.local/lib/python3.12/site-packages/airflow/example_dags/example_short_circuit_decorator.py
[2024-06-09T18:21:13.444+0000] {processor.py:840} INFO - DAG(s) 'example_short_circuit_decorator' retrieved from /home/airflow/.local/lib/python3.12/site-packages/airflow/example_dags/example_short_circuit_decorator.py
[2024-06-09T18:21:13.488+0000] {logging_mixin.py:188} INFO - [2024-06-09T18:21:13.488+0000] {dag.py:3096} INFO - Sync 1 DAGs
[2024-06-09T18:21:13.528+0000] {logging_mixin.py:188} INFO - [2024-06-09T18:21:13.528+0000] {dag.py:3954} INFO - Setting next_dagrun for example_short_circuit_decorator to 2024-06-08 00:00:00+00:00, run_after=2024-06-09 00:00:00+00:00
[2024-06-09T18:21:13.562+0000] {processor.py:183} INFO - Processing /home/airflow/.local/lib/python3.12/site-packages/airflow/example_dags/example_short_circuit_decorator.py took 0.153 seconds
[2024-06-09T19:22:10.836+0000] {processor.py:161} INFO - Started process (PID=66142) to work on /home/airflow/.local/lib/python3.12/site-packages/airflow/example_dags/example_short_circuit_decorator.py
[2024-06-09T19:22:10.838+0000] {processor.py:830} INFO - Processing file /home/airflow/.local/lib/python3.12/site-packages/airflow/example_dags/example_short_circuit_decorator.py for tasks to queue
[2024-06-09T19:22:10.839+0000] {logging_mixin.py:188} INFO - [2024-06-09T19:22:10.839+0000] {dagbag.py:545} INFO - Filling up the DagBag from /home/airflow/.local/lib/python3.12/site-packages/airflow/example_dags/example_short_circuit_decorator.py
[2024-06-09T19:22:10.855+0000] {processor.py:840} INFO - DAG(s) 'example_short_circuit_decorator' retrieved from /home/airflow/.local/lib/python3.12/site-packages/airflow/example_dags/example_short_circuit_decorator.py
[2024-06-09T19:22:10.942+0000] {logging_mixin.py:188} INFO - [2024-06-09T19:22:10.941+0000] {dag.py:3096} INFO - Sync 1 DAGs
[2024-06-09T19:22:10.990+0000] {logging_mixin.py:188} INFO - [2024-06-09T19:22:10.989+0000] {dag.py:3954} INFO - Setting next_dagrun for example_short_circuit_decorator to 2024-06-08 00:00:00+00:00, run_after=2024-06-09 00:00:00+00:00
[2024-06-09T19:22:11.034+0000] {processor.py:183} INFO - Processing /home/airflow/.local/lib/python3.12/site-packages/airflow/example_dags/example_short_circuit_decorator.py took 0.209 seconds
[2024-06-09T19:31:25.440+0000] {processor.py:161} INFO - Started process (PID=66202) to work on /home/airflow/.local/lib/python3.12/site-packages/airflow/example_dags/example_short_circuit_decorator.py
[2024-06-09T19:31:25.443+0000] {processor.py:830} INFO - Processing file /home/airflow/.local/lib/python3.12/site-packages/airflow/example_dags/example_short_circuit_decorator.py for tasks to queue
[2024-06-09T19:31:25.445+0000] {logging_mixin.py:188} INFO - [2024-06-09T19:31:25.444+0000] {dagbag.py:545} INFO - Filling up the DagBag from /home/airflow/.local/lib/python3.12/site-packages/airflow/example_dags/example_short_circuit_decorator.py
[2024-06-09T19:31:25.461+0000] {processor.py:840} INFO - DAG(s) 'example_short_circuit_decorator' retrieved from /home/airflow/.local/lib/python3.12/site-packages/airflow/example_dags/example_short_circuit_decorator.py
[2024-06-09T19:31:25.517+0000] {logging_mixin.py:188} INFO - [2024-06-09T19:31:25.516+0000] {dag.py:3096} INFO - Sync 1 DAGs
[2024-06-09T19:31:25.558+0000] {logging_mixin.py:188} INFO - [2024-06-09T19:31:25.557+0000] {dag.py:3954} INFO - Setting next_dagrun for example_short_circuit_decorator to 2024-06-08 00:00:00+00:00, run_after=2024-06-09 00:00:00+00:00
[2024-06-09T19:31:25.591+0000] {processor.py:183} INFO - Processing /home/airflow/.local/lib/python3.12/site-packages/airflow/example_dags/example_short_circuit_decorator.py took 0.162 seconds
[2024-06-09T19:32:01.113+0000] {processor.py:161} INFO - Started process (PID=66261) to work on /home/airflow/.local/lib/python3.12/site-packages/airflow/example_dags/example_short_circuit_decorator.py
[2024-06-09T19:32:01.133+0000] {processor.py:830} INFO - Processing file /home/airflow/.local/lib/python3.12/site-packages/airflow/example_dags/example_short_circuit_decorator.py for tasks to queue
[2024-06-09T19:32:01.175+0000] {logging_mixin.py:188} INFO - [2024-06-09T19:32:01.164+0000] {dagbag.py:545} INFO - Filling up the DagBag from /home/airflow/.local/lib/python3.12/site-packages/airflow/example_dags/example_short_circuit_decorator.py
[2024-06-09T19:32:01.392+0000] {processor.py:840} INFO - DAG(s) 'example_short_circuit_decorator' retrieved from /home/airflow/.local/lib/python3.12/site-packages/airflow/example_dags/example_short_circuit_decorator.py
[2024-06-09T19:32:01.982+0000] {logging_mixin.py:188} INFO - [2024-06-09T19:32:01.979+0000] {dag.py:3096} INFO - Sync 1 DAGs
[2024-06-09T19:32:02.476+0000] {logging_mixin.py:188} INFO - [2024-06-09T19:32:02.472+0000] {dag.py:3954} INFO - Setting next_dagrun for example_short_circuit_decorator to 2024-06-08 00:00:00+00:00, run_after=2024-06-09 00:00:00+00:00
[2024-06-09T19:32:02.938+0000] {processor.py:183} INFO - Processing /home/airflow/.local/lib/python3.12/site-packages/airflow/example_dags/example_short_circuit_decorator.py took 1.989 seconds
[2024-06-09T20:23:12.060+0000] {processor.py:161} INFO - Started process (PID=66281) to work on /home/airflow/.local/lib/python3.12/site-packages/airflow/example_dags/example_short_circuit_decorator.py
[2024-06-09T20:23:12.062+0000] {processor.py:830} INFO - Processing file /home/airflow/.local/lib/python3.12/site-packages/airflow/example_dags/example_short_circuit_decorator.py for tasks to queue
[2024-06-09T20:23:12.064+0000] {logging_mixin.py:188} INFO - [2024-06-09T20:23:12.063+0000] {dagbag.py:545} INFO - Filling up the DagBag from /home/airflow/.local/lib/python3.12/site-packages/airflow/example_dags/example_short_circuit_decorator.py
[2024-06-09T20:23:12.079+0000] {processor.py:840} INFO - DAG(s) 'example_short_circuit_decorator' retrieved from /home/airflow/.local/lib/python3.12/site-packages/airflow/example_dags/example_short_circuit_decorator.py
[2024-06-09T20:23:12.126+0000] {logging_mixin.py:188} INFO - [2024-06-09T20:23:12.125+0000] {dag.py:3096} INFO - Sync 1 DAGs
[2024-06-09T20:23:12.166+0000] {logging_mixin.py:188} INFO - [2024-06-09T20:23:12.166+0000] {dag.py:3954} INFO - Setting next_dagrun for example_short_circuit_decorator to 2024-06-08 00:00:00+00:00, run_after=2024-06-09 00:00:00+00:00
[2024-06-09T20:23:12.200+0000] {processor.py:183} INFO - Processing /home/airflow/.local/lib/python3.12/site-packages/airflow/example_dags/example_short_circuit_decorator.py took 0.151 seconds
