[2024-06-09T03:05:36.570+0000] {processor.py:161} INFO - Started process (PID=64875) to work on /home/airflow/.local/lib/python3.12/site-packages/airflow/example_dags/example_params_trigger_ui.py
[2024-06-09T03:05:36.571+0000] {processor.py:830} INFO - Processing file /home/airflow/.local/lib/python3.12/site-packages/airflow/example_dags/example_params_trigger_ui.py for tasks to queue
[2024-06-09T03:05:36.573+0000] {logging_mixin.py:188} INFO - [2024-06-09T03:05:36.573+0000] {dagbag.py:545} INFO - Filling up the DagBag from /home/airflow/.local/lib/python3.12/site-packages/airflow/example_dags/example_params_trigger_ui.py
[2024-06-09T03:05:36.592+0000] {processor.py:840} INFO - DAG(s) 'example_params_trigger_ui' retrieved from /home/airflow/.local/lib/python3.12/site-packages/airflow/example_dags/example_params_trigger_ui.py
[2024-06-09T03:05:36.660+0000] {logging_mixin.py:188} INFO - [2024-06-09T03:05:36.660+0000] {dag.py:3096} INFO - Sync 1 DAGs
[2024-06-09T03:05:36.678+0000] {logging_mixin.py:188} INFO - [2024-06-09T03:05:36.678+0000] {dag.py:3954} INFO - Setting next_dagrun for example_params_trigger_ui to None, run_after=None
[2024-06-09T03:05:36.702+0000] {processor.py:183} INFO - Processing /home/airflow/.local/lib/python3.12/site-packages/airflow/example_dags/example_params_trigger_ui.py took 0.140 seconds
[2024-06-09T04:06:38.836+0000] {processor.py:161} INFO - Started process (PID=64935) to work on /home/airflow/.local/lib/python3.12/site-packages/airflow/example_dags/example_params_trigger_ui.py
[2024-06-09T04:06:38.838+0000] {processor.py:830} INFO - Processing file /home/airflow/.local/lib/python3.12/site-packages/airflow/example_dags/example_params_trigger_ui.py for tasks to queue
[2024-06-09T04:06:38.840+0000] {logging_mixin.py:188} INFO - [2024-06-09T04:06:38.839+0000] {dagbag.py:545} INFO - Filling up the DagBag from /home/airflow/.local/lib/python3.12/site-packages/airflow/example_dags/example_params_trigger_ui.py
[2024-06-09T04:06:38.868+0000] {processor.py:840} INFO - DAG(s) 'example_params_trigger_ui' retrieved from /home/airflow/.local/lib/python3.12/site-packages/airflow/example_dags/example_params_trigger_ui.py
[2024-06-09T04:06:38.975+0000] {logging_mixin.py:188} INFO - [2024-06-09T04:06:38.975+0000] {dag.py:3096} INFO - Sync 1 DAGs
[2024-06-09T04:06:39.021+0000] {logging_mixin.py:188} INFO - [2024-06-09T04:06:39.021+0000] {dag.py:3954} INFO - Setting next_dagrun for example_params_trigger_ui to None, run_after=None
[2024-06-09T04:06:39.065+0000] {processor.py:183} INFO - Processing /home/airflow/.local/lib/python3.12/site-packages/airflow/example_dags/example_params_trigger_ui.py took 0.238 seconds
[2024-06-09T04:07:09.865+0000] {processor.py:161} INFO - Started process (PID=64995) to work on /home/airflow/.local/lib/python3.12/site-packages/airflow/example_dags/example_params_trigger_ui.py
[2024-06-09T04:07:09.866+0000] {processor.py:830} INFO - Processing file /home/airflow/.local/lib/python3.12/site-packages/airflow/example_dags/example_params_trigger_ui.py for tasks to queue
[2024-06-09T04:07:09.868+0000] {logging_mixin.py:188} INFO - [2024-06-09T04:07:09.867+0000] {dagbag.py:545} INFO - Filling up the DagBag from /home/airflow/.local/lib/python3.12/site-packages/airflow/example_dags/example_params_trigger_ui.py
[2024-06-09T04:07:09.887+0000] {processor.py:840} INFO - DAG(s) 'example_params_trigger_ui' retrieved from /home/airflow/.local/lib/python3.12/site-packages/airflow/example_dags/example_params_trigger_ui.py
[2024-06-09T04:07:09.948+0000] {logging_mixin.py:188} INFO - [2024-06-09T04:07:09.947+0000] {dag.py:3096} INFO - Sync 1 DAGs
[2024-06-09T04:07:09.975+0000] {logging_mixin.py:188} INFO - [2024-06-09T04:07:09.974+0000] {dag.py:3954} INFO - Setting next_dagrun for example_params_trigger_ui to None, run_after=None
[2024-06-09T04:07:10.010+0000] {processor.py:183} INFO - Processing /home/airflow/.local/lib/python3.12/site-packages/airflow/example_dags/example_params_trigger_ui.py took 0.154 seconds
[2024-06-09T06:07:55.731+0000] {processor.py:161} INFO - Started process (PID=65055) to work on /home/airflow/.local/lib/python3.12/site-packages/airflow/example_dags/example_params_trigger_ui.py
[2024-06-09T06:07:55.733+0000] {processor.py:830} INFO - Processing file /home/airflow/.local/lib/python3.12/site-packages/airflow/example_dags/example_params_trigger_ui.py for tasks to queue
[2024-06-09T06:07:55.735+0000] {logging_mixin.py:188} INFO - [2024-06-09T06:07:55.734+0000] {dagbag.py:545} INFO - Filling up the DagBag from /home/airflow/.local/lib/python3.12/site-packages/airflow/example_dags/example_params_trigger_ui.py
[2024-06-09T06:07:55.753+0000] {processor.py:840} INFO - DAG(s) 'example_params_trigger_ui' retrieved from /home/airflow/.local/lib/python3.12/site-packages/airflow/example_dags/example_params_trigger_ui.py
[2024-06-09T06:07:55.814+0000] {logging_mixin.py:188} INFO - [2024-06-09T06:07:55.814+0000] {dag.py:3096} INFO - Sync 1 DAGs
[2024-06-09T06:07:55.830+0000] {logging_mixin.py:188} INFO - [2024-06-09T06:07:55.830+0000] {dag.py:3954} INFO - Setting next_dagrun for example_params_trigger_ui to None, run_after=None
[2024-06-09T06:07:55.853+0000] {processor.py:183} INFO - Processing /home/airflow/.local/lib/python3.12/site-packages/airflow/example_dags/example_params_trigger_ui.py took 0.130 seconds
[2024-06-09T06:08:36.468+0000] {processor.py:161} INFO - Started process (PID=65115) to work on /home/airflow/.local/lib/python3.12/site-packages/airflow/example_dags/example_params_trigger_ui.py
[2024-06-09T06:08:36.470+0000] {processor.py:830} INFO - Processing file /home/airflow/.local/lib/python3.12/site-packages/airflow/example_dags/example_params_trigger_ui.py for tasks to queue
[2024-06-09T06:08:36.479+0000] {logging_mixin.py:188} INFO - [2024-06-09T06:08:36.477+0000] {dagbag.py:545} INFO - Filling up the DagBag from /home/airflow/.local/lib/python3.12/site-packages/airflow/example_dags/example_params_trigger_ui.py
[2024-06-09T06:08:36.515+0000] {processor.py:840} INFO - DAG(s) 'example_params_trigger_ui' retrieved from /home/airflow/.local/lib/python3.12/site-packages/airflow/example_dags/example_params_trigger_ui.py
[2024-06-09T06:08:36.621+0000] {logging_mixin.py:188} INFO - [2024-06-09T06:08:36.621+0000] {dag.py:3096} INFO - Sync 1 DAGs
[2024-06-09T06:08:36.642+0000] {logging_mixin.py:188} INFO - [2024-06-09T06:08:36.642+0000] {dag.py:3954} INFO - Setting next_dagrun for example_params_trigger_ui to None, run_after=None
[2024-06-09T06:08:36.670+0000] {processor.py:183} INFO - Processing /home/airflow/.local/lib/python3.12/site-packages/airflow/example_dags/example_params_trigger_ui.py took 0.215 seconds
[2024-06-09T07:09:20.645+0000] {processor.py:161} INFO - Started process (PID=65169) to work on /home/airflow/.local/lib/python3.12/site-packages/airflow/example_dags/example_params_trigger_ui.py
[2024-06-09T07:09:20.647+0000] {processor.py:830} INFO - Processing file /home/airflow/.local/lib/python3.12/site-packages/airflow/example_dags/example_params_trigger_ui.py for tasks to queue
[2024-06-09T07:09:20.648+0000] {logging_mixin.py:188} INFO - [2024-06-09T07:09:20.648+0000] {dagbag.py:545} INFO - Filling up the DagBag from /home/airflow/.local/lib/python3.12/site-packages/airflow/example_dags/example_params_trigger_ui.py
[2024-06-09T07:09:20.667+0000] {processor.py:840} INFO - DAG(s) 'example_params_trigger_ui' retrieved from /home/airflow/.local/lib/python3.12/site-packages/airflow/example_dags/example_params_trigger_ui.py
[2024-06-09T07:09:20.725+0000] {logging_mixin.py:188} INFO - [2024-06-09T07:09:20.725+0000] {dag.py:3096} INFO - Sync 1 DAGs
[2024-06-09T07:09:20.741+0000] {logging_mixin.py:188} INFO - [2024-06-09T07:09:20.741+0000] {dag.py:3954} INFO - Setting next_dagrun for example_params_trigger_ui to None, run_after=None
[2024-06-09T07:09:20.766+0000] {processor.py:183} INFO - Processing /home/airflow/.local/lib/python3.12/site-packages/airflow/example_dags/example_params_trigger_ui.py took 0.127 seconds
[2024-06-09T08:10:20.225+0000] {processor.py:161} INFO - Started process (PID=65229) to work on /home/airflow/.local/lib/python3.12/site-packages/airflow/example_dags/example_params_trigger_ui.py
[2024-06-09T08:10:20.228+0000] {processor.py:830} INFO - Processing file /home/airflow/.local/lib/python3.12/site-packages/airflow/example_dags/example_params_trigger_ui.py for tasks to queue
[2024-06-09T08:10:20.229+0000] {logging_mixin.py:188} INFO - [2024-06-09T08:10:20.229+0000] {dagbag.py:545} INFO - Filling up the DagBag from /home/airflow/.local/lib/python3.12/site-packages/airflow/example_dags/example_params_trigger_ui.py
[2024-06-09T08:10:20.254+0000] {processor.py:840} INFO - DAG(s) 'example_params_trigger_ui' retrieved from /home/airflow/.local/lib/python3.12/site-packages/airflow/example_dags/example_params_trigger_ui.py
[2024-06-09T08:10:20.321+0000] {logging_mixin.py:188} INFO - [2024-06-09T08:10:20.321+0000] {dag.py:3096} INFO - Sync 1 DAGs
[2024-06-09T08:10:20.339+0000] {logging_mixin.py:188} INFO - [2024-06-09T08:10:20.338+0000] {dag.py:3954} INFO - Setting next_dagrun for example_params_trigger_ui to None, run_after=None
[2024-06-09T08:10:20.368+0000] {processor.py:183} INFO - Processing /home/airflow/.local/lib/python3.12/site-packages/airflow/example_dags/example_params_trigger_ui.py took 0.152 seconds
[2024-06-09T09:11:17.768+0000] {processor.py:161} INFO - Started process (PID=65295) to work on /home/airflow/.local/lib/python3.12/site-packages/airflow/example_dags/example_params_trigger_ui.py
[2024-06-09T09:11:17.770+0000] {processor.py:830} INFO - Processing file /home/airflow/.local/lib/python3.12/site-packages/airflow/example_dags/example_params_trigger_ui.py for tasks to queue
[2024-06-09T09:11:17.771+0000] {logging_mixin.py:188} INFO - [2024-06-09T09:11:17.771+0000] {dagbag.py:545} INFO - Filling up the DagBag from /home/airflow/.local/lib/python3.12/site-packages/airflow/example_dags/example_params_trigger_ui.py
[2024-06-09T09:11:17.795+0000] {processor.py:840} INFO - DAG(s) 'example_params_trigger_ui' retrieved from /home/airflow/.local/lib/python3.12/site-packages/airflow/example_dags/example_params_trigger_ui.py
[2024-06-09T09:11:17.873+0000] {logging_mixin.py:188} INFO - [2024-06-09T09:11:17.872+0000] {dag.py:3096} INFO - Sync 1 DAGs
[2024-06-09T09:11:17.896+0000] {logging_mixin.py:188} INFO - [2024-06-09T09:11:17.896+0000] {dag.py:3954} INFO - Setting next_dagrun for example_params_trigger_ui to None, run_after=None
[2024-06-09T09:11:17.921+0000] {processor.py:183} INFO - Processing /home/airflow/.local/lib/python3.12/site-packages/airflow/example_dags/example_params_trigger_ui.py took 0.162 seconds
[2024-06-09T09:11:56.635+0000] {processor.py:161} INFO - Started process (PID=65355) to work on /home/airflow/.local/lib/python3.12/site-packages/airflow/example_dags/example_params_trigger_ui.py
[2024-06-09T09:11:56.637+0000] {processor.py:830} INFO - Processing file /home/airflow/.local/lib/python3.12/site-packages/airflow/example_dags/example_params_trigger_ui.py for tasks to queue
[2024-06-09T09:11:56.639+0000] {logging_mixin.py:188} INFO - [2024-06-09T09:11:56.639+0000] {dagbag.py:545} INFO - Filling up the DagBag from /home/airflow/.local/lib/python3.12/site-packages/airflow/example_dags/example_params_trigger_ui.py
[2024-06-09T09:11:56.675+0000] {processor.py:840} INFO - DAG(s) 'example_params_trigger_ui' retrieved from /home/airflow/.local/lib/python3.12/site-packages/airflow/example_dags/example_params_trigger_ui.py
[2024-06-09T09:11:56.803+0000] {logging_mixin.py:188} INFO - [2024-06-09T09:11:56.803+0000] {dag.py:3096} INFO - Sync 1 DAGs
[2024-06-09T09:11:56.835+0000] {logging_mixin.py:188} INFO - [2024-06-09T09:11:56.834+0000] {dag.py:3954} INFO - Setting next_dagrun for example_params_trigger_ui to None, run_after=None
[2024-06-09T09:11:56.876+0000] {processor.py:183} INFO - Processing /home/airflow/.local/lib/python3.12/site-packages/airflow/example_dags/example_params_trigger_ui.py took 0.252 seconds
[2024-06-09T10:12:47.784+0000] {processor.py:161} INFO - Started process (PID=65415) to work on /home/airflow/.local/lib/python3.12/site-packages/airflow/example_dags/example_params_trigger_ui.py
[2024-06-09T10:12:47.786+0000] {processor.py:830} INFO - Processing file /home/airflow/.local/lib/python3.12/site-packages/airflow/example_dags/example_params_trigger_ui.py for tasks to queue
[2024-06-09T10:12:47.788+0000] {logging_mixin.py:188} INFO - [2024-06-09T10:12:47.787+0000] {dagbag.py:545} INFO - Filling up the DagBag from /home/airflow/.local/lib/python3.12/site-packages/airflow/example_dags/example_params_trigger_ui.py
[2024-06-09T10:12:47.814+0000] {processor.py:840} INFO - DAG(s) 'example_params_trigger_ui' retrieved from /home/airflow/.local/lib/python3.12/site-packages/airflow/example_dags/example_params_trigger_ui.py
[2024-06-09T10:12:47.888+0000] {logging_mixin.py:188} INFO - [2024-06-09T10:12:47.888+0000] {dag.py:3096} INFO - Sync 1 DAGs
[2024-06-09T10:12:47.905+0000] {logging_mixin.py:188} INFO - [2024-06-09T10:12:47.905+0000] {dag.py:3954} INFO - Setting next_dagrun for example_params_trigger_ui to None, run_after=None
[2024-06-09T10:12:47.928+0000] {processor.py:183} INFO - Processing /home/airflow/.local/lib/python3.12/site-packages/airflow/example_dags/example_params_trigger_ui.py took 0.156 seconds
[2024-06-09T11:13:45.194+0000] {processor.py:161} INFO - Started process (PID=65475) to work on /home/airflow/.local/lib/python3.12/site-packages/airflow/example_dags/example_params_trigger_ui.py
[2024-06-09T11:13:45.196+0000] {processor.py:830} INFO - Processing file /home/airflow/.local/lib/python3.12/site-packages/airflow/example_dags/example_params_trigger_ui.py for tasks to queue
[2024-06-09T11:13:45.197+0000] {logging_mixin.py:188} INFO - [2024-06-09T11:13:45.197+0000] {dagbag.py:545} INFO - Filling up the DagBag from /home/airflow/.local/lib/python3.12/site-packages/airflow/example_dags/example_params_trigger_ui.py
[2024-06-09T11:13:45.216+0000] {processor.py:840} INFO - DAG(s) 'example_params_trigger_ui' retrieved from /home/airflow/.local/lib/python3.12/site-packages/airflow/example_dags/example_params_trigger_ui.py
[2024-06-09T11:13:45.276+0000] {logging_mixin.py:188} INFO - [2024-06-09T11:13:45.276+0000] {dag.py:3096} INFO - Sync 1 DAGs
[2024-06-09T11:13:45.294+0000] {logging_mixin.py:188} INFO - [2024-06-09T11:13:45.293+0000] {dag.py:3954} INFO - Setting next_dagrun for example_params_trigger_ui to None, run_after=None
[2024-06-09T11:13:45.317+0000] {processor.py:183} INFO - Processing /home/airflow/.local/lib/python3.12/site-packages/airflow/example_dags/example_params_trigger_ui.py took 0.130 seconds
[2024-06-09T11:18:35.984+0000] {processor.py:161} INFO - Started process (PID=65534) to work on /home/airflow/.local/lib/python3.12/site-packages/airflow/example_dags/example_params_trigger_ui.py
[2024-06-09T11:18:35.986+0000] {processor.py:830} INFO - Processing file /home/airflow/.local/lib/python3.12/site-packages/airflow/example_dags/example_params_trigger_ui.py for tasks to queue
[2024-06-09T11:18:35.988+0000] {logging_mixin.py:188} INFO - [2024-06-09T11:18:35.987+0000] {dagbag.py:545} INFO - Filling up the DagBag from /home/airflow/.local/lib/python3.12/site-packages/airflow/example_dags/example_params_trigger_ui.py
[2024-06-09T11:18:36.009+0000] {processor.py:840} INFO - DAG(s) 'example_params_trigger_ui' retrieved from /home/airflow/.local/lib/python3.12/site-packages/airflow/example_dags/example_params_trigger_ui.py
[2024-06-09T11:18:36.069+0000] {logging_mixin.py:188} INFO - [2024-06-09T11:18:36.069+0000] {dag.py:3096} INFO - Sync 1 DAGs
[2024-06-09T11:18:36.088+0000] {logging_mixin.py:188} INFO - [2024-06-09T11:18:36.087+0000] {dag.py:3954} INFO - Setting next_dagrun for example_params_trigger_ui to None, run_after=None
[2024-06-09T11:18:36.116+0000] {processor.py:183} INFO - Processing /home/airflow/.local/lib/python3.12/site-packages/airflow/example_dags/example_params_trigger_ui.py took 0.141 seconds
[2024-06-09T11:19:06.160+0000] {processor.py:161} INFO - Started process (PID=65594) to work on /home/airflow/.local/lib/python3.12/site-packages/airflow/example_dags/example_params_trigger_ui.py
[2024-06-09T11:19:06.161+0000] {processor.py:830} INFO - Processing file /home/airflow/.local/lib/python3.12/site-packages/airflow/example_dags/example_params_trigger_ui.py for tasks to queue
[2024-06-09T11:19:06.163+0000] {logging_mixin.py:188} INFO - [2024-06-09T11:19:06.163+0000] {dagbag.py:545} INFO - Filling up the DagBag from /home/airflow/.local/lib/python3.12/site-packages/airflow/example_dags/example_params_trigger_ui.py
[2024-06-09T11:19:06.182+0000] {processor.py:840} INFO - DAG(s) 'example_params_trigger_ui' retrieved from /home/airflow/.local/lib/python3.12/site-packages/airflow/example_dags/example_params_trigger_ui.py
[2024-06-09T11:19:06.241+0000] {logging_mixin.py:188} INFO - [2024-06-09T11:19:06.241+0000] {dag.py:3096} INFO - Sync 1 DAGs
[2024-06-09T11:19:06.258+0000] {logging_mixin.py:188} INFO - [2024-06-09T11:19:06.257+0000] {dag.py:3954} INFO - Setting next_dagrun for example_params_trigger_ui to None, run_after=None
[2024-06-09T11:19:06.282+0000] {processor.py:183} INFO - Processing /home/airflow/.local/lib/python3.12/site-packages/airflow/example_dags/example_params_trigger_ui.py took 0.130 seconds
[2024-06-09T12:14:51.307+0000] {processor.py:161} INFO - Started process (PID=65654) to work on /home/airflow/.local/lib/python3.12/site-packages/airflow/example_dags/example_params_trigger_ui.py
[2024-06-09T12:14:51.309+0000] {processor.py:830} INFO - Processing file /home/airflow/.local/lib/python3.12/site-packages/airflow/example_dags/example_params_trigger_ui.py for tasks to queue
[2024-06-09T12:14:51.311+0000] {logging_mixin.py:188} INFO - [2024-06-09T12:14:51.310+0000] {dagbag.py:545} INFO - Filling up the DagBag from /home/airflow/.local/lib/python3.12/site-packages/airflow/example_dags/example_params_trigger_ui.py
[2024-06-09T12:14:51.351+0000] {processor.py:840} INFO - DAG(s) 'example_params_trigger_ui' retrieved from /home/airflow/.local/lib/python3.12/site-packages/airflow/example_dags/example_params_trigger_ui.py
[2024-06-09T12:14:51.473+0000] {logging_mixin.py:188} INFO - [2024-06-09T12:14:51.472+0000] {dag.py:3096} INFO - Sync 1 DAGs
[2024-06-09T12:14:51.506+0000] {logging_mixin.py:188} INFO - [2024-06-09T12:14:51.506+0000] {dag.py:3954} INFO - Setting next_dagrun for example_params_trigger_ui to None, run_after=None
[2024-06-09T12:14:51.541+0000] {processor.py:183} INFO - Processing /home/airflow/.local/lib/python3.12/site-packages/airflow/example_dags/example_params_trigger_ui.py took 0.243 seconds
[2024-06-09T13:15:50.142+0000] {processor.py:161} INFO - Started process (PID=65714) to work on /home/airflow/.local/lib/python3.12/site-packages/airflow/example_dags/example_params_trigger_ui.py
[2024-06-09T13:15:50.144+0000] {processor.py:830} INFO - Processing file /home/airflow/.local/lib/python3.12/site-packages/airflow/example_dags/example_params_trigger_ui.py for tasks to queue
[2024-06-09T13:15:50.146+0000] {logging_mixin.py:188} INFO - [2024-06-09T13:15:50.145+0000] {dagbag.py:545} INFO - Filling up the DagBag from /home/airflow/.local/lib/python3.12/site-packages/airflow/example_dags/example_params_trigger_ui.py
[2024-06-09T13:15:50.174+0000] {processor.py:840} INFO - DAG(s) 'example_params_trigger_ui' retrieved from /home/airflow/.local/lib/python3.12/site-packages/airflow/example_dags/example_params_trigger_ui.py
[2024-06-09T13:15:50.253+0000] {logging_mixin.py:188} INFO - [2024-06-09T13:15:50.253+0000] {dag.py:3096} INFO - Sync 1 DAGs
[2024-06-09T13:15:50.270+0000] {logging_mixin.py:188} INFO - [2024-06-09T13:15:50.269+0000] {dag.py:3954} INFO - Setting next_dagrun for example_params_trigger_ui to None, run_after=None
[2024-06-09T13:15:50.293+0000] {processor.py:183} INFO - Processing /home/airflow/.local/lib/python3.12/site-packages/airflow/example_dags/example_params_trigger_ui.py took 0.160 seconds
[2024-06-09T13:16:30.497+0000] {processor.py:161} INFO - Started process (PID=65774) to work on /home/airflow/.local/lib/python3.12/site-packages/airflow/example_dags/example_params_trigger_ui.py
[2024-06-09T13:16:30.499+0000] {processor.py:830} INFO - Processing file /home/airflow/.local/lib/python3.12/site-packages/airflow/example_dags/example_params_trigger_ui.py for tasks to queue
[2024-06-09T13:16:30.501+0000] {logging_mixin.py:188} INFO - [2024-06-09T13:16:30.500+0000] {dagbag.py:545} INFO - Filling up the DagBag from /home/airflow/.local/lib/python3.12/site-packages/airflow/example_dags/example_params_trigger_ui.py
[2024-06-09T13:16:30.540+0000] {processor.py:840} INFO - DAG(s) 'example_params_trigger_ui' retrieved from /home/airflow/.local/lib/python3.12/site-packages/airflow/example_dags/example_params_trigger_ui.py
[2024-06-09T13:16:30.660+0000] {logging_mixin.py:188} INFO - [2024-06-09T13:16:30.660+0000] {dag.py:3096} INFO - Sync 1 DAGs
[2024-06-09T13:16:30.700+0000] {logging_mixin.py:188} INFO - [2024-06-09T13:16:30.700+0000] {dag.py:3954} INFO - Setting next_dagrun for example_params_trigger_ui to None, run_after=None
[2024-06-09T13:16:30.745+0000] {processor.py:183} INFO - Processing /home/airflow/.local/lib/python3.12/site-packages/airflow/example_dags/example_params_trigger_ui.py took 0.257 seconds
[2024-06-09T14:17:13.562+0000] {processor.py:161} INFO - Started process (PID=65828) to work on /home/airflow/.local/lib/python3.12/site-packages/airflow/example_dags/example_params_trigger_ui.py
[2024-06-09T14:17:13.563+0000] {processor.py:830} INFO - Processing file /home/airflow/.local/lib/python3.12/site-packages/airflow/example_dags/example_params_trigger_ui.py for tasks to queue
[2024-06-09T14:17:13.565+0000] {logging_mixin.py:188} INFO - [2024-06-09T14:17:13.564+0000] {dagbag.py:545} INFO - Filling up the DagBag from /home/airflow/.local/lib/python3.12/site-packages/airflow/example_dags/example_params_trigger_ui.py
[2024-06-09T14:17:13.585+0000] {processor.py:840} INFO - DAG(s) 'example_params_trigger_ui' retrieved from /home/airflow/.local/lib/python3.12/site-packages/airflow/example_dags/example_params_trigger_ui.py
[2024-06-09T14:17:13.648+0000] {logging_mixin.py:188} INFO - [2024-06-09T14:17:13.648+0000] {dag.py:3096} INFO - Sync 1 DAGs
[2024-06-09T14:17:13.667+0000] {logging_mixin.py:188} INFO - [2024-06-09T14:17:13.666+0000] {dag.py:3954} INFO - Setting next_dagrun for example_params_trigger_ui to None, run_after=None
[2024-06-09T14:17:13.691+0000] {processor.py:183} INFO - Processing /home/airflow/.local/lib/python3.12/site-packages/airflow/example_dags/example_params_trigger_ui.py took 0.137 seconds
[2024-06-09T15:18:12.805+0000] {processor.py:161} INFO - Started process (PID=65888) to work on /home/airflow/.local/lib/python3.12/site-packages/airflow/example_dags/example_params_trigger_ui.py
[2024-06-09T15:18:12.806+0000] {processor.py:830} INFO - Processing file /home/airflow/.local/lib/python3.12/site-packages/airflow/example_dags/example_params_trigger_ui.py for tasks to queue
[2024-06-09T15:18:12.808+0000] {logging_mixin.py:188} INFO - [2024-06-09T15:18:12.807+0000] {dagbag.py:545} INFO - Filling up the DagBag from /home/airflow/.local/lib/python3.12/site-packages/airflow/example_dags/example_params_trigger_ui.py
[2024-06-09T15:18:12.828+0000] {processor.py:840} INFO - DAG(s) 'example_params_trigger_ui' retrieved from /home/airflow/.local/lib/python3.12/site-packages/airflow/example_dags/example_params_trigger_ui.py
[2024-06-09T15:18:12.888+0000] {logging_mixin.py:188} INFO - [2024-06-09T15:18:12.887+0000] {dag.py:3096} INFO - Sync 1 DAGs
[2024-06-09T15:18:12.904+0000] {logging_mixin.py:188} INFO - [2024-06-09T15:18:12.904+0000] {dag.py:3954} INFO - Setting next_dagrun for example_params_trigger_ui to None, run_after=None
[2024-06-09T15:18:12.927+0000] {processor.py:183} INFO - Processing /home/airflow/.local/lib/python3.12/site-packages/airflow/example_dags/example_params_trigger_ui.py took 0.130 seconds
[2024-06-09T15:18:48.269+0000] {processor.py:161} INFO - Started process (PID=65948) to work on /home/airflow/.local/lib/python3.12/site-packages/airflow/example_dags/example_params_trigger_ui.py
[2024-06-09T15:18:48.280+0000] {processor.py:830} INFO - Processing file /home/airflow/.local/lib/python3.12/site-packages/airflow/example_dags/example_params_trigger_ui.py for tasks to queue
[2024-06-09T15:18:48.287+0000] {logging_mixin.py:188} INFO - [2024-06-09T15:18:48.286+0000] {dagbag.py:545} INFO - Filling up the DagBag from /home/airflow/.local/lib/python3.12/site-packages/airflow/example_dags/example_params_trigger_ui.py
[2024-06-09T15:18:48.326+0000] {processor.py:840} INFO - DAG(s) 'example_params_trigger_ui' retrieved from /home/airflow/.local/lib/python3.12/site-packages/airflow/example_dags/example_params_trigger_ui.py
[2024-06-09T15:18:48.493+0000] {logging_mixin.py:188} INFO - [2024-06-09T15:18:48.492+0000] {dag.py:3096} INFO - Sync 1 DAGs
[2024-06-09T15:18:48.555+0000] {logging_mixin.py:188} INFO - [2024-06-09T15:18:48.555+0000] {dag.py:3954} INFO - Setting next_dagrun for example_params_trigger_ui to None, run_after=None
[2024-06-09T15:18:48.619+0000] {processor.py:183} INFO - Processing /home/airflow/.local/lib/python3.12/site-packages/airflow/example_dags/example_params_trigger_ui.py took 0.364 seconds
[2024-06-09T16:19:39.350+0000] {processor.py:161} INFO - Started process (PID=66008) to work on /home/airflow/.local/lib/python3.12/site-packages/airflow/example_dags/example_params_trigger_ui.py
[2024-06-09T16:19:39.351+0000] {processor.py:830} INFO - Processing file /home/airflow/.local/lib/python3.12/site-packages/airflow/example_dags/example_params_trigger_ui.py for tasks to queue
[2024-06-09T16:19:39.353+0000] {logging_mixin.py:188} INFO - [2024-06-09T16:19:39.352+0000] {dagbag.py:545} INFO - Filling up the DagBag from /home/airflow/.local/lib/python3.12/site-packages/airflow/example_dags/example_params_trigger_ui.py
[2024-06-09T16:19:39.371+0000] {processor.py:840} INFO - DAG(s) 'example_params_trigger_ui' retrieved from /home/airflow/.local/lib/python3.12/site-packages/airflow/example_dags/example_params_trigger_ui.py
[2024-06-09T16:19:39.437+0000] {logging_mixin.py:188} INFO - [2024-06-09T16:19:39.436+0000] {dag.py:3096} INFO - Sync 1 DAGs
[2024-06-09T16:19:39.457+0000] {logging_mixin.py:188} INFO - [2024-06-09T16:19:39.457+0000] {dag.py:3954} INFO - Setting next_dagrun for example_params_trigger_ui to None, run_after=None
[2024-06-09T16:19:39.486+0000] {processor.py:183} INFO - Processing /home/airflow/.local/lib/python3.12/site-packages/airflow/example_dags/example_params_trigger_ui.py took 0.143 seconds
[2024-06-09T18:21:09.524+0000] {processor.py:161} INFO - Started process (PID=66074) to work on /home/airflow/.local/lib/python3.12/site-packages/airflow/example_dags/example_params_trigger_ui.py
[2024-06-09T18:21:09.545+0000] {processor.py:830} INFO - Processing file /home/airflow/.local/lib/python3.12/site-packages/airflow/example_dags/example_params_trigger_ui.py for tasks to queue
[2024-06-09T18:21:09.563+0000] {logging_mixin.py:188} INFO - [2024-06-09T18:21:09.563+0000] {dagbag.py:545} INFO - Filling up the DagBag from /home/airflow/.local/lib/python3.12/site-packages/airflow/example_dags/example_params_trigger_ui.py
[2024-06-09T18:21:10.325+0000] {processor.py:840} INFO - DAG(s) 'example_params_trigger_ui' retrieved from /home/airflow/.local/lib/python3.12/site-packages/airflow/example_dags/example_params_trigger_ui.py
[2024-06-09T19:22:14.497+0000] {processor.py:161} INFO - Started process (PID=66172) to work on /home/airflow/.local/lib/python3.12/site-packages/airflow/example_dags/example_params_trigger_ui.py
[2024-06-09T19:22:14.499+0000] {processor.py:830} INFO - Processing file /home/airflow/.local/lib/python3.12/site-packages/airflow/example_dags/example_params_trigger_ui.py for tasks to queue
[2024-06-09T19:22:14.501+0000] {logging_mixin.py:188} INFO - [2024-06-09T19:22:14.501+0000] {dagbag.py:545} INFO - Filling up the DagBag from /home/airflow/.local/lib/python3.12/site-packages/airflow/example_dags/example_params_trigger_ui.py
[2024-06-09T19:22:14.527+0000] {processor.py:840} INFO - DAG(s) 'example_params_trigger_ui' retrieved from /home/airflow/.local/lib/python3.12/site-packages/airflow/example_dags/example_params_trigger_ui.py
[2024-06-09T19:22:14.788+0000] {logging_mixin.py:188} INFO - [2024-06-09T19:22:14.788+0000] {dag.py:3096} INFO - Sync 1 DAGs
[2024-06-09T19:22:14.810+0000] {logging_mixin.py:188} INFO - [2024-06-09T19:22:14.810+0000] {dag.py:3954} INFO - Setting next_dagrun for example_params_trigger_ui to None, run_after=None
[2024-06-09T19:22:14.845+0000] {processor.py:183} INFO - Processing /home/airflow/.local/lib/python3.12/site-packages/airflow/example_dags/example_params_trigger_ui.py took 0.360 seconds
[2024-06-09T19:31:27.918+0000] {processor.py:161} INFO - Started process (PID=66232) to work on /home/airflow/.local/lib/python3.12/site-packages/airflow/example_dags/example_params_trigger_ui.py
[2024-06-09T19:31:27.919+0000] {processor.py:830} INFO - Processing file /home/airflow/.local/lib/python3.12/site-packages/airflow/example_dags/example_params_trigger_ui.py for tasks to queue
[2024-06-09T19:31:27.922+0000] {logging_mixin.py:188} INFO - [2024-06-09T19:31:27.921+0000] {dagbag.py:545} INFO - Filling up the DagBag from /home/airflow/.local/lib/python3.12/site-packages/airflow/example_dags/example_params_trigger_ui.py
[2024-06-09T19:31:27.944+0000] {processor.py:840} INFO - DAG(s) 'example_params_trigger_ui' retrieved from /home/airflow/.local/lib/python3.12/site-packages/airflow/example_dags/example_params_trigger_ui.py
[2024-06-09T19:31:28.017+0000] {logging_mixin.py:188} INFO - [2024-06-09T19:31:28.017+0000] {dag.py:3096} INFO - Sync 1 DAGs
[2024-06-09T19:31:28.039+0000] {logging_mixin.py:188} INFO - [2024-06-09T19:31:28.039+0000] {dag.py:3954} INFO - Setting next_dagrun for example_params_trigger_ui to None, run_after=None
[2024-06-09T19:31:28.068+0000] {processor.py:183} INFO - Processing /home/airflow/.local/lib/python3.12/site-packages/airflow/example_dags/example_params_trigger_ui.py took 0.158 seconds
[2024-06-09T20:23:16.851+0000] {processor.py:161} INFO - Started process (PID=66311) to work on /home/airflow/.local/lib/python3.12/site-packages/airflow/example_dags/example_params_trigger_ui.py
[2024-06-09T20:23:16.853+0000] {processor.py:830} INFO - Processing file /home/airflow/.local/lib/python3.12/site-packages/airflow/example_dags/example_params_trigger_ui.py for tasks to queue
[2024-06-09T20:23:16.855+0000] {logging_mixin.py:188} INFO - [2024-06-09T20:23:16.855+0000] {dagbag.py:545} INFO - Filling up the DagBag from /home/airflow/.local/lib/python3.12/site-packages/airflow/example_dags/example_params_trigger_ui.py
[2024-06-09T20:23:16.884+0000] {processor.py:840} INFO - DAG(s) 'example_params_trigger_ui' retrieved from /home/airflow/.local/lib/python3.12/site-packages/airflow/example_dags/example_params_trigger_ui.py
[2024-06-09T20:23:16.985+0000] {logging_mixin.py:188} INFO - [2024-06-09T20:23:16.985+0000] {dag.py:3096} INFO - Sync 1 DAGs
[2024-06-09T20:23:17.001+0000] {logging_mixin.py:188} INFO - [2024-06-09T20:23:17.001+0000] {dag.py:3954} INFO - Setting next_dagrun for example_params_trigger_ui to None, run_after=None
[2024-06-09T20:23:17.027+0000] {processor.py:183} INFO - Processing /home/airflow/.local/lib/python3.12/site-packages/airflow/example_dags/example_params_trigger_ui.py took 0.188 seconds
