[2024-06-09T03:05:35.186+0000] {processor.py:161} INFO - Started process (PID=64856) to work on /home/airflow/.local/lib/python3.12/site-packages/airflow/example_dags/example_dag_decorator.py
[2024-06-09T03:05:35.188+0000] {processor.py:830} INFO - Processing file /home/airflow/.local/lib/python3.12/site-packages/airflow/example_dags/example_dag_decorator.py for tasks to queue
[2024-06-09T03:05:35.189+0000] {logging_mixin.py:188} INFO - [2024-06-09T03:05:35.189+0000] {dagbag.py:545} INFO - Filling up the DagBag from /home/airflow/.local/lib/python3.12/site-packages/airflow/example_dags/example_dag_decorator.py
[2024-06-09T03:05:35.319+0000] {processor.py:840} INFO - DAG(s) 'example_dag_decorator' retrieved from /home/airflow/.local/lib/python3.12/site-packages/airflow/example_dags/example_dag_decorator.py
[2024-06-09T03:05:35.460+0000] {logging_mixin.py:188} INFO - [2024-06-09T03:05:35.460+0000] {dag.py:3096} INFO - Sync 1 DAGs
[2024-06-09T03:05:35.489+0000] {logging_mixin.py:188} INFO - [2024-06-09T03:05:35.488+0000] {dag.py:3954} INFO - Setting next_dagrun for example_dag_decorator to None, run_after=None
[2024-06-09T03:05:35.535+0000] {processor.py:183} INFO - Processing /home/airflow/.local/lib/python3.12/site-packages/airflow/example_dags/example_dag_decorator.py took 0.356 seconds
[2024-06-09T04:06:36.339+0000] {processor.py:161} INFO - Started process (PID=64916) to work on /home/airflow/.local/lib/python3.12/site-packages/airflow/example_dags/example_dag_decorator.py
[2024-06-09T04:06:36.344+0000] {processor.py:830} INFO - Processing file /home/airflow/.local/lib/python3.12/site-packages/airflow/example_dags/example_dag_decorator.py for tasks to queue
[2024-06-09T04:06:36.347+0000] {logging_mixin.py:188} INFO - [2024-06-09T04:06:36.346+0000] {dagbag.py:545} INFO - Filling up the DagBag from /home/airflow/.local/lib/python3.12/site-packages/airflow/example_dags/example_dag_decorator.py
[2024-06-09T04:06:36.751+0000] {processor.py:840} INFO - DAG(s) 'example_dag_decorator' retrieved from /home/airflow/.local/lib/python3.12/site-packages/airflow/example_dags/example_dag_decorator.py
[2024-06-09T04:06:37.109+0000] {logging_mixin.py:188} INFO - [2024-06-09T04:06:37.108+0000] {dag.py:3096} INFO - Sync 1 DAGs
[2024-06-09T04:06:37.144+0000] {logging_mixin.py:188} INFO - [2024-06-09T04:06:37.144+0000] {dag.py:3954} INFO - Setting next_dagrun for example_dag_decorator to None, run_after=None
[2024-06-09T04:06:37.201+0000] {processor.py:183} INFO - Processing /home/airflow/.local/lib/python3.12/site-packages/airflow/example_dags/example_dag_decorator.py took 0.874 seconds
[2024-06-09T04:07:07.402+0000] {processor.py:161} INFO - Started process (PID=64978) to work on /home/airflow/.local/lib/python3.12/site-packages/airflow/example_dags/example_dag_decorator.py
[2024-06-09T04:07:07.403+0000] {processor.py:830} INFO - Processing file /home/airflow/.local/lib/python3.12/site-packages/airflow/example_dags/example_dag_decorator.py for tasks to queue
[2024-06-09T04:07:07.405+0000] {logging_mixin.py:188} INFO - [2024-06-09T04:07:07.404+0000] {dagbag.py:545} INFO - Filling up the DagBag from /home/airflow/.local/lib/python3.12/site-packages/airflow/example_dags/example_dag_decorator.py
[2024-06-09T04:07:07.517+0000] {processor.py:840} INFO - DAG(s) 'example_dag_decorator' retrieved from /home/airflow/.local/lib/python3.12/site-packages/airflow/example_dags/example_dag_decorator.py
[2024-06-09T04:07:07.647+0000] {logging_mixin.py:188} INFO - [2024-06-09T04:07:07.647+0000] {dag.py:3096} INFO - Sync 1 DAGs
[2024-06-09T04:07:07.662+0000] {logging_mixin.py:188} INFO - [2024-06-09T04:07:07.662+0000] {dag.py:3954} INFO - Setting next_dagrun for example_dag_decorator to None, run_after=None
[2024-06-09T04:07:07.687+0000] {processor.py:183} INFO - Processing /home/airflow/.local/lib/python3.12/site-packages/airflow/example_dags/example_dag_decorator.py took 0.292 seconds
[2024-06-09T06:07:54.423+0000] {processor.py:161} INFO - Started process (PID=65036) to work on /home/airflow/.local/lib/python3.12/site-packages/airflow/example_dags/example_dag_decorator.py
[2024-06-09T06:07:54.425+0000] {processor.py:830} INFO - Processing file /home/airflow/.local/lib/python3.12/site-packages/airflow/example_dags/example_dag_decorator.py for tasks to queue
[2024-06-09T06:07:54.426+0000] {logging_mixin.py:188} INFO - [2024-06-09T06:07:54.426+0000] {dagbag.py:545} INFO - Filling up the DagBag from /home/airflow/.local/lib/python3.12/site-packages/airflow/example_dags/example_dag_decorator.py
[2024-06-09T06:07:54.555+0000] {processor.py:840} INFO - DAG(s) 'example_dag_decorator' retrieved from /home/airflow/.local/lib/python3.12/site-packages/airflow/example_dags/example_dag_decorator.py
[2024-06-09T06:07:54.690+0000] {logging_mixin.py:188} INFO - [2024-06-09T06:07:54.690+0000] {dag.py:3096} INFO - Sync 1 DAGs
[2024-06-09T06:07:54.703+0000] {logging_mixin.py:188} INFO - [2024-06-09T06:07:54.703+0000] {dag.py:3954} INFO - Setting next_dagrun for example_dag_decorator to None, run_after=None
[2024-06-09T06:07:54.728+0000] {processor.py:183} INFO - Processing /home/airflow/.local/lib/python3.12/site-packages/airflow/example_dags/example_dag_decorator.py took 0.312 seconds
[2024-06-09T06:08:34.429+0000] {processor.py:161} INFO - Started process (PID=65096) to work on /home/airflow/.local/lib/python3.12/site-packages/airflow/example_dags/example_dag_decorator.py
[2024-06-09T06:08:34.431+0000] {processor.py:830} INFO - Processing file /home/airflow/.local/lib/python3.12/site-packages/airflow/example_dags/example_dag_decorator.py for tasks to queue
[2024-06-09T06:08:34.433+0000] {logging_mixin.py:188} INFO - [2024-06-09T06:08:34.432+0000] {dagbag.py:545} INFO - Filling up the DagBag from /home/airflow/.local/lib/python3.12/site-packages/airflow/example_dags/example_dag_decorator.py
[2024-06-09T06:08:34.652+0000] {processor.py:840} INFO - DAG(s) 'example_dag_decorator' retrieved from /home/airflow/.local/lib/python3.12/site-packages/airflow/example_dags/example_dag_decorator.py
[2024-06-09T06:08:34.844+0000] {logging_mixin.py:188} INFO - [2024-06-09T06:08:34.843+0000] {dag.py:3096} INFO - Sync 1 DAGs
[2024-06-09T06:08:34.862+0000] {logging_mixin.py:188} INFO - [2024-06-09T06:08:34.862+0000] {dag.py:3954} INFO - Setting next_dagrun for example_dag_decorator to None, run_after=None
[2024-06-09T06:08:34.905+0000] {processor.py:183} INFO - Processing /home/airflow/.local/lib/python3.12/site-packages/airflow/example_dags/example_dag_decorator.py took 0.488 seconds
[2024-06-09T07:09:19.393+0000] {processor.py:161} INFO - Started process (PID=65150) to work on /home/airflow/.local/lib/python3.12/site-packages/airflow/example_dags/example_dag_decorator.py
[2024-06-09T07:09:19.395+0000] {processor.py:830} INFO - Processing file /home/airflow/.local/lib/python3.12/site-packages/airflow/example_dags/example_dag_decorator.py for tasks to queue
[2024-06-09T07:09:19.396+0000] {logging_mixin.py:188} INFO - [2024-06-09T07:09:19.396+0000] {dagbag.py:545} INFO - Filling up the DagBag from /home/airflow/.local/lib/python3.12/site-packages/airflow/example_dags/example_dag_decorator.py
[2024-06-09T07:09:19.510+0000] {processor.py:840} INFO - DAG(s) 'example_dag_decorator' retrieved from /home/airflow/.local/lib/python3.12/site-packages/airflow/example_dags/example_dag_decorator.py
[2024-06-09T07:09:19.643+0000] {logging_mixin.py:188} INFO - [2024-06-09T07:09:19.643+0000] {dag.py:3096} INFO - Sync 1 DAGs
[2024-06-09T07:09:19.659+0000] {logging_mixin.py:188} INFO - [2024-06-09T07:09:19.659+0000] {dag.py:3954} INFO - Setting next_dagrun for example_dag_decorator to None, run_after=None
[2024-06-09T07:09:19.685+0000] {processor.py:183} INFO - Processing /home/airflow/.local/lib/python3.12/site-packages/airflow/example_dags/example_dag_decorator.py took 0.299 seconds
[2024-06-09T08:10:18.837+0000] {processor.py:161} INFO - Started process (PID=65210) to work on /home/airflow/.local/lib/python3.12/site-packages/airflow/example_dags/example_dag_decorator.py
[2024-06-09T08:10:18.839+0000] {processor.py:830} INFO - Processing file /home/airflow/.local/lib/python3.12/site-packages/airflow/example_dags/example_dag_decorator.py for tasks to queue
[2024-06-09T08:10:18.840+0000] {logging_mixin.py:188} INFO - [2024-06-09T08:10:18.840+0000] {dagbag.py:545} INFO - Filling up the DagBag from /home/airflow/.local/lib/python3.12/site-packages/airflow/example_dags/example_dag_decorator.py
[2024-06-09T08:10:19.012+0000] {processor.py:840} INFO - DAG(s) 'example_dag_decorator' retrieved from /home/airflow/.local/lib/python3.12/site-packages/airflow/example_dags/example_dag_decorator.py
[2024-06-09T08:10:19.149+0000] {logging_mixin.py:188} INFO - [2024-06-09T08:10:19.149+0000] {dag.py:3096} INFO - Sync 1 DAGs
[2024-06-09T08:10:19.163+0000] {logging_mixin.py:188} INFO - [2024-06-09T08:10:19.162+0000] {dag.py:3954} INFO - Setting next_dagrun for example_dag_decorator to None, run_after=None
[2024-06-09T08:10:19.191+0000] {processor.py:183} INFO - Processing /home/airflow/.local/lib/python3.12/site-packages/airflow/example_dags/example_dag_decorator.py took 0.362 seconds
[2024-06-09T09:11:15.661+0000] {processor.py:161} INFO - Started process (PID=65270) to work on /home/airflow/.local/lib/python3.12/site-packages/airflow/example_dags/example_dag_decorator.py
[2024-06-09T09:11:15.669+0000] {processor.py:830} INFO - Processing file /home/airflow/.local/lib/python3.12/site-packages/airflow/example_dags/example_dag_decorator.py for tasks to queue
[2024-06-09T09:11:15.671+0000] {logging_mixin.py:188} INFO - [2024-06-09T09:11:15.670+0000] {dagbag.py:545} INFO - Filling up the DagBag from /home/airflow/.local/lib/python3.12/site-packages/airflow/example_dags/example_dag_decorator.py
[2024-06-09T09:11:15.945+0000] {processor.py:840} INFO - DAG(s) 'example_dag_decorator' retrieved from /home/airflow/.local/lib/python3.12/site-packages/airflow/example_dags/example_dag_decorator.py
[2024-06-09T09:11:16.248+0000] {logging_mixin.py:188} INFO - [2024-06-09T09:11:16.247+0000] {dag.py:3096} INFO - Sync 1 DAGs
[2024-06-09T09:11:16.283+0000] {logging_mixin.py:188} INFO - [2024-06-09T09:11:16.282+0000] {dag.py:3954} INFO - Setting next_dagrun for example_dag_decorator to None, run_after=None
[2024-06-09T09:11:16.340+0000] {processor.py:183} INFO - Processing /home/airflow/.local/lib/python3.12/site-packages/airflow/example_dags/example_dag_decorator.py took 0.689 seconds
[2024-06-09T09:11:54.147+0000] {processor.py:161} INFO - Started process (PID=65336) to work on /home/airflow/.local/lib/python3.12/site-packages/airflow/example_dags/example_dag_decorator.py
[2024-06-09T09:11:54.149+0000] {processor.py:830} INFO - Processing file /home/airflow/.local/lib/python3.12/site-packages/airflow/example_dags/example_dag_decorator.py for tasks to queue
[2024-06-09T09:11:54.151+0000] {logging_mixin.py:188} INFO - [2024-06-09T09:11:54.150+0000] {dagbag.py:545} INFO - Filling up the DagBag from /home/airflow/.local/lib/python3.12/site-packages/airflow/example_dags/example_dag_decorator.py
[2024-06-09T09:11:54.408+0000] {processor.py:840} INFO - DAG(s) 'example_dag_decorator' retrieved from /home/airflow/.local/lib/python3.12/site-packages/airflow/example_dags/example_dag_decorator.py
[2024-06-09T09:11:54.671+0000] {logging_mixin.py:188} INFO - [2024-06-09T09:11:54.670+0000] {dag.py:3096} INFO - Sync 1 DAGs
[2024-06-09T09:11:54.703+0000] {logging_mixin.py:188} INFO - [2024-06-09T09:11:54.702+0000] {dag.py:3954} INFO - Setting next_dagrun for example_dag_decorator to None, run_after=None
[2024-06-09T09:11:54.751+0000] {processor.py:183} INFO - Processing /home/airflow/.local/lib/python3.12/site-packages/airflow/example_dags/example_dag_decorator.py took 0.615 seconds
[2024-06-09T10:12:46.334+0000] {processor.py:161} INFO - Started process (PID=65390) to work on /home/airflow/.local/lib/python3.12/site-packages/airflow/example_dags/example_dag_decorator.py
[2024-06-09T10:12:46.336+0000] {processor.py:830} INFO - Processing file /home/airflow/.local/lib/python3.12/site-packages/airflow/example_dags/example_dag_decorator.py for tasks to queue
[2024-06-09T10:12:46.337+0000] {logging_mixin.py:188} INFO - [2024-06-09T10:12:46.337+0000] {dagbag.py:545} INFO - Filling up the DagBag from /home/airflow/.local/lib/python3.12/site-packages/airflow/example_dags/example_dag_decorator.py
[2024-06-09T10:12:46.462+0000] {processor.py:840} INFO - DAG(s) 'example_dag_decorator' retrieved from /home/airflow/.local/lib/python3.12/site-packages/airflow/example_dags/example_dag_decorator.py
[2024-06-09T10:12:46.613+0000] {logging_mixin.py:188} INFO - [2024-06-09T10:12:46.613+0000] {dag.py:3096} INFO - Sync 1 DAGs
[2024-06-09T10:12:46.627+0000] {logging_mixin.py:188} INFO - [2024-06-09T10:12:46.626+0000] {dag.py:3954} INFO - Setting next_dagrun for example_dag_decorator to None, run_after=None
[2024-06-09T10:12:46.651+0000] {processor.py:183} INFO - Processing /home/airflow/.local/lib/python3.12/site-packages/airflow/example_dags/example_dag_decorator.py took 0.325 seconds
[2024-06-09T11:13:43.887+0000] {processor.py:161} INFO - Started process (PID=65450) to work on /home/airflow/.local/lib/python3.12/site-packages/airflow/example_dags/example_dag_decorator.py
[2024-06-09T11:13:43.888+0000] {processor.py:830} INFO - Processing file /home/airflow/.local/lib/python3.12/site-packages/airflow/example_dags/example_dag_decorator.py for tasks to queue
[2024-06-09T11:13:43.890+0000] {logging_mixin.py:188} INFO - [2024-06-09T11:13:43.889+0000] {dagbag.py:545} INFO - Filling up the DagBag from /home/airflow/.local/lib/python3.12/site-packages/airflow/example_dags/example_dag_decorator.py
[2024-06-09T11:13:44.017+0000] {processor.py:840} INFO - DAG(s) 'example_dag_decorator' retrieved from /home/airflow/.local/lib/python3.12/site-packages/airflow/example_dags/example_dag_decorator.py
[2024-06-09T11:13:44.147+0000] {logging_mixin.py:188} INFO - [2024-06-09T11:13:44.147+0000] {dag.py:3096} INFO - Sync 1 DAGs
[2024-06-09T11:13:44.160+0000] {logging_mixin.py:188} INFO - [2024-06-09T11:13:44.160+0000] {dag.py:3954} INFO - Setting next_dagrun for example_dag_decorator to None, run_after=None
[2024-06-09T11:13:44.184+0000] {processor.py:183} INFO - Processing /home/airflow/.local/lib/python3.12/site-packages/airflow/example_dags/example_dag_decorator.py took 0.304 seconds
[2024-06-09T11:18:34.529+0000] {processor.py:161} INFO - Started process (PID=65510) to work on /home/airflow/.local/lib/python3.12/site-packages/airflow/example_dags/example_dag_decorator.py
[2024-06-09T11:18:34.531+0000] {processor.py:830} INFO - Processing file /home/airflow/.local/lib/python3.12/site-packages/airflow/example_dags/example_dag_decorator.py for tasks to queue
[2024-06-09T11:18:34.532+0000] {logging_mixin.py:188} INFO - [2024-06-09T11:18:34.532+0000] {dagbag.py:545} INFO - Filling up the DagBag from /home/airflow/.local/lib/python3.12/site-packages/airflow/example_dags/example_dag_decorator.py
[2024-06-09T11:18:34.750+0000] {processor.py:840} INFO - DAG(s) 'example_dag_decorator' retrieved from /home/airflow/.local/lib/python3.12/site-packages/airflow/example_dags/example_dag_decorator.py
[2024-06-09T11:18:34.896+0000] {logging_mixin.py:188} INFO - [2024-06-09T11:18:34.895+0000] {dag.py:3096} INFO - Sync 1 DAGs
[2024-06-09T11:18:34.909+0000] {logging_mixin.py:188} INFO - [2024-06-09T11:18:34.909+0000] {dag.py:3954} INFO - Setting next_dagrun for example_dag_decorator to None, run_after=None
[2024-06-09T11:18:34.936+0000] {processor.py:183} INFO - Processing /home/airflow/.local/lib/python3.12/site-packages/airflow/example_dags/example_dag_decorator.py took 0.414 seconds
[2024-06-09T11:19:05.005+0000] {processor.py:161} INFO - Started process (PID=65577) to work on /home/airflow/.local/lib/python3.12/site-packages/airflow/example_dags/example_dag_decorator.py
[2024-06-09T11:19:05.006+0000] {processor.py:830} INFO - Processing file /home/airflow/.local/lib/python3.12/site-packages/airflow/example_dags/example_dag_decorator.py for tasks to queue
[2024-06-09T11:19:05.008+0000] {logging_mixin.py:188} INFO - [2024-06-09T11:19:05.007+0000] {dagbag.py:545} INFO - Filling up the DagBag from /home/airflow/.local/lib/python3.12/site-packages/airflow/example_dags/example_dag_decorator.py
[2024-06-09T11:19:05.130+0000] {processor.py:840} INFO - DAG(s) 'example_dag_decorator' retrieved from /home/airflow/.local/lib/python3.12/site-packages/airflow/example_dags/example_dag_decorator.py
[2024-06-09T11:19:05.262+0000] {logging_mixin.py:188} INFO - [2024-06-09T11:19:05.262+0000] {dag.py:3096} INFO - Sync 1 DAGs
[2024-06-09T11:19:05.277+0000] {logging_mixin.py:188} INFO - [2024-06-09T11:19:05.277+0000] {dag.py:3954} INFO - Setting next_dagrun for example_dag_decorator to None, run_after=None
[2024-06-09T11:19:05.300+0000] {processor.py:183} INFO - Processing /home/airflow/.local/lib/python3.12/site-packages/airflow/example_dags/example_dag_decorator.py took 0.303 seconds
[2024-06-09T12:14:49.419+0000] {processor.py:161} INFO - Started process (PID=65629) to work on /home/airflow/.local/lib/python3.12/site-packages/airflow/example_dags/example_dag_decorator.py
[2024-06-09T12:14:49.421+0000] {processor.py:830} INFO - Processing file /home/airflow/.local/lib/python3.12/site-packages/airflow/example_dags/example_dag_decorator.py for tasks to queue
[2024-06-09T12:14:49.423+0000] {logging_mixin.py:188} INFO - [2024-06-09T12:14:49.422+0000] {dagbag.py:545} INFO - Filling up the DagBag from /home/airflow/.local/lib/python3.12/site-packages/airflow/example_dags/example_dag_decorator.py
[2024-06-09T12:14:49.614+0000] {processor.py:840} INFO - DAG(s) 'example_dag_decorator' retrieved from /home/airflow/.local/lib/python3.12/site-packages/airflow/example_dags/example_dag_decorator.py
[2024-06-09T12:14:49.835+0000] {logging_mixin.py:188} INFO - [2024-06-09T12:14:49.834+0000] {dag.py:3096} INFO - Sync 1 DAGs
[2024-06-09T12:14:49.860+0000] {logging_mixin.py:188} INFO - [2024-06-09T12:14:49.860+0000] {dag.py:3954} INFO - Setting next_dagrun for example_dag_decorator to None, run_after=None
[2024-06-09T12:14:49.898+0000] {processor.py:183} INFO - Processing /home/airflow/.local/lib/python3.12/site-packages/airflow/example_dags/example_dag_decorator.py took 0.487 seconds
[2024-06-09T13:15:47.510+0000] {processor.py:161} INFO - Started process (PID=65689) to work on /home/airflow/.local/lib/python3.12/site-packages/airflow/example_dags/example_dag_decorator.py
[2024-06-09T13:15:47.511+0000] {processor.py:830} INFO - Processing file /home/airflow/.local/lib/python3.12/site-packages/airflow/example_dags/example_dag_decorator.py for tasks to queue
[2024-06-09T13:15:47.513+0000] {logging_mixin.py:188} INFO - [2024-06-09T13:15:47.512+0000] {dagbag.py:545} INFO - Filling up the DagBag from /home/airflow/.local/lib/python3.12/site-packages/airflow/example_dags/example_dag_decorator.py
[2024-06-09T13:15:47.724+0000] {processor.py:840} INFO - DAG(s) 'example_dag_decorator' retrieved from /home/airflow/.local/lib/python3.12/site-packages/airflow/example_dags/example_dag_decorator.py
[2024-06-09T13:15:47.965+0000] {logging_mixin.py:188} INFO - [2024-06-09T13:15:47.964+0000] {dag.py:3096} INFO - Sync 1 DAGs
[2024-06-09T13:15:47.989+0000] {logging_mixin.py:188} INFO - [2024-06-09T13:15:47.989+0000] {dag.py:3954} INFO - Setting next_dagrun for example_dag_decorator to None, run_after=None
[2024-06-09T13:15:48.027+0000] {processor.py:183} INFO - Processing /home/airflow/.local/lib/python3.12/site-packages/airflow/example_dags/example_dag_decorator.py took 0.526 seconds
[2024-06-09T13:16:27.575+0000] {processor.py:161} INFO - Started process (PID=65756) to work on /home/airflow/.local/lib/python3.12/site-packages/airflow/example_dags/example_dag_decorator.py
[2024-06-09T13:16:27.578+0000] {processor.py:830} INFO - Processing file /home/airflow/.local/lib/python3.12/site-packages/airflow/example_dags/example_dag_decorator.py for tasks to queue
[2024-06-09T13:16:27.582+0000] {logging_mixin.py:188} INFO - [2024-06-09T13:16:27.581+0000] {dagbag.py:545} INFO - Filling up the DagBag from /home/airflow/.local/lib/python3.12/site-packages/airflow/example_dags/example_dag_decorator.py
[2024-06-09T13:16:28.296+0000] {processor.py:840} INFO - DAG(s) 'example_dag_decorator' retrieved from /home/airflow/.local/lib/python3.12/site-packages/airflow/example_dags/example_dag_decorator.py
[2024-06-09T13:16:28.698+0000] {logging_mixin.py:188} INFO - [2024-06-09T13:16:28.697+0000] {dag.py:3096} INFO - Sync 1 DAGs
[2024-06-09T13:16:28.735+0000] {logging_mixin.py:188} INFO - [2024-06-09T13:16:28.735+0000] {dag.py:3954} INFO - Setting next_dagrun for example_dag_decorator to None, run_after=None
[2024-06-09T13:16:28.776+0000] {processor.py:183} INFO - Processing /home/airflow/.local/lib/python3.12/site-packages/airflow/example_dags/example_dag_decorator.py took 1.246 seconds
[2024-06-09T14:17:12.243+0000] {processor.py:161} INFO - Started process (PID=65809) to work on /home/airflow/.local/lib/python3.12/site-packages/airflow/example_dags/example_dag_decorator.py
[2024-06-09T14:17:12.245+0000] {processor.py:830} INFO - Processing file /home/airflow/.local/lib/python3.12/site-packages/airflow/example_dags/example_dag_decorator.py for tasks to queue
[2024-06-09T14:17:12.246+0000] {logging_mixin.py:188} INFO - [2024-06-09T14:17:12.246+0000] {dagbag.py:545} INFO - Filling up the DagBag from /home/airflow/.local/lib/python3.12/site-packages/airflow/example_dags/example_dag_decorator.py
[2024-06-09T14:17:12.375+0000] {processor.py:840} INFO - DAG(s) 'example_dag_decorator' retrieved from /home/airflow/.local/lib/python3.12/site-packages/airflow/example_dags/example_dag_decorator.py
[2024-06-09T14:17:12.518+0000] {logging_mixin.py:188} INFO - [2024-06-09T14:17:12.518+0000] {dag.py:3096} INFO - Sync 1 DAGs
[2024-06-09T14:17:12.533+0000] {logging_mixin.py:188} INFO - [2024-06-09T14:17:12.533+0000] {dag.py:3954} INFO - Setting next_dagrun for example_dag_decorator to None, run_after=None
[2024-06-09T14:17:12.559+0000] {processor.py:183} INFO - Processing /home/airflow/.local/lib/python3.12/site-packages/airflow/example_dags/example_dag_decorator.py took 0.323 seconds
[2024-06-09T15:18:11.419+0000] {processor.py:161} INFO - Started process (PID=65869) to work on /home/airflow/.local/lib/python3.12/site-packages/airflow/example_dags/example_dag_decorator.py
[2024-06-09T15:18:11.421+0000] {processor.py:830} INFO - Processing file /home/airflow/.local/lib/python3.12/site-packages/airflow/example_dags/example_dag_decorator.py for tasks to queue
[2024-06-09T15:18:11.423+0000] {logging_mixin.py:188} INFO - [2024-06-09T15:18:11.422+0000] {dagbag.py:545} INFO - Filling up the DagBag from /home/airflow/.local/lib/python3.12/site-packages/airflow/example_dags/example_dag_decorator.py
[2024-06-09T15:18:11.576+0000] {processor.py:840} INFO - DAG(s) 'example_dag_decorator' retrieved from /home/airflow/.local/lib/python3.12/site-packages/airflow/example_dags/example_dag_decorator.py
[2024-06-09T15:18:11.750+0000] {logging_mixin.py:188} INFO - [2024-06-09T15:18:11.749+0000] {dag.py:3096} INFO - Sync 1 DAGs
[2024-06-09T15:18:11.765+0000] {logging_mixin.py:188} INFO - [2024-06-09T15:18:11.765+0000] {dag.py:3954} INFO - Setting next_dagrun for example_dag_decorator to None, run_after=None
[2024-06-09T15:18:11.790+0000] {processor.py:183} INFO - Processing /home/airflow/.local/lib/python3.12/site-packages/airflow/example_dags/example_dag_decorator.py took 0.379 seconds
[2024-06-09T15:18:45.547+0000] {processor.py:161} INFO - Started process (PID=65929) to work on /home/airflow/.local/lib/python3.12/site-packages/airflow/example_dags/example_dag_decorator.py
[2024-06-09T15:18:45.551+0000] {processor.py:830} INFO - Processing file /home/airflow/.local/lib/python3.12/site-packages/airflow/example_dags/example_dag_decorator.py for tasks to queue
[2024-06-09T15:18:45.554+0000] {logging_mixin.py:188} INFO - [2024-06-09T15:18:45.553+0000] {dagbag.py:545} INFO - Filling up the DagBag from /home/airflow/.local/lib/python3.12/site-packages/airflow/example_dags/example_dag_decorator.py
[2024-06-09T15:18:45.827+0000] {processor.py:840} INFO - DAG(s) 'example_dag_decorator' retrieved from /home/airflow/.local/lib/python3.12/site-packages/airflow/example_dags/example_dag_decorator.py
[2024-06-09T15:18:46.092+0000] {logging_mixin.py:188} INFO - [2024-06-09T15:18:46.092+0000] {dag.py:3096} INFO - Sync 1 DAGs
[2024-06-09T15:18:46.123+0000] {logging_mixin.py:188} INFO - [2024-06-09T15:18:46.123+0000] {dag.py:3954} INFO - Setting next_dagrun for example_dag_decorator to None, run_after=None
[2024-06-09T15:18:46.170+0000] {processor.py:183} INFO - Processing /home/airflow/.local/lib/python3.12/site-packages/airflow/example_dags/example_dag_decorator.py took 0.635 seconds
[2024-06-09T16:19:38.060+0000] {processor.py:161} INFO - Started process (PID=65983) to work on /home/airflow/.local/lib/python3.12/site-packages/airflow/example_dags/example_dag_decorator.py
[2024-06-09T16:19:38.062+0000] {processor.py:830} INFO - Processing file /home/airflow/.local/lib/python3.12/site-packages/airflow/example_dags/example_dag_decorator.py for tasks to queue
[2024-06-09T16:19:38.063+0000] {logging_mixin.py:188} INFO - [2024-06-09T16:19:38.063+0000] {dagbag.py:545} INFO - Filling up the DagBag from /home/airflow/.local/lib/python3.12/site-packages/airflow/example_dags/example_dag_decorator.py
[2024-06-09T16:19:38.195+0000] {processor.py:840} INFO - DAG(s) 'example_dag_decorator' retrieved from /home/airflow/.local/lib/python3.12/site-packages/airflow/example_dags/example_dag_decorator.py
[2024-06-09T16:19:38.331+0000] {logging_mixin.py:188} INFO - [2024-06-09T16:19:38.331+0000] {dag.py:3096} INFO - Sync 1 DAGs
[2024-06-09T16:19:38.345+0000] {logging_mixin.py:188} INFO - [2024-06-09T16:19:38.344+0000] {dag.py:3954} INFO - Setting next_dagrun for example_dag_decorator to None, run_after=None
[2024-06-09T16:19:38.371+0000] {processor.py:183} INFO - Processing /home/airflow/.local/lib/python3.12/site-packages/airflow/example_dags/example_dag_decorator.py took 0.318 seconds
[2024-06-09T16:31:37.115+0000] {processor.py:161} INFO - Started process (PID=66049) to work on /home/airflow/.local/lib/python3.12/site-packages/airflow/example_dags/example_dag_decorator.py
[2024-06-09T16:31:37.118+0000] {processor.py:830} INFO - Processing file /home/airflow/.local/lib/python3.12/site-packages/airflow/example_dags/example_dag_decorator.py for tasks to queue
[2024-06-09T16:31:37.120+0000] {logging_mixin.py:188} INFO - [2024-06-09T16:31:37.119+0000] {dagbag.py:545} INFO - Filling up the DagBag from /home/airflow/.local/lib/python3.12/site-packages/airflow/example_dags/example_dag_decorator.py
[2024-06-09T16:31:37.615+0000] {processor.py:840} INFO - DAG(s) 'example_dag_decorator' retrieved from /home/airflow/.local/lib/python3.12/site-packages/airflow/example_dags/example_dag_decorator.py
[2024-06-09T16:31:37.825+0000] {logging_mixin.py:188} INFO - [2024-06-09T16:31:37.825+0000] {dag.py:3096} INFO - Sync 1 DAGs
[2024-06-09T16:31:37.849+0000] {logging_mixin.py:188} INFO - [2024-06-09T16:31:37.849+0000] {dag.py:3954} INFO - Setting next_dagrun for example_dag_decorator to None, run_after=None
[2024-06-09T16:31:37.885+0000] {processor.py:183} INFO - Processing /home/airflow/.local/lib/python3.12/site-packages/airflow/example_dags/example_dag_decorator.py took 0.780 seconds
[2024-06-09T18:21:14.641+0000] {processor.py:161} INFO - Started process (PID=66114) to work on /home/airflow/.local/lib/python3.12/site-packages/airflow/example_dags/example_dag_decorator.py
[2024-06-09T18:21:14.643+0000] {processor.py:830} INFO - Processing file /home/airflow/.local/lib/python3.12/site-packages/airflow/example_dags/example_dag_decorator.py for tasks to queue
[2024-06-09T18:21:14.644+0000] {logging_mixin.py:188} INFO - [2024-06-09T18:21:14.644+0000] {dagbag.py:545} INFO - Filling up the DagBag from /home/airflow/.local/lib/python3.12/site-packages/airflow/example_dags/example_dag_decorator.py
[2024-06-09T18:21:14.898+0000] {processor.py:840} INFO - DAG(s) 'example_dag_decorator' retrieved from /home/airflow/.local/lib/python3.12/site-packages/airflow/example_dags/example_dag_decorator.py
[2024-06-09T18:21:14.992+0000] {logging_mixin.py:188} INFO - [2024-06-09T18:21:14.991+0000] {dag.py:3096} INFO - Sync 1 DAGs
[2024-06-09T18:21:15.030+0000] {logging_mixin.py:188} INFO - [2024-06-09T18:21:15.029+0000] {dag.py:3954} INFO - Setting next_dagrun for example_dag_decorator to None, run_after=None
[2024-06-09T18:21:15.080+0000] {processor.py:183} INFO - Processing /home/airflow/.local/lib/python3.12/site-packages/airflow/example_dags/example_dag_decorator.py took 0.450 seconds
[2024-06-09T19:22:11.996+0000] {processor.py:161} INFO - Started process (PID=66153) to work on /home/airflow/.local/lib/python3.12/site-packages/airflow/example_dags/example_dag_decorator.py
[2024-06-09T19:22:11.998+0000] {processor.py:830} INFO - Processing file /home/airflow/.local/lib/python3.12/site-packages/airflow/example_dags/example_dag_decorator.py for tasks to queue
[2024-06-09T19:22:12.000+0000] {logging_mixin.py:188} INFO - [2024-06-09T19:22:11.999+0000] {dagbag.py:545} INFO - Filling up the DagBag from /home/airflow/.local/lib/python3.12/site-packages/airflow/example_dags/example_dag_decorator.py
[2024-06-09T19:22:12.184+0000] {processor.py:840} INFO - DAG(s) 'example_dag_decorator' retrieved from /home/airflow/.local/lib/python3.12/site-packages/airflow/example_dags/example_dag_decorator.py
[2024-06-09T19:22:12.395+0000] {logging_mixin.py:188} INFO - [2024-06-09T19:22:12.394+0000] {dag.py:3096} INFO - Sync 1 DAGs
[2024-06-09T19:22:12.413+0000] {logging_mixin.py:188} INFO - [2024-06-09T19:22:12.413+0000] {dag.py:3954} INFO - Setting next_dagrun for example_dag_decorator to None, run_after=None
[2024-06-09T19:22:12.449+0000] {processor.py:183} INFO - Processing /home/airflow/.local/lib/python3.12/site-packages/airflow/example_dags/example_dag_decorator.py took 0.463 seconds
[2024-06-09T19:31:26.432+0000] {processor.py:161} INFO - Started process (PID=66213) to work on /home/airflow/.local/lib/python3.12/site-packages/airflow/example_dags/example_dag_decorator.py
[2024-06-09T19:31:26.434+0000] {processor.py:830} INFO - Processing file /home/airflow/.local/lib/python3.12/site-packages/airflow/example_dags/example_dag_decorator.py for tasks to queue
[2024-06-09T19:31:26.435+0000] {logging_mixin.py:188} INFO - [2024-06-09T19:31:26.435+0000] {dagbag.py:545} INFO - Filling up the DagBag from /home/airflow/.local/lib/python3.12/site-packages/airflow/example_dags/example_dag_decorator.py
[2024-06-09T19:31:26.583+0000] {processor.py:840} INFO - DAG(s) 'example_dag_decorator' retrieved from /home/airflow/.local/lib/python3.12/site-packages/airflow/example_dags/example_dag_decorator.py
[2024-06-09T19:31:26.763+0000] {logging_mixin.py:188} INFO - [2024-06-09T19:31:26.763+0000] {dag.py:3096} INFO - Sync 1 DAGs
[2024-06-09T19:31:26.780+0000] {logging_mixin.py:188} INFO - [2024-06-09T19:31:26.780+0000] {dag.py:3954} INFO - Setting next_dagrun for example_dag_decorator to None, run_after=None
[2024-06-09T19:31:26.813+0000] {processor.py:183} INFO - Processing /home/airflow/.local/lib/python3.12/site-packages/airflow/example_dags/example_dag_decorator.py took 0.391 seconds
[2024-06-09T20:23:14.979+0000] {processor.py:161} INFO - Started process (PID=66292) to work on /home/airflow/.local/lib/python3.12/site-packages/airflow/example_dags/example_dag_decorator.py
[2024-06-09T20:23:14.981+0000] {processor.py:830} INFO - Processing file /home/airflow/.local/lib/python3.12/site-packages/airflow/example_dags/example_dag_decorator.py for tasks to queue
[2024-06-09T20:23:14.983+0000] {logging_mixin.py:188} INFO - [2024-06-09T20:23:14.983+0000] {dagbag.py:545} INFO - Filling up the DagBag from /home/airflow/.local/lib/python3.12/site-packages/airflow/example_dags/example_dag_decorator.py
[2024-06-09T20:23:15.200+0000] {processor.py:840} INFO - DAG(s) 'example_dag_decorator' retrieved from /home/airflow/.local/lib/python3.12/site-packages/airflow/example_dags/example_dag_decorator.py
[2024-06-09T20:23:15.422+0000] {logging_mixin.py:188} INFO - [2024-06-09T20:23:15.422+0000] {dag.py:3096} INFO - Sync 1 DAGs
[2024-06-09T20:23:15.444+0000] {logging_mixin.py:188} INFO - [2024-06-09T20:23:15.443+0000] {dag.py:3954} INFO - Setting next_dagrun for example_dag_decorator to None, run_after=None
[2024-06-09T20:23:15.481+0000] {processor.py:183} INFO - Processing /home/airflow/.local/lib/python3.12/site-packages/airflow/example_dags/example_dag_decorator.py took 0.515 seconds
