[2024-06-09T03:05:35.067+0000] {processor.py:161} INFO - Started process (PID=64854) to work on /home/airflow/.local/lib/python3.12/site-packages/airflow/example_dags/tutorial.py
[2024-06-09T03:05:35.068+0000] {processor.py:830} INFO - Processing file /home/airflow/.local/lib/python3.12/site-packages/airflow/example_dags/tutorial.py for tasks to queue
[2024-06-09T03:05:35.069+0000] {logging_mixin.py:188} INFO - [2024-06-09T03:05:35.069+0000] {dagbag.py:545} INFO - Filling up the DagBag from /home/airflow/.local/lib/python3.12/site-packages/airflow/example_dags/tutorial.py
[2024-06-09T03:05:35.078+0000] {processor.py:840} INFO - DAG(s) 'tutorial' retrieved from /home/airflow/.local/lib/python3.12/site-packages/airflow/example_dags/tutorial.py
[2024-06-09T03:05:35.102+0000] {logging_mixin.py:188} INFO - [2024-06-09T03:05:35.102+0000] {dag.py:3096} INFO - Sync 1 DAGs
[2024-06-09T03:05:35.130+0000] {logging_mixin.py:188} INFO - [2024-06-09T03:05:35.130+0000] {dag.py:3954} INFO - Setting next_dagrun for tutorial to 2024-06-08 00:00:00+00:00, run_after=2024-06-09 00:00:00+00:00
[2024-06-09T03:05:35.154+0000] {processor.py:183} INFO - Processing /home/airflow/.local/lib/python3.12/site-packages/airflow/example_dags/tutorial.py took 0.095 seconds
[2024-06-09T04:06:36.157+0000] {processor.py:161} INFO - Started process (PID=64914) to work on /home/airflow/.local/lib/python3.12/site-packages/airflow/example_dags/tutorial.py
[2024-06-09T04:06:36.161+0000] {processor.py:830} INFO - Processing file /home/airflow/.local/lib/python3.12/site-packages/airflow/example_dags/tutorial.py for tasks to queue
[2024-06-09T04:06:36.163+0000] {logging_mixin.py:188} INFO - [2024-06-09T04:06:36.162+0000] {dagbag.py:545} INFO - Filling up the DagBag from /home/airflow/.local/lib/python3.12/site-packages/airflow/example_dags/tutorial.py
[2024-06-09T04:06:36.175+0000] {processor.py:840} INFO - DAG(s) 'tutorial' retrieved from /home/airflow/.local/lib/python3.12/site-packages/airflow/example_dags/tutorial.py
[2024-06-09T04:06:36.213+0000] {logging_mixin.py:188} INFO - [2024-06-09T04:06:36.212+0000] {dag.py:3096} INFO - Sync 1 DAGs
[2024-06-09T04:06:36.254+0000] {logging_mixin.py:188} INFO - [2024-06-09T04:06:36.253+0000] {dag.py:3954} INFO - Setting next_dagrun for tutorial to 2024-06-08 00:00:00+00:00, run_after=2024-06-09 00:00:00+00:00
[2024-06-09T04:06:36.290+0000] {processor.py:183} INFO - Processing /home/airflow/.local/lib/python3.12/site-packages/airflow/example_dags/tutorial.py took 0.144 seconds
[2024-06-09T04:07:07.142+0000] {processor.py:161} INFO - Started process (PID=64974) to work on /home/airflow/.local/lib/python3.12/site-packages/airflow/example_dags/tutorial.py
[2024-06-09T04:07:07.144+0000] {processor.py:830} INFO - Processing file /home/airflow/.local/lib/python3.12/site-packages/airflow/example_dags/tutorial.py for tasks to queue
[2024-06-09T04:07:07.146+0000] {logging_mixin.py:188} INFO - [2024-06-09T04:07:07.146+0000] {dagbag.py:545} INFO - Filling up the DagBag from /home/airflow/.local/lib/python3.12/site-packages/airflow/example_dags/tutorial.py
[2024-06-09T04:07:07.159+0000] {processor.py:840} INFO - DAG(s) 'tutorial' retrieved from /home/airflow/.local/lib/python3.12/site-packages/airflow/example_dags/tutorial.py
[2024-06-09T04:07:07.189+0000] {logging_mixin.py:188} INFO - [2024-06-09T04:07:07.189+0000] {dag.py:3096} INFO - Sync 1 DAGs
[2024-06-09T04:07:07.221+0000] {logging_mixin.py:188} INFO - [2024-06-09T04:07:07.221+0000] {dag.py:3954} INFO - Setting next_dagrun for tutorial to 2024-06-08 00:00:00+00:00, run_after=2024-06-09 00:00:00+00:00
[2024-06-09T04:07:07.247+0000] {processor.py:183} INFO - Processing /home/airflow/.local/lib/python3.12/site-packages/airflow/example_dags/tutorial.py took 0.116 seconds
[2024-06-09T06:07:54.305+0000] {processor.py:161} INFO - Started process (PID=65034) to work on /home/airflow/.local/lib/python3.12/site-packages/airflow/example_dags/tutorial.py
[2024-06-09T06:07:54.307+0000] {processor.py:830} INFO - Processing file /home/airflow/.local/lib/python3.12/site-packages/airflow/example_dags/tutorial.py for tasks to queue
[2024-06-09T06:07:54.308+0000] {logging_mixin.py:188} INFO - [2024-06-09T06:07:54.308+0000] {dagbag.py:545} INFO - Filling up the DagBag from /home/airflow/.local/lib/python3.12/site-packages/airflow/example_dags/tutorial.py
[2024-06-09T06:07:54.317+0000] {processor.py:840} INFO - DAG(s) 'tutorial' retrieved from /home/airflow/.local/lib/python3.12/site-packages/airflow/example_dags/tutorial.py
[2024-06-09T06:07:54.343+0000] {logging_mixin.py:188} INFO - [2024-06-09T06:07:54.343+0000] {dag.py:3096} INFO - Sync 1 DAGs
[2024-06-09T06:07:54.371+0000] {logging_mixin.py:188} INFO - [2024-06-09T06:07:54.371+0000] {dag.py:3954} INFO - Setting next_dagrun for tutorial to 2024-06-08 00:00:00+00:00, run_after=2024-06-09 00:00:00+00:00
[2024-06-09T06:07:54.394+0000] {processor.py:183} INFO - Processing /home/airflow/.local/lib/python3.12/site-packages/airflow/example_dags/tutorial.py took 0.096 seconds
[2024-06-09T06:08:34.244+0000] {processor.py:161} INFO - Started process (PID=65094) to work on /home/airflow/.local/lib/python3.12/site-packages/airflow/example_dags/tutorial.py
[2024-06-09T06:08:34.247+0000] {processor.py:830} INFO - Processing file /home/airflow/.local/lib/python3.12/site-packages/airflow/example_dags/tutorial.py for tasks to queue
[2024-06-09T06:08:34.249+0000] {logging_mixin.py:188} INFO - [2024-06-09T06:08:34.249+0000] {dagbag.py:545} INFO - Filling up the DagBag from /home/airflow/.local/lib/python3.12/site-packages/airflow/example_dags/tutorial.py
[2024-06-09T06:08:34.264+0000] {processor.py:840} INFO - DAG(s) 'tutorial' retrieved from /home/airflow/.local/lib/python3.12/site-packages/airflow/example_dags/tutorial.py
[2024-06-09T06:08:34.305+0000] {logging_mixin.py:188} INFO - [2024-06-09T06:08:34.305+0000] {dag.py:3096} INFO - Sync 1 DAGs
[2024-06-09T06:08:34.356+0000] {logging_mixin.py:188} INFO - [2024-06-09T06:08:34.356+0000] {dag.py:3954} INFO - Setting next_dagrun for tutorial to 2024-06-08 00:00:00+00:00, run_after=2024-06-09 00:00:00+00:00
[2024-06-09T06:08:34.388+0000] {processor.py:183} INFO - Processing /home/airflow/.local/lib/python3.12/site-packages/airflow/example_dags/tutorial.py took 0.155 seconds
[2024-06-09T07:09:19.279+0000] {processor.py:161} INFO - Started process (PID=65148) to work on /home/airflow/.local/lib/python3.12/site-packages/airflow/example_dags/tutorial.py
[2024-06-09T07:09:19.281+0000] {processor.py:830} INFO - Processing file /home/airflow/.local/lib/python3.12/site-packages/airflow/example_dags/tutorial.py for tasks to queue
[2024-06-09T07:09:19.282+0000] {logging_mixin.py:188} INFO - [2024-06-09T07:09:19.282+0000] {dagbag.py:545} INFO - Filling up the DagBag from /home/airflow/.local/lib/python3.12/site-packages/airflow/example_dags/tutorial.py
[2024-06-09T07:09:19.290+0000] {processor.py:840} INFO - DAG(s) 'tutorial' retrieved from /home/airflow/.local/lib/python3.12/site-packages/airflow/example_dags/tutorial.py
[2024-06-09T07:09:19.315+0000] {logging_mixin.py:188} INFO - [2024-06-09T07:09:19.315+0000] {dag.py:3096} INFO - Sync 1 DAGs
[2024-06-09T07:09:19.343+0000] {logging_mixin.py:188} INFO - [2024-06-09T07:09:19.343+0000] {dag.py:3954} INFO - Setting next_dagrun for tutorial to 2024-06-08 00:00:00+00:00, run_after=2024-06-09 00:00:00+00:00
[2024-06-09T07:09:19.365+0000] {processor.py:183} INFO - Processing /home/airflow/.local/lib/python3.12/site-packages/airflow/example_dags/tutorial.py took 0.094 seconds
[2024-06-09T08:10:18.721+0000] {processor.py:161} INFO - Started process (PID=65208) to work on /home/airflow/.local/lib/python3.12/site-packages/airflow/example_dags/tutorial.py
[2024-06-09T08:10:18.723+0000] {processor.py:830} INFO - Processing file /home/airflow/.local/lib/python3.12/site-packages/airflow/example_dags/tutorial.py for tasks to queue
[2024-06-09T08:10:18.724+0000] {logging_mixin.py:188} INFO - [2024-06-09T08:10:18.723+0000] {dagbag.py:545} INFO - Filling up the DagBag from /home/airflow/.local/lib/python3.12/site-packages/airflow/example_dags/tutorial.py
[2024-06-09T08:10:18.733+0000] {processor.py:840} INFO - DAG(s) 'tutorial' retrieved from /home/airflow/.local/lib/python3.12/site-packages/airflow/example_dags/tutorial.py
[2024-06-09T08:10:18.758+0000] {logging_mixin.py:188} INFO - [2024-06-09T08:10:18.758+0000] {dag.py:3096} INFO - Sync 1 DAGs
[2024-06-09T08:10:18.786+0000] {logging_mixin.py:188} INFO - [2024-06-09T08:10:18.786+0000] {dag.py:3954} INFO - Setting next_dagrun for tutorial to 2024-06-08 00:00:00+00:00, run_after=2024-06-09 00:00:00+00:00
[2024-06-09T08:10:18.809+0000] {processor.py:183} INFO - Processing /home/airflow/.local/lib/python3.12/site-packages/airflow/example_dags/tutorial.py took 0.096 seconds
[2024-06-09T09:11:15.433+0000] {processor.py:161} INFO - Started process (PID=65268) to work on /home/airflow/.local/lib/python3.12/site-packages/airflow/example_dags/tutorial.py
[2024-06-09T09:11:15.435+0000] {processor.py:830} INFO - Processing file /home/airflow/.local/lib/python3.12/site-packages/airflow/example_dags/tutorial.py for tasks to queue
[2024-06-09T09:11:15.438+0000] {logging_mixin.py:188} INFO - [2024-06-09T09:11:15.436+0000] {dagbag.py:545} INFO - Filling up the DagBag from /home/airflow/.local/lib/python3.12/site-packages/airflow/example_dags/tutorial.py
[2024-06-09T09:11:15.453+0000] {processor.py:840} INFO - DAG(s) 'tutorial' retrieved from /home/airflow/.local/lib/python3.12/site-packages/airflow/example_dags/tutorial.py
[2024-06-09T09:11:15.494+0000] {logging_mixin.py:188} INFO - [2024-06-09T09:11:15.494+0000] {dag.py:3096} INFO - Sync 1 DAGs
[2024-06-09T09:11:15.562+0000] {logging_mixin.py:188} INFO - [2024-06-09T09:11:15.561+0000] {dag.py:3954} INFO - Setting next_dagrun for tutorial to 2024-06-08 00:00:00+00:00, run_after=2024-06-09 00:00:00+00:00
[2024-06-09T09:11:15.607+0000] {processor.py:183} INFO - Processing /home/airflow/.local/lib/python3.12/site-packages/airflow/example_dags/tutorial.py took 0.187 seconds
[2024-06-09T09:11:53.941+0000] {processor.py:161} INFO - Started process (PID=65334) to work on /home/airflow/.local/lib/python3.12/site-packages/airflow/example_dags/tutorial.py
[2024-06-09T09:11:53.943+0000] {processor.py:830} INFO - Processing file /home/airflow/.local/lib/python3.12/site-packages/airflow/example_dags/tutorial.py for tasks to queue
[2024-06-09T09:11:53.946+0000] {logging_mixin.py:188} INFO - [2024-06-09T09:11:53.945+0000] {dagbag.py:545} INFO - Filling up the DagBag from /home/airflow/.local/lib/python3.12/site-packages/airflow/example_dags/tutorial.py
[2024-06-09T09:11:53.961+0000] {processor.py:840} INFO - DAG(s) 'tutorial' retrieved from /home/airflow/.local/lib/python3.12/site-packages/airflow/example_dags/tutorial.py
[2024-06-09T09:11:54.004+0000] {logging_mixin.py:188} INFO - [2024-06-09T09:11:54.004+0000] {dag.py:3096} INFO - Sync 1 DAGs
[2024-06-09T09:11:54.053+0000] {logging_mixin.py:188} INFO - [2024-06-09T09:11:54.053+0000] {dag.py:3954} INFO - Setting next_dagrun for tutorial to 2024-06-08 00:00:00+00:00, run_after=2024-06-09 00:00:00+00:00
[2024-06-09T09:11:54.102+0000] {processor.py:183} INFO - Processing /home/airflow/.local/lib/python3.12/site-packages/airflow/example_dags/tutorial.py took 0.176 seconds
[2024-06-09T10:12:46.216+0000] {processor.py:161} INFO - Started process (PID=65388) to work on /home/airflow/.local/lib/python3.12/site-packages/airflow/example_dags/tutorial.py
[2024-06-09T10:12:46.217+0000] {processor.py:830} INFO - Processing file /home/airflow/.local/lib/python3.12/site-packages/airflow/example_dags/tutorial.py for tasks to queue
[2024-06-09T10:12:46.219+0000] {logging_mixin.py:188} INFO - [2024-06-09T10:12:46.218+0000] {dagbag.py:545} INFO - Filling up the DagBag from /home/airflow/.local/lib/python3.12/site-packages/airflow/example_dags/tutorial.py
[2024-06-09T10:12:46.227+0000] {processor.py:840} INFO - DAG(s) 'tutorial' retrieved from /home/airflow/.local/lib/python3.12/site-packages/airflow/example_dags/tutorial.py
[2024-06-09T10:12:46.254+0000] {logging_mixin.py:188} INFO - [2024-06-09T10:12:46.253+0000] {dag.py:3096} INFO - Sync 1 DAGs
[2024-06-09T10:12:46.282+0000] {logging_mixin.py:188} INFO - [2024-06-09T10:12:46.282+0000] {dag.py:3954} INFO - Setting next_dagrun for tutorial to 2024-06-08 00:00:00+00:00, run_after=2024-06-09 00:00:00+00:00
[2024-06-09T10:12:46.305+0000] {processor.py:183} INFO - Processing /home/airflow/.local/lib/python3.12/site-packages/airflow/example_dags/tutorial.py took 0.097 seconds
[2024-06-09T11:13:43.772+0000] {processor.py:161} INFO - Started process (PID=65448) to work on /home/airflow/.local/lib/python3.12/site-packages/airflow/example_dags/tutorial.py
[2024-06-09T11:13:43.774+0000] {processor.py:830} INFO - Processing file /home/airflow/.local/lib/python3.12/site-packages/airflow/example_dags/tutorial.py for tasks to queue
[2024-06-09T11:13:43.775+0000] {logging_mixin.py:188} INFO - [2024-06-09T11:13:43.775+0000] {dagbag.py:545} INFO - Filling up the DagBag from /home/airflow/.local/lib/python3.12/site-packages/airflow/example_dags/tutorial.py
[2024-06-09T11:13:43.784+0000] {processor.py:840} INFO - DAG(s) 'tutorial' retrieved from /home/airflow/.local/lib/python3.12/site-packages/airflow/example_dags/tutorial.py
[2024-06-09T11:13:43.809+0000] {logging_mixin.py:188} INFO - [2024-06-09T11:13:43.808+0000] {dag.py:3096} INFO - Sync 1 DAGs
[2024-06-09T11:13:43.836+0000] {logging_mixin.py:188} INFO - [2024-06-09T11:13:43.836+0000] {dag.py:3954} INFO - Setting next_dagrun for tutorial to 2024-06-08 00:00:00+00:00, run_after=2024-06-09 00:00:00+00:00
[2024-06-09T11:13:43.859+0000] {processor.py:183} INFO - Processing /home/airflow/.local/lib/python3.12/site-packages/airflow/example_dags/tutorial.py took 0.094 seconds
[2024-06-09T11:18:34.412+0000] {processor.py:161} INFO - Started process (PID=65508) to work on /home/airflow/.local/lib/python3.12/site-packages/airflow/example_dags/tutorial.py
[2024-06-09T11:18:34.413+0000] {processor.py:830} INFO - Processing file /home/airflow/.local/lib/python3.12/site-packages/airflow/example_dags/tutorial.py for tasks to queue
[2024-06-09T11:18:34.415+0000] {logging_mixin.py:188} INFO - [2024-06-09T11:18:34.414+0000] {dagbag.py:545} INFO - Filling up the DagBag from /home/airflow/.local/lib/python3.12/site-packages/airflow/example_dags/tutorial.py
[2024-06-09T11:18:34.423+0000] {processor.py:840} INFO - DAG(s) 'tutorial' retrieved from /home/airflow/.local/lib/python3.12/site-packages/airflow/example_dags/tutorial.py
[2024-06-09T11:18:34.449+0000] {logging_mixin.py:188} INFO - [2024-06-09T11:18:34.449+0000] {dag.py:3096} INFO - Sync 1 DAGs
[2024-06-09T11:18:34.479+0000] {logging_mixin.py:188} INFO - [2024-06-09T11:18:34.478+0000] {dag.py:3954} INFO - Setting next_dagrun for tutorial to 2024-06-08 00:00:00+00:00, run_after=2024-06-09 00:00:00+00:00
[2024-06-09T11:18:34.502+0000] {processor.py:183} INFO - Processing /home/airflow/.local/lib/python3.12/site-packages/airflow/example_dags/tutorial.py took 0.098 seconds
[2024-06-09T11:19:04.683+0000] {processor.py:161} INFO - Started process (PID=65567) to work on /home/airflow/.local/lib/python3.12/site-packages/airflow/example_dags/tutorial.py
[2024-06-09T11:19:04.684+0000] {processor.py:830} INFO - Processing file /home/airflow/.local/lib/python3.12/site-packages/airflow/example_dags/tutorial.py for tasks to queue
[2024-06-09T11:19:04.685+0000] {logging_mixin.py:188} INFO - [2024-06-09T11:19:04.685+0000] {dagbag.py:545} INFO - Filling up the DagBag from /home/airflow/.local/lib/python3.12/site-packages/airflow/example_dags/tutorial.py
[2024-06-09T11:19:04.694+0000] {processor.py:840} INFO - DAG(s) 'tutorial' retrieved from /home/airflow/.local/lib/python3.12/site-packages/airflow/example_dags/tutorial.py
[2024-06-09T11:19:04.719+0000] {logging_mixin.py:188} INFO - [2024-06-09T11:19:04.719+0000] {dag.py:3096} INFO - Sync 1 DAGs
[2024-06-09T11:19:04.756+0000] {logging_mixin.py:188} INFO - [2024-06-09T11:19:04.756+0000] {dag.py:3954} INFO - Setting next_dagrun for tutorial to 2024-06-08 00:00:00+00:00, run_after=2024-06-09 00:00:00+00:00
[2024-06-09T11:19:04.784+0000] {processor.py:183} INFO - Processing /home/airflow/.local/lib/python3.12/site-packages/airflow/example_dags/tutorial.py took 0.109 seconds
[2024-06-09T12:14:49.280+0000] {processor.py:161} INFO - Started process (PID=65627) to work on /home/airflow/.local/lib/python3.12/site-packages/airflow/example_dags/tutorial.py
[2024-06-09T12:14:49.282+0000] {processor.py:830} INFO - Processing file /home/airflow/.local/lib/python3.12/site-packages/airflow/example_dags/tutorial.py for tasks to queue
[2024-06-09T12:14:49.284+0000] {logging_mixin.py:188} INFO - [2024-06-09T12:14:49.283+0000] {dagbag.py:545} INFO - Filling up the DagBag from /home/airflow/.local/lib/python3.12/site-packages/airflow/example_dags/tutorial.py
[2024-06-09T12:14:49.293+0000] {processor.py:840} INFO - DAG(s) 'tutorial' retrieved from /home/airflow/.local/lib/python3.12/site-packages/airflow/example_dags/tutorial.py
[2024-06-09T12:14:49.327+0000] {logging_mixin.py:188} INFO - [2024-06-09T12:14:49.327+0000] {dag.py:3096} INFO - Sync 1 DAGs
[2024-06-09T12:14:49.359+0000] {logging_mixin.py:188} INFO - [2024-06-09T12:14:49.359+0000] {dag.py:3954} INFO - Setting next_dagrun for tutorial to 2024-06-08 00:00:00+00:00, run_after=2024-06-09 00:00:00+00:00
[2024-06-09T12:14:49.387+0000] {processor.py:183} INFO - Processing /home/airflow/.local/lib/python3.12/site-packages/airflow/example_dags/tutorial.py took 0.116 seconds
[2024-06-09T13:15:47.373+0000] {processor.py:161} INFO - Started process (PID=65687) to work on /home/airflow/.local/lib/python3.12/site-packages/airflow/example_dags/tutorial.py
[2024-06-09T13:15:47.374+0000] {processor.py:830} INFO - Processing file /home/airflow/.local/lib/python3.12/site-packages/airflow/example_dags/tutorial.py for tasks to queue
[2024-06-09T13:15:47.375+0000] {logging_mixin.py:188} INFO - [2024-06-09T13:15:47.375+0000] {dagbag.py:545} INFO - Filling up the DagBag from /home/airflow/.local/lib/python3.12/site-packages/airflow/example_dags/tutorial.py
[2024-06-09T13:15:47.386+0000] {processor.py:840} INFO - DAG(s) 'tutorial' retrieved from /home/airflow/.local/lib/python3.12/site-packages/airflow/example_dags/tutorial.py
[2024-06-09T13:15:47.420+0000] {logging_mixin.py:188} INFO - [2024-06-09T13:15:47.419+0000] {dag.py:3096} INFO - Sync 1 DAGs
[2024-06-09T13:15:47.452+0000] {logging_mixin.py:188} INFO - [2024-06-09T13:15:47.452+0000] {dag.py:3954} INFO - Setting next_dagrun for tutorial to 2024-06-08 00:00:00+00:00, run_after=2024-06-09 00:00:00+00:00
[2024-06-09T13:15:47.477+0000] {processor.py:183} INFO - Processing /home/airflow/.local/lib/python3.12/site-packages/airflow/example_dags/tutorial.py took 0.114 seconds
[2024-06-09T13:16:17.653+0000] {processor.py:161} INFO - Started process (PID=65747) to work on /home/airflow/.local/lib/python3.12/site-packages/airflow/example_dags/tutorial.py
[2024-06-09T13:16:17.655+0000] {processor.py:830} INFO - Processing file /home/airflow/.local/lib/python3.12/site-packages/airflow/example_dags/tutorial.py for tasks to queue
[2024-06-09T13:16:17.657+0000] {logging_mixin.py:188} INFO - [2024-06-09T13:16:17.656+0000] {dagbag.py:545} INFO - Filling up the DagBag from /home/airflow/.local/lib/python3.12/site-packages/airflow/example_dags/tutorial.py
[2024-06-09T13:16:17.666+0000] {processor.py:840} INFO - DAG(s) 'tutorial' retrieved from /home/airflow/.local/lib/python3.12/site-packages/airflow/example_dags/tutorial.py
[2024-06-09T13:16:17.692+0000] {logging_mixin.py:188} INFO - [2024-06-09T13:16:17.692+0000] {dag.py:3096} INFO - Sync 1 DAGs
[2024-06-09T13:16:17.721+0000] {logging_mixin.py:188} INFO - [2024-06-09T13:16:17.721+0000] {dag.py:3954} INFO - Setting next_dagrun for tutorial to 2024-06-08 00:00:00+00:00, run_after=2024-06-09 00:00:00+00:00
[2024-06-09T13:16:17.744+0000] {processor.py:183} INFO - Processing /home/airflow/.local/lib/python3.12/site-packages/airflow/example_dags/tutorial.py took 0.105 seconds
[2024-06-09T14:17:12.115+0000] {processor.py:161} INFO - Started process (PID=65807) to work on /home/airflow/.local/lib/python3.12/site-packages/airflow/example_dags/tutorial.py
[2024-06-09T14:17:12.117+0000] {processor.py:830} INFO - Processing file /home/airflow/.local/lib/python3.12/site-packages/airflow/example_dags/tutorial.py for tasks to queue
[2024-06-09T14:17:12.118+0000] {logging_mixin.py:188} INFO - [2024-06-09T14:17:12.118+0000] {dagbag.py:545} INFO - Filling up the DagBag from /home/airflow/.local/lib/python3.12/site-packages/airflow/example_dags/tutorial.py
[2024-06-09T14:17:12.127+0000] {processor.py:840} INFO - DAG(s) 'tutorial' retrieved from /home/airflow/.local/lib/python3.12/site-packages/airflow/example_dags/tutorial.py
[2024-06-09T14:17:12.158+0000] {logging_mixin.py:188} INFO - [2024-06-09T14:17:12.158+0000] {dag.py:3096} INFO - Sync 1 DAGs
[2024-06-09T14:17:12.188+0000] {logging_mixin.py:188} INFO - [2024-06-09T14:17:12.187+0000] {dag.py:3954} INFO - Setting next_dagrun for tutorial to 2024-06-08 00:00:00+00:00, run_after=2024-06-09 00:00:00+00:00
[2024-06-09T14:17:12.212+0000] {processor.py:183} INFO - Processing /home/airflow/.local/lib/python3.12/site-packages/airflow/example_dags/tutorial.py took 0.105 seconds
[2024-06-09T15:18:11.255+0000] {processor.py:161} INFO - Started process (PID=65867) to work on /home/airflow/.local/lib/python3.12/site-packages/airflow/example_dags/tutorial.py
[2024-06-09T15:18:11.257+0000] {processor.py:830} INFO - Processing file /home/airflow/.local/lib/python3.12/site-packages/airflow/example_dags/tutorial.py for tasks to queue
[2024-06-09T15:18:11.259+0000] {logging_mixin.py:188} INFO - [2024-06-09T15:18:11.259+0000] {dagbag.py:545} INFO - Filling up the DagBag from /home/airflow/.local/lib/python3.12/site-packages/airflow/example_dags/tutorial.py
[2024-06-09T15:18:11.279+0000] {processor.py:840} INFO - DAG(s) 'tutorial' retrieved from /home/airflow/.local/lib/python3.12/site-packages/airflow/example_dags/tutorial.py
[2024-06-09T15:18:11.323+0000] {logging_mixin.py:188} INFO - [2024-06-09T15:18:11.322+0000] {dag.py:3096} INFO - Sync 1 DAGs
[2024-06-09T15:18:11.357+0000] {logging_mixin.py:188} INFO - [2024-06-09T15:18:11.356+0000] {dag.py:3954} INFO - Setting next_dagrun for tutorial to 2024-06-08 00:00:00+00:00, run_after=2024-06-09 00:00:00+00:00
[2024-06-09T15:18:11.386+0000] {processor.py:183} INFO - Processing /home/airflow/.local/lib/python3.12/site-packages/airflow/example_dags/tutorial.py took 0.144 seconds
[2024-06-09T15:18:45.345+0000] {processor.py:161} INFO - Started process (PID=65927) to work on /home/airflow/.local/lib/python3.12/site-packages/airflow/example_dags/tutorial.py
[2024-06-09T15:18:45.347+0000] {processor.py:830} INFO - Processing file /home/airflow/.local/lib/python3.12/site-packages/airflow/example_dags/tutorial.py for tasks to queue
[2024-06-09T15:18:45.349+0000] {logging_mixin.py:188} INFO - [2024-06-09T15:18:45.348+0000] {dagbag.py:545} INFO - Filling up the DagBag from /home/airflow/.local/lib/python3.12/site-packages/airflow/example_dags/tutorial.py
[2024-06-09T15:18:45.363+0000] {processor.py:840} INFO - DAG(s) 'tutorial' retrieved from /home/airflow/.local/lib/python3.12/site-packages/airflow/example_dags/tutorial.py
[2024-06-09T15:18:45.408+0000] {logging_mixin.py:188} INFO - [2024-06-09T15:18:45.408+0000] {dag.py:3096} INFO - Sync 1 DAGs
[2024-06-09T15:18:45.457+0000] {logging_mixin.py:188} INFO - [2024-06-09T15:18:45.457+0000] {dag.py:3954} INFO - Setting next_dagrun for tutorial to 2024-06-08 00:00:00+00:00, run_after=2024-06-09 00:00:00+00:00
[2024-06-09T15:18:45.495+0000] {processor.py:183} INFO - Processing /home/airflow/.local/lib/python3.12/site-packages/airflow/example_dags/tutorial.py took 0.162 seconds
[2024-06-09T16:19:37.944+0000] {processor.py:161} INFO - Started process (PID=65981) to work on /home/airflow/.local/lib/python3.12/site-packages/airflow/example_dags/tutorial.py
[2024-06-09T16:19:37.945+0000] {processor.py:830} INFO - Processing file /home/airflow/.local/lib/python3.12/site-packages/airflow/example_dags/tutorial.py for tasks to queue
[2024-06-09T16:19:37.947+0000] {logging_mixin.py:188} INFO - [2024-06-09T16:19:37.946+0000] {dagbag.py:545} INFO - Filling up the DagBag from /home/airflow/.local/lib/python3.12/site-packages/airflow/example_dags/tutorial.py
[2024-06-09T16:19:37.955+0000] {processor.py:840} INFO - DAG(s) 'tutorial' retrieved from /home/airflow/.local/lib/python3.12/site-packages/airflow/example_dags/tutorial.py
[2024-06-09T16:19:37.980+0000] {logging_mixin.py:188} INFO - [2024-06-09T16:19:37.980+0000] {dag.py:3096} INFO - Sync 1 DAGs
[2024-06-09T16:19:38.009+0000] {logging_mixin.py:188} INFO - [2024-06-09T16:19:38.009+0000] {dag.py:3954} INFO - Setting next_dagrun for tutorial to 2024-06-08 00:00:00+00:00, run_after=2024-06-09 00:00:00+00:00
[2024-06-09T16:19:38.032+0000] {processor.py:183} INFO - Processing /home/airflow/.local/lib/python3.12/site-packages/airflow/example_dags/tutorial.py took 0.096 seconds
[2024-06-09T16:31:36.789+0000] {processor.py:161} INFO - Started process (PID=66047) to work on /home/airflow/.local/lib/python3.12/site-packages/airflow/example_dags/tutorial.py
[2024-06-09T16:31:36.791+0000] {processor.py:830} INFO - Processing file /home/airflow/.local/lib/python3.12/site-packages/airflow/example_dags/tutorial.py for tasks to queue
[2024-06-09T16:31:36.794+0000] {logging_mixin.py:188} INFO - [2024-06-09T16:31:36.793+0000] {dagbag.py:545} INFO - Filling up the DagBag from /home/airflow/.local/lib/python3.12/site-packages/airflow/example_dags/tutorial.py
[2024-06-09T16:31:36.804+0000] {processor.py:840} INFO - DAG(s) 'tutorial' retrieved from /home/airflow/.local/lib/python3.12/site-packages/airflow/example_dags/tutorial.py
[2024-06-09T16:31:36.837+0000] {logging_mixin.py:188} INFO - [2024-06-09T16:31:36.837+0000] {dag.py:3096} INFO - Sync 1 DAGs
[2024-06-09T16:31:37.045+0000] {logging_mixin.py:188} INFO - [2024-06-09T16:31:37.045+0000] {dag.py:3954} INFO - Setting next_dagrun for tutorial to 2024-06-08 00:00:00+00:00, run_after=2024-06-09 00:00:00+00:00
[2024-06-09T16:31:37.066+0000] {processor.py:183} INFO - Processing /home/airflow/.local/lib/python3.12/site-packages/airflow/example_dags/tutorial.py took 0.289 seconds
[2024-06-09T18:21:14.419+0000] {processor.py:161} INFO - Started process (PID=66112) to work on /home/airflow/.local/lib/python3.12/site-packages/airflow/example_dags/tutorial.py
[2024-06-09T18:21:14.422+0000] {processor.py:830} INFO - Processing file /home/airflow/.local/lib/python3.12/site-packages/airflow/example_dags/tutorial.py for tasks to queue
[2024-06-09T18:21:14.425+0000] {logging_mixin.py:188} INFO - [2024-06-09T18:21:14.424+0000] {dagbag.py:545} INFO - Filling up the DagBag from /home/airflow/.local/lib/python3.12/site-packages/airflow/example_dags/tutorial.py
[2024-06-09T18:21:14.438+0000] {processor.py:840} INFO - DAG(s) 'tutorial' retrieved from /home/airflow/.local/lib/python3.12/site-packages/airflow/example_dags/tutorial.py
[2024-06-09T18:21:14.486+0000] {logging_mixin.py:188} INFO - [2024-06-09T18:21:14.485+0000] {dag.py:3096} INFO - Sync 1 DAGs
[2024-06-09T18:21:14.544+0000] {logging_mixin.py:188} INFO - [2024-06-09T18:21:14.543+0000] {dag.py:3954} INFO - Setting next_dagrun for tutorial to 2024-06-08 00:00:00+00:00, run_after=2024-06-09 00:00:00+00:00
[2024-06-09T18:21:14.595+0000] {processor.py:183} INFO - Processing /home/airflow/.local/lib/python3.12/site-packages/airflow/example_dags/tutorial.py took 0.189 seconds
[2024-06-09T19:22:11.835+0000] {processor.py:161} INFO - Started process (PID=66151) to work on /home/airflow/.local/lib/python3.12/site-packages/airflow/example_dags/tutorial.py
[2024-06-09T19:22:11.837+0000] {processor.py:830} INFO - Processing file /home/airflow/.local/lib/python3.12/site-packages/airflow/example_dags/tutorial.py for tasks to queue
[2024-06-09T19:22:11.839+0000] {logging_mixin.py:188} INFO - [2024-06-09T19:22:11.838+0000] {dagbag.py:545} INFO - Filling up the DagBag from /home/airflow/.local/lib/python3.12/site-packages/airflow/example_dags/tutorial.py
[2024-06-09T19:22:11.850+0000] {processor.py:840} INFO - DAG(s) 'tutorial' retrieved from /home/airflow/.local/lib/python3.12/site-packages/airflow/example_dags/tutorial.py
[2024-06-09T19:22:11.887+0000] {logging_mixin.py:188} INFO - [2024-06-09T19:22:11.887+0000] {dag.py:3096} INFO - Sync 1 DAGs
[2024-06-09T19:22:11.924+0000] {logging_mixin.py:188} INFO - [2024-06-09T19:22:11.924+0000] {dag.py:3954} INFO - Setting next_dagrun for tutorial to 2024-06-08 00:00:00+00:00, run_after=2024-06-09 00:00:00+00:00
[2024-06-09T19:22:11.955+0000] {processor.py:183} INFO - Processing /home/airflow/.local/lib/python3.12/site-packages/airflow/example_dags/tutorial.py took 0.132 seconds
[2024-06-09T19:31:26.290+0000] {processor.py:161} INFO - Started process (PID=66211) to work on /home/airflow/.local/lib/python3.12/site-packages/airflow/example_dags/tutorial.py
[2024-06-09T19:31:26.292+0000] {processor.py:830} INFO - Processing file /home/airflow/.local/lib/python3.12/site-packages/airflow/example_dags/tutorial.py for tasks to queue
[2024-06-09T19:31:26.294+0000] {logging_mixin.py:188} INFO - [2024-06-09T19:31:26.293+0000] {dagbag.py:545} INFO - Filling up the DagBag from /home/airflow/.local/lib/python3.12/site-packages/airflow/example_dags/tutorial.py
[2024-06-09T19:31:26.304+0000] {processor.py:840} INFO - DAG(s) 'tutorial' retrieved from /home/airflow/.local/lib/python3.12/site-packages/airflow/example_dags/tutorial.py
[2024-06-09T19:31:26.340+0000] {logging_mixin.py:188} INFO - [2024-06-09T19:31:26.339+0000] {dag.py:3096} INFO - Sync 1 DAGs
[2024-06-09T19:31:26.372+0000] {logging_mixin.py:188} INFO - [2024-06-09T19:31:26.371+0000] {dag.py:3954} INFO - Setting next_dagrun for tutorial to 2024-06-08 00:00:00+00:00, run_after=2024-06-09 00:00:00+00:00
[2024-06-09T19:31:26.397+0000] {processor.py:183} INFO - Processing /home/airflow/.local/lib/python3.12/site-packages/airflow/example_dags/tutorial.py took 0.118 seconds
[2024-06-09T19:32:13.044+0000] {processor.py:161} INFO - Started process (PID=66270) to work on /home/airflow/.local/lib/python3.12/site-packages/airflow/example_dags/tutorial.py
[2024-06-09T19:32:13.059+0000] {processor.py:830} INFO - Processing file /home/airflow/.local/lib/python3.12/site-packages/airflow/example_dags/tutorial.py for tasks to queue
[2024-06-09T19:32:13.081+0000] {logging_mixin.py:188} INFO - [2024-06-09T19:32:13.074+0000] {dagbag.py:545} INFO - Filling up the DagBag from /home/airflow/.local/lib/python3.12/site-packages/airflow/example_dags/tutorial.py
[2024-06-09T19:32:13.253+0000] {processor.py:840} INFO - DAG(s) 'tutorial' retrieved from /home/airflow/.local/lib/python3.12/site-packages/airflow/example_dags/tutorial.py
[2024-06-09T19:32:13.721+0000] {logging_mixin.py:188} INFO - [2024-06-09T19:32:13.716+0000] {dag.py:3096} INFO - Sync 1 DAGs
[2024-06-09T19:32:14.352+0000] {logging_mixin.py:188} INFO - [2024-06-09T19:32:14.338+0000] {dag.py:3954} INFO - Setting next_dagrun for tutorial to 2024-06-08 00:00:00+00:00, run_after=2024-06-09 00:00:00+00:00
[2024-06-09T20:23:10.614+0000] {logging_mixin.py:188} INFO - [2024-06-09T20:23:10.614+0000] {process_utils.py:263} INFO - Waiting up to 5 seconds for processes to exit...
[2024-06-09T20:23:14.784+0000] {processor.py:161} INFO - Started process (PID=66290) to work on /home/airflow/.local/lib/python3.12/site-packages/airflow/example_dags/tutorial.py
[2024-06-09T20:23:14.786+0000] {processor.py:830} INFO - Processing file /home/airflow/.local/lib/python3.12/site-packages/airflow/example_dags/tutorial.py for tasks to queue
[2024-06-09T20:23:14.790+0000] {logging_mixin.py:188} INFO - [2024-06-09T20:23:14.789+0000] {dagbag.py:545} INFO - Filling up the DagBag from /home/airflow/.local/lib/python3.12/site-packages/airflow/example_dags/tutorial.py
[2024-06-09T20:23:14.803+0000] {processor.py:840} INFO - DAG(s) 'tutorial' retrieved from /home/airflow/.local/lib/python3.12/site-packages/airflow/example_dags/tutorial.py
[2024-06-09T20:23:14.847+0000] {logging_mixin.py:188} INFO - [2024-06-09T20:23:14.847+0000] {dag.py:3096} INFO - Sync 1 DAGs
[2024-06-09T20:23:14.889+0000] {logging_mixin.py:188} INFO - [2024-06-09T20:23:14.889+0000] {dag.py:3954} INFO - Setting next_dagrun for tutorial to 2024-06-08 00:00:00+00:00, run_after=2024-06-09 00:00:00+00:00
[2024-06-09T20:23:14.926+0000] {processor.py:183} INFO - Processing /home/airflow/.local/lib/python3.12/site-packages/airflow/example_dags/tutorial.py took 0.152 seconds
