[2024-06-09T03:05:35.236+0000] {processor.py:161} INFO - Started process (PID=64857) to work on /home/airflow/.local/lib/python3.12/site-packages/airflow/example_dags/tutorial_taskflow_api.py
[2024-06-09T03:05:35.237+0000] {processor.py:830} INFO - Processing file /home/airflow/.local/lib/python3.12/site-packages/airflow/example_dags/tutorial_taskflow_api.py for tasks to queue
[2024-06-09T03:05:35.239+0000] {logging_mixin.py:188} INFO - [2024-06-09T03:05:35.238+0000] {dagbag.py:545} INFO - Filling up the DagBag from /home/airflow/.local/lib/python3.12/site-packages/airflow/example_dags/tutorial_taskflow_api.py
[2024-06-09T03:05:35.249+0000] {processor.py:840} INFO - DAG(s) 'tutorial_taskflow_api' retrieved from /home/airflow/.local/lib/python3.12/site-packages/airflow/example_dags/tutorial_taskflow_api.py
[2024-06-09T03:05:35.280+0000] {logging_mixin.py:188} INFO - [2024-06-09T03:05:35.279+0000] {dag.py:3096} INFO - Sync 1 DAGs
[2024-06-09T03:05:35.298+0000] {logging_mixin.py:188} INFO - [2024-06-09T03:05:35.297+0000] {dag.py:3954} INFO - Setting next_dagrun for tutorial_taskflow_api to None, run_after=None
[2024-06-09T03:05:35.323+0000] {processor.py:183} INFO - Processing /home/airflow/.local/lib/python3.12/site-packages/airflow/example_dags/tutorial_taskflow_api.py took 0.097 seconds
[2024-06-09T04:06:36.435+0000] {processor.py:161} INFO - Started process (PID=64917) to work on /home/airflow/.local/lib/python3.12/site-packages/airflow/example_dags/tutorial_taskflow_api.py
[2024-06-09T04:06:36.443+0000] {processor.py:830} INFO - Processing file /home/airflow/.local/lib/python3.12/site-packages/airflow/example_dags/tutorial_taskflow_api.py for tasks to queue
[2024-06-09T04:06:36.446+0000] {logging_mixin.py:188} INFO - [2024-06-09T04:06:36.445+0000] {dagbag.py:545} INFO - Filling up the DagBag from /home/airflow/.local/lib/python3.12/site-packages/airflow/example_dags/tutorial_taskflow_api.py
[2024-06-09T04:06:36.470+0000] {processor.py:840} INFO - DAG(s) 'tutorial_taskflow_api' retrieved from /home/airflow/.local/lib/python3.12/site-packages/airflow/example_dags/tutorial_taskflow_api.py
[2024-06-09T04:06:36.517+0000] {logging_mixin.py:188} INFO - [2024-06-09T04:06:36.517+0000] {dag.py:3096} INFO - Sync 1 DAGs
[2024-06-09T04:06:36.604+0000] {logging_mixin.py:188} INFO - [2024-06-09T04:06:36.604+0000] {dag.py:3954} INFO - Setting next_dagrun for tutorial_taskflow_api to None, run_after=None
[2024-06-09T04:06:36.671+0000] {processor.py:183} INFO - Processing /home/airflow/.local/lib/python3.12/site-packages/airflow/example_dags/tutorial_taskflow_api.py took 0.250 seconds
[2024-06-09T04:07:07.279+0000] {processor.py:161} INFO - Started process (PID=64976) to work on /home/airflow/.local/lib/python3.12/site-packages/airflow/example_dags/tutorial_taskflow_api.py
[2024-06-09T04:07:07.282+0000] {processor.py:830} INFO - Processing file /home/airflow/.local/lib/python3.12/site-packages/airflow/example_dags/tutorial_taskflow_api.py for tasks to queue
[2024-06-09T04:07:07.283+0000] {logging_mixin.py:188} INFO - [2024-06-09T04:07:07.283+0000] {dagbag.py:545} INFO - Filling up the DagBag from /home/airflow/.local/lib/python3.12/site-packages/airflow/example_dags/tutorial_taskflow_api.py
[2024-06-09T04:07:07.291+0000] {processor.py:840} INFO - DAG(s) 'tutorial_taskflow_api' retrieved from /home/airflow/.local/lib/python3.12/site-packages/airflow/example_dags/tutorial_taskflow_api.py
[2024-06-09T04:07:07.326+0000] {logging_mixin.py:188} INFO - [2024-06-09T04:07:07.325+0000] {dag.py:3096} INFO - Sync 1 DAGs
[2024-06-09T04:07:07.345+0000] {logging_mixin.py:188} INFO - [2024-06-09T04:07:07.345+0000] {dag.py:3954} INFO - Setting next_dagrun for tutorial_taskflow_api to None, run_after=None
[2024-06-09T04:07:07.372+0000] {processor.py:183} INFO - Processing /home/airflow/.local/lib/python3.12/site-packages/airflow/example_dags/tutorial_taskflow_api.py took 0.101 seconds
[2024-06-09T06:07:54.449+0000] {processor.py:161} INFO - Started process (PID=65037) to work on /home/airflow/.local/lib/python3.12/site-packages/airflow/example_dags/tutorial_taskflow_api.py
[2024-06-09T06:07:54.451+0000] {processor.py:830} INFO - Processing file /home/airflow/.local/lib/python3.12/site-packages/airflow/example_dags/tutorial_taskflow_api.py for tasks to queue
[2024-06-09T06:07:54.452+0000] {logging_mixin.py:188} INFO - [2024-06-09T06:07:54.452+0000] {dagbag.py:545} INFO - Filling up the DagBag from /home/airflow/.local/lib/python3.12/site-packages/airflow/example_dags/tutorial_taskflow_api.py
[2024-06-09T06:07:54.460+0000] {processor.py:840} INFO - DAG(s) 'tutorial_taskflow_api' retrieved from /home/airflow/.local/lib/python3.12/site-packages/airflow/example_dags/tutorial_taskflow_api.py
[2024-06-09T06:07:54.486+0000] {logging_mixin.py:188} INFO - [2024-06-09T06:07:54.486+0000] {dag.py:3096} INFO - Sync 1 DAGs
[2024-06-09T06:07:54.503+0000] {logging_mixin.py:188} INFO - [2024-06-09T06:07:54.503+0000] {dag.py:3954} INFO - Setting next_dagrun for tutorial_taskflow_api to None, run_after=None
[2024-06-09T06:07:54.528+0000] {processor.py:183} INFO - Processing /home/airflow/.local/lib/python3.12/site-packages/airflow/example_dags/tutorial_taskflow_api.py took 0.087 seconds
[2024-06-09T06:08:34.508+0000] {processor.py:161} INFO - Started process (PID=65097) to work on /home/airflow/.local/lib/python3.12/site-packages/airflow/example_dags/tutorial_taskflow_api.py
[2024-06-09T06:08:34.510+0000] {processor.py:830} INFO - Processing file /home/airflow/.local/lib/python3.12/site-packages/airflow/example_dags/tutorial_taskflow_api.py for tasks to queue
[2024-06-09T06:08:34.511+0000] {logging_mixin.py:188} INFO - [2024-06-09T06:08:34.511+0000] {dagbag.py:545} INFO - Filling up the DagBag from /home/airflow/.local/lib/python3.12/site-packages/airflow/example_dags/tutorial_taskflow_api.py
[2024-06-09T06:08:34.523+0000] {processor.py:840} INFO - DAG(s) 'tutorial_taskflow_api' retrieved from /home/airflow/.local/lib/python3.12/site-packages/airflow/example_dags/tutorial_taskflow_api.py
[2024-06-09T06:08:34.557+0000] {logging_mixin.py:188} INFO - [2024-06-09T06:08:34.557+0000] {dag.py:3096} INFO - Sync 1 DAGs
[2024-06-09T06:08:34.579+0000] {logging_mixin.py:188} INFO - [2024-06-09T06:08:34.578+0000] {dag.py:3954} INFO - Setting next_dagrun for tutorial_taskflow_api to None, run_after=None
[2024-06-09T06:08:34.612+0000] {processor.py:183} INFO - Processing /home/airflow/.local/lib/python3.12/site-packages/airflow/example_dags/tutorial_taskflow_api.py took 0.114 seconds
[2024-06-09T07:09:19.425+0000] {processor.py:161} INFO - Started process (PID=65151) to work on /home/airflow/.local/lib/python3.12/site-packages/airflow/example_dags/tutorial_taskflow_api.py
[2024-06-09T07:09:19.426+0000] {processor.py:830} INFO - Processing file /home/airflow/.local/lib/python3.12/site-packages/airflow/example_dags/tutorial_taskflow_api.py for tasks to queue
[2024-06-09T07:09:19.428+0000] {logging_mixin.py:188} INFO - [2024-06-09T07:09:19.427+0000] {dagbag.py:545} INFO - Filling up the DagBag from /home/airflow/.local/lib/python3.12/site-packages/airflow/example_dags/tutorial_taskflow_api.py
[2024-06-09T07:09:19.437+0000] {processor.py:840} INFO - DAG(s) 'tutorial_taskflow_api' retrieved from /home/airflow/.local/lib/python3.12/site-packages/airflow/example_dags/tutorial_taskflow_api.py
[2024-06-09T07:09:19.463+0000] {logging_mixin.py:188} INFO - [2024-06-09T07:09:19.463+0000] {dag.py:3096} INFO - Sync 1 DAGs
[2024-06-09T07:09:19.480+0000] {logging_mixin.py:188} INFO - [2024-06-09T07:09:19.480+0000] {dag.py:3954} INFO - Setting next_dagrun for tutorial_taskflow_api to None, run_after=None
[2024-06-09T07:09:19.505+0000] {processor.py:183} INFO - Processing /home/airflow/.local/lib/python3.12/site-packages/airflow/example_dags/tutorial_taskflow_api.py took 0.087 seconds
[2024-06-09T08:10:18.873+0000] {processor.py:161} INFO - Started process (PID=65211) to work on /home/airflow/.local/lib/python3.12/site-packages/airflow/example_dags/tutorial_taskflow_api.py
[2024-06-09T08:10:18.875+0000] {processor.py:830} INFO - Processing file /home/airflow/.local/lib/python3.12/site-packages/airflow/example_dags/tutorial_taskflow_api.py for tasks to queue
[2024-06-09T08:10:18.877+0000] {logging_mixin.py:188} INFO - [2024-06-09T08:10:18.876+0000] {dagbag.py:545} INFO - Filling up the DagBag from /home/airflow/.local/lib/python3.12/site-packages/airflow/example_dags/tutorial_taskflow_api.py
[2024-06-09T08:10:18.887+0000] {processor.py:840} INFO - DAG(s) 'tutorial_taskflow_api' retrieved from /home/airflow/.local/lib/python3.12/site-packages/airflow/example_dags/tutorial_taskflow_api.py
[2024-06-09T08:10:18.917+0000] {logging_mixin.py:188} INFO - [2024-06-09T08:10:18.916+0000] {dag.py:3096} INFO - Sync 1 DAGs
[2024-06-09T08:10:18.936+0000] {logging_mixin.py:188} INFO - [2024-06-09T08:10:18.936+0000] {dag.py:3954} INFO - Setting next_dagrun for tutorial_taskflow_api to None, run_after=None
[2024-06-09T08:10:18.963+0000] {processor.py:183} INFO - Processing /home/airflow/.local/lib/python3.12/site-packages/airflow/example_dags/tutorial_taskflow_api.py took 0.098 seconds
[2024-06-09T09:11:15.747+0000] {processor.py:161} INFO - Started process (PID=65271) to work on /home/airflow/.local/lib/python3.12/site-packages/airflow/example_dags/tutorial_taskflow_api.py
[2024-06-09T09:11:15.749+0000] {processor.py:830} INFO - Processing file /home/airflow/.local/lib/python3.12/site-packages/airflow/example_dags/tutorial_taskflow_api.py for tasks to queue
[2024-06-09T09:11:15.751+0000] {logging_mixin.py:188} INFO - [2024-06-09T09:11:15.750+0000] {dagbag.py:545} INFO - Filling up the DagBag from /home/airflow/.local/lib/python3.12/site-packages/airflow/example_dags/tutorial_taskflow_api.py
[2024-06-09T09:11:15.765+0000] {processor.py:840} INFO - DAG(s) 'tutorial_taskflow_api' retrieved from /home/airflow/.local/lib/python3.12/site-packages/airflow/example_dags/tutorial_taskflow_api.py
[2024-06-09T09:11:15.807+0000] {logging_mixin.py:188} INFO - [2024-06-09T09:11:15.806+0000] {dag.py:3096} INFO - Sync 1 DAGs
[2024-06-09T09:11:15.868+0000] {logging_mixin.py:188} INFO - [2024-06-09T09:11:15.868+0000] {dag.py:3954} INFO - Setting next_dagrun for tutorial_taskflow_api to None, run_after=None
[2024-06-09T09:11:15.914+0000] {processor.py:183} INFO - Processing /home/airflow/.local/lib/python3.12/site-packages/airflow/example_dags/tutorial_taskflow_api.py took 0.179 seconds
[2024-06-09T09:11:54.196+0000] {processor.py:161} INFO - Started process (PID=65337) to work on /home/airflow/.local/lib/python3.12/site-packages/airflow/example_dags/tutorial_taskflow_api.py
[2024-06-09T09:11:54.198+0000] {processor.py:830} INFO - Processing file /home/airflow/.local/lib/python3.12/site-packages/airflow/example_dags/tutorial_taskflow_api.py for tasks to queue
[2024-06-09T09:11:54.200+0000] {logging_mixin.py:188} INFO - [2024-06-09T09:11:54.199+0000] {dagbag.py:545} INFO - Filling up the DagBag from /home/airflow/.local/lib/python3.12/site-packages/airflow/example_dags/tutorial_taskflow_api.py
[2024-06-09T09:11:54.213+0000] {processor.py:840} INFO - DAG(s) 'tutorial_taskflow_api' retrieved from /home/airflow/.local/lib/python3.12/site-packages/airflow/example_dags/tutorial_taskflow_api.py
[2024-06-09T09:11:54.256+0000] {logging_mixin.py:188} INFO - [2024-06-09T09:11:54.255+0000] {dag.py:3096} INFO - Sync 1 DAGs
[2024-06-09T09:11:54.288+0000] {logging_mixin.py:188} INFO - [2024-06-09T09:11:54.288+0000] {dag.py:3954} INFO - Setting next_dagrun for tutorial_taskflow_api to None, run_after=None
[2024-06-09T09:11:54.340+0000] {processor.py:183} INFO - Processing /home/airflow/.local/lib/python3.12/site-packages/airflow/example_dags/tutorial_taskflow_api.py took 0.154 seconds
[2024-06-09T10:12:46.373+0000] {processor.py:161} INFO - Started process (PID=65391) to work on /home/airflow/.local/lib/python3.12/site-packages/airflow/example_dags/tutorial_taskflow_api.py
[2024-06-09T10:12:46.375+0000] {processor.py:830} INFO - Processing file /home/airflow/.local/lib/python3.12/site-packages/airflow/example_dags/tutorial_taskflow_api.py for tasks to queue
[2024-06-09T10:12:46.376+0000] {logging_mixin.py:188} INFO - [2024-06-09T10:12:46.375+0000] {dagbag.py:545} INFO - Filling up the DagBag from /home/airflow/.local/lib/python3.12/site-packages/airflow/example_dags/tutorial_taskflow_api.py
[2024-06-09T10:12:46.387+0000] {processor.py:840} INFO - DAG(s) 'tutorial_taskflow_api' retrieved from /home/airflow/.local/lib/python3.12/site-packages/airflow/example_dags/tutorial_taskflow_api.py
[2024-06-09T10:12:46.416+0000] {logging_mixin.py:188} INFO - [2024-06-09T10:12:46.416+0000] {dag.py:3096} INFO - Sync 1 DAGs
[2024-06-09T10:12:46.435+0000] {logging_mixin.py:188} INFO - [2024-06-09T10:12:46.434+0000] {dag.py:3954} INFO - Setting next_dagrun for tutorial_taskflow_api to None, run_after=None
[2024-06-09T10:12:46.461+0000] {processor.py:183} INFO - Processing /home/airflow/.local/lib/python3.12/site-packages/airflow/example_dags/tutorial_taskflow_api.py took 0.097 seconds
[2024-06-09T11:13:43.903+0000] {processor.py:161} INFO - Started process (PID=65451) to work on /home/airflow/.local/lib/python3.12/site-packages/airflow/example_dags/tutorial_taskflow_api.py
[2024-06-09T11:13:43.905+0000] {processor.py:830} INFO - Processing file /home/airflow/.local/lib/python3.12/site-packages/airflow/example_dags/tutorial_taskflow_api.py for tasks to queue
[2024-06-09T11:13:43.907+0000] {logging_mixin.py:188} INFO - [2024-06-09T11:13:43.906+0000] {dagbag.py:545} INFO - Filling up the DagBag from /home/airflow/.local/lib/python3.12/site-packages/airflow/example_dags/tutorial_taskflow_api.py
[2024-06-09T11:13:43.915+0000] {processor.py:840} INFO - DAG(s) 'tutorial_taskflow_api' retrieved from /home/airflow/.local/lib/python3.12/site-packages/airflow/example_dags/tutorial_taskflow_api.py
[2024-06-09T11:13:43.942+0000] {logging_mixin.py:188} INFO - [2024-06-09T11:13:43.941+0000] {dag.py:3096} INFO - Sync 1 DAGs
[2024-06-09T11:13:43.958+0000] {logging_mixin.py:188} INFO - [2024-06-09T11:13:43.958+0000] {dag.py:3954} INFO - Setting next_dagrun for tutorial_taskflow_api to None, run_after=None
[2024-06-09T11:13:43.983+0000] {processor.py:183} INFO - Processing /home/airflow/.local/lib/python3.12/site-packages/airflow/example_dags/tutorial_taskflow_api.py took 0.087 seconds
[2024-06-09T11:18:34.596+0000] {processor.py:161} INFO - Started process (PID=65511) to work on /home/airflow/.local/lib/python3.12/site-packages/airflow/example_dags/tutorial_taskflow_api.py
[2024-06-09T11:18:34.599+0000] {processor.py:830} INFO - Processing file /home/airflow/.local/lib/python3.12/site-packages/airflow/example_dags/tutorial_taskflow_api.py for tasks to queue
[2024-06-09T11:18:34.601+0000] {logging_mixin.py:188} INFO - [2024-06-09T11:18:34.600+0000] {dagbag.py:545} INFO - Filling up the DagBag from /home/airflow/.local/lib/python3.12/site-packages/airflow/example_dags/tutorial_taskflow_api.py
[2024-06-09T11:18:34.616+0000] {processor.py:840} INFO - DAG(s) 'tutorial_taskflow_api' retrieved from /home/airflow/.local/lib/python3.12/site-packages/airflow/example_dags/tutorial_taskflow_api.py
[2024-06-09T11:18:34.657+0000] {logging_mixin.py:188} INFO - [2024-06-09T11:18:34.656+0000] {dag.py:3096} INFO - Sync 1 DAGs
[2024-06-09T11:18:34.680+0000] {logging_mixin.py:188} INFO - [2024-06-09T11:18:34.680+0000] {dag.py:3954} INFO - Setting next_dagrun for tutorial_taskflow_api to None, run_after=None
[2024-06-09T11:18:34.716+0000] {processor.py:183} INFO - Processing /home/airflow/.local/lib/python3.12/site-packages/airflow/example_dags/tutorial_taskflow_api.py took 0.134 seconds
[2024-06-09T11:19:04.816+0000] {processor.py:161} INFO - Started process (PID=65575) to work on /home/airflow/.local/lib/python3.12/site-packages/airflow/example_dags/tutorial_taskflow_api.py
[2024-06-09T11:19:04.818+0000] {processor.py:830} INFO - Processing file /home/airflow/.local/lib/python3.12/site-packages/airflow/example_dags/tutorial_taskflow_api.py for tasks to queue
[2024-06-09T11:19:04.820+0000] {logging_mixin.py:188} INFO - [2024-06-09T11:19:04.819+0000] {dagbag.py:545} INFO - Filling up the DagBag from /home/airflow/.local/lib/python3.12/site-packages/airflow/example_dags/tutorial_taskflow_api.py
[2024-06-09T11:19:04.829+0000] {processor.py:840} INFO - DAG(s) 'tutorial_taskflow_api' retrieved from /home/airflow/.local/lib/python3.12/site-packages/airflow/example_dags/tutorial_taskflow_api.py
[2024-06-09T11:19:04.857+0000] {logging_mixin.py:188} INFO - [2024-06-09T11:19:04.856+0000] {dag.py:3096} INFO - Sync 1 DAGs
[2024-06-09T11:19:04.874+0000] {logging_mixin.py:188} INFO - [2024-06-09T11:19:04.873+0000] {dag.py:3954} INFO - Setting next_dagrun for tutorial_taskflow_api to None, run_after=None
[2024-06-09T11:19:04.898+0000] {processor.py:183} INFO - Processing /home/airflow/.local/lib/python3.12/site-packages/airflow/example_dags/tutorial_taskflow_api.py took 0.091 seconds
[2024-06-09T12:14:49.466+0000] {processor.py:161} INFO - Started process (PID=65630) to work on /home/airflow/.local/lib/python3.12/site-packages/airflow/example_dags/tutorial_taskflow_api.py
[2024-06-09T12:14:49.468+0000] {processor.py:830} INFO - Processing file /home/airflow/.local/lib/python3.12/site-packages/airflow/example_dags/tutorial_taskflow_api.py for tasks to queue
[2024-06-09T12:14:49.470+0000] {logging_mixin.py:188} INFO - [2024-06-09T12:14:49.469+0000] {dagbag.py:545} INFO - Filling up the DagBag from /home/airflow/.local/lib/python3.12/site-packages/airflow/example_dags/tutorial_taskflow_api.py
[2024-06-09T12:14:49.479+0000] {processor.py:840} INFO - DAG(s) 'tutorial_taskflow_api' retrieved from /home/airflow/.local/lib/python3.12/site-packages/airflow/example_dags/tutorial_taskflow_api.py
[2024-06-09T12:14:49.509+0000] {logging_mixin.py:188} INFO - [2024-06-09T12:14:49.509+0000] {dag.py:3096} INFO - Sync 1 DAGs
[2024-06-09T12:14:49.528+0000] {logging_mixin.py:188} INFO - [2024-06-09T12:14:49.527+0000] {dag.py:3954} INFO - Setting next_dagrun for tutorial_taskflow_api to None, run_after=None
[2024-06-09T12:14:49.555+0000] {processor.py:183} INFO - Processing /home/airflow/.local/lib/python3.12/site-packages/airflow/example_dags/tutorial_taskflow_api.py took 0.099 seconds
[2024-06-09T13:15:47.577+0000] {processor.py:161} INFO - Started process (PID=65690) to work on /home/airflow/.local/lib/python3.12/site-packages/airflow/example_dags/tutorial_taskflow_api.py
[2024-06-09T13:15:47.580+0000] {processor.py:830} INFO - Processing file /home/airflow/.local/lib/python3.12/site-packages/airflow/example_dags/tutorial_taskflow_api.py for tasks to queue
[2024-06-09T13:15:47.581+0000] {logging_mixin.py:188} INFO - [2024-06-09T13:15:47.581+0000] {dagbag.py:545} INFO - Filling up the DagBag from /home/airflow/.local/lib/python3.12/site-packages/airflow/example_dags/tutorial_taskflow_api.py
[2024-06-09T13:15:47.593+0000] {processor.py:840} INFO - DAG(s) 'tutorial_taskflow_api' retrieved from /home/airflow/.local/lib/python3.12/site-packages/airflow/example_dags/tutorial_taskflow_api.py
[2024-06-09T13:15:47.625+0000] {logging_mixin.py:188} INFO - [2024-06-09T13:15:47.624+0000] {dag.py:3096} INFO - Sync 1 DAGs
[2024-06-09T13:15:47.644+0000] {logging_mixin.py:188} INFO - [2024-06-09T13:15:47.644+0000] {dag.py:3954} INFO - Setting next_dagrun for tutorial_taskflow_api to None, run_after=None
[2024-06-09T13:15:47.675+0000] {processor.py:183} INFO - Processing /home/airflow/.local/lib/python3.12/site-packages/airflow/example_dags/tutorial_taskflow_api.py took 0.108 seconds
[2024-06-09T13:16:25.958+0000] {processor.py:161} INFO - Started process (PID=65749) to work on /home/airflow/.local/lib/python3.12/site-packages/airflow/example_dags/tutorial_taskflow_api.py
[2024-06-09T13:16:26.153+0000] {processor.py:830} INFO - Processing file /home/airflow/.local/lib/python3.12/site-packages/airflow/example_dags/tutorial_taskflow_api.py for tasks to queue
[2024-06-09T13:16:26.199+0000] {logging_mixin.py:188} INFO - [2024-06-09T13:16:26.193+0000] {dagbag.py:545} INFO - Filling up the DagBag from /home/airflow/.local/lib/python3.12/site-packages/airflow/example_dags/tutorial_taskflow_api.py
[2024-06-09T13:16:26.382+0000] {processor.py:840} INFO - DAG(s) 'tutorial_taskflow_api' retrieved from /home/airflow/.local/lib/python3.12/site-packages/airflow/example_dags/tutorial_taskflow_api.py
[2024-06-09T13:16:27.092+0000] {logging_mixin.py:188} INFO - [2024-06-09T13:16:27.092+0000] {dag.py:3096} INFO - Sync 1 DAGs
[2024-06-09T13:16:27.262+0000] {logging_mixin.py:188} INFO - [2024-06-09T13:16:27.262+0000] {dag.py:3954} INFO - Setting next_dagrun for tutorial_taskflow_api to None, run_after=None
[2024-06-09T13:16:27.358+0000] {processor.py:183} INFO - Processing /home/airflow/.local/lib/python3.12/site-packages/airflow/example_dags/tutorial_taskflow_api.py took 9.556 seconds
[2024-06-09T14:17:12.284+0000] {processor.py:161} INFO - Started process (PID=65810) to work on /home/airflow/.local/lib/python3.12/site-packages/airflow/example_dags/tutorial_taskflow_api.py
[2024-06-09T14:17:12.285+0000] {processor.py:830} INFO - Processing file /home/airflow/.local/lib/python3.12/site-packages/airflow/example_dags/tutorial_taskflow_api.py for tasks to queue
[2024-06-09T14:17:12.286+0000] {logging_mixin.py:188} INFO - [2024-06-09T14:17:12.286+0000] {dagbag.py:545} INFO - Filling up the DagBag from /home/airflow/.local/lib/python3.12/site-packages/airflow/example_dags/tutorial_taskflow_api.py
[2024-06-09T14:17:12.295+0000] {processor.py:840} INFO - DAG(s) 'tutorial_taskflow_api' retrieved from /home/airflow/.local/lib/python3.12/site-packages/airflow/example_dags/tutorial_taskflow_api.py
[2024-06-09T14:17:12.324+0000] {logging_mixin.py:188} INFO - [2024-06-09T14:17:12.323+0000] {dag.py:3096} INFO - Sync 1 DAGs
[2024-06-09T14:17:12.342+0000] {logging_mixin.py:188} INFO - [2024-06-09T14:17:12.341+0000] {dag.py:3954} INFO - Setting next_dagrun for tutorial_taskflow_api to None, run_after=None
[2024-06-09T14:17:12.367+0000] {processor.py:183} INFO - Processing /home/airflow/.local/lib/python3.12/site-packages/airflow/example_dags/tutorial_taskflow_api.py took 0.091 seconds
[2024-06-09T15:18:11.490+0000] {processor.py:161} INFO - Started process (PID=65870) to work on /home/airflow/.local/lib/python3.12/site-packages/airflow/example_dags/tutorial_taskflow_api.py
[2024-06-09T15:18:11.491+0000] {processor.py:830} INFO - Processing file /home/airflow/.local/lib/python3.12/site-packages/airflow/example_dags/tutorial_taskflow_api.py for tasks to queue
[2024-06-09T15:18:11.492+0000] {logging_mixin.py:188} INFO - [2024-06-09T15:18:11.492+0000] {dagbag.py:545} INFO - Filling up the DagBag from /home/airflow/.local/lib/python3.12/site-packages/airflow/example_dags/tutorial_taskflow_api.py
[2024-06-09T15:18:11.501+0000] {processor.py:840} INFO - DAG(s) 'tutorial_taskflow_api' retrieved from /home/airflow/.local/lib/python3.12/site-packages/airflow/example_dags/tutorial_taskflow_api.py
[2024-06-09T15:18:11.527+0000] {logging_mixin.py:188} INFO - [2024-06-09T15:18:11.527+0000] {dag.py:3096} INFO - Sync 1 DAGs
[2024-06-09T15:18:11.545+0000] {logging_mixin.py:188} INFO - [2024-06-09T15:18:11.544+0000] {dag.py:3954} INFO - Setting next_dagrun for tutorial_taskflow_api to None, run_after=None
[2024-06-09T15:18:11.569+0000] {processor.py:183} INFO - Processing /home/airflow/.local/lib/python3.12/site-packages/airflow/example_dags/tutorial_taskflow_api.py took 0.087 seconds
[2024-06-09T15:18:45.592+0000] {processor.py:161} INFO - Started process (PID=65930) to work on /home/airflow/.local/lib/python3.12/site-packages/airflow/example_dags/tutorial_taskflow_api.py
[2024-06-09T15:18:45.594+0000] {processor.py:830} INFO - Processing file /home/airflow/.local/lib/python3.12/site-packages/airflow/example_dags/tutorial_taskflow_api.py for tasks to queue
[2024-06-09T15:18:45.596+0000] {logging_mixin.py:188} INFO - [2024-06-09T15:18:45.595+0000] {dagbag.py:545} INFO - Filling up the DagBag from /home/airflow/.local/lib/python3.12/site-packages/airflow/example_dags/tutorial_taskflow_api.py
[2024-06-09T15:18:45.609+0000] {processor.py:840} INFO - DAG(s) 'tutorial_taskflow_api' retrieved from /home/airflow/.local/lib/python3.12/site-packages/airflow/example_dags/tutorial_taskflow_api.py
[2024-06-09T15:18:45.651+0000] {logging_mixin.py:188} INFO - [2024-06-09T15:18:45.651+0000] {dag.py:3096} INFO - Sync 1 DAGs
[2024-06-09T15:18:45.684+0000] {logging_mixin.py:188} INFO - [2024-06-09T15:18:45.683+0000] {dag.py:3954} INFO - Setting next_dagrun for tutorial_taskflow_api to None, run_after=None
[2024-06-09T15:18:45.741+0000] {processor.py:183} INFO - Processing /home/airflow/.local/lib/python3.12/site-packages/airflow/example_dags/tutorial_taskflow_api.py took 0.161 seconds
[2024-06-09T16:19:38.103+0000] {processor.py:161} INFO - Started process (PID=65984) to work on /home/airflow/.local/lib/python3.12/site-packages/airflow/example_dags/tutorial_taskflow_api.py
[2024-06-09T16:19:38.105+0000] {processor.py:830} INFO - Processing file /home/airflow/.local/lib/python3.12/site-packages/airflow/example_dags/tutorial_taskflow_api.py for tasks to queue
[2024-06-09T16:19:38.106+0000] {logging_mixin.py:188} INFO - [2024-06-09T16:19:38.106+0000] {dagbag.py:545} INFO - Filling up the DagBag from /home/airflow/.local/lib/python3.12/site-packages/airflow/example_dags/tutorial_taskflow_api.py
[2024-06-09T16:19:38.116+0000] {processor.py:840} INFO - DAG(s) 'tutorial_taskflow_api' retrieved from /home/airflow/.local/lib/python3.12/site-packages/airflow/example_dags/tutorial_taskflow_api.py
[2024-06-09T16:19:38.146+0000] {logging_mixin.py:188} INFO - [2024-06-09T16:19:38.146+0000] {dag.py:3096} INFO - Sync 1 DAGs
[2024-06-09T16:19:38.167+0000] {logging_mixin.py:188} INFO - [2024-06-09T16:19:38.166+0000] {dag.py:3954} INFO - Setting next_dagrun for tutorial_taskflow_api to None, run_after=None
[2024-06-09T16:19:38.194+0000] {processor.py:183} INFO - Processing /home/airflow/.local/lib/python3.12/site-packages/airflow/example_dags/tutorial_taskflow_api.py took 0.100 seconds
[2024-06-09T16:31:37.558+0000] {processor.py:161} INFO - Started process (PID=66050) to work on /home/airflow/.local/lib/python3.12/site-packages/airflow/example_dags/tutorial_taskflow_api.py
[2024-06-09T16:31:37.560+0000] {processor.py:830} INFO - Processing file /home/airflow/.local/lib/python3.12/site-packages/airflow/example_dags/tutorial_taskflow_api.py for tasks to queue
[2024-06-09T16:31:37.562+0000] {logging_mixin.py:188} INFO - [2024-06-09T16:31:37.561+0000] {dagbag.py:545} INFO - Filling up the DagBag from /home/airflow/.local/lib/python3.12/site-packages/airflow/example_dags/tutorial_taskflow_api.py
[2024-06-09T16:31:37.571+0000] {processor.py:840} INFO - DAG(s) 'tutorial_taskflow_api' retrieved from /home/airflow/.local/lib/python3.12/site-packages/airflow/example_dags/tutorial_taskflow_api.py
[2024-06-09T16:31:37.602+0000] {logging_mixin.py:188} INFO - [2024-06-09T16:31:37.602+0000] {dag.py:3096} INFO - Sync 1 DAGs
[2024-06-09T16:31:37.896+0000] {logging_mixin.py:188} INFO - [2024-06-09T16:31:37.896+0000] {dag.py:3954} INFO - Setting next_dagrun for tutorial_taskflow_api to None, run_after=None
[2024-06-09T16:31:37.921+0000] {processor.py:183} INFO - Processing /home/airflow/.local/lib/python3.12/site-packages/airflow/example_dags/tutorial_taskflow_api.py took 0.374 seconds
[2024-06-09T18:21:14.669+0000] {processor.py:161} INFO - Started process (PID=66115) to work on /home/airflow/.local/lib/python3.12/site-packages/airflow/example_dags/tutorial_taskflow_api.py
[2024-06-09T18:21:14.671+0000] {processor.py:830} INFO - Processing file /home/airflow/.local/lib/python3.12/site-packages/airflow/example_dags/tutorial_taskflow_api.py for tasks to queue
[2024-06-09T18:21:14.673+0000] {logging_mixin.py:188} INFO - [2024-06-09T18:21:14.672+0000] {dagbag.py:545} INFO - Filling up the DagBag from /home/airflow/.local/lib/python3.12/site-packages/airflow/example_dags/tutorial_taskflow_api.py
[2024-06-09T18:21:14.686+0000] {processor.py:840} INFO - DAG(s) 'tutorial_taskflow_api' retrieved from /home/airflow/.local/lib/python3.12/site-packages/airflow/example_dags/tutorial_taskflow_api.py
[2024-06-09T18:21:14.744+0000] {logging_mixin.py:188} INFO - [2024-06-09T18:21:14.744+0000] {dag.py:3096} INFO - Sync 1 DAGs
[2024-06-09T18:21:14.777+0000] {logging_mixin.py:188} INFO - [2024-06-09T18:21:14.777+0000] {dag.py:3954} INFO - Setting next_dagrun for tutorial_taskflow_api to None, run_after=None
[2024-06-09T18:21:14.824+0000] {processor.py:183} INFO - Processing /home/airflow/.local/lib/python3.12/site-packages/airflow/example_dags/tutorial_taskflow_api.py took 0.167 seconds
[2024-06-09T19:22:12.015+0000] {processor.py:161} INFO - Started process (PID=66154) to work on /home/airflow/.local/lib/python3.12/site-packages/airflow/example_dags/tutorial_taskflow_api.py
[2024-06-09T19:22:12.016+0000] {processor.py:830} INFO - Processing file /home/airflow/.local/lib/python3.12/site-packages/airflow/example_dags/tutorial_taskflow_api.py for tasks to queue
[2024-06-09T19:22:12.019+0000] {logging_mixin.py:188} INFO - [2024-06-09T19:22:12.018+0000] {dagbag.py:545} INFO - Filling up the DagBag from /home/airflow/.local/lib/python3.12/site-packages/airflow/example_dags/tutorial_taskflow_api.py
[2024-06-09T19:22:12.029+0000] {processor.py:840} INFO - DAG(s) 'tutorial_taskflow_api' retrieved from /home/airflow/.local/lib/python3.12/site-packages/airflow/example_dags/tutorial_taskflow_api.py
[2024-06-09T19:22:12.066+0000] {logging_mixin.py:188} INFO - [2024-06-09T19:22:12.066+0000] {dag.py:3096} INFO - Sync 1 DAGs
[2024-06-09T19:22:12.090+0000] {logging_mixin.py:188} INFO - [2024-06-09T19:22:12.090+0000] {dag.py:3954} INFO - Setting next_dagrun for tutorial_taskflow_api to None, run_after=None
[2024-06-09T19:22:12.123+0000] {processor.py:183} INFO - Processing /home/airflow/.local/lib/python3.12/site-packages/airflow/example_dags/tutorial_taskflow_api.py took 0.120 seconds
[2024-06-09T19:31:26.473+0000] {processor.py:161} INFO - Started process (PID=66214) to work on /home/airflow/.local/lib/python3.12/site-packages/airflow/example_dags/tutorial_taskflow_api.py
[2024-06-09T19:31:26.474+0000] {processor.py:830} INFO - Processing file /home/airflow/.local/lib/python3.12/site-packages/airflow/example_dags/tutorial_taskflow_api.py for tasks to queue
[2024-06-09T19:31:26.476+0000] {logging_mixin.py:188} INFO - [2024-06-09T19:31:26.476+0000] {dagbag.py:545} INFO - Filling up the DagBag from /home/airflow/.local/lib/python3.12/site-packages/airflow/example_dags/tutorial_taskflow_api.py
[2024-06-09T19:31:26.485+0000] {processor.py:840} INFO - DAG(s) 'tutorial_taskflow_api' retrieved from /home/airflow/.local/lib/python3.12/site-packages/airflow/example_dags/tutorial_taskflow_api.py
[2024-06-09T19:31:26.519+0000] {logging_mixin.py:188} INFO - [2024-06-09T19:31:26.519+0000] {dag.py:3096} INFO - Sync 1 DAGs
[2024-06-09T19:31:26.539+0000] {logging_mixin.py:188} INFO - [2024-06-09T19:31:26.539+0000] {dag.py:3954} INFO - Setting next_dagrun for tutorial_taskflow_api to None, run_after=None
[2024-06-09T19:31:26.567+0000] {processor.py:183} INFO - Processing /home/airflow/.local/lib/python3.12/site-packages/airflow/example_dags/tutorial_taskflow_api.py took 0.103 seconds
[2024-06-09T20:23:15.120+0000] {processor.py:161} INFO - Started process (PID=66293) to work on /home/airflow/.local/lib/python3.12/site-packages/airflow/example_dags/tutorial_taskflow_api.py
[2024-06-09T20:23:15.121+0000] {processor.py:830} INFO - Processing file /home/airflow/.local/lib/python3.12/site-packages/airflow/example_dags/tutorial_taskflow_api.py for tasks to queue
[2024-06-09T20:23:15.123+0000] {logging_mixin.py:188} INFO - [2024-06-09T20:23:15.123+0000] {dagbag.py:545} INFO - Filling up the DagBag from /home/airflow/.local/lib/python3.12/site-packages/airflow/example_dags/tutorial_taskflow_api.py
[2024-06-09T20:23:15.134+0000] {processor.py:840} INFO - DAG(s) 'tutorial_taskflow_api' retrieved from /home/airflow/.local/lib/python3.12/site-packages/airflow/example_dags/tutorial_taskflow_api.py
[2024-06-09T20:23:15.177+0000] {logging_mixin.py:188} INFO - [2024-06-09T20:23:15.176+0000] {dag.py:3096} INFO - Sync 1 DAGs
[2024-06-09T20:23:15.205+0000] {logging_mixin.py:188} INFO - [2024-06-09T20:23:15.205+0000] {dag.py:3954} INFO - Setting next_dagrun for tutorial_taskflow_api to None, run_after=None
[2024-06-09T20:23:15.246+0000] {processor.py:183} INFO - Processing /home/airflow/.local/lib/python3.12/site-packages/airflow/example_dags/tutorial_taskflow_api.py took 0.139 seconds
