[2024-06-09T03:05:35.568+0000] {processor.py:161} INFO - Started process (PID=64860) to work on /home/airflow/.local/lib/python3.12/site-packages/airflow/example_dags/tutorial_taskflow_api_virtualenv.py
[2024-06-09T03:05:35.569+0000] {processor.py:830} INFO - Processing file /home/airflow/.local/lib/python3.12/site-packages/airflow/example_dags/tutorial_taskflow_api_virtualenv.py for tasks to queue
[2024-06-09T03:05:35.570+0000] {logging_mixin.py:188} INFO - [2024-06-09T03:05:35.570+0000] {dagbag.py:545} INFO - Filling up the DagBag from /home/airflow/.local/lib/python3.12/site-packages/airflow/example_dags/tutorial_taskflow_api_virtualenv.py
[2024-06-09T03:05:35.584+0000] {processor.py:840} INFO - DAG(s) 'tutorial_taskflow_api_virtualenv' retrieved from /home/airflow/.local/lib/python3.12/site-packages/airflow/example_dags/tutorial_taskflow_api_virtualenv.py
[2024-06-09T03:05:35.610+0000] {logging_mixin.py:188} INFO - [2024-06-09T03:05:35.609+0000] {dag.py:3096} INFO - Sync 1 DAGs
[2024-06-09T03:05:35.627+0000] {logging_mixin.py:188} INFO - [2024-06-09T03:05:35.627+0000] {dag.py:3954} INFO - Setting next_dagrun for tutorial_taskflow_api_virtualenv to None, run_after=None
[2024-06-09T03:05:35.651+0000] {processor.py:183} INFO - Processing /home/airflow/.local/lib/python3.12/site-packages/airflow/example_dags/tutorial_taskflow_api_virtualenv.py took 0.091 seconds
[2024-06-09T04:06:37.257+0000] {processor.py:161} INFO - Started process (PID=64920) to work on /home/airflow/.local/lib/python3.12/site-packages/airflow/example_dags/tutorial_taskflow_api_virtualenv.py
[2024-06-09T04:06:37.260+0000] {processor.py:830} INFO - Processing file /home/airflow/.local/lib/python3.12/site-packages/airflow/example_dags/tutorial_taskflow_api_virtualenv.py for tasks to queue
[2024-06-09T04:06:37.262+0000] {logging_mixin.py:188} INFO - [2024-06-09T04:06:37.262+0000] {dagbag.py:545} INFO - Filling up the DagBag from /home/airflow/.local/lib/python3.12/site-packages/airflow/example_dags/tutorial_taskflow_api_virtualenv.py
[2024-06-09T04:06:37.285+0000] {processor.py:840} INFO - DAG(s) 'tutorial_taskflow_api_virtualenv' retrieved from /home/airflow/.local/lib/python3.12/site-packages/airflow/example_dags/tutorial_taskflow_api_virtualenv.py
[2024-06-09T04:06:37.335+0000] {logging_mixin.py:188} INFO - [2024-06-09T04:06:37.335+0000] {dag.py:3096} INFO - Sync 1 DAGs
[2024-06-09T04:06:37.370+0000] {logging_mixin.py:188} INFO - [2024-06-09T04:06:37.370+0000] {dag.py:3954} INFO - Setting next_dagrun for tutorial_taskflow_api_virtualenv to None, run_after=None
[2024-06-09T04:06:37.416+0000] {processor.py:183} INFO - Processing /home/airflow/.local/lib/python3.12/site-packages/airflow/example_dags/tutorial_taskflow_api_virtualenv.py took 0.170 seconds
[2024-06-09T04:07:07.594+0000] {processor.py:161} INFO - Started process (PID=64980) to work on /home/airflow/.local/lib/python3.12/site-packages/airflow/example_dags/tutorial_taskflow_api_virtualenv.py
[2024-06-09T04:07:07.595+0000] {processor.py:830} INFO - Processing file /home/airflow/.local/lib/python3.12/site-packages/airflow/example_dags/tutorial_taskflow_api_virtualenv.py for tasks to queue
[2024-06-09T04:07:07.596+0000] {logging_mixin.py:188} INFO - [2024-06-09T04:07:07.596+0000] {dagbag.py:545} INFO - Filling up the DagBag from /home/airflow/.local/lib/python3.12/site-packages/airflow/example_dags/tutorial_taskflow_api_virtualenv.py
[2024-06-09T04:07:07.610+0000] {processor.py:840} INFO - DAG(s) 'tutorial_taskflow_api_virtualenv' retrieved from /home/airflow/.local/lib/python3.12/site-packages/airflow/example_dags/tutorial_taskflow_api_virtualenv.py
[2024-06-09T04:07:07.637+0000] {logging_mixin.py:188} INFO - [2024-06-09T04:07:07.636+0000] {dag.py:3096} INFO - Sync 1 DAGs
[2024-06-09T04:07:07.654+0000] {logging_mixin.py:188} INFO - [2024-06-09T04:07:07.653+0000] {dag.py:3954} INFO - Setting next_dagrun for tutorial_taskflow_api_virtualenv to None, run_after=None
[2024-06-09T04:07:07.678+0000] {processor.py:183} INFO - Processing /home/airflow/.local/lib/python3.12/site-packages/airflow/example_dags/tutorial_taskflow_api_virtualenv.py took 0.092 seconds
[2024-06-09T06:07:54.757+0000] {processor.py:161} INFO - Started process (PID=65040) to work on /home/airflow/.local/lib/python3.12/site-packages/airflow/example_dags/tutorial_taskflow_api_virtualenv.py
[2024-06-09T06:07:54.759+0000] {processor.py:830} INFO - Processing file /home/airflow/.local/lib/python3.12/site-packages/airflow/example_dags/tutorial_taskflow_api_virtualenv.py for tasks to queue
[2024-06-09T06:07:54.761+0000] {logging_mixin.py:188} INFO - [2024-06-09T06:07:54.760+0000] {dagbag.py:545} INFO - Filling up the DagBag from /home/airflow/.local/lib/python3.12/site-packages/airflow/example_dags/tutorial_taskflow_api_virtualenv.py
[2024-06-09T06:07:54.774+0000] {processor.py:840} INFO - DAG(s) 'tutorial_taskflow_api_virtualenv' retrieved from /home/airflow/.local/lib/python3.12/site-packages/airflow/example_dags/tutorial_taskflow_api_virtualenv.py
[2024-06-09T06:07:54.803+0000] {logging_mixin.py:188} INFO - [2024-06-09T06:07:54.803+0000] {dag.py:3096} INFO - Sync 1 DAGs
[2024-06-09T06:07:54.823+0000] {logging_mixin.py:188} INFO - [2024-06-09T06:07:54.822+0000] {dag.py:3954} INFO - Setting next_dagrun for tutorial_taskflow_api_virtualenv to None, run_after=None
[2024-06-09T06:07:54.851+0000] {processor.py:183} INFO - Processing /home/airflow/.local/lib/python3.12/site-packages/airflow/example_dags/tutorial_taskflow_api_virtualenv.py took 0.101 seconds
[2024-06-09T06:08:34.945+0000] {processor.py:161} INFO - Started process (PID=65100) to work on /home/airflow/.local/lib/python3.12/site-packages/airflow/example_dags/tutorial_taskflow_api_virtualenv.py
[2024-06-09T06:08:34.947+0000] {processor.py:830} INFO - Processing file /home/airflow/.local/lib/python3.12/site-packages/airflow/example_dags/tutorial_taskflow_api_virtualenv.py for tasks to queue
[2024-06-09T06:08:34.949+0000] {logging_mixin.py:188} INFO - [2024-06-09T06:08:34.949+0000] {dagbag.py:545} INFO - Filling up the DagBag from /home/airflow/.local/lib/python3.12/site-packages/airflow/example_dags/tutorial_taskflow_api_virtualenv.py
[2024-06-09T06:08:34.968+0000] {processor.py:840} INFO - DAG(s) 'tutorial_taskflow_api_virtualenv' retrieved from /home/airflow/.local/lib/python3.12/site-packages/airflow/example_dags/tutorial_taskflow_api_virtualenv.py
[2024-06-09T06:08:35.002+0000] {logging_mixin.py:188} INFO - [2024-06-09T06:08:35.002+0000] {dag.py:3096} INFO - Sync 1 DAGs
[2024-06-09T06:08:35.023+0000] {logging_mixin.py:188} INFO - [2024-06-09T06:08:35.023+0000] {dag.py:3954} INFO - Setting next_dagrun for tutorial_taskflow_api_virtualenv to None, run_after=None
[2024-06-09T06:08:35.054+0000] {processor.py:183} INFO - Processing /home/airflow/.local/lib/python3.12/site-packages/airflow/example_dags/tutorial_taskflow_api_virtualenv.py took 0.119 seconds
[2024-06-09T07:09:19.716+0000] {processor.py:161} INFO - Started process (PID=65154) to work on /home/airflow/.local/lib/python3.12/site-packages/airflow/example_dags/tutorial_taskflow_api_virtualenv.py
[2024-06-09T07:09:19.718+0000] {processor.py:830} INFO - Processing file /home/airflow/.local/lib/python3.12/site-packages/airflow/example_dags/tutorial_taskflow_api_virtualenv.py for tasks to queue
[2024-06-09T07:09:19.720+0000] {logging_mixin.py:188} INFO - [2024-06-09T07:09:19.719+0000] {dagbag.py:545} INFO - Filling up the DagBag from /home/airflow/.local/lib/python3.12/site-packages/airflow/example_dags/tutorial_taskflow_api_virtualenv.py
[2024-06-09T07:09:19.735+0000] {processor.py:840} INFO - DAG(s) 'tutorial_taskflow_api_virtualenv' retrieved from /home/airflow/.local/lib/python3.12/site-packages/airflow/example_dags/tutorial_taskflow_api_virtualenv.py
[2024-06-09T07:09:19.761+0000] {logging_mixin.py:188} INFO - [2024-06-09T07:09:19.761+0000] {dag.py:3096} INFO - Sync 1 DAGs
[2024-06-09T07:09:19.778+0000] {logging_mixin.py:188} INFO - [2024-06-09T07:09:19.778+0000] {dag.py:3954} INFO - Setting next_dagrun for tutorial_taskflow_api_virtualenv to None, run_after=None
[2024-06-09T07:09:19.801+0000] {processor.py:183} INFO - Processing /home/airflow/.local/lib/python3.12/site-packages/airflow/example_dags/tutorial_taskflow_api_virtualenv.py took 0.093 seconds
[2024-06-09T08:10:19.223+0000] {processor.py:161} INFO - Started process (PID=65214) to work on /home/airflow/.local/lib/python3.12/site-packages/airflow/example_dags/tutorial_taskflow_api_virtualenv.py
[2024-06-09T08:10:19.225+0000] {processor.py:830} INFO - Processing file /home/airflow/.local/lib/python3.12/site-packages/airflow/example_dags/tutorial_taskflow_api_virtualenv.py for tasks to queue
[2024-06-09T08:10:19.226+0000] {logging_mixin.py:188} INFO - [2024-06-09T08:10:19.226+0000] {dagbag.py:545} INFO - Filling up the DagBag from /home/airflow/.local/lib/python3.12/site-packages/airflow/example_dags/tutorial_taskflow_api_virtualenv.py
[2024-06-09T08:10:19.240+0000] {processor.py:840} INFO - DAG(s) 'tutorial_taskflow_api_virtualenv' retrieved from /home/airflow/.local/lib/python3.12/site-packages/airflow/example_dags/tutorial_taskflow_api_virtualenv.py
[2024-06-09T08:10:19.267+0000] {logging_mixin.py:188} INFO - [2024-06-09T08:10:19.267+0000] {dag.py:3096} INFO - Sync 1 DAGs
[2024-06-09T08:10:19.284+0000] {logging_mixin.py:188} INFO - [2024-06-09T08:10:19.284+0000] {dag.py:3954} INFO - Setting next_dagrun for tutorial_taskflow_api_virtualenv to None, run_after=None
[2024-06-09T08:10:19.307+0000] {processor.py:183} INFO - Processing /home/airflow/.local/lib/python3.12/site-packages/airflow/example_dags/tutorial_taskflow_api_virtualenv.py took 0.092 seconds
[2024-06-09T09:11:16.400+0000] {processor.py:161} INFO - Started process (PID=65280) to work on /home/airflow/.local/lib/python3.12/site-packages/airflow/example_dags/tutorial_taskflow_api_virtualenv.py
[2024-06-09T09:11:16.403+0000] {processor.py:830} INFO - Processing file /home/airflow/.local/lib/python3.12/site-packages/airflow/example_dags/tutorial_taskflow_api_virtualenv.py for tasks to queue
[2024-06-09T09:11:16.405+0000] {logging_mixin.py:188} INFO - [2024-06-09T09:11:16.404+0000] {dagbag.py:545} INFO - Filling up the DagBag from /home/airflow/.local/lib/python3.12/site-packages/airflow/example_dags/tutorial_taskflow_api_virtualenv.py
[2024-06-09T09:11:16.432+0000] {processor.py:840} INFO - DAG(s) 'tutorial_taskflow_api_virtualenv' retrieved from /home/airflow/.local/lib/python3.12/site-packages/airflow/example_dags/tutorial_taskflow_api_virtualenv.py
[2024-06-09T09:11:16.482+0000] {logging_mixin.py:188} INFO - [2024-06-09T09:11:16.481+0000] {dag.py:3096} INFO - Sync 1 DAGs
[2024-06-09T09:11:16.515+0000] {logging_mixin.py:188} INFO - [2024-06-09T09:11:16.514+0000] {dag.py:3954} INFO - Setting next_dagrun for tutorial_taskflow_api_virtualenv to None, run_after=None
[2024-06-09T09:11:16.556+0000] {processor.py:183} INFO - Processing /home/airflow/.local/lib/python3.12/site-packages/airflow/example_dags/tutorial_taskflow_api_virtualenv.py took 0.172 seconds
[2024-06-09T09:11:54.800+0000] {processor.py:161} INFO - Started process (PID=65340) to work on /home/airflow/.local/lib/python3.12/site-packages/airflow/example_dags/tutorial_taskflow_api_virtualenv.py
[2024-06-09T09:11:54.802+0000] {processor.py:830} INFO - Processing file /home/airflow/.local/lib/python3.12/site-packages/airflow/example_dags/tutorial_taskflow_api_virtualenv.py for tasks to queue
[2024-06-09T09:11:54.804+0000] {logging_mixin.py:188} INFO - [2024-06-09T09:11:54.803+0000] {dagbag.py:545} INFO - Filling up the DagBag from /home/airflow/.local/lib/python3.12/site-packages/airflow/example_dags/tutorial_taskflow_api_virtualenv.py
[2024-06-09T09:11:54.825+0000] {processor.py:840} INFO - DAG(s) 'tutorial_taskflow_api_virtualenv' retrieved from /home/airflow/.local/lib/python3.12/site-packages/airflow/example_dags/tutorial_taskflow_api_virtualenv.py
[2024-06-09T09:11:54.864+0000] {logging_mixin.py:188} INFO - [2024-06-09T09:11:54.863+0000] {dag.py:3096} INFO - Sync 1 DAGs
[2024-06-09T09:11:54.890+0000] {logging_mixin.py:188} INFO - [2024-06-09T09:11:54.890+0000] {dag.py:3954} INFO - Setting next_dagrun for tutorial_taskflow_api_virtualenv to None, run_after=None
[2024-06-09T09:11:54.923+0000] {processor.py:183} INFO - Processing /home/airflow/.local/lib/python3.12/site-packages/airflow/example_dags/tutorial_taskflow_api_virtualenv.py took 0.135 seconds
[2024-06-09T10:12:46.681+0000] {processor.py:161} INFO - Started process (PID=65394) to work on /home/airflow/.local/lib/python3.12/site-packages/airflow/example_dags/tutorial_taskflow_api_virtualenv.py
[2024-06-09T10:12:46.682+0000] {processor.py:830} INFO - Processing file /home/airflow/.local/lib/python3.12/site-packages/airflow/example_dags/tutorial_taskflow_api_virtualenv.py for tasks to queue
[2024-06-09T10:12:46.683+0000] {logging_mixin.py:188} INFO - [2024-06-09T10:12:46.683+0000] {dagbag.py:545} INFO - Filling up the DagBag from /home/airflow/.local/lib/python3.12/site-packages/airflow/example_dags/tutorial_taskflow_api_virtualenv.py
[2024-06-09T10:12:46.698+0000] {processor.py:840} INFO - DAG(s) 'tutorial_taskflow_api_virtualenv' retrieved from /home/airflow/.local/lib/python3.12/site-packages/airflow/example_dags/tutorial_taskflow_api_virtualenv.py
[2024-06-09T10:12:46.726+0000] {logging_mixin.py:188} INFO - [2024-06-09T10:12:46.726+0000] {dag.py:3096} INFO - Sync 1 DAGs
[2024-06-09T10:12:46.744+0000] {logging_mixin.py:188} INFO - [2024-06-09T10:12:46.743+0000] {dag.py:3954} INFO - Setting next_dagrun for tutorial_taskflow_api_virtualenv to None, run_after=None
[2024-06-09T10:12:46.767+0000] {processor.py:183} INFO - Processing /home/airflow/.local/lib/python3.12/site-packages/airflow/example_dags/tutorial_taskflow_api_virtualenv.py took 0.094 seconds
[2024-06-09T11:13:44.216+0000] {processor.py:161} INFO - Started process (PID=65454) to work on /home/airflow/.local/lib/python3.12/site-packages/airflow/example_dags/tutorial_taskflow_api_virtualenv.py
[2024-06-09T11:13:44.218+0000] {processor.py:830} INFO - Processing file /home/airflow/.local/lib/python3.12/site-packages/airflow/example_dags/tutorial_taskflow_api_virtualenv.py for tasks to queue
[2024-06-09T11:13:44.220+0000] {logging_mixin.py:188} INFO - [2024-06-09T11:13:44.219+0000] {dagbag.py:545} INFO - Filling up the DagBag from /home/airflow/.local/lib/python3.12/site-packages/airflow/example_dags/tutorial_taskflow_api_virtualenv.py
[2024-06-09T11:13:44.235+0000] {processor.py:840} INFO - DAG(s) 'tutorial_taskflow_api_virtualenv' retrieved from /home/airflow/.local/lib/python3.12/site-packages/airflow/example_dags/tutorial_taskflow_api_virtualenv.py
[2024-06-09T11:13:44.262+0000] {logging_mixin.py:188} INFO - [2024-06-09T11:13:44.262+0000] {dag.py:3096} INFO - Sync 1 DAGs
[2024-06-09T11:13:44.279+0000] {logging_mixin.py:188} INFO - [2024-06-09T11:13:44.278+0000] {dag.py:3954} INFO - Setting next_dagrun for tutorial_taskflow_api_virtualenv to None, run_after=None
[2024-06-09T11:13:44.301+0000] {processor.py:183} INFO - Processing /home/airflow/.local/lib/python3.12/site-packages/airflow/example_dags/tutorial_taskflow_api_virtualenv.py took 0.094 seconds
[2024-06-09T11:18:34.965+0000] {processor.py:161} INFO - Started process (PID=65519) to work on /home/airflow/.local/lib/python3.12/site-packages/airflow/example_dags/tutorial_taskflow_api_virtualenv.py
[2024-06-09T11:18:34.967+0000] {processor.py:830} INFO - Processing file /home/airflow/.local/lib/python3.12/site-packages/airflow/example_dags/tutorial_taskflow_api_virtualenv.py for tasks to queue
[2024-06-09T11:18:34.969+0000] {logging_mixin.py:188} INFO - [2024-06-09T11:18:34.968+0000] {dagbag.py:545} INFO - Filling up the DagBag from /home/airflow/.local/lib/python3.12/site-packages/airflow/example_dags/tutorial_taskflow_api_virtualenv.py
[2024-06-09T11:18:34.987+0000] {processor.py:840} INFO - DAG(s) 'tutorial_taskflow_api_virtualenv' retrieved from /home/airflow/.local/lib/python3.12/site-packages/airflow/example_dags/tutorial_taskflow_api_virtualenv.py
[2024-06-09T11:18:35.029+0000] {logging_mixin.py:188} INFO - [2024-06-09T11:18:35.028+0000] {dag.py:3096} INFO - Sync 1 DAGs
[2024-06-09T11:18:35.054+0000] {logging_mixin.py:188} INFO - [2024-06-09T11:18:35.054+0000] {dag.py:3954} INFO - Setting next_dagrun for tutorial_taskflow_api_virtualenv to None, run_after=None
[2024-06-09T11:18:35.086+0000] {processor.py:183} INFO - Processing /home/airflow/.local/lib/python3.12/site-packages/airflow/example_dags/tutorial_taskflow_api_virtualenv.py took 0.128 seconds
[2024-06-09T11:19:05.140+0000] {processor.py:161} INFO - Started process (PID=65579) to work on /home/airflow/.local/lib/python3.12/site-packages/airflow/example_dags/tutorial_taskflow_api_virtualenv.py
[2024-06-09T11:19:05.141+0000] {processor.py:830} INFO - Processing file /home/airflow/.local/lib/python3.12/site-packages/airflow/example_dags/tutorial_taskflow_api_virtualenv.py for tasks to queue
[2024-06-09T11:19:05.142+0000] {logging_mixin.py:188} INFO - [2024-06-09T11:19:05.142+0000] {dagbag.py:545} INFO - Filling up the DagBag from /home/airflow/.local/lib/python3.12/site-packages/airflow/example_dags/tutorial_taskflow_api_virtualenv.py
[2024-06-09T11:19:05.157+0000] {processor.py:840} INFO - DAG(s) 'tutorial_taskflow_api_virtualenv' retrieved from /home/airflow/.local/lib/python3.12/site-packages/airflow/example_dags/tutorial_taskflow_api_virtualenv.py
[2024-06-09T11:19:05.183+0000] {logging_mixin.py:188} INFO - [2024-06-09T11:19:05.183+0000] {dag.py:3096} INFO - Sync 1 DAGs
[2024-06-09T11:19:05.200+0000] {logging_mixin.py:188} INFO - [2024-06-09T11:19:05.199+0000] {dag.py:3954} INFO - Setting next_dagrun for tutorial_taskflow_api_virtualenv to None, run_after=None
[2024-06-09T11:19:05.224+0000] {processor.py:183} INFO - Processing /home/airflow/.local/lib/python3.12/site-packages/airflow/example_dags/tutorial_taskflow_api_virtualenv.py took 0.092 seconds
[2024-06-09T12:14:49.934+0000] {processor.py:161} INFO - Started process (PID=65639) to work on /home/airflow/.local/lib/python3.12/site-packages/airflow/example_dags/tutorial_taskflow_api_virtualenv.py
[2024-06-09T12:14:49.936+0000] {processor.py:830} INFO - Processing file /home/airflow/.local/lib/python3.12/site-packages/airflow/example_dags/tutorial_taskflow_api_virtualenv.py for tasks to queue
[2024-06-09T12:14:49.938+0000] {logging_mixin.py:188} INFO - [2024-06-09T12:14:49.937+0000] {dagbag.py:545} INFO - Filling up the DagBag from /home/airflow/.local/lib/python3.12/site-packages/airflow/example_dags/tutorial_taskflow_api_virtualenv.py
[2024-06-09T12:14:49.955+0000] {processor.py:840} INFO - DAG(s) 'tutorial_taskflow_api_virtualenv' retrieved from /home/airflow/.local/lib/python3.12/site-packages/airflow/example_dags/tutorial_taskflow_api_virtualenv.py
[2024-06-09T12:14:49.987+0000] {logging_mixin.py:188} INFO - [2024-06-09T12:14:49.986+0000] {dag.py:3096} INFO - Sync 1 DAGs
[2024-06-09T12:14:50.006+0000] {logging_mixin.py:188} INFO - [2024-06-09T12:14:50.005+0000] {dag.py:3954} INFO - Setting next_dagrun for tutorial_taskflow_api_virtualenv to None, run_after=None
[2024-06-09T12:14:50.031+0000] {processor.py:183} INFO - Processing /home/airflow/.local/lib/python3.12/site-packages/airflow/example_dags/tutorial_taskflow_api_virtualenv.py took 0.108 seconds
[2024-06-09T13:15:48.059+0000] {processor.py:161} INFO - Started process (PID=65693) to work on /home/airflow/.local/lib/python3.12/site-packages/airflow/example_dags/tutorial_taskflow_api_virtualenv.py
[2024-06-09T13:15:48.061+0000] {processor.py:830} INFO - Processing file /home/airflow/.local/lib/python3.12/site-packages/airflow/example_dags/tutorial_taskflow_api_virtualenv.py for tasks to queue
[2024-06-09T13:15:48.062+0000] {logging_mixin.py:188} INFO - [2024-06-09T13:15:48.062+0000] {dagbag.py:545} INFO - Filling up the DagBag from /home/airflow/.local/lib/python3.12/site-packages/airflow/example_dags/tutorial_taskflow_api_virtualenv.py
[2024-06-09T13:15:48.083+0000] {processor.py:840} INFO - DAG(s) 'tutorial_taskflow_api_virtualenv' retrieved from /home/airflow/.local/lib/python3.12/site-packages/airflow/example_dags/tutorial_taskflow_api_virtualenv.py
[2024-06-09T13:15:48.122+0000] {logging_mixin.py:188} INFO - [2024-06-09T13:15:48.121+0000] {dag.py:3096} INFO - Sync 1 DAGs
[2024-06-09T13:15:48.141+0000] {logging_mixin.py:188} INFO - [2024-06-09T13:15:48.140+0000] {dag.py:3954} INFO - Setting next_dagrun for tutorial_taskflow_api_virtualenv to None, run_after=None
[2024-06-09T13:15:48.170+0000] {processor.py:183} INFO - Processing /home/airflow/.local/lib/python3.12/site-packages/airflow/example_dags/tutorial_taskflow_api_virtualenv.py took 0.119 seconds
[2024-06-09T13:16:28.826+0000] {processor.py:161} INFO - Started process (PID=65759) to work on /home/airflow/.local/lib/python3.12/site-packages/airflow/example_dags/tutorial_taskflow_api_virtualenv.py
[2024-06-09T13:16:28.828+0000] {processor.py:830} INFO - Processing file /home/airflow/.local/lib/python3.12/site-packages/airflow/example_dags/tutorial_taskflow_api_virtualenv.py for tasks to queue
[2024-06-09T13:16:28.830+0000] {logging_mixin.py:188} INFO - [2024-06-09T13:16:28.829+0000] {dagbag.py:545} INFO - Filling up the DagBag from /home/airflow/.local/lib/python3.12/site-packages/airflow/example_dags/tutorial_taskflow_api_virtualenv.py
[2024-06-09T13:16:28.852+0000] {processor.py:840} INFO - DAG(s) 'tutorial_taskflow_api_virtualenv' retrieved from /home/airflow/.local/lib/python3.12/site-packages/airflow/example_dags/tutorial_taskflow_api_virtualenv.py
[2024-06-09T13:16:28.896+0000] {logging_mixin.py:188} INFO - [2024-06-09T13:16:28.895+0000] {dag.py:3096} INFO - Sync 1 DAGs
[2024-06-09T13:16:28.923+0000] {logging_mixin.py:188} INFO - [2024-06-09T13:16:28.922+0000] {dag.py:3954} INFO - Setting next_dagrun for tutorial_taskflow_api_virtualenv to None, run_after=None
[2024-06-09T13:16:28.959+0000] {processor.py:183} INFO - Processing /home/airflow/.local/lib/python3.12/site-packages/airflow/example_dags/tutorial_taskflow_api_virtualenv.py took 0.147 seconds
[2024-06-09T14:17:12.590+0000] {processor.py:161} INFO - Started process (PID=65813) to work on /home/airflow/.local/lib/python3.12/site-packages/airflow/example_dags/tutorial_taskflow_api_virtualenv.py
[2024-06-09T14:17:12.592+0000] {processor.py:830} INFO - Processing file /home/airflow/.local/lib/python3.12/site-packages/airflow/example_dags/tutorial_taskflow_api_virtualenv.py for tasks to queue
[2024-06-09T14:17:12.594+0000] {logging_mixin.py:188} INFO - [2024-06-09T14:17:12.593+0000] {dagbag.py:545} INFO - Filling up the DagBag from /home/airflow/.local/lib/python3.12/site-packages/airflow/example_dags/tutorial_taskflow_api_virtualenv.py
[2024-06-09T14:17:12.611+0000] {processor.py:840} INFO - DAG(s) 'tutorial_taskflow_api_virtualenv' retrieved from /home/airflow/.local/lib/python3.12/site-packages/airflow/example_dags/tutorial_taskflow_api_virtualenv.py
[2024-06-09T14:17:12.645+0000] {logging_mixin.py:188} INFO - [2024-06-09T14:17:12.645+0000] {dag.py:3096} INFO - Sync 1 DAGs
[2024-06-09T14:17:12.663+0000] {logging_mixin.py:188} INFO - [2024-06-09T14:17:12.663+0000] {dag.py:3954} INFO - Setting next_dagrun for tutorial_taskflow_api_virtualenv to None, run_after=None
[2024-06-09T14:17:12.686+0000] {processor.py:183} INFO - Processing /home/airflow/.local/lib/python3.12/site-packages/airflow/example_dags/tutorial_taskflow_api_virtualenv.py took 0.106 seconds
[2024-06-09T15:18:11.826+0000] {processor.py:161} INFO - Started process (PID=65873) to work on /home/airflow/.local/lib/python3.12/site-packages/airflow/example_dags/tutorial_taskflow_api_virtualenv.py
[2024-06-09T15:18:11.828+0000] {processor.py:830} INFO - Processing file /home/airflow/.local/lib/python3.12/site-packages/airflow/example_dags/tutorial_taskflow_api_virtualenv.py for tasks to queue
[2024-06-09T15:18:11.829+0000] {logging_mixin.py:188} INFO - [2024-06-09T15:18:11.829+0000] {dagbag.py:545} INFO - Filling up the DagBag from /home/airflow/.local/lib/python3.12/site-packages/airflow/example_dags/tutorial_taskflow_api_virtualenv.py
[2024-06-09T15:18:11.849+0000] {processor.py:840} INFO - DAG(s) 'tutorial_taskflow_api_virtualenv' retrieved from /home/airflow/.local/lib/python3.12/site-packages/airflow/example_dags/tutorial_taskflow_api_virtualenv.py
[2024-06-09T15:18:11.883+0000] {logging_mixin.py:188} INFO - [2024-06-09T15:18:11.882+0000] {dag.py:3096} INFO - Sync 1 DAGs
[2024-06-09T15:18:11.900+0000] {logging_mixin.py:188} INFO - [2024-06-09T15:18:11.900+0000] {dag.py:3954} INFO - Setting next_dagrun for tutorial_taskflow_api_virtualenv to None, run_after=None
[2024-06-09T15:18:11.928+0000] {processor.py:183} INFO - Processing /home/airflow/.local/lib/python3.12/site-packages/airflow/example_dags/tutorial_taskflow_api_virtualenv.py took 0.113 seconds
[2024-06-09T15:18:46.209+0000] {processor.py:161} INFO - Started process (PID=65933) to work on /home/airflow/.local/lib/python3.12/site-packages/airflow/example_dags/tutorial_taskflow_api_virtualenv.py
[2024-06-09T15:18:46.211+0000] {processor.py:830} INFO - Processing file /home/airflow/.local/lib/python3.12/site-packages/airflow/example_dags/tutorial_taskflow_api_virtualenv.py for tasks to queue
[2024-06-09T15:18:46.213+0000] {logging_mixin.py:188} INFO - [2024-06-09T15:18:46.212+0000] {dagbag.py:545} INFO - Filling up the DagBag from /home/airflow/.local/lib/python3.12/site-packages/airflow/example_dags/tutorial_taskflow_api_virtualenv.py
[2024-06-09T15:18:46.235+0000] {processor.py:840} INFO - DAG(s) 'tutorial_taskflow_api_virtualenv' retrieved from /home/airflow/.local/lib/python3.12/site-packages/airflow/example_dags/tutorial_taskflow_api_virtualenv.py
[2024-06-09T15:18:46.272+0000] {logging_mixin.py:188} INFO - [2024-06-09T15:18:46.272+0000] {dag.py:3096} INFO - Sync 1 DAGs
[2024-06-09T15:18:46.301+0000] {logging_mixin.py:188} INFO - [2024-06-09T15:18:46.301+0000] {dag.py:3954} INFO - Setting next_dagrun for tutorial_taskflow_api_virtualenv to None, run_after=None
[2024-06-09T15:18:46.357+0000] {processor.py:183} INFO - Processing /home/airflow/.local/lib/python3.12/site-packages/airflow/example_dags/tutorial_taskflow_api_virtualenv.py took 0.159 seconds
[2024-06-09T16:19:38.400+0000] {processor.py:161} INFO - Started process (PID=65987) to work on /home/airflow/.local/lib/python3.12/site-packages/airflow/example_dags/tutorial_taskflow_api_virtualenv.py
[2024-06-09T16:19:38.402+0000] {processor.py:830} INFO - Processing file /home/airflow/.local/lib/python3.12/site-packages/airflow/example_dags/tutorial_taskflow_api_virtualenv.py for tasks to queue
[2024-06-09T16:19:38.403+0000] {logging_mixin.py:188} INFO - [2024-06-09T16:19:38.403+0000] {dagbag.py:545} INFO - Filling up the DagBag from /home/airflow/.local/lib/python3.12/site-packages/airflow/example_dags/tutorial_taskflow_api_virtualenv.py
[2024-06-09T16:19:38.416+0000] {processor.py:840} INFO - DAG(s) 'tutorial_taskflow_api_virtualenv' retrieved from /home/airflow/.local/lib/python3.12/site-packages/airflow/example_dags/tutorial_taskflow_api_virtualenv.py
[2024-06-09T16:19:38.442+0000] {logging_mixin.py:188} INFO - [2024-06-09T16:19:38.442+0000] {dag.py:3096} INFO - Sync 1 DAGs
[2024-06-09T16:19:38.460+0000] {logging_mixin.py:188} INFO - [2024-06-09T16:19:38.460+0000] {dag.py:3954} INFO - Setting next_dagrun for tutorial_taskflow_api_virtualenv to None, run_after=None
[2024-06-09T16:19:38.484+0000] {processor.py:183} INFO - Processing /home/airflow/.local/lib/python3.12/site-packages/airflow/example_dags/tutorial_taskflow_api_virtualenv.py took 0.092 seconds
[2024-06-09T16:31:38.220+0000] {processor.py:161} INFO - Started process (PID=66053) to work on /home/airflow/.local/lib/python3.12/site-packages/airflow/example_dags/tutorial_taskflow_api_virtualenv.py
[2024-06-09T16:31:38.222+0000] {processor.py:830} INFO - Processing file /home/airflow/.local/lib/python3.12/site-packages/airflow/example_dags/tutorial_taskflow_api_virtualenv.py for tasks to queue
[2024-06-09T16:31:38.224+0000] {logging_mixin.py:188} INFO - [2024-06-09T16:31:38.223+0000] {dagbag.py:545} INFO - Filling up the DagBag from /home/airflow/.local/lib/python3.12/site-packages/airflow/example_dags/tutorial_taskflow_api_virtualenv.py
[2024-06-09T16:31:38.240+0000] {processor.py:840} INFO - DAG(s) 'tutorial_taskflow_api_virtualenv' retrieved from /home/airflow/.local/lib/python3.12/site-packages/airflow/example_dags/tutorial_taskflow_api_virtualenv.py
[2024-06-09T16:31:38.444+0000] {logging_mixin.py:188} INFO - [2024-06-09T16:31:38.444+0000] {dag.py:3096} INFO - Sync 1 DAGs
[2024-06-09T16:31:38.460+0000] {logging_mixin.py:188} INFO - [2024-06-09T16:31:38.459+0000] {dag.py:3954} INFO - Setting next_dagrun for tutorial_taskflow_api_virtualenv to None, run_after=None
[2024-06-09T16:31:38.490+0000] {processor.py:183} INFO - Processing /home/airflow/.local/lib/python3.12/site-packages/airflow/example_dags/tutorial_taskflow_api_virtualenv.py took 0.278 seconds
[2024-06-09T18:21:15.188+0000] {processor.py:161} INFO - Started process (PID=66118) to work on /home/airflow/.local/lib/python3.12/site-packages/airflow/example_dags/tutorial_taskflow_api_virtualenv.py
[2024-06-09T18:21:15.194+0000] {processor.py:830} INFO - Processing file /home/airflow/.local/lib/python3.12/site-packages/airflow/example_dags/tutorial_taskflow_api_virtualenv.py for tasks to queue
[2024-06-09T18:21:15.196+0000] {logging_mixin.py:188} INFO - [2024-06-09T18:21:15.195+0000] {dagbag.py:545} INFO - Filling up the DagBag from /home/airflow/.local/lib/python3.12/site-packages/airflow/example_dags/tutorial_taskflow_api_virtualenv.py
[2024-06-09T18:21:15.223+0000] {processor.py:840} INFO - DAG(s) 'tutorial_taskflow_api_virtualenv' retrieved from /home/airflow/.local/lib/python3.12/site-packages/airflow/example_dags/tutorial_taskflow_api_virtualenv.py
[2024-06-09T18:21:15.284+0000] {logging_mixin.py:188} INFO - [2024-06-09T18:21:15.284+0000] {dag.py:3096} INFO - Sync 1 DAGs
[2024-06-09T18:21:15.315+0000] {logging_mixin.py:188} INFO - [2024-06-09T18:21:15.314+0000] {dag.py:3954} INFO - Setting next_dagrun for tutorial_taskflow_api_virtualenv to None, run_after=None
[2024-06-09T18:21:15.361+0000] {processor.py:183} INFO - Processing /home/airflow/.local/lib/python3.12/site-packages/airflow/example_dags/tutorial_taskflow_api_virtualenv.py took 0.203 seconds
[2024-06-09T19:22:12.480+0000] {processor.py:161} INFO - Started process (PID=66157) to work on /home/airflow/.local/lib/python3.12/site-packages/airflow/example_dags/tutorial_taskflow_api_virtualenv.py
[2024-06-09T19:22:12.482+0000] {processor.py:830} INFO - Processing file /home/airflow/.local/lib/python3.12/site-packages/airflow/example_dags/tutorial_taskflow_api_virtualenv.py for tasks to queue
[2024-06-09T19:22:12.484+0000] {logging_mixin.py:188} INFO - [2024-06-09T19:22:12.483+0000] {dagbag.py:545} INFO - Filling up the DagBag from /home/airflow/.local/lib/python3.12/site-packages/airflow/example_dags/tutorial_taskflow_api_virtualenv.py
[2024-06-09T19:22:12.501+0000] {processor.py:840} INFO - DAG(s) 'tutorial_taskflow_api_virtualenv' retrieved from /home/airflow/.local/lib/python3.12/site-packages/airflow/example_dags/tutorial_taskflow_api_virtualenv.py
[2024-06-09T19:22:12.535+0000] {logging_mixin.py:188} INFO - [2024-06-09T19:22:12.535+0000] {dag.py:3096} INFO - Sync 1 DAGs
[2024-06-09T19:22:12.556+0000] {logging_mixin.py:188} INFO - [2024-06-09T19:22:12.555+0000] {dag.py:3954} INFO - Setting next_dagrun for tutorial_taskflow_api_virtualenv to None, run_after=None
[2024-06-09T19:22:12.581+0000] {processor.py:183} INFO - Processing /home/airflow/.local/lib/python3.12/site-packages/airflow/example_dags/tutorial_taskflow_api_virtualenv.py took 0.111 seconds
[2024-06-09T19:31:26.856+0000] {processor.py:161} INFO - Started process (PID=66217) to work on /home/airflow/.local/lib/python3.12/site-packages/airflow/example_dags/tutorial_taskflow_api_virtualenv.py
[2024-06-09T19:31:26.857+0000] {processor.py:830} INFO - Processing file /home/airflow/.local/lib/python3.12/site-packages/airflow/example_dags/tutorial_taskflow_api_virtualenv.py for tasks to queue
[2024-06-09T19:31:26.859+0000] {logging_mixin.py:188} INFO - [2024-06-09T19:31:26.859+0000] {dagbag.py:545} INFO - Filling up the DagBag from /home/airflow/.local/lib/python3.12/site-packages/airflow/example_dags/tutorial_taskflow_api_virtualenv.py
[2024-06-09T19:31:26.877+0000] {processor.py:840} INFO - DAG(s) 'tutorial_taskflow_api_virtualenv' retrieved from /home/airflow/.local/lib/python3.12/site-packages/airflow/example_dags/tutorial_taskflow_api_virtualenv.py
[2024-06-09T19:31:26.911+0000] {logging_mixin.py:188} INFO - [2024-06-09T19:31:26.911+0000] {dag.py:3096} INFO - Sync 1 DAGs
[2024-06-09T19:31:26.933+0000] {logging_mixin.py:188} INFO - [2024-06-09T19:31:26.932+0000] {dag.py:3954} INFO - Setting next_dagrun for tutorial_taskflow_api_virtualenv to None, run_after=None
[2024-06-09T19:31:26.958+0000] {processor.py:183} INFO - Processing /home/airflow/.local/lib/python3.12/site-packages/airflow/example_dags/tutorial_taskflow_api_virtualenv.py took 0.113 seconds
[2024-06-09T20:23:15.523+0000] {processor.py:161} INFO - Started process (PID=66296) to work on /home/airflow/.local/lib/python3.12/site-packages/airflow/example_dags/tutorial_taskflow_api_virtualenv.py
[2024-06-09T20:23:15.525+0000] {processor.py:830} INFO - Processing file /home/airflow/.local/lib/python3.12/site-packages/airflow/example_dags/tutorial_taskflow_api_virtualenv.py for tasks to queue
[2024-06-09T20:23:15.527+0000] {logging_mixin.py:188} INFO - [2024-06-09T20:23:15.527+0000] {dagbag.py:545} INFO - Filling up the DagBag from /home/airflow/.local/lib/python3.12/site-packages/airflow/example_dags/tutorial_taskflow_api_virtualenv.py
[2024-06-09T20:23:15.546+0000] {processor.py:840} INFO - DAG(s) 'tutorial_taskflow_api_virtualenv' retrieved from /home/airflow/.local/lib/python3.12/site-packages/airflow/example_dags/tutorial_taskflow_api_virtualenv.py
[2024-06-09T20:23:15.585+0000] {logging_mixin.py:188} INFO - [2024-06-09T20:23:15.585+0000] {dag.py:3096} INFO - Sync 1 DAGs
[2024-06-09T20:23:15.609+0000] {logging_mixin.py:188} INFO - [2024-06-09T20:23:15.609+0000] {dag.py:3954} INFO - Setting next_dagrun for tutorial_taskflow_api_virtualenv to None, run_after=None
[2024-06-09T20:23:15.645+0000] {processor.py:183} INFO - Processing /home/airflow/.local/lib/python3.12/site-packages/airflow/example_dags/tutorial_taskflow_api_virtualenv.py took 0.133 seconds
