[2024-06-09T03:05:34.663+0000] {processor.py:161} INFO - Started process (PID=64848) to work on /home/airflow/.local/lib/python3.12/site-packages/airflow/example_dags/tutorial_objectstorage.py
[2024-06-09T03:05:34.664+0000] {processor.py:830} INFO - Processing file /home/airflow/.local/lib/python3.12/site-packages/airflow/example_dags/tutorial_objectstorage.py for tasks to queue
[2024-06-09T03:05:34.666+0000] {logging_mixin.py:188} INFO - [2024-06-09T03:05:34.665+0000] {dagbag.py:545} INFO - Filling up the DagBag from /home/airflow/.local/lib/python3.12/site-packages/airflow/example_dags/tutorial_objectstorage.py
[2024-06-09T03:05:34.676+0000] {processor.py:840} INFO - DAG(s) 'tutorial_objectstorage' retrieved from /home/airflow/.local/lib/python3.12/site-packages/airflow/example_dags/tutorial_objectstorage.py
[2024-06-09T03:05:34.701+0000] {logging_mixin.py:188} INFO - [2024-06-09T03:05:34.701+0000] {dag.py:3096} INFO - Sync 1 DAGs
[2024-06-09T03:05:34.718+0000] {logging_mixin.py:188} INFO - [2024-06-09T03:05:34.717+0000] {dag.py:3954} INFO - Setting next_dagrun for tutorial_objectstorage to None, run_after=None
[2024-06-09T03:05:34.743+0000] {processor.py:183} INFO - Processing /home/airflow/.local/lib/python3.12/site-packages/airflow/example_dags/tutorial_objectstorage.py took 0.088 seconds
[2024-06-09T04:06:35.502+0000] {processor.py:161} INFO - Started process (PID=64908) to work on /home/airflow/.local/lib/python3.12/site-packages/airflow/example_dags/tutorial_objectstorage.py
[2024-06-09T04:06:35.504+0000] {processor.py:830} INFO - Processing file /home/airflow/.local/lib/python3.12/site-packages/airflow/example_dags/tutorial_objectstorage.py for tasks to queue
[2024-06-09T04:06:35.505+0000] {logging_mixin.py:188} INFO - [2024-06-09T04:06:35.505+0000] {dagbag.py:545} INFO - Filling up the DagBag from /home/airflow/.local/lib/python3.12/site-packages/airflow/example_dags/tutorial_objectstorage.py
[2024-06-09T04:06:35.522+0000] {processor.py:840} INFO - DAG(s) 'tutorial_objectstorage' retrieved from /home/airflow/.local/lib/python3.12/site-packages/airflow/example_dags/tutorial_objectstorage.py
[2024-06-09T04:06:35.562+0000] {logging_mixin.py:188} INFO - [2024-06-09T04:06:35.562+0000] {dag.py:3096} INFO - Sync 1 DAGs
[2024-06-09T04:06:35.588+0000] {logging_mixin.py:188} INFO - [2024-06-09T04:06:35.587+0000] {dag.py:3954} INFO - Setting next_dagrun for tutorial_objectstorage to None, run_after=None
[2024-06-09T04:06:35.624+0000] {processor.py:183} INFO - Processing /home/airflow/.local/lib/python3.12/site-packages/airflow/example_dags/tutorial_objectstorage.py took 0.134 seconds
[2024-06-09T04:07:05.738+0000] {processor.py:161} INFO - Started process (PID=64968) to work on /home/airflow/.local/lib/python3.12/site-packages/airflow/example_dags/tutorial_objectstorage.py
[2024-06-09T04:07:05.739+0000] {processor.py:830} INFO - Processing file /home/airflow/.local/lib/python3.12/site-packages/airflow/example_dags/tutorial_objectstorage.py for tasks to queue
[2024-06-09T04:07:05.740+0000] {logging_mixin.py:188} INFO - [2024-06-09T04:07:05.740+0000] {dagbag.py:545} INFO - Filling up the DagBag from /home/airflow/.local/lib/python3.12/site-packages/airflow/example_dags/tutorial_objectstorage.py
[2024-06-09T04:07:05.752+0000] {processor.py:840} INFO - DAG(s) 'tutorial_objectstorage' retrieved from /home/airflow/.local/lib/python3.12/site-packages/airflow/example_dags/tutorial_objectstorage.py
[2024-06-09T04:07:05.778+0000] {logging_mixin.py:188} INFO - [2024-06-09T04:07:05.778+0000] {dag.py:3096} INFO - Sync 1 DAGs
[2024-06-09T04:07:05.794+0000] {logging_mixin.py:188} INFO - [2024-06-09T04:07:05.794+0000] {dag.py:3954} INFO - Setting next_dagrun for tutorial_objectstorage to None, run_after=None
[2024-06-09T04:07:05.819+0000] {processor.py:183} INFO - Processing /home/airflow/.local/lib/python3.12/site-packages/airflow/example_dags/tutorial_objectstorage.py took 0.089 seconds
[2024-06-09T06:07:53.902+0000] {processor.py:161} INFO - Started process (PID=65028) to work on /home/airflow/.local/lib/python3.12/site-packages/airflow/example_dags/tutorial_objectstorage.py
[2024-06-09T06:07:53.903+0000] {processor.py:830} INFO - Processing file /home/airflow/.local/lib/python3.12/site-packages/airflow/example_dags/tutorial_objectstorage.py for tasks to queue
[2024-06-09T06:07:53.905+0000] {logging_mixin.py:188} INFO - [2024-06-09T06:07:53.904+0000] {dagbag.py:545} INFO - Filling up the DagBag from /home/airflow/.local/lib/python3.12/site-packages/airflow/example_dags/tutorial_objectstorage.py
[2024-06-09T06:07:53.915+0000] {processor.py:840} INFO - DAG(s) 'tutorial_objectstorage' retrieved from /home/airflow/.local/lib/python3.12/site-packages/airflow/example_dags/tutorial_objectstorage.py
[2024-06-09T06:07:53.940+0000] {logging_mixin.py:188} INFO - [2024-06-09T06:07:53.940+0000] {dag.py:3096} INFO - Sync 1 DAGs
[2024-06-09T06:07:53.957+0000] {logging_mixin.py:188} INFO - [2024-06-09T06:07:53.956+0000] {dag.py:3954} INFO - Setting next_dagrun for tutorial_objectstorage to None, run_after=None
[2024-06-09T06:07:53.982+0000] {processor.py:183} INFO - Processing /home/airflow/.local/lib/python3.12/site-packages/airflow/example_dags/tutorial_objectstorage.py took 0.088 seconds
[2024-06-09T06:08:33.566+0000] {processor.py:161} INFO - Started process (PID=65088) to work on /home/airflow/.local/lib/python3.12/site-packages/airflow/example_dags/tutorial_objectstorage.py
[2024-06-09T06:08:33.570+0000] {processor.py:830} INFO - Processing file /home/airflow/.local/lib/python3.12/site-packages/airflow/example_dags/tutorial_objectstorage.py for tasks to queue
[2024-06-09T06:08:33.575+0000] {logging_mixin.py:188} INFO - [2024-06-09T06:08:33.574+0000] {dagbag.py:545} INFO - Filling up the DagBag from /home/airflow/.local/lib/python3.12/site-packages/airflow/example_dags/tutorial_objectstorage.py
[2024-06-09T06:08:33.593+0000] {processor.py:840} INFO - DAG(s) 'tutorial_objectstorage' retrieved from /home/airflow/.local/lib/python3.12/site-packages/airflow/example_dags/tutorial_objectstorage.py
[2024-06-09T06:08:33.633+0000] {logging_mixin.py:188} INFO - [2024-06-09T06:08:33.633+0000] {dag.py:3096} INFO - Sync 1 DAGs
[2024-06-09T06:08:33.661+0000] {logging_mixin.py:188} INFO - [2024-06-09T06:08:33.661+0000] {dag.py:3954} INFO - Setting next_dagrun for tutorial_objectstorage to None, run_after=None
[2024-06-09T06:08:33.704+0000] {processor.py:183} INFO - Processing /home/airflow/.local/lib/python3.12/site-packages/airflow/example_dags/tutorial_objectstorage.py took 0.148 seconds
[2024-06-09T07:09:18.875+0000] {processor.py:161} INFO - Started process (PID=65142) to work on /home/airflow/.local/lib/python3.12/site-packages/airflow/example_dags/tutorial_objectstorage.py
[2024-06-09T07:09:18.877+0000] {processor.py:830} INFO - Processing file /home/airflow/.local/lib/python3.12/site-packages/airflow/example_dags/tutorial_objectstorage.py for tasks to queue
[2024-06-09T07:09:18.878+0000] {logging_mixin.py:188} INFO - [2024-06-09T07:09:18.878+0000] {dagbag.py:545} INFO - Filling up the DagBag from /home/airflow/.local/lib/python3.12/site-packages/airflow/example_dags/tutorial_objectstorage.py
[2024-06-09T07:09:18.890+0000] {processor.py:840} INFO - DAG(s) 'tutorial_objectstorage' retrieved from /home/airflow/.local/lib/python3.12/site-packages/airflow/example_dags/tutorial_objectstorage.py
[2024-06-09T07:09:18.916+0000] {logging_mixin.py:188} INFO - [2024-06-09T07:09:18.916+0000] {dag.py:3096} INFO - Sync 1 DAGs
[2024-06-09T07:09:18.934+0000] {logging_mixin.py:188} INFO - [2024-06-09T07:09:18.934+0000] {dag.py:3954} INFO - Setting next_dagrun for tutorial_objectstorage to None, run_after=None
[2024-06-09T07:09:18.957+0000] {processor.py:183} INFO - Processing /home/airflow/.local/lib/python3.12/site-packages/airflow/example_dags/tutorial_objectstorage.py took 0.091 seconds
[2024-06-09T08:10:18.299+0000] {processor.py:161} INFO - Started process (PID=65202) to work on /home/airflow/.local/lib/python3.12/site-packages/airflow/example_dags/tutorial_objectstorage.py
[2024-06-09T08:10:18.300+0000] {processor.py:830} INFO - Processing file /home/airflow/.local/lib/python3.12/site-packages/airflow/example_dags/tutorial_objectstorage.py for tasks to queue
[2024-06-09T08:10:18.302+0000] {logging_mixin.py:188} INFO - [2024-06-09T08:10:18.301+0000] {dagbag.py:545} INFO - Filling up the DagBag from /home/airflow/.local/lib/python3.12/site-packages/airflow/example_dags/tutorial_objectstorage.py
[2024-06-09T08:10:18.316+0000] {processor.py:840} INFO - DAG(s) 'tutorial_objectstorage' retrieved from /home/airflow/.local/lib/python3.12/site-packages/airflow/example_dags/tutorial_objectstorage.py
[2024-06-09T08:10:18.342+0000] {logging_mixin.py:188} INFO - [2024-06-09T08:10:18.342+0000] {dag.py:3096} INFO - Sync 1 DAGs
[2024-06-09T08:10:18.361+0000] {logging_mixin.py:188} INFO - [2024-06-09T08:10:18.360+0000] {dag.py:3954} INFO - Setting next_dagrun for tutorial_objectstorage to None, run_after=None
[2024-06-09T08:10:18.385+0000] {processor.py:183} INFO - Processing /home/airflow/.local/lib/python3.12/site-packages/airflow/example_dags/tutorial_objectstorage.py took 0.095 seconds
[2024-06-09T09:11:14.390+0000] {processor.py:161} INFO - Started process (PID=65262) to work on /home/airflow/.local/lib/python3.12/site-packages/airflow/example_dags/tutorial_objectstorage.py
[2024-06-09T09:11:14.392+0000] {processor.py:830} INFO - Processing file /home/airflow/.local/lib/python3.12/site-packages/airflow/example_dags/tutorial_objectstorage.py for tasks to queue
[2024-06-09T09:11:14.395+0000] {logging_mixin.py:188} INFO - [2024-06-09T09:11:14.394+0000] {dagbag.py:545} INFO - Filling up the DagBag from /home/airflow/.local/lib/python3.12/site-packages/airflow/example_dags/tutorial_objectstorage.py
[2024-06-09T09:11:14.414+0000] {processor.py:840} INFO - DAG(s) 'tutorial_objectstorage' retrieved from /home/airflow/.local/lib/python3.12/site-packages/airflow/example_dags/tutorial_objectstorage.py
[2024-06-09T09:11:14.462+0000] {logging_mixin.py:188} INFO - [2024-06-09T09:11:14.461+0000] {dag.py:3096} INFO - Sync 1 DAGs
[2024-06-09T09:11:14.524+0000] {logging_mixin.py:188} INFO - [2024-06-09T09:11:14.523+0000] {dag.py:3954} INFO - Setting next_dagrun for tutorial_objectstorage to None, run_after=None
[2024-06-09T09:11:14.571+0000] {processor.py:183} INFO - Processing /home/airflow/.local/lib/python3.12/site-packages/airflow/example_dags/tutorial_objectstorage.py took 0.209 seconds
[2024-06-09T09:11:53.099+0000] {processor.py:161} INFO - Started process (PID=65328) to work on /home/airflow/.local/lib/python3.12/site-packages/airflow/example_dags/tutorial_objectstorage.py
[2024-06-09T09:11:53.101+0000] {processor.py:830} INFO - Processing file /home/airflow/.local/lib/python3.12/site-packages/airflow/example_dags/tutorial_objectstorage.py for tasks to queue
[2024-06-09T09:11:53.103+0000] {logging_mixin.py:188} INFO - [2024-06-09T09:11:53.102+0000] {dagbag.py:545} INFO - Filling up the DagBag from /home/airflow/.local/lib/python3.12/site-packages/airflow/example_dags/tutorial_objectstorage.py
[2024-06-09T09:11:53.119+0000] {processor.py:840} INFO - DAG(s) 'tutorial_objectstorage' retrieved from /home/airflow/.local/lib/python3.12/site-packages/airflow/example_dags/tutorial_objectstorage.py
[2024-06-09T09:11:53.156+0000] {logging_mixin.py:188} INFO - [2024-06-09T09:11:53.155+0000] {dag.py:3096} INFO - Sync 1 DAGs
[2024-06-09T09:11:53.184+0000] {logging_mixin.py:188} INFO - [2024-06-09T09:11:53.183+0000] {dag.py:3954} INFO - Setting next_dagrun for tutorial_objectstorage to None, run_after=None
[2024-06-09T09:11:53.223+0000] {processor.py:183} INFO - Processing /home/airflow/.local/lib/python3.12/site-packages/airflow/example_dags/tutorial_objectstorage.py took 0.135 seconds
[2024-06-09T10:12:45.828+0000] {processor.py:161} INFO - Started process (PID=65382) to work on /home/airflow/.local/lib/python3.12/site-packages/airflow/example_dags/tutorial_objectstorage.py
[2024-06-09T10:12:45.830+0000] {processor.py:830} INFO - Processing file /home/airflow/.local/lib/python3.12/site-packages/airflow/example_dags/tutorial_objectstorage.py for tasks to queue
[2024-06-09T10:12:45.831+0000] {logging_mixin.py:188} INFO - [2024-06-09T10:12:45.830+0000] {dagbag.py:545} INFO - Filling up the DagBag from /home/airflow/.local/lib/python3.12/site-packages/airflow/example_dags/tutorial_objectstorage.py
[2024-06-09T10:12:45.842+0000] {processor.py:840} INFO - DAG(s) 'tutorial_objectstorage' retrieved from /home/airflow/.local/lib/python3.12/site-packages/airflow/example_dags/tutorial_objectstorage.py
[2024-06-09T10:12:45.866+0000] {logging_mixin.py:188} INFO - [2024-06-09T10:12:45.865+0000] {dag.py:3096} INFO - Sync 1 DAGs
[2024-06-09T10:12:45.882+0000] {logging_mixin.py:188} INFO - [2024-06-09T10:12:45.882+0000] {dag.py:3954} INFO - Setting next_dagrun for tutorial_objectstorage to None, run_after=None
[2024-06-09T10:12:45.906+0000] {processor.py:183} INFO - Processing /home/airflow/.local/lib/python3.12/site-packages/airflow/example_dags/tutorial_objectstorage.py took 0.084 seconds
[2024-06-09T11:13:43.350+0000] {processor.py:161} INFO - Started process (PID=65442) to work on /home/airflow/.local/lib/python3.12/site-packages/airflow/example_dags/tutorial_objectstorage.py
[2024-06-09T11:13:43.352+0000] {processor.py:830} INFO - Processing file /home/airflow/.local/lib/python3.12/site-packages/airflow/example_dags/tutorial_objectstorage.py for tasks to queue
[2024-06-09T11:13:43.353+0000] {logging_mixin.py:188} INFO - [2024-06-09T11:13:43.353+0000] {dagbag.py:545} INFO - Filling up the DagBag from /home/airflow/.local/lib/python3.12/site-packages/airflow/example_dags/tutorial_objectstorage.py
[2024-06-09T11:13:43.364+0000] {processor.py:840} INFO - DAG(s) 'tutorial_objectstorage' retrieved from /home/airflow/.local/lib/python3.12/site-packages/airflow/example_dags/tutorial_objectstorage.py
[2024-06-09T11:13:43.389+0000] {logging_mixin.py:188} INFO - [2024-06-09T11:13:43.388+0000] {dag.py:3096} INFO - Sync 1 DAGs
[2024-06-09T11:13:43.406+0000] {logging_mixin.py:188} INFO - [2024-06-09T11:13:43.406+0000] {dag.py:3954} INFO - Setting next_dagrun for tutorial_objectstorage to None, run_after=None
[2024-06-09T11:13:43.430+0000] {processor.py:183} INFO - Processing /home/airflow/.local/lib/python3.12/site-packages/airflow/example_dags/tutorial_objectstorage.py took 0.087 seconds
[2024-06-09T11:18:33.822+0000] {processor.py:161} INFO - Started process (PID=65502) to work on /home/airflow/.local/lib/python3.12/site-packages/airflow/example_dags/tutorial_objectstorage.py
[2024-06-09T11:18:33.824+0000] {processor.py:830} INFO - Processing file /home/airflow/.local/lib/python3.12/site-packages/airflow/example_dags/tutorial_objectstorage.py for tasks to queue
[2024-06-09T11:18:33.827+0000] {logging_mixin.py:188} INFO - [2024-06-09T11:18:33.826+0000] {dagbag.py:545} INFO - Filling up the DagBag from /home/airflow/.local/lib/python3.12/site-packages/airflow/example_dags/tutorial_objectstorage.py
[2024-06-09T11:18:33.846+0000] {processor.py:840} INFO - DAG(s) 'tutorial_objectstorage' retrieved from /home/airflow/.local/lib/python3.12/site-packages/airflow/example_dags/tutorial_objectstorage.py
[2024-06-09T11:18:33.879+0000] {logging_mixin.py:188} INFO - [2024-06-09T11:18:33.879+0000] {dag.py:3096} INFO - Sync 1 DAGs
[2024-06-09T11:18:33.902+0000] {logging_mixin.py:188} INFO - [2024-06-09T11:18:33.901+0000] {dag.py:3954} INFO - Setting next_dagrun for tutorial_objectstorage to None, run_after=None
[2024-06-09T11:18:33.932+0000] {processor.py:183} INFO - Processing /home/airflow/.local/lib/python3.12/site-packages/airflow/example_dags/tutorial_objectstorage.py took 0.121 seconds
[2024-06-09T11:19:04.155+0000] {processor.py:161} INFO - Started process (PID=65561) to work on /home/airflow/.local/lib/python3.12/site-packages/airflow/example_dags/tutorial_objectstorage.py
[2024-06-09T11:19:04.157+0000] {processor.py:830} INFO - Processing file /home/airflow/.local/lib/python3.12/site-packages/airflow/example_dags/tutorial_objectstorage.py for tasks to queue
[2024-06-09T11:19:04.161+0000] {logging_mixin.py:188} INFO - [2024-06-09T11:19:04.161+0000] {dagbag.py:545} INFO - Filling up the DagBag from /home/airflow/.local/lib/python3.12/site-packages/airflow/example_dags/tutorial_objectstorage.py
[2024-06-09T11:19:04.173+0000] {processor.py:840} INFO - DAG(s) 'tutorial_objectstorage' retrieved from /home/airflow/.local/lib/python3.12/site-packages/airflow/example_dags/tutorial_objectstorage.py
[2024-06-09T11:19:04.199+0000] {logging_mixin.py:188} INFO - [2024-06-09T11:19:04.199+0000] {dag.py:3096} INFO - Sync 1 DAGs
[2024-06-09T11:19:04.217+0000] {logging_mixin.py:188} INFO - [2024-06-09T11:19:04.216+0000] {dag.py:3954} INFO - Setting next_dagrun for tutorial_objectstorage to None, run_after=None
[2024-06-09T11:19:04.240+0000] {processor.py:183} INFO - Processing /home/airflow/.local/lib/python3.12/site-packages/airflow/example_dags/tutorial_objectstorage.py took 0.093 seconds
[2024-06-09T12:14:48.795+0000] {processor.py:161} INFO - Started process (PID=65621) to work on /home/airflow/.local/lib/python3.12/site-packages/airflow/example_dags/tutorial_objectstorage.py
[2024-06-09T12:14:48.797+0000] {processor.py:830} INFO - Processing file /home/airflow/.local/lib/python3.12/site-packages/airflow/example_dags/tutorial_objectstorage.py for tasks to queue
[2024-06-09T12:14:48.799+0000] {logging_mixin.py:188} INFO - [2024-06-09T12:14:48.798+0000] {dagbag.py:545} INFO - Filling up the DagBag from /home/airflow/.local/lib/python3.12/site-packages/airflow/example_dags/tutorial_objectstorage.py
[2024-06-09T12:14:48.813+0000] {processor.py:840} INFO - DAG(s) 'tutorial_objectstorage' retrieved from /home/airflow/.local/lib/python3.12/site-packages/airflow/example_dags/tutorial_objectstorage.py
[2024-06-09T12:14:48.840+0000] {logging_mixin.py:188} INFO - [2024-06-09T12:14:48.839+0000] {dag.py:3096} INFO - Sync 1 DAGs
[2024-06-09T12:14:48.858+0000] {logging_mixin.py:188} INFO - [2024-06-09T12:14:48.858+0000] {dag.py:3954} INFO - Setting next_dagrun for tutorial_objectstorage to None, run_after=None
[2024-06-09T12:14:48.890+0000] {processor.py:183} INFO - Processing /home/airflow/.local/lib/python3.12/site-packages/airflow/example_dags/tutorial_objectstorage.py took 0.103 seconds
[2024-06-09T13:15:46.873+0000] {processor.py:161} INFO - Started process (PID=65681) to work on /home/airflow/.local/lib/python3.12/site-packages/airflow/example_dags/tutorial_objectstorage.py
[2024-06-09T13:15:46.875+0000] {processor.py:830} INFO - Processing file /home/airflow/.local/lib/python3.12/site-packages/airflow/example_dags/tutorial_objectstorage.py for tasks to queue
[2024-06-09T13:15:46.876+0000] {logging_mixin.py:188} INFO - [2024-06-09T13:15:46.876+0000] {dagbag.py:545} INFO - Filling up the DagBag from /home/airflow/.local/lib/python3.12/site-packages/airflow/example_dags/tutorial_objectstorage.py
[2024-06-09T13:15:46.890+0000] {processor.py:840} INFO - DAG(s) 'tutorial_objectstorage' retrieved from /home/airflow/.local/lib/python3.12/site-packages/airflow/example_dags/tutorial_objectstorage.py
[2024-06-09T13:15:46.920+0000] {logging_mixin.py:188} INFO - [2024-06-09T13:15:46.920+0000] {dag.py:3096} INFO - Sync 1 DAGs
[2024-06-09T13:15:46.941+0000] {logging_mixin.py:188} INFO - [2024-06-09T13:15:46.941+0000] {dag.py:3954} INFO - Setting next_dagrun for tutorial_objectstorage to None, run_after=None
[2024-06-09T13:15:46.969+0000] {processor.py:183} INFO - Processing /home/airflow/.local/lib/python3.12/site-packages/airflow/example_dags/tutorial_objectstorage.py took 0.106 seconds
[2024-06-09T13:16:17.298+0000] {processor.py:161} INFO - Started process (PID=65741) to work on /home/airflow/.local/lib/python3.12/site-packages/airflow/example_dags/tutorial_objectstorage.py
[2024-06-09T13:16:17.299+0000] {processor.py:830} INFO - Processing file /home/airflow/.local/lib/python3.12/site-packages/airflow/example_dags/tutorial_objectstorage.py for tasks to queue
[2024-06-09T13:16:17.300+0000] {logging_mixin.py:188} INFO - [2024-06-09T13:16:17.300+0000] {dagbag.py:545} INFO - Filling up the DagBag from /home/airflow/.local/lib/python3.12/site-packages/airflow/example_dags/tutorial_objectstorage.py
[2024-06-09T13:16:17.311+0000] {processor.py:840} INFO - DAG(s) 'tutorial_objectstorage' retrieved from /home/airflow/.local/lib/python3.12/site-packages/airflow/example_dags/tutorial_objectstorage.py
[2024-06-09T13:16:17.335+0000] {logging_mixin.py:188} INFO - [2024-06-09T13:16:17.335+0000] {dag.py:3096} INFO - Sync 1 DAGs
[2024-06-09T13:16:17.351+0000] {logging_mixin.py:188} INFO - [2024-06-09T13:16:17.351+0000] {dag.py:3954} INFO - Setting next_dagrun for tutorial_objectstorage to None, run_after=None
[2024-06-09T13:16:17.375+0000] {processor.py:183} INFO - Processing /home/airflow/.local/lib/python3.12/site-packages/airflow/example_dags/tutorial_objectstorage.py took 0.085 seconds
[2024-06-09T14:17:11.701+0000] {processor.py:161} INFO - Started process (PID=65801) to work on /home/airflow/.local/lib/python3.12/site-packages/airflow/example_dags/tutorial_objectstorage.py
[2024-06-09T14:17:11.703+0000] {processor.py:830} INFO - Processing file /home/airflow/.local/lib/python3.12/site-packages/airflow/example_dags/tutorial_objectstorage.py for tasks to queue
[2024-06-09T14:17:11.704+0000] {logging_mixin.py:188} INFO - [2024-06-09T14:17:11.703+0000] {dagbag.py:545} INFO - Filling up the DagBag from /home/airflow/.local/lib/python3.12/site-packages/airflow/example_dags/tutorial_objectstorage.py
[2024-06-09T14:17:11.714+0000] {processor.py:840} INFO - DAG(s) 'tutorial_objectstorage' retrieved from /home/airflow/.local/lib/python3.12/site-packages/airflow/example_dags/tutorial_objectstorage.py
[2024-06-09T14:17:11.737+0000] {logging_mixin.py:188} INFO - [2024-06-09T14:17:11.737+0000] {dag.py:3096} INFO - Sync 1 DAGs
[2024-06-09T14:17:11.754+0000] {logging_mixin.py:188} INFO - [2024-06-09T14:17:11.754+0000] {dag.py:3954} INFO - Setting next_dagrun for tutorial_objectstorage to None, run_after=None
[2024-06-09T14:17:11.777+0000] {processor.py:183} INFO - Processing /home/airflow/.local/lib/python3.12/site-packages/airflow/example_dags/tutorial_objectstorage.py took 0.084 seconds
[2024-06-09T15:18:10.822+0000] {processor.py:161} INFO - Started process (PID=65861) to work on /home/airflow/.local/lib/python3.12/site-packages/airflow/example_dags/tutorial_objectstorage.py
[2024-06-09T15:18:10.824+0000] {processor.py:830} INFO - Processing file /home/airflow/.local/lib/python3.12/site-packages/airflow/example_dags/tutorial_objectstorage.py for tasks to queue
[2024-06-09T15:18:10.825+0000] {logging_mixin.py:188} INFO - [2024-06-09T15:18:10.825+0000] {dagbag.py:545} INFO - Filling up the DagBag from /home/airflow/.local/lib/python3.12/site-packages/airflow/example_dags/tutorial_objectstorage.py
[2024-06-09T15:18:10.837+0000] {processor.py:840} INFO - DAG(s) 'tutorial_objectstorage' retrieved from /home/airflow/.local/lib/python3.12/site-packages/airflow/example_dags/tutorial_objectstorage.py
[2024-06-09T15:18:10.861+0000] {logging_mixin.py:188} INFO - [2024-06-09T15:18:10.860+0000] {dag.py:3096} INFO - Sync 1 DAGs
[2024-06-09T15:18:10.882+0000] {logging_mixin.py:188} INFO - [2024-06-09T15:18:10.881+0000] {dag.py:3954} INFO - Setting next_dagrun for tutorial_objectstorage to None, run_after=None
[2024-06-09T15:18:10.908+0000] {processor.py:183} INFO - Processing /home/airflow/.local/lib/python3.12/site-packages/airflow/example_dags/tutorial_objectstorage.py took 0.093 seconds
[2024-06-09T15:18:44.574+0000] {processor.py:161} INFO - Started process (PID=65921) to work on /home/airflow/.local/lib/python3.12/site-packages/airflow/example_dags/tutorial_objectstorage.py
[2024-06-09T15:18:44.576+0000] {processor.py:830} INFO - Processing file /home/airflow/.local/lib/python3.12/site-packages/airflow/example_dags/tutorial_objectstorage.py for tasks to queue
[2024-06-09T15:18:44.579+0000] {logging_mixin.py:188} INFO - [2024-06-09T15:18:44.578+0000] {dagbag.py:545} INFO - Filling up the DagBag from /home/airflow/.local/lib/python3.12/site-packages/airflow/example_dags/tutorial_objectstorage.py
[2024-06-09T15:18:44.598+0000] {processor.py:840} INFO - DAG(s) 'tutorial_objectstorage' retrieved from /home/airflow/.local/lib/python3.12/site-packages/airflow/example_dags/tutorial_objectstorage.py
[2024-06-09T15:18:44.634+0000] {logging_mixin.py:188} INFO - [2024-06-09T15:18:44.634+0000] {dag.py:3096} INFO - Sync 1 DAGs
[2024-06-09T15:18:44.671+0000] {logging_mixin.py:188} INFO - [2024-06-09T15:18:44.671+0000] {dag.py:3954} INFO - Setting next_dagrun for tutorial_objectstorage to None, run_after=None
[2024-06-09T15:18:44.710+0000] {processor.py:183} INFO - Processing /home/airflow/.local/lib/python3.12/site-packages/airflow/example_dags/tutorial_objectstorage.py took 0.151 seconds
[2024-06-09T16:19:37.442+0000] {processor.py:161} INFO - Started process (PID=65975) to work on /home/airflow/.local/lib/python3.12/site-packages/airflow/example_dags/tutorial_objectstorage.py
[2024-06-09T16:19:37.445+0000] {processor.py:830} INFO - Processing file /home/airflow/.local/lib/python3.12/site-packages/airflow/example_dags/tutorial_objectstorage.py for tasks to queue
[2024-06-09T16:19:37.449+0000] {logging_mixin.py:188} INFO - [2024-06-09T16:19:37.449+0000] {dagbag.py:545} INFO - Filling up the DagBag from /home/airflow/.local/lib/python3.12/site-packages/airflow/example_dags/tutorial_objectstorage.py
[2024-06-09T16:19:37.460+0000] {processor.py:840} INFO - DAG(s) 'tutorial_objectstorage' retrieved from /home/airflow/.local/lib/python3.12/site-packages/airflow/example_dags/tutorial_objectstorage.py
[2024-06-09T16:19:37.483+0000] {logging_mixin.py:188} INFO - [2024-06-09T16:19:37.483+0000] {dag.py:3096} INFO - Sync 1 DAGs
[2024-06-09T16:19:37.500+0000] {logging_mixin.py:188} INFO - [2024-06-09T16:19:37.499+0000] {dag.py:3954} INFO - Setting next_dagrun for tutorial_objectstorage to None, run_after=None
[2024-06-09T16:19:37.524+0000] {processor.py:183} INFO - Processing /home/airflow/.local/lib/python3.12/site-packages/airflow/example_dags/tutorial_objectstorage.py took 0.089 seconds
[2024-06-09T16:31:35.675+0000] {processor.py:161} INFO - Started process (PID=66041) to work on /home/airflow/.local/lib/python3.12/site-packages/airflow/example_dags/tutorial_objectstorage.py
[2024-06-09T16:31:35.677+0000] {processor.py:830} INFO - Processing file /home/airflow/.local/lib/python3.12/site-packages/airflow/example_dags/tutorial_objectstorage.py for tasks to queue
[2024-06-09T16:31:35.679+0000] {logging_mixin.py:188} INFO - [2024-06-09T16:31:35.678+0000] {dagbag.py:545} INFO - Filling up the DagBag from /home/airflow/.local/lib/python3.12/site-packages/airflow/example_dags/tutorial_objectstorage.py
[2024-06-09T16:31:35.688+0000] {processor.py:840} INFO - DAG(s) 'tutorial_objectstorage' retrieved from /home/airflow/.local/lib/python3.12/site-packages/airflow/example_dags/tutorial_objectstorage.py
[2024-06-09T16:31:35.714+0000] {logging_mixin.py:188} INFO - [2024-06-09T16:31:35.714+0000] {dag.py:3096} INFO - Sync 1 DAGs
[2024-06-09T16:31:35.731+0000] {logging_mixin.py:188} INFO - [2024-06-09T16:31:35.731+0000] {dag.py:3954} INFO - Setting next_dagrun for tutorial_objectstorage to None, run_after=None
[2024-06-09T16:31:35.879+0000] {processor.py:183} INFO - Processing /home/airflow/.local/lib/python3.12/site-packages/airflow/example_dags/tutorial_objectstorage.py took 0.211 seconds
[2024-06-09T18:21:13.648+0000] {processor.py:161} INFO - Started process (PID=66106) to work on /home/airflow/.local/lib/python3.12/site-packages/airflow/example_dags/tutorial_objectstorage.py
[2024-06-09T18:21:13.650+0000] {processor.py:830} INFO - Processing file /home/airflow/.local/lib/python3.12/site-packages/airflow/example_dags/tutorial_objectstorage.py for tasks to queue
[2024-06-09T18:21:13.652+0000] {logging_mixin.py:188} INFO - [2024-06-09T18:21:13.652+0000] {dagbag.py:545} INFO - Filling up the DagBag from /home/airflow/.local/lib/python3.12/site-packages/airflow/example_dags/tutorial_objectstorage.py
[2024-06-09T18:21:13.666+0000] {processor.py:840} INFO - DAG(s) 'tutorial_objectstorage' retrieved from /home/airflow/.local/lib/python3.12/site-packages/airflow/example_dags/tutorial_objectstorage.py
[2024-06-09T18:21:13.702+0000] {logging_mixin.py:188} INFO - [2024-06-09T18:21:13.701+0000] {dag.py:3096} INFO - Sync 1 DAGs
[2024-06-09T18:21:13.726+0000] {logging_mixin.py:188} INFO - [2024-06-09T18:21:13.726+0000] {dag.py:3954} INFO - Setting next_dagrun for tutorial_objectstorage to None, run_after=None
[2024-06-09T18:21:13.762+0000] {processor.py:183} INFO - Processing /home/airflow/.local/lib/python3.12/site-packages/airflow/example_dags/tutorial_objectstorage.py took 0.125 seconds
[2024-06-09T19:22:11.141+0000] {processor.py:161} INFO - Started process (PID=66145) to work on /home/airflow/.local/lib/python3.12/site-packages/airflow/example_dags/tutorial_objectstorage.py
[2024-06-09T19:22:11.143+0000] {processor.py:830} INFO - Processing file /home/airflow/.local/lib/python3.12/site-packages/airflow/example_dags/tutorial_objectstorage.py for tasks to queue
[2024-06-09T19:22:11.145+0000] {logging_mixin.py:188} INFO - [2024-06-09T19:22:11.144+0000] {dagbag.py:545} INFO - Filling up the DagBag from /home/airflow/.local/lib/python3.12/site-packages/airflow/example_dags/tutorial_objectstorage.py
[2024-06-09T19:22:11.162+0000] {processor.py:840} INFO - DAG(s) 'tutorial_objectstorage' retrieved from /home/airflow/.local/lib/python3.12/site-packages/airflow/example_dags/tutorial_objectstorage.py
[2024-06-09T19:22:11.200+0000] {logging_mixin.py:188} INFO - [2024-06-09T19:22:11.200+0000] {dag.py:3096} INFO - Sync 1 DAGs
[2024-06-09T19:22:11.228+0000] {logging_mixin.py:188} INFO - [2024-06-09T19:22:11.228+0000] {dag.py:3954} INFO - Setting next_dagrun for tutorial_objectstorage to None, run_after=None
[2024-06-09T19:22:11.265+0000] {processor.py:183} INFO - Processing /home/airflow/.local/lib/python3.12/site-packages/airflow/example_dags/tutorial_objectstorage.py took 0.136 seconds
[2024-06-09T19:31:25.735+0000] {processor.py:161} INFO - Started process (PID=66205) to work on /home/airflow/.local/lib/python3.12/site-packages/airflow/example_dags/tutorial_objectstorage.py
[2024-06-09T19:31:25.737+0000] {processor.py:830} INFO - Processing file /home/airflow/.local/lib/python3.12/site-packages/airflow/example_dags/tutorial_objectstorage.py for tasks to queue
[2024-06-09T19:31:25.739+0000] {logging_mixin.py:188} INFO - [2024-06-09T19:31:25.738+0000] {dagbag.py:545} INFO - Filling up the DagBag from /home/airflow/.local/lib/python3.12/site-packages/airflow/example_dags/tutorial_objectstorage.py
[2024-06-09T19:31:25.752+0000] {processor.py:840} INFO - DAG(s) 'tutorial_objectstorage' retrieved from /home/airflow/.local/lib/python3.12/site-packages/airflow/example_dags/tutorial_objectstorage.py
[2024-06-09T19:31:25.787+0000] {logging_mixin.py:188} INFO - [2024-06-09T19:31:25.787+0000] {dag.py:3096} INFO - Sync 1 DAGs
[2024-06-09T19:31:25.810+0000] {logging_mixin.py:188} INFO - [2024-06-09T19:31:25.810+0000] {dag.py:3954} INFO - Setting next_dagrun for tutorial_objectstorage to None, run_after=None
[2024-06-09T19:31:25.842+0000] {processor.py:183} INFO - Processing /home/airflow/.local/lib/python3.12/site-packages/airflow/example_dags/tutorial_objectstorage.py took 0.117 seconds
[2024-06-09T19:32:05.131+0000] {processor.py:161} INFO - Started process (PID=66264) to work on /home/airflow/.local/lib/python3.12/site-packages/airflow/example_dags/tutorial_objectstorage.py
[2024-06-09T19:32:05.150+0000] {processor.py:830} INFO - Processing file /home/airflow/.local/lib/python3.12/site-packages/airflow/example_dags/tutorial_objectstorage.py for tasks to queue
[2024-06-09T19:32:05.170+0000] {logging_mixin.py:188} INFO - [2024-06-09T19:32:05.165+0000] {dagbag.py:545} INFO - Filling up the DagBag from /home/airflow/.local/lib/python3.12/site-packages/airflow/example_dags/tutorial_objectstorage.py
[2024-06-09T19:32:05.329+0000] {processor.py:840} INFO - DAG(s) 'tutorial_objectstorage' retrieved from /home/airflow/.local/lib/python3.12/site-packages/airflow/example_dags/tutorial_objectstorage.py
[2024-06-09T19:32:05.808+0000] {logging_mixin.py:188} INFO - [2024-06-09T19:32:05.803+0000] {dag.py:3096} INFO - Sync 1 DAGs
[2024-06-09T19:32:06.155+0000] {logging_mixin.py:188} INFO - [2024-06-09T19:32:06.151+0000] {dag.py:3954} INFO - Setting next_dagrun for tutorial_objectstorage to None, run_after=None
[2024-06-09T19:32:06.522+0000] {processor.py:183} INFO - Processing /home/airflow/.local/lib/python3.12/site-packages/airflow/example_dags/tutorial_objectstorage.py took 1.550 seconds
[2024-06-09T20:23:12.606+0000] {processor.py:161} INFO - Started process (PID=66284) to work on /home/airflow/.local/lib/python3.12/site-packages/airflow/example_dags/tutorial_objectstorage.py
[2024-06-09T20:23:12.607+0000] {processor.py:830} INFO - Processing file /home/airflow/.local/lib/python3.12/site-packages/airflow/example_dags/tutorial_objectstorage.py for tasks to queue
[2024-06-09T20:23:12.610+0000] {logging_mixin.py:188} INFO - [2024-06-09T20:23:12.609+0000] {dagbag.py:545} INFO - Filling up the DagBag from /home/airflow/.local/lib/python3.12/site-packages/airflow/example_dags/tutorial_objectstorage.py
[2024-06-09T20:23:12.622+0000] {processor.py:840} INFO - DAG(s) 'tutorial_objectstorage' retrieved from /home/airflow/.local/lib/python3.12/site-packages/airflow/example_dags/tutorial_objectstorage.py
[2024-06-09T20:23:12.992+0000] {logging_mixin.py:188} INFO - [2024-06-09T20:23:12.991+0000] {dag.py:3096} INFO - Sync 1 DAGs
[2024-06-09T20:23:13.017+0000] {logging_mixin.py:188} INFO - [2024-06-09T20:23:13.017+0000] {dag.py:3954} INFO - Setting next_dagrun for tutorial_objectstorage to None, run_after=None
[2024-06-09T20:23:13.049+0000] {processor.py:183} INFO - Processing /home/airflow/.local/lib/python3.12/site-packages/airflow/example_dags/tutorial_objectstorage.py took 0.454 seconds
