[2024-06-10T07:48:53.216+0000] {local_task_job_runner.py:120} INFO - ::group::Pre task execution logs
[2024-06-10T07:48:53.250+0000] {taskinstance.py:2076} INFO - Dependencies all met for dep_context=non-requeueable deps ti=<TaskInstance: xdag_id_1.insert_new_row manual__2024-06-10T07:48:41.580101+00:00 [queued]>
[2024-06-10T07:48:53.264+0000] {taskinstance.py:2076} INFO - Dependencies all met for dep_context=requeueable deps ti=<TaskInstance: xdag_id_1.insert_new_row manual__2024-06-10T07:48:41.580101+00:00 [queued]>
[2024-06-10T07:48:53.264+0000] {taskinstance.py:2306} INFO - Starting attempt 1 of 1
[2024-06-10T07:48:53.282+0000] {taskinstance.py:2330} INFO - Executing <Task(SQLExecuteQueryOperator): insert_new_row> on 2024-06-10 07:48:41.580101+00:00
[2024-06-10T07:48:53.290+0000] {warnings.py:110} WARNING - /home/***/.local/lib/python3.12/site-packages/***/task/task_runner/standard_task_runner.py:61: DeprecationWarning: This process (pid=19519) is multi-threaded, use of fork() may lead to deadlocks in the child.
  pid = os.fork()

[2024-06-10T07:48:53.292+0000] {standard_task_runner.py:63} INFO - Started process 19521 to run task
[2024-06-10T07:48:53.293+0000] {standard_task_runner.py:90} INFO - Running: ['***', 'tasks', 'run', 'xdag_id_1', 'insert_new_row', 'manual__2024-06-10T07:48:41.580101+00:00', '--job-id', '658', '--raw', '--subdir', 'DAGS_FOLDER/jobs_dag.py', '--cfg-path', '/tmp/tmp9ob3si5e']
[2024-06-10T07:48:53.297+0000] {standard_task_runner.py:91} INFO - Job 658: Subtask insert_new_row
[2024-06-10T07:48:53.364+0000] {task_command.py:426} INFO - Running <TaskInstance: xdag_id_1.insert_new_row manual__2024-06-10T07:48:41.580101+00:00 [running]> on host db8c7b709f57
[2024-06-10T07:48:53.514+0000] {taskinstance.py:2648} INFO - Exporting env vars: AIRFLOW_CTX_DAG_OWNER='***' AIRFLOW_CTX_DAG_ID='xdag_id_1' AIRFLOW_CTX_TASK_ID='insert_new_row' AIRFLOW_CTX_EXECUTION_DATE='2024-06-10T07:48:41.580101+00:00' AIRFLOW_CTX_TRY_NUMBER='1' AIRFLOW_CTX_DAG_RUN_ID='manual__2024-06-10T07:48:41.580101+00:00'
[2024-06-10T07:48:53.518+0000] {taskinstance.py:430} INFO - ::endgroup::
[2024-06-10T07:48:53.519+0000] {sql.py:276} INFO - Executing: INSERT INTO table_name_1 VALUES(%s, %s, %s);
[2024-06-10T07:48:53.532+0000] {base.py:84} INFO - Using connection ID 'postgres_default' for task execution.
[2024-06-10T07:48:53.543+0000] {base.py:84} INFO - Using connection ID 'postgres_default' for task execution.
[2024-06-10T07:48:53.548+0000] {sql.py:470} INFO - Running statement: INSERT INTO table_name_1 VALUES(%s, %s, %s);, parameters: (1080, 'default', datetime.datetime(2024, 6, 10, 7, 48, 51, 654384))
[2024-06-10T07:48:53.549+0000] {sql.py:479} INFO - Rows affected: 1
[2024-06-10T07:48:53.552+0000] {taskinstance.py:441} INFO - ::group::Post task execution logs
[2024-06-10T07:48:53.563+0000] {taskinstance.py:1206} INFO - Marking task as SUCCESS. dag_id=xdag_id_1, task_id=insert_new_row, run_id=manual__2024-06-10T07:48:41.580101+00:00, execution_date=20240610T074841, start_date=20240610T074853, end_date=20240610T074853
[2024-06-10T07:48:53.598+0000] {local_task_job_runner.py:240} INFO - Task exited with return code 0
[2024-06-10T07:48:53.633+0000] {taskinstance.py:3498} INFO - 1 downstream tasks scheduled from follow-on schedule check
[2024-06-10T07:48:53.635+0000] {local_task_job_runner.py:222} INFO - ::endgroup::
