[2024-06-04T14:34:02.569+0000] {local_task_job_runner.py:120} INFO - ::group::Pre task execution logs
[2024-06-04T14:34:02.596+0000] {taskinstance.py:2076} INFO - Dependencies all met for dep_context=non-requeueable deps ti=<TaskInstance: xdag_id_1.check_if_table_exists manual__2024-06-04T14:33:52.181086+00:00 [queued]>
[2024-06-04T14:34:02.606+0000] {taskinstance.py:2076} INFO - Dependencies all met for dep_context=requeueable deps ti=<TaskInstance: xdag_id_1.check_if_table_exists manual__2024-06-04T14:33:52.181086+00:00 [queued]>
[2024-06-04T14:34:02.607+0000] {taskinstance.py:2306} INFO - Starting attempt 1 of 1
[2024-06-04T14:34:02.621+0000] {taskinstance.py:2330} INFO - Executing <Task(_BranchPythonDecoratedOperator): check_if_table_exists> on 2024-06-04 14:33:52.181086+00:00
[2024-06-04T14:34:02.627+0000] {warnings.py:110} WARNING - /home/***/.local/lib/python3.12/site-packages/***/task/task_runner/standard_task_runner.py:61: DeprecationWarning: This process (pid=68) is multi-threaded, use of fork() may lead to deadlocks in the child.
  pid = os.fork()

[2024-06-04T14:34:02.629+0000] {standard_task_runner.py:63} INFO - Started process 70 to run task
[2024-06-04T14:34:02.629+0000] {standard_task_runner.py:90} INFO - Running: ['***', 'tasks', 'run', 'xdag_id_1', 'check_if_table_exists', 'manual__2024-06-04T14:33:52.181086+00:00', '--job-id', '37', '--raw', '--subdir', 'DAGS_FOLDER/jobs_dag.py', '--cfg-path', '/tmp/tmpuv6j58j2']
[2024-06-04T14:34:02.632+0000] {standard_task_runner.py:91} INFO - Job 37: Subtask check_if_table_exists
[2024-06-04T14:34:02.693+0000] {task_command.py:426} INFO - Running <TaskInstance: xdag_id_1.check_if_table_exists manual__2024-06-04T14:33:52.181086+00:00 [running]> on host 347f783c28e8
[2024-06-04T14:34:02.793+0000] {taskinstance.py:2648} INFO - Exporting env vars: AIRFLOW_CTX_DAG_OWNER='***' AIRFLOW_CTX_DAG_ID='xdag_id_1' AIRFLOW_CTX_TASK_ID='check_if_table_exists' AIRFLOW_CTX_EXECUTION_DATE='2024-06-04T14:33:52.181086+00:00' AIRFLOW_CTX_TRY_NUMBER='1' AIRFLOW_CTX_DAG_RUN_ID='manual__2024-06-04T14:33:52.181086+00:00'
[2024-06-04T14:34:02.796+0000] {taskinstance.py:430} INFO - ::endgroup::
[2024-06-04T14:34:02.797+0000] {python.py:237} INFO - Done. Returned value was: insert_new_row
[2024-06-04T14:34:02.798+0000] {branch.py:36} INFO - Branch into insert_new_row
[2024-06-04T14:34:02.799+0000] {skipmixin.py:178} INFO - Following branch insert_new_row
[2024-06-04T14:34:02.818+0000] {skipmixin.py:246} INFO - Skipping tasks [('create_table', -1)]
[2024-06-04T14:34:02.849+0000] {taskinstance.py:441} INFO - ::group::Post task execution logs
[2024-06-04T14:34:02.869+0000] {taskinstance.py:1206} INFO - Marking task as SUCCESS. dag_id=xdag_id_1, task_id=check_if_table_exists, run_id=manual__2024-06-04T14:33:52.181086+00:00, execution_date=20240604T143352, start_date=20240604T143402, end_date=20240604T143402
[2024-06-04T14:34:02.893+0000] {local_task_job_runner.py:240} INFO - Task exited with return code 0
[2024-06-04T14:34:02.926+0000] {taskinstance.py:3498} INFO - 0 downstream tasks scheduled from follow-on schedule check
[2024-06-04T14:34:02.928+0000] {local_task_job_runner.py:222} INFO - ::endgroup::
