[2024-06-10T07:52:15.236+0000] {local_task_job_runner.py:120} INFO - ::group::Pre task execution logs
[2024-06-10T07:52:15.262+0000] {taskinstance.py:2076} INFO - Dependencies all met for dep_context=non-requeueable deps ti=<TaskInstance: trigger_dag_id.file_sensor manual__2024-06-10T07:52:12.766290+00:00 [queued]>
[2024-06-10T07:52:15.270+0000] {taskinstance.py:2076} INFO - Dependencies all met for dep_context=requeueable deps ti=<TaskInstance: trigger_dag_id.file_sensor manual__2024-06-10T07:52:12.766290+00:00 [queued]>
[2024-06-10T07:52:15.271+0000] {taskinstance.py:2306} INFO - Starting attempt 1 of 1
[2024-06-10T07:52:15.288+0000] {taskinstance.py:2330} INFO - Executing <Task(FileSensor): file_sensor> on 2024-06-10 07:52:12.766290+00:00
[2024-06-10T07:52:15.294+0000] {warnings.py:110} WARNING - /home/***/.local/lib/python3.12/site-packages/***/task/task_runner/standard_task_runner.py:61: DeprecationWarning: This process (pid=19570) is multi-threaded, use of fork() may lead to deadlocks in the child.
  pid = os.fork()

[2024-06-10T07:52:15.296+0000] {standard_task_runner.py:63} INFO - Started process 19572 to run task
[2024-06-10T07:52:15.296+0000] {standard_task_runner.py:90} INFO - Running: ['***', 'tasks', 'run', 'trigger_dag_id', 'file_sensor', 'manual__2024-06-10T07:52:12.766290+00:00', '--job-id', '661', '--raw', '--subdir', 'DAGS_FOLDER/trigger_dag.py', '--cfg-path', '/tmp/tmpuo43j2g1']
[2024-06-10T07:52:15.299+0000] {standard_task_runner.py:91} INFO - Job 661: Subtask file_sensor
[2024-06-10T07:52:15.352+0000] {task_command.py:426} INFO - Running <TaskInstance: trigger_dag_id.file_sensor manual__2024-06-10T07:52:12.766290+00:00 [running]> on host db8c7b709f57
[2024-06-10T07:52:15.465+0000] {taskinstance.py:2648} INFO - Exporting env vars: AIRFLOW_CTX_DAG_OWNER='***' AIRFLOW_CTX_DAG_ID='trigger_dag_id' AIRFLOW_CTX_TASK_ID='file_sensor' AIRFLOW_CTX_EXECUTION_DATE='2024-06-10T07:52:12.766290+00:00' AIRFLOW_CTX_TRY_NUMBER='1' AIRFLOW_CTX_DAG_RUN_ID='manual__2024-06-10T07:52:12.766290+00:00'
[2024-06-10T07:52:15.469+0000] {taskinstance.py:430} INFO - ::endgroup::
[2024-06-10T07:52:15.470+0000] {baseoperator.py:399} WARNING - FileSensor.execute cannot be called outside TaskInstance!
[2024-06-10T07:52:15.480+0000] {base.py:84} INFO - Using connection ID 'fs_default' for task execution.
[2024-06-10T07:52:15.481+0000] {filesystem.py:85} INFO - Poking for file /opt/***/TRIGGER_FILE/file.txt
[2024-06-10T07:52:15.482+0000] {filesystem.py:89} INFO - Found File /opt/***/TRIGGER_FILE/file.txt last modified: 20240411090055
[2024-06-10T07:52:15.483+0000] {base.py:294} INFO - Success criteria met. Exiting.
[2024-06-10T07:52:15.483+0000] {filesystem.py:85} INFO - Poking for file /opt/***/TRIGGER_FILE/file.txt
[2024-06-10T07:52:15.484+0000] {filesystem.py:89} INFO - Found File /opt/***/TRIGGER_FILE/file.txt last modified: 20240411090055
[2024-06-10T07:52:15.485+0000] {taskinstance.py:441} INFO - ::group::Post task execution logs
[2024-06-10T07:52:15.495+0000] {taskinstance.py:1206} INFO - Marking task as SUCCESS. dag_id=trigger_dag_id, task_id=file_sensor, run_id=manual__2024-06-10T07:52:12.766290+00:00, execution_date=20240610T075212, start_date=20240610T075215, end_date=20240610T075215
[2024-06-10T07:52:15.519+0000] {local_task_job_runner.py:240} INFO - Task exited with return code 0
[2024-06-10T07:52:15.566+0000] {taskinstance.py:3498} INFO - 1 downstream tasks scheduled from follow-on schedule check
[2024-06-10T07:52:15.568+0000] {local_task_job_runner.py:222} INFO - ::endgroup::
