[2024-06-11T15:51:06.034+0000] {local_task_job_runner.py:120} INFO - ::group::Pre task execution logs
[2024-06-11T15:51:06.059+0000] {taskinstance.py:2076} INFO - Dependencies all met for dep_context=non-requeueable deps ti=<TaskInstance: xdag_id_1.log_info manual__2024-06-11T15:51:02.184015+00:00 [queued]>
[2024-06-11T15:51:06.071+0000] {taskinstance.py:2076} INFO - Dependencies all met for dep_context=requeueable deps ti=<TaskInstance: xdag_id_1.log_info manual__2024-06-11T15:51:02.184015+00:00 [queued]>
[2024-06-11T15:51:06.072+0000] {taskinstance.py:2306} INFO - Starting attempt 1 of 1
[2024-06-11T15:51:06.089+0000] {taskinstance.py:2330} INFO - Executing <Task(PythonOperator): log_info> on 2024-06-11 15:51:02.184015+00:00
[2024-06-11T15:51:06.096+0000] {warnings.py:110} WARNING - /home/***/.local/lib/python3.12/site-packages/***/task/task_runner/standard_task_runner.py:61: DeprecationWarning: This process (pid=531) is multi-threaded, use of fork() may lead to deadlocks in the child.
  pid = os.fork()

[2024-06-11T15:51:06.101+0000] {standard_task_runner.py:63} INFO - Started process 535 to run task
[2024-06-11T15:51:06.098+0000] {standard_task_runner.py:90} INFO - Running: ['***', 'tasks', 'run', 'xdag_id_1', 'log_info', 'manual__2024-06-11T15:51:02.184015+00:00', '--job-id', '849', '--raw', '--subdir', 'DAGS_FOLDER/jobs_dag.py', '--cfg-path', '/tmp/tmp0qycvmy6']
[2024-06-11T15:51:06.104+0000] {standard_task_runner.py:91} INFO - Job 849: Subtask log_info
[2024-06-11T15:51:06.205+0000] {task_command.py:426} INFO - Running <TaskInstance: xdag_id_1.log_info manual__2024-06-11T15:51:02.184015+00:00 [running]> on host e20108ce6780
[2024-06-11T15:51:06.538+0000] {taskinstance.py:2648} INFO - Exporting env vars: AIRFLOW_CTX_DAG_OWNER='***' AIRFLOW_CTX_DAG_ID='xdag_id_1' AIRFLOW_CTX_TASK_ID='log_info' AIRFLOW_CTX_EXECUTION_DATE='2024-06-11T15:51:02.184015+00:00' AIRFLOW_CTX_TRY_NUMBER='1' AIRFLOW_CTX_DAG_RUN_ID='manual__2024-06-11T15:51:02.184015+00:00'
[2024-06-11T15:51:06.543+0000] {taskinstance.py:430} INFO - ::endgroup::
[2024-06-11T15:51:06.547+0000] {logging_mixin.py:188} INFO - xdag_id_1 start processing tables in database: table_name_1
[2024-06-11T15:51:06.547+0000] {python.py:237} INFO - Done. Returned value was: None
[2024-06-11T15:51:06.550+0000] {taskinstance.py:441} INFO - ::group::Post task execution logs
[2024-06-11T15:51:06.575+0000] {taskinstance.py:1206} INFO - Marking task as SUCCESS. dag_id=xdag_id_1, task_id=log_info, run_id=manual__2024-06-11T15:51:02.184015+00:00, execution_date=20240611T155102, start_date=20240611T155106, end_date=20240611T155106
[2024-06-11T15:51:06.615+0000] {local_task_job_runner.py:240} INFO - Task exited with return code 0
[2024-06-11T15:51:06.649+0000] {taskinstance.py:3498} INFO - 1 downstream tasks scheduled from follow-on schedule check
[2024-06-11T15:51:06.651+0000] {local_task_job_runner.py:222} INFO - ::endgroup::
