[2024-06-05T11:14:36.789+0000] {local_task_job_runner.py:120} INFO - ::group::Pre task execution logs
[2024-06-05T11:14:36.824+0000] {taskinstance.py:2076} INFO - Dependencies all met for dep_context=non-requeueable deps ti=<TaskInstance: xdag_id_1.gett_current_user manual__2024-06-05T11:14:29.904703+00:00 [queued]>
[2024-06-05T11:14:36.836+0000] {taskinstance.py:2076} INFO - Dependencies all met for dep_context=requeueable deps ti=<TaskInstance: xdag_id_1.gett_current_user manual__2024-06-05T11:14:29.904703+00:00 [queued]>
[2024-06-05T11:14:36.837+0000] {taskinstance.py:2306} INFO - Starting attempt 1 of 1
[2024-06-05T11:14:36.857+0000] {taskinstance.py:2330} INFO - Executing <Task(BashOperator): gett_current_user> on 2024-06-05 11:14:29.904703+00:00
[2024-06-05T11:14:36.864+0000] {warnings.py:110} WARNING - /home/***/.local/lib/python3.12/site-packages/***/task/task_runner/standard_task_runner.py:61: DeprecationWarning: This process (pid=2912) is multi-threaded, use of fork() may lead to deadlocks in the child.
  pid = os.fork()

[2024-06-05T11:14:36.867+0000] {standard_task_runner.py:63} INFO - Started process 2914 to run task
[2024-06-05T11:14:36.867+0000] {standard_task_runner.py:90} INFO - Running: ['***', 'tasks', 'run', 'xdag_id_1', 'gett_current_user', 'manual__2024-06-05T11:14:29.904703+00:00', '--job-id', '370', '--raw', '--subdir', 'DAGS_FOLDER/jobs_dag.py', '--cfg-path', '/tmp/tmpurinil70']
[2024-06-05T11:14:36.871+0000] {standard_task_runner.py:91} INFO - Job 370: Subtask gett_current_user
[2024-06-05T11:14:36.928+0000] {task_command.py:426} INFO - Running <TaskInstance: xdag_id_1.gett_current_user manual__2024-06-05T11:14:29.904703+00:00 [running]> on host db8c7b709f57
[2024-06-05T11:14:37.041+0000] {taskinstance.py:2648} INFO - Exporting env vars: AIRFLOW_CTX_DAG_OWNER='***' AIRFLOW_CTX_DAG_ID='xdag_id_1' AIRFLOW_CTX_TASK_ID='gett_current_user' AIRFLOW_CTX_EXECUTION_DATE='2024-06-05T11:14:29.904703+00:00' AIRFLOW_CTX_TRY_NUMBER='1' AIRFLOW_CTX_DAG_RUN_ID='manual__2024-06-05T11:14:29.904703+00:00'
[2024-06-05T11:14:37.044+0000] {taskinstance.py:430} INFO - ::endgroup::
[2024-06-05T11:14:37.045+0000] {subprocess.py:63} INFO - Tmp dir root location: /tmp
[2024-06-05T11:14:37.047+0000] {subprocess.py:75} INFO - Running command: ['/usr/bin/bash', '-c', 'whoami']
[2024-06-05T11:14:37.058+0000] {subprocess.py:86} INFO - Output:
[2024-06-05T11:14:37.063+0000] {subprocess.py:93} INFO - default
[2024-06-05T11:14:37.063+0000] {subprocess.py:97} INFO - Command exited with return code 0
[2024-06-05T11:14:37.064+0000] {taskinstance.py:441} INFO - ::group::Post task execution logs
[2024-06-05T11:14:37.091+0000] {taskinstance.py:1206} INFO - Marking task as SUCCESS. dag_id=xdag_id_1, task_id=gett_current_user, run_id=manual__2024-06-05T11:14:29.904703+00:00, execution_date=20240605T111429, start_date=20240605T111436, end_date=20240605T111437
[2024-06-05T11:14:37.133+0000] {local_task_job_runner.py:240} INFO - Task exited with return code 0
[2024-06-05T11:14:37.168+0000] {taskinstance.py:3498} INFO - 1 downstream tasks scheduled from follow-on schedule check
[2024-06-05T11:14:37.171+0000] {local_task_job_runner.py:222} INFO - ::endgroup::
