[2024-06-05T13:05:46.572+0000] {local_task_job_runner.py:120} INFO - ::group::Pre task execution logs
[2024-06-05T13:05:46.611+0000] {taskinstance.py:2076} INFO - Dependencies all met for dep_context=non-requeueable deps ti=<TaskInstance: xdag_id_1.query_the_table manual__2024-06-05T13:05:32.295584+00:00 [queued]>
[2024-06-05T13:05:46.624+0000] {taskinstance.py:2076} INFO - Dependencies all met for dep_context=requeueable deps ti=<TaskInstance: xdag_id_1.query_the_table manual__2024-06-05T13:05:32.295584+00:00 [queued]>
[2024-06-05T13:05:46.625+0000] {taskinstance.py:2306} INFO - Starting attempt 1 of 1
[2024-06-05T13:05:46.642+0000] {taskinstance.py:2330} INFO - Executing <Task(PythonOperator): query_the_table> on 2024-06-05 13:05:32.295584+00:00
[2024-06-05T13:05:46.652+0000] {warnings.py:110} WARNING - /home/***/.local/lib/python3.12/site-packages/***/task/task_runner/standard_task_runner.py:61: DeprecationWarning: This process (pid=4698) is multi-threaded, use of fork() may lead to deadlocks in the child.
  pid = os.fork()

[2024-06-05T13:05:46.655+0000] {standard_task_runner.py:63} INFO - Started process 4700 to run task
[2024-06-05T13:05:46.655+0000] {standard_task_runner.py:90} INFO - Running: ['***', 'tasks', 'run', 'xdag_id_1', 'query_the_table', 'manual__2024-06-05T13:05:32.295584+00:00', '--job-id', '505', '--raw', '--subdir', 'DAGS_FOLDER/jobs_dag.py', '--cfg-path', '/tmp/tmp71i6ce1x']
[2024-06-05T13:05:46.661+0000] {standard_task_runner.py:91} INFO - Job 505: Subtask query_the_table
[2024-06-05T13:05:46.746+0000] {task_command.py:426} INFO - Running <TaskInstance: xdag_id_1.query_the_table manual__2024-06-05T13:05:32.295584+00:00 [running]> on host db8c7b709f57
[2024-06-05T13:05:46.910+0000] {taskinstance.py:2648} INFO - Exporting env vars: AIRFLOW_CTX_DAG_OWNER='***' AIRFLOW_CTX_DAG_ID='xdag_id_1' AIRFLOW_CTX_TASK_ID='query_the_table' AIRFLOW_CTX_EXECUTION_DATE='2024-06-05T13:05:32.295584+00:00' AIRFLOW_CTX_TRY_NUMBER='1' AIRFLOW_CTX_DAG_RUN_ID='manual__2024-06-05T13:05:32.295584+00:00'
[2024-06-05T13:05:46.913+0000] {taskinstance.py:430} INFO - ::endgroup::
[2024-06-05T13:05:46.952+0000] {logging_mixin.py:188} INFO - default
[2024-06-05T13:05:46.953+0000] {python.py:237} INFO - Done. Returned value was: None
[2024-06-05T13:05:46.954+0000] {taskinstance.py:441} INFO - ::group::Post task execution logs
[2024-06-05T13:05:46.971+0000] {taskinstance.py:1206} INFO - Marking task as SUCCESS. dag_id=xdag_id_1, task_id=query_the_table, run_id=manual__2024-06-05T13:05:32.295584+00:00, execution_date=20240605T130532, start_date=20240605T130546, end_date=20240605T130546
[2024-06-05T13:05:47.002+0000] {local_task_job_runner.py:240} INFO - Task exited with return code 0
[2024-06-05T13:05:47.027+0000] {taskinstance.py:3498} INFO - 0 downstream tasks scheduled from follow-on schedule check
[2024-06-05T13:05:47.030+0000] {local_task_job_runner.py:222} INFO - ::endgroup::
