[2024-06-11T11:38:35.209+0000] {local_task_job_runner.py:120} INFO - ::group::Pre task execution logs
[2024-06-11T11:38:35.251+0000] {taskinstance.py:2076} INFO - Dependencies all met for dep_context=non-requeueable deps ti=<TaskInstance: trigger_dag_id.send_slack manual__2024-06-11T11:38:28.144318+00:00 [queued]>
[2024-06-11T11:38:35.263+0000] {taskinstance.py:2076} INFO - Dependencies all met for dep_context=requeueable deps ti=<TaskInstance: trigger_dag_id.send_slack manual__2024-06-11T11:38:28.144318+00:00 [queued]>
[2024-06-11T11:38:35.264+0000] {taskinstance.py:2306} INFO - Starting attempt 1 of 1
[2024-06-11T11:38:35.300+0000] {taskinstance.py:2330} INFO - Executing <Task(PythonOperator): send_slack> on 2024-06-11 11:38:28.144318+00:00
[2024-06-11T11:38:35.309+0000] {warnings.py:110} WARNING - /home/***/.local/lib/python3.12/site-packages/***/task/task_runner/standard_task_runner.py:61: DeprecationWarning: This process (pid=98) is multi-threaded, use of fork() may lead to deadlocks in the child.
  pid = os.fork()

[2024-06-11T11:38:35.311+0000] {standard_task_runner.py:63} INFO - Started process 100 to run task
[2024-06-11T11:38:35.311+0000] {standard_task_runner.py:90} INFO - Running: ['***', 'tasks', 'run', 'trigger_dag_id', 'send_slack', 'manual__2024-06-11T11:38:28.144318+00:00', '--job-id', '770', '--raw', '--subdir', 'DAGS_FOLDER/trigger_dag.py', '--cfg-path', '/tmp/tmp2if5r903']
[2024-06-11T11:38:35.319+0000] {standard_task_runner.py:91} INFO - Job 770: Subtask send_slack
[2024-06-11T11:38:35.413+0000] {task_command.py:426} INFO - Running <TaskInstance: trigger_dag_id.send_slack manual__2024-06-11T11:38:28.144318+00:00 [running]> on host 8ac17a9df337
[2024-06-11T11:38:35.576+0000] {taskinstance.py:2648} INFO - Exporting env vars: AIRFLOW_CTX_DAG_OWNER='***' AIRFLOW_CTX_DAG_ID='trigger_dag_id' AIRFLOW_CTX_TASK_ID='send_slack' AIRFLOW_CTX_EXECUTION_DATE='2024-06-11T11:38:28.144318+00:00' AIRFLOW_CTX_TRY_NUMBER='1' AIRFLOW_CTX_DAG_RUN_ID='manual__2024-06-11T11:38:28.144318+00:00'
[2024-06-11T11:38:35.579+0000] {taskinstance.py:430} INFO - ::endgroup::
[2024-06-11T11:38:35.580+0000] {warnings.py:110} WARNING - /home/***/.local/lib/python3.12/site-packages/***/utils/context.py:320: AirflowContextDeprecationWarning: Accessing 'execution_date' from the template is deprecated and will be removed in a future version. Please use 'data_interval_start' or 'logical_date' instead.
  warnings.warn(_create_deprecation_warning(k, replacements))

[2024-06-11T11:38:35.596+0000] {taskinstance.py:441} INFO - ::group::Post task execution logs
[2024-06-11T11:38:35.597+0000] {taskinstance.py:2905} ERROR - Task failed with exception
Traceback (most recent call last):
  File "/home/airflow/.local/lib/python3.12/site-packages/airflow/models/taskinstance.py", line 465, in _execute_task
    result = _execute_callable(context=context, **execute_callable_kwargs)
             ^^^^^^^^^^^^^^^^^^^^^^^^^^^^^^^^^^^^^^^^^^^^^^^^^^^^^^^^^^^^^
  File "/home/airflow/.local/lib/python3.12/site-packages/airflow/models/taskinstance.py", line 432, in _execute_callable
    return execute_callable(context=context, **execute_callable_kwargs)
           ^^^^^^^^^^^^^^^^^^^^^^^^^^^^^^^^^^^^^^^^^^^^^^^^^^^^^^^^^^^^
  File "/home/airflow/.local/lib/python3.12/site-packages/airflow/models/baseoperator.py", line 400, in wrapper
    return func(self, *args, **kwargs)
           ^^^^^^^^^^^^^^^^^^^^^^^^^^^
  File "/home/airflow/.local/lib/python3.12/site-packages/airflow/operators/python.py", line 235, in execute
    return_value = self.execute_callable()
                   ^^^^^^^^^^^^^^^^^^^^^^^
  File "/home/airflow/.local/lib/python3.12/site-packages/airflow/operators/python.py", line 252, in execute_callable
    return self.python_callable(*self.op_args, **self.op_kwargs)
           ^^^^^^^^^^^^^^^^^^^^^^^^^^^^^^^^^^^^^^^^^^^^^^^^^^^^^
  File "/opt/airflow/dags/trigger_dag.py", line 36, in send_log_to_slack
    logging.info(f"Slack token is: {slack_token}")
    ^^^^^^^
NameError: name 'logging' is not defined. Did you forget to import 'logging'
[2024-06-11T11:38:35.611+0000] {taskinstance.py:1206} INFO - Marking task as FAILED. dag_id=trigger_dag_id, task_id=send_slack, run_id=manual__2024-06-11T11:38:28.144318+00:00, execution_date=20240611T113828, start_date=20240611T113835, end_date=20240611T113835
[2024-06-11T11:38:35.626+0000] {standard_task_runner.py:110} ERROR - Failed to execute job 770 for task send_slack (name 'logging' is not defined; 100)
[2024-06-11T11:38:35.658+0000] {local_task_job_runner.py:240} INFO - Task exited with return code 1
[2024-06-11T11:38:35.687+0000] {taskinstance.py:3498} INFO - 0 downstream tasks scheduled from follow-on schedule check
[2024-06-11T11:38:35.693+0000] {local_task_job_runner.py:222} INFO - ::endgroup::
