[2024-06-05T09:54:48.465+0000] {local_task_job_runner.py:120} INFO - ::group::Pre task execution logs
[2024-06-05T09:54:48.489+0000] {taskinstance.py:2076} INFO - Dependencies all met for dep_context=non-requeueable deps ti=<TaskInstance: xdag_id_1.check_if_table_exists manual__2024-06-05T09:54:39.033426+00:00 [queued]>
[2024-06-05T09:54:48.499+0000] {taskinstance.py:2076} INFO - Dependencies all met for dep_context=requeueable deps ti=<TaskInstance: xdag_id_1.check_if_table_exists manual__2024-06-05T09:54:39.033426+00:00 [queued]>
[2024-06-05T09:54:48.500+0000] {taskinstance.py:2306} INFO - Starting attempt 1 of 1
[2024-06-05T09:54:48.515+0000] {taskinstance.py:2330} INFO - Executing <Task(_BranchPythonDecoratedOperator): check_if_table_exists> on 2024-06-05 09:54:39.033426+00:00
[2024-06-05T09:54:48.522+0000] {warnings.py:110} WARNING - /home/***/.local/lib/python3.12/site-packages/***/task/task_runner/standard_task_runner.py:61: DeprecationWarning: This process (pid=1622) is multi-threaded, use of fork() may lead to deadlocks in the child.
  pid = os.fork()

[2024-06-05T09:54:48.524+0000] {standard_task_runner.py:63} INFO - Started process 1624 to run task
[2024-06-05T09:54:48.524+0000] {standard_task_runner.py:90} INFO - Running: ['***', 'tasks', 'run', 'xdag_id_1', 'check_if_table_exists', 'manual__2024-06-05T09:54:39.033426+00:00', '--job-id', '277', '--raw', '--subdir', 'DAGS_FOLDER/jobs_dag.py', '--cfg-path', '/tmp/tmps3c472hy']
[2024-06-05T09:54:48.528+0000] {standard_task_runner.py:91} INFO - Job 277: Subtask check_if_table_exists
[2024-06-05T09:54:48.582+0000] {task_command.py:426} INFO - Running <TaskInstance: xdag_id_1.check_if_table_exists manual__2024-06-05T09:54:39.033426+00:00 [running]> on host db8c7b709f57
[2024-06-05T09:54:48.696+0000] {taskinstance.py:2648} INFO - Exporting env vars: AIRFLOW_CTX_DAG_OWNER='***' AIRFLOW_CTX_DAG_ID='xdag_id_1' AIRFLOW_CTX_TASK_ID='check_if_table_exists' AIRFLOW_CTX_EXECUTION_DATE='2024-06-05T09:54:39.033426+00:00' AIRFLOW_CTX_TRY_NUMBER='1' AIRFLOW_CTX_DAG_RUN_ID='manual__2024-06-05T09:54:39.033426+00:00'
[2024-06-05T09:54:48.698+0000] {taskinstance.py:430} INFO - ::endgroup::
[2024-06-05T09:54:48.700+0000] {python.py:237} INFO - Done. Returned value was: insert_new_row
[2024-06-05T09:54:48.700+0000] {branch.py:36} INFO - Branch into insert_new_row
[2024-06-05T09:54:48.701+0000] {skipmixin.py:178} INFO - Following branch insert_new_row
[2024-06-05T09:54:48.718+0000] {skipmixin.py:246} INFO - Skipping tasks [('create_table', -1)]
[2024-06-05T09:54:48.747+0000] {taskinstance.py:441} INFO - ::group::Post task execution logs
[2024-06-05T09:54:48.772+0000] {taskinstance.py:1206} INFO - Marking task as SUCCESS. dag_id=xdag_id_1, task_id=check_if_table_exists, run_id=manual__2024-06-05T09:54:39.033426+00:00, execution_date=20240605T095439, start_date=20240605T095448, end_date=20240605T095448
[2024-06-05T09:54:48.829+0000] {local_task_job_runner.py:240} INFO - Task exited with return code 0
[2024-06-05T09:54:48.863+0000] {taskinstance.py:3498} INFO - 0 downstream tasks scheduled from follow-on schedule check
[2024-06-05T09:54:48.866+0000] {local_task_job_runner.py:222} INFO - ::endgroup::
