[2024-06-19T08:48:45.754+0000] {local_task_job_runner.py:120} INFO - ::group::Pre task execution logs
[2024-06-19T08:48:45.779+0000] {taskinstance.py:2076} INFO - Dependencies all met for dep_context=non-requeueable deps ti=<TaskInstance: xdag_id_1.query_the_table manual__2024-06-19T08:48:32.935131+00:00 [queued]>
[2024-06-19T08:48:45.788+0000] {taskinstance.py:2076} INFO - Dependencies all met for dep_context=requeueable deps ti=<TaskInstance: xdag_id_1.query_the_table manual__2024-06-19T08:48:32.935131+00:00 [queued]>
[2024-06-19T08:48:45.789+0000] {taskinstance.py:2306} INFO - Starting attempt 1 of 1
[2024-06-19T08:48:45.803+0000] {taskinstance.py:2330} INFO - Executing <Task(PostgreSQLCountRows): query_the_table> on 2024-06-19 08:48:32.935131+00:00
[2024-06-19T08:48:45.809+0000] {warnings.py:110} WARNING - /home/***/.local/lib/python3.12/site-packages/***/task/task_runner/standard_task_runner.py:61: DeprecationWarning: This process (pid=460) is multi-threaded, use of fork() may lead to deadlocks in the child.
  pid = os.fork()

[2024-06-19T08:48:45.811+0000] {standard_task_runner.py:63} INFO - Started process 462 to run task
[2024-06-19T08:48:45.811+0000] {standard_task_runner.py:90} INFO - Running: ['***', 'tasks', 'run', 'xdag_id_1', 'query_the_table', 'manual__2024-06-19T08:48:32.935131+00:00', '--job-id', '928', '--raw', '--subdir', 'DAGS_FOLDER/jobs_dag.py', '--cfg-path', '/tmp/tmpvyub7xsz']
[2024-06-19T08:48:45.814+0000] {standard_task_runner.py:91} INFO - Job 928: Subtask query_the_table
[2024-06-19T08:48:45.865+0000] {task_command.py:426} INFO - Running <TaskInstance: xdag_id_1.query_the_table manual__2024-06-19T08:48:32.935131+00:00 [running]> on host c44a1a294288
[2024-06-19T08:48:45.964+0000] {taskinstance.py:2648} INFO - Exporting env vars: AIRFLOW_CTX_DAG_OWNER='***' AIRFLOW_CTX_DAG_ID='xdag_id_1' AIRFLOW_CTX_TASK_ID='query_the_table' AIRFLOW_CTX_EXECUTION_DATE='2024-06-19T08:48:32.935131+00:00' AIRFLOW_CTX_TRY_NUMBER='1' AIRFLOW_CTX_DAG_RUN_ID='manual__2024-06-19T08:48:32.935131+00:00'
[2024-06-19T08:48:45.967+0000] {taskinstance.py:430} INFO - ::endgroup::
[2024-06-19T08:48:45.990+0000] {base.py:84} INFO - Using connection ID 'postgres_default' for task execution.
[2024-06-19T08:48:45.995+0000] {sql.py:470} INFO - Running statement: SELECT COUNT(*) FROM table_name_1;, parameters: None
[2024-06-19T08:48:45.997+0000] {sql.py:479} INFO - Rows affected: 1
[2024-06-19T08:48:46.013+0000] {taskinstance.py:441} INFO - ::group::Post task execution logs
[2024-06-19T08:48:46.023+0000] {taskinstance.py:1206} INFO - Marking task as SUCCESS. dag_id=xdag_id_1, task_id=query_the_table, run_id=manual__2024-06-19T08:48:32.935131+00:00, execution_date=20240619T084832, start_date=20240619T084845, end_date=20240619T084846
[2024-06-19T08:48:46.074+0000] {local_task_job_runner.py:240} INFO - Task exited with return code 0
[2024-06-19T08:48:46.103+0000] {taskinstance.py:3498} INFO - 1 downstream tasks scheduled from follow-on schedule check
[2024-06-19T08:48:46.105+0000] {local_task_job_runner.py:222} INFO - ::endgroup::
