[2024-06-05T11:37:10.084+0000] {local_task_job_runner.py:120} INFO - ::group::Pre task execution logs
[2024-06-05T11:37:10.124+0000] {taskinstance.py:2076} INFO - Dependencies all met for dep_context=non-requeueable deps ti=<TaskInstance: xdag_id_1.log_info manual__2024-06-05T11:37:05.293314+00:00 [queued]>
[2024-06-05T11:37:10.136+0000] {taskinstance.py:2076} INFO - Dependencies all met for dep_context=requeueable deps ti=<TaskInstance: xdag_id_1.log_info manual__2024-06-05T11:37:05.293314+00:00 [queued]>
[2024-06-05T11:37:10.137+0000] {taskinstance.py:2306} INFO - Starting attempt 1 of 1
[2024-06-05T11:37:10.163+0000] {taskinstance.py:2330} INFO - Executing <Task(PythonOperator): log_info> on 2024-06-05 11:37:05.293314+00:00
[2024-06-05T11:37:10.173+0000] {warnings.py:110} WARNING - /home/***/.local/lib/python3.12/site-packages/***/task/task_runner/standard_task_runner.py:61: DeprecationWarning: This process (pid=3339) is multi-threaded, use of fork() may lead to deadlocks in the child.
  pid = os.fork()

[2024-06-05T11:37:10.175+0000] {standard_task_runner.py:63} INFO - Started process 3344 to run task
[2024-06-05T11:37:10.176+0000] {standard_task_runner.py:90} INFO - Running: ['***', 'tasks', 'run', 'xdag_id_1', 'log_info', 'manual__2024-06-05T11:37:05.293314+00:00', '--job-id', '418', '--raw', '--subdir', 'DAGS_FOLDER/jobs_dag.py', '--cfg-path', '/tmp/tmpct5f2yz2']
[2024-06-05T11:37:10.180+0000] {standard_task_runner.py:91} INFO - Job 418: Subtask log_info
[2024-06-05T11:37:10.251+0000] {task_command.py:426} INFO - Running <TaskInstance: xdag_id_1.log_info manual__2024-06-05T11:37:05.293314+00:00 [running]> on host db8c7b709f57
[2024-06-05T11:37:10.439+0000] {taskinstance.py:2648} INFO - Exporting env vars: AIRFLOW_CTX_DAG_OWNER='***' AIRFLOW_CTX_DAG_ID='xdag_id_1' AIRFLOW_CTX_TASK_ID='log_info' AIRFLOW_CTX_EXECUTION_DATE='2024-06-05T11:37:05.293314+00:00' AIRFLOW_CTX_TRY_NUMBER='1' AIRFLOW_CTX_DAG_RUN_ID='manual__2024-06-05T11:37:05.293314+00:00'
[2024-06-05T11:37:10.443+0000] {taskinstance.py:430} INFO - ::endgroup::
[2024-06-05T11:37:10.444+0000] {logging_mixin.py:188} INFO - xdag_id_1 start processing tables in database: table_name_1
[2024-06-05T11:37:10.445+0000] {python.py:237} INFO - Done. Returned value was: None
[2024-06-05T11:37:10.446+0000] {taskinstance.py:441} INFO - ::group::Post task execution logs
[2024-06-05T11:37:10.462+0000] {taskinstance.py:1206} INFO - Marking task as SUCCESS. dag_id=xdag_id_1, task_id=log_info, run_id=manual__2024-06-05T11:37:05.293314+00:00, execution_date=20240605T113705, start_date=20240605T113710, end_date=20240605T113710
[2024-06-05T11:37:10.521+0000] {local_task_job_runner.py:240} INFO - Task exited with return code 0
[2024-06-05T11:37:10.581+0000] {taskinstance.py:3498} INFO - 1 downstream tasks scheduled from follow-on schedule check
[2024-06-05T11:37:10.583+0000] {local_task_job_runner.py:222} INFO - ::endgroup::
