[2024-06-07T09:02:11.851+0000] {local_task_job_runner.py:120} INFO - ::group::Pre task execution logs
[2024-06-07T09:02:11.875+0000] {taskinstance.py:2076} INFO - Dependencies all met for dep_context=non-requeueable deps ti=<TaskInstance: xdag_id_1.check_if_table_exists manual__2024-06-07T09:02:04.153243+00:00 [queued]>
[2024-06-07T09:02:11.885+0000] {taskinstance.py:2076} INFO - Dependencies all met for dep_context=requeueable deps ti=<TaskInstance: xdag_id_1.check_if_table_exists manual__2024-06-07T09:02:04.153243+00:00 [queued]>
[2024-06-07T09:02:11.886+0000] {taskinstance.py:2306} INFO - Starting attempt 1 of 1
[2024-06-07T09:02:11.902+0000] {taskinstance.py:2330} INFO - Executing <Task(_BranchPythonDecoratedOperator): check_if_table_exists> on 2024-06-07 09:02:04.153243+00:00
[2024-06-07T09:02:11.908+0000] {warnings.py:110} WARNING - /home/***/.local/lib/python3.12/site-packages/***/task/task_runner/standard_task_runner.py:61: DeprecationWarning: This process (pid=12238) is multi-threaded, use of fork() may lead to deadlocks in the child.
  pid = os.fork()

[2024-06-07T09:02:11.910+0000] {standard_task_runner.py:63} INFO - Started process 12240 to run task
[2024-06-07T09:02:11.910+0000] {standard_task_runner.py:90} INFO - Running: ['***', 'tasks', 'run', 'xdag_id_1', 'check_if_table_exists', 'manual__2024-06-07T09:02:04.153243+00:00', '--job-id', '547', '--raw', '--subdir', 'DAGS_FOLDER/jobs_dag.py', '--cfg-path', '/tmp/tmpos4tzgad']
[2024-06-07T09:02:11.913+0000] {standard_task_runner.py:91} INFO - Job 547: Subtask check_if_table_exists
[2024-06-07T09:02:11.978+0000] {task_command.py:426} INFO - Running <TaskInstance: xdag_id_1.check_if_table_exists manual__2024-06-07T09:02:04.153243+00:00 [running]> on host db8c7b709f57
[2024-06-07T09:02:12.088+0000] {taskinstance.py:2648} INFO - Exporting env vars: AIRFLOW_CTX_DAG_OWNER='***' AIRFLOW_CTX_DAG_ID='xdag_id_1' AIRFLOW_CTX_TASK_ID='check_if_table_exists' AIRFLOW_CTX_EXECUTION_DATE='2024-06-07T09:02:04.153243+00:00' AIRFLOW_CTX_TRY_NUMBER='1' AIRFLOW_CTX_DAG_RUN_ID='manual__2024-06-07T09:02:04.153243+00:00'
[2024-06-07T09:02:12.091+0000] {taskinstance.py:430} INFO - ::endgroup::
[2024-06-07T09:02:12.104+0000] {base.py:84} INFO - Using connection ID 'postgres_default' for task execution.
[2024-06-07T09:02:12.108+0000] {sql.py:470} INFO - Running statement: SELECT * FROM information_schema.tables WHERE table_schema = 'schema_1'AND table_name = 'table_name_1';, parameters: None
[2024-06-07T09:02:12.112+0000] {sql.py:479} INFO - Rows affected: 0
[2024-06-07T09:02:12.114+0000] {logging_mixin.py:188} INFO - None
[2024-06-07T09:02:12.115+0000] {python.py:237} INFO - Done. Returned value was: create_table
[2024-06-07T09:02:12.116+0000] {branch.py:36} INFO - Branch into create_table
[2024-06-07T09:02:12.117+0000] {skipmixin.py:178} INFO - Following branch create_table
[2024-06-07T09:02:12.135+0000] {skipmixin.py:246} INFO - Skipping tasks []
[2024-06-07T09:02:12.151+0000] {taskinstance.py:441} INFO - ::group::Post task execution logs
[2024-06-07T09:02:12.175+0000] {taskinstance.py:1206} INFO - Marking task as SUCCESS. dag_id=xdag_id_1, task_id=check_if_table_exists, run_id=manual__2024-06-07T09:02:04.153243+00:00, execution_date=20240607T090204, start_date=20240607T090211, end_date=20240607T090212
[2024-06-07T09:02:12.216+0000] {local_task_job_runner.py:240} INFO - Task exited with return code 0
[2024-06-07T09:02:12.233+0000] {warnings.py:110} WARNING - /home/***/.local/lib/python3.12/site-packages/***/models/baseoperator.py:1296: AirflowProviderDeprecationWarning: Call to deprecated class PostgresOperator. (Please use `***.providers.common.sql.operators.sql.SQLExecuteQueryOperator`.Also, you can provide `hook_params={'schema': <database>}`.)
  result = cls.__new__(cls)

[2024-06-07T09:02:12.264+0000] {taskinstance.py:3498} INFO - 1 downstream tasks scheduled from follow-on schedule check
[2024-06-07T09:02:12.268+0000] {local_task_job_runner.py:222} INFO - ::endgroup::
