[2024-06-05T07:32:40.408+0000] {local_task_job_runner.py:120} INFO - ::group::Pre task execution logs
[2024-06-05T07:32:40.453+0000] {taskinstance.py:2076} INFO - Dependencies all met for dep_context=non-requeueable deps ti=<TaskInstance: trigger_dag_id.task_troup.dag_1_task_sensor manual__2024-06-05T07:32:31.763512+00:00 [queued]>
[2024-06-05T07:32:40.474+0000] {taskinstance.py:2076} INFO - Dependencies all met for dep_context=requeueable deps ti=<TaskInstance: trigger_dag_id.task_troup.dag_1_task_sensor manual__2024-06-05T07:32:31.763512+00:00 [queued]>
[2024-06-05T07:32:40.478+0000] {taskinstance.py:2306} INFO - Starting attempt 1 of 1
[2024-06-05T07:32:40.511+0000] {taskinstance.py:2330} INFO - Executing <Task(ExternalTaskSensor): task_troup.dag_1_task_sensor> on 2024-06-05 07:32:31.763512+00:00
[2024-06-05T07:32:40.524+0000] {warnings.py:110} WARNING - /home/***/.local/lib/python3.12/site-packages/***/task/task_runner/standard_task_runner.py:61: DeprecationWarning: This process (pid=69) is multi-threaded, use of fork() may lead to deadlocks in the child.
  pid = os.fork()

[2024-06-05T07:32:40.529+0000] {standard_task_runner.py:63} INFO - Started process 80 to run task
[2024-06-05T07:32:40.528+0000] {standard_task_runner.py:90} INFO - Running: ['***', 'tasks', 'run', 'trigger_dag_id', 'task_troup.dag_1_task_sensor', 'manual__2024-06-05T07:32:31.763512+00:00', '--job-id', '196', '--raw', '--subdir', 'DAGS_FOLDER/trigger_dag.py', '--cfg-path', '/tmp/tmpuvvsjs2a']
[2024-06-05T07:32:40.532+0000] {standard_task_runner.py:91} INFO - Job 196: Subtask task_troup.dag_1_task_sensor
[2024-06-05T07:32:40.713+0000] {task_command.py:426} INFO - Running <TaskInstance: trigger_dag_id.task_troup.dag_1_task_sensor manual__2024-06-05T07:32:31.763512+00:00 [running]> on host db8c7b709f57
[2024-06-05T07:32:41.336+0000] {taskinstance.py:2648} INFO - Exporting env vars: AIRFLOW_CTX_DAG_OWNER='***' AIRFLOW_CTX_DAG_ID='trigger_dag_id' AIRFLOW_CTX_TASK_ID='task_troup.dag_1_task_sensor' AIRFLOW_CTX_EXECUTION_DATE='2024-06-05T07:32:31.763512+00:00' AIRFLOW_CTX_TRY_NUMBER='1' AIRFLOW_CTX_DAG_RUN_ID='manual__2024-06-05T07:32:31.763512+00:00'
[2024-06-05T07:32:41.363+0000] {taskinstance.py:430} INFO - ::endgroup::
[2024-06-05T07:32:41.366+0000] {baseoperator.py:399} WARNING - ExternalTaskSensor.execute cannot be called outside TaskInstance!
[2024-06-05T07:32:41.367+0000] {external_task.py:274} INFO - Poking for DAG 'xdag_id_1' on 2024-06-05T07:32:31.763512+00:00 ... 
[2024-06-05T07:32:41.369+0000] {warnings.py:110} WARNING - /home/***/.local/lib/python3.12/site-packages/***/utils/session.py:79: DeprecationWarning: This method is deprecated and will be removed in future.
  return func(*args, session=session, **kwargs)

[2024-06-05T07:33:30.971+0000] {local_task_job_runner.py:310} WARNING - State of this instance has been externally set to failed. Terminating instance.
[2024-06-05T07:33:30.983+0000] {local_task_job_runner.py:222} INFO - ::endgroup::
[2024-06-05T07:33:30.987+0000] {process_utils.py:132} INFO - Sending 15 to group 80. PIDs of all processes in the group: [80]
[2024-06-05T07:33:30.988+0000] {process_utils.py:87} INFO - Sending the signal 15 to group 80
[2024-06-05T07:33:30.991+0000] {taskinstance.py:2611} ERROR - Received SIGTERM. Terminating subprocesses.
[2024-06-05T07:33:30.995+0000] {taskinstance.py:441} INFO - ::group::Post task execution logs
[2024-06-05T07:33:31.088+0000] {process_utils.py:80} INFO - Process psutil.Process(pid=80, status='terminated', exitcode=0, started='07:32:40') (80) terminated with exit code 0
