[2024-06-05T11:34:17.794+0000] {local_task_job_runner.py:120} INFO - ::group::Pre task execution logs
[2024-06-05T11:34:17.834+0000] {taskinstance.py:2076} INFO - Dependencies all met for dep_context=non-requeueable deps ti=<TaskInstance: trigger_dag_id.file_sensor manual__2024-06-05T11:34:13.416968+00:00 [queued]>
[2024-06-05T11:34:17.849+0000] {taskinstance.py:2076} INFO - Dependencies all met for dep_context=requeueable deps ti=<TaskInstance: trigger_dag_id.file_sensor manual__2024-06-05T11:34:13.416968+00:00 [queued]>
[2024-06-05T11:34:17.850+0000] {taskinstance.py:2306} INFO - Starting attempt 1 of 1
[2024-06-05T11:34:17.883+0000] {taskinstance.py:2330} INFO - Executing <Task(FileSensor): file_sensor> on 2024-06-05 11:34:13.416968+00:00
[2024-06-05T11:34:17.895+0000] {warnings.py:110} WARNING - /home/***/.local/lib/python3.12/site-packages/***/task/task_runner/standard_task_runner.py:61: DeprecationWarning: This process (pid=3268) is multi-threaded, use of fork() may lead to deadlocks in the child.
  pid = os.fork()

[2024-06-05T11:34:17.898+0000] {standard_task_runner.py:63} INFO - Started process 3278 to run task
[2024-06-05T11:34:17.898+0000] {standard_task_runner.py:90} INFO - Running: ['***', 'tasks', 'run', 'trigger_dag_id', 'file_sensor', 'manual__2024-06-05T11:34:13.416968+00:00', '--job-id', '408', '--raw', '--subdir', 'DAGS_FOLDER/trigger_dag.py', '--cfg-path', '/tmp/tmp5rjcdebk']
[2024-06-05T11:34:17.903+0000] {standard_task_runner.py:91} INFO - Job 408: Subtask file_sensor
[2024-06-05T11:34:17.990+0000] {task_command.py:426} INFO - Running <TaskInstance: trigger_dag_id.file_sensor manual__2024-06-05T11:34:13.416968+00:00 [running]> on host db8c7b709f57
[2024-06-05T11:34:18.154+0000] {taskinstance.py:2648} INFO - Exporting env vars: AIRFLOW_CTX_DAG_OWNER='***' AIRFLOW_CTX_DAG_ID='trigger_dag_id' AIRFLOW_CTX_TASK_ID='file_sensor' AIRFLOW_CTX_EXECUTION_DATE='2024-06-05T11:34:13.416968+00:00' AIRFLOW_CTX_TRY_NUMBER='1' AIRFLOW_CTX_DAG_RUN_ID='manual__2024-06-05T11:34:13.416968+00:00'
[2024-06-05T11:34:18.157+0000] {taskinstance.py:430} INFO - ::endgroup::
[2024-06-05T11:34:18.158+0000] {baseoperator.py:399} WARNING - FileSensor.execute cannot be called outside TaskInstance!
[2024-06-05T11:34:18.172+0000] {base.py:84} INFO - Using connection ID 'fs_default' for task execution.
[2024-06-05T11:34:18.173+0000] {filesystem.py:85} INFO - Poking for file /opt/***/TRIGGER_FILE/file.txt
[2024-06-05T11:35:18.183+0000] {filesystem.py:85} INFO - Poking for file /opt/***/TRIGGER_FILE/file.txt
[2024-06-05T11:35:18.185+0000] {filesystem.py:89} INFO - Found File /opt/***/TRIGGER_FILE/file.txt last modified: 20240411090055
[2024-06-05T11:35:18.186+0000] {base.py:294} INFO - Success criteria met. Exiting.
[2024-06-05T11:35:18.186+0000] {filesystem.py:85} INFO - Poking for file /opt/***/TRIGGER_FILE/file.txt
[2024-06-05T11:35:18.188+0000] {filesystem.py:89} INFO - Found File /opt/***/TRIGGER_FILE/file.txt last modified: 20240411090055
[2024-06-05T11:35:18.188+0000] {taskinstance.py:441} INFO - ::group::Post task execution logs
[2024-06-05T11:35:18.206+0000] {taskinstance.py:1206} INFO - Marking task as SUCCESS. dag_id=trigger_dag_id, task_id=file_sensor, run_id=manual__2024-06-05T11:34:13.416968+00:00, execution_date=20240605T113413, start_date=20240605T113417, end_date=20240605T113518
[2024-06-05T11:35:18.259+0000] {local_task_job_runner.py:240} INFO - Task exited with return code 0
[2024-06-05T11:35:18.325+0000] {taskinstance.py:3498} INFO - 1 downstream tasks scheduled from follow-on schedule check
[2024-06-05T11:35:18.329+0000] {local_task_job_runner.py:222} INFO - ::endgroup::
