[2024-06-04T17:38:07.897+0000] {local_task_job_runner.py:120} INFO - ::group::Pre task execution logs
[2024-06-04T17:38:07.947+0000] {taskinstance.py:2076} INFO - Dependencies all met for dep_context=non-requeueable deps ti=<TaskInstance: trigger_dag_id.file_sensor manual__2024-06-04T17:38:00.611771+00:00 [queued]>
[2024-06-04T17:38:07.961+0000] {taskinstance.py:2076} INFO - Dependencies all met for dep_context=requeueable deps ti=<TaskInstance: trigger_dag_id.file_sensor manual__2024-06-04T17:38:00.611771+00:00 [queued]>
[2024-06-04T17:38:07.962+0000] {taskinstance.py:2306} INFO - Starting attempt 1 of 1
[2024-06-04T17:38:07.991+0000] {taskinstance.py:2330} INFO - Executing <Task(FileSensor): file_sensor> on 2024-06-04 17:38:00.611771+00:00
[2024-06-04T17:38:08.002+0000] {warnings.py:110} WARNING - /home/***/.local/lib/python3.12/site-packages/***/task/task_runner/standard_task_runner.py:61: DeprecationWarning: This process (pid=62) is multi-threaded, use of fork() may lead to deadlocks in the child.
  pid = os.fork()

[2024-06-04T17:38:08.005+0000] {standard_task_runner.py:63} INFO - Started process 66 to run task
[2024-06-04T17:38:08.005+0000] {standard_task_runner.py:90} INFO - Running: ['***', 'tasks', 'run', 'trigger_dag_id', 'file_sensor', 'manual__2024-06-04T17:38:00.611771+00:00', '--job-id', '164', '--raw', '--subdir', 'DAGS_FOLDER/trigger_dag.py', '--cfg-path', '/tmp/tmp9uyj1w2g']
[2024-06-04T17:38:08.009+0000] {standard_task_runner.py:91} INFO - Job 164: Subtask file_sensor
[2024-06-04T17:38:08.166+0000] {task_command.py:426} INFO - Running <TaskInstance: trigger_dag_id.file_sensor manual__2024-06-04T17:38:00.611771+00:00 [running]> on host 5b590737e019
[2024-06-04T17:38:08.432+0000] {taskinstance.py:2648} INFO - Exporting env vars: AIRFLOW_CTX_DAG_OWNER='***' AIRFLOW_CTX_DAG_ID='trigger_dag_id' AIRFLOW_CTX_TASK_ID='file_sensor' AIRFLOW_CTX_EXECUTION_DATE='2024-06-04T17:38:00.611771+00:00' AIRFLOW_CTX_TRY_NUMBER='1' AIRFLOW_CTX_DAG_RUN_ID='manual__2024-06-04T17:38:00.611771+00:00'
[2024-06-04T17:38:08.435+0000] {taskinstance.py:430} INFO - ::endgroup::
[2024-06-04T17:38:08.439+0000] {baseoperator.py:399} WARNING - FileSensor.execute cannot be called outside TaskInstance!
[2024-06-04T17:38:08.461+0000] {base.py:84} INFO - Using connection ID 'fs_default' for task execution.
[2024-06-04T17:38:08.462+0000] {filesystem.py:85} INFO - Poking for file /opt/***/TRIGGER_FILE
[2024-06-04T17:39:08.462+0000] {filesystem.py:85} INFO - Poking for file /opt/***/TRIGGER_FILE
[2024-06-04T17:40:08.451+0000] {filesystem.py:85} INFO - Poking for file /opt/***/TRIGGER_FILE
[2024-06-04T17:40:34.381+0000] {local_task_job_runner.py:310} WARNING - State of this instance has been externally set to failed. Terminating instance.
[2024-06-04T17:40:34.385+0000] {local_task_job_runner.py:222} INFO - ::endgroup::
[2024-06-04T17:40:34.387+0000] {process_utils.py:132} INFO - Sending 15 to group 66. PIDs of all processes in the group: [66]
[2024-06-04T17:40:34.388+0000] {process_utils.py:87} INFO - Sending the signal 15 to group 66
[2024-06-04T17:40:34.389+0000] {taskinstance.py:2611} ERROR - Received SIGTERM. Terminating subprocesses.
[2024-06-04T17:40:34.391+0000] {taskinstance.py:441} INFO - ::group::Post task execution logs
[2024-06-04T17:40:34.447+0000] {process_utils.py:80} INFO - Process psutil.Process(pid=66, status='terminated', exitcode=0, started='17:38:07') (66) terminated with exit code 0
