[2024-06-11T12:31:54.867+0000] {local_task_job_runner.py:120} INFO - ::group::Pre task execution logs
[2024-06-11T12:31:54.925+0000] {taskinstance.py:2076} INFO - Dependencies all met for dep_context=non-requeueable deps ti=<TaskInstance: trigger_dag_id.file_sensor manual__2024-06-11T12:31:29.759857+00:00 [queued]>
[2024-06-11T12:31:54.947+0000] {taskinstance.py:2076} INFO - Dependencies all met for dep_context=requeueable deps ti=<TaskInstance: trigger_dag_id.file_sensor manual__2024-06-11T12:31:29.759857+00:00 [queued]>
[2024-06-11T12:31:54.950+0000] {taskinstance.py:2306} INFO - Starting attempt 1 of 1
[2024-06-11T12:31:54.990+0000] {taskinstance.py:2330} INFO - Executing <Task(FileSensor): file_sensor> on 2024-06-11 12:31:29.759857+00:00
[2024-06-11T12:31:55.189+0000] {warnings.py:110} WARNING - /home/***/.local/lib/python3.12/site-packages/***/task/task_runner/standard_task_runner.py:61: DeprecationWarning: This process (pid=80) is multi-threaded, use of fork() may lead to deadlocks in the child.
  pid = os.fork()

[2024-06-11T12:31:55.195+0000] {standard_task_runner.py:90} INFO - Running: ['***', 'tasks', 'run', 'trigger_dag_id', 'file_sensor', 'manual__2024-06-11T12:31:29.759857+00:00', '--job-id', '786', '--raw', '--subdir', 'DAGS_FOLDER/trigger_dag.py', '--cfg-path', '/tmp/tmp90s6h4l9']
[2024-06-11T12:31:55.205+0000] {standard_task_runner.py:63} INFO - Started process 82 to run task
[2024-06-11T12:31:55.209+0000] {standard_task_runner.py:91} INFO - Job 786: Subtask file_sensor
[2024-06-11T12:31:55.330+0000] {task_command.py:426} INFO - Running <TaskInstance: trigger_dag_id.file_sensor manual__2024-06-11T12:31:29.759857+00:00 [running]> on host 5708ee56b1e1
[2024-06-11T12:31:55.592+0000] {taskinstance.py:2648} INFO - Exporting env vars: AIRFLOW_CTX_DAG_OWNER='***' AIRFLOW_CTX_DAG_ID='trigger_dag_id' AIRFLOW_CTX_TASK_ID='file_sensor' AIRFLOW_CTX_EXECUTION_DATE='2024-06-11T12:31:29.759857+00:00' AIRFLOW_CTX_TRY_NUMBER='1' AIRFLOW_CTX_DAG_RUN_ID='manual__2024-06-11T12:31:29.759857+00:00'
[2024-06-11T12:31:55.601+0000] {taskinstance.py:430} INFO - ::endgroup::
[2024-06-11T12:31:55.603+0000] {baseoperator.py:399} WARNING - FileSensor.execute cannot be called outside TaskInstance!
[2024-06-11T12:31:55.640+0000] {base.py:84} INFO - Using connection ID 'fs_default' for task execution.
[2024-06-11T12:31:55.642+0000] {filesystem.py:85} INFO - Poking for file /opt/***/TRIGGER_FILE/file.txt
[2024-06-11T12:32:20.672+0000] {local_task_job_runner.py:310} WARNING - State of this instance has been externally set to upstream_failed. Terminating instance.
[2024-06-11T12:32:20.687+0000] {local_task_job_runner.py:222} INFO - ::endgroup::
[2024-06-11T12:32:20.727+0000] {process_utils.py:132} INFO - Sending 15 to group 82. PIDs of all processes in the group: [82]
[2024-06-11T12:32:20.736+0000] {process_utils.py:87} INFO - Sending the signal 15 to group 82
[2024-06-11T12:32:20.748+0000] {taskinstance.py:2611} ERROR - Received SIGTERM. Terminating subprocesses.
[2024-06-11T12:32:20.757+0000] {taskinstance.py:441} INFO - ::group::Post task execution logs
[2024-06-11T12:32:20.889+0000] {process_utils.py:80} INFO - Process psutil.Process(pid=82, status='terminated', exitcode=0, started='12:31:54') (82) terminated with exit code 0
