[2024-06-05T09:39:31.763+0000] {local_task_job_runner.py:120} INFO - ::group::Pre task execution logs
[2024-06-05T09:39:31.793+0000] {taskinstance.py:2076} INFO - Dependencies all met for dep_context=non-requeueable deps ti=<TaskInstance: trigger_dag_id.task_troup.rm_bash_operator manual__2024-06-05T09:39:20.891728+00:00 [queued]>
[2024-06-05T09:39:31.807+0000] {taskinstance.py:2076} INFO - Dependencies all met for dep_context=requeueable deps ti=<TaskInstance: trigger_dag_id.task_troup.rm_bash_operator manual__2024-06-05T09:39:20.891728+00:00 [queued]>
[2024-06-05T09:39:31.808+0000] {taskinstance.py:2306} INFO - Starting attempt 1 of 1
[2024-06-05T09:39:31.826+0000] {taskinstance.py:2330} INFO - Executing <Task(BashOperator): task_troup.rm_bash_operator> on 2024-06-05 09:39:20.891728+00:00
[2024-06-05T09:39:31.834+0000] {warnings.py:110} WARNING - /home/***/.local/lib/python3.12/site-packages/***/task/task_runner/standard_task_runner.py:61: DeprecationWarning: This process (pid=1355) is multi-threaded, use of fork() may lead to deadlocks in the child.
  pid = os.fork()

[2024-06-05T09:39:31.836+0000] {standard_task_runner.py:63} INFO - Started process 1358 to run task
[2024-06-05T09:39:31.837+0000] {standard_task_runner.py:90} INFO - Running: ['***', 'tasks', 'run', 'trigger_dag_id', 'task_troup.rm_bash_operator', 'manual__2024-06-05T09:39:20.891728+00:00', '--job-id', '253', '--raw', '--subdir', 'DAGS_FOLDER/trigger_dag.py', '--cfg-path', '/tmp/tmp7c56w4hy']
[2024-06-05T09:39:31.840+0000] {standard_task_runner.py:91} INFO - Job 253: Subtask task_troup.rm_bash_operator
[2024-06-05T09:39:31.892+0000] {task_command.py:426} INFO - Running <TaskInstance: trigger_dag_id.task_troup.rm_bash_operator manual__2024-06-05T09:39:20.891728+00:00 [running]> on host db8c7b709f57
[2024-06-05T09:39:32.006+0000] {taskinstance.py:2648} INFO - Exporting env vars: AIRFLOW_CTX_DAG_OWNER='***' AIRFLOW_CTX_DAG_ID='trigger_dag_id' AIRFLOW_CTX_TASK_ID='task_troup.rm_bash_operator' AIRFLOW_CTX_EXECUTION_DATE='2024-06-05T09:39:20.891728+00:00' AIRFLOW_CTX_TRY_NUMBER='1' AIRFLOW_CTX_DAG_RUN_ID='manual__2024-06-05T09:39:20.891728+00:00'
[2024-06-05T09:39:32.008+0000] {taskinstance.py:430} INFO - ::endgroup::
[2024-06-05T09:39:32.010+0000] {subprocess.py:63} INFO - Tmp dir root location: /tmp
[2024-06-05T09:39:32.012+0000] {subprocess.py:75} INFO - Running command: ['/usr/bin/bash', '-c', 'rm /opt/***/TRIGGER_FILE/file.txt']
[2024-06-05T09:39:32.024+0000] {subprocess.py:86} INFO - Output:
[2024-06-05T09:39:32.040+0000] {subprocess.py:97} INFO - Command exited with return code 0
[2024-06-05T09:39:32.043+0000] {taskinstance.py:441} INFO - ::group::Post task execution logs
[2024-06-05T09:39:32.071+0000] {taskinstance.py:1206} INFO - Marking task as SUCCESS. dag_id=trigger_dag_id, task_id=task_troup.rm_bash_operator, run_id=manual__2024-06-05T09:39:20.891728+00:00, execution_date=20240605T093920, start_date=20240605T093931, end_date=20240605T093932
[2024-06-05T09:39:32.101+0000] {local_task_job_runner.py:240} INFO - Task exited with return code 0
[2024-06-05T09:39:32.126+0000] {taskinstance.py:3498} INFO - 1 downstream tasks scheduled from follow-on schedule check
[2024-06-05T09:39:32.128+0000] {local_task_job_runner.py:222} INFO - ::endgroup::
