[2024-06-05T11:23:56.299+0000] {local_task_job_runner.py:120} INFO - ::group::Pre task execution logs
[2024-06-05T11:23:56.332+0000] {taskinstance.py:2076} INFO - Dependencies all met for dep_context=non-requeueable deps ti=<TaskInstance: trigger_dag_id.task_troup.dag_1_task_sensor manual__2024-06-05T11:23:47.351086+00:00 [queued]>
[2024-06-05T11:23:56.342+0000] {taskinstance.py:2076} INFO - Dependencies all met for dep_context=requeueable deps ti=<TaskInstance: trigger_dag_id.task_troup.dag_1_task_sensor manual__2024-06-05T11:23:47.351086+00:00 [queued]>
[2024-06-05T11:23:56.343+0000] {taskinstance.py:2306} INFO - Starting attempt 1 of 1
[2024-06-05T11:23:56.358+0000] {taskinstance.py:2330} INFO - Executing <Task(ExternalTaskSensor): task_troup.dag_1_task_sensor> on 2024-06-05 11:23:47.351086+00:00
[2024-06-05T11:23:56.365+0000] {warnings.py:110} WARNING - /home/***/.local/lib/python3.12/site-packages/***/task/task_runner/standard_task_runner.py:61: DeprecationWarning: This process (pid=3106) is multi-threaded, use of fork() may lead to deadlocks in the child.
  pid = os.fork()

[2024-06-05T11:23:56.368+0000] {standard_task_runner.py:63} INFO - Started process 3109 to run task
[2024-06-05T11:23:56.368+0000] {standard_task_runner.py:90} INFO - Running: ['***', 'tasks', 'run', 'trigger_dag_id', 'task_troup.dag_1_task_sensor', 'manual__2024-06-05T11:23:47.351086+00:00', '--job-id', '396', '--raw', '--subdir', 'DAGS_FOLDER/trigger_dag.py', '--cfg-path', '/tmp/tmpy5cxym28']
[2024-06-05T11:23:56.372+0000] {standard_task_runner.py:91} INFO - Job 396: Subtask task_troup.dag_1_task_sensor
[2024-06-05T11:23:56.426+0000] {task_command.py:426} INFO - Running <TaskInstance: trigger_dag_id.task_troup.dag_1_task_sensor manual__2024-06-05T11:23:47.351086+00:00 [running]> on host db8c7b709f57
[2024-06-05T11:23:56.542+0000] {taskinstance.py:2648} INFO - Exporting env vars: AIRFLOW_CTX_DAG_OWNER='***' AIRFLOW_CTX_DAG_ID='trigger_dag_id' AIRFLOW_CTX_TASK_ID='task_troup.dag_1_task_sensor' AIRFLOW_CTX_EXECUTION_DATE='2024-06-05T11:23:47.351086+00:00' AIRFLOW_CTX_TRY_NUMBER='1' AIRFLOW_CTX_DAG_RUN_ID='manual__2024-06-05T11:23:47.351086+00:00'
[2024-06-05T11:23:56.544+0000] {taskinstance.py:430} INFO - ::endgroup::
[2024-06-05T11:23:56.545+0000] {baseoperator.py:399} WARNING - ExternalTaskSensor.execute cannot be called outside TaskInstance!
[2024-06-05T11:23:56.554+0000] {external_task.py:274} INFO - Poking for DAG 'xdag_id_1' on 2024-06-05T11:23:52.184396+00:00 ... 
[2024-06-05T11:23:56.555+0000] {warnings.py:110} WARNING - /home/***/.local/lib/python3.12/site-packages/***/utils/session.py:79: DeprecationWarning: This method is deprecated and will be removed in future.
  return func(*args, session=session, **kwargs)

[2024-06-05T11:24:56.571+0000] {external_task.py:274} INFO - Poking for DAG 'xdag_id_1' on 2024-06-05T11:23:52.184396+00:00 ... 
[2024-06-05T11:25:56.592+0000] {external_task.py:274} INFO - Poking for DAG 'xdag_id_1' on 2024-06-05T11:25:30.304117+00:00 ... 
[2024-06-05T11:25:56.596+0000] {base.py:294} INFO - Success criteria met. Exiting.
[2024-06-05T11:25:56.599+0000] {taskinstance.py:441} INFO - ::group::Post task execution logs
[2024-06-05T11:25:56.610+0000] {taskinstance.py:1206} INFO - Marking task as SUCCESS. dag_id=trigger_dag_id, task_id=task_troup.dag_1_task_sensor, run_id=manual__2024-06-05T11:23:47.351086+00:00, execution_date=20240605T112347, start_date=20240605T112356, end_date=20240605T112556
[2024-06-05T11:25:56.637+0000] {local_task_job_runner.py:240} INFO - Task exited with return code 0
[2024-06-05T11:25:56.683+0000] {taskinstance.py:3498} INFO - 1 downstream tasks scheduled from follow-on schedule check
[2024-06-05T11:25:56.685+0000] {local_task_job_runner.py:222} INFO - ::endgroup::
