[2024-06-10T12:10:43.101+0000] {local_task_job_runner.py:120} INFO - ::group::Pre task execution logs
[2024-06-10T12:10:43.143+0000] {taskinstance.py:2076} INFO - Dependencies all met for dep_context=non-requeueable deps ti=<TaskInstance: trigger_dag_id.task_troup.dag_1_task_sensor manual__2024-06-10T12:10:30.193790+00:00 [queued]>
[2024-06-10T12:10:43.155+0000] {taskinstance.py:2076} INFO - Dependencies all met for dep_context=requeueable deps ti=<TaskInstance: trigger_dag_id.task_troup.dag_1_task_sensor manual__2024-06-10T12:10:30.193790+00:00 [queued]>
[2024-06-10T12:10:43.155+0000] {taskinstance.py:2306} INFO - Starting attempt 1 of 1
[2024-06-10T12:10:43.175+0000] {taskinstance.py:2330} INFO - Executing <Task(ExternalTaskSensor): task_troup.dag_1_task_sensor> on 2024-06-10 12:10:30.193790+00:00
[2024-06-10T12:10:43.185+0000] {warnings.py:110} WARNING - /home/***/.local/lib/python3.12/site-packages/***/task/task_runner/standard_task_runner.py:61: DeprecationWarning: This process (pid=416) is multi-threaded, use of fork() may lead to deadlocks in the child.
  pid = os.fork()

[2024-06-10T12:10:43.188+0000] {standard_task_runner.py:63} INFO - Started process 422 to run task
[2024-06-10T12:10:43.189+0000] {standard_task_runner.py:90} INFO - Running: ['***', 'tasks', 'run', 'trigger_dag_id', 'task_troup.dag_1_task_sensor', 'manual__2024-06-10T12:10:30.193790+00:00', '--job-id', '746', '--raw', '--subdir', 'DAGS_FOLDER/trigger_dag.py', '--cfg-path', '/tmp/tmp9g52j_d2']
[2024-06-10T12:10:43.192+0000] {standard_task_runner.py:91} INFO - Job 746: Subtask task_troup.dag_1_task_sensor
[2024-06-10T12:10:43.254+0000] {task_command.py:426} INFO - Running <TaskInstance: trigger_dag_id.task_troup.dag_1_task_sensor manual__2024-06-10T12:10:30.193790+00:00 [running]> on host 485325dd593b
[2024-06-10T12:10:43.452+0000] {taskinstance.py:2648} INFO - Exporting env vars: AIRFLOW_CTX_DAG_OWNER='***' AIRFLOW_CTX_DAG_ID='trigger_dag_id' AIRFLOW_CTX_TASK_ID='task_troup.dag_1_task_sensor' AIRFLOW_CTX_EXECUTION_DATE='2024-06-10T12:10:30.193790+00:00' AIRFLOW_CTX_TRY_NUMBER='1' AIRFLOW_CTX_DAG_RUN_ID='manual__2024-06-10T12:10:30.193790+00:00'
[2024-06-10T12:10:43.456+0000] {taskinstance.py:430} INFO - ::endgroup::
[2024-06-10T12:10:43.457+0000] {baseoperator.py:399} WARNING - ExternalTaskSensor.execute cannot be called outside TaskInstance!
[2024-06-10T12:10:43.473+0000] {external_task.py:274} INFO - Poking for DAG 'xdag_id_1' on 2024-06-10T12:10:37.465599+00:00 ... 
[2024-06-10T12:10:43.474+0000] {warnings.py:110} WARNING - /home/***/.local/lib/python3.12/site-packages/***/utils/session.py:79: DeprecationWarning: This method is deprecated and will be removed in future.
  return func(*args, session=session, **kwargs)

[2024-06-10T12:11:43.495+0000] {external_task.py:274} INFO - Poking for DAG 'xdag_id_1' on 2024-06-10T12:10:37.465599+00:00 ... 
[2024-06-10T12:11:43.498+0000] {base.py:294} INFO - Success criteria met. Exiting.
[2024-06-10T12:11:43.499+0000] {taskinstance.py:441} INFO - ::group::Post task execution logs
[2024-06-10T12:11:43.512+0000] {taskinstance.py:1206} INFO - Marking task as SUCCESS. dag_id=trigger_dag_id, task_id=task_troup.dag_1_task_sensor, run_id=manual__2024-06-10T12:10:30.193790+00:00, execution_date=20240610T121030, start_date=20240610T121043, end_date=20240610T121143
[2024-06-10T12:11:43.560+0000] {local_task_job_runner.py:240} INFO - Task exited with return code 0
[2024-06-10T12:11:43.598+0000] {taskinstance.py:3498} INFO - 1 downstream tasks scheduled from follow-on schedule check
[2024-06-10T12:11:43.600+0000] {local_task_job_runner.py:222} INFO - ::endgroup::
