[2024-06-10T07:47:44.718+0000] {local_task_job_runner.py:120} INFO - ::group::Pre task execution logs
[2024-06-10T07:47:44.746+0000] {taskinstance.py:2076} INFO - Dependencies all met for dep_context=non-requeueable deps ti=<TaskInstance: xdag_id_1.check_if_table_exists manual__2024-06-10T07:47:35.795637+00:00 [queued]>
[2024-06-10T07:47:44.757+0000] {taskinstance.py:2076} INFO - Dependencies all met for dep_context=requeueable deps ti=<TaskInstance: xdag_id_1.check_if_table_exists manual__2024-06-10T07:47:35.795637+00:00 [queued]>
[2024-06-10T07:47:44.757+0000] {taskinstance.py:2306} INFO - Starting attempt 1 of 1
[2024-06-10T07:47:44.773+0000] {taskinstance.py:2330} INFO - Executing <Task(_BranchPythonDecoratedOperator): check_if_table_exists> on 2024-06-10 07:47:35.795637+00:00
[2024-06-10T07:47:44.780+0000] {warnings.py:110} WARNING - /home/***/.local/lib/python3.12/site-packages/***/task/task_runner/standard_task_runner.py:61: DeprecationWarning: This process (pid=19471) is multi-threaded, use of fork() may lead to deadlocks in the child.
  pid = os.fork()

[2024-06-10T07:47:44.782+0000] {standard_task_runner.py:63} INFO - Started process 19473 to run task
[2024-06-10T07:47:44.782+0000] {standard_task_runner.py:90} INFO - Running: ['***', 'tasks', 'run', 'xdag_id_1', 'check_if_table_exists', 'manual__2024-06-10T07:47:35.795637+00:00', '--job-id', '647', '--raw', '--subdir', 'DAGS_FOLDER/jobs_dag.py', '--cfg-path', '/tmp/tmps8anm6h4']
[2024-06-10T07:47:44.786+0000] {standard_task_runner.py:91} INFO - Job 647: Subtask check_if_table_exists
[2024-06-10T07:47:44.841+0000] {task_command.py:426} INFO - Running <TaskInstance: xdag_id_1.check_if_table_exists manual__2024-06-10T07:47:35.795637+00:00 [running]> on host db8c7b709f57
[2024-06-10T07:47:44.955+0000] {taskinstance.py:2648} INFO - Exporting env vars: AIRFLOW_CTX_DAG_OWNER='***' AIRFLOW_CTX_DAG_ID='xdag_id_1' AIRFLOW_CTX_TASK_ID='check_if_table_exists' AIRFLOW_CTX_EXECUTION_DATE='2024-06-10T07:47:35.795637+00:00' AIRFLOW_CTX_TRY_NUMBER='1' AIRFLOW_CTX_DAG_RUN_ID='manual__2024-06-10T07:47:35.795637+00:00'
[2024-06-10T07:47:44.958+0000] {taskinstance.py:430} INFO - ::endgroup::
[2024-06-10T07:47:44.969+0000] {base.py:84} INFO - Using connection ID 'postgres_default' for task execution.
[2024-06-10T07:47:44.974+0000] {sql.py:470} INFO - Running statement: SELECT * FROM information_schema.tables WHERE table_schema = 'public'AND table_name = 'table_name_1';, parameters: None
[2024-06-10T07:47:44.978+0000] {sql.py:479} INFO - Rows affected: 1
[2024-06-10T07:47:44.979+0000] {logging_mixin.py:188} INFO - ('***', 'public', 'table_name_1', 'BASE TABLE', None, None, None, None, None, 'YES', 'NO', None)
[2024-06-10T07:47:44.981+0000] {python.py:237} INFO - Done. Returned value was: insert_new_row
[2024-06-10T07:47:44.982+0000] {branch.py:36} INFO - Branch into insert_new_row
[2024-06-10T07:47:44.983+0000] {skipmixin.py:178} INFO - Following branch insert_new_row
[2024-06-10T07:47:45.001+0000] {skipmixin.py:246} INFO - Skipping tasks [('create_table', -1)]
[2024-06-10T07:47:45.031+0000] {taskinstance.py:441} INFO - ::group::Post task execution logs
[2024-06-10T07:47:45.070+0000] {taskinstance.py:1206} INFO - Marking task as SUCCESS. dag_id=xdag_id_1, task_id=check_if_table_exists, run_id=manual__2024-06-10T07:47:35.795637+00:00, execution_date=20240610T074735, start_date=20240610T074744, end_date=20240610T074745
[2024-06-10T07:47:45.128+0000] {local_task_job_runner.py:240} INFO - Task exited with return code 0
[2024-06-10T07:47:45.170+0000] {taskinstance.py:3498} INFO - 1 downstream tasks scheduled from follow-on schedule check
[2024-06-10T07:47:45.172+0000] {local_task_job_runner.py:222} INFO - ::endgroup::
