[2024-06-07T09:35:19.620+0000] {local_task_job_runner.py:120} INFO - ::group::Pre task execution logs
[2024-06-07T09:35:19.652+0000] {taskinstance.py:2076} INFO - Dependencies all met for dep_context=non-requeueable deps ti=<TaskInstance: xdag_id_1.check_if_table_exists manual__2024-06-07T09:35:11.229315+00:00 [queued]>
[2024-06-07T09:35:19.666+0000] {taskinstance.py:2076} INFO - Dependencies all met for dep_context=requeueable deps ti=<TaskInstance: xdag_id_1.check_if_table_exists manual__2024-06-07T09:35:11.229315+00:00 [queued]>
[2024-06-07T09:35:19.667+0000] {taskinstance.py:2306} INFO - Starting attempt 1 of 1
[2024-06-07T09:35:19.684+0000] {taskinstance.py:2330} INFO - Executing <Task(_BranchPythonDecoratedOperator): check_if_table_exists> on 2024-06-07 09:35:11.229315+00:00
[2024-06-07T09:35:19.695+0000] {warnings.py:110} WARNING - /home/***/.local/lib/python3.12/site-packages/***/task/task_runner/standard_task_runner.py:61: DeprecationWarning: This process (pid=12672) is multi-threaded, use of fork() may lead to deadlocks in the child.
  pid = os.fork()

[2024-06-07T09:35:19.698+0000] {standard_task_runner.py:63} INFO - Started process 12674 to run task
[2024-06-07T09:35:19.698+0000] {standard_task_runner.py:90} INFO - Running: ['***', 'tasks', 'run', 'xdag_id_1', 'check_if_table_exists', 'manual__2024-06-07T09:35:11.229315+00:00', '--job-id', '551', '--raw', '--subdir', 'DAGS_FOLDER/jobs_dag.py', '--cfg-path', '/tmp/tmp7okdrozb']
[2024-06-07T09:35:19.701+0000] {standard_task_runner.py:91} INFO - Job 551: Subtask check_if_table_exists
[2024-06-07T09:35:19.769+0000] {task_command.py:426} INFO - Running <TaskInstance: xdag_id_1.check_if_table_exists manual__2024-06-07T09:35:11.229315+00:00 [running]> on host db8c7b709f57
[2024-06-07T09:35:19.888+0000] {taskinstance.py:2648} INFO - Exporting env vars: AIRFLOW_CTX_DAG_OWNER='***' AIRFLOW_CTX_DAG_ID='xdag_id_1' AIRFLOW_CTX_TASK_ID='check_if_table_exists' AIRFLOW_CTX_EXECUTION_DATE='2024-06-07T09:35:11.229315+00:00' AIRFLOW_CTX_TRY_NUMBER='1' AIRFLOW_CTX_DAG_RUN_ID='manual__2024-06-07T09:35:11.229315+00:00'
[2024-06-07T09:35:19.892+0000] {taskinstance.py:430} INFO - ::endgroup::
[2024-06-07T09:35:19.905+0000] {base.py:84} INFO - Using connection ID 'postgres_default' for task execution.
[2024-06-07T09:35:19.912+0000] {sql.py:470} INFO - Running statement: SELECT * FROM information_schema.tables WHERE table_schema = 'schema_1'AND table_name = 'table_name_1';, parameters: None
[2024-06-07T09:35:19.916+0000] {sql.py:479} INFO - Rows affected: 0
[2024-06-07T09:35:19.918+0000] {logging_mixin.py:188} INFO - None
[2024-06-07T09:35:19.919+0000] {python.py:237} INFO - Done. Returned value was: create_table
[2024-06-07T09:35:19.920+0000] {branch.py:36} INFO - Branch into create_table
[2024-06-07T09:35:19.921+0000] {skipmixin.py:178} INFO - Following branch create_table
[2024-06-07T09:35:19.950+0000] {skipmixin.py:246} INFO - Skipping tasks []
[2024-06-07T09:35:19.974+0000] {taskinstance.py:441} INFO - ::group::Post task execution logs
[2024-06-07T09:35:19.996+0000] {taskinstance.py:1206} INFO - Marking task as SUCCESS. dag_id=xdag_id_1, task_id=check_if_table_exists, run_id=manual__2024-06-07T09:35:11.229315+00:00, execution_date=20240607T093511, start_date=20240607T093519, end_date=20240607T093519
[2024-06-07T09:35:20.044+0000] {local_task_job_runner.py:240} INFO - Task exited with return code 0
[2024-06-07T09:35:20.114+0000] {taskinstance.py:3498} INFO - 1 downstream tasks scheduled from follow-on schedule check
[2024-06-07T09:35:20.117+0000] {local_task_job_runner.py:222} INFO - ::endgroup::
