[2024-06-05T11:58:59.334+0000] {local_task_job_runner.py:120} INFO - ::group::Pre task execution logs
[2024-06-05T11:58:59.372+0000] {taskinstance.py:2076} INFO - Dependencies all met for dep_context=non-requeueable deps ti=<TaskInstance: trigger_dag_id.task_troup.dag_1_task_sensor manual__2024-06-05T11:58:50.925264+00:00 [queued]>
[2024-06-05T11:58:59.385+0000] {taskinstance.py:2076} INFO - Dependencies all met for dep_context=requeueable deps ti=<TaskInstance: trigger_dag_id.task_troup.dag_1_task_sensor manual__2024-06-05T11:58:50.925264+00:00 [queued]>
[2024-06-05T11:58:59.392+0000] {taskinstance.py:2306} INFO - Starting attempt 1 of 1
[2024-06-05T11:58:59.472+0000] {taskinstance.py:2330} INFO - Executing <Task(ExternalTaskSensor): task_troup.dag_1_task_sensor> on 2024-06-05 11:58:50.925264+00:00
[2024-06-05T11:58:59.481+0000] {warnings.py:110} WARNING - /home/***/.local/lib/python3.12/site-packages/***/task/task_runner/standard_task_runner.py:61: DeprecationWarning: This process (pid=3746) is multi-threaded, use of fork() may lead to deadlocks in the child.
  pid = os.fork()

[2024-06-05T11:58:59.484+0000] {standard_task_runner.py:63} INFO - Started process 3749 to run task
[2024-06-05T11:58:59.484+0000] {standard_task_runner.py:90} INFO - Running: ['***', 'tasks', 'run', 'trigger_dag_id', 'task_troup.dag_1_task_sensor', 'manual__2024-06-05T11:58:50.925264+00:00', '--job-id', '462', '--raw', '--subdir', 'DAGS_FOLDER/trigger_dag.py', '--cfg-path', '/tmp/tmpihip4sez']
[2024-06-05T11:58:59.489+0000] {standard_task_runner.py:91} INFO - Job 462: Subtask task_troup.dag_1_task_sensor
[2024-06-05T11:58:59.581+0000] {task_command.py:426} INFO - Running <TaskInstance: trigger_dag_id.task_troup.dag_1_task_sensor manual__2024-06-05T11:58:50.925264+00:00 [running]> on host db8c7b709f57
[2024-06-05T11:58:59.768+0000] {taskinstance.py:2648} INFO - Exporting env vars: AIRFLOW_CTX_DAG_OWNER='***' AIRFLOW_CTX_DAG_ID='trigger_dag_id' AIRFLOW_CTX_TASK_ID='task_troup.dag_1_task_sensor' AIRFLOW_CTX_EXECUTION_DATE='2024-06-05T11:58:50.925264+00:00' AIRFLOW_CTX_TRY_NUMBER='1' AIRFLOW_CTX_DAG_RUN_ID='manual__2024-06-05T11:58:50.925264+00:00'
[2024-06-05T11:58:59.771+0000] {taskinstance.py:430} INFO - ::endgroup::
[2024-06-05T11:58:59.773+0000] {baseoperator.py:399} WARNING - ExternalTaskSensor.execute cannot be called outside TaskInstance!
[2024-06-05T11:58:59.804+0000] {external_task.py:274} INFO - Poking for DAG 'xdag_id_1' on 2024-06-05T11:57:46.805252+00:00 ... 
[2024-06-05T11:58:59.806+0000] {warnings.py:110} WARNING - /home/***/.local/lib/python3.12/site-packages/***/utils/session.py:79: DeprecationWarning: This method is deprecated and will be removed in future.
  return func(*args, session=session, **kwargs)

[2024-06-05T11:58:59.818+0000] {base.py:294} INFO - Success criteria met. Exiting.
[2024-06-05T11:58:59.819+0000] {taskinstance.py:441} INFO - ::group::Post task execution logs
[2024-06-05T11:58:59.833+0000] {taskinstance.py:1206} INFO - Marking task as SUCCESS. dag_id=trigger_dag_id, task_id=task_troup.dag_1_task_sensor, run_id=manual__2024-06-05T11:58:50.925264+00:00, execution_date=20240605T115850, start_date=20240605T115859, end_date=20240605T115859
[2024-06-05T11:58:59.885+0000] {local_task_job_runner.py:240} INFO - Task exited with return code 0
[2024-06-05T11:58:59.922+0000] {taskinstance.py:3498} INFO - 1 downstream tasks scheduled from follow-on schedule check
[2024-06-05T11:58:59.924+0000] {local_task_job_runner.py:222} INFO - ::endgroup::
