[2024-06-07T10:20:32.826+0000] {local_task_job_runner.py:120} INFO - ::group::Pre task execution logs
[2024-06-07T10:20:32.854+0000] {taskinstance.py:2076} INFO - Dependencies all met for dep_context=non-requeueable deps ti=<TaskInstance: xdag_id_1.query_the_table manual__2024-06-07T10:20:19.758629+00:00 [queued]>
[2024-06-07T10:20:32.864+0000] {taskinstance.py:2076} INFO - Dependencies all met for dep_context=requeueable deps ti=<TaskInstance: xdag_id_1.query_the_table manual__2024-06-07T10:20:19.758629+00:00 [queued]>
[2024-06-07T10:20:32.866+0000] {taskinstance.py:2306} INFO - Starting attempt 1 of 1
[2024-06-07T10:20:32.882+0000] {taskinstance.py:2330} INFO - Executing <Task(PythonOperator): query_the_table> on 2024-06-07 10:20:19.758629+00:00
[2024-06-07T10:20:32.888+0000] {warnings.py:110} WARNING - /home/***/.local/lib/python3.12/site-packages/***/task/task_runner/standard_task_runner.py:61: DeprecationWarning: This process (pid=13369) is multi-threaded, use of fork() may lead to deadlocks in the child.
  pid = os.fork()

[2024-06-07T10:20:32.892+0000] {standard_task_runner.py:63} INFO - Started process 13371 to run task
[2024-06-07T10:20:32.891+0000] {standard_task_runner.py:90} INFO - Running: ['***', 'tasks', 'run', 'xdag_id_1', 'query_the_table', 'manual__2024-06-07T10:20:19.758629+00:00', '--job-id', '588', '--raw', '--subdir', 'DAGS_FOLDER/jobs_dag.py', '--cfg-path', '/tmp/tmpk69fwvz0']
[2024-06-07T10:20:32.895+0000] {standard_task_runner.py:91} INFO - Job 588: Subtask query_the_table
[2024-06-07T10:20:32.959+0000] {task_command.py:426} INFO - Running <TaskInstance: xdag_id_1.query_the_table manual__2024-06-07T10:20:19.758629+00:00 [running]> on host db8c7b709f57
[2024-06-07T10:20:33.088+0000] {taskinstance.py:2648} INFO - Exporting env vars: AIRFLOW_CTX_DAG_OWNER='***' AIRFLOW_CTX_DAG_ID='xdag_id_1' AIRFLOW_CTX_TASK_ID='query_the_table' AIRFLOW_CTX_EXECUTION_DATE='2024-06-07T10:20:19.758629+00:00' AIRFLOW_CTX_TRY_NUMBER='1' AIRFLOW_CTX_DAG_RUN_ID='manual__2024-06-07T10:20:19.758629+00:00'
[2024-06-07T10:20:33.091+0000] {taskinstance.py:430} INFO - ::endgroup::
[2024-06-07T10:20:33.103+0000] {base.py:84} INFO - Using connection ID 'postgres_default' for task execution.
[2024-06-07T10:20:33.108+0000] {sql.py:470} INFO - Running statement: SELECT COUNT(*) FROM TABLE_NAME;, parameters: None
[2024-06-07T10:20:33.110+0000] {taskinstance.py:441} INFO - ::group::Post task execution logs
[2024-06-07T10:20:33.111+0000] {taskinstance.py:2905} ERROR - Task failed with exception
Traceback (most recent call last):
  File "/home/airflow/.local/lib/python3.12/site-packages/airflow/models/taskinstance.py", line 465, in _execute_task
    result = _execute_callable(context=context, **execute_callable_kwargs)
             ^^^^^^^^^^^^^^^^^^^^^^^^^^^^^^^^^^^^^^^^^^^^^^^^^^^^^^^^^^^^^
  File "/home/airflow/.local/lib/python3.12/site-packages/airflow/models/taskinstance.py", line 432, in _execute_callable
    return execute_callable(context=context, **execute_callable_kwargs)
           ^^^^^^^^^^^^^^^^^^^^^^^^^^^^^^^^^^^^^^^^^^^^^^^^^^^^^^^^^^^^
  File "/home/airflow/.local/lib/python3.12/site-packages/airflow/models/baseoperator.py", line 400, in wrapper
    return func(self, *args, **kwargs)
           ^^^^^^^^^^^^^^^^^^^^^^^^^^^
  File "/home/airflow/.local/lib/python3.12/site-packages/airflow/operators/python.py", line 235, in execute
    return_value = self.execute_callable()
                   ^^^^^^^^^^^^^^^^^^^^^^^
  File "/home/airflow/.local/lib/python3.12/site-packages/airflow/operators/python.py", line 252, in execute_callable
    return self.python_callable(*self.op_args, **self.op_kwargs)
           ^^^^^^^^^^^^^^^^^^^^^^^^^^^^^^^^^^^^^^^^^^^^^^^^^^^^^
  File "/opt/airflow/dags/jobs_dag.py", line 24, in send_message
    rows_num = hook.run('SELECT COUNT(*) FROM TABLE_NAME;')
               ^^^^^^^^^^^^^^^^^^^^^^^^^^^^^^^^^^^^^^^^^^^^
  File "/home/airflow/.local/lib/python3.12/site-packages/airflow/providers/common/sql/hooks/sql.py", line 418, in run
    self._run_command(cur, sql_statement, parameters)
  File "/home/airflow/.local/lib/python3.12/site-packages/airflow/providers/common/sql/hooks/sql.py", line 475, in _run_command
    cur.execute(sql_statement)
psycopg2.errors.UndefinedTable: relation "table_name" does not exist
LINE 1: SELECT COUNT(*) FROM TABLE_NAME;
                             ^

[2024-06-07T10:20:33.126+0000] {taskinstance.py:1206} INFO - Marking task as FAILED. dag_id=xdag_id_1, task_id=query_the_table, run_id=manual__2024-06-07T10:20:19.758629+00:00, execution_date=20240607T102019, start_date=20240607T102032, end_date=20240607T102033
[2024-06-07T10:20:33.145+0000] {standard_task_runner.py:110} ERROR - Failed to execute job 588 for task query_the_table (relation "table_name" does not exist
LINE 1: SELECT COUNT(*) FROM TABLE_NAME;
                             ^
; 13371)
[2024-06-07T10:20:33.157+0000] {local_task_job_runner.py:240} INFO - Task exited with return code 1
[2024-06-07T10:20:33.179+0000] {taskinstance.py:3498} INFO - 0 downstream tasks scheduled from follow-on schedule check
[2024-06-07T10:20:33.181+0000] {local_task_job_runner.py:222} INFO - ::endgroup::
