[2024-06-07T08:23:27.666+0000] {local_task_job_runner.py:120} INFO - ::group::Pre task execution logs
[2024-06-07T08:23:27.710+0000] {taskinstance.py:2076} INFO - Dependencies all met for dep_context=non-requeueable deps ti=<TaskInstance: xdag_id_1.check_if_table_exists manual__2024-06-07T08:23:13.627119+00:00 [queued]>
[2024-06-07T08:23:27.726+0000] {taskinstance.py:2076} INFO - Dependencies all met for dep_context=requeueable deps ti=<TaskInstance: xdag_id_1.check_if_table_exists manual__2024-06-07T08:23:13.627119+00:00 [queued]>
[2024-06-07T08:23:27.727+0000] {taskinstance.py:2306} INFO - Starting attempt 1 of 1
[2024-06-07T08:23:27.753+0000] {taskinstance.py:2330} INFO - Executing <Task(_BranchPythonDecoratedOperator): check_if_table_exists> on 2024-06-07 08:23:13.627119+00:00
[2024-06-07T08:23:27.764+0000] {warnings.py:110} WARNING - /home/***/.local/lib/python3.12/site-packages/***/task/task_runner/standard_task_runner.py:61: DeprecationWarning: This process (pid=11705) is multi-threaded, use of fork() may lead to deadlocks in the child.
  pid = os.fork()

[2024-06-07T08:23:27.768+0000] {standard_task_runner.py:63} INFO - Started process 11714 to run task
[2024-06-07T08:23:27.769+0000] {standard_task_runner.py:90} INFO - Running: ['***', 'tasks', 'run', 'xdag_id_1', 'check_if_table_exists', 'manual__2024-06-07T08:23:13.627119+00:00', '--job-id', '534', '--raw', '--subdir', 'DAGS_FOLDER/jobs_dag.py', '--cfg-path', '/tmp/tmpqloz0jtx']
[2024-06-07T08:23:27.773+0000] {standard_task_runner.py:91} INFO - Job 534: Subtask check_if_table_exists
[2024-06-07T08:23:27.866+0000] {task_command.py:426} INFO - Running <TaskInstance: xdag_id_1.check_if_table_exists manual__2024-06-07T08:23:13.627119+00:00 [running]> on host db8c7b709f57
[2024-06-07T08:23:28.026+0000] {taskinstance.py:2648} INFO - Exporting env vars: AIRFLOW_CTX_DAG_OWNER='***' AIRFLOW_CTX_DAG_ID='xdag_id_1' AIRFLOW_CTX_TASK_ID='check_if_table_exists' AIRFLOW_CTX_EXECUTION_DATE='2024-06-07T08:23:13.627119+00:00' AIRFLOW_CTX_TRY_NUMBER='1' AIRFLOW_CTX_DAG_RUN_ID='manual__2024-06-07T08:23:13.627119+00:00'
[2024-06-07T08:23:28.029+0000] {taskinstance.py:430} INFO - ::endgroup::
[2024-06-07T08:23:28.043+0000] {base.py:84} INFO - Using connection ID 'postgres_default' for task execution.
[2024-06-07T08:23:28.049+0000] {sql.py:470} INFO - Running statement: SELECT * FROM information_schema.tables WHERE table_schema = 'schema_1'AND table_name = 'table_name_1';, parameters: None
[2024-06-07T08:23:28.075+0000] {sql.py:479} INFO - Rows affected: 0
[2024-06-07T08:23:28.077+0000] {logging_mixin.py:188} INFO - None
[2024-06-07T08:23:28.079+0000] {taskinstance.py:441} INFO - ::group::Post task execution logs
[2024-06-07T08:23:28.080+0000] {taskinstance.py:2905} ERROR - Task failed with exception
Traceback (most recent call last):
  File "/home/airflow/.local/lib/python3.12/site-packages/airflow/models/taskinstance.py", line 465, in _execute_task
    result = _execute_callable(context=context, **execute_callable_kwargs)
             ^^^^^^^^^^^^^^^^^^^^^^^^^^^^^^^^^^^^^^^^^^^^^^^^^^^^^^^^^^^^^
  File "/home/airflow/.local/lib/python3.12/site-packages/airflow/models/taskinstance.py", line 432, in _execute_callable
    return execute_callable(context=context, **execute_callable_kwargs)
           ^^^^^^^^^^^^^^^^^^^^^^^^^^^^^^^^^^^^^^^^^^^^^^^^^^^^^^^^^^^^
  File "/home/airflow/.local/lib/python3.12/site-packages/airflow/models/baseoperator.py", line 400, in wrapper
    return func(self, *args, **kwargs)
           ^^^^^^^^^^^^^^^^^^^^^^^^^^^
  File "/home/airflow/.local/lib/python3.12/site-packages/airflow/decorators/base.py", line 265, in execute
    return_value = super().execute(context)
                   ^^^^^^^^^^^^^^^^^^^^^^^^
  File "/home/airflow/.local/lib/python3.12/site-packages/airflow/models/baseoperator.py", line 400, in wrapper
    return func(self, *args, **kwargs)
           ^^^^^^^^^^^^^^^^^^^^^^^^^^^
  File "/home/airflow/.local/lib/python3.12/site-packages/airflow/operators/python.py", line 269, in execute
    return self.do_branch(context, super().execute(context))
                                   ^^^^^^^^^^^^^^^^^^^^^^^^
  File "/home/airflow/.local/lib/python3.12/site-packages/airflow/models/baseoperator.py", line 400, in wrapper
    return func(self, *args, **kwargs)
           ^^^^^^^^^^^^^^^^^^^^^^^^^^^
  File "/home/airflow/.local/lib/python3.12/site-packages/airflow/operators/python.py", line 235, in execute
    return_value = self.execute_callable()
                   ^^^^^^^^^^^^^^^^^^^^^^^
  File "/home/airflow/.local/lib/python3.12/site-packages/airflow/operators/python.py", line 252, in execute_callable
    return self.python_callable(*self.op_args, **self.op_kwargs)
           ^^^^^^^^^^^^^^^^^^^^^^^^^^^^^^^^^^^^^^^^^^^^^^^^^^^^^
  File "/opt/airflow/dags/jobs_dag.py", line 43, in check_table_exist
    raise ValueError("table {} does not exist".format(table_name))
ValueError: table table_name_1 does not exist
[2024-06-07T08:23:28.100+0000] {taskinstance.py:1206} INFO - Marking task as FAILED. dag_id=xdag_id_1, task_id=check_if_table_exists, run_id=manual__2024-06-07T08:23:13.627119+00:00, execution_date=20240607T082313, start_date=20240607T082327, end_date=20240607T082328
[2024-06-07T08:23:28.119+0000] {standard_task_runner.py:110} ERROR - Failed to execute job 534 for task check_if_table_exists (table table_name_1 does not exist; 11714)
[2024-06-07T08:23:28.159+0000] {local_task_job_runner.py:240} INFO - Task exited with return code 1
[2024-06-07T08:23:28.172+0000] {warnings.py:110} WARNING - /home/***/.local/lib/python3.12/site-packages/***/models/baseoperator.py:1296: AirflowProviderDeprecationWarning: Call to deprecated class PostgresOperator. (Please use `***.providers.common.sql.operators.sql.SQLExecuteQueryOperator`.Also, you can provide `hook_params={'schema': <database>}`.)
  result = cls.__new__(cls)

[2024-06-07T08:23:28.201+0000] {taskinstance.py:3498} INFO - 0 downstream tasks scheduled from follow-on schedule check
[2024-06-07T08:23:28.208+0000] {local_task_job_runner.py:222} INFO - ::endgroup::
