[2024-06-10T11:34:45.533+0000] {processor.py:161} INFO - Started process (PID=5791) to work on /opt/airflow/dags/package1.zip
[2024-06-10T11:34:45.535+0000] {processor.py:830} INFO - Processing file /opt/airflow/dags/package1.zip for tasks to queue
[2024-06-10T11:34:45.537+0000] {logging_mixin.py:188} INFO - [2024-06-10T11:34:45.536+0000] {dagbag.py:545} INFO - Filling up the DagBag from /opt/airflow/dags/package1.zip
[2024-06-10T11:34:45.563+0000] {processor.py:842} WARNING - No viable dags retrieved from /opt/airflow/dags/package1.zip
[2024-06-10T11:34:45.588+0000] {processor.py:183} INFO - Processing /opt/airflow/dags/package1.zip took 0.069 seconds
[2024-06-10T11:35:16.005+0000] {processor.py:161} INFO - Started process (PID=5850) to work on /opt/airflow/dags/package1.zip
[2024-06-10T11:35:16.007+0000] {processor.py:830} INFO - Processing file /opt/airflow/dags/package1.zip for tasks to queue
[2024-06-10T11:35:16.008+0000] {logging_mixin.py:188} INFO - [2024-06-10T11:35:16.008+0000] {dagbag.py:545} INFO - Filling up the DagBag from /opt/airflow/dags/package1.zip
[2024-06-10T11:35:16.012+0000] {processor.py:842} WARNING - No viable dags retrieved from /opt/airflow/dags/package1.zip
[2024-06-10T11:35:16.030+0000] {processor.py:183} INFO - Processing /opt/airflow/dags/package1.zip took 0.033 seconds
[2024-06-10T11:35:46.303+0000] {processor.py:161} INFO - Started process (PID=5911) to work on /opt/airflow/dags/package1.zip
[2024-06-10T11:35:46.305+0000] {processor.py:830} INFO - Processing file /opt/airflow/dags/package1.zip for tasks to queue
[2024-06-10T11:35:46.306+0000] {logging_mixin.py:188} INFO - [2024-06-10T11:35:46.306+0000] {dagbag.py:545} INFO - Filling up the DagBag from /opt/airflow/dags/package1.zip
[2024-06-10T11:35:46.310+0000] {processor.py:842} WARNING - No viable dags retrieved from /opt/airflow/dags/package1.zip
[2024-06-10T11:35:46.327+0000] {processor.py:183} INFO - Processing /opt/airflow/dags/package1.zip took 0.032 seconds
[2024-06-10T11:36:16.923+0000] {processor.py:161} INFO - Started process (PID=5971) to work on /opt/airflow/dags/package1.zip
[2024-06-10T11:36:16.924+0000] {processor.py:830} INFO - Processing file /opt/airflow/dags/package1.zip for tasks to queue
[2024-06-10T11:36:16.926+0000] {logging_mixin.py:188} INFO - [2024-06-10T11:36:16.925+0000] {dagbag.py:545} INFO - Filling up the DagBag from /opt/airflow/dags/package1.zip
[2024-06-10T11:36:16.930+0000] {processor.py:842} WARNING - No viable dags retrieved from /opt/airflow/dags/package1.zip
[2024-06-10T11:36:16.947+0000] {processor.py:183} INFO - Processing /opt/airflow/dags/package1.zip took 0.035 seconds
[2024-06-10T11:36:47.550+0000] {processor.py:161} INFO - Started process (PID=6031) to work on /opt/airflow/dags/package1.zip
[2024-06-10T11:36:47.552+0000] {processor.py:830} INFO - Processing file /opt/airflow/dags/package1.zip for tasks to queue
[2024-06-10T11:36:47.554+0000] {logging_mixin.py:188} INFO - [2024-06-10T11:36:47.553+0000] {dagbag.py:545} INFO - Filling up the DagBag from /opt/airflow/dags/package1.zip
[2024-06-10T11:36:47.559+0000] {processor.py:842} WARNING - No viable dags retrieved from /opt/airflow/dags/package1.zip
[2024-06-10T11:36:47.586+0000] {processor.py:183} INFO - Processing /opt/airflow/dags/package1.zip took 0.050 seconds
[2024-06-10T11:37:18.201+0000] {processor.py:161} INFO - Started process (PID=6091) to work on /opt/airflow/dags/package1.zip
[2024-06-10T11:37:18.203+0000] {processor.py:830} INFO - Processing file /opt/airflow/dags/package1.zip for tasks to queue
[2024-06-10T11:37:18.204+0000] {logging_mixin.py:188} INFO - [2024-06-10T11:37:18.204+0000] {dagbag.py:545} INFO - Filling up the DagBag from /opt/airflow/dags/package1.zip
[2024-06-10T11:37:18.208+0000] {processor.py:842} WARNING - No viable dags retrieved from /opt/airflow/dags/package1.zip
[2024-06-10T11:37:18.226+0000] {processor.py:183} INFO - Processing /opt/airflow/dags/package1.zip took 0.033 seconds
[2024-06-10T11:37:48.730+0000] {processor.py:161} INFO - Started process (PID=6151) to work on /opt/airflow/dags/package1.zip
[2024-06-10T11:37:48.732+0000] {processor.py:830} INFO - Processing file /opt/airflow/dags/package1.zip for tasks to queue
[2024-06-10T11:37:48.734+0000] {logging_mixin.py:188} INFO - [2024-06-10T11:37:48.733+0000] {dagbag.py:545} INFO - Filling up the DagBag from /opt/airflow/dags/package1.zip
[2024-06-10T11:37:48.738+0000] {processor.py:842} WARNING - No viable dags retrieved from /opt/airflow/dags/package1.zip
[2024-06-10T11:37:48.754+0000] {processor.py:183} INFO - Processing /opt/airflow/dags/package1.zip took 0.032 seconds
[2024-06-10T11:39:35.391+0000] {processor.py:161} INFO - Started process (PID=31) to work on /opt/airflow/dags/package1.zip
[2024-06-10T11:39:35.398+0000] {processor.py:830} INFO - Processing file /opt/airflow/dags/package1.zip for tasks to queue
[2024-06-10T11:39:35.419+0000] {logging_mixin.py:188} INFO - [2024-06-10T11:39:35.415+0000] {dagbag.py:545} INFO - Filling up the DagBag from /opt/airflow/dags/package1.zip
[2024-06-10T11:39:35.435+0000] {processor.py:842} WARNING - No viable dags retrieved from /opt/airflow/dags/package1.zip
[2024-06-10T11:39:35.550+0000] {processor.py:183} INFO - Processing /opt/airflow/dags/package1.zip took 0.231 seconds
[2024-06-10T11:40:05.858+0000] {processor.py:161} INFO - Started process (PID=91) to work on /opt/airflow/dags/package1.zip
[2024-06-10T11:40:05.861+0000] {processor.py:830} INFO - Processing file /opt/airflow/dags/package1.zip for tasks to queue
[2024-06-10T11:40:05.866+0000] {logging_mixin.py:188} INFO - [2024-06-10T11:40:05.866+0000] {dagbag.py:545} INFO - Filling up the DagBag from /opt/airflow/dags/package1.zip
[2024-06-10T11:40:05.871+0000] {processor.py:842} WARNING - No viable dags retrieved from /opt/airflow/dags/package1.zip
[2024-06-10T11:40:05.891+0000] {processor.py:183} INFO - Processing /opt/airflow/dags/package1.zip took 0.042 seconds
[2024-06-10T11:40:36.081+0000] {processor.py:161} INFO - Started process (PID=151) to work on /opt/airflow/dags/package1.zip
[2024-06-10T11:40:36.082+0000] {processor.py:830} INFO - Processing file /opt/airflow/dags/package1.zip for tasks to queue
[2024-06-10T11:40:36.085+0000] {logging_mixin.py:188} INFO - [2024-06-10T11:40:36.084+0000] {dagbag.py:545} INFO - Filling up the DagBag from /opt/airflow/dags/package1.zip
[2024-06-10T11:40:36.088+0000] {processor.py:842} WARNING - No viable dags retrieved from /opt/airflow/dags/package1.zip
[2024-06-10T11:40:36.110+0000] {processor.py:183} INFO - Processing /opt/airflow/dags/package1.zip took 0.037 seconds
[2024-06-10T11:41:06.936+0000] {processor.py:161} INFO - Started process (PID=211) to work on /opt/airflow/dags/package1.zip
[2024-06-10T11:41:06.938+0000] {processor.py:830} INFO - Processing file /opt/airflow/dags/package1.zip for tasks to queue
[2024-06-10T11:41:06.940+0000] {logging_mixin.py:188} INFO - [2024-06-10T11:41:06.940+0000] {dagbag.py:545} INFO - Filling up the DagBag from /opt/airflow/dags/package1.zip
[2024-06-10T11:41:06.944+0000] {processor.py:842} WARNING - No viable dags retrieved from /opt/airflow/dags/package1.zip
[2024-06-10T11:41:06.965+0000] {processor.py:183} INFO - Processing /opt/airflow/dags/package1.zip took 0.038 seconds
[2024-06-10T11:41:37.046+0000] {processor.py:161} INFO - Started process (PID=271) to work on /opt/airflow/dags/package1.zip
[2024-06-10T11:41:37.049+0000] {processor.py:830} INFO - Processing file /opt/airflow/dags/package1.zip for tasks to queue
[2024-06-10T11:41:37.053+0000] {logging_mixin.py:188} INFO - [2024-06-10T11:41:37.052+0000] {dagbag.py:545} INFO - Filling up the DagBag from /opt/airflow/dags/package1.zip
[2024-06-10T11:41:37.057+0000] {processor.py:842} WARNING - No viable dags retrieved from /opt/airflow/dags/package1.zip
[2024-06-10T11:41:37.077+0000] {processor.py:183} INFO - Processing /opt/airflow/dags/package1.zip took 0.043 seconds
[2024-06-10T11:42:07.425+0000] {processor.py:161} INFO - Started process (PID=331) to work on /opt/airflow/dags/package1.zip
[2024-06-10T11:42:07.428+0000] {processor.py:830} INFO - Processing file /opt/airflow/dags/package1.zip for tasks to queue
[2024-06-10T11:42:07.431+0000] {logging_mixin.py:188} INFO - [2024-06-10T11:42:07.431+0000] {dagbag.py:545} INFO - Filling up the DagBag from /opt/airflow/dags/package1.zip
[2024-06-10T11:42:07.436+0000] {processor.py:842} WARNING - No viable dags retrieved from /opt/airflow/dags/package1.zip
[2024-06-10T11:42:07.480+0000] {processor.py:183} INFO - Processing /opt/airflow/dags/package1.zip took 0.063 seconds
[2024-06-10T11:42:37.954+0000] {processor.py:161} INFO - Started process (PID=397) to work on /opt/airflow/dags/package1.zip
[2024-06-10T11:42:37.956+0000] {processor.py:830} INFO - Processing file /opt/airflow/dags/package1.zip for tasks to queue
[2024-06-10T11:42:37.960+0000] {logging_mixin.py:188} INFO - [2024-06-10T11:42:37.959+0000] {dagbag.py:545} INFO - Filling up the DagBag from /opt/airflow/dags/package1.zip
[2024-06-10T11:42:37.964+0000] {processor.py:842} WARNING - No viable dags retrieved from /opt/airflow/dags/package1.zip
[2024-06-10T11:42:37.989+0000] {processor.py:183} INFO - Processing /opt/airflow/dags/package1.zip took 0.045 seconds
[2024-06-10T11:43:08.317+0000] {processor.py:161} INFO - Started process (PID=456) to work on /opt/airflow/dags/package1.zip
[2024-06-10T11:43:08.318+0000] {processor.py:830} INFO - Processing file /opt/airflow/dags/package1.zip for tasks to queue
[2024-06-10T11:43:08.321+0000] {logging_mixin.py:188} INFO - [2024-06-10T11:43:08.321+0000] {dagbag.py:545} INFO - Filling up the DagBag from /opt/airflow/dags/package1.zip
[2024-06-10T11:43:08.325+0000] {processor.py:842} WARNING - No viable dags retrieved from /opt/airflow/dags/package1.zip
[2024-06-10T11:43:08.344+0000] {processor.py:183} INFO - Processing /opt/airflow/dags/package1.zip took 0.037 seconds
[2024-06-10T11:43:38.496+0000] {processor.py:161} INFO - Started process (PID=516) to work on /opt/airflow/dags/package1.zip
[2024-06-10T11:43:38.497+0000] {processor.py:830} INFO - Processing file /opt/airflow/dags/package1.zip for tasks to queue
[2024-06-10T11:43:38.500+0000] {logging_mixin.py:188} INFO - [2024-06-10T11:43:38.500+0000] {dagbag.py:545} INFO - Filling up the DagBag from /opt/airflow/dags/package1.zip
[2024-06-10T11:43:38.504+0000] {processor.py:842} WARNING - No viable dags retrieved from /opt/airflow/dags/package1.zip
[2024-06-10T11:43:38.522+0000] {processor.py:183} INFO - Processing /opt/airflow/dags/package1.zip took 0.035 seconds
[2024-06-10T11:44:08.624+0000] {processor.py:161} INFO - Started process (PID=576) to work on /opt/airflow/dags/package1.zip
[2024-06-10T11:44:08.625+0000] {processor.py:830} INFO - Processing file /opt/airflow/dags/package1.zip for tasks to queue
[2024-06-10T11:44:08.628+0000] {logging_mixin.py:188} INFO - [2024-06-10T11:44:08.627+0000] {dagbag.py:545} INFO - Filling up the DagBag from /opt/airflow/dags/package1.zip
[2024-06-10T11:44:08.631+0000] {processor.py:842} WARNING - No viable dags retrieved from /opt/airflow/dags/package1.zip
[2024-06-10T11:44:08.650+0000] {processor.py:183} INFO - Processing /opt/airflow/dags/package1.zip took 0.034 seconds
[2024-06-10T11:44:38.908+0000] {processor.py:161} INFO - Started process (PID=636) to work on /opt/airflow/dags/package1.zip
[2024-06-10T11:44:38.909+0000] {processor.py:830} INFO - Processing file /opt/airflow/dags/package1.zip for tasks to queue
[2024-06-10T11:44:38.911+0000] {logging_mixin.py:188} INFO - [2024-06-10T11:44:38.911+0000] {dagbag.py:545} INFO - Filling up the DagBag from /opt/airflow/dags/package1.zip
[2024-06-10T11:44:38.914+0000] {processor.py:842} WARNING - No viable dags retrieved from /opt/airflow/dags/package1.zip
[2024-06-10T11:44:38.931+0000] {processor.py:183} INFO - Processing /opt/airflow/dags/package1.zip took 0.031 seconds
[2024-06-10T11:45:09.896+0000] {processor.py:161} INFO - Started process (PID=694) to work on /opt/airflow/dags/package1.zip
[2024-06-10T11:45:09.897+0000] {processor.py:830} INFO - Processing file /opt/airflow/dags/package1.zip for tasks to queue
[2024-06-10T11:45:09.900+0000] {logging_mixin.py:188} INFO - [2024-06-10T11:45:09.900+0000] {dagbag.py:545} INFO - Filling up the DagBag from /opt/airflow/dags/package1.zip
[2024-06-10T11:45:09.903+0000] {processor.py:842} WARNING - No viable dags retrieved from /opt/airflow/dags/package1.zip
[2024-06-10T11:45:09.920+0000] {processor.py:183} INFO - Processing /opt/airflow/dags/package1.zip took 0.031 seconds
[2024-06-10T11:45:40.477+0000] {processor.py:161} INFO - Started process (PID=754) to work on /opt/airflow/dags/package1.zip
[2024-06-10T11:45:40.479+0000] {processor.py:830} INFO - Processing file /opt/airflow/dags/package1.zip for tasks to queue
[2024-06-10T11:45:40.482+0000] {logging_mixin.py:188} INFO - [2024-06-10T11:45:40.482+0000] {dagbag.py:545} INFO - Filling up the DagBag from /opt/airflow/dags/package1.zip
[2024-06-10T11:45:40.487+0000] {processor.py:842} WARNING - No viable dags retrieved from /opt/airflow/dags/package1.zip
[2024-06-10T11:45:40.513+0000] {processor.py:183} INFO - Processing /opt/airflow/dags/package1.zip took 0.044 seconds
[2024-06-10T11:46:10.933+0000] {processor.py:161} INFO - Started process (PID=814) to work on /opt/airflow/dags/package1.zip
[2024-06-10T11:46:10.935+0000] {processor.py:830} INFO - Processing file /opt/airflow/dags/package1.zip for tasks to queue
[2024-06-10T11:46:10.938+0000] {logging_mixin.py:188} INFO - [2024-06-10T11:46:10.937+0000] {dagbag.py:545} INFO - Filling up the DagBag from /opt/airflow/dags/package1.zip
[2024-06-10T11:46:10.942+0000] {processor.py:842} WARNING - No viable dags retrieved from /opt/airflow/dags/package1.zip
[2024-06-10T11:46:10.958+0000] {processor.py:183} INFO - Processing /opt/airflow/dags/package1.zip took 0.033 seconds
[2024-06-10T11:46:41.133+0000] {processor.py:161} INFO - Started process (PID=874) to work on /opt/airflow/dags/package1.zip
[2024-06-10T11:46:41.134+0000] {processor.py:830} INFO - Processing file /opt/airflow/dags/package1.zip for tasks to queue
[2024-06-10T11:46:41.138+0000] {logging_mixin.py:188} INFO - [2024-06-10T11:46:41.138+0000] {dagbag.py:545} INFO - Filling up the DagBag from /opt/airflow/dags/package1.zip
[2024-06-10T11:46:41.142+0000] {processor.py:842} WARNING - No viable dags retrieved from /opt/airflow/dags/package1.zip
[2024-06-10T11:46:41.157+0000] {processor.py:183} INFO - Processing /opt/airflow/dags/package1.zip took 0.031 seconds
[2024-06-10T11:47:11.519+0000] {processor.py:161} INFO - Started process (PID=934) to work on /opt/airflow/dags/package1.zip
[2024-06-10T11:47:11.522+0000] {processor.py:830} INFO - Processing file /opt/airflow/dags/package1.zip for tasks to queue
[2024-06-10T11:47:11.528+0000] {logging_mixin.py:188} INFO - [2024-06-10T11:47:11.527+0000] {dagbag.py:545} INFO - Filling up the DagBag from /opt/airflow/dags/package1.zip
[2024-06-10T11:47:11.536+0000] {processor.py:842} WARNING - No viable dags retrieved from /opt/airflow/dags/package1.zip
[2024-06-10T11:47:11.587+0000] {processor.py:183} INFO - Processing /opt/airflow/dags/package1.zip took 0.081 seconds
