[2024-06-19T09:47:14.543+0000] {local_task_job_runner.py:120} INFO - ::group::Pre task execution logs
[2024-06-19T09:47:14.579+0000] {taskinstance.py:2076} INFO - Dependencies all met for dep_context=non-requeueable deps ti=<TaskInstance: trigger_dag_id.file_sensor manual__2024-06-19T09:47:11.372136+00:00 [queued]>
[2024-06-19T09:47:14.589+0000] {taskinstance.py:2076} INFO - Dependencies all met for dep_context=requeueable deps ti=<TaskInstance: trigger_dag_id.file_sensor manual__2024-06-19T09:47:11.372136+00:00 [queued]>
[2024-06-19T09:47:14.590+0000] {taskinstance.py:2306} INFO - Starting attempt 1 of 1
[2024-06-19T09:47:14.611+0000] {taskinstance.py:2330} INFO - Executing <Task(CustomFileSensor): file_sensor> on 2024-06-19 09:47:11.372136+00:00
[2024-06-19T09:47:14.621+0000] {warnings.py:110} WARNING - /home/***/.local/lib/python3.12/site-packages/***/task/task_runner/standard_task_runner.py:61: DeprecationWarning: This process (pid=160) is multi-threaded, use of fork() may lead to deadlocks in the child.
  pid = os.fork()

[2024-06-19T09:47:14.623+0000] {standard_task_runner.py:63} INFO - Started process 162 to run task
[2024-06-19T09:47:14.624+0000] {standard_task_runner.py:90} INFO - Running: ['***', 'tasks', 'run', 'trigger_dag_id', 'file_sensor', 'manual__2024-06-19T09:47:11.372136+00:00', '--job-id', '949', '--raw', '--subdir', 'DAGS_FOLDER/trigger_dag.py', '--cfg-path', '/tmp/tmp38zn6oev']
[2024-06-19T09:47:14.629+0000] {standard_task_runner.py:91} INFO - Job 949: Subtask file_sensor
[2024-06-19T09:47:14.778+0000] {task_command.py:426} INFO - Running <TaskInstance: trigger_dag_id.file_sensor manual__2024-06-19T09:47:11.372136+00:00 [running]> on host 3c9100f9b2f4
[2024-06-19T09:47:14.967+0000] {taskinstance.py:2648} INFO - Exporting env vars: AIRFLOW_CTX_DAG_OWNER='***' AIRFLOW_CTX_DAG_ID='trigger_dag_id' AIRFLOW_CTX_TASK_ID='file_sensor' AIRFLOW_CTX_EXECUTION_DATE='2024-06-19T09:47:11.372136+00:00' AIRFLOW_CTX_TRY_NUMBER='1' AIRFLOW_CTX_DAG_RUN_ID='manual__2024-06-19T09:47:11.372136+00:00'
[2024-06-19T09:47:14.970+0000] {taskinstance.py:430} INFO - ::endgroup::
[2024-06-19T09:47:14.971+0000] {baseoperator.py:399} WARNING - CustomFileSensor.execute cannot be called outside TaskInstance!
[2024-06-19T09:47:14.997+0000] {base.py:84} INFO - Using connection ID 'fs_default' for task execution.
[2024-06-19T09:47:15.001+0000] {filesystem.py:85} INFO - Poking for file /opt/***/TRIGGER_FILE/file.txt
[2024-06-19T09:47:15.003+0000] {filesystem.py:89} INFO - Found File /opt/***/TRIGGER_FILE/file.txt last modified: 20240411090055
[2024-06-19T09:47:15.004+0000] {base.py:294} INFO - Success criteria met. Exiting.
[2024-06-19T09:47:15.005+0000] {filesystem.py:85} INFO - Poking for file /opt/***/TRIGGER_FILE/file.txt
[2024-06-19T09:47:15.006+0000] {filesystem.py:89} INFO - Found File /opt/***/TRIGGER_FILE/file.txt last modified: 20240411090055
[2024-06-19T09:47:15.009+0000] {taskinstance.py:441} INFO - ::group::Post task execution logs
[2024-06-19T09:47:15.021+0000] {taskinstance.py:1206} INFO - Marking task as SUCCESS. dag_id=trigger_dag_id, task_id=file_sensor, run_id=manual__2024-06-19T09:47:11.372136+00:00, execution_date=20240619T094711, start_date=20240619T094714, end_date=20240619T094715
[2024-06-19T09:47:15.062+0000] {local_task_job_runner.py:240} INFO - Task exited with return code 0
[2024-06-19T09:47:15.110+0000] {taskinstance.py:3498} INFO - 1 downstream tasks scheduled from follow-on schedule check
[2024-06-19T09:47:15.112+0000] {local_task_job_runner.py:222} INFO - ::endgroup::
