[2024-06-07T12:28:22.296+0000] {local_task_job_runner.py:120} INFO - ::group::Pre task execution logs
[2024-06-07T12:28:22.325+0000] {taskinstance.py:2076} INFO - Dependencies all met for dep_context=non-requeueable deps ti=<TaskInstance: xdag_id_1.query_the_table manual__2024-06-07T12:28:08.255323+00:00 [queued]>
[2024-06-07T12:28:22.337+0000] {taskinstance.py:2076} INFO - Dependencies all met for dep_context=requeueable deps ti=<TaskInstance: xdag_id_1.query_the_table manual__2024-06-07T12:28:08.255323+00:00 [queued]>
[2024-06-07T12:28:22.338+0000] {taskinstance.py:2306} INFO - Starting attempt 1 of 1
[2024-06-07T12:28:22.354+0000] {taskinstance.py:2330} INFO - Executing <Task(PostgreSQLCountRows): query_the_table> on 2024-06-07 12:28:08.255323+00:00
[2024-06-07T12:28:22.364+0000] {warnings.py:110} WARNING - /home/***/.local/lib/python3.12/site-packages/***/task/task_runner/standard_task_runner.py:61: DeprecationWarning: This process (pid=15051) is multi-threaded, use of fork() may lead to deadlocks in the child.
  pid = os.fork()

[2024-06-07T12:28:22.366+0000] {standard_task_runner.py:63} INFO - Started process 15053 to run task
[2024-06-07T12:28:22.366+0000] {standard_task_runner.py:90} INFO - Running: ['***', 'tasks', 'run', 'xdag_id_1', 'query_the_table', 'manual__2024-06-07T12:28:08.255323+00:00', '--job-id', '613', '--raw', '--subdir', 'DAGS_FOLDER/jobs_dag.py', '--cfg-path', '/tmp/tmpwzlodhlk']
[2024-06-07T12:28:22.370+0000] {standard_task_runner.py:91} INFO - Job 613: Subtask query_the_table
[2024-06-07T12:28:22.426+0000] {task_command.py:426} INFO - Running <TaskInstance: xdag_id_1.query_the_table manual__2024-06-07T12:28:08.255323+00:00 [running]> on host db8c7b709f57
[2024-06-07T12:28:22.538+0000] {taskinstance.py:2648} INFO - Exporting env vars: AIRFLOW_CTX_DAG_OWNER='***' AIRFLOW_CTX_DAG_ID='xdag_id_1' AIRFLOW_CTX_TASK_ID='query_the_table' AIRFLOW_CTX_EXECUTION_DATE='2024-06-07T12:28:08.255323+00:00' AIRFLOW_CTX_TRY_NUMBER='1' AIRFLOW_CTX_DAG_RUN_ID='manual__2024-06-07T12:28:08.255323+00:00'
[2024-06-07T12:28:22.540+0000] {taskinstance.py:430} INFO - ::endgroup::
[2024-06-07T12:28:22.550+0000] {base.py:84} INFO - Using connection ID 'postgres_default' for task execution.
[2024-06-07T12:28:22.554+0000] {sql.py:470} INFO - Running statement: SELECT COUNT(*) FROM table_name_1;, parameters: None
[2024-06-07T12:28:22.555+0000] {sql.py:479} INFO - Rows affected: 1
[2024-06-07T12:28:22.571+0000] {taskinstance.py:441} INFO - ::group::Post task execution logs
[2024-06-07T12:28:22.583+0000] {taskinstance.py:1206} INFO - Marking task as SUCCESS. dag_id=xdag_id_1, task_id=query_the_table, run_id=manual__2024-06-07T12:28:08.255323+00:00, execution_date=20240607T122808, start_date=20240607T122822, end_date=20240607T122822
[2024-06-07T12:28:22.631+0000] {local_task_job_runner.py:240} INFO - Task exited with return code 0
[2024-06-07T12:28:22.664+0000] {taskinstance.py:3498} INFO - 1 downstream tasks scheduled from follow-on schedule check
[2024-06-07T12:28:22.668+0000] {local_task_job_runner.py:222} INFO - ::endgroup::
