[2024-06-05T13:05:37.856+0000] {local_task_job_runner.py:120} INFO - ::group::Pre task execution logs
[2024-06-05T13:05:37.910+0000] {taskinstance.py:2076} INFO - Dependencies all met for dep_context=non-requeueable deps ti=<TaskInstance: xdag_id_1.gett_current_user manual__2024-06-05T13:05:32.295584+00:00 [queued]>
[2024-06-05T13:05:37.929+0000] {taskinstance.py:2076} INFO - Dependencies all met for dep_context=requeueable deps ti=<TaskInstance: xdag_id_1.gett_current_user manual__2024-06-05T13:05:32.295584+00:00 [queued]>
[2024-06-05T13:05:37.930+0000] {taskinstance.py:2306} INFO - Starting attempt 1 of 1
[2024-06-05T13:05:37.963+0000] {taskinstance.py:2330} INFO - Executing <Task(BashOperator): gett_current_user> on 2024-06-05 13:05:32.295584+00:00
[2024-06-05T13:05:37.977+0000] {warnings.py:110} WARNING - /home/***/.local/lib/python3.12/site-packages/***/task/task_runner/standard_task_runner.py:61: DeprecationWarning: This process (pid=4691) is multi-threaded, use of fork() may lead to deadlocks in the child.
  pid = os.fork()

[2024-06-05T13:05:37.980+0000] {standard_task_runner.py:63} INFO - Started process 4693 to run task
[2024-06-05T13:05:37.981+0000] {standard_task_runner.py:90} INFO - Running: ['***', 'tasks', 'run', 'xdag_id_1', 'gett_current_user', 'manual__2024-06-05T13:05:32.295584+00:00', '--job-id', '503', '--raw', '--subdir', 'DAGS_FOLDER/jobs_dag.py', '--cfg-path', '/tmp/tmp5yxmq32l']
[2024-06-05T13:05:37.986+0000] {standard_task_runner.py:91} INFO - Job 503: Subtask gett_current_user
[2024-06-05T13:05:38.082+0000] {task_command.py:426} INFO - Running <TaskInstance: xdag_id_1.gett_current_user manual__2024-06-05T13:05:32.295584+00:00 [running]> on host db8c7b709f57
[2024-06-05T13:05:38.235+0000] {taskinstance.py:2648} INFO - Exporting env vars: AIRFLOW_CTX_DAG_OWNER='***' AIRFLOW_CTX_DAG_ID='xdag_id_1' AIRFLOW_CTX_TASK_ID='gett_current_user' AIRFLOW_CTX_EXECUTION_DATE='2024-06-05T13:05:32.295584+00:00' AIRFLOW_CTX_TRY_NUMBER='1' AIRFLOW_CTX_DAG_RUN_ID='manual__2024-06-05T13:05:32.295584+00:00'
[2024-06-05T13:05:38.238+0000] {taskinstance.py:430} INFO - ::endgroup::
[2024-06-05T13:05:38.239+0000] {subprocess.py:63} INFO - Tmp dir root location: /tmp
[2024-06-05T13:05:38.241+0000] {subprocess.py:75} INFO - Running command: ['/usr/bin/bash', '-c', 'whoami']
[2024-06-05T13:05:38.260+0000] {subprocess.py:86} INFO - Output:
[2024-06-05T13:05:38.266+0000] {subprocess.py:93} INFO - default
[2024-06-05T13:05:38.267+0000] {subprocess.py:97} INFO - Command exited with return code 0
[2024-06-05T13:05:38.269+0000] {taskinstance.py:441} INFO - ::group::Post task execution logs
[2024-06-05T13:05:38.304+0000] {taskinstance.py:1206} INFO - Marking task as SUCCESS. dag_id=xdag_id_1, task_id=gett_current_user, run_id=manual__2024-06-05T13:05:32.295584+00:00, execution_date=20240605T130532, start_date=20240605T130537, end_date=20240605T130538
[2024-06-05T13:05:38.369+0000] {local_task_job_runner.py:240} INFO - Task exited with return code 0
[2024-06-05T13:05:38.411+0000] {taskinstance.py:3498} INFO - 1 downstream tasks scheduled from follow-on schedule check
[2024-06-05T13:05:38.414+0000] {local_task_job_runner.py:222} INFO - ::endgroup::
