[2024-06-07T09:02:14.158+0000] {local_task_job_runner.py:120} INFO - ::group::Pre task execution logs
[2024-06-07T09:02:14.201+0000] {taskinstance.py:2076} INFO - Dependencies all met for dep_context=non-requeueable deps ti=<TaskInstance: xdag_id_1.create_table manual__2024-06-07T09:02:04.153243+00:00 [queued]>
[2024-06-07T09:02:14.216+0000] {taskinstance.py:2076} INFO - Dependencies all met for dep_context=requeueable deps ti=<TaskInstance: xdag_id_1.create_table manual__2024-06-07T09:02:04.153243+00:00 [queued]>
[2024-06-07T09:02:14.217+0000] {taskinstance.py:2306} INFO - Starting attempt 1 of 1
[2024-06-07T09:02:14.239+0000] {taskinstance.py:2330} INFO - Executing <Task(PostgresOperator): create_table> on 2024-06-07 09:02:04.153243+00:00
[2024-06-07T09:02:14.249+0000] {warnings.py:110} WARNING - /home/***/.local/lib/python3.12/site-packages/***/task/task_runner/standard_task_runner.py:61: DeprecationWarning: This process (pid=12241) is multi-threaded, use of fork() may lead to deadlocks in the child.
  pid = os.fork()

[2024-06-07T09:02:14.251+0000] {standard_task_runner.py:63} INFO - Started process 12243 to run task
[2024-06-07T09:02:14.251+0000] {standard_task_runner.py:90} INFO - Running: ['***', 'tasks', 'run', 'xdag_id_1', 'create_table', 'manual__2024-06-07T09:02:04.153243+00:00', '--job-id', '548', '--raw', '--subdir', 'DAGS_FOLDER/jobs_dag.py', '--cfg-path', '/tmp/tmpp2sgyx46']
[2024-06-07T09:02:14.256+0000] {standard_task_runner.py:91} INFO - Job 548: Subtask create_table
[2024-06-07T09:02:14.320+0000] {task_command.py:426} INFO - Running <TaskInstance: xdag_id_1.create_table manual__2024-06-07T09:02:04.153243+00:00 [running]> on host db8c7b709f57
[2024-06-07T09:02:14.480+0000] {taskinstance.py:2648} INFO - Exporting env vars: AIRFLOW_CTX_DAG_OWNER='***' AIRFLOW_CTX_DAG_ID='xdag_id_1' AIRFLOW_CTX_TASK_ID='create_table' AIRFLOW_CTX_EXECUTION_DATE='2024-06-07T09:02:04.153243+00:00' AIRFLOW_CTX_TRY_NUMBER='1' AIRFLOW_CTX_DAG_RUN_ID='manual__2024-06-07T09:02:04.153243+00:00'
[2024-06-07T09:02:14.483+0000] {taskinstance.py:430} INFO - ::endgroup::
[2024-06-07T09:02:14.484+0000] {sql.py:276} INFO - Executing: CREATE TABLE table_name_1(custom_id integer NOT NULL, user_name VARCHAR (50) NOT NULL, timestamp TIMESTAMP NOT NULL); 
[2024-06-07T09:02:14.494+0000] {base.py:84} INFO - Using connection ID 'postgres_default' for task execution.
[2024-06-07T09:02:14.709+0000] {base.py:84} INFO - Using connection ID 'postgres_default' for task execution.
[2024-06-07T09:02:14.719+0000] {athena_sql.py:117} WARNING - Unable to find AWS Connection ID 'aws_default', switching to empty.
[2024-06-07T09:02:14.722+0000] {connection_wrapper.py:384} INFO - AWS Connection (conn_id='postgres_default', conn_type='aws') credentials retrieved from login and password.
[2024-06-07T09:02:14.723+0000] {warnings.py:110} WARNING - <string>:9: AirflowProviderDeprecationWarning: Host postgres specified in the connection is not used. Please, set it on extra['endpoint_url'] instead

[2024-06-07T09:02:14.724+0000] {taskinstance.py:441} INFO - ::group::Post task execution logs
[2024-06-07T09:02:14.735+0000] {taskinstance.py:2905} ERROR - Task failed with exception
Traceback (most recent call last):
  File "/home/airflow/.local/lib/python3.12/site-packages/airflow/models/taskinstance.py", line 465, in _execute_task
    result = _execute_callable(context=context, **execute_callable_kwargs)
             ^^^^^^^^^^^^^^^^^^^^^^^^^^^^^^^^^^^^^^^^^^^^^^^^^^^^^^^^^^^^^
  File "/home/airflow/.local/lib/python3.12/site-packages/airflow/models/taskinstance.py", line 432, in _execute_callable
    return execute_callable(context=context, **execute_callable_kwargs)
           ^^^^^^^^^^^^^^^^^^^^^^^^^^^^^^^^^^^^^^^^^^^^^^^^^^^^^^^^^^^^
  File "/home/airflow/.local/lib/python3.12/site-packages/airflow/models/baseoperator.py", line 400, in wrapper
    return func(self, *args, **kwargs)
           ^^^^^^^^^^^^^^^^^^^^^^^^^^^
  File "/home/airflow/.local/lib/python3.12/site-packages/airflow/providers/common/sql/operators/sql.py", line 282, in execute
    output = hook.run(
             ^^^^^^^^^
  File "/home/airflow/.local/lib/python3.12/site-packages/airflow/providers/common/sql/hooks/sql.py", line 411, in run
    with closing(self.get_conn()) as conn:
                 ^^^^^^^^^^^^^^^
  File "/home/airflow/.local/lib/python3.12/site-packages/airflow/providers/amazon/aws/hooks/athena_sql.py", line 159, in get_conn
    conn_params = self._get_conn_params()
                  ^^^^^^^^^^^^^^^^^^^^^^^
  File "/home/airflow/.local/lib/python3.12/site-packages/airflow/providers/amazon/aws/hooks/athena_sql.py", line 133, in _get_conn_params
    raise AirflowException("region_name must be specified in the connection's extra")
airflow.exceptions.AirflowException: region_name must be specified in the connection's extra
[2024-06-07T09:02:14.741+0000] {taskinstance.py:1206} INFO - Marking task as FAILED. dag_id=xdag_id_1, task_id=create_table, run_id=manual__2024-06-07T09:02:04.153243+00:00, execution_date=20240607T090204, start_date=20240607T090214, end_date=20240607T090214
[2024-06-07T09:02:14.755+0000] {standard_task_runner.py:110} ERROR - Failed to execute job 548 for task create_table (region_name must be specified in the connection's extra; 12243)
[2024-06-07T09:02:14.804+0000] {local_task_job_runner.py:240} INFO - Task exited with return code 1
[2024-06-07T09:02:14.820+0000] {warnings.py:110} WARNING - /home/***/.local/lib/python3.12/site-packages/***/models/baseoperator.py:1296: AirflowProviderDeprecationWarning: Call to deprecated class PostgresOperator. (Please use `***.providers.common.sql.operators.sql.SQLExecuteQueryOperator`.Also, you can provide `hook_params={'schema': <database>}`.)
  result = cls.__new__(cls)

[2024-06-07T09:02:14.861+0000] {taskinstance.py:3498} INFO - 0 downstream tasks scheduled from follow-on schedule check
[2024-06-07T09:02:14.869+0000] {local_task_job_runner.py:222} INFO - ::endgroup::
