[2024-06-10T07:45:03.887+0000] {local_task_job_runner.py:120} INFO - ::group::Pre task execution logs
[2024-06-10T07:45:03.926+0000] {taskinstance.py:2076} INFO - Dependencies all met for dep_context=non-requeueable deps ti=<TaskInstance: xdag_id_1.log_info manual__2024-06-10T07:44:57.898703+00:00 [queued]>
[2024-06-10T07:45:03.941+0000] {taskinstance.py:2076} INFO - Dependencies all met for dep_context=requeueable deps ti=<TaskInstance: xdag_id_1.log_info manual__2024-06-10T07:44:57.898703+00:00 [queued]>
[2024-06-10T07:45:03.942+0000] {taskinstance.py:2306} INFO - Starting attempt 1 of 1
[2024-06-10T07:45:03.969+0000] {taskinstance.py:2330} INFO - Executing <Task(PythonOperator): log_info> on 2024-06-10 07:44:57.898703+00:00
[2024-06-10T07:45:03.983+0000] {warnings.py:110} WARNING - /home/***/.local/lib/python3.12/site-packages/***/task/task_runner/standard_task_runner.py:61: DeprecationWarning: This process (pid=19394) is multi-threaded, use of fork() may lead to deadlocks in the child.
  pid = os.fork()

[2024-06-10T07:45:03.986+0000] {standard_task_runner.py:63} INFO - Started process 19399 to run task
[2024-06-10T07:45:03.986+0000] {standard_task_runner.py:90} INFO - Running: ['***', 'tasks', 'run', 'xdag_id_1', 'log_info', 'manual__2024-06-10T07:44:57.898703+00:00', '--job-id', '634', '--raw', '--subdir', 'DAGS_FOLDER/jobs_dag.py', '--cfg-path', '/tmp/tmplm8aafd3']
[2024-06-10T07:45:03.991+0000] {standard_task_runner.py:91} INFO - Job 634: Subtask log_info
[2024-06-10T07:45:04.072+0000] {task_command.py:426} INFO - Running <TaskInstance: xdag_id_1.log_info manual__2024-06-10T07:44:57.898703+00:00 [running]> on host db8c7b709f57
[2024-06-10T07:45:04.212+0000] {taskinstance.py:2648} INFO - Exporting env vars: AIRFLOW_CTX_DAG_OWNER='***' AIRFLOW_CTX_DAG_ID='xdag_id_1' AIRFLOW_CTX_TASK_ID='log_info' AIRFLOW_CTX_EXECUTION_DATE='2024-06-10T07:44:57.898703+00:00' AIRFLOW_CTX_TRY_NUMBER='1' AIRFLOW_CTX_DAG_RUN_ID='manual__2024-06-10T07:44:57.898703+00:00'
[2024-06-10T07:45:04.216+0000] {taskinstance.py:430} INFO - ::endgroup::
[2024-06-10T07:45:04.217+0000] {logging_mixin.py:188} INFO - xdag_id_1 start processing tables in database: table_name_1
[2024-06-10T07:45:04.219+0000] {python.py:237} INFO - Done. Returned value was: None
[2024-06-10T07:45:04.221+0000] {taskinstance.py:441} INFO - ::group::Post task execution logs
[2024-06-10T07:45:04.234+0000] {taskinstance.py:1206} INFO - Marking task as SUCCESS. dag_id=xdag_id_1, task_id=log_info, run_id=manual__2024-06-10T07:44:57.898703+00:00, execution_date=20240610T074457, start_date=20240610T074503, end_date=20240610T074504
[2024-06-10T07:45:04.294+0000] {local_task_job_runner.py:240} INFO - Task exited with return code 0
[2024-06-10T07:45:04.344+0000] {taskinstance.py:3498} INFO - 1 downstream tasks scheduled from follow-on schedule check
[2024-06-10T07:45:04.346+0000] {local_task_job_runner.py:222} INFO - ::endgroup::
