[2024-06-19T08:49:45.565+0000] {local_task_job_runner.py:120} INFO - ::group::Pre task execution logs
[2024-06-19T08:49:45.614+0000] {taskinstance.py:2076} INFO - Dependencies all met for dep_context=non-requeueable deps ti=<TaskInstance: trigger_dag_id.send_slack manual__2024-06-19T08:48:27.684380+00:00 [queued]>
[2024-06-19T08:49:45.627+0000] {taskinstance.py:2076} INFO - Dependencies all met for dep_context=requeueable deps ti=<TaskInstance: trigger_dag_id.send_slack manual__2024-06-19T08:48:27.684380+00:00 [queued]>
[2024-06-19T08:49:45.628+0000] {taskinstance.py:2306} INFO - Starting attempt 1 of 1
[2024-06-19T08:49:45.645+0000] {taskinstance.py:2330} INFO - Executing <Task(PythonOperator): send_slack> on 2024-06-19 08:48:27.684380+00:00
[2024-06-19T08:49:45.653+0000] {warnings.py:110} WARNING - /home/***/.local/lib/python3.12/site-packages/***/task/task_runner/standard_task_runner.py:61: DeprecationWarning: This process (pid=491) is multi-threaded, use of fork() may lead to deadlocks in the child.
  pid = os.fork()

[2024-06-19T08:49:45.655+0000] {standard_task_runner.py:63} INFO - Started process 493 to run task
[2024-06-19T08:49:45.656+0000] {standard_task_runner.py:90} INFO - Running: ['***', 'tasks', 'run', 'trigger_dag_id', 'send_slack', 'manual__2024-06-19T08:48:27.684380+00:00', '--job-id', '933', '--raw', '--subdir', 'DAGS_FOLDER/trigger_dag.py', '--cfg-path', '/tmp/tmpb4da113z']
[2024-06-19T08:49:45.661+0000] {standard_task_runner.py:91} INFO - Job 933: Subtask send_slack
[2024-06-19T08:49:45.724+0000] {task_command.py:426} INFO - Running <TaskInstance: trigger_dag_id.send_slack manual__2024-06-19T08:48:27.684380+00:00 [running]> on host c44a1a294288
[2024-06-19T08:49:45.844+0000] {taskinstance.py:2648} INFO - Exporting env vars: AIRFLOW_CTX_DAG_OWNER='***' AIRFLOW_CTX_DAG_ID='trigger_dag_id' AIRFLOW_CTX_TASK_ID='send_slack' AIRFLOW_CTX_EXECUTION_DATE='2024-06-19T08:48:27.684380+00:00' AIRFLOW_CTX_TRY_NUMBER='1' AIRFLOW_CTX_DAG_RUN_ID='manual__2024-06-19T08:48:27.684380+00:00'
[2024-06-19T08:49:45.848+0000] {taskinstance.py:430} INFO - ::endgroup::
[2024-06-19T08:49:45.849+0000] {warnings.py:110} WARNING - /home/***/.local/lib/python3.12/site-packages/***/utils/context.py:320: AirflowContextDeprecationWarning: Accessing 'execution_date' from the template is deprecated and will be removed in a future version. Please use 'data_interval_start' or 'logical_date' instead.
  warnings.warn(_create_deprecation_warning(k, replacements))

[2024-06-19T08:49:46.183+0000] {python.py:237} INFO - Done. Returned value was: None
[2024-06-19T08:49:46.184+0000] {taskinstance.py:441} INFO - ::group::Post task execution logs
[2024-06-19T08:49:46.214+0000] {taskinstance.py:1206} INFO - Marking task as SUCCESS. dag_id=trigger_dag_id, task_id=send_slack, run_id=manual__2024-06-19T08:48:27.684380+00:00, execution_date=20240619T084827, start_date=20240619T084945, end_date=20240619T084946
[2024-06-19T08:49:46.255+0000] {local_task_job_runner.py:240} INFO - Task exited with return code 0
[2024-06-19T08:49:46.291+0000] {taskinstance.py:3498} INFO - 0 downstream tasks scheduled from follow-on schedule check
[2024-06-19T08:49:46.298+0000] {local_task_job_runner.py:222} INFO - ::endgroup::
