[2024-06-10T07:33:27.339+0000] {local_task_job_runner.py:120} INFO - ::group::Pre task execution logs
[2024-06-10T07:33:27.365+0000] {taskinstance.py:2076} INFO - Dependencies all met for dep_context=non-requeueable deps ti=<TaskInstance: trigger_dag_id.task_troup.dag_1_task_sensor manual__2024-06-10T07:33:10.694099+00:00 [queued]>
[2024-06-10T07:33:27.375+0000] {taskinstance.py:2076} INFO - Dependencies all met for dep_context=requeueable deps ti=<TaskInstance: trigger_dag_id.task_troup.dag_1_task_sensor manual__2024-06-10T07:33:10.694099+00:00 [queued]>
[2024-06-10T07:33:27.376+0000] {taskinstance.py:2306} INFO - Starting attempt 1 of 1
[2024-06-10T07:33:27.392+0000] {taskinstance.py:2330} INFO - Executing <Task(ExternalTaskSensor): task_troup.dag_1_task_sensor> on 2024-06-10 07:33:10.694099+00:00
[2024-06-10T07:33:27.398+0000] {warnings.py:110} WARNING - /home/***/.local/lib/python3.12/site-packages/***/task/task_runner/standard_task_runner.py:61: DeprecationWarning: This process (pid=19215) is multi-threaded, use of fork() may lead to deadlocks in the child.
  pid = os.fork()

[2024-06-10T07:33:27.400+0000] {standard_task_runner.py:63} INFO - Started process 19222 to run task
[2024-06-10T07:33:27.401+0000] {standard_task_runner.py:90} INFO - Running: ['***', 'tasks', 'run', 'trigger_dag_id', 'task_troup.dag_1_task_sensor', 'manual__2024-06-10T07:33:10.694099+00:00', '--job-id', '624', '--raw', '--subdir', 'DAGS_FOLDER/trigger_dag.py', '--cfg-path', '/tmp/tmprb9c42oo']
[2024-06-10T07:33:27.404+0000] {standard_task_runner.py:91} INFO - Job 624: Subtask task_troup.dag_1_task_sensor
[2024-06-10T07:33:27.498+0000] {task_command.py:426} INFO - Running <TaskInstance: trigger_dag_id.task_troup.dag_1_task_sensor manual__2024-06-10T07:33:10.694099+00:00 [running]> on host db8c7b709f57
[2024-06-10T07:33:27.703+0000] {taskinstance.py:2648} INFO - Exporting env vars: AIRFLOW_CTX_DAG_OWNER='***' AIRFLOW_CTX_DAG_ID='trigger_dag_id' AIRFLOW_CTX_TASK_ID='task_troup.dag_1_task_sensor' AIRFLOW_CTX_EXECUTION_DATE='2024-06-10T07:33:10.694099+00:00' AIRFLOW_CTX_TRY_NUMBER='1' AIRFLOW_CTX_DAG_RUN_ID='manual__2024-06-10T07:33:10.694099+00:00'
[2024-06-10T07:33:27.712+0000] {taskinstance.py:430} INFO - ::endgroup::
[2024-06-10T07:33:27.713+0000] {baseoperator.py:399} WARNING - ExternalTaskSensor.execute cannot be called outside TaskInstance!
[2024-06-10T07:33:27.802+0000] {external_task.py:274} INFO - Poking for DAG 'xdag_id_1' on 2024-06-10T07:33:19.984986+00:00 ... 
[2024-06-10T07:33:27.811+0000] {warnings.py:110} WARNING - /home/***/.local/lib/python3.12/site-packages/***/utils/session.py:79: DeprecationWarning: This method is deprecated and will be removed in future.
  return func(*args, session=session, **kwargs)

[2024-06-10T07:34:02.943+0000] {local_task_job_runner.py:310} WARNING - State of this instance has been externally set to failed. Terminating instance.
[2024-06-10T07:34:02.949+0000] {local_task_job_runner.py:222} INFO - ::endgroup::
[2024-06-10T07:34:02.956+0000] {process_utils.py:132} INFO - Sending 15 to group 19222. PIDs of all processes in the group: [19222]
[2024-06-10T07:34:02.957+0000] {process_utils.py:87} INFO - Sending the signal 15 to group 19222
[2024-06-10T07:34:02.959+0000] {taskinstance.py:2611} ERROR - Received SIGTERM. Terminating subprocesses.
[2024-06-10T07:34:02.962+0000] {taskinstance.py:441} INFO - ::group::Post task execution logs
[2024-06-10T07:34:03.015+0000] {process_utils.py:80} INFO - Process psutil.Process(pid=19222, status='terminated', exitcode=0, started='07:33:26') (19222) terminated with exit code 0
