[2024-06-10T08:00:35.145+0000] {local_task_job_runner.py:120} INFO - ::group::Pre task execution logs
[2024-06-10T08:00:35.179+0000] {taskinstance.py:2076} INFO - Dependencies all met for dep_context=non-requeueable deps ti=<TaskInstance: xdag_id_1.log_info manual__2024-06-10T08:00:31.356929+00:00 [queued]>
[2024-06-10T08:00:35.197+0000] {taskinstance.py:2076} INFO - Dependencies all met for dep_context=requeueable deps ti=<TaskInstance: xdag_id_1.log_info manual__2024-06-10T08:00:31.356929+00:00 [queued]>
[2024-06-10T08:00:35.202+0000] {taskinstance.py:2306} INFO - Starting attempt 1 of 1
[2024-06-10T08:00:35.229+0000] {taskinstance.py:2330} INFO - Executing <Task(PythonOperator): log_info> on 2024-06-10 08:00:31.356929+00:00
[2024-06-10T08:00:35.238+0000] {warnings.py:110} WARNING - /home/***/.local/lib/python3.12/site-packages/***/task/task_runner/standard_task_runner.py:61: DeprecationWarning: This process (pid=19749) is multi-threaded, use of fork() may lead to deadlocks in the child.
  pid = os.fork()

[2024-06-10T08:00:35.243+0000] {standard_task_runner.py:63} INFO - Started process 19756 to run task
[2024-06-10T08:00:35.241+0000] {standard_task_runner.py:90} INFO - Running: ['***', 'tasks', 'run', 'xdag_id_1', 'log_info', 'manual__2024-06-10T08:00:31.356929+00:00', '--job-id', '688', '--raw', '--subdir', 'DAGS_FOLDER/jobs_dag.py', '--cfg-path', '/tmp/tmphittk6pq']
[2024-06-10T08:00:35.248+0000] {standard_task_runner.py:91} INFO - Job 688: Subtask log_info
[2024-06-10T08:00:35.417+0000] {task_command.py:426} INFO - Running <TaskInstance: xdag_id_1.log_info manual__2024-06-10T08:00:31.356929+00:00 [running]> on host db8c7b709f57
[2024-06-10T08:00:35.627+0000] {taskinstance.py:2648} INFO - Exporting env vars: AIRFLOW_CTX_DAG_OWNER='***' AIRFLOW_CTX_DAG_ID='xdag_id_1' AIRFLOW_CTX_TASK_ID='log_info' AIRFLOW_CTX_EXECUTION_DATE='2024-06-10T08:00:31.356929+00:00' AIRFLOW_CTX_TRY_NUMBER='1' AIRFLOW_CTX_DAG_RUN_ID='manual__2024-06-10T08:00:31.356929+00:00'
[2024-06-10T08:00:35.631+0000] {taskinstance.py:430} INFO - ::endgroup::
[2024-06-10T08:00:35.633+0000] {logging_mixin.py:188} INFO - xdag_id_1 start processing tables in database: table_name_1
[2024-06-10T08:00:35.634+0000] {python.py:237} INFO - Done. Returned value was: None
[2024-06-10T08:00:35.635+0000] {taskinstance.py:441} INFO - ::group::Post task execution logs
[2024-06-10T08:00:35.652+0000] {taskinstance.py:1206} INFO - Marking task as SUCCESS. dag_id=xdag_id_1, task_id=log_info, run_id=manual__2024-06-10T08:00:31.356929+00:00, execution_date=20240610T080031, start_date=20240610T080035, end_date=20240610T080035
[2024-06-10T08:00:35.675+0000] {local_task_job_runner.py:240} INFO - Task exited with return code 0
[2024-06-10T08:00:35.710+0000] {taskinstance.py:3498} INFO - 1 downstream tasks scheduled from follow-on schedule check
[2024-06-10T08:00:35.714+0000] {local_task_job_runner.py:222} INFO - ::endgroup::
