[2024-06-04T15:00:00.939+0000] {local_task_job_runner.py:120} INFO - ::group::Pre task execution logs
[2024-06-04T15:00:00.968+0000] {taskinstance.py:2076} INFO - Dependencies all met for dep_context=non-requeueable deps ti=<TaskInstance: trigger_dag_id.task_troup.dag_1_task_sensor manual__2024-06-04T14:59:52.315544+00:00 [queued]>
[2024-06-04T15:00:00.977+0000] {taskinstance.py:2076} INFO - Dependencies all met for dep_context=requeueable deps ti=<TaskInstance: trigger_dag_id.task_troup.dag_1_task_sensor manual__2024-06-04T14:59:52.315544+00:00 [queued]>
[2024-06-04T15:00:00.978+0000] {taskinstance.py:2306} INFO - Starting attempt 1 of 1
[2024-06-04T15:00:00.994+0000] {taskinstance.py:2330} INFO - Executing <Task(ExternalTaskSensor): task_troup.dag_1_task_sensor> on 2024-06-04 14:59:52.315544+00:00
[2024-06-04T15:00:01.000+0000] {warnings.py:110} WARNING - /home/***/.local/lib/python3.12/site-packages/***/task/task_runner/standard_task_runner.py:61: DeprecationWarning: This process (pid=90) is multi-threaded, use of fork() may lead to deadlocks in the child.
  pid = os.fork()

[2024-06-04T15:00:01.002+0000] {standard_task_runner.py:63} INFO - Started process 94 to run task
[2024-06-04T15:00:01.002+0000] {standard_task_runner.py:90} INFO - Running: ['***', 'tasks', 'run', 'trigger_dag_id', 'task_troup.dag_1_task_sensor', 'manual__2024-06-04T14:59:52.315544+00:00', '--job-id', '45', '--raw', '--subdir', 'DAGS_FOLDER/trigger_dag.py', '--cfg-path', '/tmp/tmpqpo0b6a7']
[2024-06-04T15:00:01.005+0000] {standard_task_runner.py:91} INFO - Job 45: Subtask task_troup.dag_1_task_sensor
[2024-06-04T15:00:01.059+0000] {task_command.py:426} INFO - Running <TaskInstance: trigger_dag_id.task_troup.dag_1_task_sensor manual__2024-06-04T14:59:52.315544+00:00 [running]> on host cd2a5574829a
[2024-06-04T15:00:01.155+0000] {taskinstance.py:2648} INFO - Exporting env vars: AIRFLOW_CTX_DAG_OWNER='***' AIRFLOW_CTX_DAG_ID='trigger_dag_id' AIRFLOW_CTX_TASK_ID='task_troup.dag_1_task_sensor' AIRFLOW_CTX_EXECUTION_DATE='2024-06-04T14:59:52.315544+00:00' AIRFLOW_CTX_TRY_NUMBER='1' AIRFLOW_CTX_DAG_RUN_ID='manual__2024-06-04T14:59:52.315544+00:00'
[2024-06-04T15:00:01.157+0000] {taskinstance.py:430} INFO - ::endgroup::
[2024-06-04T15:00:01.159+0000] {baseoperator.py:399} WARNING - ExternalTaskSensor.execute cannot be called outside TaskInstance!
[2024-06-04T15:00:01.159+0000] {external_task.py:274} INFO - Poking for DAG 'xdag_id_1' on 2024-06-04T14:59:52.315544+00:00 ... 
[2024-06-04T15:00:01.160+0000] {warnings.py:110} WARNING - /home/***/.local/lib/python3.12/site-packages/***/utils/session.py:79: DeprecationWarning: This method is deprecated and will be removed in future.
  return func(*args, session=session, **kwargs)

[2024-06-04T15:01:01.173+0000] {external_task.py:274} INFO - Poking for DAG 'xdag_id_1' on 2024-06-04T14:59:52.315544+00:00 ... 
[2024-06-04T15:02:01.191+0000] {external_task.py:274} INFO - Poking for DAG 'xdag_id_1' on 2024-06-04T14:59:52.315544+00:00 ... 
[2024-06-04T15:03:01.210+0000] {external_task.py:274} INFO - Poking for DAG 'xdag_id_1' on 2024-06-04T14:59:52.315544+00:00 ... 
[2024-06-04T15:04:01.226+0000] {external_task.py:274} INFO - Poking for DAG 'xdag_id_1' on 2024-06-04T14:59:52.315544+00:00 ... 
[2024-06-04T15:05:01.237+0000] {external_task.py:274} INFO - Poking for DAG 'xdag_id_1' on 2024-06-04T14:59:52.315544+00:00 ... 
[2024-06-04T15:06:01.255+0000] {external_task.py:274} INFO - Poking for DAG 'xdag_id_1' on 2024-06-04T14:59:52.315544+00:00 ... 
[2024-06-04T15:07:01.269+0000] {external_task.py:274} INFO - Poking for DAG 'xdag_id_1' on 2024-06-04T14:59:52.315544+00:00 ... 
[2024-06-04T15:08:01.296+0000] {external_task.py:274} INFO - Poking for DAG 'xdag_id_1' on 2024-06-04T14:59:52.315544+00:00 ... 
[2024-06-04T15:09:01.310+0000] {external_task.py:274} INFO - Poking for DAG 'xdag_id_1' on 2024-06-04T14:59:52.315544+00:00 ... 
[2024-06-04T15:10:01.327+0000] {external_task.py:274} INFO - Poking for DAG 'xdag_id_1' on 2024-06-04T14:59:52.315544+00:00 ... 
[2024-06-04T15:11:01.348+0000] {external_task.py:274} INFO - Poking for DAG 'xdag_id_1' on 2024-06-04T14:59:52.315544+00:00 ... 
[2024-06-04T15:12:01.360+0000] {external_task.py:274} INFO - Poking for DAG 'xdag_id_1' on 2024-06-04T14:59:52.315544+00:00 ... 
[2024-06-04T15:13:01.378+0000] {external_task.py:274} INFO - Poking for DAG 'xdag_id_1' on 2024-06-04T14:59:52.315544+00:00 ... 
[2024-06-04T15:14:01.391+0000] {external_task.py:274} INFO - Poking for DAG 'xdag_id_1' on 2024-06-04T14:59:52.315544+00:00 ... 
[2024-06-04T15:15:01.428+0000] {external_task.py:274} INFO - Poking for DAG 'xdag_id_1' on 2024-06-04T14:59:52.315544+00:00 ... 
[2024-06-04T15:16:01.443+0000] {external_task.py:274} INFO - Poking for DAG 'xdag_id_1' on 2024-06-04T14:59:52.315544+00:00 ... 
[2024-06-04T15:17:01.456+0000] {external_task.py:274} INFO - Poking for DAG 'xdag_id_1' on 2024-06-04T14:59:52.315544+00:00 ... 
[2024-06-04T15:18:01.469+0000] {external_task.py:274} INFO - Poking for DAG 'xdag_id_1' on 2024-06-04T14:59:52.315544+00:00 ... 
[2024-06-04T15:19:01.486+0000] {external_task.py:274} INFO - Poking for DAG 'xdag_id_1' on 2024-06-04T14:59:52.315544+00:00 ... 
[2024-06-04T15:19:27.985+0000] {local_task_job_runner.py:310} WARNING - State of this instance has been externally set to failed. Terminating instance.
[2024-06-04T15:19:28.027+0000] {local_task_job_runner.py:222} INFO - ::endgroup::
[2024-06-04T15:19:28.036+0000] {process_utils.py:132} INFO - Sending 15 to group 94. PIDs of all processes in the group: [94]
[2024-06-04T15:19:28.038+0000] {process_utils.py:87} INFO - Sending the signal 15 to group 94
[2024-06-04T15:19:28.040+0000] {taskinstance.py:2611} ERROR - Received SIGTERM. Terminating subprocesses.
[2024-06-04T15:19:28.042+0000] {taskinstance.py:441} INFO - ::group::Post task execution logs
[2024-06-04T15:19:28.181+0000] {process_utils.py:80} INFO - Process psutil.Process(pid=94, status='terminated', exitcode=0, started='15:00:00') (94) terminated with exit code 0
