[2024-06-11T15:51:01.079+0000] {local_task_job_runner.py:120} INFO - ::group::Pre task execution logs
[2024-06-11T15:51:01.118+0000] {taskinstance.py:2076} INFO - Dependencies all met for dep_context=non-requeueable deps ti=<TaskInstance: trigger_dag_id.file_sensor manual__2024-06-11T15:50:53.161029+00:00 [queued]>
[2024-06-11T15:51:01.132+0000] {taskinstance.py:2076} INFO - Dependencies all met for dep_context=requeueable deps ti=<TaskInstance: trigger_dag_id.file_sensor manual__2024-06-11T15:50:53.161029+00:00 [queued]>
[2024-06-11T15:51:01.133+0000] {taskinstance.py:2306} INFO - Starting attempt 1 of 1
[2024-06-11T15:51:01.155+0000] {taskinstance.py:2330} INFO - Executing <Task(CustomFileSensor): file_sensor> on 2024-06-11 15:50:53.161029+00:00
[2024-06-11T15:51:01.163+0000] {warnings.py:110} WARNING - /home/***/.local/lib/python3.12/site-packages/***/task/task_runner/standard_task_runner.py:61: DeprecationWarning: This process (pid=524) is multi-threaded, use of fork() may lead to deadlocks in the child.
  pid = os.fork()

[2024-06-11T15:51:01.166+0000] {standard_task_runner.py:63} INFO - Started process 526 to run task
[2024-06-11T15:51:01.167+0000] {standard_task_runner.py:90} INFO - Running: ['***', 'tasks', 'run', 'trigger_dag_id', 'file_sensor', 'manual__2024-06-11T15:50:53.161029+00:00', '--job-id', '846', '--raw', '--subdir', 'DAGS_FOLDER/trigger_dag.py', '--cfg-path', '/tmp/tmpr7yhi0g5']
[2024-06-11T15:51:01.172+0000] {standard_task_runner.py:91} INFO - Job 846: Subtask file_sensor
[2024-06-11T15:51:01.244+0000] {task_command.py:426} INFO - Running <TaskInstance: trigger_dag_id.file_sensor manual__2024-06-11T15:50:53.161029+00:00 [running]> on host e20108ce6780
[2024-06-11T15:51:01.394+0000] {taskinstance.py:2648} INFO - Exporting env vars: AIRFLOW_CTX_DAG_OWNER='***' AIRFLOW_CTX_DAG_ID='trigger_dag_id' AIRFLOW_CTX_TASK_ID='file_sensor' AIRFLOW_CTX_EXECUTION_DATE='2024-06-11T15:50:53.161029+00:00' AIRFLOW_CTX_TRY_NUMBER='1' AIRFLOW_CTX_DAG_RUN_ID='manual__2024-06-11T15:50:53.161029+00:00'
[2024-06-11T15:51:01.399+0000] {taskinstance.py:430} INFO - ::endgroup::
[2024-06-11T15:51:01.400+0000] {baseoperator.py:399} WARNING - CustomFileSensor.execute cannot be called outside TaskInstance!
[2024-06-11T15:51:01.427+0000] {base.py:84} INFO - Using connection ID 'fs_default' for task execution.
[2024-06-11T15:51:01.428+0000] {filesystem.py:85} INFO - Poking for file /opt/***/TRIGGER_FILE/file.txt
[2024-06-11T15:51:01.429+0000] {filesystem.py:89} INFO - Found File /opt/***/TRIGGER_FILE/file.txt last modified: 20240411090055
[2024-06-11T15:51:01.430+0000] {base.py:294} INFO - Success criteria met. Exiting.
[2024-06-11T15:51:01.431+0000] {filesystem.py:85} INFO - Poking for file /opt/***/TRIGGER_FILE/file.txt
[2024-06-11T15:51:01.432+0000] {filesystem.py:89} INFO - Found File /opt/***/TRIGGER_FILE/file.txt last modified: 20240411090055
[2024-06-11T15:51:01.433+0000] {taskinstance.py:441} INFO - ::group::Post task execution logs
[2024-06-11T15:51:01.446+0000] {taskinstance.py:1206} INFO - Marking task as SUCCESS. dag_id=trigger_dag_id, task_id=file_sensor, run_id=manual__2024-06-11T15:50:53.161029+00:00, execution_date=20240611T155053, start_date=20240611T155101, end_date=20240611T155101
[2024-06-11T15:51:01.472+0000] {local_task_job_runner.py:240} INFO - Task exited with return code 0
[2024-06-11T15:51:01.516+0000] {taskinstance.py:3498} INFO - 1 downstream tasks scheduled from follow-on schedule check
[2024-06-11T15:51:01.519+0000] {local_task_job_runner.py:222} INFO - ::endgroup::
