[2024-06-04T17:29:50.280+0000] {local_task_job_runner.py:120} INFO - ::group::Pre task execution logs
[2024-06-04T17:29:50.344+0000] {taskinstance.py:2076} INFO - Dependencies all met for dep_context=non-requeueable deps ti=<TaskInstance: trigger_dag_id.file_sensor manual__2024-06-04T17:29:43.639524+00:00 [queued]>
[2024-06-04T17:29:50.365+0000] {taskinstance.py:2076} INFO - Dependencies all met for dep_context=requeueable deps ti=<TaskInstance: trigger_dag_id.file_sensor manual__2024-06-04T17:29:43.639524+00:00 [queued]>
[2024-06-04T17:29:50.384+0000] {taskinstance.py:2306} INFO - Starting attempt 1 of 1
[2024-06-04T17:29:50.410+0000] {taskinstance.py:2330} INFO - Executing <Task(FileSensor): file_sensor> on 2024-06-04 17:29:43.639524+00:00
[2024-06-04T17:29:50.458+0000] {warnings.py:110} WARNING - /home/***/.local/lib/python3.12/site-packages/***/task/task_runner/standard_task_runner.py:61: DeprecationWarning: This process (pid=221) is multi-threaded, use of fork() may lead to deadlocks in the child.
  pid = os.fork()

[2024-06-04T17:29:50.472+0000] {standard_task_runner.py:63} INFO - Started process 228 to run task
[2024-06-04T17:29:50.465+0000] {standard_task_runner.py:90} INFO - Running: ['***', 'tasks', 'run', 'trigger_dag_id', 'file_sensor', 'manual__2024-06-04T17:29:43.639524+00:00', '--job-id', '148', '--raw', '--subdir', 'DAGS_FOLDER/trigger_dag.py', '--cfg-path', '/tmp/tmp03wevqf0']
[2024-06-04T17:29:50.487+0000] {standard_task_runner.py:91} INFO - Job 148: Subtask file_sensor
[2024-06-04T17:29:50.607+0000] {task_command.py:426} INFO - Running <TaskInstance: trigger_dag_id.file_sensor manual__2024-06-04T17:29:43.639524+00:00 [running]> on host 9ec08236cafd
[2024-06-04T17:29:50.787+0000] {taskinstance.py:2648} INFO - Exporting env vars: AIRFLOW_CTX_DAG_OWNER='***' AIRFLOW_CTX_DAG_ID='trigger_dag_id' AIRFLOW_CTX_TASK_ID='file_sensor' AIRFLOW_CTX_EXECUTION_DATE='2024-06-04T17:29:43.639524+00:00' AIRFLOW_CTX_TRY_NUMBER='1' AIRFLOW_CTX_DAG_RUN_ID='manual__2024-06-04T17:29:43.639524+00:00'
[2024-06-04T17:29:50.790+0000] {taskinstance.py:430} INFO - ::endgroup::
[2024-06-04T17:29:50.791+0000] {baseoperator.py:399} WARNING - FileSensor.execute cannot be called outside TaskInstance!
[2024-06-04T17:29:50.804+0000] {base.py:84} INFO - Using connection ID 'fs_default' for task execution.
[2024-06-04T17:29:50.806+0000] {filesystem.py:85} INFO - Poking for file /opt/***/config
[2024-06-04T17:30:25.988+0000] {local_task_job_runner.py:310} WARNING - State of this instance has been externally set to failed. Terminating instance.
[2024-06-04T17:30:25.995+0000] {local_task_job_runner.py:222} INFO - ::endgroup::
[2024-06-04T17:30:25.997+0000] {process_utils.py:132} INFO - Sending 15 to group 228. PIDs of all processes in the group: [228]
[2024-06-04T17:30:25.998+0000] {process_utils.py:87} INFO - Sending the signal 15 to group 228
[2024-06-04T17:30:26.000+0000] {taskinstance.py:2611} ERROR - Received SIGTERM. Terminating subprocesses.
[2024-06-04T17:30:26.004+0000] {taskinstance.py:441} INFO - ::group::Post task execution logs
[2024-06-04T17:30:26.056+0000] {process_utils.py:80} INFO - Process psutil.Process(pid=228, status='terminated', exitcode=0, started='17:29:49') (228) terminated with exit code 0
