[2024-06-07T10:06:36.754+0000] {local_task_job_runner.py:120} INFO - ::group::Pre task execution logs
[2024-06-07T10:06:36.784+0000] {taskinstance.py:2076} INFO - Dependencies all met for dep_context=non-requeueable deps ti=<TaskInstance: xdag_id_1.insert_new_row manual__2024-06-07T10:06:20.541556+00:00 [queued]>
[2024-06-07T10:06:36.797+0000] {taskinstance.py:2076} INFO - Dependencies all met for dep_context=requeueable deps ti=<TaskInstance: xdag_id_1.insert_new_row manual__2024-06-07T10:06:20.541556+00:00 [queued]>
[2024-06-07T10:06:36.798+0000] {taskinstance.py:2306} INFO - Starting attempt 1 of 1
[2024-06-07T10:06:36.814+0000] {taskinstance.py:2330} INFO - Executing <Task(SQLExecuteQueryOperator): insert_new_row> on 2024-06-07 10:06:20.541556+00:00
[2024-06-07T10:06:36.821+0000] {warnings.py:110} WARNING - /home/***/.local/lib/python3.12/site-packages/***/task/task_runner/standard_task_runner.py:61: DeprecationWarning: This process (pid=13174) is multi-threaded, use of fork() may lead to deadlocks in the child.
  pid = os.fork()

[2024-06-07T10:06:36.823+0000] {standard_task_runner.py:63} INFO - Started process 13176 to run task
[2024-06-07T10:06:36.823+0000] {standard_task_runner.py:90} INFO - Running: ['***', 'tasks', 'run', 'xdag_id_1', 'insert_new_row', 'manual__2024-06-07T10:06:20.541556+00:00', '--job-id', '582', '--raw', '--subdir', 'DAGS_FOLDER/jobs_dag.py', '--cfg-path', '/tmp/tmp7rvb8rnz']
[2024-06-07T10:06:36.826+0000] {standard_task_runner.py:91} INFO - Job 582: Subtask insert_new_row
[2024-06-07T10:06:36.876+0000] {task_command.py:426} INFO - Running <TaskInstance: xdag_id_1.insert_new_row manual__2024-06-07T10:06:20.541556+00:00 [running]> on host db8c7b709f57
[2024-06-07T10:06:36.992+0000] {taskinstance.py:2648} INFO - Exporting env vars: AIRFLOW_CTX_DAG_OWNER='***' AIRFLOW_CTX_DAG_ID='xdag_id_1' AIRFLOW_CTX_TASK_ID='insert_new_row' AIRFLOW_CTX_EXECUTION_DATE='2024-06-07T10:06:20.541556+00:00' AIRFLOW_CTX_TRY_NUMBER='1' AIRFLOW_CTX_DAG_RUN_ID='manual__2024-06-07T10:06:20.541556+00:00'
[2024-06-07T10:06:36.994+0000] {taskinstance.py:430} INFO - ::endgroup::
[2024-06-07T10:06:36.995+0000] {sql.py:276} INFO - Executing: INSERT INTO table_name_1 VALUES(%s, %s, %s);
[2024-06-07T10:06:37.004+0000] {base.py:84} INFO - Using connection ID 'postgres_default' for task execution.
[2024-06-07T10:06:37.013+0000] {base.py:84} INFO - Using connection ID 'postgres_default' for task execution.
[2024-06-07T10:06:37.017+0000] {sql.py:470} INFO - Running statement: INSERT INTO table_name_1 VALUES(%s, %s, %s);, parameters: (741, 'default', datetime.datetime(2024, 6, 7, 10, 6, 35, 384115))
[2024-06-07T10:06:37.019+0000] {sql.py:479} INFO - Rows affected: 1
[2024-06-07T10:06:37.020+0000] {taskinstance.py:441} INFO - ::group::Post task execution logs
[2024-06-07T10:06:37.030+0000] {taskinstance.py:1206} INFO - Marking task as SUCCESS. dag_id=xdag_id_1, task_id=insert_new_row, run_id=manual__2024-06-07T10:06:20.541556+00:00, execution_date=20240607T100620, start_date=20240607T100636, end_date=20240607T100637
[2024-06-07T10:06:37.087+0000] {local_task_job_runner.py:240} INFO - Task exited with return code 0
[2024-06-07T10:06:37.109+0000] {taskinstance.py:3498} INFO - 0 downstream tasks scheduled from follow-on schedule check
[2024-06-07T10:06:37.113+0000] {local_task_job_runner.py:222} INFO - ::endgroup::
