[2024-06-05T14:16:06.484+0000] {local_task_job_runner.py:120} INFO - ::group::Pre task execution logs
[2024-06-05T14:16:06.542+0000] {taskinstance.py:2076} INFO - Dependencies all met for dep_context=non-requeueable deps ti=<TaskInstance: xdag_id_1.check_if_table_exists manual__2024-06-05T14:15:56.262778+00:00 [queued]>
[2024-06-05T14:16:06.557+0000] {taskinstance.py:2076} INFO - Dependencies all met for dep_context=requeueable deps ti=<TaskInstance: xdag_id_1.check_if_table_exists manual__2024-06-05T14:15:56.262778+00:00 [queued]>
[2024-06-05T14:16:06.558+0000] {taskinstance.py:2306} INFO - Starting attempt 1 of 1
[2024-06-05T14:16:06.578+0000] {taskinstance.py:2330} INFO - Executing <Task(_BranchPythonDecoratedOperator): check_if_table_exists> on 2024-06-05 14:15:56.262778+00:00
[2024-06-05T14:16:06.593+0000] {warnings.py:110} WARNING - /home/***/.local/lib/python3.12/site-packages/***/task/task_runner/standard_task_runner.py:61: DeprecationWarning: This process (pid=5380) is multi-threaded, use of fork() may lead to deadlocks in the child.
  pid = os.fork()

[2024-06-05T14:16:06.598+0000] {standard_task_runner.py:63} INFO - Started process 5382 to run task
[2024-06-05T14:16:06.599+0000] {standard_task_runner.py:90} INFO - Running: ['***', 'tasks', 'run', 'xdag_id_1', 'check_if_table_exists', 'manual__2024-06-05T14:15:56.262778+00:00', '--job-id', '519', '--raw', '--subdir', 'DAGS_FOLDER/jobs_dag.py', '--cfg-path', '/tmp/tmpv998yi6m']
[2024-06-05T14:16:06.606+0000] {standard_task_runner.py:91} INFO - Job 519: Subtask check_if_table_exists
[2024-06-05T14:16:06.694+0000] {task_command.py:426} INFO - Running <TaskInstance: xdag_id_1.check_if_table_exists manual__2024-06-05T14:15:56.262778+00:00 [running]> on host db8c7b709f57
[2024-06-05T14:16:06.839+0000] {taskinstance.py:2648} INFO - Exporting env vars: AIRFLOW_CTX_DAG_OWNER='***' AIRFLOW_CTX_DAG_ID='xdag_id_1' AIRFLOW_CTX_TASK_ID='check_if_table_exists' AIRFLOW_CTX_EXECUTION_DATE='2024-06-05T14:15:56.262778+00:00' AIRFLOW_CTX_TRY_NUMBER='1' AIRFLOW_CTX_DAG_RUN_ID='manual__2024-06-05T14:15:56.262778+00:00'
[2024-06-05T14:16:06.842+0000] {taskinstance.py:430} INFO - ::endgroup::
[2024-06-05T14:16:06.843+0000] {taskinstance.py:441} INFO - ::group::Post task execution logs
[2024-06-05T14:16:06.845+0000] {taskinstance.py:2905} ERROR - Task failed with exception
Traceback (most recent call last):
  File "/home/airflow/.local/lib/python3.12/site-packages/airflow/models/taskinstance.py", line 465, in _execute_task
    result = _execute_callable(context=context, **execute_callable_kwargs)
             ^^^^^^^^^^^^^^^^^^^^^^^^^^^^^^^^^^^^^^^^^^^^^^^^^^^^^^^^^^^^^
  File "/home/airflow/.local/lib/python3.12/site-packages/airflow/models/taskinstance.py", line 432, in _execute_callable
    return execute_callable(context=context, **execute_callable_kwargs)
           ^^^^^^^^^^^^^^^^^^^^^^^^^^^^^^^^^^^^^^^^^^^^^^^^^^^^^^^^^^^^
  File "/home/airflow/.local/lib/python3.12/site-packages/airflow/models/baseoperator.py", line 400, in wrapper
    return func(self, *args, **kwargs)
           ^^^^^^^^^^^^^^^^^^^^^^^^^^^
  File "/home/airflow/.local/lib/python3.12/site-packages/airflow/decorators/base.py", line 265, in execute
    return_value = super().execute(context)
                   ^^^^^^^^^^^^^^^^^^^^^^^^
  File "/home/airflow/.local/lib/python3.12/site-packages/airflow/models/baseoperator.py", line 400, in wrapper
    return func(self, *args, **kwargs)
           ^^^^^^^^^^^^^^^^^^^^^^^^^^^
  File "/home/airflow/.local/lib/python3.12/site-packages/airflow/operators/python.py", line 269, in execute
    return self.do_branch(context, super().execute(context))
                                   ^^^^^^^^^^^^^^^^^^^^^^^^
  File "/home/airflow/.local/lib/python3.12/site-packages/airflow/models/baseoperator.py", line 400, in wrapper
    return func(self, *args, **kwargs)
           ^^^^^^^^^^^^^^^^^^^^^^^^^^^
  File "/home/airflow/.local/lib/python3.12/site-packages/airflow/operators/python.py", line 235, in execute
    return_value = self.execute_callable()
                   ^^^^^^^^^^^^^^^^^^^^^^^
  File "/home/airflow/.local/lib/python3.12/site-packages/airflow/operators/python.py", line 252, in execute_callable
    return self.python_callable(*self.op_args, **self.op_kwargs)
           ^^^^^^^^^^^^^^^^^^^^^^^^^^^^^^^^^^^^^^^^^^^^^^^^^^^^^
  File "/opt/airflow/dags/jobs_dag.py", line 35, in check_table_exist
    query = hook.get_first(sql=sql_to_check_table_exist.format(schema, table_name))
                                                               ^^^^^^
NameError: name 'schema' is not defined
[2024-06-05T14:16:06.860+0000] {taskinstance.py:1206} INFO - Marking task as FAILED. dag_id=xdag_id_1, task_id=check_if_table_exists, run_id=manual__2024-06-05T14:15:56.262778+00:00, execution_date=20240605T141556, start_date=20240605T141606, end_date=20240605T141606
[2024-06-05T14:16:06.875+0000] {standard_task_runner.py:110} ERROR - Failed to execute job 519 for task check_if_table_exists (name 'schema' is not defined; 5382)
[2024-06-05T14:16:06.907+0000] {local_task_job_runner.py:240} INFO - Task exited with return code 1
[2024-06-05T14:16:06.966+0000] {taskinstance.py:3498} INFO - 0 downstream tasks scheduled from follow-on schedule check
[2024-06-05T14:16:06.976+0000] {local_task_job_runner.py:222} INFO - ::endgroup::
