[2024-06-10T11:54:31.223+0000] {local_task_job_runner.py:120} INFO - ::group::Pre task execution logs
[2024-06-10T11:54:31.257+0000] {taskinstance.py:2076} INFO - Dependencies all met for dep_context=non-requeueable deps ti=<TaskInstance: trigger_dag_id.task_troup.cr_bash_operator manual__2024-06-10T11:51:54.025803+00:00 [queued]>
[2024-06-10T11:54:31.270+0000] {taskinstance.py:2076} INFO - Dependencies all met for dep_context=requeueable deps ti=<TaskInstance: trigger_dag_id.task_troup.cr_bash_operator manual__2024-06-10T11:51:54.025803+00:00 [queued]>
[2024-06-10T11:54:31.271+0000] {taskinstance.py:2306} INFO - Starting attempt 1 of 1
[2024-06-10T11:54:31.291+0000] {taskinstance.py:2330} INFO - Executing <Task(BashOperator): task_troup.cr_bash_operator> on 2024-06-10 11:51:54.025803+00:00
[2024-06-10T11:54:31.299+0000] {warnings.py:110} WARNING - /home/***/.local/lib/python3.12/site-packages/***/task/task_runner/standard_task_runner.py:61: DeprecationWarning: This process (pid=156) is multi-threaded, use of fork() may lead to deadlocks in the child.
  pid = os.fork()

[2024-06-10T11:54:31.301+0000] {standard_task_runner.py:63} INFO - Started process 160 to run task
[2024-06-10T11:54:31.302+0000] {standard_task_runner.py:90} INFO - Running: ['***', 'tasks', 'run', 'trigger_dag_id', 'task_troup.cr_bash_operator', 'manual__2024-06-10T11:51:54.025803+00:00', '--job-id', '727', '--raw', '--subdir', 'DAGS_FOLDER/trigger_dag.py.zip/trigger_dag.py', '--cfg-path', '/tmp/tmp09xuwco4']
[2024-06-10T11:54:31.305+0000] {standard_task_runner.py:91} INFO - Job 727: Subtask task_troup.cr_bash_operator
[2024-06-10T11:54:31.371+0000] {task_command.py:426} INFO - Running <TaskInstance: trigger_dag_id.task_troup.cr_bash_operator manual__2024-06-10T11:51:54.025803+00:00 [running]> on host 485325dd593b
[2024-06-10T11:54:31.497+0000] {taskinstance.py:2648} INFO - Exporting env vars: AIRFLOW_CTX_DAG_OWNER='***' AIRFLOW_CTX_DAG_ID='trigger_dag_id' AIRFLOW_CTX_TASK_ID='task_troup.cr_bash_operator' AIRFLOW_CTX_EXECUTION_DATE='2024-06-10T11:51:54.025803+00:00' AIRFLOW_CTX_TRY_NUMBER='1' AIRFLOW_CTX_DAG_RUN_ID='manual__2024-06-10T11:51:54.025803+00:00'
[2024-06-10T11:54:31.501+0000] {taskinstance.py:430} INFO - ::endgroup::
[2024-06-10T11:54:31.502+0000] {subprocess.py:63} INFO - Tmp dir root location: /tmp
[2024-06-10T11:54:31.506+0000] {subprocess.py:75} INFO - Running command: ['/usr/bin/bash', '-c', 'touch /opt/***/TRIGGER_FILE/finished_20240610T115154']
[2024-06-10T11:54:31.520+0000] {subprocess.py:86} INFO - Output:
[2024-06-10T11:54:31.529+0000] {subprocess.py:97} INFO - Command exited with return code 0
[2024-06-10T11:54:31.530+0000] {taskinstance.py:441} INFO - ::group::Post task execution logs
[2024-06-10T11:54:31.561+0000] {taskinstance.py:1206} INFO - Marking task as SUCCESS. dag_id=trigger_dag_id, task_id=task_troup.cr_bash_operator, run_id=manual__2024-06-10T11:51:54.025803+00:00, execution_date=20240610T115154, start_date=20240610T115431, end_date=20240610T115431
[2024-06-10T11:54:31.608+0000] {local_task_job_runner.py:240} INFO - Task exited with return code 0
[2024-06-10T11:54:31.634+0000] {taskinstance.py:3498} INFO - 1 downstream tasks scheduled from follow-on schedule check
[2024-06-10T11:54:31.636+0000] {local_task_job_runner.py:222} INFO - ::endgroup::
