[2024-06-08T02:25:58.053+0000] {processor.py:161} INFO - Started process (PID=63172) to work on /home/airflow/.local/lib/python3.12/site-packages/airflow/example_dags/example_datasets.py
[2024-06-08T02:25:58.054+0000] {processor.py:830} INFO - Processing file /home/airflow/.local/lib/python3.12/site-packages/airflow/example_dags/example_datasets.py for tasks to queue
[2024-06-08T02:25:58.056+0000] {logging_mixin.py:188} INFO - [2024-06-08T02:25:58.055+0000] {dagbag.py:545} INFO - Filling up the DagBag from /home/airflow/.local/lib/python3.12/site-packages/airflow/example_dags/example_datasets.py
[2024-06-08T02:25:58.079+0000] {processor.py:840} INFO - DAG(s) 'consume_1_or_both_2_and_3_with_dataset_expressions', 'dataset_consumes_1_and_2', 'conditional_dataset_and_time_based_timetable', 'consume_1_or_2_with_dataset_expressions', 'consume_1_and_2_with_dataset_expressions', 'dataset_consumes_1', 'dataset_consumes_1_never_scheduled', 'dataset_produces_1', 'dataset_produces_2', 'dataset_consumes_unknown_never_scheduled' retrieved from /home/airflow/.local/lib/python3.12/site-packages/airflow/example_dags/example_datasets.py
[2024-06-08T02:25:58.141+0000] {logging_mixin.py:188} INFO - [2024-06-08T02:25:58.140+0000] {dag.py:3096} INFO - Sync 10 DAGs
[2024-06-08T02:25:58.175+0000] {logging_mixin.py:188} INFO - [2024-06-08T02:25:58.174+0000] {dag.py:3954} INFO - Setting next_dagrun for conditional_dataset_and_time_based_timetable to 2024-06-05 01:00:00+00:00, run_after=2024-06-05 01:00:00+00:00
[2024-06-08T02:25:58.180+0000] {logging_mixin.py:188} INFO - [2024-06-08T02:25:58.179+0000] {dag.py:3954} INFO - Setting next_dagrun for consume_1_and_2_with_dataset_expressions to None, run_after=None
[2024-06-08T02:25:58.182+0000] {logging_mixin.py:188} INFO - [2024-06-08T02:25:58.181+0000] {dag.py:3954} INFO - Setting next_dagrun for consume_1_or_2_with_dataset_expressions to None, run_after=None
[2024-06-08T02:25:58.183+0000] {logging_mixin.py:188} INFO - [2024-06-08T02:25:58.183+0000] {dag.py:3954} INFO - Setting next_dagrun for consume_1_or_both_2_and_3_with_dataset_expressions to None, run_after=None
[2024-06-08T02:25:58.186+0000] {logging_mixin.py:188} INFO - [2024-06-08T02:25:58.185+0000] {dag.py:3954} INFO - Setting next_dagrun for dataset_consumes_1 to None, run_after=None
[2024-06-08T02:25:58.188+0000] {logging_mixin.py:188} INFO - [2024-06-08T02:25:58.188+0000] {dag.py:3954} INFO - Setting next_dagrun for dataset_consumes_1_and_2 to None, run_after=None
[2024-06-08T02:25:58.190+0000] {logging_mixin.py:188} INFO - [2024-06-08T02:25:58.190+0000] {dag.py:3954} INFO - Setting next_dagrun for dataset_consumes_1_never_scheduled to None, run_after=None
[2024-06-08T02:25:58.192+0000] {logging_mixin.py:188} INFO - [2024-06-08T02:25:58.192+0000] {dag.py:3954} INFO - Setting next_dagrun for dataset_consumes_unknown_never_scheduled to None, run_after=None
[2024-06-08T02:25:58.196+0000] {logging_mixin.py:188} INFO - [2024-06-08T02:25:58.195+0000] {dag.py:3954} INFO - Setting next_dagrun for dataset_produces_1 to 2024-06-07 00:00:00+00:00, run_after=2024-06-08 00:00:00+00:00
[2024-06-08T02:25:58.198+0000] {logging_mixin.py:188} INFO - [2024-06-08T02:25:58.197+0000] {dag.py:3954} INFO - Setting next_dagrun for dataset_produces_2 to None, run_after=None
[2024-06-08T02:25:58.245+0000] {processor.py:183} INFO - Processing /home/airflow/.local/lib/python3.12/site-packages/airflow/example_dags/example_datasets.py took 0.200 seconds
[2024-06-08T02:26:31.255+0000] {processor.py:161} INFO - Started process (PID=63237) to work on /home/airflow/.local/lib/python3.12/site-packages/airflow/example_dags/example_datasets.py
[2024-06-08T02:26:31.257+0000] {processor.py:830} INFO - Processing file /home/airflow/.local/lib/python3.12/site-packages/airflow/example_dags/example_datasets.py for tasks to queue
[2024-06-08T02:26:31.259+0000] {logging_mixin.py:188} INFO - [2024-06-08T02:26:31.259+0000] {dagbag.py:545} INFO - Filling up the DagBag from /home/airflow/.local/lib/python3.12/site-packages/airflow/example_dags/example_datasets.py
[2024-06-08T02:26:31.293+0000] {processor.py:840} INFO - DAG(s) 'consume_1_or_both_2_and_3_with_dataset_expressions', 'consume_1_or_2_with_dataset_expressions', 'dataset_consumes_1_never_scheduled', 'dataset_consumes_1_and_2', 'dataset_consumes_unknown_never_scheduled', 'conditional_dataset_and_time_based_timetable', 'consume_1_and_2_with_dataset_expressions', 'dataset_consumes_1', 'dataset_produces_2', 'dataset_produces_1' retrieved from /home/airflow/.local/lib/python3.12/site-packages/airflow/example_dags/example_datasets.py
[2024-06-08T02:26:31.381+0000] {logging_mixin.py:188} INFO - [2024-06-08T02:26:31.380+0000] {dag.py:3096} INFO - Sync 10 DAGs
[2024-06-08T02:26:31.428+0000] {logging_mixin.py:188} INFO - [2024-06-08T02:26:31.427+0000] {dag.py:3954} INFO - Setting next_dagrun for conditional_dataset_and_time_based_timetable to 2024-06-05 01:00:00+00:00, run_after=2024-06-05 01:00:00+00:00
[2024-06-08T02:26:31.434+0000] {logging_mixin.py:188} INFO - [2024-06-08T02:26:31.433+0000] {dag.py:3954} INFO - Setting next_dagrun for consume_1_and_2_with_dataset_expressions to None, run_after=None
[2024-06-08T02:26:31.437+0000] {logging_mixin.py:188} INFO - [2024-06-08T02:26:31.437+0000] {dag.py:3954} INFO - Setting next_dagrun for consume_1_or_2_with_dataset_expressions to None, run_after=None
[2024-06-08T02:26:31.440+0000] {logging_mixin.py:188} INFO - [2024-06-08T02:26:31.440+0000] {dag.py:3954} INFO - Setting next_dagrun for consume_1_or_both_2_and_3_with_dataset_expressions to None, run_after=None
[2024-06-08T02:26:31.443+0000] {logging_mixin.py:188} INFO - [2024-06-08T02:26:31.443+0000] {dag.py:3954} INFO - Setting next_dagrun for dataset_consumes_1 to None, run_after=None
[2024-06-08T02:26:31.446+0000] {logging_mixin.py:188} INFO - [2024-06-08T02:26:31.445+0000] {dag.py:3954} INFO - Setting next_dagrun for dataset_consumes_1_and_2 to None, run_after=None
[2024-06-08T02:26:31.448+0000] {logging_mixin.py:188} INFO - [2024-06-08T02:26:31.448+0000] {dag.py:3954} INFO - Setting next_dagrun for dataset_consumes_1_never_scheduled to None, run_after=None
[2024-06-08T02:26:31.451+0000] {logging_mixin.py:188} INFO - [2024-06-08T02:26:31.450+0000] {dag.py:3954} INFO - Setting next_dagrun for dataset_consumes_unknown_never_scheduled to None, run_after=None
[2024-06-08T02:26:31.455+0000] {logging_mixin.py:188} INFO - [2024-06-08T02:26:31.454+0000] {dag.py:3954} INFO - Setting next_dagrun for dataset_produces_1 to 2024-06-07 00:00:00+00:00, run_after=2024-06-08 00:00:00+00:00
[2024-06-08T02:26:31.457+0000] {logging_mixin.py:188} INFO - [2024-06-08T02:26:31.456+0000] {dag.py:3954} INFO - Setting next_dagrun for dataset_produces_2 to None, run_after=None
[2024-06-08T02:26:31.516+0000] {processor.py:183} INFO - Processing /home/airflow/.local/lib/python3.12/site-packages/airflow/example_dags/example_datasets.py took 0.276 seconds
[2024-06-08T07:02:54.707+0000] {processor.py:161} INFO - Started process (PID=63291) to work on /home/airflow/.local/lib/python3.12/site-packages/airflow/example_dags/example_datasets.py
[2024-06-08T07:02:54.709+0000] {processor.py:830} INFO - Processing file /home/airflow/.local/lib/python3.12/site-packages/airflow/example_dags/example_datasets.py for tasks to queue
[2024-06-08T07:02:54.711+0000] {logging_mixin.py:188} INFO - [2024-06-08T07:02:54.710+0000] {dagbag.py:545} INFO - Filling up the DagBag from /home/airflow/.local/lib/python3.12/site-packages/airflow/example_dags/example_datasets.py
[2024-06-08T07:02:54.735+0000] {processor.py:840} INFO - DAG(s) 'consume_1_or_2_with_dataset_expressions', 'dataset_consumes_1_and_2', 'consume_1_and_2_with_dataset_expressions', 'dataset_produces_2', 'conditional_dataset_and_time_based_timetable', 'dataset_consumes_1_never_scheduled', 'dataset_consumes_unknown_never_scheduled', 'consume_1_or_both_2_and_3_with_dataset_expressions', 'dataset_consumes_1', 'dataset_produces_1' retrieved from /home/airflow/.local/lib/python3.12/site-packages/airflow/example_dags/example_datasets.py
[2024-06-08T07:02:54.803+0000] {logging_mixin.py:188} INFO - [2024-06-08T07:02:54.803+0000] {dag.py:3096} INFO - Sync 10 DAGs
[2024-06-08T07:02:54.836+0000] {logging_mixin.py:188} INFO - [2024-06-08T07:02:54.836+0000] {dag.py:3954} INFO - Setting next_dagrun for conditional_dataset_and_time_based_timetable to 2024-06-05 01:00:00+00:00, run_after=2024-06-05 01:00:00+00:00
[2024-06-08T07:02:54.841+0000] {logging_mixin.py:188} INFO - [2024-06-08T07:02:54.841+0000] {dag.py:3954} INFO - Setting next_dagrun for consume_1_and_2_with_dataset_expressions to None, run_after=None
[2024-06-08T07:02:54.843+0000] {logging_mixin.py:188} INFO - [2024-06-08T07:02:54.843+0000] {dag.py:3954} INFO - Setting next_dagrun for consume_1_or_2_with_dataset_expressions to None, run_after=None
[2024-06-08T07:02:54.845+0000] {logging_mixin.py:188} INFO - [2024-06-08T07:02:54.845+0000] {dag.py:3954} INFO - Setting next_dagrun for consume_1_or_both_2_and_3_with_dataset_expressions to None, run_after=None
[2024-06-08T07:02:54.847+0000] {logging_mixin.py:188} INFO - [2024-06-08T07:02:54.847+0000] {dag.py:3954} INFO - Setting next_dagrun for dataset_consumes_1 to None, run_after=None
[2024-06-08T07:02:54.849+0000] {logging_mixin.py:188} INFO - [2024-06-08T07:02:54.849+0000] {dag.py:3954} INFO - Setting next_dagrun for dataset_consumes_1_and_2 to None, run_after=None
[2024-06-08T07:02:54.851+0000] {logging_mixin.py:188} INFO - [2024-06-08T07:02:54.851+0000] {dag.py:3954} INFO - Setting next_dagrun for dataset_consumes_1_never_scheduled to None, run_after=None
[2024-06-08T07:02:54.853+0000] {logging_mixin.py:188} INFO - [2024-06-08T07:02:54.852+0000] {dag.py:3954} INFO - Setting next_dagrun for dataset_consumes_unknown_never_scheduled to None, run_after=None
[2024-06-08T07:02:54.856+0000] {logging_mixin.py:188} INFO - [2024-06-08T07:02:54.856+0000] {dag.py:3954} INFO - Setting next_dagrun for dataset_produces_1 to 2024-06-07 00:00:00+00:00, run_after=2024-06-08 00:00:00+00:00
[2024-06-08T07:02:54.858+0000] {logging_mixin.py:188} INFO - [2024-06-08T07:02:54.858+0000] {dag.py:3954} INFO - Setting next_dagrun for dataset_produces_2 to None, run_after=None
[2024-06-08T07:02:54.904+0000] {processor.py:183} INFO - Processing /home/airflow/.local/lib/python3.12/site-packages/airflow/example_dags/example_datasets.py took 0.204 seconds
[2024-06-08T07:15:52.633+0000] {processor.py:161} INFO - Started process (PID=63351) to work on /home/airflow/.local/lib/python3.12/site-packages/airflow/example_dags/example_datasets.py
[2024-06-08T07:15:52.637+0000] {processor.py:830} INFO - Processing file /home/airflow/.local/lib/python3.12/site-packages/airflow/example_dags/example_datasets.py for tasks to queue
[2024-06-08T07:15:52.638+0000] {logging_mixin.py:188} INFO - [2024-06-08T07:15:52.638+0000] {dagbag.py:545} INFO - Filling up the DagBag from /home/airflow/.local/lib/python3.12/site-packages/airflow/example_dags/example_datasets.py
[2024-06-08T07:15:52.663+0000] {processor.py:840} INFO - DAG(s) 'consume_1_or_2_with_dataset_expressions', 'consume_1_and_2_with_dataset_expressions', 'dataset_consumes_1_never_scheduled', 'dataset_consumes_1_and_2', 'dataset_consumes_unknown_never_scheduled', 'dataset_produces_2', 'conditional_dataset_and_time_based_timetable', 'dataset_produces_1', 'dataset_consumes_1', 'consume_1_or_both_2_and_3_with_dataset_expressions' retrieved from /home/airflow/.local/lib/python3.12/site-packages/airflow/example_dags/example_datasets.py
[2024-06-08T07:15:52.754+0000] {logging_mixin.py:188} INFO - [2024-06-08T07:15:52.753+0000] {dag.py:3096} INFO - Sync 10 DAGs
[2024-06-08T07:15:52.791+0000] {logging_mixin.py:188} INFO - [2024-06-08T07:15:52.790+0000] {dag.py:3954} INFO - Setting next_dagrun for conditional_dataset_and_time_based_timetable to 2024-06-05 01:00:00+00:00, run_after=2024-06-05 01:00:00+00:00
[2024-06-08T07:15:52.797+0000] {logging_mixin.py:188} INFO - [2024-06-08T07:15:52.797+0000] {dag.py:3954} INFO - Setting next_dagrun for consume_1_and_2_with_dataset_expressions to None, run_after=None
[2024-06-08T07:15:52.800+0000] {logging_mixin.py:188} INFO - [2024-06-08T07:15:52.799+0000] {dag.py:3954} INFO - Setting next_dagrun for consume_1_or_2_with_dataset_expressions to None, run_after=None
[2024-06-08T07:15:52.802+0000] {logging_mixin.py:188} INFO - [2024-06-08T07:15:52.802+0000] {dag.py:3954} INFO - Setting next_dagrun for consume_1_or_both_2_and_3_with_dataset_expressions to None, run_after=None
[2024-06-08T07:15:52.805+0000] {logging_mixin.py:188} INFO - [2024-06-08T07:15:52.804+0000] {dag.py:3954} INFO - Setting next_dagrun for dataset_consumes_1 to None, run_after=None
[2024-06-08T07:15:52.807+0000] {logging_mixin.py:188} INFO - [2024-06-08T07:15:52.807+0000] {dag.py:3954} INFO - Setting next_dagrun for dataset_consumes_1_and_2 to None, run_after=None
[2024-06-08T07:15:52.809+0000] {logging_mixin.py:188} INFO - [2024-06-08T07:15:52.809+0000] {dag.py:3954} INFO - Setting next_dagrun for dataset_consumes_1_never_scheduled to None, run_after=None
[2024-06-08T07:15:52.812+0000] {logging_mixin.py:188} INFO - [2024-06-08T07:15:52.811+0000] {dag.py:3954} INFO - Setting next_dagrun for dataset_consumes_unknown_never_scheduled to None, run_after=None
[2024-06-08T07:15:52.816+0000] {logging_mixin.py:188} INFO - [2024-06-08T07:15:52.815+0000] {dag.py:3954} INFO - Setting next_dagrun for dataset_produces_1 to 2024-06-07 00:00:00+00:00, run_after=2024-06-08 00:00:00+00:00
[2024-06-08T07:15:52.818+0000] {logging_mixin.py:188} INFO - [2024-06-08T07:15:52.818+0000] {dag.py:3954} INFO - Setting next_dagrun for dataset_produces_2 to None, run_after=None
[2024-06-08T07:15:52.877+0000] {processor.py:183} INFO - Processing /home/airflow/.local/lib/python3.12/site-packages/airflow/example_dags/example_datasets.py took 0.253 seconds
[2024-06-08T08:04:08.984+0000] {processor.py:161} INFO - Started process (PID=63411) to work on /home/airflow/.local/lib/python3.12/site-packages/airflow/example_dags/example_datasets.py
[2024-06-08T08:04:08.986+0000] {processor.py:830} INFO - Processing file /home/airflow/.local/lib/python3.12/site-packages/airflow/example_dags/example_datasets.py for tasks to queue
[2024-06-08T08:04:08.987+0000] {logging_mixin.py:188} INFO - [2024-06-08T08:04:08.987+0000] {dagbag.py:545} INFO - Filling up the DagBag from /home/airflow/.local/lib/python3.12/site-packages/airflow/example_dags/example_datasets.py
[2024-06-08T08:04:09.012+0000] {processor.py:840} INFO - DAG(s) 'consume_1_or_both_2_and_3_with_dataset_expressions', 'dataset_consumes_1_and_2', 'dataset_consumes_1_never_scheduled', 'consume_1_or_2_with_dataset_expressions', 'dataset_consumes_1', 'conditional_dataset_and_time_based_timetable', 'dataset_produces_2', 'dataset_produces_1', 'dataset_consumes_unknown_never_scheduled', 'consume_1_and_2_with_dataset_expressions' retrieved from /home/airflow/.local/lib/python3.12/site-packages/airflow/example_dags/example_datasets.py
[2024-06-08T08:04:09.073+0000] {logging_mixin.py:188} INFO - [2024-06-08T08:04:09.073+0000] {dag.py:3096} INFO - Sync 10 DAGs
[2024-06-08T08:04:09.109+0000] {logging_mixin.py:188} INFO - [2024-06-08T08:04:09.109+0000] {dag.py:3954} INFO - Setting next_dagrun for conditional_dataset_and_time_based_timetable to 2024-06-05 01:00:00+00:00, run_after=2024-06-05 01:00:00+00:00
[2024-06-08T08:04:09.114+0000] {logging_mixin.py:188} INFO - [2024-06-08T08:04:09.114+0000] {dag.py:3954} INFO - Setting next_dagrun for consume_1_and_2_with_dataset_expressions to None, run_after=None
[2024-06-08T08:04:09.116+0000] {logging_mixin.py:188} INFO - [2024-06-08T08:04:09.116+0000] {dag.py:3954} INFO - Setting next_dagrun for consume_1_or_2_with_dataset_expressions to None, run_after=None
[2024-06-08T08:04:09.118+0000] {logging_mixin.py:188} INFO - [2024-06-08T08:04:09.118+0000] {dag.py:3954} INFO - Setting next_dagrun for consume_1_or_both_2_and_3_with_dataset_expressions to None, run_after=None
[2024-06-08T08:04:09.121+0000] {logging_mixin.py:188} INFO - [2024-06-08T08:04:09.121+0000] {dag.py:3954} INFO - Setting next_dagrun for dataset_consumes_1 to None, run_after=None
[2024-06-08T08:04:09.123+0000] {logging_mixin.py:188} INFO - [2024-06-08T08:04:09.123+0000] {dag.py:3954} INFO - Setting next_dagrun for dataset_consumes_1_and_2 to None, run_after=None
[2024-06-08T08:04:09.125+0000] {logging_mixin.py:188} INFO - [2024-06-08T08:04:09.125+0000] {dag.py:3954} INFO - Setting next_dagrun for dataset_consumes_1_never_scheduled to None, run_after=None
[2024-06-08T08:04:09.127+0000] {logging_mixin.py:188} INFO - [2024-06-08T08:04:09.127+0000] {dag.py:3954} INFO - Setting next_dagrun for dataset_consumes_unknown_never_scheduled to None, run_after=None
[2024-06-08T08:04:09.131+0000] {logging_mixin.py:188} INFO - [2024-06-08T08:04:09.130+0000] {dag.py:3954} INFO - Setting next_dagrun for dataset_produces_1 to 2024-06-07 00:00:00+00:00, run_after=2024-06-08 00:00:00+00:00
[2024-06-08T08:04:09.133+0000] {logging_mixin.py:188} INFO - [2024-06-08T08:04:09.132+0000] {dag.py:3954} INFO - Setting next_dagrun for dataset_produces_2 to None, run_after=None
[2024-06-08T08:04:09.182+0000] {processor.py:183} INFO - Processing /home/airflow/.local/lib/python3.12/site-packages/airflow/example_dags/example_datasets.py took 0.206 seconds
[2024-06-08T09:05:07.122+0000] {processor.py:161} INFO - Started process (PID=63471) to work on /home/airflow/.local/lib/python3.12/site-packages/airflow/example_dags/example_datasets.py
[2024-06-08T09:05:07.125+0000] {processor.py:830} INFO - Processing file /home/airflow/.local/lib/python3.12/site-packages/airflow/example_dags/example_datasets.py for tasks to queue
[2024-06-08T09:05:07.127+0000] {logging_mixin.py:188} INFO - [2024-06-08T09:05:07.126+0000] {dagbag.py:545} INFO - Filling up the DagBag from /home/airflow/.local/lib/python3.12/site-packages/airflow/example_dags/example_datasets.py
[2024-06-08T09:05:07.161+0000] {processor.py:840} INFO - DAG(s) 'consume_1_or_2_with_dataset_expressions', 'consume_1_or_both_2_and_3_with_dataset_expressions', 'dataset_produces_2', 'dataset_consumes_1', 'dataset_produces_1', 'dataset_consumes_1_never_scheduled', 'dataset_consumes_unknown_never_scheduled', 'conditional_dataset_and_time_based_timetable', 'consume_1_and_2_with_dataset_expressions', 'dataset_consumes_1_and_2' retrieved from /home/airflow/.local/lib/python3.12/site-packages/airflow/example_dags/example_datasets.py
[2024-06-08T09:05:07.262+0000] {logging_mixin.py:188} INFO - [2024-06-08T09:05:07.262+0000] {dag.py:3096} INFO - Sync 10 DAGs
[2024-06-08T09:05:07.314+0000] {logging_mixin.py:188} INFO - [2024-06-08T09:05:07.313+0000] {dag.py:3954} INFO - Setting next_dagrun for conditional_dataset_and_time_based_timetable to 2024-06-05 01:00:00+00:00, run_after=2024-06-05 01:00:00+00:00
[2024-06-08T09:05:07.320+0000] {logging_mixin.py:188} INFO - [2024-06-08T09:05:07.320+0000] {dag.py:3954} INFO - Setting next_dagrun for consume_1_and_2_with_dataset_expressions to None, run_after=None
[2024-06-08T09:05:07.323+0000] {logging_mixin.py:188} INFO - [2024-06-08T09:05:07.323+0000] {dag.py:3954} INFO - Setting next_dagrun for consume_1_or_2_with_dataset_expressions to None, run_after=None
[2024-06-08T09:05:07.326+0000] {logging_mixin.py:188} INFO - [2024-06-08T09:05:07.326+0000] {dag.py:3954} INFO - Setting next_dagrun for consume_1_or_both_2_and_3_with_dataset_expressions to None, run_after=None
[2024-06-08T09:05:07.329+0000] {logging_mixin.py:188} INFO - [2024-06-08T09:05:07.329+0000] {dag.py:3954} INFO - Setting next_dagrun for dataset_consumes_1 to None, run_after=None
[2024-06-08T09:05:07.332+0000] {logging_mixin.py:188} INFO - [2024-06-08T09:05:07.332+0000] {dag.py:3954} INFO - Setting next_dagrun for dataset_consumes_1_and_2 to None, run_after=None
[2024-06-08T09:05:07.335+0000] {logging_mixin.py:188} INFO - [2024-06-08T09:05:07.335+0000] {dag.py:3954} INFO - Setting next_dagrun for dataset_consumes_1_never_scheduled to None, run_after=None
[2024-06-08T09:05:07.338+0000] {logging_mixin.py:188} INFO - [2024-06-08T09:05:07.338+0000] {dag.py:3954} INFO - Setting next_dagrun for dataset_consumes_unknown_never_scheduled to None, run_after=None
[2024-06-08T09:05:07.344+0000] {logging_mixin.py:188} INFO - [2024-06-08T09:05:07.344+0000] {dag.py:3954} INFO - Setting next_dagrun for dataset_produces_1 to 2024-06-07 00:00:00+00:00, run_after=2024-06-08 00:00:00+00:00
[2024-06-08T09:05:07.347+0000] {logging_mixin.py:188} INFO - [2024-06-08T09:05:07.347+0000] {dag.py:3954} INFO - Setting next_dagrun for dataset_produces_2 to None, run_after=None
[2024-06-08T09:05:07.416+0000] {processor.py:183} INFO - Processing /home/airflow/.local/lib/python3.12/site-packages/airflow/example_dags/example_datasets.py took 0.304 seconds
[2024-06-08T09:05:37.499+0000] {processor.py:161} INFO - Started process (PID=63532) to work on /home/airflow/.local/lib/python3.12/site-packages/airflow/example_dags/example_datasets.py
[2024-06-08T09:05:37.500+0000] {processor.py:830} INFO - Processing file /home/airflow/.local/lib/python3.12/site-packages/airflow/example_dags/example_datasets.py for tasks to queue
[2024-06-08T09:05:37.502+0000] {logging_mixin.py:188} INFO - [2024-06-08T09:05:37.501+0000] {dagbag.py:545} INFO - Filling up the DagBag from /home/airflow/.local/lib/python3.12/site-packages/airflow/example_dags/example_datasets.py
[2024-06-08T09:05:37.521+0000] {processor.py:840} INFO - DAG(s) 'dataset_consumes_1_never_scheduled', 'consume_1_or_both_2_and_3_with_dataset_expressions', 'conditional_dataset_and_time_based_timetable', 'consume_1_and_2_with_dataset_expressions', 'dataset_consumes_1_and_2', 'dataset_consumes_unknown_never_scheduled', 'dataset_consumes_1', 'consume_1_or_2_with_dataset_expressions', 'dataset_produces_1', 'dataset_produces_2' retrieved from /home/airflow/.local/lib/python3.12/site-packages/airflow/example_dags/example_datasets.py
[2024-06-08T09:05:37.581+0000] {logging_mixin.py:188} INFO - [2024-06-08T09:05:37.581+0000] {dag.py:3096} INFO - Sync 10 DAGs
[2024-06-08T09:05:37.613+0000] {logging_mixin.py:188} INFO - [2024-06-08T09:05:37.613+0000] {dag.py:3954} INFO - Setting next_dagrun for conditional_dataset_and_time_based_timetable to 2024-06-05 01:00:00+00:00, run_after=2024-06-05 01:00:00+00:00
[2024-06-08T09:05:37.618+0000] {logging_mixin.py:188} INFO - [2024-06-08T09:05:37.618+0000] {dag.py:3954} INFO - Setting next_dagrun for consume_1_and_2_with_dataset_expressions to None, run_after=None
[2024-06-08T09:05:37.620+0000] {logging_mixin.py:188} INFO - [2024-06-08T09:05:37.620+0000] {dag.py:3954} INFO - Setting next_dagrun for consume_1_or_2_with_dataset_expressions to None, run_after=None
[2024-06-08T09:05:37.622+0000] {logging_mixin.py:188} INFO - [2024-06-08T09:05:37.622+0000] {dag.py:3954} INFO - Setting next_dagrun for consume_1_or_both_2_and_3_with_dataset_expressions to None, run_after=None
[2024-06-08T09:05:37.624+0000] {logging_mixin.py:188} INFO - [2024-06-08T09:05:37.623+0000] {dag.py:3954} INFO - Setting next_dagrun for dataset_consumes_1 to None, run_after=None
[2024-06-08T09:05:37.626+0000] {logging_mixin.py:188} INFO - [2024-06-08T09:05:37.626+0000] {dag.py:3954} INFO - Setting next_dagrun for dataset_consumes_1_and_2 to None, run_after=None
[2024-06-08T09:05:37.627+0000] {logging_mixin.py:188} INFO - [2024-06-08T09:05:37.627+0000] {dag.py:3954} INFO - Setting next_dagrun for dataset_consumes_1_never_scheduled to None, run_after=None
[2024-06-08T09:05:37.629+0000] {logging_mixin.py:188} INFO - [2024-06-08T09:05:37.629+0000] {dag.py:3954} INFO - Setting next_dagrun for dataset_consumes_unknown_never_scheduled to None, run_after=None
[2024-06-08T09:05:37.632+0000] {logging_mixin.py:188} INFO - [2024-06-08T09:05:37.632+0000] {dag.py:3954} INFO - Setting next_dagrun for dataset_produces_1 to 2024-06-07 00:00:00+00:00, run_after=2024-06-08 00:00:00+00:00
[2024-06-08T09:05:37.634+0000] {logging_mixin.py:188} INFO - [2024-06-08T09:05:37.634+0000] {dag.py:3954} INFO - Setting next_dagrun for dataset_produces_2 to None, run_after=None
[2024-06-08T09:05:37.674+0000] {processor.py:183} INFO - Processing /home/airflow/.local/lib/python3.12/site-packages/airflow/example_dags/example_datasets.py took 0.184 seconds
[2024-06-08T10:06:30.459+0000] {processor.py:161} INFO - Started process (PID=63591) to work on /home/airflow/.local/lib/python3.12/site-packages/airflow/example_dags/example_datasets.py
[2024-06-08T10:06:30.461+0000] {processor.py:830} INFO - Processing file /home/airflow/.local/lib/python3.12/site-packages/airflow/example_dags/example_datasets.py for tasks to queue
[2024-06-08T10:06:30.463+0000] {logging_mixin.py:188} INFO - [2024-06-08T10:06:30.462+0000] {dagbag.py:545} INFO - Filling up the DagBag from /home/airflow/.local/lib/python3.12/site-packages/airflow/example_dags/example_datasets.py
[2024-06-08T10:06:30.494+0000] {processor.py:840} INFO - DAG(s) 'consume_1_or_both_2_and_3_with_dataset_expressions', 'dataset_consumes_1_never_scheduled', 'dataset_consumes_unknown_never_scheduled', 'dataset_produces_1', 'conditional_dataset_and_time_based_timetable', 'consume_1_and_2_with_dataset_expressions', 'dataset_consumes_1', 'dataset_produces_2', 'consume_1_or_2_with_dataset_expressions', 'dataset_consumes_1_and_2' retrieved from /home/airflow/.local/lib/python3.12/site-packages/airflow/example_dags/example_datasets.py
[2024-06-08T10:06:30.581+0000] {logging_mixin.py:188} INFO - [2024-06-08T10:06:30.581+0000] {dag.py:3096} INFO - Sync 10 DAGs
[2024-06-08T10:06:30.665+0000] {logging_mixin.py:188} INFO - [2024-06-08T10:06:30.664+0000] {dag.py:3954} INFO - Setting next_dagrun for conditional_dataset_and_time_based_timetable to 2024-06-05 01:00:00+00:00, run_after=2024-06-05 01:00:00+00:00
[2024-06-08T10:06:30.672+0000] {logging_mixin.py:188} INFO - [2024-06-08T10:06:30.671+0000] {dag.py:3954} INFO - Setting next_dagrun for consume_1_and_2_with_dataset_expressions to None, run_after=None
[2024-06-08T10:06:30.675+0000] {logging_mixin.py:188} INFO - [2024-06-08T10:06:30.674+0000] {dag.py:3954} INFO - Setting next_dagrun for consume_1_or_2_with_dataset_expressions to None, run_after=None
[2024-06-08T10:06:30.678+0000] {logging_mixin.py:188} INFO - [2024-06-08T10:06:30.678+0000] {dag.py:3954} INFO - Setting next_dagrun for consume_1_or_both_2_and_3_with_dataset_expressions to None, run_after=None
[2024-06-08T10:06:30.682+0000] {logging_mixin.py:188} INFO - [2024-06-08T10:06:30.681+0000] {dag.py:3954} INFO - Setting next_dagrun for dataset_consumes_1 to None, run_after=None
[2024-06-08T10:06:30.689+0000] {logging_mixin.py:188} INFO - [2024-06-08T10:06:30.688+0000] {dag.py:3954} INFO - Setting next_dagrun for dataset_consumes_1_and_2 to None, run_after=None
[2024-06-08T10:06:30.696+0000] {logging_mixin.py:188} INFO - [2024-06-08T10:06:30.695+0000] {dag.py:3954} INFO - Setting next_dagrun for dataset_consumes_1_never_scheduled to None, run_after=None
[2024-06-08T10:06:30.699+0000] {logging_mixin.py:188} INFO - [2024-06-08T10:06:30.699+0000] {dag.py:3954} INFO - Setting next_dagrun for dataset_consumes_unknown_never_scheduled to None, run_after=None
[2024-06-08T10:06:30.705+0000] {logging_mixin.py:188} INFO - [2024-06-08T10:06:30.705+0000] {dag.py:3954} INFO - Setting next_dagrun for dataset_produces_1 to 2024-06-07 00:00:00+00:00, run_after=2024-06-08 00:00:00+00:00
[2024-06-08T10:06:30.709+0000] {logging_mixin.py:188} INFO - [2024-06-08T10:06:30.708+0000] {dag.py:3954} INFO - Setting next_dagrun for dataset_produces_2 to None, run_after=None
[2024-06-08T10:06:30.816+0000] {processor.py:183} INFO - Processing /home/airflow/.local/lib/python3.12/site-packages/airflow/example_dags/example_datasets.py took 0.368 seconds
[2024-06-08T10:39:01.365+0000] {processor.py:161} INFO - Started process (PID=63651) to work on /home/airflow/.local/lib/python3.12/site-packages/airflow/example_dags/example_datasets.py
[2024-06-08T10:39:01.367+0000] {processor.py:830} INFO - Processing file /home/airflow/.local/lib/python3.12/site-packages/airflow/example_dags/example_datasets.py for tasks to queue
[2024-06-08T10:39:01.369+0000] {logging_mixin.py:188} INFO - [2024-06-08T10:39:01.368+0000] {dagbag.py:545} INFO - Filling up the DagBag from /home/airflow/.local/lib/python3.12/site-packages/airflow/example_dags/example_datasets.py
[2024-06-08T10:39:01.410+0000] {processor.py:840} INFO - DAG(s) 'consume_1_or_both_2_and_3_with_dataset_expressions', 'dataset_produces_2', 'dataset_consumes_unknown_never_scheduled', 'dataset_consumes_1_and_2', 'consume_1_and_2_with_dataset_expressions', 'dataset_produces_1', 'dataset_consumes_1', 'consume_1_or_2_with_dataset_expressions', 'conditional_dataset_and_time_based_timetable', 'dataset_consumes_1_never_scheduled' retrieved from /home/airflow/.local/lib/python3.12/site-packages/airflow/example_dags/example_datasets.py
[2024-06-08T10:39:01.514+0000] {logging_mixin.py:188} INFO - [2024-06-08T10:39:01.513+0000] {dag.py:3096} INFO - Sync 10 DAGs
[2024-06-08T10:39:01.594+0000] {logging_mixin.py:188} INFO - [2024-06-08T10:39:01.593+0000] {dag.py:3954} INFO - Setting next_dagrun for conditional_dataset_and_time_based_timetable to 2024-06-05 01:00:00+00:00, run_after=2024-06-05 01:00:00+00:00
[2024-06-08T10:39:01.605+0000] {logging_mixin.py:188} INFO - [2024-06-08T10:39:01.605+0000] {dag.py:3954} INFO - Setting next_dagrun for consume_1_and_2_with_dataset_expressions to None, run_after=None
[2024-06-08T10:39:01.608+0000] {logging_mixin.py:188} INFO - [2024-06-08T10:39:01.608+0000] {dag.py:3954} INFO - Setting next_dagrun for consume_1_or_2_with_dataset_expressions to None, run_after=None
[2024-06-08T10:39:01.611+0000] {logging_mixin.py:188} INFO - [2024-06-08T10:39:01.611+0000] {dag.py:3954} INFO - Setting next_dagrun for consume_1_or_both_2_and_3_with_dataset_expressions to None, run_after=None
[2024-06-08T10:39:01.614+0000] {logging_mixin.py:188} INFO - [2024-06-08T10:39:01.613+0000] {dag.py:3954} INFO - Setting next_dagrun for dataset_consumes_1 to None, run_after=None
[2024-06-08T10:39:01.617+0000] {logging_mixin.py:188} INFO - [2024-06-08T10:39:01.616+0000] {dag.py:3954} INFO - Setting next_dagrun for dataset_consumes_1_and_2 to None, run_after=None
[2024-06-08T10:39:01.619+0000] {logging_mixin.py:188} INFO - [2024-06-08T10:39:01.619+0000] {dag.py:3954} INFO - Setting next_dagrun for dataset_consumes_1_never_scheduled to None, run_after=None
[2024-06-08T10:39:01.622+0000] {logging_mixin.py:188} INFO - [2024-06-08T10:39:01.622+0000] {dag.py:3954} INFO - Setting next_dagrun for dataset_consumes_unknown_never_scheduled to None, run_after=None
[2024-06-08T10:39:01.627+0000] {logging_mixin.py:188} INFO - [2024-06-08T10:39:01.626+0000] {dag.py:3954} INFO - Setting next_dagrun for dataset_produces_1 to 2024-06-07 00:00:00+00:00, run_after=2024-06-08 00:00:00+00:00
[2024-06-08T10:39:01.629+0000] {logging_mixin.py:188} INFO - [2024-06-08T10:39:01.629+0000] {dag.py:3954} INFO - Setting next_dagrun for dataset_produces_2 to None, run_after=None
[2024-06-08T10:39:01.706+0000] {processor.py:183} INFO - Processing /home/airflow/.local/lib/python3.12/site-packages/airflow/example_dags/example_datasets.py took 0.353 seconds
[2024-06-08T10:39:31.738+0000] {processor.py:161} INFO - Started process (PID=63712) to work on /home/airflow/.local/lib/python3.12/site-packages/airflow/example_dags/example_datasets.py
[2024-06-08T10:39:31.740+0000] {processor.py:830} INFO - Processing file /home/airflow/.local/lib/python3.12/site-packages/airflow/example_dags/example_datasets.py for tasks to queue
[2024-06-08T10:39:31.741+0000] {logging_mixin.py:188} INFO - [2024-06-08T10:39:31.741+0000] {dagbag.py:545} INFO - Filling up the DagBag from /home/airflow/.local/lib/python3.12/site-packages/airflow/example_dags/example_datasets.py
[2024-06-08T10:39:31.760+0000] {processor.py:840} INFO - DAG(s) 'consume_1_or_2_with_dataset_expressions', 'dataset_consumes_1', 'dataset_produces_2', 'consume_1_or_both_2_and_3_with_dataset_expressions', 'dataset_consumes_unknown_never_scheduled', 'dataset_consumes_1_never_scheduled', 'conditional_dataset_and_time_based_timetable', 'dataset_consumes_1_and_2', 'dataset_produces_1', 'consume_1_and_2_with_dataset_expressions' retrieved from /home/airflow/.local/lib/python3.12/site-packages/airflow/example_dags/example_datasets.py
[2024-06-08T10:39:31.820+0000] {logging_mixin.py:188} INFO - [2024-06-08T10:39:31.819+0000] {dag.py:3096} INFO - Sync 10 DAGs
[2024-06-08T10:39:31.852+0000] {logging_mixin.py:188} INFO - [2024-06-08T10:39:31.852+0000] {dag.py:3954} INFO - Setting next_dagrun for conditional_dataset_and_time_based_timetable to 2024-06-05 01:00:00+00:00, run_after=2024-06-05 01:00:00+00:00
[2024-06-08T10:39:31.857+0000] {logging_mixin.py:188} INFO - [2024-06-08T10:39:31.857+0000] {dag.py:3954} INFO - Setting next_dagrun for consume_1_and_2_with_dataset_expressions to None, run_after=None
[2024-06-08T10:39:31.860+0000] {logging_mixin.py:188} INFO - [2024-06-08T10:39:31.859+0000] {dag.py:3954} INFO - Setting next_dagrun for consume_1_or_2_with_dataset_expressions to None, run_after=None
[2024-06-08T10:39:31.861+0000] {logging_mixin.py:188} INFO - [2024-06-08T10:39:31.861+0000] {dag.py:3954} INFO - Setting next_dagrun for consume_1_or_both_2_and_3_with_dataset_expressions to None, run_after=None
[2024-06-08T10:39:31.863+0000] {logging_mixin.py:188} INFO - [2024-06-08T10:39:31.863+0000] {dag.py:3954} INFO - Setting next_dagrun for dataset_consumes_1 to None, run_after=None
[2024-06-08T10:39:31.865+0000] {logging_mixin.py:188} INFO - [2024-06-08T10:39:31.865+0000] {dag.py:3954} INFO - Setting next_dagrun for dataset_consumes_1_and_2 to None, run_after=None
[2024-06-08T10:39:31.867+0000] {logging_mixin.py:188} INFO - [2024-06-08T10:39:31.867+0000] {dag.py:3954} INFO - Setting next_dagrun for dataset_consumes_1_never_scheduled to None, run_after=None
[2024-06-08T10:39:31.869+0000] {logging_mixin.py:188} INFO - [2024-06-08T10:39:31.869+0000] {dag.py:3954} INFO - Setting next_dagrun for dataset_consumes_unknown_never_scheduled to None, run_after=None
[2024-06-08T10:39:31.872+0000] {logging_mixin.py:188} INFO - [2024-06-08T10:39:31.872+0000] {dag.py:3954} INFO - Setting next_dagrun for dataset_produces_1 to 2024-06-07 00:00:00+00:00, run_after=2024-06-08 00:00:00+00:00
[2024-06-08T10:39:31.875+0000] {logging_mixin.py:188} INFO - [2024-06-08T10:39:31.874+0000] {dag.py:3954} INFO - Setting next_dagrun for dataset_produces_2 to None, run_after=None
[2024-06-08T10:39:31.915+0000] {processor.py:183} INFO - Processing /home/airflow/.local/lib/python3.12/site-packages/airflow/example_dags/example_datasets.py took 0.184 seconds
[2024-06-08T11:07:36.229+0000] {processor.py:161} INFO - Started process (PID=63771) to work on /home/airflow/.local/lib/python3.12/site-packages/airflow/example_dags/example_datasets.py
[2024-06-08T11:07:36.231+0000] {processor.py:830} INFO - Processing file /home/airflow/.local/lib/python3.12/site-packages/airflow/example_dags/example_datasets.py for tasks to queue
[2024-06-08T11:07:36.232+0000] {logging_mixin.py:188} INFO - [2024-06-08T11:07:36.232+0000] {dagbag.py:545} INFO - Filling up the DagBag from /home/airflow/.local/lib/python3.12/site-packages/airflow/example_dags/example_datasets.py
[2024-06-08T11:07:36.253+0000] {processor.py:840} INFO - DAG(s) 'consume_1_or_both_2_and_3_with_dataset_expressions', 'dataset_consumes_1_never_scheduled', 'dataset_consumes_1_and_2', 'dataset_consumes_unknown_never_scheduled', 'consume_1_or_2_with_dataset_expressions', 'dataset_produces_1', 'conditional_dataset_and_time_based_timetable', 'dataset_produces_2', 'dataset_consumes_1', 'consume_1_and_2_with_dataset_expressions' retrieved from /home/airflow/.local/lib/python3.12/site-packages/airflow/example_dags/example_datasets.py
[2024-06-08T11:07:36.314+0000] {logging_mixin.py:188} INFO - [2024-06-08T11:07:36.314+0000] {dag.py:3096} INFO - Sync 10 DAGs
[2024-06-08T11:07:36.346+0000] {logging_mixin.py:188} INFO - [2024-06-08T11:07:36.346+0000] {dag.py:3954} INFO - Setting next_dagrun for conditional_dataset_and_time_based_timetable to 2024-06-05 01:00:00+00:00, run_after=2024-06-05 01:00:00+00:00
[2024-06-08T11:07:36.351+0000] {logging_mixin.py:188} INFO - [2024-06-08T11:07:36.350+0000] {dag.py:3954} INFO - Setting next_dagrun for consume_1_and_2_with_dataset_expressions to None, run_after=None
[2024-06-08T11:07:36.353+0000] {logging_mixin.py:188} INFO - [2024-06-08T11:07:36.353+0000] {dag.py:3954} INFO - Setting next_dagrun for consume_1_or_2_with_dataset_expressions to None, run_after=None
[2024-06-08T11:07:36.355+0000] {logging_mixin.py:188} INFO - [2024-06-08T11:07:36.354+0000] {dag.py:3954} INFO - Setting next_dagrun for consume_1_or_both_2_and_3_with_dataset_expressions to None, run_after=None
[2024-06-08T11:07:36.357+0000] {logging_mixin.py:188} INFO - [2024-06-08T11:07:36.356+0000] {dag.py:3954} INFO - Setting next_dagrun for dataset_consumes_1 to None, run_after=None
[2024-06-08T11:07:36.359+0000] {logging_mixin.py:188} INFO - [2024-06-08T11:07:36.359+0000] {dag.py:3954} INFO - Setting next_dagrun for dataset_consumes_1_and_2 to None, run_after=None
[2024-06-08T11:07:36.361+0000] {logging_mixin.py:188} INFO - [2024-06-08T11:07:36.360+0000] {dag.py:3954} INFO - Setting next_dagrun for dataset_consumes_1_never_scheduled to None, run_after=None
[2024-06-08T11:07:36.362+0000] {logging_mixin.py:188} INFO - [2024-06-08T11:07:36.362+0000] {dag.py:3954} INFO - Setting next_dagrun for dataset_consumes_unknown_never_scheduled to None, run_after=None
[2024-06-08T11:07:36.366+0000] {logging_mixin.py:188} INFO - [2024-06-08T11:07:36.365+0000] {dag.py:3954} INFO - Setting next_dagrun for dataset_produces_1 to 2024-06-07 00:00:00+00:00, run_after=2024-06-08 00:00:00+00:00
[2024-06-08T11:07:36.367+0000] {logging_mixin.py:188} INFO - [2024-06-08T11:07:36.367+0000] {dag.py:3954} INFO - Setting next_dagrun for dataset_produces_2 to None, run_after=None
[2024-06-08T11:07:36.421+0000] {processor.py:183} INFO - Processing /home/airflow/.local/lib/python3.12/site-packages/airflow/example_dags/example_datasets.py took 0.199 seconds
[2024-06-08T12:08:36.296+0000] {processor.py:161} INFO - Started process (PID=63832) to work on /home/airflow/.local/lib/python3.12/site-packages/airflow/example_dags/example_datasets.py
[2024-06-08T12:08:36.298+0000] {processor.py:830} INFO - Processing file /home/airflow/.local/lib/python3.12/site-packages/airflow/example_dags/example_datasets.py for tasks to queue
[2024-06-08T12:08:36.301+0000] {logging_mixin.py:188} INFO - [2024-06-08T12:08:36.300+0000] {dagbag.py:545} INFO - Filling up the DagBag from /home/airflow/.local/lib/python3.12/site-packages/airflow/example_dags/example_datasets.py
[2024-06-08T12:08:36.334+0000] {processor.py:840} INFO - DAG(s) 'dataset_produces_1', 'consume_1_or_both_2_and_3_with_dataset_expressions', 'consume_1_or_2_with_dataset_expressions', 'conditional_dataset_and_time_based_timetable', 'dataset_consumes_1_and_2', 'dataset_consumes_1', 'dataset_produces_2', 'consume_1_and_2_with_dataset_expressions', 'dataset_consumes_unknown_never_scheduled', 'dataset_consumes_1_never_scheduled' retrieved from /home/airflow/.local/lib/python3.12/site-packages/airflow/example_dags/example_datasets.py
[2024-06-08T12:08:36.444+0000] {logging_mixin.py:188} INFO - [2024-06-08T12:08:36.444+0000] {dag.py:3096} INFO - Sync 10 DAGs
[2024-06-08T12:08:36.501+0000] {logging_mixin.py:188} INFO - [2024-06-08T12:08:36.500+0000] {dag.py:3954} INFO - Setting next_dagrun for conditional_dataset_and_time_based_timetable to 2024-06-05 01:00:00+00:00, run_after=2024-06-05 01:00:00+00:00
[2024-06-08T12:08:36.513+0000] {logging_mixin.py:188} INFO - [2024-06-08T12:08:36.513+0000] {dag.py:3954} INFO - Setting next_dagrun for consume_1_and_2_with_dataset_expressions to None, run_after=None
[2024-06-08T12:08:36.516+0000] {logging_mixin.py:188} INFO - [2024-06-08T12:08:36.516+0000] {dag.py:3954} INFO - Setting next_dagrun for consume_1_or_2_with_dataset_expressions to None, run_after=None
[2024-06-08T12:08:36.519+0000] {logging_mixin.py:188} INFO - [2024-06-08T12:08:36.519+0000] {dag.py:3954} INFO - Setting next_dagrun for consume_1_or_both_2_and_3_with_dataset_expressions to None, run_after=None
[2024-06-08T12:08:36.523+0000] {logging_mixin.py:188} INFO - [2024-06-08T12:08:36.522+0000] {dag.py:3954} INFO - Setting next_dagrun for dataset_consumes_1 to None, run_after=None
[2024-06-08T12:08:36.526+0000] {logging_mixin.py:188} INFO - [2024-06-08T12:08:36.526+0000] {dag.py:3954} INFO - Setting next_dagrun for dataset_consumes_1_and_2 to None, run_after=None
[2024-06-08T12:08:36.528+0000] {logging_mixin.py:188} INFO - [2024-06-08T12:08:36.528+0000] {dag.py:3954} INFO - Setting next_dagrun for dataset_consumes_1_never_scheduled to None, run_after=None
[2024-06-08T12:08:36.532+0000] {logging_mixin.py:188} INFO - [2024-06-08T12:08:36.531+0000] {dag.py:3954} INFO - Setting next_dagrun for dataset_consumes_unknown_never_scheduled to None, run_after=None
[2024-06-08T12:08:36.538+0000] {logging_mixin.py:188} INFO - [2024-06-08T12:08:36.537+0000] {dag.py:3954} INFO - Setting next_dagrun for dataset_produces_1 to 2024-06-07 00:00:00+00:00, run_after=2024-06-08 00:00:00+00:00
[2024-06-08T12:08:36.541+0000] {logging_mixin.py:188} INFO - [2024-06-08T12:08:36.540+0000] {dag.py:3954} INFO - Setting next_dagrun for dataset_produces_2 to None, run_after=None
[2024-06-08T12:08:36.618+0000] {processor.py:183} INFO - Processing /home/airflow/.local/lib/python3.12/site-packages/airflow/example_dags/example_datasets.py took 0.332 seconds
[2024-06-08T12:09:07.559+0000] {processor.py:161} INFO - Started process (PID=63892) to work on /home/airflow/.local/lib/python3.12/site-packages/airflow/example_dags/example_datasets.py
[2024-06-08T12:09:07.561+0000] {processor.py:830} INFO - Processing file /home/airflow/.local/lib/python3.12/site-packages/airflow/example_dags/example_datasets.py for tasks to queue
[2024-06-08T12:09:07.562+0000] {logging_mixin.py:188} INFO - [2024-06-08T12:09:07.562+0000] {dagbag.py:545} INFO - Filling up the DagBag from /home/airflow/.local/lib/python3.12/site-packages/airflow/example_dags/example_datasets.py
[2024-06-08T12:09:07.582+0000] {processor.py:840} INFO - DAG(s) 'dataset_consumes_1_and_2', 'conditional_dataset_and_time_based_timetable', 'dataset_consumes_1', 'dataset_consumes_unknown_never_scheduled', 'dataset_consumes_1_never_scheduled', 'dataset_produces_1', 'consume_1_or_both_2_and_3_with_dataset_expressions', 'dataset_produces_2', 'consume_1_or_2_with_dataset_expressions', 'consume_1_and_2_with_dataset_expressions' retrieved from /home/airflow/.local/lib/python3.12/site-packages/airflow/example_dags/example_datasets.py
[2024-06-08T12:09:07.646+0000] {logging_mixin.py:188} INFO - [2024-06-08T12:09:07.645+0000] {dag.py:3096} INFO - Sync 10 DAGs
[2024-06-08T12:09:07.683+0000] {logging_mixin.py:188} INFO - [2024-06-08T12:09:07.683+0000] {dag.py:3954} INFO - Setting next_dagrun for conditional_dataset_and_time_based_timetable to 2024-06-05 01:00:00+00:00, run_after=2024-06-05 01:00:00+00:00
[2024-06-08T12:09:07.690+0000] {logging_mixin.py:188} INFO - [2024-06-08T12:09:07.690+0000] {dag.py:3954} INFO - Setting next_dagrun for consume_1_and_2_with_dataset_expressions to None, run_after=None
[2024-06-08T12:09:07.694+0000] {logging_mixin.py:188} INFO - [2024-06-08T12:09:07.693+0000] {dag.py:3954} INFO - Setting next_dagrun for consume_1_or_2_with_dataset_expressions to None, run_after=None
[2024-06-08T12:09:07.697+0000] {logging_mixin.py:188} INFO - [2024-06-08T12:09:07.697+0000] {dag.py:3954} INFO - Setting next_dagrun for consume_1_or_both_2_and_3_with_dataset_expressions to None, run_after=None
[2024-06-08T12:09:07.701+0000] {logging_mixin.py:188} INFO - [2024-06-08T12:09:07.700+0000] {dag.py:3954} INFO - Setting next_dagrun for dataset_consumes_1 to None, run_after=None
[2024-06-08T12:09:07.704+0000] {logging_mixin.py:188} INFO - [2024-06-08T12:09:07.704+0000] {dag.py:3954} INFO - Setting next_dagrun for dataset_consumes_1_and_2 to None, run_after=None
[2024-06-08T12:09:07.708+0000] {logging_mixin.py:188} INFO - [2024-06-08T12:09:07.707+0000] {dag.py:3954} INFO - Setting next_dagrun for dataset_consumes_1_never_scheduled to None, run_after=None
[2024-06-08T12:09:07.711+0000] {logging_mixin.py:188} INFO - [2024-06-08T12:09:07.711+0000] {dag.py:3954} INFO - Setting next_dagrun for dataset_consumes_unknown_never_scheduled to None, run_after=None
[2024-06-08T12:09:07.716+0000] {logging_mixin.py:188} INFO - [2024-06-08T12:09:07.716+0000] {dag.py:3954} INFO - Setting next_dagrun for dataset_produces_1 to 2024-06-07 00:00:00+00:00, run_after=2024-06-08 00:00:00+00:00
[2024-06-08T12:09:07.719+0000] {logging_mixin.py:188} INFO - [2024-06-08T12:09:07.719+0000] {dag.py:3954} INFO - Setting next_dagrun for dataset_produces_2 to None, run_after=None
[2024-06-08T12:09:07.770+0000] {processor.py:183} INFO - Processing /home/airflow/.local/lib/python3.12/site-packages/airflow/example_dags/example_datasets.py took 0.220 seconds
[2024-06-08T13:09:58.318+0000] {processor.py:161} INFO - Started process (PID=63952) to work on /home/airflow/.local/lib/python3.12/site-packages/airflow/example_dags/example_datasets.py
[2024-06-08T13:09:58.320+0000] {processor.py:830} INFO - Processing file /home/airflow/.local/lib/python3.12/site-packages/airflow/example_dags/example_datasets.py for tasks to queue
[2024-06-08T13:09:58.321+0000] {logging_mixin.py:188} INFO - [2024-06-08T13:09:58.321+0000] {dagbag.py:545} INFO - Filling up the DagBag from /home/airflow/.local/lib/python3.12/site-packages/airflow/example_dags/example_datasets.py
[2024-06-08T13:09:58.343+0000] {processor.py:840} INFO - DAG(s) 'dataset_consumes_1_never_scheduled', 'dataset_produces_1', 'dataset_consumes_1_and_2', 'consume_1_and_2_with_dataset_expressions', 'consume_1_or_2_with_dataset_expressions', 'conditional_dataset_and_time_based_timetable', 'dataset_consumes_1', 'consume_1_or_both_2_and_3_with_dataset_expressions', 'dataset_consumes_unknown_never_scheduled', 'dataset_produces_2' retrieved from /home/airflow/.local/lib/python3.12/site-packages/airflow/example_dags/example_datasets.py
[2024-06-08T13:09:58.405+0000] {logging_mixin.py:188} INFO - [2024-06-08T13:09:58.404+0000] {dag.py:3096} INFO - Sync 10 DAGs
[2024-06-08T13:09:58.437+0000] {logging_mixin.py:188} INFO - [2024-06-08T13:09:58.437+0000] {dag.py:3954} INFO - Setting next_dagrun for conditional_dataset_and_time_based_timetable to 2024-06-05 01:00:00+00:00, run_after=2024-06-05 01:00:00+00:00
[2024-06-08T13:09:58.443+0000] {logging_mixin.py:188} INFO - [2024-06-08T13:09:58.443+0000] {dag.py:3954} INFO - Setting next_dagrun for consume_1_and_2_with_dataset_expressions to None, run_after=None
[2024-06-08T13:09:58.446+0000] {logging_mixin.py:188} INFO - [2024-06-08T13:09:58.446+0000] {dag.py:3954} INFO - Setting next_dagrun for consume_1_or_2_with_dataset_expressions to None, run_after=None
[2024-06-08T13:09:58.448+0000] {logging_mixin.py:188} INFO - [2024-06-08T13:09:58.448+0000] {dag.py:3954} INFO - Setting next_dagrun for consume_1_or_both_2_and_3_with_dataset_expressions to None, run_after=None
[2024-06-08T13:09:58.450+0000] {logging_mixin.py:188} INFO - [2024-06-08T13:09:58.450+0000] {dag.py:3954} INFO - Setting next_dagrun for dataset_consumes_1 to None, run_after=None
[2024-06-08T13:09:58.453+0000] {logging_mixin.py:188} INFO - [2024-06-08T13:09:58.453+0000] {dag.py:3954} INFO - Setting next_dagrun for dataset_consumes_1_and_2 to None, run_after=None
[2024-06-08T13:09:58.455+0000] {logging_mixin.py:188} INFO - [2024-06-08T13:09:58.455+0000] {dag.py:3954} INFO - Setting next_dagrun for dataset_consumes_1_never_scheduled to None, run_after=None
[2024-06-08T13:09:58.457+0000] {logging_mixin.py:188} INFO - [2024-06-08T13:09:58.457+0000] {dag.py:3954} INFO - Setting next_dagrun for dataset_consumes_unknown_never_scheduled to None, run_after=None
[2024-06-08T13:09:58.461+0000] {logging_mixin.py:188} INFO - [2024-06-08T13:09:58.461+0000] {dag.py:3954} INFO - Setting next_dagrun for dataset_produces_1 to 2024-06-07 00:00:00+00:00, run_after=2024-06-08 00:00:00+00:00
[2024-06-08T13:09:58.463+0000] {logging_mixin.py:188} INFO - [2024-06-08T13:09:58.463+0000] {dag.py:3954} INFO - Setting next_dagrun for dataset_produces_2 to None, run_after=None
[2024-06-08T13:09:58.512+0000] {processor.py:183} INFO - Processing /home/airflow/.local/lib/python3.12/site-packages/airflow/example_dags/example_datasets.py took 0.202 seconds
[2024-06-08T14:10:53.756+0000] {processor.py:161} INFO - Started process (PID=64012) to work on /home/airflow/.local/lib/python3.12/site-packages/airflow/example_dags/example_datasets.py
[2024-06-08T14:10:53.758+0000] {processor.py:830} INFO - Processing file /home/airflow/.local/lib/python3.12/site-packages/airflow/example_dags/example_datasets.py for tasks to queue
[2024-06-08T14:10:53.760+0000] {logging_mixin.py:188} INFO - [2024-06-08T14:10:53.759+0000] {dagbag.py:545} INFO - Filling up the DagBag from /home/airflow/.local/lib/python3.12/site-packages/airflow/example_dags/example_datasets.py
[2024-06-08T14:10:53.799+0000] {processor.py:840} INFO - DAG(s) 'consume_1_and_2_with_dataset_expressions', 'conditional_dataset_and_time_based_timetable', 'dataset_produces_1', 'consume_1_or_2_with_dataset_expressions', 'dataset_produces_2', 'consume_1_or_both_2_and_3_with_dataset_expressions', 'dataset_consumes_1_never_scheduled', 'dataset_consumes_1', 'dataset_consumes_unknown_never_scheduled', 'dataset_consumes_1_and_2' retrieved from /home/airflow/.local/lib/python3.12/site-packages/airflow/example_dags/example_datasets.py
[2024-06-08T14:10:53.901+0000] {logging_mixin.py:188} INFO - [2024-06-08T14:10:53.900+0000] {dag.py:3096} INFO - Sync 10 DAGs
[2024-06-08T14:10:53.954+0000] {logging_mixin.py:188} INFO - [2024-06-08T14:10:53.953+0000] {dag.py:3954} INFO - Setting next_dagrun for conditional_dataset_and_time_based_timetable to 2024-06-05 01:00:00+00:00, run_after=2024-06-05 01:00:00+00:00
[2024-06-08T14:10:53.962+0000] {logging_mixin.py:188} INFO - [2024-06-08T14:10:53.962+0000] {dag.py:3954} INFO - Setting next_dagrun for consume_1_and_2_with_dataset_expressions to None, run_after=None
[2024-06-08T14:10:53.965+0000] {logging_mixin.py:188} INFO - [2024-06-08T14:10:53.965+0000] {dag.py:3954} INFO - Setting next_dagrun for consume_1_or_2_with_dataset_expressions to None, run_after=None
[2024-06-08T14:10:53.968+0000] {logging_mixin.py:188} INFO - [2024-06-08T14:10:53.967+0000] {dag.py:3954} INFO - Setting next_dagrun for consume_1_or_both_2_and_3_with_dataset_expressions to None, run_after=None
[2024-06-08T14:10:53.971+0000] {logging_mixin.py:188} INFO - [2024-06-08T14:10:53.971+0000] {dag.py:3954} INFO - Setting next_dagrun for dataset_consumes_1 to None, run_after=None
[2024-06-08T14:10:53.973+0000] {logging_mixin.py:188} INFO - [2024-06-08T14:10:53.973+0000] {dag.py:3954} INFO - Setting next_dagrun for dataset_consumes_1_and_2 to None, run_after=None
[2024-06-08T14:10:53.976+0000] {logging_mixin.py:188} INFO - [2024-06-08T14:10:53.976+0000] {dag.py:3954} INFO - Setting next_dagrun for dataset_consumes_1_never_scheduled to None, run_after=None
[2024-06-08T14:10:53.978+0000] {logging_mixin.py:188} INFO - [2024-06-08T14:10:53.978+0000] {dag.py:3954} INFO - Setting next_dagrun for dataset_consumes_unknown_never_scheduled to None, run_after=None
[2024-06-08T14:10:53.983+0000] {logging_mixin.py:188} INFO - [2024-06-08T14:10:53.983+0000] {dag.py:3954} INFO - Setting next_dagrun for dataset_produces_1 to 2024-06-07 00:00:00+00:00, run_after=2024-06-08 00:00:00+00:00
[2024-06-08T14:10:53.985+0000] {logging_mixin.py:188} INFO - [2024-06-08T14:10:53.985+0000] {dag.py:3954} INFO - Setting next_dagrun for dataset_produces_2 to None, run_after=None
[2024-06-08T14:10:54.057+0000] {processor.py:183} INFO - Processing /home/airflow/.local/lib/python3.12/site-packages/airflow/example_dags/example_datasets.py took 0.313 seconds
[2024-06-08T14:11:24.943+0000] {processor.py:161} INFO - Started process (PID=64072) to work on /home/airflow/.local/lib/python3.12/site-packages/airflow/example_dags/example_datasets.py
[2024-06-08T14:11:24.944+0000] {processor.py:830} INFO - Processing file /home/airflow/.local/lib/python3.12/site-packages/airflow/example_dags/example_datasets.py for tasks to queue
[2024-06-08T14:11:24.946+0000] {logging_mixin.py:188} INFO - [2024-06-08T14:11:24.945+0000] {dagbag.py:545} INFO - Filling up the DagBag from /home/airflow/.local/lib/python3.12/site-packages/airflow/example_dags/example_datasets.py
[2024-06-08T14:11:24.966+0000] {processor.py:840} INFO - DAG(s) 'dataset_consumes_1_never_scheduled', 'dataset_produces_2', 'dataset_produces_1', 'dataset_consumes_1_and_2', 'dataset_consumes_1', 'consume_1_or_2_with_dataset_expressions', 'consume_1_or_both_2_and_3_with_dataset_expressions', 'dataset_consumes_unknown_never_scheduled', 'consume_1_and_2_with_dataset_expressions', 'conditional_dataset_and_time_based_timetable' retrieved from /home/airflow/.local/lib/python3.12/site-packages/airflow/example_dags/example_datasets.py
[2024-06-08T14:11:25.031+0000] {logging_mixin.py:188} INFO - [2024-06-08T14:11:25.030+0000] {dag.py:3096} INFO - Sync 10 DAGs
[2024-06-08T14:11:25.069+0000] {logging_mixin.py:188} INFO - [2024-06-08T14:11:25.069+0000] {dag.py:3954} INFO - Setting next_dagrun for conditional_dataset_and_time_based_timetable to 2024-06-05 01:00:00+00:00, run_after=2024-06-05 01:00:00+00:00
[2024-06-08T14:11:25.077+0000] {logging_mixin.py:188} INFO - [2024-06-08T14:11:25.076+0000] {dag.py:3954} INFO - Setting next_dagrun for consume_1_and_2_with_dataset_expressions to None, run_after=None
[2024-06-08T14:11:25.080+0000] {logging_mixin.py:188} INFO - [2024-06-08T14:11:25.080+0000] {dag.py:3954} INFO - Setting next_dagrun for consume_1_or_2_with_dataset_expressions to None, run_after=None
[2024-06-08T14:11:25.083+0000] {logging_mixin.py:188} INFO - [2024-06-08T14:11:25.083+0000] {dag.py:3954} INFO - Setting next_dagrun for consume_1_or_both_2_and_3_with_dataset_expressions to None, run_after=None
[2024-06-08T14:11:25.086+0000] {logging_mixin.py:188} INFO - [2024-06-08T14:11:25.086+0000] {dag.py:3954} INFO - Setting next_dagrun for dataset_consumes_1 to None, run_after=None
[2024-06-08T14:11:25.090+0000] {logging_mixin.py:188} INFO - [2024-06-08T14:11:25.089+0000] {dag.py:3954} INFO - Setting next_dagrun for dataset_consumes_1_and_2 to None, run_after=None
[2024-06-08T14:11:25.092+0000] {logging_mixin.py:188} INFO - [2024-06-08T14:11:25.092+0000] {dag.py:3954} INFO - Setting next_dagrun for dataset_consumes_1_never_scheduled to None, run_after=None
[2024-06-08T14:11:25.095+0000] {logging_mixin.py:188} INFO - [2024-06-08T14:11:25.095+0000] {dag.py:3954} INFO - Setting next_dagrun for dataset_consumes_unknown_never_scheduled to None, run_after=None
[2024-06-08T14:11:25.100+0000] {logging_mixin.py:188} INFO - [2024-06-08T14:11:25.099+0000] {dag.py:3954} INFO - Setting next_dagrun for dataset_produces_1 to 2024-06-07 00:00:00+00:00, run_after=2024-06-08 00:00:00+00:00
[2024-06-08T14:11:25.103+0000] {logging_mixin.py:188} INFO - [2024-06-08T14:11:25.102+0000] {dag.py:3954} INFO - Setting next_dagrun for dataset_produces_2 to None, run_after=None
[2024-06-08T14:11:25.152+0000] {processor.py:183} INFO - Processing /home/airflow/.local/lib/python3.12/site-packages/airflow/example_dags/example_datasets.py took 0.218 seconds
[2024-06-08T15:12:10.243+0000] {processor.py:161} INFO - Started process (PID=64132) to work on /home/airflow/.local/lib/python3.12/site-packages/airflow/example_dags/example_datasets.py
[2024-06-08T15:12:10.244+0000] {processor.py:830} INFO - Processing file /home/airflow/.local/lib/python3.12/site-packages/airflow/example_dags/example_datasets.py for tasks to queue
[2024-06-08T15:12:10.246+0000] {logging_mixin.py:188} INFO - [2024-06-08T15:12:10.245+0000] {dagbag.py:545} INFO - Filling up the DagBag from /home/airflow/.local/lib/python3.12/site-packages/airflow/example_dags/example_datasets.py
[2024-06-08T15:12:10.269+0000] {processor.py:840} INFO - DAG(s) 'dataset_consumes_1', 'consume_1_and_2_with_dataset_expressions', 'conditional_dataset_and_time_based_timetable', 'dataset_consumes_1_and_2', 'dataset_produces_2', 'dataset_consumes_1_never_scheduled', 'consume_1_or_both_2_and_3_with_dataset_expressions', 'dataset_consumes_unknown_never_scheduled', 'consume_1_or_2_with_dataset_expressions', 'dataset_produces_1' retrieved from /home/airflow/.local/lib/python3.12/site-packages/airflow/example_dags/example_datasets.py
[2024-06-08T15:12:10.330+0000] {logging_mixin.py:188} INFO - [2024-06-08T15:12:10.330+0000] {dag.py:3096} INFO - Sync 10 DAGs
[2024-06-08T15:12:10.374+0000] {logging_mixin.py:188} INFO - [2024-06-08T15:12:10.373+0000] {dag.py:3954} INFO - Setting next_dagrun for conditional_dataset_and_time_based_timetable to 2024-06-05 01:00:00+00:00, run_after=2024-06-05 01:00:00+00:00
[2024-06-08T15:12:10.381+0000] {logging_mixin.py:188} INFO - [2024-06-08T15:12:10.380+0000] {dag.py:3954} INFO - Setting next_dagrun for consume_1_and_2_with_dataset_expressions to None, run_after=None
[2024-06-08T15:12:10.387+0000] {logging_mixin.py:188} INFO - [2024-06-08T15:12:10.387+0000] {dag.py:3954} INFO - Setting next_dagrun for consume_1_or_2_with_dataset_expressions to None, run_after=None
[2024-06-08T15:12:10.390+0000] {logging_mixin.py:188} INFO - [2024-06-08T15:12:10.390+0000] {dag.py:3954} INFO - Setting next_dagrun for consume_1_or_both_2_and_3_with_dataset_expressions to None, run_after=None
[2024-06-08T15:12:10.393+0000] {logging_mixin.py:188} INFO - [2024-06-08T15:12:10.393+0000] {dag.py:3954} INFO - Setting next_dagrun for dataset_consumes_1 to None, run_after=None
[2024-06-08T15:12:10.397+0000] {logging_mixin.py:188} INFO - [2024-06-08T15:12:10.397+0000] {dag.py:3954} INFO - Setting next_dagrun for dataset_consumes_1_and_2 to None, run_after=None
[2024-06-08T15:12:10.399+0000] {logging_mixin.py:188} INFO - [2024-06-08T15:12:10.399+0000] {dag.py:3954} INFO - Setting next_dagrun for dataset_consumes_1_never_scheduled to None, run_after=None
[2024-06-08T15:12:10.402+0000] {logging_mixin.py:188} INFO - [2024-06-08T15:12:10.401+0000] {dag.py:3954} INFO - Setting next_dagrun for dataset_consumes_unknown_never_scheduled to None, run_after=None
[2024-06-08T15:12:10.405+0000] {logging_mixin.py:188} INFO - [2024-06-08T15:12:10.405+0000] {dag.py:3954} INFO - Setting next_dagrun for dataset_produces_1 to 2024-06-07 00:00:00+00:00, run_after=2024-06-08 00:00:00+00:00
[2024-06-08T15:12:10.410+0000] {logging_mixin.py:188} INFO - [2024-06-08T15:12:10.410+0000] {dag.py:3954} INFO - Setting next_dagrun for dataset_produces_2 to None, run_after=None
[2024-06-08T15:12:10.466+0000] {processor.py:183} INFO - Processing /home/airflow/.local/lib/python3.12/site-packages/airflow/example_dags/example_datasets.py took 0.231 seconds
[2024-06-08T16:13:10.888+0000] {processor.py:161} INFO - Started process (PID=64192) to work on /home/airflow/.local/lib/python3.12/site-packages/airflow/example_dags/example_datasets.py
[2024-06-08T16:13:10.890+0000] {processor.py:830} INFO - Processing file /home/airflow/.local/lib/python3.12/site-packages/airflow/example_dags/example_datasets.py for tasks to queue
[2024-06-08T16:13:10.892+0000] {logging_mixin.py:188} INFO - [2024-06-08T16:13:10.891+0000] {dagbag.py:545} INFO - Filling up the DagBag from /home/airflow/.local/lib/python3.12/site-packages/airflow/example_dags/example_datasets.py
[2024-06-08T16:13:10.946+0000] {processor.py:840} INFO - DAG(s) 'conditional_dataset_and_time_based_timetable', 'dataset_produces_1', 'dataset_consumes_1_never_scheduled', 'consume_1_or_both_2_and_3_with_dataset_expressions', 'dataset_consumes_1_and_2', 'consume_1_and_2_with_dataset_expressions', 'dataset_consumes_1', 'consume_1_or_2_with_dataset_expressions', 'dataset_produces_2', 'dataset_consumes_unknown_never_scheduled' retrieved from /home/airflow/.local/lib/python3.12/site-packages/airflow/example_dags/example_datasets.py
[2024-06-08T16:13:11.064+0000] {logging_mixin.py:188} INFO - [2024-06-08T16:13:11.064+0000] {dag.py:3096} INFO - Sync 10 DAGs
[2024-06-08T16:13:11.143+0000] {logging_mixin.py:188} INFO - [2024-06-08T16:13:11.142+0000] {dag.py:3954} INFO - Setting next_dagrun for conditional_dataset_and_time_based_timetable to 2024-06-05 01:00:00+00:00, run_after=2024-06-05 01:00:00+00:00
[2024-06-08T16:13:11.153+0000] {logging_mixin.py:188} INFO - [2024-06-08T16:13:11.152+0000] {dag.py:3954} INFO - Setting next_dagrun for consume_1_and_2_with_dataset_expressions to None, run_after=None
[2024-06-08T16:13:11.156+0000] {logging_mixin.py:188} INFO - [2024-06-08T16:13:11.156+0000] {dag.py:3954} INFO - Setting next_dagrun for consume_1_or_2_with_dataset_expressions to None, run_after=None
[2024-06-08T16:13:11.159+0000] {logging_mixin.py:188} INFO - [2024-06-08T16:13:11.159+0000] {dag.py:3954} INFO - Setting next_dagrun for consume_1_or_both_2_and_3_with_dataset_expressions to None, run_after=None
[2024-06-08T16:13:11.162+0000] {logging_mixin.py:188} INFO - [2024-06-08T16:13:11.162+0000] {dag.py:3954} INFO - Setting next_dagrun for dataset_consumes_1 to None, run_after=None
[2024-06-08T16:13:11.166+0000] {logging_mixin.py:188} INFO - [2024-06-08T16:13:11.166+0000] {dag.py:3954} INFO - Setting next_dagrun for dataset_consumes_1_and_2 to None, run_after=None
[2024-06-08T16:13:11.170+0000] {logging_mixin.py:188} INFO - [2024-06-08T16:13:11.169+0000] {dag.py:3954} INFO - Setting next_dagrun for dataset_consumes_1_never_scheduled to None, run_after=None
[2024-06-08T16:13:11.173+0000] {logging_mixin.py:188} INFO - [2024-06-08T16:13:11.173+0000] {dag.py:3954} INFO - Setting next_dagrun for dataset_consumes_unknown_never_scheduled to None, run_after=None
[2024-06-08T16:13:11.179+0000] {logging_mixin.py:188} INFO - [2024-06-08T16:13:11.179+0000] {dag.py:3954} INFO - Setting next_dagrun for dataset_produces_1 to 2024-06-07 00:00:00+00:00, run_after=2024-06-08 00:00:00+00:00
[2024-06-08T16:13:11.182+0000] {logging_mixin.py:188} INFO - [2024-06-08T16:13:11.182+0000] {dag.py:3954} INFO - Setting next_dagrun for dataset_produces_2 to None, run_after=None
[2024-06-08T16:13:11.264+0000] {processor.py:183} INFO - Processing /home/airflow/.local/lib/python3.12/site-packages/airflow/example_dags/example_datasets.py took 0.388 seconds
[2024-06-08T16:13:41.348+0000] {processor.py:161} INFO - Started process (PID=64253) to work on /home/airflow/.local/lib/python3.12/site-packages/airflow/example_dags/example_datasets.py
[2024-06-08T16:13:41.350+0000] {processor.py:830} INFO - Processing file /home/airflow/.local/lib/python3.12/site-packages/airflow/example_dags/example_datasets.py for tasks to queue
[2024-06-08T16:13:41.351+0000] {logging_mixin.py:188} INFO - [2024-06-08T16:13:41.351+0000] {dagbag.py:545} INFO - Filling up the DagBag from /home/airflow/.local/lib/python3.12/site-packages/airflow/example_dags/example_datasets.py
[2024-06-08T16:13:41.370+0000] {processor.py:840} INFO - DAG(s) 'consume_1_or_2_with_dataset_expressions', 'consume_1_and_2_with_dataset_expressions', 'dataset_consumes_1_and_2', 'dataset_consumes_1_never_scheduled', 'consume_1_or_both_2_and_3_with_dataset_expressions', 'dataset_consumes_unknown_never_scheduled', 'dataset_produces_1', 'dataset_produces_2', 'dataset_consumes_1', 'conditional_dataset_and_time_based_timetable' retrieved from /home/airflow/.local/lib/python3.12/site-packages/airflow/example_dags/example_datasets.py
[2024-06-08T16:13:41.429+0000] {logging_mixin.py:188} INFO - [2024-06-08T16:13:41.429+0000] {dag.py:3096} INFO - Sync 10 DAGs
[2024-06-08T16:13:41.461+0000] {logging_mixin.py:188} INFO - [2024-06-08T16:13:41.461+0000] {dag.py:3954} INFO - Setting next_dagrun for conditional_dataset_and_time_based_timetable to 2024-06-05 01:00:00+00:00, run_after=2024-06-05 01:00:00+00:00
[2024-06-08T16:13:41.466+0000] {logging_mixin.py:188} INFO - [2024-06-08T16:13:41.466+0000] {dag.py:3954} INFO - Setting next_dagrun for consume_1_and_2_with_dataset_expressions to None, run_after=None
[2024-06-08T16:13:41.468+0000] {logging_mixin.py:188} INFO - [2024-06-08T16:13:41.468+0000] {dag.py:3954} INFO - Setting next_dagrun for consume_1_or_2_with_dataset_expressions to None, run_after=None
[2024-06-08T16:13:41.470+0000] {logging_mixin.py:188} INFO - [2024-06-08T16:13:41.470+0000] {dag.py:3954} INFO - Setting next_dagrun for consume_1_or_both_2_and_3_with_dataset_expressions to None, run_after=None
[2024-06-08T16:13:41.472+0000] {logging_mixin.py:188} INFO - [2024-06-08T16:13:41.472+0000] {dag.py:3954} INFO - Setting next_dagrun for dataset_consumes_1 to None, run_after=None
[2024-06-08T16:13:41.475+0000] {logging_mixin.py:188} INFO - [2024-06-08T16:13:41.475+0000] {dag.py:3954} INFO - Setting next_dagrun for dataset_consumes_1_and_2 to None, run_after=None
[2024-06-08T16:13:41.477+0000] {logging_mixin.py:188} INFO - [2024-06-08T16:13:41.477+0000] {dag.py:3954} INFO - Setting next_dagrun for dataset_consumes_1_never_scheduled to None, run_after=None
[2024-06-08T16:13:41.480+0000] {logging_mixin.py:188} INFO - [2024-06-08T16:13:41.479+0000] {dag.py:3954} INFO - Setting next_dagrun for dataset_consumes_unknown_never_scheduled to None, run_after=None
[2024-06-08T16:13:41.484+0000] {logging_mixin.py:188} INFO - [2024-06-08T16:13:41.484+0000] {dag.py:3954} INFO - Setting next_dagrun for dataset_produces_1 to 2024-06-07 00:00:00+00:00, run_after=2024-06-08 00:00:00+00:00
[2024-06-08T16:13:41.486+0000] {logging_mixin.py:188} INFO - [2024-06-08T16:13:41.486+0000] {dag.py:3954} INFO - Setting next_dagrun for dataset_produces_2 to None, run_after=None
[2024-06-08T16:13:41.528+0000] {processor.py:183} INFO - Processing /home/airflow/.local/lib/python3.12/site-packages/airflow/example_dags/example_datasets.py took 0.188 seconds
[2024-06-08T17:14:33.047+0000] {processor.py:161} INFO - Started process (PID=64312) to work on /home/airflow/.local/lib/python3.12/site-packages/airflow/example_dags/example_datasets.py
[2024-06-08T17:14:33.048+0000] {processor.py:830} INFO - Processing file /home/airflow/.local/lib/python3.12/site-packages/airflow/example_dags/example_datasets.py for tasks to queue
[2024-06-08T17:14:33.050+0000] {logging_mixin.py:188} INFO - [2024-06-08T17:14:33.050+0000] {dagbag.py:545} INFO - Filling up the DagBag from /home/airflow/.local/lib/python3.12/site-packages/airflow/example_dags/example_datasets.py
[2024-06-08T17:14:33.073+0000] {processor.py:840} INFO - DAG(s) 'dataset_produces_2', 'consume_1_or_2_with_dataset_expressions', 'dataset_consumes_1_and_2', 'consume_1_and_2_with_dataset_expressions', 'conditional_dataset_and_time_based_timetable', 'dataset_consumes_1', 'consume_1_or_both_2_and_3_with_dataset_expressions', 'dataset_produces_1', 'dataset_consumes_1_never_scheduled', 'dataset_consumes_unknown_never_scheduled' retrieved from /home/airflow/.local/lib/python3.12/site-packages/airflow/example_dags/example_datasets.py
[2024-06-08T17:14:33.134+0000] {logging_mixin.py:188} INFO - [2024-06-08T17:14:33.134+0000] {dag.py:3096} INFO - Sync 10 DAGs
[2024-06-08T17:14:33.200+0000] {logging_mixin.py:188} INFO - [2024-06-08T17:14:33.200+0000] {dag.py:3954} INFO - Setting next_dagrun for conditional_dataset_and_time_based_timetable to 2024-06-05 01:00:00+00:00, run_after=2024-06-05 01:00:00+00:00
[2024-06-08T17:14:33.207+0000] {logging_mixin.py:188} INFO - [2024-06-08T17:14:33.206+0000] {dag.py:3954} INFO - Setting next_dagrun for consume_1_and_2_with_dataset_expressions to None, run_after=None
[2024-06-08T17:14:33.210+0000] {logging_mixin.py:188} INFO - [2024-06-08T17:14:33.209+0000] {dag.py:3954} INFO - Setting next_dagrun for consume_1_or_2_with_dataset_expressions to None, run_after=None
[2024-06-08T17:14:33.212+0000] {logging_mixin.py:188} INFO - [2024-06-08T17:14:33.212+0000] {dag.py:3954} INFO - Setting next_dagrun for consume_1_or_both_2_and_3_with_dataset_expressions to None, run_after=None
[2024-06-08T17:14:33.215+0000] {logging_mixin.py:188} INFO - [2024-06-08T17:14:33.215+0000] {dag.py:3954} INFO - Setting next_dagrun for dataset_consumes_1 to None, run_after=None
[2024-06-08T17:14:33.219+0000] {logging_mixin.py:188} INFO - [2024-06-08T17:14:33.218+0000] {dag.py:3954} INFO - Setting next_dagrun for dataset_consumes_1_and_2 to None, run_after=None
[2024-06-08T17:14:33.222+0000] {logging_mixin.py:188} INFO - [2024-06-08T17:14:33.221+0000] {dag.py:3954} INFO - Setting next_dagrun for dataset_consumes_1_never_scheduled to None, run_after=None
[2024-06-08T17:14:33.226+0000] {logging_mixin.py:188} INFO - [2024-06-08T17:14:33.226+0000] {dag.py:3954} INFO - Setting next_dagrun for dataset_consumes_unknown_never_scheduled to None, run_after=None
[2024-06-08T17:14:33.231+0000] {logging_mixin.py:188} INFO - [2024-06-08T17:14:33.231+0000] {dag.py:3954} INFO - Setting next_dagrun for dataset_produces_1 to 2024-06-07 00:00:00+00:00, run_after=2024-06-08 00:00:00+00:00
[2024-06-08T17:14:33.235+0000] {logging_mixin.py:188} INFO - [2024-06-08T17:14:33.234+0000] {dag.py:3954} INFO - Setting next_dagrun for dataset_produces_2 to None, run_after=None
[2024-06-08T17:14:33.282+0000] {processor.py:183} INFO - Processing /home/airflow/.local/lib/python3.12/site-packages/airflow/example_dags/example_datasets.py took 0.244 seconds
[2024-06-08T18:08:37.432+0000] {processor.py:161} INFO - Started process (PID=64372) to work on /home/airflow/.local/lib/python3.12/site-packages/airflow/example_dags/example_datasets.py
[2024-06-08T18:08:37.434+0000] {processor.py:830} INFO - Processing file /home/airflow/.local/lib/python3.12/site-packages/airflow/example_dags/example_datasets.py for tasks to queue
[2024-06-08T18:08:37.437+0000] {logging_mixin.py:188} INFO - [2024-06-08T18:08:37.436+0000] {dagbag.py:545} INFO - Filling up the DagBag from /home/airflow/.local/lib/python3.12/site-packages/airflow/example_dags/example_datasets.py
[2024-06-08T18:08:37.476+0000] {processor.py:840} INFO - DAG(s) 'dataset_produces_2', 'consume_1_and_2_with_dataset_expressions', 'conditional_dataset_and_time_based_timetable', 'dataset_consumes_unknown_never_scheduled', 'consume_1_or_both_2_and_3_with_dataset_expressions', 'dataset_consumes_1_and_2', 'dataset_consumes_1', 'dataset_produces_1', 'dataset_consumes_1_never_scheduled', 'consume_1_or_2_with_dataset_expressions' retrieved from /home/airflow/.local/lib/python3.12/site-packages/airflow/example_dags/example_datasets.py
[2024-06-08T18:08:37.575+0000] {logging_mixin.py:188} INFO - [2024-06-08T18:08:37.575+0000] {dag.py:3096} INFO - Sync 10 DAGs
[2024-06-08T18:08:37.644+0000] {logging_mixin.py:188} INFO - [2024-06-08T18:08:37.644+0000] {dag.py:3954} INFO - Setting next_dagrun for conditional_dataset_and_time_based_timetable to 2024-06-05 01:00:00+00:00, run_after=2024-06-05 01:00:00+00:00
[2024-06-08T18:08:37.654+0000] {logging_mixin.py:188} INFO - [2024-06-08T18:08:37.654+0000] {dag.py:3954} INFO - Setting next_dagrun for consume_1_and_2_with_dataset_expressions to None, run_after=None
[2024-06-08T18:08:37.657+0000] {logging_mixin.py:188} INFO - [2024-06-08T18:08:37.656+0000] {dag.py:3954} INFO - Setting next_dagrun for consume_1_or_2_with_dataset_expressions to None, run_after=None
[2024-06-08T18:08:37.659+0000] {logging_mixin.py:188} INFO - [2024-06-08T18:08:37.659+0000] {dag.py:3954} INFO - Setting next_dagrun for consume_1_or_both_2_and_3_with_dataset_expressions to None, run_after=None
[2024-06-08T18:08:37.663+0000] {logging_mixin.py:188} INFO - [2024-06-08T18:08:37.662+0000] {dag.py:3954} INFO - Setting next_dagrun for dataset_consumes_1 to None, run_after=None
[2024-06-08T18:08:37.665+0000] {logging_mixin.py:188} INFO - [2024-06-08T18:08:37.665+0000] {dag.py:3954} INFO - Setting next_dagrun for dataset_consumes_1_and_2 to None, run_after=None
[2024-06-08T18:08:37.669+0000] {logging_mixin.py:188} INFO - [2024-06-08T18:08:37.668+0000] {dag.py:3954} INFO - Setting next_dagrun for dataset_consumes_1_never_scheduled to None, run_after=None
[2024-06-08T18:08:37.674+0000] {logging_mixin.py:188} INFO - [2024-06-08T18:08:37.673+0000] {dag.py:3954} INFO - Setting next_dagrun for dataset_consumes_unknown_never_scheduled to None, run_after=None
[2024-06-08T18:08:37.679+0000] {logging_mixin.py:188} INFO - [2024-06-08T18:08:37.679+0000] {dag.py:3954} INFO - Setting next_dagrun for dataset_produces_1 to 2024-06-07 00:00:00+00:00, run_after=2024-06-08 00:00:00+00:00
[2024-06-08T18:08:37.684+0000] {logging_mixin.py:188} INFO - [2024-06-08T18:08:37.683+0000] {dag.py:3954} INFO - Setting next_dagrun for dataset_produces_2 to None, run_after=None
[2024-06-08T18:08:37.759+0000] {processor.py:183} INFO - Processing /home/airflow/.local/lib/python3.12/site-packages/airflow/example_dags/example_datasets.py took 0.338 seconds
[2024-06-08T18:15:48.547+0000] {processor.py:161} INFO - Started process (PID=64432) to work on /home/airflow/.local/lib/python3.12/site-packages/airflow/example_dags/example_datasets.py
[2024-06-08T18:15:48.548+0000] {processor.py:830} INFO - Processing file /home/airflow/.local/lib/python3.12/site-packages/airflow/example_dags/example_datasets.py for tasks to queue
[2024-06-08T18:15:48.549+0000] {logging_mixin.py:188} INFO - [2024-06-08T18:15:48.549+0000] {dagbag.py:545} INFO - Filling up the DagBag from /home/airflow/.local/lib/python3.12/site-packages/airflow/example_dags/example_datasets.py
[2024-06-08T18:15:48.568+0000] {processor.py:840} INFO - DAG(s) 'dataset_consumes_1', 'conditional_dataset_and_time_based_timetable', 'consume_1_or_2_with_dataset_expressions', 'consume_1_or_both_2_and_3_with_dataset_expressions', 'consume_1_and_2_with_dataset_expressions', 'dataset_consumes_1_and_2', 'dataset_consumes_unknown_never_scheduled', 'dataset_produces_2', 'dataset_consumes_1_never_scheduled', 'dataset_produces_1' retrieved from /home/airflow/.local/lib/python3.12/site-packages/airflow/example_dags/example_datasets.py
[2024-06-08T18:15:48.628+0000] {logging_mixin.py:188} INFO - [2024-06-08T18:15:48.628+0000] {dag.py:3096} INFO - Sync 10 DAGs
[2024-06-08T18:15:48.661+0000] {logging_mixin.py:188} INFO - [2024-06-08T18:15:48.661+0000] {dag.py:3954} INFO - Setting next_dagrun for conditional_dataset_and_time_based_timetable to 2024-06-05 01:00:00+00:00, run_after=2024-06-05 01:00:00+00:00
[2024-06-08T18:15:48.666+0000] {logging_mixin.py:188} INFO - [2024-06-08T18:15:48.666+0000] {dag.py:3954} INFO - Setting next_dagrun for consume_1_and_2_with_dataset_expressions to None, run_after=None
[2024-06-08T18:15:48.668+0000] {logging_mixin.py:188} INFO - [2024-06-08T18:15:48.668+0000] {dag.py:3954} INFO - Setting next_dagrun for consume_1_or_2_with_dataset_expressions to None, run_after=None
[2024-06-08T18:15:48.670+0000] {logging_mixin.py:188} INFO - [2024-06-08T18:15:48.670+0000] {dag.py:3954} INFO - Setting next_dagrun for consume_1_or_both_2_and_3_with_dataset_expressions to None, run_after=None
[2024-06-08T18:15:48.672+0000] {logging_mixin.py:188} INFO - [2024-06-08T18:15:48.672+0000] {dag.py:3954} INFO - Setting next_dagrun for dataset_consumes_1 to None, run_after=None
[2024-06-08T18:15:48.674+0000] {logging_mixin.py:188} INFO - [2024-06-08T18:15:48.674+0000] {dag.py:3954} INFO - Setting next_dagrun for dataset_consumes_1_and_2 to None, run_after=None
[2024-06-08T18:15:48.676+0000] {logging_mixin.py:188} INFO - [2024-06-08T18:15:48.676+0000] {dag.py:3954} INFO - Setting next_dagrun for dataset_consumes_1_never_scheduled to None, run_after=None
[2024-06-08T18:15:48.678+0000] {logging_mixin.py:188} INFO - [2024-06-08T18:15:48.678+0000] {dag.py:3954} INFO - Setting next_dagrun for dataset_consumes_unknown_never_scheduled to None, run_after=None
[2024-06-08T18:15:48.681+0000] {logging_mixin.py:188} INFO - [2024-06-08T18:15:48.681+0000] {dag.py:3954} INFO - Setting next_dagrun for dataset_produces_1 to 2024-06-07 00:00:00+00:00, run_after=2024-06-08 00:00:00+00:00
[2024-06-08T18:15:48.683+0000] {logging_mixin.py:188} INFO - [2024-06-08T18:15:48.683+0000] {dag.py:3954} INFO - Setting next_dagrun for dataset_produces_2 to None, run_after=None
[2024-06-08T18:15:48.726+0000] {processor.py:183} INFO - Processing /home/airflow/.local/lib/python3.12/site-packages/airflow/example_dags/example_datasets.py took 0.187 seconds
[2024-06-08T18:52:15.357+0000] {processor.py:161} INFO - Started process (PID=64492) to work on /home/airflow/.local/lib/python3.12/site-packages/airflow/example_dags/example_datasets.py
[2024-06-08T18:52:15.359+0000] {processor.py:830} INFO - Processing file /home/airflow/.local/lib/python3.12/site-packages/airflow/example_dags/example_datasets.py for tasks to queue
[2024-06-08T18:52:15.361+0000] {logging_mixin.py:188} INFO - [2024-06-08T18:52:15.360+0000] {dagbag.py:545} INFO - Filling up the DagBag from /home/airflow/.local/lib/python3.12/site-packages/airflow/example_dags/example_datasets.py
[2024-06-08T18:52:15.389+0000] {processor.py:840} INFO - DAG(s) 'conditional_dataset_and_time_based_timetable', 'dataset_consumes_1', 'dataset_consumes_1_never_scheduled', 'consume_1_or_2_with_dataset_expressions', 'consume_1_and_2_with_dataset_expressions', 'consume_1_or_both_2_and_3_with_dataset_expressions', 'dataset_consumes_unknown_never_scheduled', 'dataset_produces_1', 'dataset_produces_2', 'dataset_consumes_1_and_2' retrieved from /home/airflow/.local/lib/python3.12/site-packages/airflow/example_dags/example_datasets.py
[2024-06-08T18:52:15.467+0000] {logging_mixin.py:188} INFO - [2024-06-08T18:52:15.467+0000] {dag.py:3096} INFO - Sync 10 DAGs
[2024-06-08T18:52:15.502+0000] {logging_mixin.py:188} INFO - [2024-06-08T18:52:15.502+0000] {dag.py:3954} INFO - Setting next_dagrun for conditional_dataset_and_time_based_timetable to 2024-06-05 01:00:00+00:00, run_after=2024-06-05 01:00:00+00:00
[2024-06-08T18:52:15.507+0000] {logging_mixin.py:188} INFO - [2024-06-08T18:52:15.507+0000] {dag.py:3954} INFO - Setting next_dagrun for consume_1_and_2_with_dataset_expressions to None, run_after=None
[2024-06-08T18:52:15.509+0000] {logging_mixin.py:188} INFO - [2024-06-08T18:52:15.509+0000] {dag.py:3954} INFO - Setting next_dagrun for consume_1_or_2_with_dataset_expressions to None, run_after=None
[2024-06-08T18:52:15.511+0000] {logging_mixin.py:188} INFO - [2024-06-08T18:52:15.511+0000] {dag.py:3954} INFO - Setting next_dagrun for consume_1_or_both_2_and_3_with_dataset_expressions to None, run_after=None
[2024-06-08T18:52:15.513+0000] {logging_mixin.py:188} INFO - [2024-06-08T18:52:15.513+0000] {dag.py:3954} INFO - Setting next_dagrun for dataset_consumes_1 to None, run_after=None
[2024-06-08T18:52:15.515+0000] {logging_mixin.py:188} INFO - [2024-06-08T18:52:15.515+0000] {dag.py:3954} INFO - Setting next_dagrun for dataset_consumes_1_and_2 to None, run_after=None
[2024-06-08T18:52:15.517+0000] {logging_mixin.py:188} INFO - [2024-06-08T18:52:15.517+0000] {dag.py:3954} INFO - Setting next_dagrun for dataset_consumes_1_never_scheduled to None, run_after=None
[2024-06-08T18:52:15.519+0000] {logging_mixin.py:188} INFO - [2024-06-08T18:52:15.519+0000] {dag.py:3954} INFO - Setting next_dagrun for dataset_consumes_unknown_never_scheduled to None, run_after=None
[2024-06-08T18:52:15.522+0000] {logging_mixin.py:188} INFO - [2024-06-08T18:52:15.522+0000] {dag.py:3954} INFO - Setting next_dagrun for dataset_produces_1 to 2024-06-07 00:00:00+00:00, run_after=2024-06-08 00:00:00+00:00
[2024-06-08T18:52:15.524+0000] {logging_mixin.py:188} INFO - [2024-06-08T18:52:15.524+0000] {dag.py:3954} INFO - Setting next_dagrun for dataset_produces_2 to None, run_after=None
[2024-06-08T18:52:15.576+0000] {processor.py:183} INFO - Processing /home/airflow/.local/lib/python3.12/site-packages/airflow/example_dags/example_datasets.py took 0.227 seconds
[2024-06-08T18:52:49.431+0000] {processor.py:161} INFO - Started process (PID=64552) to work on /home/airflow/.local/lib/python3.12/site-packages/airflow/example_dags/example_datasets.py
[2024-06-08T18:52:49.433+0000] {processor.py:830} INFO - Processing file /home/airflow/.local/lib/python3.12/site-packages/airflow/example_dags/example_datasets.py for tasks to queue
[2024-06-08T18:52:49.435+0000] {logging_mixin.py:188} INFO - [2024-06-08T18:52:49.434+0000] {dagbag.py:545} INFO - Filling up the DagBag from /home/airflow/.local/lib/python3.12/site-packages/airflow/example_dags/example_datasets.py
[2024-06-08T18:52:49.472+0000] {processor.py:840} INFO - DAG(s) 'consume_1_or_2_with_dataset_expressions', 'dataset_consumes_1_and_2', 'conditional_dataset_and_time_based_timetable', 'dataset_consumes_1_never_scheduled', 'consume_1_and_2_with_dataset_expressions', 'dataset_consumes_unknown_never_scheduled', 'consume_1_or_both_2_and_3_with_dataset_expressions', 'dataset_consumes_1', 'dataset_produces_2', 'dataset_produces_1' retrieved from /home/airflow/.local/lib/python3.12/site-packages/airflow/example_dags/example_datasets.py
[2024-06-08T18:52:49.567+0000] {logging_mixin.py:188} INFO - [2024-06-08T18:52:49.567+0000] {dag.py:3096} INFO - Sync 10 DAGs
[2024-06-08T18:52:49.613+0000] {logging_mixin.py:188} INFO - [2024-06-08T18:52:49.612+0000] {dag.py:3954} INFO - Setting next_dagrun for conditional_dataset_and_time_based_timetable to 2024-06-05 01:00:00+00:00, run_after=2024-06-05 01:00:00+00:00
[2024-06-08T18:52:49.624+0000] {logging_mixin.py:188} INFO - [2024-06-08T18:52:49.623+0000] {dag.py:3954} INFO - Setting next_dagrun for consume_1_and_2_with_dataset_expressions to None, run_after=None
[2024-06-08T18:52:49.627+0000] {logging_mixin.py:188} INFO - [2024-06-08T18:52:49.627+0000] {dag.py:3954} INFO - Setting next_dagrun for consume_1_or_2_with_dataset_expressions to None, run_after=None
[2024-06-08T18:52:49.630+0000] {logging_mixin.py:188} INFO - [2024-06-08T18:52:49.629+0000] {dag.py:3954} INFO - Setting next_dagrun for consume_1_or_both_2_and_3_with_dataset_expressions to None, run_after=None
[2024-06-08T18:52:49.633+0000] {logging_mixin.py:188} INFO - [2024-06-08T18:52:49.632+0000] {dag.py:3954} INFO - Setting next_dagrun for dataset_consumes_1 to None, run_after=None
[2024-06-08T18:52:49.636+0000] {logging_mixin.py:188} INFO - [2024-06-08T18:52:49.635+0000] {dag.py:3954} INFO - Setting next_dagrun for dataset_consumes_1_and_2 to None, run_after=None
[2024-06-08T18:52:49.640+0000] {logging_mixin.py:188} INFO - [2024-06-08T18:52:49.640+0000] {dag.py:3954} INFO - Setting next_dagrun for dataset_consumes_1_never_scheduled to None, run_after=None
[2024-06-08T18:52:49.646+0000] {logging_mixin.py:188} INFO - [2024-06-08T18:52:49.646+0000] {dag.py:3954} INFO - Setting next_dagrun for dataset_consumes_unknown_never_scheduled to None, run_after=None
[2024-06-08T18:52:49.653+0000] {logging_mixin.py:188} INFO - [2024-06-08T18:52:49.652+0000] {dag.py:3954} INFO - Setting next_dagrun for dataset_produces_1 to 2024-06-07 00:00:00+00:00, run_after=2024-06-08 00:00:00+00:00
[2024-06-08T18:52:49.656+0000] {logging_mixin.py:188} INFO - [2024-06-08T18:52:49.656+0000] {dag.py:3954} INFO - Setting next_dagrun for dataset_produces_2 to None, run_after=None
[2024-06-08T18:52:49.773+0000] {processor.py:183} INFO - Processing /home/airflow/.local/lib/python3.12/site-packages/airflow/example_dags/example_datasets.py took 0.352 seconds
[2024-06-08T19:12:39.380+0000] {processor.py:161} INFO - Started process (PID=64612) to work on /home/airflow/.local/lib/python3.12/site-packages/airflow/example_dags/example_datasets.py
[2024-06-08T19:12:39.381+0000] {processor.py:830} INFO - Processing file /home/airflow/.local/lib/python3.12/site-packages/airflow/example_dags/example_datasets.py for tasks to queue
[2024-06-08T19:12:39.382+0000] {logging_mixin.py:188} INFO - [2024-06-08T19:12:39.382+0000] {dagbag.py:545} INFO - Filling up the DagBag from /home/airflow/.local/lib/python3.12/site-packages/airflow/example_dags/example_datasets.py
[2024-06-08T19:12:39.401+0000] {processor.py:840} INFO - DAG(s) 'dataset_consumes_1', 'dataset_consumes_unknown_never_scheduled', 'consume_1_or_2_with_dataset_expressions', 'consume_1_and_2_with_dataset_expressions', 'consume_1_or_both_2_and_3_with_dataset_expressions', 'dataset_produces_2', 'dataset_consumes_1_never_scheduled', 'dataset_produces_1', 'dataset_consumes_1_and_2', 'conditional_dataset_and_time_based_timetable' retrieved from /home/airflow/.local/lib/python3.12/site-packages/airflow/example_dags/example_datasets.py
[2024-06-08T19:12:39.462+0000] {logging_mixin.py:188} INFO - [2024-06-08T19:12:39.462+0000] {dag.py:3096} INFO - Sync 10 DAGs
[2024-06-08T19:12:39.494+0000] {logging_mixin.py:188} INFO - [2024-06-08T19:12:39.494+0000] {dag.py:3954} INFO - Setting next_dagrun for conditional_dataset_and_time_based_timetable to 2024-06-05 01:00:00+00:00, run_after=2024-06-05 01:00:00+00:00
[2024-06-08T19:12:39.499+0000] {logging_mixin.py:188} INFO - [2024-06-08T19:12:39.499+0000] {dag.py:3954} INFO - Setting next_dagrun for consume_1_and_2_with_dataset_expressions to None, run_after=None
[2024-06-08T19:12:39.501+0000] {logging_mixin.py:188} INFO - [2024-06-08T19:12:39.501+0000] {dag.py:3954} INFO - Setting next_dagrun for consume_1_or_2_with_dataset_expressions to None, run_after=None
[2024-06-08T19:12:39.503+0000] {logging_mixin.py:188} INFO - [2024-06-08T19:12:39.503+0000] {dag.py:3954} INFO - Setting next_dagrun for consume_1_or_both_2_and_3_with_dataset_expressions to None, run_after=None
[2024-06-08T19:12:39.505+0000] {logging_mixin.py:188} INFO - [2024-06-08T19:12:39.505+0000] {dag.py:3954} INFO - Setting next_dagrun for dataset_consumes_1 to None, run_after=None
[2024-06-08T19:12:39.507+0000] {logging_mixin.py:188} INFO - [2024-06-08T19:12:39.507+0000] {dag.py:3954} INFO - Setting next_dagrun for dataset_consumes_1_and_2 to None, run_after=None
[2024-06-08T19:12:39.509+0000] {logging_mixin.py:188} INFO - [2024-06-08T19:12:39.509+0000] {dag.py:3954} INFO - Setting next_dagrun for dataset_consumes_1_never_scheduled to None, run_after=None
[2024-06-08T19:12:39.511+0000] {logging_mixin.py:188} INFO - [2024-06-08T19:12:39.511+0000] {dag.py:3954} INFO - Setting next_dagrun for dataset_consumes_unknown_never_scheduled to None, run_after=None
[2024-06-08T19:12:39.514+0000] {logging_mixin.py:188} INFO - [2024-06-08T19:12:39.514+0000] {dag.py:3954} INFO - Setting next_dagrun for dataset_produces_1 to 2024-06-07 00:00:00+00:00, run_after=2024-06-08 00:00:00+00:00
[2024-06-08T19:12:39.516+0000] {logging_mixin.py:188} INFO - [2024-06-08T19:12:39.516+0000] {dag.py:3954} INFO - Setting next_dagrun for dataset_produces_2 to None, run_after=None
[2024-06-08T19:12:39.559+0000] {processor.py:183} INFO - Processing /home/airflow/.local/lib/python3.12/site-packages/airflow/example_dags/example_datasets.py took 0.187 seconds
[2024-06-08T19:16:52.594+0000] {processor.py:161} INFO - Started process (PID=64672) to work on /home/airflow/.local/lib/python3.12/site-packages/airflow/example_dags/example_datasets.py
[2024-06-08T19:16:52.596+0000] {processor.py:830} INFO - Processing file /home/airflow/.local/lib/python3.12/site-packages/airflow/example_dags/example_datasets.py for tasks to queue
[2024-06-08T19:16:52.597+0000] {logging_mixin.py:188} INFO - [2024-06-08T19:16:52.597+0000] {dagbag.py:545} INFO - Filling up the DagBag from /home/airflow/.local/lib/python3.12/site-packages/airflow/example_dags/example_datasets.py
[2024-06-08T19:16:52.619+0000] {processor.py:840} INFO - DAG(s) 'conditional_dataset_and_time_based_timetable', 'dataset_consumes_unknown_never_scheduled', 'dataset_consumes_1_never_scheduled', 'dataset_consumes_1_and_2', 'dataset_consumes_1', 'dataset_produces_2', 'dataset_produces_1', 'consume_1_and_2_with_dataset_expressions', 'consume_1_or_2_with_dataset_expressions', 'consume_1_or_both_2_and_3_with_dataset_expressions' retrieved from /home/airflow/.local/lib/python3.12/site-packages/airflow/example_dags/example_datasets.py
[2024-06-08T19:16:52.689+0000] {logging_mixin.py:188} INFO - [2024-06-08T19:16:52.689+0000] {dag.py:3096} INFO - Sync 10 DAGs
[2024-06-08T19:16:52.721+0000] {logging_mixin.py:188} INFO - [2024-06-08T19:16:52.721+0000] {dag.py:3954} INFO - Setting next_dagrun for conditional_dataset_and_time_based_timetable to 2024-06-05 01:00:00+00:00, run_after=2024-06-05 01:00:00+00:00
[2024-06-08T19:16:52.726+0000] {logging_mixin.py:188} INFO - [2024-06-08T19:16:52.726+0000] {dag.py:3954} INFO - Setting next_dagrun for consume_1_and_2_with_dataset_expressions to None, run_after=None
[2024-06-08T19:16:52.728+0000] {logging_mixin.py:188} INFO - [2024-06-08T19:16:52.728+0000] {dag.py:3954} INFO - Setting next_dagrun for consume_1_or_2_with_dataset_expressions to None, run_after=None
[2024-06-08T19:16:52.730+0000] {logging_mixin.py:188} INFO - [2024-06-08T19:16:52.730+0000] {dag.py:3954} INFO - Setting next_dagrun for consume_1_or_both_2_and_3_with_dataset_expressions to None, run_after=None
[2024-06-08T19:16:52.732+0000] {logging_mixin.py:188} INFO - [2024-06-08T19:16:52.732+0000] {dag.py:3954} INFO - Setting next_dagrun for dataset_consumes_1 to None, run_after=None
[2024-06-08T19:16:52.734+0000] {logging_mixin.py:188} INFO - [2024-06-08T19:16:52.734+0000] {dag.py:3954} INFO - Setting next_dagrun for dataset_consumes_1_and_2 to None, run_after=None
[2024-06-08T19:16:52.736+0000] {logging_mixin.py:188} INFO - [2024-06-08T19:16:52.736+0000] {dag.py:3954} INFO - Setting next_dagrun for dataset_consumes_1_never_scheduled to None, run_after=None
[2024-06-08T19:16:52.738+0000] {logging_mixin.py:188} INFO - [2024-06-08T19:16:52.738+0000] {dag.py:3954} INFO - Setting next_dagrun for dataset_consumes_unknown_never_scheduled to None, run_after=None
[2024-06-08T19:16:52.741+0000] {logging_mixin.py:188} INFO - [2024-06-08T19:16:52.741+0000] {dag.py:3954} INFO - Setting next_dagrun for dataset_produces_1 to 2024-06-07 00:00:00+00:00, run_after=2024-06-08 00:00:00+00:00
[2024-06-08T19:16:52.743+0000] {logging_mixin.py:188} INFO - [2024-06-08T19:16:52.743+0000] {dag.py:3954} INFO - Setting next_dagrun for dataset_produces_2 to None, run_after=None
[2024-06-08T19:16:52.792+0000] {processor.py:183} INFO - Processing /home/airflow/.local/lib/python3.12/site-packages/airflow/example_dags/example_datasets.py took 0.205 seconds
[2024-06-08T20:17:49.416+0000] {processor.py:161} INFO - Started process (PID=64732) to work on /home/airflow/.local/lib/python3.12/site-packages/airflow/example_dags/example_datasets.py
[2024-06-08T20:17:49.419+0000] {processor.py:830} INFO - Processing file /home/airflow/.local/lib/python3.12/site-packages/airflow/example_dags/example_datasets.py for tasks to queue
[2024-06-08T20:17:49.421+0000] {logging_mixin.py:188} INFO - [2024-06-08T20:17:49.420+0000] {dagbag.py:545} INFO - Filling up the DagBag from /home/airflow/.local/lib/python3.12/site-packages/airflow/example_dags/example_datasets.py
[2024-06-08T20:17:49.454+0000] {processor.py:840} INFO - DAG(s) 'consume_1_or_2_with_dataset_expressions', 'dataset_produces_2', 'consume_1_or_both_2_and_3_with_dataset_expressions', 'consume_1_and_2_with_dataset_expressions', 'dataset_consumes_1', 'dataset_consumes_1_never_scheduled', 'dataset_produces_1', 'dataset_consumes_1_and_2', 'dataset_consumes_unknown_never_scheduled', 'conditional_dataset_and_time_based_timetable' retrieved from /home/airflow/.local/lib/python3.12/site-packages/airflow/example_dags/example_datasets.py
[2024-06-08T20:17:49.550+0000] {logging_mixin.py:188} INFO - [2024-06-08T20:17:49.550+0000] {dag.py:3096} INFO - Sync 10 DAGs
[2024-06-08T20:17:49.615+0000] {logging_mixin.py:188} INFO - [2024-06-08T20:17:49.615+0000] {dag.py:3954} INFO - Setting next_dagrun for conditional_dataset_and_time_based_timetable to 2024-06-05 01:00:00+00:00, run_after=2024-06-05 01:00:00+00:00
[2024-06-08T20:17:49.626+0000] {logging_mixin.py:188} INFO - [2024-06-08T20:17:49.625+0000] {dag.py:3954} INFO - Setting next_dagrun for consume_1_and_2_with_dataset_expressions to None, run_after=None
[2024-06-08T20:17:49.628+0000] {logging_mixin.py:188} INFO - [2024-06-08T20:17:49.628+0000] {dag.py:3954} INFO - Setting next_dagrun for consume_1_or_2_with_dataset_expressions to None, run_after=None
[2024-06-08T20:17:49.631+0000] {logging_mixin.py:188} INFO - [2024-06-08T20:17:49.631+0000] {dag.py:3954} INFO - Setting next_dagrun for consume_1_or_both_2_and_3_with_dataset_expressions to None, run_after=None
[2024-06-08T20:17:49.633+0000] {logging_mixin.py:188} INFO - [2024-06-08T20:17:49.633+0000] {dag.py:3954} INFO - Setting next_dagrun for dataset_consumes_1 to None, run_after=None
[2024-06-08T20:17:49.636+0000] {logging_mixin.py:188} INFO - [2024-06-08T20:17:49.636+0000] {dag.py:3954} INFO - Setting next_dagrun for dataset_consumes_1_and_2 to None, run_after=None
[2024-06-08T20:17:49.639+0000] {logging_mixin.py:188} INFO - [2024-06-08T20:17:49.638+0000] {dag.py:3954} INFO - Setting next_dagrun for dataset_consumes_1_never_scheduled to None, run_after=None
[2024-06-08T20:17:49.641+0000] {logging_mixin.py:188} INFO - [2024-06-08T20:17:49.641+0000] {dag.py:3954} INFO - Setting next_dagrun for dataset_consumes_unknown_never_scheduled to None, run_after=None
[2024-06-08T20:17:49.646+0000] {logging_mixin.py:188} INFO - [2024-06-08T20:17:49.646+0000] {dag.py:3954} INFO - Setting next_dagrun for dataset_produces_1 to 2024-06-07 00:00:00+00:00, run_after=2024-06-08 00:00:00+00:00
[2024-06-08T20:17:49.649+0000] {logging_mixin.py:188} INFO - [2024-06-08T20:17:49.649+0000] {dag.py:3954} INFO - Setting next_dagrun for dataset_produces_2 to None, run_after=None
[2024-06-08T20:17:49.719+0000] {processor.py:183} INFO - Processing /home/airflow/.local/lib/python3.12/site-packages/airflow/example_dags/example_datasets.py took 0.314 seconds
[2024-06-08T20:18:31.468+0000] {processor.py:161} INFO - Started process (PID=64792) to work on /home/airflow/.local/lib/python3.12/site-packages/airflow/example_dags/example_datasets.py
[2024-06-08T20:18:31.471+0000] {processor.py:830} INFO - Processing file /home/airflow/.local/lib/python3.12/site-packages/airflow/example_dags/example_datasets.py for tasks to queue
[2024-06-08T20:18:31.473+0000] {logging_mixin.py:188} INFO - [2024-06-08T20:18:31.472+0000] {dagbag.py:545} INFO - Filling up the DagBag from /home/airflow/.local/lib/python3.12/site-packages/airflow/example_dags/example_datasets.py
[2024-06-08T20:18:31.534+0000] {processor.py:840} INFO - DAG(s) 'consume_1_or_2_with_dataset_expressions', 'dataset_produces_1', 'consume_1_and_2_with_dataset_expressions', 'conditional_dataset_and_time_based_timetable', 'dataset_consumes_1_never_scheduled', 'dataset_consumes_1_and_2', 'consume_1_or_both_2_and_3_with_dataset_expressions', 'dataset_consumes_unknown_never_scheduled', 'dataset_produces_2', 'dataset_consumes_1' retrieved from /home/airflow/.local/lib/python3.12/site-packages/airflow/example_dags/example_datasets.py
[2024-06-08T20:18:31.673+0000] {logging_mixin.py:188} INFO - [2024-06-08T20:18:31.673+0000] {dag.py:3096} INFO - Sync 10 DAGs
[2024-06-08T20:18:31.742+0000] {logging_mixin.py:188} INFO - [2024-06-08T20:18:31.741+0000] {dag.py:3954} INFO - Setting next_dagrun for conditional_dataset_and_time_based_timetable to 2024-06-05 01:00:00+00:00, run_after=2024-06-05 01:00:00+00:00
[2024-06-08T20:18:31.753+0000] {logging_mixin.py:188} INFO - [2024-06-08T20:18:31.753+0000] {dag.py:3954} INFO - Setting next_dagrun for consume_1_and_2_with_dataset_expressions to None, run_after=None
[2024-06-08T20:18:31.757+0000] {logging_mixin.py:188} INFO - [2024-06-08T20:18:31.756+0000] {dag.py:3954} INFO - Setting next_dagrun for consume_1_or_2_with_dataset_expressions to None, run_after=None
[2024-06-08T20:18:31.760+0000] {logging_mixin.py:188} INFO - [2024-06-08T20:18:31.760+0000] {dag.py:3954} INFO - Setting next_dagrun for consume_1_or_both_2_and_3_with_dataset_expressions to None, run_after=None
[2024-06-08T20:18:31.764+0000] {logging_mixin.py:188} INFO - [2024-06-08T20:18:31.763+0000] {dag.py:3954} INFO - Setting next_dagrun for dataset_consumes_1 to None, run_after=None
[2024-06-08T20:18:31.767+0000] {logging_mixin.py:188} INFO - [2024-06-08T20:18:31.767+0000] {dag.py:3954} INFO - Setting next_dagrun for dataset_consumes_1_and_2 to None, run_after=None
[2024-06-08T20:18:31.775+0000] {logging_mixin.py:188} INFO - [2024-06-08T20:18:31.774+0000] {dag.py:3954} INFO - Setting next_dagrun for dataset_consumes_1_never_scheduled to None, run_after=None
[2024-06-08T20:18:31.778+0000] {logging_mixin.py:188} INFO - [2024-06-08T20:18:31.778+0000] {dag.py:3954} INFO - Setting next_dagrun for dataset_consumes_unknown_never_scheduled to None, run_after=None
[2024-06-08T20:18:31.785+0000] {logging_mixin.py:188} INFO - [2024-06-08T20:18:31.785+0000] {dag.py:3954} INFO - Setting next_dagrun for dataset_produces_1 to 2024-06-07 00:00:00+00:00, run_after=2024-06-08 00:00:00+00:00
[2024-06-08T20:18:31.789+0000] {logging_mixin.py:188} INFO - [2024-06-08T20:18:31.789+0000] {dag.py:3954} INFO - Setting next_dagrun for dataset_produces_2 to None, run_after=None
[2024-06-08T20:18:31.891+0000] {processor.py:183} INFO - Processing /home/airflow/.local/lib/python3.12/site-packages/airflow/example_dags/example_datasets.py took 0.436 seconds
