[2024-06-08T02:26:00.776+0000] {processor.py:161} INFO - Started process (PID=63205) to work on /home/airflow/.local/lib/python3.12/site-packages/airflow/example_dags/example_params_ui_tutorial.py
[2024-06-08T02:26:00.777+0000] {processor.py:830} INFO - Processing file /home/airflow/.local/lib/python3.12/site-packages/airflow/example_dags/example_params_ui_tutorial.py for tasks to queue
[2024-06-08T02:26:00.779+0000] {logging_mixin.py:188} INFO - [2024-06-08T02:26:00.779+0000] {dagbag.py:545} INFO - Filling up the DagBag from /home/airflow/.local/lib/python3.12/site-packages/airflow/example_dags/example_params_ui_tutorial.py
[2024-06-08T02:26:00.795+0000] {processor.py:840} INFO - DAG(s) 'example_params_ui_tutorial' retrieved from /home/airflow/.local/lib/python3.12/site-packages/airflow/example_dags/example_params_ui_tutorial.py
[2024-06-08T02:26:00.978+0000] {logging_mixin.py:188} INFO - [2024-06-08T02:26:00.977+0000] {dag.py:3096} INFO - Sync 1 DAGs
[2024-06-08T02:26:00.991+0000] {logging_mixin.py:188} INFO - [2024-06-08T02:26:00.991+0000] {dag.py:3954} INFO - Setting next_dagrun for example_params_ui_tutorial to None, run_after=None
[2024-06-08T02:26:01.025+0000] {processor.py:183} INFO - Processing /home/airflow/.local/lib/python3.12/site-packages/airflow/example_dags/example_params_ui_tutorial.py took 0.258 seconds
[2024-06-08T02:26:34.015+0000] {processor.py:161} INFO - Started process (PID=63264) to work on /home/airflow/.local/lib/python3.12/site-packages/airflow/example_dags/example_params_ui_tutorial.py
[2024-06-08T02:26:34.017+0000] {processor.py:830} INFO - Processing file /home/airflow/.local/lib/python3.12/site-packages/airflow/example_dags/example_params_ui_tutorial.py for tasks to queue
[2024-06-08T02:26:34.018+0000] {logging_mixin.py:188} INFO - [2024-06-08T02:26:34.018+0000] {dagbag.py:545} INFO - Filling up the DagBag from /home/airflow/.local/lib/python3.12/site-packages/airflow/example_dags/example_params_ui_tutorial.py
[2024-06-08T02:26:34.035+0000] {processor.py:840} INFO - DAG(s) 'example_params_ui_tutorial' retrieved from /home/airflow/.local/lib/python3.12/site-packages/airflow/example_dags/example_params_ui_tutorial.py
[2024-06-08T02:26:34.110+0000] {logging_mixin.py:188} INFO - [2024-06-08T02:26:34.110+0000] {dag.py:3096} INFO - Sync 1 DAGs
[2024-06-08T02:26:34.130+0000] {logging_mixin.py:188} INFO - [2024-06-08T02:26:34.130+0000] {dag.py:3954} INFO - Setting next_dagrun for example_params_ui_tutorial to None, run_after=None
[2024-06-08T02:26:34.161+0000] {processor.py:183} INFO - Processing /home/airflow/.local/lib/python3.12/site-packages/airflow/example_dags/example_params_ui_tutorial.py took 0.156 seconds
[2024-06-08T07:02:56.570+0000] {processor.py:161} INFO - Started process (PID=63318) to work on /home/airflow/.local/lib/python3.12/site-packages/airflow/example_dags/example_params_ui_tutorial.py
[2024-06-08T07:02:56.572+0000] {processor.py:830} INFO - Processing file /home/airflow/.local/lib/python3.12/site-packages/airflow/example_dags/example_params_ui_tutorial.py for tasks to queue
[2024-06-08T07:02:56.574+0000] {logging_mixin.py:188} INFO - [2024-06-08T07:02:56.573+0000] {dagbag.py:545} INFO - Filling up the DagBag from /home/airflow/.local/lib/python3.12/site-packages/airflow/example_dags/example_params_ui_tutorial.py
[2024-06-08T07:02:56.596+0000] {processor.py:840} INFO - DAG(s) 'example_params_ui_tutorial' retrieved from /home/airflow/.local/lib/python3.12/site-packages/airflow/example_dags/example_params_ui_tutorial.py
[2024-06-08T07:02:56.672+0000] {logging_mixin.py:188} INFO - [2024-06-08T07:02:56.672+0000] {dag.py:3096} INFO - Sync 1 DAGs
[2024-06-08T07:02:56.690+0000] {logging_mixin.py:188} INFO - [2024-06-08T07:02:56.690+0000] {dag.py:3954} INFO - Setting next_dagrun for example_params_ui_tutorial to None, run_after=None
[2024-06-08T07:02:56.714+0000] {processor.py:183} INFO - Processing /home/airflow/.local/lib/python3.12/site-packages/airflow/example_dags/example_params_ui_tutorial.py took 0.153 seconds
[2024-06-08T07:15:55.483+0000] {processor.py:161} INFO - Started process (PID=63384) to work on /home/airflow/.local/lib/python3.12/site-packages/airflow/example_dags/example_params_ui_tutorial.py
[2024-06-08T07:15:55.484+0000] {processor.py:830} INFO - Processing file /home/airflow/.local/lib/python3.12/site-packages/airflow/example_dags/example_params_ui_tutorial.py for tasks to queue
[2024-06-08T07:15:55.486+0000] {logging_mixin.py:188} INFO - [2024-06-08T07:15:55.486+0000] {dagbag.py:545} INFO - Filling up the DagBag from /home/airflow/.local/lib/python3.12/site-packages/airflow/example_dags/example_params_ui_tutorial.py
[2024-06-08T07:15:55.503+0000] {processor.py:840} INFO - DAG(s) 'example_params_ui_tutorial' retrieved from /home/airflow/.local/lib/python3.12/site-packages/airflow/example_dags/example_params_ui_tutorial.py
[2024-06-08T07:15:55.588+0000] {logging_mixin.py:188} INFO - [2024-06-08T07:15:55.588+0000] {dag.py:3096} INFO - Sync 1 DAGs
[2024-06-08T07:15:55.607+0000] {logging_mixin.py:188} INFO - [2024-06-08T07:15:55.607+0000] {dag.py:3954} INFO - Setting next_dagrun for example_params_ui_tutorial to None, run_after=None
[2024-06-08T07:15:55.637+0000] {processor.py:183} INFO - Processing /home/airflow/.local/lib/python3.12/site-packages/airflow/example_dags/example_params_ui_tutorial.py took 0.162 seconds
[2024-06-08T08:04:11.465+0000] {processor.py:161} INFO - Started process (PID=63444) to work on /home/airflow/.local/lib/python3.12/site-packages/airflow/example_dags/example_params_ui_tutorial.py
[2024-06-08T08:04:11.467+0000] {processor.py:830} INFO - Processing file /home/airflow/.local/lib/python3.12/site-packages/airflow/example_dags/example_params_ui_tutorial.py for tasks to queue
[2024-06-08T08:04:11.470+0000] {logging_mixin.py:188} INFO - [2024-06-08T08:04:11.469+0000] {dagbag.py:545} INFO - Filling up the DagBag from /home/airflow/.local/lib/python3.12/site-packages/airflow/example_dags/example_params_ui_tutorial.py
[2024-06-08T08:04:11.494+0000] {processor.py:840} INFO - DAG(s) 'example_params_ui_tutorial' retrieved from /home/airflow/.local/lib/python3.12/site-packages/airflow/example_dags/example_params_ui_tutorial.py
[2024-06-08T08:04:11.596+0000] {logging_mixin.py:188} INFO - [2024-06-08T08:04:11.596+0000] {dag.py:3096} INFO - Sync 1 DAGs
[2024-06-08T08:04:11.626+0000] {logging_mixin.py:188} INFO - [2024-06-08T08:04:11.626+0000] {dag.py:3954} INFO - Setting next_dagrun for example_params_ui_tutorial to None, run_after=None
[2024-06-08T08:04:11.665+0000] {processor.py:183} INFO - Processing /home/airflow/.local/lib/python3.12/site-packages/airflow/example_dags/example_params_ui_tutorial.py took 0.216 seconds
[2024-06-08T09:05:10.461+0000] {processor.py:161} INFO - Started process (PID=63504) to work on /home/airflow/.local/lib/python3.12/site-packages/airflow/example_dags/example_params_ui_tutorial.py
[2024-06-08T09:05:10.463+0000] {processor.py:830} INFO - Processing file /home/airflow/.local/lib/python3.12/site-packages/airflow/example_dags/example_params_ui_tutorial.py for tasks to queue
[2024-06-08T09:05:10.466+0000] {logging_mixin.py:188} INFO - [2024-06-08T09:05:10.465+0000] {dagbag.py:545} INFO - Filling up the DagBag from /home/airflow/.local/lib/python3.12/site-packages/airflow/example_dags/example_params_ui_tutorial.py
[2024-06-08T09:05:10.495+0000] {processor.py:840} INFO - DAG(s) 'example_params_ui_tutorial' retrieved from /home/airflow/.local/lib/python3.12/site-packages/airflow/example_dags/example_params_ui_tutorial.py
[2024-06-08T09:05:10.633+0000] {logging_mixin.py:188} INFO - [2024-06-08T09:05:10.633+0000] {dag.py:3096} INFO - Sync 1 DAGs
[2024-06-08T09:05:10.663+0000] {logging_mixin.py:188} INFO - [2024-06-08T09:05:10.663+0000] {dag.py:3954} INFO - Setting next_dagrun for example_params_ui_tutorial to None, run_after=None
[2024-06-08T09:05:10.709+0000] {processor.py:183} INFO - Processing /home/airflow/.local/lib/python3.12/site-packages/airflow/example_dags/example_params_ui_tutorial.py took 0.261 seconds
[2024-06-08T09:05:51.828+0000] {processor.py:161} INFO - Started process (PID=63564) to work on /home/airflow/.local/lib/python3.12/site-packages/airflow/example_dags/example_params_ui_tutorial.py
[2024-06-08T09:05:51.834+0000] {processor.py:830} INFO - Processing file /home/airflow/.local/lib/python3.12/site-packages/airflow/example_dags/example_params_ui_tutorial.py for tasks to queue
[2024-06-08T09:05:51.836+0000] {logging_mixin.py:188} INFO - [2024-06-08T09:05:51.836+0000] {dagbag.py:545} INFO - Filling up the DagBag from /home/airflow/.local/lib/python3.12/site-packages/airflow/example_dags/example_params_ui_tutorial.py
[2024-06-08T09:05:51.883+0000] {processor.py:840} INFO - DAG(s) 'example_params_ui_tutorial' retrieved from /home/airflow/.local/lib/python3.12/site-packages/airflow/example_dags/example_params_ui_tutorial.py
[2024-06-08T09:05:52.048+0000] {logging_mixin.py:188} INFO - [2024-06-08T09:05:52.048+0000] {dag.py:3096} INFO - Sync 1 DAGs
[2024-06-08T09:05:52.091+0000] {logging_mixin.py:188} INFO - [2024-06-08T09:05:52.091+0000] {dag.py:3954} INFO - Setting next_dagrun for example_params_ui_tutorial to None, run_after=None
[2024-06-08T09:05:52.133+0000] {processor.py:183} INFO - Processing /home/airflow/.local/lib/python3.12/site-packages/airflow/example_dags/example_params_ui_tutorial.py took 0.320 seconds
[2024-06-08T10:06:32.876+0000] {processor.py:161} INFO - Started process (PID=63618) to work on /home/airflow/.local/lib/python3.12/site-packages/airflow/example_dags/example_params_ui_tutorial.py
[2024-06-08T10:06:32.878+0000] {processor.py:830} INFO - Processing file /home/airflow/.local/lib/python3.12/site-packages/airflow/example_dags/example_params_ui_tutorial.py for tasks to queue
[2024-06-08T10:06:32.879+0000] {logging_mixin.py:188} INFO - [2024-06-08T10:06:32.879+0000] {dagbag.py:545} INFO - Filling up the DagBag from /home/airflow/.local/lib/python3.12/site-packages/airflow/example_dags/example_params_ui_tutorial.py
[2024-06-08T10:06:32.902+0000] {processor.py:840} INFO - DAG(s) 'example_params_ui_tutorial' retrieved from /home/airflow/.local/lib/python3.12/site-packages/airflow/example_dags/example_params_ui_tutorial.py
[2024-06-08T10:06:33.008+0000] {logging_mixin.py:188} INFO - [2024-06-08T10:06:33.007+0000] {dag.py:3096} INFO - Sync 1 DAGs
[2024-06-08T10:06:33.026+0000] {logging_mixin.py:188} INFO - [2024-06-08T10:06:33.025+0000] {dag.py:3954} INFO - Setting next_dagrun for example_params_ui_tutorial to None, run_after=None
[2024-06-08T10:06:33.053+0000] {processor.py:183} INFO - Processing /home/airflow/.local/lib/python3.12/site-packages/airflow/example_dags/example_params_ui_tutorial.py took 0.185 seconds
[2024-06-08T10:39:05.747+0000] {processor.py:161} INFO - Started process (PID=63684) to work on /home/airflow/.local/lib/python3.12/site-packages/airflow/example_dags/example_params_ui_tutorial.py
[2024-06-08T10:39:05.750+0000] {processor.py:830} INFO - Processing file /home/airflow/.local/lib/python3.12/site-packages/airflow/example_dags/example_params_ui_tutorial.py for tasks to queue
[2024-06-08T10:39:05.752+0000] {logging_mixin.py:188} INFO - [2024-06-08T10:39:05.751+0000] {dagbag.py:545} INFO - Filling up the DagBag from /home/airflow/.local/lib/python3.12/site-packages/airflow/example_dags/example_params_ui_tutorial.py
[2024-06-08T10:39:05.780+0000] {processor.py:840} INFO - DAG(s) 'example_params_ui_tutorial' retrieved from /home/airflow/.local/lib/python3.12/site-packages/airflow/example_dags/example_params_ui_tutorial.py
[2024-06-08T10:39:06.084+0000] {logging_mixin.py:188} INFO - [2024-06-08T10:39:06.084+0000] {dag.py:3096} INFO - Sync 1 DAGs
[2024-06-08T10:39:06.118+0000] {logging_mixin.py:188} INFO - [2024-06-08T10:39:06.117+0000] {dag.py:3954} INFO - Setting next_dagrun for example_params_ui_tutorial to None, run_after=None
[2024-06-08T10:39:06.198+0000] {processor.py:183} INFO - Processing /home/airflow/.local/lib/python3.12/site-packages/airflow/example_dags/example_params_ui_tutorial.py took 0.464 seconds
[2024-06-08T10:39:36.786+0000] {processor.py:161} INFO - Started process (PID=63744) to work on /home/airflow/.local/lib/python3.12/site-packages/airflow/example_dags/example_params_ui_tutorial.py
[2024-06-08T10:39:36.814+0000] {processor.py:830} INFO - Processing file /home/airflow/.local/lib/python3.12/site-packages/airflow/example_dags/example_params_ui_tutorial.py for tasks to queue
[2024-06-08T10:39:36.815+0000] {logging_mixin.py:188} INFO - [2024-06-08T10:39:36.815+0000] {dagbag.py:545} INFO - Filling up the DagBag from /home/airflow/.local/lib/python3.12/site-packages/airflow/example_dags/example_params_ui_tutorial.py
[2024-06-08T10:39:36.831+0000] {processor.py:840} INFO - DAG(s) 'example_params_ui_tutorial' retrieved from /home/airflow/.local/lib/python3.12/site-packages/airflow/example_dags/example_params_ui_tutorial.py
[2024-06-08T10:39:36.903+0000] {logging_mixin.py:188} INFO - [2024-06-08T10:39:36.903+0000] {dag.py:3096} INFO - Sync 1 DAGs
[2024-06-08T10:39:36.920+0000] {logging_mixin.py:188} INFO - [2024-06-08T10:39:36.919+0000] {dag.py:3954} INFO - Setting next_dagrun for example_params_ui_tutorial to None, run_after=None
[2024-06-08T10:39:36.943+0000] {processor.py:183} INFO - Processing /home/airflow/.local/lib/python3.12/site-packages/airflow/example_dags/example_params_ui_tutorial.py took 0.167 seconds
[2024-06-08T11:07:38.126+0000] {processor.py:161} INFO - Started process (PID=63798) to work on /home/airflow/.local/lib/python3.12/site-packages/airflow/example_dags/example_params_ui_tutorial.py
[2024-06-08T11:07:38.128+0000] {processor.py:830} INFO - Processing file /home/airflow/.local/lib/python3.12/site-packages/airflow/example_dags/example_params_ui_tutorial.py for tasks to queue
[2024-06-08T11:07:38.129+0000] {logging_mixin.py:188} INFO - [2024-06-08T11:07:38.129+0000] {dagbag.py:545} INFO - Filling up the DagBag from /home/airflow/.local/lib/python3.12/site-packages/airflow/example_dags/example_params_ui_tutorial.py
[2024-06-08T11:07:38.144+0000] {processor.py:840} INFO - DAG(s) 'example_params_ui_tutorial' retrieved from /home/airflow/.local/lib/python3.12/site-packages/airflow/example_dags/example_params_ui_tutorial.py
[2024-06-08T11:07:38.215+0000] {logging_mixin.py:188} INFO - [2024-06-08T11:07:38.215+0000] {dag.py:3096} INFO - Sync 1 DAGs
[2024-06-08T11:07:38.232+0000] {logging_mixin.py:188} INFO - [2024-06-08T11:07:38.232+0000] {dag.py:3954} INFO - Setting next_dagrun for example_params_ui_tutorial to None, run_after=None
[2024-06-08T11:07:38.256+0000] {processor.py:183} INFO - Processing /home/airflow/.local/lib/python3.12/site-packages/airflow/example_dags/example_params_ui_tutorial.py took 0.137 seconds
[2024-06-08T12:08:39.458+0000] {processor.py:161} INFO - Started process (PID=63865) to work on /home/airflow/.local/lib/python3.12/site-packages/airflow/example_dags/example_params_ui_tutorial.py
[2024-06-08T12:08:39.460+0000] {processor.py:830} INFO - Processing file /home/airflow/.local/lib/python3.12/site-packages/airflow/example_dags/example_params_ui_tutorial.py for tasks to queue
[2024-06-08T12:08:39.462+0000] {logging_mixin.py:188} INFO - [2024-06-08T12:08:39.462+0000] {dagbag.py:545} INFO - Filling up the DagBag from /home/airflow/.local/lib/python3.12/site-packages/airflow/example_dags/example_params_ui_tutorial.py
[2024-06-08T12:08:39.488+0000] {processor.py:840} INFO - DAG(s) 'example_params_ui_tutorial' retrieved from /home/airflow/.local/lib/python3.12/site-packages/airflow/example_dags/example_params_ui_tutorial.py
[2024-06-08T12:08:39.603+0000] {logging_mixin.py:188} INFO - [2024-06-08T12:08:39.603+0000] {dag.py:3096} INFO - Sync 1 DAGs
[2024-06-08T12:08:39.631+0000] {logging_mixin.py:188} INFO - [2024-06-08T12:08:39.631+0000] {dag.py:3954} INFO - Setting next_dagrun for example_params_ui_tutorial to None, run_after=None
[2024-06-08T12:08:39.668+0000] {processor.py:183} INFO - Processing /home/airflow/.local/lib/python3.12/site-packages/airflow/example_dags/example_params_ui_tutorial.py took 0.221 seconds
[2024-06-08T12:09:18.413+0000] {processor.py:161} INFO - Started process (PID=63925) to work on /home/airflow/.local/lib/python3.12/site-packages/airflow/example_dags/example_params_ui_tutorial.py
[2024-06-08T12:09:18.427+0000] {processor.py:830} INFO - Processing file /home/airflow/.local/lib/python3.12/site-packages/airflow/example_dags/example_params_ui_tutorial.py for tasks to queue
[2024-06-08T12:09:18.435+0000] {logging_mixin.py:188} INFO - [2024-06-08T12:09:18.431+0000] {dagbag.py:545} INFO - Filling up the DagBag from /home/airflow/.local/lib/python3.12/site-packages/airflow/example_dags/example_params_ui_tutorial.py
[2024-06-08T12:09:18.757+0000] {processor.py:840} INFO - DAG(s) 'example_params_ui_tutorial' retrieved from /home/airflow/.local/lib/python3.12/site-packages/airflow/example_dags/example_params_ui_tutorial.py
[2024-06-08T12:09:19.555+0000] {logging_mixin.py:188} INFO - [2024-06-08T12:09:19.554+0000] {dag.py:3096} INFO - Sync 1 DAGs
[2024-06-08T12:09:19.733+0000] {logging_mixin.py:188} INFO - [2024-06-08T12:09:19.732+0000] {dag.py:3954} INFO - Setting next_dagrun for example_params_ui_tutorial to None, run_after=None
[2024-06-08T12:09:19.809+0000] {processor.py:183} INFO - Processing /home/airflow/.local/lib/python3.12/site-packages/airflow/example_dags/example_params_ui_tutorial.py took 1.543 seconds
[2024-06-08T13:10:00.305+0000] {processor.py:161} INFO - Started process (PID=63979) to work on /home/airflow/.local/lib/python3.12/site-packages/airflow/example_dags/example_params_ui_tutorial.py
[2024-06-08T13:10:00.306+0000] {processor.py:830} INFO - Processing file /home/airflow/.local/lib/python3.12/site-packages/airflow/example_dags/example_params_ui_tutorial.py for tasks to queue
[2024-06-08T13:10:00.308+0000] {logging_mixin.py:188} INFO - [2024-06-08T13:10:00.307+0000] {dagbag.py:545} INFO - Filling up the DagBag from /home/airflow/.local/lib/python3.12/site-packages/airflow/example_dags/example_params_ui_tutorial.py
[2024-06-08T13:10:00.325+0000] {processor.py:840} INFO - DAG(s) 'example_params_ui_tutorial' retrieved from /home/airflow/.local/lib/python3.12/site-packages/airflow/example_dags/example_params_ui_tutorial.py
[2024-06-08T13:10:00.429+0000] {logging_mixin.py:188} INFO - [2024-06-08T13:10:00.428+0000] {dag.py:3096} INFO - Sync 1 DAGs
[2024-06-08T13:10:00.455+0000] {logging_mixin.py:188} INFO - [2024-06-08T13:10:00.455+0000] {dag.py:3954} INFO - Setting next_dagrun for example_params_ui_tutorial to None, run_after=None
[2024-06-08T13:10:00.482+0000] {processor.py:183} INFO - Processing /home/airflow/.local/lib/python3.12/site-packages/airflow/example_dags/example_params_ui_tutorial.py took 0.187 seconds
[2024-06-08T14:10:57.540+0000] {processor.py:161} INFO - Started process (PID=64045) to work on /home/airflow/.local/lib/python3.12/site-packages/airflow/example_dags/example_params_ui_tutorial.py
[2024-06-08T14:10:57.542+0000] {processor.py:830} INFO - Processing file /home/airflow/.local/lib/python3.12/site-packages/airflow/example_dags/example_params_ui_tutorial.py for tasks to queue
[2024-06-08T14:10:57.544+0000] {logging_mixin.py:188} INFO - [2024-06-08T14:10:57.544+0000] {dagbag.py:545} INFO - Filling up the DagBag from /home/airflow/.local/lib/python3.12/site-packages/airflow/example_dags/example_params_ui_tutorial.py
[2024-06-08T14:10:57.569+0000] {processor.py:840} INFO - DAG(s) 'example_params_ui_tutorial' retrieved from /home/airflow/.local/lib/python3.12/site-packages/airflow/example_dags/example_params_ui_tutorial.py
[2024-06-08T14:10:57.717+0000] {logging_mixin.py:188} INFO - [2024-06-08T14:10:57.716+0000] {dag.py:3096} INFO - Sync 1 DAGs
[2024-06-08T14:10:57.745+0000] {logging_mixin.py:188} INFO - [2024-06-08T14:10:57.745+0000] {dag.py:3954} INFO - Setting next_dagrun for example_params_ui_tutorial to None, run_after=None
[2024-06-08T14:10:57.786+0000] {processor.py:183} INFO - Processing /home/airflow/.local/lib/python3.12/site-packages/airflow/example_dags/example_params_ui_tutorial.py took 0.258 seconds
[2024-06-08T14:11:27.910+0000] {processor.py:161} INFO - Started process (PID=64105) to work on /home/airflow/.local/lib/python3.12/site-packages/airflow/example_dags/example_params_ui_tutorial.py
[2024-06-08T14:11:27.911+0000] {processor.py:830} INFO - Processing file /home/airflow/.local/lib/python3.12/site-packages/airflow/example_dags/example_params_ui_tutorial.py for tasks to queue
[2024-06-08T14:11:27.913+0000] {logging_mixin.py:188} INFO - [2024-06-08T14:11:27.913+0000] {dagbag.py:545} INFO - Filling up the DagBag from /home/airflow/.local/lib/python3.12/site-packages/airflow/example_dags/example_params_ui_tutorial.py
[2024-06-08T14:11:27.928+0000] {processor.py:840} INFO - DAG(s) 'example_params_ui_tutorial' retrieved from /home/airflow/.local/lib/python3.12/site-packages/airflow/example_dags/example_params_ui_tutorial.py
[2024-06-08T14:11:27.994+0000] {logging_mixin.py:188} INFO - [2024-06-08T14:11:27.994+0000] {dag.py:3096} INFO - Sync 1 DAGs
[2024-06-08T14:11:28.011+0000] {logging_mixin.py:188} INFO - [2024-06-08T14:11:28.010+0000] {dag.py:3954} INFO - Setting next_dagrun for example_params_ui_tutorial to None, run_after=None
[2024-06-08T14:11:28.034+0000] {processor.py:183} INFO - Processing /home/airflow/.local/lib/python3.12/site-packages/airflow/example_dags/example_params_ui_tutorial.py took 0.132 seconds
[2024-06-08T15:12:12.282+0000] {processor.py:161} INFO - Started process (PID=64159) to work on /home/airflow/.local/lib/python3.12/site-packages/airflow/example_dags/example_params_ui_tutorial.py
[2024-06-08T15:12:12.284+0000] {processor.py:830} INFO - Processing file /home/airflow/.local/lib/python3.12/site-packages/airflow/example_dags/example_params_ui_tutorial.py for tasks to queue
[2024-06-08T15:12:12.286+0000] {logging_mixin.py:188} INFO - [2024-06-08T15:12:12.285+0000] {dagbag.py:545} INFO - Filling up the DagBag from /home/airflow/.local/lib/python3.12/site-packages/airflow/example_dags/example_params_ui_tutorial.py
[2024-06-08T15:12:12.308+0000] {processor.py:840} INFO - DAG(s) 'example_params_ui_tutorial' retrieved from /home/airflow/.local/lib/python3.12/site-packages/airflow/example_dags/example_params_ui_tutorial.py
[2024-06-08T15:12:12.410+0000] {logging_mixin.py:188} INFO - [2024-06-08T15:12:12.410+0000] {dag.py:3096} INFO - Sync 1 DAGs
[2024-06-08T15:12:12.432+0000] {logging_mixin.py:188} INFO - [2024-06-08T15:12:12.432+0000] {dag.py:3954} INFO - Setting next_dagrun for example_params_ui_tutorial to None, run_after=None
[2024-06-08T15:12:12.459+0000] {processor.py:183} INFO - Processing /home/airflow/.local/lib/python3.12/site-packages/airflow/example_dags/example_params_ui_tutorial.py took 0.189 seconds
[2024-06-08T16:13:14.848+0000] {processor.py:161} INFO - Started process (PID=64225) to work on /home/airflow/.local/lib/python3.12/site-packages/airflow/example_dags/example_params_ui_tutorial.py
[2024-06-08T16:13:14.851+0000] {processor.py:830} INFO - Processing file /home/airflow/.local/lib/python3.12/site-packages/airflow/example_dags/example_params_ui_tutorial.py for tasks to queue
[2024-06-08T16:13:14.853+0000] {logging_mixin.py:188} INFO - [2024-06-08T16:13:14.852+0000] {dagbag.py:545} INFO - Filling up the DagBag from /home/airflow/.local/lib/python3.12/site-packages/airflow/example_dags/example_params_ui_tutorial.py
[2024-06-08T16:13:14.876+0000] {processor.py:840} INFO - DAG(s) 'example_params_ui_tutorial' retrieved from /home/airflow/.local/lib/python3.12/site-packages/airflow/example_dags/example_params_ui_tutorial.py
[2024-06-08T16:13:14.996+0000] {logging_mixin.py:188} INFO - [2024-06-08T16:13:14.995+0000] {dag.py:3096} INFO - Sync 1 DAGs
[2024-06-08T16:13:15.023+0000] {logging_mixin.py:188} INFO - [2024-06-08T16:13:15.023+0000] {dag.py:3954} INFO - Setting next_dagrun for example_params_ui_tutorial to None, run_after=None
[2024-06-08T16:13:15.064+0000] {processor.py:183} INFO - Processing /home/airflow/.local/lib/python3.12/site-packages/airflow/example_dags/example_params_ui_tutorial.py took 0.228 seconds
[2024-06-08T16:13:55.885+0000] {processor.py:161} INFO - Started process (PID=64285) to work on /home/airflow/.local/lib/python3.12/site-packages/airflow/example_dags/example_params_ui_tutorial.py
[2024-06-08T16:13:55.887+0000] {processor.py:830} INFO - Processing file /home/airflow/.local/lib/python3.12/site-packages/airflow/example_dags/example_params_ui_tutorial.py for tasks to queue
[2024-06-08T16:13:55.889+0000] {logging_mixin.py:188} INFO - [2024-06-08T16:13:55.888+0000] {dagbag.py:545} INFO - Filling up the DagBag from /home/airflow/.local/lib/python3.12/site-packages/airflow/example_dags/example_params_ui_tutorial.py
[2024-06-08T16:13:55.913+0000] {processor.py:840} INFO - DAG(s) 'example_params_ui_tutorial' retrieved from /home/airflow/.local/lib/python3.12/site-packages/airflow/example_dags/example_params_ui_tutorial.py
[2024-06-08T16:13:56.030+0000] {logging_mixin.py:188} INFO - [2024-06-08T16:13:56.030+0000] {dag.py:3096} INFO - Sync 1 DAGs
[2024-06-08T16:13:56.076+0000] {logging_mixin.py:188} INFO - [2024-06-08T16:13:56.076+0000] {dag.py:3954} INFO - Setting next_dagrun for example_params_ui_tutorial to None, run_after=None
[2024-06-08T16:13:56.126+0000] {processor.py:183} INFO - Processing /home/airflow/.local/lib/python3.12/site-packages/airflow/example_dags/example_params_ui_tutorial.py took 0.253 seconds
[2024-06-08T17:14:34.991+0000] {processor.py:161} INFO - Started process (PID=64339) to work on /home/airflow/.local/lib/python3.12/site-packages/airflow/example_dags/example_params_ui_tutorial.py
[2024-06-08T17:14:34.992+0000] {processor.py:830} INFO - Processing file /home/airflow/.local/lib/python3.12/site-packages/airflow/example_dags/example_params_ui_tutorial.py for tasks to queue
[2024-06-08T17:14:34.993+0000] {logging_mixin.py:188} INFO - [2024-06-08T17:14:34.993+0000] {dagbag.py:545} INFO - Filling up the DagBag from /home/airflow/.local/lib/python3.12/site-packages/airflow/example_dags/example_params_ui_tutorial.py
[2024-06-08T17:14:35.010+0000] {processor.py:840} INFO - DAG(s) 'example_params_ui_tutorial' retrieved from /home/airflow/.local/lib/python3.12/site-packages/airflow/example_dags/example_params_ui_tutorial.py
[2024-06-08T17:14:35.081+0000] {logging_mixin.py:188} INFO - [2024-06-08T17:14:35.081+0000] {dag.py:3096} INFO - Sync 1 DAGs
[2024-06-08T17:14:35.098+0000] {logging_mixin.py:188} INFO - [2024-06-08T17:14:35.097+0000] {dag.py:3954} INFO - Setting next_dagrun for example_params_ui_tutorial to None, run_after=None
[2024-06-08T17:14:35.125+0000] {processor.py:183} INFO - Processing /home/airflow/.local/lib/python3.12/site-packages/airflow/example_dags/example_params_ui_tutorial.py took 0.142 seconds
[2024-06-08T18:08:41.447+0000] {processor.py:161} INFO - Started process (PID=64399) to work on /home/airflow/.local/lib/python3.12/site-packages/airflow/example_dags/example_params_ui_tutorial.py
[2024-06-08T18:08:41.449+0000] {processor.py:830} INFO - Processing file /home/airflow/.local/lib/python3.12/site-packages/airflow/example_dags/example_params_ui_tutorial.py for tasks to queue
[2024-06-08T18:08:41.452+0000] {logging_mixin.py:188} INFO - [2024-06-08T18:08:41.451+0000] {dagbag.py:545} INFO - Filling up the DagBag from /home/airflow/.local/lib/python3.12/site-packages/airflow/example_dags/example_params_ui_tutorial.py
[2024-06-08T18:08:41.477+0000] {processor.py:840} INFO - DAG(s) 'example_params_ui_tutorial' retrieved from /home/airflow/.local/lib/python3.12/site-packages/airflow/example_dags/example_params_ui_tutorial.py
[2024-06-08T18:08:41.635+0000] {logging_mixin.py:188} INFO - [2024-06-08T18:08:41.634+0000] {dag.py:3096} INFO - Sync 1 DAGs
[2024-06-08T18:08:41.701+0000] {logging_mixin.py:188} INFO - [2024-06-08T18:08:41.701+0000] {dag.py:3954} INFO - Setting next_dagrun for example_params_ui_tutorial to None, run_after=None
[2024-06-08T18:08:41.763+0000] {processor.py:183} INFO - Processing /home/airflow/.local/lib/python3.12/site-packages/airflow/example_dags/example_params_ui_tutorial.py took 0.327 seconds
[2024-06-08T18:15:50.488+0000] {processor.py:161} INFO - Started process (PID=64459) to work on /home/airflow/.local/lib/python3.12/site-packages/airflow/example_dags/example_params_ui_tutorial.py
[2024-06-08T18:15:50.489+0000] {processor.py:830} INFO - Processing file /home/airflow/.local/lib/python3.12/site-packages/airflow/example_dags/example_params_ui_tutorial.py for tasks to queue
[2024-06-08T18:15:50.491+0000] {logging_mixin.py:188} INFO - [2024-06-08T18:15:50.490+0000] {dagbag.py:545} INFO - Filling up the DagBag from /home/airflow/.local/lib/python3.12/site-packages/airflow/example_dags/example_params_ui_tutorial.py
[2024-06-08T18:15:50.511+0000] {processor.py:840} INFO - DAG(s) 'example_params_ui_tutorial' retrieved from /home/airflow/.local/lib/python3.12/site-packages/airflow/example_dags/example_params_ui_tutorial.py
[2024-06-08T18:15:50.599+0000] {logging_mixin.py:188} INFO - [2024-06-08T18:15:50.598+0000] {dag.py:3096} INFO - Sync 1 DAGs
[2024-06-08T18:15:50.617+0000] {logging_mixin.py:188} INFO - [2024-06-08T18:15:50.617+0000] {dag.py:3954} INFO - Setting next_dagrun for example_params_ui_tutorial to None, run_after=None
[2024-06-08T18:15:50.643+0000] {processor.py:183} INFO - Processing /home/airflow/.local/lib/python3.12/site-packages/airflow/example_dags/example_params_ui_tutorial.py took 0.166 seconds
[2024-06-08T18:52:17.446+0000] {processor.py:161} INFO - Started process (PID=64519) to work on /home/airflow/.local/lib/python3.12/site-packages/airflow/example_dags/example_params_ui_tutorial.py
[2024-06-08T18:52:17.448+0000] {processor.py:830} INFO - Processing file /home/airflow/.local/lib/python3.12/site-packages/airflow/example_dags/example_params_ui_tutorial.py for tasks to queue
[2024-06-08T18:52:17.449+0000] {logging_mixin.py:188} INFO - [2024-06-08T18:52:17.449+0000] {dagbag.py:545} INFO - Filling up the DagBag from /home/airflow/.local/lib/python3.12/site-packages/airflow/example_dags/example_params_ui_tutorial.py
[2024-06-08T18:52:17.469+0000] {processor.py:840} INFO - DAG(s) 'example_params_ui_tutorial' retrieved from /home/airflow/.local/lib/python3.12/site-packages/airflow/example_dags/example_params_ui_tutorial.py
[2024-06-08T18:52:17.556+0000] {logging_mixin.py:188} INFO - [2024-06-08T18:52:17.556+0000] {dag.py:3096} INFO - Sync 1 DAGs
[2024-06-08T18:52:17.576+0000] {logging_mixin.py:188} INFO - [2024-06-08T18:52:17.576+0000] {dag.py:3954} INFO - Setting next_dagrun for example_params_ui_tutorial to None, run_after=None
[2024-06-08T18:52:17.604+0000] {processor.py:183} INFO - Processing /home/airflow/.local/lib/python3.12/site-packages/airflow/example_dags/example_params_ui_tutorial.py took 0.166 seconds
[2024-06-08T18:52:53.427+0000] {processor.py:161} INFO - Started process (PID=64579) to work on /home/airflow/.local/lib/python3.12/site-packages/airflow/example_dags/example_params_ui_tutorial.py
[2024-06-08T18:52:53.429+0000] {processor.py:830} INFO - Processing file /home/airflow/.local/lib/python3.12/site-packages/airflow/example_dags/example_params_ui_tutorial.py for tasks to queue
[2024-06-08T18:52:53.433+0000] {logging_mixin.py:188} INFO - [2024-06-08T18:52:53.432+0000] {dagbag.py:545} INFO - Filling up the DagBag from /home/airflow/.local/lib/python3.12/site-packages/airflow/example_dags/example_params_ui_tutorial.py
[2024-06-08T18:52:53.464+0000] {processor.py:840} INFO - DAG(s) 'example_params_ui_tutorial' retrieved from /home/airflow/.local/lib/python3.12/site-packages/airflow/example_dags/example_params_ui_tutorial.py
[2024-06-08T18:52:53.596+0000] {logging_mixin.py:188} INFO - [2024-06-08T18:52:53.595+0000] {dag.py:3096} INFO - Sync 1 DAGs
[2024-06-08T18:52:53.652+0000] {logging_mixin.py:188} INFO - [2024-06-08T18:52:53.652+0000] {dag.py:3954} INFO - Setting next_dagrun for example_params_ui_tutorial to None, run_after=None
[2024-06-08T18:52:53.718+0000] {processor.py:183} INFO - Processing /home/airflow/.local/lib/python3.12/site-packages/airflow/example_dags/example_params_ui_tutorial.py took 0.303 seconds
[2024-06-08T19:12:41.370+0000] {processor.py:161} INFO - Started process (PID=64639) to work on /home/airflow/.local/lib/python3.12/site-packages/airflow/example_dags/example_params_ui_tutorial.py
[2024-06-08T19:12:41.376+0000] {processor.py:830} INFO - Processing file /home/airflow/.local/lib/python3.12/site-packages/airflow/example_dags/example_params_ui_tutorial.py for tasks to queue
[2024-06-08T19:12:41.378+0000] {logging_mixin.py:188} INFO - [2024-06-08T19:12:41.377+0000] {dagbag.py:545} INFO - Filling up the DagBag from /home/airflow/.local/lib/python3.12/site-packages/airflow/example_dags/example_params_ui_tutorial.py
[2024-06-08T19:12:41.394+0000] {processor.py:840} INFO - DAG(s) 'example_params_ui_tutorial' retrieved from /home/airflow/.local/lib/python3.12/site-packages/airflow/example_dags/example_params_ui_tutorial.py
[2024-06-08T19:12:41.468+0000] {logging_mixin.py:188} INFO - [2024-06-08T19:12:41.467+0000] {dag.py:3096} INFO - Sync 1 DAGs
[2024-06-08T19:12:41.483+0000] {logging_mixin.py:188} INFO - [2024-06-08T19:12:41.483+0000] {dag.py:3954} INFO - Setting next_dagrun for example_params_ui_tutorial to None, run_after=None
[2024-06-08T19:12:41.506+0000] {processor.py:183} INFO - Processing /home/airflow/.local/lib/python3.12/site-packages/airflow/example_dags/example_params_ui_tutorial.py took 0.144 seconds
[2024-06-08T19:16:54.724+0000] {processor.py:161} INFO - Started process (PID=64699) to work on /home/airflow/.local/lib/python3.12/site-packages/airflow/example_dags/example_params_ui_tutorial.py
[2024-06-08T19:16:54.726+0000] {processor.py:830} INFO - Processing file /home/airflow/.local/lib/python3.12/site-packages/airflow/example_dags/example_params_ui_tutorial.py for tasks to queue
[2024-06-08T19:16:54.727+0000] {logging_mixin.py:188} INFO - [2024-06-08T19:16:54.727+0000] {dagbag.py:545} INFO - Filling up the DagBag from /home/airflow/.local/lib/python3.12/site-packages/airflow/example_dags/example_params_ui_tutorial.py
[2024-06-08T19:16:54.744+0000] {processor.py:840} INFO - DAG(s) 'example_params_ui_tutorial' retrieved from /home/airflow/.local/lib/python3.12/site-packages/airflow/example_dags/example_params_ui_tutorial.py
[2024-06-08T19:16:54.815+0000] {logging_mixin.py:188} INFO - [2024-06-08T19:16:54.815+0000] {dag.py:3096} INFO - Sync 1 DAGs
[2024-06-08T19:16:54.832+0000] {logging_mixin.py:188} INFO - [2024-06-08T19:16:54.831+0000] {dag.py:3954} INFO - Setting next_dagrun for example_params_ui_tutorial to None, run_after=None
[2024-06-08T19:16:54.857+0000] {processor.py:183} INFO - Processing /home/airflow/.local/lib/python3.12/site-packages/airflow/example_dags/example_params_ui_tutorial.py took 0.140 seconds
[2024-06-08T20:17:52.670+0000] {processor.py:161} INFO - Started process (PID=64759) to work on /home/airflow/.local/lib/python3.12/site-packages/airflow/example_dags/example_params_ui_tutorial.py
[2024-06-08T20:17:52.672+0000] {processor.py:830} INFO - Processing file /home/airflow/.local/lib/python3.12/site-packages/airflow/example_dags/example_params_ui_tutorial.py for tasks to queue
[2024-06-08T20:17:52.674+0000] {logging_mixin.py:188} INFO - [2024-06-08T20:17:52.673+0000] {dagbag.py:545} INFO - Filling up the DagBag from /home/airflow/.local/lib/python3.12/site-packages/airflow/example_dags/example_params_ui_tutorial.py
[2024-06-08T20:17:52.696+0000] {processor.py:840} INFO - DAG(s) 'example_params_ui_tutorial' retrieved from /home/airflow/.local/lib/python3.12/site-packages/airflow/example_dags/example_params_ui_tutorial.py
[2024-06-08T20:17:52.788+0000] {logging_mixin.py:188} INFO - [2024-06-08T20:17:52.788+0000] {dag.py:3096} INFO - Sync 1 DAGs
[2024-06-08T20:17:52.808+0000] {logging_mixin.py:188} INFO - [2024-06-08T20:17:52.807+0000] {dag.py:3954} INFO - Setting next_dagrun for example_params_ui_tutorial to None, run_after=None
[2024-06-08T20:17:52.834+0000] {processor.py:183} INFO - Processing /home/airflow/.local/lib/python3.12/site-packages/airflow/example_dags/example_params_ui_tutorial.py took 0.171 seconds
[2024-06-08T20:18:35.659+0000] {processor.py:161} INFO - Started process (PID=64819) to work on /home/airflow/.local/lib/python3.12/site-packages/airflow/example_dags/example_params_ui_tutorial.py
[2024-06-08T20:18:35.663+0000] {processor.py:830} INFO - Processing file /home/airflow/.local/lib/python3.12/site-packages/airflow/example_dags/example_params_ui_tutorial.py for tasks to queue
[2024-06-08T20:18:35.665+0000] {logging_mixin.py:188} INFO - [2024-06-08T20:18:35.665+0000] {dagbag.py:545} INFO - Filling up the DagBag from /home/airflow/.local/lib/python3.12/site-packages/airflow/example_dags/example_params_ui_tutorial.py
[2024-06-08T20:18:35.692+0000] {processor.py:840} INFO - DAG(s) 'example_params_ui_tutorial' retrieved from /home/airflow/.local/lib/python3.12/site-packages/airflow/example_dags/example_params_ui_tutorial.py
[2024-06-08T20:18:35.822+0000] {logging_mixin.py:188} INFO - [2024-06-08T20:18:35.821+0000] {dag.py:3096} INFO - Sync 1 DAGs
[2024-06-08T20:18:35.851+0000] {logging_mixin.py:188} INFO - [2024-06-08T20:18:35.851+0000] {dag.py:3954} INFO - Setting next_dagrun for example_params_ui_tutorial to None, run_after=None
[2024-06-08T20:18:35.890+0000] {processor.py:183} INFO - Processing /home/airflow/.local/lib/python3.12/site-packages/airflow/example_dags/example_params_ui_tutorial.py took 0.246 seconds
