[2024-06-08T02:26:01.457+0000] {processor.py:161} INFO - Started process (PID=63214) to work on /home/airflow/.local/lib/python3.12/site-packages/airflow/example_dags/example_branch_day_of_week_operator.py
[2024-06-08T02:26:01.458+0000] {processor.py:830} INFO - Processing file /home/airflow/.local/lib/python3.12/site-packages/airflow/example_dags/example_branch_day_of_week_operator.py for tasks to queue
[2024-06-08T02:26:01.460+0000] {logging_mixin.py:188} INFO - [2024-06-08T02:26:01.460+0000] {dagbag.py:545} INFO - Filling up the DagBag from /home/airflow/.local/lib/python3.12/site-packages/airflow/example_dags/example_branch_day_of_week_operator.py
[2024-06-08T02:26:01.471+0000] {processor.py:840} INFO - DAG(s) 'example_weekday_branch_operator' retrieved from /home/airflow/.local/lib/python3.12/site-packages/airflow/example_dags/example_branch_day_of_week_operator.py
[2024-06-08T02:26:01.500+0000] {logging_mixin.py:188} INFO - [2024-06-08T02:26:01.499+0000] {dag.py:3096} INFO - Sync 1 DAGs
[2024-06-08T02:26:01.530+0000] {logging_mixin.py:188} INFO - [2024-06-08T02:26:01.530+0000] {dag.py:3954} INFO - Setting next_dagrun for example_weekday_branch_operator to 2024-06-07 00:00:00+00:00, run_after=2024-06-08 00:00:00+00:00
[2024-06-08T02:26:01.557+0000] {processor.py:183} INFO - Processing /home/airflow/.local/lib/python3.12/site-packages/airflow/example_dags/example_branch_day_of_week_operator.py took 0.109 seconds
[2024-06-08T02:26:34.830+0000] {processor.py:161} INFO - Started process (PID=63273) to work on /home/airflow/.local/lib/python3.12/site-packages/airflow/example_dags/example_branch_day_of_week_operator.py
[2024-06-08T02:26:34.832+0000] {processor.py:830} INFO - Processing file /home/airflow/.local/lib/python3.12/site-packages/airflow/example_dags/example_branch_day_of_week_operator.py for tasks to queue
[2024-06-08T02:26:34.834+0000] {logging_mixin.py:188} INFO - [2024-06-08T02:26:34.833+0000] {dagbag.py:545} INFO - Filling up the DagBag from /home/airflow/.local/lib/python3.12/site-packages/airflow/example_dags/example_branch_day_of_week_operator.py
[2024-06-08T02:26:34.849+0000] {processor.py:840} INFO - DAG(s) 'example_weekday_branch_operator' retrieved from /home/airflow/.local/lib/python3.12/site-packages/airflow/example_dags/example_branch_day_of_week_operator.py
[2024-06-08T02:26:34.892+0000] {logging_mixin.py:188} INFO - [2024-06-08T02:26:34.891+0000] {dag.py:3096} INFO - Sync 1 DAGs
[2024-06-08T02:26:34.950+0000] {logging_mixin.py:188} INFO - [2024-06-08T02:26:34.949+0000] {dag.py:3954} INFO - Setting next_dagrun for example_weekday_branch_operator to 2024-06-07 00:00:00+00:00, run_after=2024-06-08 00:00:00+00:00
[2024-06-08T02:26:34.998+0000] {processor.py:183} INFO - Processing /home/airflow/.local/lib/python3.12/site-packages/airflow/example_dags/example_branch_day_of_week_operator.py took 0.179 seconds
[2024-06-08T07:02:57.297+0000] {processor.py:161} INFO - Started process (PID=63333) to work on /home/airflow/.local/lib/python3.12/site-packages/airflow/example_dags/example_branch_day_of_week_operator.py
[2024-06-08T07:02:57.298+0000] {processor.py:830} INFO - Processing file /home/airflow/.local/lib/python3.12/site-packages/airflow/example_dags/example_branch_day_of_week_operator.py for tasks to queue
[2024-06-08T07:02:57.300+0000] {logging_mixin.py:188} INFO - [2024-06-08T07:02:57.299+0000] {dagbag.py:545} INFO - Filling up the DagBag from /home/airflow/.local/lib/python3.12/site-packages/airflow/example_dags/example_branch_day_of_week_operator.py
[2024-06-08T07:02:57.309+0000] {processor.py:840} INFO - DAG(s) 'example_weekday_branch_operator' retrieved from /home/airflow/.local/lib/python3.12/site-packages/airflow/example_dags/example_branch_day_of_week_operator.py
[2024-06-08T07:02:57.338+0000] {logging_mixin.py:188} INFO - [2024-06-08T07:02:57.337+0000] {dag.py:3096} INFO - Sync 1 DAGs
[2024-06-08T07:02:57.367+0000] {logging_mixin.py:188} INFO - [2024-06-08T07:02:57.367+0000] {dag.py:3954} INFO - Setting next_dagrun for example_weekday_branch_operator to 2024-06-07 00:00:00+00:00, run_after=2024-06-08 00:00:00+00:00
[2024-06-08T07:02:57.390+0000] {processor.py:183} INFO - Processing /home/airflow/.local/lib/python3.12/site-packages/airflow/example_dags/example_branch_day_of_week_operator.py took 0.101 seconds
[2024-06-08T07:15:56.262+0000] {processor.py:161} INFO - Started process (PID=63393) to work on /home/airflow/.local/lib/python3.12/site-packages/airflow/example_dags/example_branch_day_of_week_operator.py
[2024-06-08T07:15:56.263+0000] {processor.py:830} INFO - Processing file /home/airflow/.local/lib/python3.12/site-packages/airflow/example_dags/example_branch_day_of_week_operator.py for tasks to queue
[2024-06-08T07:15:56.264+0000] {logging_mixin.py:188} INFO - [2024-06-08T07:15:56.264+0000] {dagbag.py:545} INFO - Filling up the DagBag from /home/airflow/.local/lib/python3.12/site-packages/airflow/example_dags/example_branch_day_of_week_operator.py
[2024-06-08T07:15:56.274+0000] {processor.py:840} INFO - DAG(s) 'example_weekday_branch_operator' retrieved from /home/airflow/.local/lib/python3.12/site-packages/airflow/example_dags/example_branch_day_of_week_operator.py
[2024-06-08T07:15:56.301+0000] {logging_mixin.py:188} INFO - [2024-06-08T07:15:56.301+0000] {dag.py:3096} INFO - Sync 1 DAGs
[2024-06-08T07:15:56.330+0000] {logging_mixin.py:188} INFO - [2024-06-08T07:15:56.330+0000] {dag.py:3954} INFO - Setting next_dagrun for example_weekday_branch_operator to 2024-06-07 00:00:00+00:00, run_after=2024-06-08 00:00:00+00:00
[2024-06-08T07:15:56.359+0000] {processor.py:183} INFO - Processing /home/airflow/.local/lib/python3.12/site-packages/airflow/example_dags/example_branch_day_of_week_operator.py took 0.105 seconds
[2024-06-08T08:04:12.261+0000] {processor.py:161} INFO - Started process (PID=63453) to work on /home/airflow/.local/lib/python3.12/site-packages/airflow/example_dags/example_branch_day_of_week_operator.py
[2024-06-08T08:04:12.280+0000] {processor.py:830} INFO - Processing file /home/airflow/.local/lib/python3.12/site-packages/airflow/example_dags/example_branch_day_of_week_operator.py for tasks to queue
[2024-06-08T08:04:12.283+0000] {logging_mixin.py:188} INFO - [2024-06-08T08:04:12.282+0000] {dagbag.py:545} INFO - Filling up the DagBag from /home/airflow/.local/lib/python3.12/site-packages/airflow/example_dags/example_branch_day_of_week_operator.py
[2024-06-08T08:04:12.298+0000] {processor.py:840} INFO - DAG(s) 'example_weekday_branch_operator' retrieved from /home/airflow/.local/lib/python3.12/site-packages/airflow/example_dags/example_branch_day_of_week_operator.py
[2024-06-08T08:04:12.350+0000] {logging_mixin.py:188} INFO - [2024-06-08T08:04:12.350+0000] {dag.py:3096} INFO - Sync 1 DAGs
[2024-06-08T08:04:12.408+0000] {logging_mixin.py:188} INFO - [2024-06-08T08:04:12.408+0000] {dag.py:3954} INFO - Setting next_dagrun for example_weekday_branch_operator to 2024-06-07 00:00:00+00:00, run_after=2024-06-08 00:00:00+00:00
[2024-06-08T08:04:12.441+0000] {processor.py:183} INFO - Processing /home/airflow/.local/lib/python3.12/site-packages/airflow/example_dags/example_branch_day_of_week_operator.py took 0.190 seconds
[2024-06-08T09:05:11.726+0000] {processor.py:161} INFO - Started process (PID=63513) to work on /home/airflow/.local/lib/python3.12/site-packages/airflow/example_dags/example_branch_day_of_week_operator.py
[2024-06-08T09:05:11.728+0000] {processor.py:830} INFO - Processing file /home/airflow/.local/lib/python3.12/site-packages/airflow/example_dags/example_branch_day_of_week_operator.py for tasks to queue
[2024-06-08T09:05:11.730+0000] {logging_mixin.py:188} INFO - [2024-06-08T09:05:11.730+0000] {dagbag.py:545} INFO - Filling up the DagBag from /home/airflow/.local/lib/python3.12/site-packages/airflow/example_dags/example_branch_day_of_week_operator.py
[2024-06-08T09:05:11.748+0000] {processor.py:840} INFO - DAG(s) 'example_weekday_branch_operator' retrieved from /home/airflow/.local/lib/python3.12/site-packages/airflow/example_dags/example_branch_day_of_week_operator.py
[2024-06-08T09:05:11.792+0000] {logging_mixin.py:188} INFO - [2024-06-08T09:05:11.792+0000] {dag.py:3096} INFO - Sync 1 DAGs
[2024-06-08T09:05:11.850+0000] {logging_mixin.py:188} INFO - [2024-06-08T09:05:11.850+0000] {dag.py:3954} INFO - Setting next_dagrun for example_weekday_branch_operator to 2024-06-07 00:00:00+00:00, run_after=2024-06-08 00:00:00+00:00
[2024-06-08T09:05:11.891+0000] {processor.py:183} INFO - Processing /home/airflow/.local/lib/python3.12/site-packages/airflow/example_dags/example_branch_day_of_week_operator.py took 0.181 seconds
[2024-06-08T09:05:52.916+0000] {processor.py:161} INFO - Started process (PID=63573) to work on /home/airflow/.local/lib/python3.12/site-packages/airflow/example_dags/example_branch_day_of_week_operator.py
[2024-06-08T09:05:52.918+0000] {processor.py:830} INFO - Processing file /home/airflow/.local/lib/python3.12/site-packages/airflow/example_dags/example_branch_day_of_week_operator.py for tasks to queue
[2024-06-08T09:05:52.921+0000] {logging_mixin.py:188} INFO - [2024-06-08T09:05:52.920+0000] {dagbag.py:545} INFO - Filling up the DagBag from /home/airflow/.local/lib/python3.12/site-packages/airflow/example_dags/example_branch_day_of_week_operator.py
[2024-06-08T09:05:52.937+0000] {processor.py:840} INFO - DAG(s) 'example_weekday_branch_operator' retrieved from /home/airflow/.local/lib/python3.12/site-packages/airflow/example_dags/example_branch_day_of_week_operator.py
[2024-06-08T09:05:52.985+0000] {logging_mixin.py:188} INFO - [2024-06-08T09:05:52.985+0000] {dag.py:3096} INFO - Sync 1 DAGs
[2024-06-08T09:05:53.044+0000] {logging_mixin.py:188} INFO - [2024-06-08T09:05:53.043+0000] {dag.py:3954} INFO - Setting next_dagrun for example_weekday_branch_operator to 2024-06-07 00:00:00+00:00, run_after=2024-06-08 00:00:00+00:00
[2024-06-08T09:05:53.098+0000] {processor.py:183} INFO - Processing /home/airflow/.local/lib/python3.12/site-packages/airflow/example_dags/example_branch_day_of_week_operator.py took 0.193 seconds
[2024-06-08T10:06:33.605+0000] {processor.py:161} INFO - Started process (PID=63633) to work on /home/airflow/.local/lib/python3.12/site-packages/airflow/example_dags/example_branch_day_of_week_operator.py
[2024-06-08T10:06:33.607+0000] {processor.py:830} INFO - Processing file /home/airflow/.local/lib/python3.12/site-packages/airflow/example_dags/example_branch_day_of_week_operator.py for tasks to queue
[2024-06-08T10:06:33.608+0000] {logging_mixin.py:188} INFO - [2024-06-08T10:06:33.608+0000] {dagbag.py:545} INFO - Filling up the DagBag from /home/airflow/.local/lib/python3.12/site-packages/airflow/example_dags/example_branch_day_of_week_operator.py
[2024-06-08T10:06:33.618+0000] {processor.py:840} INFO - DAG(s) 'example_weekday_branch_operator' retrieved from /home/airflow/.local/lib/python3.12/site-packages/airflow/example_dags/example_branch_day_of_week_operator.py
[2024-06-08T10:06:33.645+0000] {logging_mixin.py:188} INFO - [2024-06-08T10:06:33.645+0000] {dag.py:3096} INFO - Sync 1 DAGs
[2024-06-08T10:06:33.675+0000] {logging_mixin.py:188} INFO - [2024-06-08T10:06:33.675+0000] {dag.py:3954} INFO - Setting next_dagrun for example_weekday_branch_operator to 2024-06-07 00:00:00+00:00, run_after=2024-06-08 00:00:00+00:00
[2024-06-08T10:06:33.699+0000] {processor.py:183} INFO - Processing /home/airflow/.local/lib/python3.12/site-packages/airflow/example_dags/example_branch_day_of_week_operator.py took 0.101 seconds
[2024-06-08T10:39:07.111+0000] {processor.py:161} INFO - Started process (PID=63693) to work on /home/airflow/.local/lib/python3.12/site-packages/airflow/example_dags/example_branch_day_of_week_operator.py
[2024-06-08T10:39:07.113+0000] {processor.py:830} INFO - Processing file /home/airflow/.local/lib/python3.12/site-packages/airflow/example_dags/example_branch_day_of_week_operator.py for tasks to queue
[2024-06-08T10:39:07.115+0000] {logging_mixin.py:188} INFO - [2024-06-08T10:39:07.114+0000] {dagbag.py:545} INFO - Filling up the DagBag from /home/airflow/.local/lib/python3.12/site-packages/airflow/example_dags/example_branch_day_of_week_operator.py
[2024-06-08T10:39:07.131+0000] {processor.py:840} INFO - DAG(s) 'example_weekday_branch_operator' retrieved from /home/airflow/.local/lib/python3.12/site-packages/airflow/example_dags/example_branch_day_of_week_operator.py
[2024-06-08T10:39:07.211+0000] {logging_mixin.py:188} INFO - [2024-06-08T10:39:07.210+0000] {dag.py:3096} INFO - Sync 1 DAGs
[2024-06-08T10:39:07.324+0000] {logging_mixin.py:188} INFO - [2024-06-08T10:39:07.323+0000] {dag.py:3954} INFO - Setting next_dagrun for example_weekday_branch_operator to 2024-06-07 00:00:00+00:00, run_after=2024-06-08 00:00:00+00:00
[2024-06-08T10:39:07.369+0000] {processor.py:183} INFO - Processing /home/airflow/.local/lib/python3.12/site-packages/airflow/example_dags/example_branch_day_of_week_operator.py took 0.270 seconds
[2024-06-08T10:39:48.403+0000] {processor.py:161} INFO - Started process (PID=63753) to work on /home/airflow/.local/lib/python3.12/site-packages/airflow/example_dags/example_branch_day_of_week_operator.py
[2024-06-08T10:39:48.405+0000] {processor.py:830} INFO - Processing file /home/airflow/.local/lib/python3.12/site-packages/airflow/example_dags/example_branch_day_of_week_operator.py for tasks to queue
[2024-06-08T10:39:48.407+0000] {logging_mixin.py:188} INFO - [2024-06-08T10:39:48.407+0000] {dagbag.py:545} INFO - Filling up the DagBag from /home/airflow/.local/lib/python3.12/site-packages/airflow/example_dags/example_branch_day_of_week_operator.py
[2024-06-08T10:39:48.427+0000] {processor.py:840} INFO - DAG(s) 'example_weekday_branch_operator' retrieved from /home/airflow/.local/lib/python3.12/site-packages/airflow/example_dags/example_branch_day_of_week_operator.py
[2024-06-08T10:39:48.492+0000] {logging_mixin.py:188} INFO - [2024-06-08T10:39:48.492+0000] {dag.py:3096} INFO - Sync 1 DAGs
[2024-06-08T10:39:48.577+0000] {logging_mixin.py:188} INFO - [2024-06-08T10:39:48.576+0000] {dag.py:3954} INFO - Setting next_dagrun for example_weekday_branch_operator to 2024-06-07 00:00:00+00:00, run_after=2024-06-08 00:00:00+00:00
[2024-06-08T10:39:48.649+0000] {processor.py:183} INFO - Processing /home/airflow/.local/lib/python3.12/site-packages/airflow/example_dags/example_branch_day_of_week_operator.py took 0.259 seconds
[2024-06-08T11:07:38.723+0000] {processor.py:161} INFO - Started process (PID=63807) to work on /home/airflow/.local/lib/python3.12/site-packages/airflow/example_dags/example_branch_day_of_week_operator.py
[2024-06-08T11:07:38.725+0000] {processor.py:830} INFO - Processing file /home/airflow/.local/lib/python3.12/site-packages/airflow/example_dags/example_branch_day_of_week_operator.py for tasks to queue
[2024-06-08T11:07:38.726+0000] {logging_mixin.py:188} INFO - [2024-06-08T11:07:38.726+0000] {dagbag.py:545} INFO - Filling up the DagBag from /home/airflow/.local/lib/python3.12/site-packages/airflow/example_dags/example_branch_day_of_week_operator.py
[2024-06-08T11:07:38.736+0000] {processor.py:840} INFO - DAG(s) 'example_weekday_branch_operator' retrieved from /home/airflow/.local/lib/python3.12/site-packages/airflow/example_dags/example_branch_day_of_week_operator.py
[2024-06-08T11:07:38.764+0000] {logging_mixin.py:188} INFO - [2024-06-08T11:07:38.764+0000] {dag.py:3096} INFO - Sync 1 DAGs
[2024-06-08T11:07:38.796+0000] {logging_mixin.py:188} INFO - [2024-06-08T11:07:38.795+0000] {dag.py:3954} INFO - Setting next_dagrun for example_weekday_branch_operator to 2024-06-07 00:00:00+00:00, run_after=2024-06-08 00:00:00+00:00
[2024-06-08T11:07:38.820+0000] {processor.py:183} INFO - Processing /home/airflow/.local/lib/python3.12/site-packages/airflow/example_dags/example_branch_day_of_week_operator.py took 0.105 seconds
[2024-06-08T12:08:40.414+0000] {processor.py:161} INFO - Started process (PID=63874) to work on /home/airflow/.local/lib/python3.12/site-packages/airflow/example_dags/example_branch_day_of_week_operator.py
[2024-06-08T12:08:40.416+0000] {processor.py:830} INFO - Processing file /home/airflow/.local/lib/python3.12/site-packages/airflow/example_dags/example_branch_day_of_week_operator.py for tasks to queue
[2024-06-08T12:08:40.419+0000] {logging_mixin.py:188} INFO - [2024-06-08T12:08:40.418+0000] {dagbag.py:545} INFO - Filling up the DagBag from /home/airflow/.local/lib/python3.12/site-packages/airflow/example_dags/example_branch_day_of_week_operator.py
[2024-06-08T12:08:40.450+0000] {processor.py:840} INFO - DAG(s) 'example_weekday_branch_operator' retrieved from /home/airflow/.local/lib/python3.12/site-packages/airflow/example_dags/example_branch_day_of_week_operator.py
[2024-06-08T12:08:40.535+0000] {logging_mixin.py:188} INFO - [2024-06-08T12:08:40.534+0000] {dag.py:3096} INFO - Sync 1 DAGs
[2024-06-08T12:08:40.593+0000] {logging_mixin.py:188} INFO - [2024-06-08T12:08:40.593+0000] {dag.py:3954} INFO - Setting next_dagrun for example_weekday_branch_operator to 2024-06-07 00:00:00+00:00, run_after=2024-06-08 00:00:00+00:00
[2024-06-08T12:08:40.646+0000] {processor.py:183} INFO - Processing /home/airflow/.local/lib/python3.12/site-packages/airflow/example_dags/example_branch_day_of_week_operator.py took 0.243 seconds
[2024-06-08T12:09:20.886+0000] {processor.py:161} INFO - Started process (PID=63934) to work on /home/airflow/.local/lib/python3.12/site-packages/airflow/example_dags/example_branch_day_of_week_operator.py
[2024-06-08T12:09:20.888+0000] {processor.py:830} INFO - Processing file /home/airflow/.local/lib/python3.12/site-packages/airflow/example_dags/example_branch_day_of_week_operator.py for tasks to queue
[2024-06-08T12:09:20.890+0000] {logging_mixin.py:188} INFO - [2024-06-08T12:09:20.890+0000] {dagbag.py:545} INFO - Filling up the DagBag from /home/airflow/.local/lib/python3.12/site-packages/airflow/example_dags/example_branch_day_of_week_operator.py
[2024-06-08T12:09:20.906+0000] {processor.py:840} INFO - DAG(s) 'example_weekday_branch_operator' retrieved from /home/airflow/.local/lib/python3.12/site-packages/airflow/example_dags/example_branch_day_of_week_operator.py
[2024-06-08T12:09:20.955+0000] {logging_mixin.py:188} INFO - [2024-06-08T12:09:20.954+0000] {dag.py:3096} INFO - Sync 1 DAGs
[2024-06-08T12:09:21.012+0000] {logging_mixin.py:188} INFO - [2024-06-08T12:09:21.012+0000] {dag.py:3954} INFO - Setting next_dagrun for example_weekday_branch_operator to 2024-06-07 00:00:00+00:00, run_after=2024-06-08 00:00:00+00:00
[2024-06-08T12:09:21.063+0000] {processor.py:183} INFO - Processing /home/airflow/.local/lib/python3.12/site-packages/airflow/example_dags/example_branch_day_of_week_operator.py took 0.189 seconds
[2024-06-08T13:10:01.002+0000] {processor.py:161} INFO - Started process (PID=63988) to work on /home/airflow/.local/lib/python3.12/site-packages/airflow/example_dags/example_branch_day_of_week_operator.py
[2024-06-08T13:10:01.004+0000] {processor.py:830} INFO - Processing file /home/airflow/.local/lib/python3.12/site-packages/airflow/example_dags/example_branch_day_of_week_operator.py for tasks to queue
[2024-06-08T13:10:01.006+0000] {logging_mixin.py:188} INFO - [2024-06-08T13:10:01.006+0000] {dagbag.py:545} INFO - Filling up the DagBag from /home/airflow/.local/lib/python3.12/site-packages/airflow/example_dags/example_branch_day_of_week_operator.py
[2024-06-08T13:10:01.017+0000] {processor.py:840} INFO - DAG(s) 'example_weekday_branch_operator' retrieved from /home/airflow/.local/lib/python3.12/site-packages/airflow/example_dags/example_branch_day_of_week_operator.py
[2024-06-08T13:10:01.047+0000] {logging_mixin.py:188} INFO - [2024-06-08T13:10:01.046+0000] {dag.py:3096} INFO - Sync 1 DAGs
[2024-06-08T13:10:01.078+0000] {logging_mixin.py:188} INFO - [2024-06-08T13:10:01.078+0000] {dag.py:3954} INFO - Setting next_dagrun for example_weekday_branch_operator to 2024-06-07 00:00:00+00:00, run_after=2024-06-08 00:00:00+00:00
[2024-06-08T13:10:01.103+0000] {processor.py:183} INFO - Processing /home/airflow/.local/lib/python3.12/site-packages/airflow/example_dags/example_branch_day_of_week_operator.py took 0.110 seconds
[2024-06-08T14:10:58.636+0000] {processor.py:161} INFO - Started process (PID=64054) to work on /home/airflow/.local/lib/python3.12/site-packages/airflow/example_dags/example_branch_day_of_week_operator.py
[2024-06-08T14:10:58.638+0000] {processor.py:830} INFO - Processing file /home/airflow/.local/lib/python3.12/site-packages/airflow/example_dags/example_branch_day_of_week_operator.py for tasks to queue
[2024-06-08T14:10:58.640+0000] {logging_mixin.py:188} INFO - [2024-06-08T14:10:58.639+0000] {dagbag.py:545} INFO - Filling up the DagBag from /home/airflow/.local/lib/python3.12/site-packages/airflow/example_dags/example_branch_day_of_week_operator.py
[2024-06-08T14:10:58.655+0000] {processor.py:840} INFO - DAG(s) 'example_weekday_branch_operator' retrieved from /home/airflow/.local/lib/python3.12/site-packages/airflow/example_dags/example_branch_day_of_week_operator.py
[2024-06-08T14:10:58.722+0000] {logging_mixin.py:188} INFO - [2024-06-08T14:10:58.721+0000] {dag.py:3096} INFO - Sync 1 DAGs
[2024-06-08T14:10:58.789+0000] {logging_mixin.py:188} INFO - [2024-06-08T14:10:58.788+0000] {dag.py:3954} INFO - Setting next_dagrun for example_weekday_branch_operator to 2024-06-07 00:00:00+00:00, run_after=2024-06-08 00:00:00+00:00
[2024-06-08T14:10:58.825+0000] {processor.py:183} INFO - Processing /home/airflow/.local/lib/python3.12/site-packages/airflow/example_dags/example_branch_day_of_week_operator.py took 0.201 seconds
[2024-06-08T14:11:28.878+0000] {processor.py:161} INFO - Started process (PID=64114) to work on /home/airflow/.local/lib/python3.12/site-packages/airflow/example_dags/example_branch_day_of_week_operator.py
[2024-06-08T14:11:28.879+0000] {processor.py:830} INFO - Processing file /home/airflow/.local/lib/python3.12/site-packages/airflow/example_dags/example_branch_day_of_week_operator.py for tasks to queue
[2024-06-08T14:11:28.881+0000] {logging_mixin.py:188} INFO - [2024-06-08T14:11:28.880+0000] {dagbag.py:545} INFO - Filling up the DagBag from /home/airflow/.local/lib/python3.12/site-packages/airflow/example_dags/example_branch_day_of_week_operator.py
[2024-06-08T14:11:28.892+0000] {processor.py:840} INFO - DAG(s) 'example_weekday_branch_operator' retrieved from /home/airflow/.local/lib/python3.12/site-packages/airflow/example_dags/example_branch_day_of_week_operator.py
[2024-06-08T14:11:28.921+0000] {logging_mixin.py:188} INFO - [2024-06-08T14:11:28.921+0000] {dag.py:3096} INFO - Sync 1 DAGs
[2024-06-08T14:11:28.950+0000] {logging_mixin.py:188} INFO - [2024-06-08T14:11:28.949+0000] {dag.py:3954} INFO - Setting next_dagrun for example_weekday_branch_operator to 2024-06-07 00:00:00+00:00, run_after=2024-06-08 00:00:00+00:00
[2024-06-08T14:11:28.974+0000] {processor.py:183} INFO - Processing /home/airflow/.local/lib/python3.12/site-packages/airflow/example_dags/example_branch_day_of_week_operator.py took 0.103 seconds
[2024-06-08T15:12:12.938+0000] {processor.py:161} INFO - Started process (PID=64168) to work on /home/airflow/.local/lib/python3.12/site-packages/airflow/example_dags/example_branch_day_of_week_operator.py
[2024-06-08T15:12:12.940+0000] {processor.py:830} INFO - Processing file /home/airflow/.local/lib/python3.12/site-packages/airflow/example_dags/example_branch_day_of_week_operator.py for tasks to queue
[2024-06-08T15:12:12.941+0000] {logging_mixin.py:188} INFO - [2024-06-08T15:12:12.941+0000] {dagbag.py:545} INFO - Filling up the DagBag from /home/airflow/.local/lib/python3.12/site-packages/airflow/example_dags/example_branch_day_of_week_operator.py
[2024-06-08T15:12:12.950+0000] {processor.py:840} INFO - DAG(s) 'example_weekday_branch_operator' retrieved from /home/airflow/.local/lib/python3.12/site-packages/airflow/example_dags/example_branch_day_of_week_operator.py
[2024-06-08T15:12:12.978+0000] {logging_mixin.py:188} INFO - [2024-06-08T15:12:12.978+0000] {dag.py:3096} INFO - Sync 1 DAGs
[2024-06-08T15:12:13.008+0000] {logging_mixin.py:188} INFO - [2024-06-08T15:12:13.008+0000] {dag.py:3954} INFO - Setting next_dagrun for example_weekday_branch_operator to 2024-06-07 00:00:00+00:00, run_after=2024-06-08 00:00:00+00:00
[2024-06-08T15:12:13.031+0000] {processor.py:183} INFO - Processing /home/airflow/.local/lib/python3.12/site-packages/airflow/example_dags/example_branch_day_of_week_operator.py took 0.101 seconds
[2024-06-08T16:13:15.816+0000] {processor.py:161} INFO - Started process (PID=64234) to work on /home/airflow/.local/lib/python3.12/site-packages/airflow/example_dags/example_branch_day_of_week_operator.py
[2024-06-08T16:13:15.818+0000] {processor.py:830} INFO - Processing file /home/airflow/.local/lib/python3.12/site-packages/airflow/example_dags/example_branch_day_of_week_operator.py for tasks to queue
[2024-06-08T16:13:15.820+0000] {logging_mixin.py:188} INFO - [2024-06-08T16:13:15.819+0000] {dagbag.py:545} INFO - Filling up the DagBag from /home/airflow/.local/lib/python3.12/site-packages/airflow/example_dags/example_branch_day_of_week_operator.py
[2024-06-08T16:13:15.835+0000] {processor.py:840} INFO - DAG(s) 'example_weekday_branch_operator' retrieved from /home/airflow/.local/lib/python3.12/site-packages/airflow/example_dags/example_branch_day_of_week_operator.py
[2024-06-08T16:13:15.875+0000] {logging_mixin.py:188} INFO - [2024-06-08T16:13:15.875+0000] {dag.py:3096} INFO - Sync 1 DAGs
[2024-06-08T16:13:15.924+0000] {logging_mixin.py:188} INFO - [2024-06-08T16:13:15.923+0000] {dag.py:3954} INFO - Setting next_dagrun for example_weekday_branch_operator to 2024-06-07 00:00:00+00:00, run_after=2024-06-08 00:00:00+00:00
[2024-06-08T16:13:15.962+0000] {processor.py:183} INFO - Processing /home/airflow/.local/lib/python3.12/site-packages/airflow/example_dags/example_branch_day_of_week_operator.py took 0.157 seconds
[2024-06-08T16:13:57.010+0000] {processor.py:161} INFO - Started process (PID=64294) to work on /home/airflow/.local/lib/python3.12/site-packages/airflow/example_dags/example_branch_day_of_week_operator.py
[2024-06-08T16:13:57.012+0000] {processor.py:830} INFO - Processing file /home/airflow/.local/lib/python3.12/site-packages/airflow/example_dags/example_branch_day_of_week_operator.py for tasks to queue
[2024-06-08T16:13:57.014+0000] {logging_mixin.py:188} INFO - [2024-06-08T16:13:57.013+0000] {dagbag.py:545} INFO - Filling up the DagBag from /home/airflow/.local/lib/python3.12/site-packages/airflow/example_dags/example_branch_day_of_week_operator.py
[2024-06-08T16:13:57.030+0000] {processor.py:840} INFO - DAG(s) 'example_weekday_branch_operator' retrieved from /home/airflow/.local/lib/python3.12/site-packages/airflow/example_dags/example_branch_day_of_week_operator.py
[2024-06-08T16:13:57.089+0000] {logging_mixin.py:188} INFO - [2024-06-08T16:13:57.089+0000] {dag.py:3096} INFO - Sync 1 DAGs
[2024-06-08T16:13:57.165+0000] {logging_mixin.py:188} INFO - [2024-06-08T16:13:57.164+0000] {dag.py:3954} INFO - Setting next_dagrun for example_weekday_branch_operator to 2024-06-07 00:00:00+00:00, run_after=2024-06-08 00:00:00+00:00
[2024-06-08T16:13:57.217+0000] {processor.py:183} INFO - Processing /home/airflow/.local/lib/python3.12/site-packages/airflow/example_dags/example_branch_day_of_week_operator.py took 0.219 seconds
[2024-06-08T17:14:35.755+0000] {processor.py:161} INFO - Started process (PID=64348) to work on /home/airflow/.local/lib/python3.12/site-packages/airflow/example_dags/example_branch_day_of_week_operator.py
[2024-06-08T17:14:35.756+0000] {processor.py:830} INFO - Processing file /home/airflow/.local/lib/python3.12/site-packages/airflow/example_dags/example_branch_day_of_week_operator.py for tasks to queue
[2024-06-08T17:14:35.758+0000] {logging_mixin.py:188} INFO - [2024-06-08T17:14:35.757+0000] {dagbag.py:545} INFO - Filling up the DagBag from /home/airflow/.local/lib/python3.12/site-packages/airflow/example_dags/example_branch_day_of_week_operator.py
[2024-06-08T17:14:35.769+0000] {processor.py:840} INFO - DAG(s) 'example_weekday_branch_operator' retrieved from /home/airflow/.local/lib/python3.12/site-packages/airflow/example_dags/example_branch_day_of_week_operator.py
[2024-06-08T17:14:35.803+0000] {logging_mixin.py:188} INFO - [2024-06-08T17:14:35.802+0000] {dag.py:3096} INFO - Sync 1 DAGs
[2024-06-08T17:14:35.831+0000] {logging_mixin.py:188} INFO - [2024-06-08T17:14:35.831+0000] {dag.py:3954} INFO - Setting next_dagrun for example_weekday_branch_operator to 2024-06-07 00:00:00+00:00, run_after=2024-06-08 00:00:00+00:00
[2024-06-08T17:14:35.854+0000] {processor.py:183} INFO - Processing /home/airflow/.local/lib/python3.12/site-packages/airflow/example_dags/example_branch_day_of_week_operator.py took 0.108 seconds
[2024-06-08T18:08:42.652+0000] {processor.py:161} INFO - Started process (PID=64408) to work on /home/airflow/.local/lib/python3.12/site-packages/airflow/example_dags/example_branch_day_of_week_operator.py
[2024-06-08T18:08:42.656+0000] {processor.py:830} INFO - Processing file /home/airflow/.local/lib/python3.12/site-packages/airflow/example_dags/example_branch_day_of_week_operator.py for tasks to queue
[2024-06-08T18:08:42.659+0000] {logging_mixin.py:188} INFO - [2024-06-08T18:08:42.658+0000] {dagbag.py:545} INFO - Filling up the DagBag from /home/airflow/.local/lib/python3.12/site-packages/airflow/example_dags/example_branch_day_of_week_operator.py
[2024-06-08T18:08:42.674+0000] {processor.py:840} INFO - DAG(s) 'example_weekday_branch_operator' retrieved from /home/airflow/.local/lib/python3.12/site-packages/airflow/example_dags/example_branch_day_of_week_operator.py
[2024-06-08T18:08:42.721+0000] {logging_mixin.py:188} INFO - [2024-06-08T18:08:42.720+0000] {dag.py:3096} INFO - Sync 1 DAGs
[2024-06-08T18:08:42.781+0000] {logging_mixin.py:188} INFO - [2024-06-08T18:08:42.780+0000] {dag.py:3954} INFO - Setting next_dagrun for example_weekday_branch_operator to 2024-06-07 00:00:00+00:00, run_after=2024-06-08 00:00:00+00:00
[2024-06-08T18:08:42.840+0000] {processor.py:183} INFO - Processing /home/airflow/.local/lib/python3.12/site-packages/airflow/example_dags/example_branch_day_of_week_operator.py took 0.201 seconds
[2024-06-08T18:15:51.256+0000] {processor.py:161} INFO - Started process (PID=64468) to work on /home/airflow/.local/lib/python3.12/site-packages/airflow/example_dags/example_branch_day_of_week_operator.py
[2024-06-08T18:15:51.258+0000] {processor.py:830} INFO - Processing file /home/airflow/.local/lib/python3.12/site-packages/airflow/example_dags/example_branch_day_of_week_operator.py for tasks to queue
[2024-06-08T18:15:51.260+0000] {logging_mixin.py:188} INFO - [2024-06-08T18:15:51.259+0000] {dagbag.py:545} INFO - Filling up the DagBag from /home/airflow/.local/lib/python3.12/site-packages/airflow/example_dags/example_branch_day_of_week_operator.py
[2024-06-08T18:15:51.273+0000] {processor.py:840} INFO - DAG(s) 'example_weekday_branch_operator' retrieved from /home/airflow/.local/lib/python3.12/site-packages/airflow/example_dags/example_branch_day_of_week_operator.py
[2024-06-08T18:15:51.307+0000] {logging_mixin.py:188} INFO - [2024-06-08T18:15:51.307+0000] {dag.py:3096} INFO - Sync 1 DAGs
[2024-06-08T18:15:51.342+0000] {logging_mixin.py:188} INFO - [2024-06-08T18:15:51.342+0000] {dag.py:3954} INFO - Setting next_dagrun for example_weekday_branch_operator to 2024-06-07 00:00:00+00:00, run_after=2024-06-08 00:00:00+00:00
[2024-06-08T18:15:51.368+0000] {processor.py:183} INFO - Processing /home/airflow/.local/lib/python3.12/site-packages/airflow/example_dags/example_branch_day_of_week_operator.py took 0.122 seconds
[2024-06-08T18:52:18.174+0000] {processor.py:161} INFO - Started process (PID=64528) to work on /home/airflow/.local/lib/python3.12/site-packages/airflow/example_dags/example_branch_day_of_week_operator.py
[2024-06-08T18:52:18.179+0000] {processor.py:830} INFO - Processing file /home/airflow/.local/lib/python3.12/site-packages/airflow/example_dags/example_branch_day_of_week_operator.py for tasks to queue
[2024-06-08T18:52:18.180+0000] {logging_mixin.py:188} INFO - [2024-06-08T18:52:18.180+0000] {dagbag.py:545} INFO - Filling up the DagBag from /home/airflow/.local/lib/python3.12/site-packages/airflow/example_dags/example_branch_day_of_week_operator.py
[2024-06-08T18:52:18.192+0000] {processor.py:840} INFO - DAG(s) 'example_weekday_branch_operator' retrieved from /home/airflow/.local/lib/python3.12/site-packages/airflow/example_dags/example_branch_day_of_week_operator.py
[2024-06-08T18:52:18.220+0000] {logging_mixin.py:188} INFO - [2024-06-08T18:52:18.220+0000] {dag.py:3096} INFO - Sync 1 DAGs
[2024-06-08T18:52:18.251+0000] {logging_mixin.py:188} INFO - [2024-06-08T18:52:18.251+0000] {dag.py:3954} INFO - Setting next_dagrun for example_weekday_branch_operator to 2024-06-07 00:00:00+00:00, run_after=2024-06-08 00:00:00+00:00
[2024-06-08T18:52:18.275+0000] {processor.py:183} INFO - Processing /home/airflow/.local/lib/python3.12/site-packages/airflow/example_dags/example_branch_day_of_week_operator.py took 0.109 seconds
[2024-06-08T18:52:54.579+0000] {processor.py:161} INFO - Started process (PID=64588) to work on /home/airflow/.local/lib/python3.12/site-packages/airflow/example_dags/example_branch_day_of_week_operator.py
[2024-06-08T18:52:54.581+0000] {processor.py:830} INFO - Processing file /home/airflow/.local/lib/python3.12/site-packages/airflow/example_dags/example_branch_day_of_week_operator.py for tasks to queue
[2024-06-08T18:52:54.583+0000] {logging_mixin.py:188} INFO - [2024-06-08T18:52:54.583+0000] {dagbag.py:545} INFO - Filling up the DagBag from /home/airflow/.local/lib/python3.12/site-packages/airflow/example_dags/example_branch_day_of_week_operator.py
[2024-06-08T18:52:54.598+0000] {processor.py:840} INFO - DAG(s) 'example_weekday_branch_operator' retrieved from /home/airflow/.local/lib/python3.12/site-packages/airflow/example_dags/example_branch_day_of_week_operator.py
[2024-06-08T18:52:54.637+0000] {logging_mixin.py:188} INFO - [2024-06-08T18:52:54.636+0000] {dag.py:3096} INFO - Sync 1 DAGs
[2024-06-08T18:52:54.673+0000] {logging_mixin.py:188} INFO - [2024-06-08T18:52:54.672+0000] {dag.py:3954} INFO - Setting next_dagrun for example_weekday_branch_operator to 2024-06-07 00:00:00+00:00, run_after=2024-06-08 00:00:00+00:00
[2024-06-08T18:52:54.706+0000] {processor.py:183} INFO - Processing /home/airflow/.local/lib/python3.12/site-packages/airflow/example_dags/example_branch_day_of_week_operator.py took 0.139 seconds
[2024-06-08T19:12:42.086+0000] {processor.py:161} INFO - Started process (PID=64648) to work on /home/airflow/.local/lib/python3.12/site-packages/airflow/example_dags/example_branch_day_of_week_operator.py
[2024-06-08T19:12:42.087+0000] {processor.py:830} INFO - Processing file /home/airflow/.local/lib/python3.12/site-packages/airflow/example_dags/example_branch_day_of_week_operator.py for tasks to queue
[2024-06-08T19:12:42.089+0000] {logging_mixin.py:188} INFO - [2024-06-08T19:12:42.088+0000] {dagbag.py:545} INFO - Filling up the DagBag from /home/airflow/.local/lib/python3.12/site-packages/airflow/example_dags/example_branch_day_of_week_operator.py
[2024-06-08T19:12:42.098+0000] {processor.py:840} INFO - DAG(s) 'example_weekday_branch_operator' retrieved from /home/airflow/.local/lib/python3.12/site-packages/airflow/example_dags/example_branch_day_of_week_operator.py
[2024-06-08T19:12:42.127+0000] {logging_mixin.py:188} INFO - [2024-06-08T19:12:42.126+0000] {dag.py:3096} INFO - Sync 1 DAGs
[2024-06-08T19:12:42.155+0000] {logging_mixin.py:188} INFO - [2024-06-08T19:12:42.155+0000] {dag.py:3954} INFO - Setting next_dagrun for example_weekday_branch_operator to 2024-06-07 00:00:00+00:00, run_after=2024-06-08 00:00:00+00:00
[2024-06-08T19:12:42.178+0000] {processor.py:183} INFO - Processing /home/airflow/.local/lib/python3.12/site-packages/airflow/example_dags/example_branch_day_of_week_operator.py took 0.100 seconds
[2024-06-08T19:16:55.387+0000] {processor.py:161} INFO - Started process (PID=64708) to work on /home/airflow/.local/lib/python3.12/site-packages/airflow/example_dags/example_branch_day_of_week_operator.py
[2024-06-08T19:16:55.388+0000] {processor.py:830} INFO - Processing file /home/airflow/.local/lib/python3.12/site-packages/airflow/example_dags/example_branch_day_of_week_operator.py for tasks to queue
[2024-06-08T19:16:55.390+0000] {logging_mixin.py:188} INFO - [2024-06-08T19:16:55.389+0000] {dagbag.py:545} INFO - Filling up the DagBag from /home/airflow/.local/lib/python3.12/site-packages/airflow/example_dags/example_branch_day_of_week_operator.py
[2024-06-08T19:16:55.399+0000] {processor.py:840} INFO - DAG(s) 'example_weekday_branch_operator' retrieved from /home/airflow/.local/lib/python3.12/site-packages/airflow/example_dags/example_branch_day_of_week_operator.py
[2024-06-08T19:16:55.430+0000] {logging_mixin.py:188} INFO - [2024-06-08T19:16:55.430+0000] {dag.py:3096} INFO - Sync 1 DAGs
[2024-06-08T19:16:55.491+0000] {logging_mixin.py:188} INFO - [2024-06-08T19:16:55.490+0000] {dag.py:3954} INFO - Setting next_dagrun for example_weekday_branch_operator to 2024-06-07 00:00:00+00:00, run_after=2024-06-08 00:00:00+00:00
[2024-06-08T19:16:55.519+0000] {processor.py:183} INFO - Processing /home/airflow/.local/lib/python3.12/site-packages/airflow/example_dags/example_branch_day_of_week_operator.py took 0.140 seconds
[2024-06-08T20:17:53.415+0000] {processor.py:161} INFO - Started process (PID=64768) to work on /home/airflow/.local/lib/python3.12/site-packages/airflow/example_dags/example_branch_day_of_week_operator.py
[2024-06-08T20:17:53.420+0000] {processor.py:830} INFO - Processing file /home/airflow/.local/lib/python3.12/site-packages/airflow/example_dags/example_branch_day_of_week_operator.py for tasks to queue
[2024-06-08T20:17:53.421+0000] {logging_mixin.py:188} INFO - [2024-06-08T20:17:53.421+0000] {dagbag.py:545} INFO - Filling up the DagBag from /home/airflow/.local/lib/python3.12/site-packages/airflow/example_dags/example_branch_day_of_week_operator.py
[2024-06-08T20:17:53.434+0000] {processor.py:840} INFO - DAG(s) 'example_weekday_branch_operator' retrieved from /home/airflow/.local/lib/python3.12/site-packages/airflow/example_dags/example_branch_day_of_week_operator.py
[2024-06-08T20:17:53.467+0000] {logging_mixin.py:188} INFO - [2024-06-08T20:17:53.466+0000] {dag.py:3096} INFO - Sync 1 DAGs
[2024-06-08T20:17:53.497+0000] {logging_mixin.py:188} INFO - [2024-06-08T20:17:53.496+0000] {dag.py:3954} INFO - Setting next_dagrun for example_weekday_branch_operator to 2024-06-07 00:00:00+00:00, run_after=2024-06-08 00:00:00+00:00
[2024-06-08T20:17:53.520+0000] {processor.py:183} INFO - Processing /home/airflow/.local/lib/python3.12/site-packages/airflow/example_dags/example_branch_day_of_week_operator.py took 0.114 seconds
[2024-06-08T20:18:36.804+0000] {processor.py:161} INFO - Started process (PID=64828) to work on /home/airflow/.local/lib/python3.12/site-packages/airflow/example_dags/example_branch_day_of_week_operator.py
[2024-06-08T20:18:36.806+0000] {processor.py:830} INFO - Processing file /home/airflow/.local/lib/python3.12/site-packages/airflow/example_dags/example_branch_day_of_week_operator.py for tasks to queue
[2024-06-08T20:18:36.809+0000] {logging_mixin.py:188} INFO - [2024-06-08T20:18:36.808+0000] {dagbag.py:545} INFO - Filling up the DagBag from /home/airflow/.local/lib/python3.12/site-packages/airflow/example_dags/example_branch_day_of_week_operator.py
[2024-06-08T20:18:36.823+0000] {processor.py:840} INFO - DAG(s) 'example_weekday_branch_operator' retrieved from /home/airflow/.local/lib/python3.12/site-packages/airflow/example_dags/example_branch_day_of_week_operator.py
[2024-06-08T20:18:36.873+0000] {logging_mixin.py:188} INFO - [2024-06-08T20:18:36.872+0000] {dag.py:3096} INFO - Sync 1 DAGs
[2024-06-08T20:18:36.930+0000] {logging_mixin.py:188} INFO - [2024-06-08T20:18:36.930+0000] {dag.py:3954} INFO - Setting next_dagrun for example_weekday_branch_operator to 2024-06-07 00:00:00+00:00, run_after=2024-06-08 00:00:00+00:00
[2024-06-08T20:18:36.970+0000] {processor.py:183} INFO - Processing /home/airflow/.local/lib/python3.12/site-packages/airflow/example_dags/example_branch_day_of_week_operator.py took 0.178 seconds
