[2024-06-08T02:25:58.334+0000] {processor.py:161} INFO - Started process (PID=63175) to work on /home/airflow/.local/lib/python3.12/site-packages/airflow/example_dags/example_time_delta_sensor_async.py
[2024-06-08T02:25:58.336+0000] {processor.py:830} INFO - Processing file /home/airflow/.local/lib/python3.12/site-packages/airflow/example_dags/example_time_delta_sensor_async.py for tasks to queue
[2024-06-08T02:25:58.338+0000] {logging_mixin.py:188} INFO - [2024-06-08T02:25:58.337+0000] {dagbag.py:545} INFO - Filling up the DagBag from /home/airflow/.local/lib/python3.12/site-packages/airflow/example_dags/example_time_delta_sensor_async.py
[2024-06-08T02:25:58.345+0000] {processor.py:840} INFO - DAG(s) 'example_time_delta_sensor_async' retrieved from /home/airflow/.local/lib/python3.12/site-packages/airflow/example_dags/example_time_delta_sensor_async.py
[2024-06-08T02:25:58.376+0000] {logging_mixin.py:188} INFO - [2024-06-08T02:25:58.376+0000] {dag.py:3096} INFO - Sync 1 DAGs
[2024-06-08T02:25:58.394+0000] {logging_mixin.py:188} INFO - [2024-06-08T02:25:58.394+0000] {dag.py:3954} INFO - Setting next_dagrun for example_time_delta_sensor_async to None, run_after=None
[2024-06-08T02:25:58.420+0000] {processor.py:183} INFO - Processing /home/airflow/.local/lib/python3.12/site-packages/airflow/example_dags/example_time_delta_sensor_async.py took 0.093 seconds
[2024-06-08T02:26:31.563+0000] {processor.py:161} INFO - Started process (PID=63240) to work on /home/airflow/.local/lib/python3.12/site-packages/airflow/example_dags/example_time_delta_sensor_async.py
[2024-06-08T02:26:31.565+0000] {processor.py:830} INFO - Processing file /home/airflow/.local/lib/python3.12/site-packages/airflow/example_dags/example_time_delta_sensor_async.py for tasks to queue
[2024-06-08T02:26:31.567+0000] {logging_mixin.py:188} INFO - [2024-06-08T02:26:31.566+0000] {dagbag.py:545} INFO - Filling up the DagBag from /home/airflow/.local/lib/python3.12/site-packages/airflow/example_dags/example_time_delta_sensor_async.py
[2024-06-08T02:26:31.575+0000] {processor.py:840} INFO - DAG(s) 'example_time_delta_sensor_async' retrieved from /home/airflow/.local/lib/python3.12/site-packages/airflow/example_dags/example_time_delta_sensor_async.py
[2024-06-08T02:26:31.609+0000] {logging_mixin.py:188} INFO - [2024-06-08T02:26:31.608+0000] {dag.py:3096} INFO - Sync 1 DAGs
[2024-06-08T02:26:31.633+0000] {logging_mixin.py:188} INFO - [2024-06-08T02:26:31.632+0000] {dag.py:3954} INFO - Setting next_dagrun for example_time_delta_sensor_async to None, run_after=None
[2024-06-08T02:26:31.662+0000] {processor.py:183} INFO - Processing /home/airflow/.local/lib/python3.12/site-packages/airflow/example_dags/example_time_delta_sensor_async.py took 0.108 seconds
[2024-06-08T07:02:54.932+0000] {processor.py:161} INFO - Started process (PID=63294) to work on /home/airflow/.local/lib/python3.12/site-packages/airflow/example_dags/example_time_delta_sensor_async.py
[2024-06-08T07:02:54.933+0000] {processor.py:830} INFO - Processing file /home/airflow/.local/lib/python3.12/site-packages/airflow/example_dags/example_time_delta_sensor_async.py for tasks to queue
[2024-06-08T07:02:54.934+0000] {logging_mixin.py:188} INFO - [2024-06-08T07:02:54.934+0000] {dagbag.py:545} INFO - Filling up the DagBag from /home/airflow/.local/lib/python3.12/site-packages/airflow/example_dags/example_time_delta_sensor_async.py
[2024-06-08T07:02:54.940+0000] {processor.py:840} INFO - DAG(s) 'example_time_delta_sensor_async' retrieved from /home/airflow/.local/lib/python3.12/site-packages/airflow/example_dags/example_time_delta_sensor_async.py
[2024-06-08T07:02:54.968+0000] {logging_mixin.py:188} INFO - [2024-06-08T07:02:54.968+0000] {dag.py:3096} INFO - Sync 1 DAGs
[2024-06-08T07:02:54.984+0000] {logging_mixin.py:188} INFO - [2024-06-08T07:02:54.984+0000] {dag.py:3954} INFO - Setting next_dagrun for example_time_delta_sensor_async to None, run_after=None
[2024-06-08T07:02:55.008+0000] {processor.py:183} INFO - Processing /home/airflow/.local/lib/python3.12/site-packages/airflow/example_dags/example_time_delta_sensor_async.py took 0.085 seconds
[2024-06-08T07:15:52.911+0000] {processor.py:161} INFO - Started process (PID=63354) to work on /home/airflow/.local/lib/python3.12/site-packages/airflow/example_dags/example_time_delta_sensor_async.py
[2024-06-08T07:15:52.913+0000] {processor.py:830} INFO - Processing file /home/airflow/.local/lib/python3.12/site-packages/airflow/example_dags/example_time_delta_sensor_async.py for tasks to queue
[2024-06-08T07:15:52.914+0000] {logging_mixin.py:188} INFO - [2024-06-08T07:15:52.914+0000] {dagbag.py:545} INFO - Filling up the DagBag from /home/airflow/.local/lib/python3.12/site-packages/airflow/example_dags/example_time_delta_sensor_async.py
[2024-06-08T07:15:52.920+0000] {processor.py:840} INFO - DAG(s) 'example_time_delta_sensor_async' retrieved from /home/airflow/.local/lib/python3.12/site-packages/airflow/example_dags/example_time_delta_sensor_async.py
[2024-06-08T07:15:52.950+0000] {logging_mixin.py:188} INFO - [2024-06-08T07:15:52.950+0000] {dag.py:3096} INFO - Sync 1 DAGs
[2024-06-08T07:15:52.969+0000] {logging_mixin.py:188} INFO - [2024-06-08T07:15:52.969+0000] {dag.py:3954} INFO - Setting next_dagrun for example_time_delta_sensor_async to None, run_after=None
[2024-06-08T07:15:53.005+0000] {processor.py:183} INFO - Processing /home/airflow/.local/lib/python3.12/site-packages/airflow/example_dags/example_time_delta_sensor_async.py took 0.103 seconds
[2024-06-08T08:04:09.230+0000] {processor.py:161} INFO - Started process (PID=63414) to work on /home/airflow/.local/lib/python3.12/site-packages/airflow/example_dags/example_time_delta_sensor_async.py
[2024-06-08T08:04:09.232+0000] {processor.py:830} INFO - Processing file /home/airflow/.local/lib/python3.12/site-packages/airflow/example_dags/example_time_delta_sensor_async.py for tasks to queue
[2024-06-08T08:04:09.233+0000] {logging_mixin.py:188} INFO - [2024-06-08T08:04:09.233+0000] {dagbag.py:545} INFO - Filling up the DagBag from /home/airflow/.local/lib/python3.12/site-packages/airflow/example_dags/example_time_delta_sensor_async.py
[2024-06-08T08:04:09.240+0000] {processor.py:840} INFO - DAG(s) 'example_time_delta_sensor_async' retrieved from /home/airflow/.local/lib/python3.12/site-packages/airflow/example_dags/example_time_delta_sensor_async.py
[2024-06-08T08:04:09.267+0000] {logging_mixin.py:188} INFO - [2024-06-08T08:04:09.266+0000] {dag.py:3096} INFO - Sync 1 DAGs
[2024-06-08T08:04:09.283+0000] {logging_mixin.py:188} INFO - [2024-06-08T08:04:09.283+0000] {dag.py:3954} INFO - Setting next_dagrun for example_time_delta_sensor_async to None, run_after=None
[2024-06-08T08:04:09.308+0000] {processor.py:183} INFO - Processing /home/airflow/.local/lib/python3.12/site-packages/airflow/example_dags/example_time_delta_sensor_async.py took 0.085 seconds
[2024-06-08T09:05:07.458+0000] {processor.py:161} INFO - Started process (PID=63474) to work on /home/airflow/.local/lib/python3.12/site-packages/airflow/example_dags/example_time_delta_sensor_async.py
[2024-06-08T09:05:07.460+0000] {processor.py:830} INFO - Processing file /home/airflow/.local/lib/python3.12/site-packages/airflow/example_dags/example_time_delta_sensor_async.py for tasks to queue
[2024-06-08T09:05:07.464+0000] {logging_mixin.py:188} INFO - [2024-06-08T09:05:07.463+0000] {dagbag.py:545} INFO - Filling up the DagBag from /home/airflow/.local/lib/python3.12/site-packages/airflow/example_dags/example_time_delta_sensor_async.py
[2024-06-08T09:05:07.471+0000] {processor.py:840} INFO - DAG(s) 'example_time_delta_sensor_async' retrieved from /home/airflow/.local/lib/python3.12/site-packages/airflow/example_dags/example_time_delta_sensor_async.py
[2024-06-08T09:05:07.508+0000] {logging_mixin.py:188} INFO - [2024-06-08T09:05:07.507+0000] {dag.py:3096} INFO - Sync 1 DAGs
[2024-06-08T09:05:07.531+0000] {logging_mixin.py:188} INFO - [2024-06-08T09:05:07.530+0000] {dag.py:3954} INFO - Setting next_dagrun for example_time_delta_sensor_async to None, run_after=None
[2024-06-08T09:05:07.566+0000] {processor.py:183} INFO - Processing /home/airflow/.local/lib/python3.12/site-packages/airflow/example_dags/example_time_delta_sensor_async.py took 0.118 seconds
[2024-06-08T09:05:37.710+0000] {processor.py:161} INFO - Started process (PID=63534) to work on /home/airflow/.local/lib/python3.12/site-packages/airflow/example_dags/example_time_delta_sensor_async.py
[2024-06-08T09:05:37.711+0000] {processor.py:830} INFO - Processing file /home/airflow/.local/lib/python3.12/site-packages/airflow/example_dags/example_time_delta_sensor_async.py for tasks to queue
[2024-06-08T09:05:37.713+0000] {logging_mixin.py:188} INFO - [2024-06-08T09:05:37.712+0000] {dagbag.py:545} INFO - Filling up the DagBag from /home/airflow/.local/lib/python3.12/site-packages/airflow/example_dags/example_time_delta_sensor_async.py
[2024-06-08T09:05:37.718+0000] {processor.py:840} INFO - DAG(s) 'example_time_delta_sensor_async' retrieved from /home/airflow/.local/lib/python3.12/site-packages/airflow/example_dags/example_time_delta_sensor_async.py
[2024-06-08T09:05:37.743+0000] {logging_mixin.py:188} INFO - [2024-06-08T09:05:37.743+0000] {dag.py:3096} INFO - Sync 1 DAGs
[2024-06-08T09:05:37.760+0000] {logging_mixin.py:188} INFO - [2024-06-08T09:05:37.760+0000] {dag.py:3954} INFO - Setting next_dagrun for example_time_delta_sensor_async to None, run_after=None
[2024-06-08T09:05:37.784+0000] {processor.py:183} INFO - Processing /home/airflow/.local/lib/python3.12/site-packages/airflow/example_dags/example_time_delta_sensor_async.py took 0.082 seconds
[2024-06-08T10:06:30.988+0000] {processor.py:161} INFO - Started process (PID=63594) to work on /home/airflow/.local/lib/python3.12/site-packages/airflow/example_dags/example_time_delta_sensor_async.py
[2024-06-08T10:06:30.991+0000] {processor.py:830} INFO - Processing file /home/airflow/.local/lib/python3.12/site-packages/airflow/example_dags/example_time_delta_sensor_async.py for tasks to queue
[2024-06-08T10:06:30.992+0000] {logging_mixin.py:188} INFO - [2024-06-08T10:06:30.992+0000] {dagbag.py:545} INFO - Filling up the DagBag from /home/airflow/.local/lib/python3.12/site-packages/airflow/example_dags/example_time_delta_sensor_async.py
[2024-06-08T10:06:30.999+0000] {processor.py:840} INFO - DAG(s) 'example_time_delta_sensor_async' retrieved from /home/airflow/.local/lib/python3.12/site-packages/airflow/example_dags/example_time_delta_sensor_async.py
[2024-06-08T10:06:31.031+0000] {logging_mixin.py:188} INFO - [2024-06-08T10:06:31.031+0000] {dag.py:3096} INFO - Sync 1 DAGs
[2024-06-08T10:06:31.050+0000] {logging_mixin.py:188} INFO - [2024-06-08T10:06:31.050+0000] {dag.py:3954} INFO - Setting next_dagrun for example_time_delta_sensor_async to None, run_after=None
[2024-06-08T10:06:31.076+0000] {processor.py:183} INFO - Processing /home/airflow/.local/lib/python3.12/site-packages/airflow/example_dags/example_time_delta_sensor_async.py took 0.104 seconds
[2024-06-08T10:39:01.748+0000] {processor.py:161} INFO - Started process (PID=63654) to work on /home/airflow/.local/lib/python3.12/site-packages/airflow/example_dags/example_time_delta_sensor_async.py
[2024-06-08T10:39:01.750+0000] {processor.py:830} INFO - Processing file /home/airflow/.local/lib/python3.12/site-packages/airflow/example_dags/example_time_delta_sensor_async.py for tasks to queue
[2024-06-08T10:39:01.753+0000] {logging_mixin.py:188} INFO - [2024-06-08T10:39:01.752+0000] {dagbag.py:545} INFO - Filling up the DagBag from /home/airflow/.local/lib/python3.12/site-packages/airflow/example_dags/example_time_delta_sensor_async.py
[2024-06-08T10:39:01.763+0000] {processor.py:840} INFO - DAG(s) 'example_time_delta_sensor_async' retrieved from /home/airflow/.local/lib/python3.12/site-packages/airflow/example_dags/example_time_delta_sensor_async.py
[2024-06-08T10:39:01.797+0000] {logging_mixin.py:188} INFO - [2024-06-08T10:39:01.797+0000] {dag.py:3096} INFO - Sync 1 DAGs
[2024-06-08T10:39:01.820+0000] {logging_mixin.py:188} INFO - [2024-06-08T10:39:01.819+0000] {dag.py:3954} INFO - Setting next_dagrun for example_time_delta_sensor_async to None, run_after=None
[2024-06-08T10:39:01.865+0000] {processor.py:183} INFO - Processing /home/airflow/.local/lib/python3.12/site-packages/airflow/example_dags/example_time_delta_sensor_async.py took 0.127 seconds
[2024-06-08T10:39:31.948+0000] {processor.py:161} INFO - Started process (PID=63714) to work on /home/airflow/.local/lib/python3.12/site-packages/airflow/example_dags/example_time_delta_sensor_async.py
[2024-06-08T10:39:31.950+0000] {processor.py:830} INFO - Processing file /home/airflow/.local/lib/python3.12/site-packages/airflow/example_dags/example_time_delta_sensor_async.py for tasks to queue
[2024-06-08T10:39:31.951+0000] {logging_mixin.py:188} INFO - [2024-06-08T10:39:31.951+0000] {dagbag.py:545} INFO - Filling up the DagBag from /home/airflow/.local/lib/python3.12/site-packages/airflow/example_dags/example_time_delta_sensor_async.py
[2024-06-08T10:39:31.958+0000] {processor.py:840} INFO - DAG(s) 'example_time_delta_sensor_async' retrieved from /home/airflow/.local/lib/python3.12/site-packages/airflow/example_dags/example_time_delta_sensor_async.py
[2024-06-08T10:39:31.983+0000] {logging_mixin.py:188} INFO - [2024-06-08T10:39:31.983+0000] {dag.py:3096} INFO - Sync 1 DAGs
[2024-06-08T10:39:32.000+0000] {logging_mixin.py:188} INFO - [2024-06-08T10:39:32.000+0000] {dag.py:3954} INFO - Setting next_dagrun for example_time_delta_sensor_async to None, run_after=None
[2024-06-08T10:39:32.025+0000] {processor.py:183} INFO - Processing /home/airflow/.local/lib/python3.12/site-packages/airflow/example_dags/example_time_delta_sensor_async.py took 0.084 seconds
[2024-06-08T11:07:36.469+0000] {processor.py:161} INFO - Started process (PID=63774) to work on /home/airflow/.local/lib/python3.12/site-packages/airflow/example_dags/example_time_delta_sensor_async.py
[2024-06-08T11:07:36.471+0000] {processor.py:830} INFO - Processing file /home/airflow/.local/lib/python3.12/site-packages/airflow/example_dags/example_time_delta_sensor_async.py for tasks to queue
[2024-06-08T11:07:36.473+0000] {logging_mixin.py:188} INFO - [2024-06-08T11:07:36.472+0000] {dagbag.py:545} INFO - Filling up the DagBag from /home/airflow/.local/lib/python3.12/site-packages/airflow/example_dags/example_time_delta_sensor_async.py
[2024-06-08T11:07:36.481+0000] {processor.py:840} INFO - DAG(s) 'example_time_delta_sensor_async' retrieved from /home/airflow/.local/lib/python3.12/site-packages/airflow/example_dags/example_time_delta_sensor_async.py
[2024-06-08T11:07:36.515+0000] {logging_mixin.py:188} INFO - [2024-06-08T11:07:36.514+0000] {dag.py:3096} INFO - Sync 1 DAGs
[2024-06-08T11:07:36.534+0000] {logging_mixin.py:188} INFO - [2024-06-08T11:07:36.534+0000] {dag.py:3954} INFO - Setting next_dagrun for example_time_delta_sensor_async to None, run_after=None
[2024-06-08T11:07:36.563+0000] {processor.py:183} INFO - Processing /home/airflow/.local/lib/python3.12/site-packages/airflow/example_dags/example_time_delta_sensor_async.py took 0.105 seconds
[2024-06-08T12:08:36.663+0000] {processor.py:161} INFO - Started process (PID=63835) to work on /home/airflow/.local/lib/python3.12/site-packages/airflow/example_dags/example_time_delta_sensor_async.py
[2024-06-08T12:08:36.665+0000] {processor.py:830} INFO - Processing file /home/airflow/.local/lib/python3.12/site-packages/airflow/example_dags/example_time_delta_sensor_async.py for tasks to queue
[2024-06-08T12:08:36.667+0000] {logging_mixin.py:188} INFO - [2024-06-08T12:08:36.667+0000] {dagbag.py:545} INFO - Filling up the DagBag from /home/airflow/.local/lib/python3.12/site-packages/airflow/example_dags/example_time_delta_sensor_async.py
[2024-06-08T12:08:36.676+0000] {processor.py:840} INFO - DAG(s) 'example_time_delta_sensor_async' retrieved from /home/airflow/.local/lib/python3.12/site-packages/airflow/example_dags/example_time_delta_sensor_async.py
[2024-06-08T12:08:36.712+0000] {logging_mixin.py:188} INFO - [2024-06-08T12:08:36.712+0000] {dag.py:3096} INFO - Sync 1 DAGs
[2024-06-08T12:08:36.740+0000] {logging_mixin.py:188} INFO - [2024-06-08T12:08:36.739+0000] {dag.py:3954} INFO - Setting next_dagrun for example_time_delta_sensor_async to None, run_after=None
[2024-06-08T12:08:36.777+0000] {processor.py:183} INFO - Processing /home/airflow/.local/lib/python3.12/site-packages/airflow/example_dags/example_time_delta_sensor_async.py took 0.125 seconds
[2024-06-08T12:09:07.801+0000] {processor.py:161} INFO - Started process (PID=63895) to work on /home/airflow/.local/lib/python3.12/site-packages/airflow/example_dags/example_time_delta_sensor_async.py
[2024-06-08T12:09:07.802+0000] {processor.py:830} INFO - Processing file /home/airflow/.local/lib/python3.12/site-packages/airflow/example_dags/example_time_delta_sensor_async.py for tasks to queue
[2024-06-08T12:09:07.804+0000] {logging_mixin.py:188} INFO - [2024-06-08T12:09:07.803+0000] {dagbag.py:545} INFO - Filling up the DagBag from /home/airflow/.local/lib/python3.12/site-packages/airflow/example_dags/example_time_delta_sensor_async.py
[2024-06-08T12:09:07.810+0000] {processor.py:840} INFO - DAG(s) 'example_time_delta_sensor_async' retrieved from /home/airflow/.local/lib/python3.12/site-packages/airflow/example_dags/example_time_delta_sensor_async.py
[2024-06-08T12:09:07.837+0000] {logging_mixin.py:188} INFO - [2024-06-08T12:09:07.837+0000] {dag.py:3096} INFO - Sync 1 DAGs
[2024-06-08T12:09:07.854+0000] {logging_mixin.py:188} INFO - [2024-06-08T12:09:07.854+0000] {dag.py:3954} INFO - Setting next_dagrun for example_time_delta_sensor_async to None, run_after=None
[2024-06-08T12:09:07.882+0000] {processor.py:183} INFO - Processing /home/airflow/.local/lib/python3.12/site-packages/airflow/example_dags/example_time_delta_sensor_async.py took 0.089 seconds
[2024-06-08T13:09:58.541+0000] {processor.py:161} INFO - Started process (PID=63955) to work on /home/airflow/.local/lib/python3.12/site-packages/airflow/example_dags/example_time_delta_sensor_async.py
[2024-06-08T13:09:58.543+0000] {processor.py:830} INFO - Processing file /home/airflow/.local/lib/python3.12/site-packages/airflow/example_dags/example_time_delta_sensor_async.py for tasks to queue
[2024-06-08T13:09:58.544+0000] {logging_mixin.py:188} INFO - [2024-06-08T13:09:58.544+0000] {dagbag.py:545} INFO - Filling up the DagBag from /home/airflow/.local/lib/python3.12/site-packages/airflow/example_dags/example_time_delta_sensor_async.py
[2024-06-08T13:09:58.550+0000] {processor.py:840} INFO - DAG(s) 'example_time_delta_sensor_async' retrieved from /home/airflow/.local/lib/python3.12/site-packages/airflow/example_dags/example_time_delta_sensor_async.py
[2024-06-08T13:09:58.577+0000] {logging_mixin.py:188} INFO - [2024-06-08T13:09:58.576+0000] {dag.py:3096} INFO - Sync 1 DAGs
[2024-06-08T13:09:58.594+0000] {logging_mixin.py:188} INFO - [2024-06-08T13:09:58.594+0000] {dag.py:3954} INFO - Setting next_dagrun for example_time_delta_sensor_async to None, run_after=None
[2024-06-08T13:09:58.620+0000] {processor.py:183} INFO - Processing /home/airflow/.local/lib/python3.12/site-packages/airflow/example_dags/example_time_delta_sensor_async.py took 0.086 seconds
[2024-06-08T14:10:54.096+0000] {processor.py:161} INFO - Started process (PID=64015) to work on /home/airflow/.local/lib/python3.12/site-packages/airflow/example_dags/example_time_delta_sensor_async.py
[2024-06-08T14:10:54.098+0000] {processor.py:830} INFO - Processing file /home/airflow/.local/lib/python3.12/site-packages/airflow/example_dags/example_time_delta_sensor_async.py for tasks to queue
[2024-06-08T14:10:54.100+0000] {logging_mixin.py:188} INFO - [2024-06-08T14:10:54.099+0000] {dagbag.py:545} INFO - Filling up the DagBag from /home/airflow/.local/lib/python3.12/site-packages/airflow/example_dags/example_time_delta_sensor_async.py
[2024-06-08T14:10:54.108+0000] {processor.py:840} INFO - DAG(s) 'example_time_delta_sensor_async' retrieved from /home/airflow/.local/lib/python3.12/site-packages/airflow/example_dags/example_time_delta_sensor_async.py
[2024-06-08T14:10:54.150+0000] {logging_mixin.py:188} INFO - [2024-06-08T14:10:54.149+0000] {dag.py:3096} INFO - Sync 1 DAGs
[2024-06-08T14:10:54.181+0000] {logging_mixin.py:188} INFO - [2024-06-08T14:10:54.180+0000] {dag.py:3954} INFO - Setting next_dagrun for example_time_delta_sensor_async to None, run_after=None
[2024-06-08T14:10:54.218+0000] {processor.py:183} INFO - Processing /home/airflow/.local/lib/python3.12/site-packages/airflow/example_dags/example_time_delta_sensor_async.py took 0.132 seconds
[2024-06-08T14:11:25.182+0000] {processor.py:161} INFO - Started process (PID=64075) to work on /home/airflow/.local/lib/python3.12/site-packages/airflow/example_dags/example_time_delta_sensor_async.py
[2024-06-08T14:11:25.183+0000] {processor.py:830} INFO - Processing file /home/airflow/.local/lib/python3.12/site-packages/airflow/example_dags/example_time_delta_sensor_async.py for tasks to queue
[2024-06-08T14:11:25.185+0000] {logging_mixin.py:188} INFO - [2024-06-08T14:11:25.184+0000] {dagbag.py:545} INFO - Filling up the DagBag from /home/airflow/.local/lib/python3.12/site-packages/airflow/example_dags/example_time_delta_sensor_async.py
[2024-06-08T14:11:25.191+0000] {processor.py:840} INFO - DAG(s) 'example_time_delta_sensor_async' retrieved from /home/airflow/.local/lib/python3.12/site-packages/airflow/example_dags/example_time_delta_sensor_async.py
[2024-06-08T14:11:25.218+0000] {logging_mixin.py:188} INFO - [2024-06-08T14:11:25.218+0000] {dag.py:3096} INFO - Sync 1 DAGs
[2024-06-08T14:11:25.235+0000] {logging_mixin.py:188} INFO - [2024-06-08T14:11:25.235+0000] {dag.py:3954} INFO - Setting next_dagrun for example_time_delta_sensor_async to None, run_after=None
[2024-06-08T14:11:25.259+0000] {processor.py:183} INFO - Processing /home/airflow/.local/lib/python3.12/site-packages/airflow/example_dags/example_time_delta_sensor_async.py took 0.085 seconds
[2024-06-08T15:12:10.501+0000] {processor.py:161} INFO - Started process (PID=64135) to work on /home/airflow/.local/lib/python3.12/site-packages/airflow/example_dags/example_time_delta_sensor_async.py
[2024-06-08T15:12:10.503+0000] {processor.py:830} INFO - Processing file /home/airflow/.local/lib/python3.12/site-packages/airflow/example_dags/example_time_delta_sensor_async.py for tasks to queue
[2024-06-08T15:12:10.504+0000] {logging_mixin.py:188} INFO - [2024-06-08T15:12:10.504+0000] {dagbag.py:545} INFO - Filling up the DagBag from /home/airflow/.local/lib/python3.12/site-packages/airflow/example_dags/example_time_delta_sensor_async.py
[2024-06-08T15:12:10.510+0000] {processor.py:840} INFO - DAG(s) 'example_time_delta_sensor_async' retrieved from /home/airflow/.local/lib/python3.12/site-packages/airflow/example_dags/example_time_delta_sensor_async.py
[2024-06-08T15:12:10.538+0000] {logging_mixin.py:188} INFO - [2024-06-08T15:12:10.538+0000] {dag.py:3096} INFO - Sync 1 DAGs
[2024-06-08T15:12:10.555+0000] {logging_mixin.py:188} INFO - [2024-06-08T15:12:10.555+0000] {dag.py:3954} INFO - Setting next_dagrun for example_time_delta_sensor_async to None, run_after=None
[2024-06-08T15:12:10.579+0000] {processor.py:183} INFO - Processing /home/airflow/.local/lib/python3.12/site-packages/airflow/example_dags/example_time_delta_sensor_async.py took 0.085 seconds
[2024-06-08T16:13:11.309+0000] {processor.py:161} INFO - Started process (PID=64195) to work on /home/airflow/.local/lib/python3.12/site-packages/airflow/example_dags/example_time_delta_sensor_async.py
[2024-06-08T16:13:11.311+0000] {processor.py:830} INFO - Processing file /home/airflow/.local/lib/python3.12/site-packages/airflow/example_dags/example_time_delta_sensor_async.py for tasks to queue
[2024-06-08T16:13:11.313+0000] {logging_mixin.py:188} INFO - [2024-06-08T16:13:11.312+0000] {dagbag.py:545} INFO - Filling up the DagBag from /home/airflow/.local/lib/python3.12/site-packages/airflow/example_dags/example_time_delta_sensor_async.py
[2024-06-08T16:13:11.322+0000] {processor.py:840} INFO - DAG(s) 'example_time_delta_sensor_async' retrieved from /home/airflow/.local/lib/python3.12/site-packages/airflow/example_dags/example_time_delta_sensor_async.py
[2024-06-08T16:13:11.373+0000] {logging_mixin.py:188} INFO - [2024-06-08T16:13:11.373+0000] {dag.py:3096} INFO - Sync 1 DAGs
[2024-06-08T16:13:11.414+0000] {logging_mixin.py:188} INFO - [2024-06-08T16:13:11.414+0000] {dag.py:3954} INFO - Setting next_dagrun for example_time_delta_sensor_async to None, run_after=None
[2024-06-08T16:13:11.454+0000] {processor.py:183} INFO - Processing /home/airflow/.local/lib/python3.12/site-packages/airflow/example_dags/example_time_delta_sensor_async.py took 0.156 seconds
[2024-06-08T16:13:41.563+0000] {processor.py:161} INFO - Started process (PID=64255) to work on /home/airflow/.local/lib/python3.12/site-packages/airflow/example_dags/example_time_delta_sensor_async.py
[2024-06-08T16:13:41.565+0000] {processor.py:830} INFO - Processing file /home/airflow/.local/lib/python3.12/site-packages/airflow/example_dags/example_time_delta_sensor_async.py for tasks to queue
[2024-06-08T16:13:41.566+0000] {logging_mixin.py:188} INFO - [2024-06-08T16:13:41.566+0000] {dagbag.py:545} INFO - Filling up the DagBag from /home/airflow/.local/lib/python3.12/site-packages/airflow/example_dags/example_time_delta_sensor_async.py
[2024-06-08T16:13:41.572+0000] {processor.py:840} INFO - DAG(s) 'example_time_delta_sensor_async' retrieved from /home/airflow/.local/lib/python3.12/site-packages/airflow/example_dags/example_time_delta_sensor_async.py
[2024-06-08T16:13:41.598+0000] {logging_mixin.py:188} INFO - [2024-06-08T16:13:41.598+0000] {dag.py:3096} INFO - Sync 1 DAGs
[2024-06-08T16:13:41.615+0000] {logging_mixin.py:188} INFO - [2024-06-08T16:13:41.614+0000] {dag.py:3954} INFO - Setting next_dagrun for example_time_delta_sensor_async to None, run_after=None
[2024-06-08T16:13:41.640+0000] {processor.py:183} INFO - Processing /home/airflow/.local/lib/python3.12/site-packages/airflow/example_dags/example_time_delta_sensor_async.py took 0.084 seconds
[2024-06-08T17:14:33.312+0000] {processor.py:161} INFO - Started process (PID=64315) to work on /home/airflow/.local/lib/python3.12/site-packages/airflow/example_dags/example_time_delta_sensor_async.py
[2024-06-08T17:14:33.313+0000] {processor.py:830} INFO - Processing file /home/airflow/.local/lib/python3.12/site-packages/airflow/example_dags/example_time_delta_sensor_async.py for tasks to queue
[2024-06-08T17:14:33.315+0000] {logging_mixin.py:188} INFO - [2024-06-08T17:14:33.314+0000] {dagbag.py:545} INFO - Filling up the DagBag from /home/airflow/.local/lib/python3.12/site-packages/airflow/example_dags/example_time_delta_sensor_async.py
[2024-06-08T17:14:33.321+0000] {processor.py:840} INFO - DAG(s) 'example_time_delta_sensor_async' retrieved from /home/airflow/.local/lib/python3.12/site-packages/airflow/example_dags/example_time_delta_sensor_async.py
[2024-06-08T17:14:33.350+0000] {logging_mixin.py:188} INFO - [2024-06-08T17:14:33.349+0000] {dag.py:3096} INFO - Sync 1 DAGs
[2024-06-08T17:14:33.367+0000] {logging_mixin.py:188} INFO - [2024-06-08T17:14:33.366+0000] {dag.py:3954} INFO - Setting next_dagrun for example_time_delta_sensor_async to None, run_after=None
[2024-06-08T17:14:33.390+0000] {processor.py:183} INFO - Processing /home/airflow/.local/lib/python3.12/site-packages/airflow/example_dags/example_time_delta_sensor_async.py took 0.086 seconds
[2024-06-08T18:08:37.801+0000] {processor.py:161} INFO - Started process (PID=64375) to work on /home/airflow/.local/lib/python3.12/site-packages/airflow/example_dags/example_time_delta_sensor_async.py
[2024-06-08T18:08:37.803+0000] {processor.py:830} INFO - Processing file /home/airflow/.local/lib/python3.12/site-packages/airflow/example_dags/example_time_delta_sensor_async.py for tasks to queue
[2024-06-08T18:08:37.805+0000] {logging_mixin.py:188} INFO - [2024-06-08T18:08:37.804+0000] {dagbag.py:545} INFO - Filling up the DagBag from /home/airflow/.local/lib/python3.12/site-packages/airflow/example_dags/example_time_delta_sensor_async.py
[2024-06-08T18:08:37.815+0000] {processor.py:840} INFO - DAG(s) 'example_time_delta_sensor_async' retrieved from /home/airflow/.local/lib/python3.12/site-packages/airflow/example_dags/example_time_delta_sensor_async.py
[2024-06-08T18:08:37.856+0000] {logging_mixin.py:188} INFO - [2024-06-08T18:08:37.855+0000] {dag.py:3096} INFO - Sync 1 DAGs
[2024-06-08T18:08:37.883+0000] {logging_mixin.py:188} INFO - [2024-06-08T18:08:37.882+0000] {dag.py:3954} INFO - Setting next_dagrun for example_time_delta_sensor_async to None, run_after=None
[2024-06-08T18:08:37.919+0000] {processor.py:183} INFO - Processing /home/airflow/.local/lib/python3.12/site-packages/airflow/example_dags/example_time_delta_sensor_async.py took 0.131 seconds
[2024-06-08T18:15:48.755+0000] {processor.py:161} INFO - Started process (PID=64435) to work on /home/airflow/.local/lib/python3.12/site-packages/airflow/example_dags/example_time_delta_sensor_async.py
[2024-06-08T18:15:48.756+0000] {processor.py:830} INFO - Processing file /home/airflow/.local/lib/python3.12/site-packages/airflow/example_dags/example_time_delta_sensor_async.py for tasks to queue
[2024-06-08T18:15:48.758+0000] {logging_mixin.py:188} INFO - [2024-06-08T18:15:48.757+0000] {dagbag.py:545} INFO - Filling up the DagBag from /home/airflow/.local/lib/python3.12/site-packages/airflow/example_dags/example_time_delta_sensor_async.py
[2024-06-08T18:15:48.764+0000] {processor.py:840} INFO - DAG(s) 'example_time_delta_sensor_async' retrieved from /home/airflow/.local/lib/python3.12/site-packages/airflow/example_dags/example_time_delta_sensor_async.py
[2024-06-08T18:15:48.790+0000] {logging_mixin.py:188} INFO - [2024-06-08T18:15:48.789+0000] {dag.py:3096} INFO - Sync 1 DAGs
[2024-06-08T18:15:48.806+0000] {logging_mixin.py:188} INFO - [2024-06-08T18:15:48.806+0000] {dag.py:3954} INFO - Setting next_dagrun for example_time_delta_sensor_async to None, run_after=None
[2024-06-08T18:15:48.834+0000] {processor.py:183} INFO - Processing /home/airflow/.local/lib/python3.12/site-packages/airflow/example_dags/example_time_delta_sensor_async.py took 0.087 seconds
[2024-06-08T18:52:15.607+0000] {processor.py:161} INFO - Started process (PID=64495) to work on /home/airflow/.local/lib/python3.12/site-packages/airflow/example_dags/example_time_delta_sensor_async.py
[2024-06-08T18:52:15.608+0000] {processor.py:830} INFO - Processing file /home/airflow/.local/lib/python3.12/site-packages/airflow/example_dags/example_time_delta_sensor_async.py for tasks to queue
[2024-06-08T18:52:15.610+0000] {logging_mixin.py:188} INFO - [2024-06-08T18:52:15.609+0000] {dagbag.py:545} INFO - Filling up the DagBag from /home/airflow/.local/lib/python3.12/site-packages/airflow/example_dags/example_time_delta_sensor_async.py
[2024-06-08T18:52:15.616+0000] {processor.py:840} INFO - DAG(s) 'example_time_delta_sensor_async' retrieved from /home/airflow/.local/lib/python3.12/site-packages/airflow/example_dags/example_time_delta_sensor_async.py
[2024-06-08T18:52:15.646+0000] {logging_mixin.py:188} INFO - [2024-06-08T18:52:15.645+0000] {dag.py:3096} INFO - Sync 1 DAGs
[2024-06-08T18:52:15.663+0000] {logging_mixin.py:188} INFO - [2024-06-08T18:52:15.663+0000] {dag.py:3954} INFO - Setting next_dagrun for example_time_delta_sensor_async to None, run_after=None
[2024-06-08T18:52:15.688+0000] {processor.py:183} INFO - Processing /home/airflow/.local/lib/python3.12/site-packages/airflow/example_dags/example_time_delta_sensor_async.py took 0.089 seconds
[2024-06-08T18:52:49.826+0000] {processor.py:161} INFO - Started process (PID=64555) to work on /home/airflow/.local/lib/python3.12/site-packages/airflow/example_dags/example_time_delta_sensor_async.py
[2024-06-08T18:52:49.828+0000] {processor.py:830} INFO - Processing file /home/airflow/.local/lib/python3.12/site-packages/airflow/example_dags/example_time_delta_sensor_async.py for tasks to queue
[2024-06-08T18:52:49.830+0000] {logging_mixin.py:188} INFO - [2024-06-08T18:52:49.830+0000] {dagbag.py:545} INFO - Filling up the DagBag from /home/airflow/.local/lib/python3.12/site-packages/airflow/example_dags/example_time_delta_sensor_async.py
[2024-06-08T18:52:49.838+0000] {processor.py:840} INFO - DAG(s) 'example_time_delta_sensor_async' retrieved from /home/airflow/.local/lib/python3.12/site-packages/airflow/example_dags/example_time_delta_sensor_async.py
[2024-06-08T18:52:49.873+0000] {logging_mixin.py:188} INFO - [2024-06-08T18:52:49.873+0000] {dag.py:3096} INFO - Sync 1 DAGs
[2024-06-08T18:52:49.901+0000] {logging_mixin.py:188} INFO - [2024-06-08T18:52:49.900+0000] {dag.py:3954} INFO - Setting next_dagrun for example_time_delta_sensor_async to None, run_after=None
[2024-06-08T18:52:49.949+0000] {processor.py:183} INFO - Processing /home/airflow/.local/lib/python3.12/site-packages/airflow/example_dags/example_time_delta_sensor_async.py took 0.133 seconds
[2024-06-08T19:12:39.587+0000] {processor.py:161} INFO - Started process (PID=64615) to work on /home/airflow/.local/lib/python3.12/site-packages/airflow/example_dags/example_time_delta_sensor_async.py
[2024-06-08T19:12:39.588+0000] {processor.py:830} INFO - Processing file /home/airflow/.local/lib/python3.12/site-packages/airflow/example_dags/example_time_delta_sensor_async.py for tasks to queue
[2024-06-08T19:12:39.589+0000] {logging_mixin.py:188} INFO - [2024-06-08T19:12:39.589+0000] {dagbag.py:545} INFO - Filling up the DagBag from /home/airflow/.local/lib/python3.12/site-packages/airflow/example_dags/example_time_delta_sensor_async.py
[2024-06-08T19:12:39.595+0000] {processor.py:840} INFO - DAG(s) 'example_time_delta_sensor_async' retrieved from /home/airflow/.local/lib/python3.12/site-packages/airflow/example_dags/example_time_delta_sensor_async.py
[2024-06-08T19:12:39.622+0000] {logging_mixin.py:188} INFO - [2024-06-08T19:12:39.622+0000] {dag.py:3096} INFO - Sync 1 DAGs
[2024-06-08T19:12:39.639+0000] {logging_mixin.py:188} INFO - [2024-06-08T19:12:39.639+0000] {dag.py:3954} INFO - Setting next_dagrun for example_time_delta_sensor_async to None, run_after=None
[2024-06-08T19:12:39.663+0000] {processor.py:183} INFO - Processing /home/airflow/.local/lib/python3.12/site-packages/airflow/example_dags/example_time_delta_sensor_async.py took 0.084 seconds
[2024-06-08T19:16:52.821+0000] {processor.py:161} INFO - Started process (PID=64675) to work on /home/airflow/.local/lib/python3.12/site-packages/airflow/example_dags/example_time_delta_sensor_async.py
[2024-06-08T19:16:52.823+0000] {processor.py:830} INFO - Processing file /home/airflow/.local/lib/python3.12/site-packages/airflow/example_dags/example_time_delta_sensor_async.py for tasks to queue
[2024-06-08T19:16:52.824+0000] {logging_mixin.py:188} INFO - [2024-06-08T19:16:52.824+0000] {dagbag.py:545} INFO - Filling up the DagBag from /home/airflow/.local/lib/python3.12/site-packages/airflow/example_dags/example_time_delta_sensor_async.py
[2024-06-08T19:16:52.830+0000] {processor.py:840} INFO - DAG(s) 'example_time_delta_sensor_async' retrieved from /home/airflow/.local/lib/python3.12/site-packages/airflow/example_dags/example_time_delta_sensor_async.py
[2024-06-08T19:16:52.861+0000] {logging_mixin.py:188} INFO - [2024-06-08T19:16:52.861+0000] {dag.py:3096} INFO - Sync 1 DAGs
[2024-06-08T19:16:52.880+0000] {logging_mixin.py:188} INFO - [2024-06-08T19:16:52.880+0000] {dag.py:3954} INFO - Setting next_dagrun for example_time_delta_sensor_async to None, run_after=None
[2024-06-08T19:16:52.904+0000] {processor.py:183} INFO - Processing /home/airflow/.local/lib/python3.12/site-packages/airflow/example_dags/example_time_delta_sensor_async.py took 0.091 seconds
[2024-06-08T20:17:49.757+0000] {processor.py:161} INFO - Started process (PID=64735) to work on /home/airflow/.local/lib/python3.12/site-packages/airflow/example_dags/example_time_delta_sensor_async.py
[2024-06-08T20:17:49.759+0000] {processor.py:830} INFO - Processing file /home/airflow/.local/lib/python3.12/site-packages/airflow/example_dags/example_time_delta_sensor_async.py for tasks to queue
[2024-06-08T20:17:49.761+0000] {logging_mixin.py:188} INFO - [2024-06-08T20:17:49.760+0000] {dagbag.py:545} INFO - Filling up the DagBag from /home/airflow/.local/lib/python3.12/site-packages/airflow/example_dags/example_time_delta_sensor_async.py
[2024-06-08T20:17:49.769+0000] {processor.py:840} INFO - DAG(s) 'example_time_delta_sensor_async' retrieved from /home/airflow/.local/lib/python3.12/site-packages/airflow/example_dags/example_time_delta_sensor_async.py
[2024-06-08T20:17:49.805+0000] {logging_mixin.py:188} INFO - [2024-06-08T20:17:49.805+0000] {dag.py:3096} INFO - Sync 1 DAGs
[2024-06-08T20:17:49.844+0000] {logging_mixin.py:188} INFO - [2024-06-08T20:17:49.843+0000] {dag.py:3954} INFO - Setting next_dagrun for example_time_delta_sensor_async to None, run_after=None
[2024-06-08T20:17:49.878+0000] {processor.py:183} INFO - Processing /home/airflow/.local/lib/python3.12/site-packages/airflow/example_dags/example_time_delta_sensor_async.py took 0.131 seconds
[2024-06-08T20:18:32.156+0000] {processor.py:161} INFO - Started process (PID=64795) to work on /home/airflow/.local/lib/python3.12/site-packages/airflow/example_dags/example_time_delta_sensor_async.py
[2024-06-08T20:18:32.158+0000] {processor.py:830} INFO - Processing file /home/airflow/.local/lib/python3.12/site-packages/airflow/example_dags/example_time_delta_sensor_async.py for tasks to queue
[2024-06-08T20:18:32.160+0000] {logging_mixin.py:188} INFO - [2024-06-08T20:18:32.159+0000] {dagbag.py:545} INFO - Filling up the DagBag from /home/airflow/.local/lib/python3.12/site-packages/airflow/example_dags/example_time_delta_sensor_async.py
[2024-06-08T20:18:32.169+0000] {processor.py:840} INFO - DAG(s) 'example_time_delta_sensor_async' retrieved from /home/airflow/.local/lib/python3.12/site-packages/airflow/example_dags/example_time_delta_sensor_async.py
[2024-06-08T20:18:32.209+0000] {logging_mixin.py:188} INFO - [2024-06-08T20:18:32.209+0000] {dag.py:3096} INFO - Sync 1 DAGs
[2024-06-08T20:18:32.237+0000] {logging_mixin.py:188} INFO - [2024-06-08T20:18:32.237+0000] {dag.py:3954} INFO - Setting next_dagrun for example_time_delta_sensor_async to None, run_after=None
[2024-06-08T20:18:32.282+0000] {processor.py:183} INFO - Processing /home/airflow/.local/lib/python3.12/site-packages/airflow/example_dags/example_time_delta_sensor_async.py took 0.157 seconds
