[2024-06-08T02:26:01.372+0000] {processor.py:161} INFO - Started process (PID=63213) to work on /home/airflow/.local/lib/python3.12/site-packages/airflow/example_dags/example_subdag_operator.py
[2024-06-08T02:26:01.373+0000] {processor.py:830} INFO - Processing file /home/airflow/.local/lib/python3.12/site-packages/airflow/example_dags/example_subdag_operator.py for tasks to queue
[2024-06-08T02:26:01.375+0000] {logging_mixin.py:188} INFO - [2024-06-08T02:26:01.375+0000] {dagbag.py:545} INFO - Filling up the DagBag from /home/airflow/.local/lib/python3.12/site-packages/airflow/example_dags/example_subdag_operator.py
[2024-06-08T02:26:01.408+0000] {processor.py:840} INFO - DAG(s) 'example_subdag_operator.section-1', 'example_subdag_operator.section-2', 'example_subdag_operator' retrieved from /home/airflow/.local/lib/python3.12/site-packages/airflow/example_dags/example_subdag_operator.py
[2024-06-08T02:26:01.429+0000] {logging_mixin.py:188} INFO - [2024-06-08T02:26:01.429+0000] {dag.py:3096} INFO - Sync 3 DAGs
[2024-06-08T02:26:01.461+0000] {logging_mixin.py:188} INFO - [2024-06-08T02:26:01.460+0000] {dag.py:3954} INFO - Setting next_dagrun for example_subdag_operator to 2022-01-01 00:00:00+00:00, run_after=2022-01-01 00:00:00+00:00
[2024-06-08T02:26:01.466+0000] {logging_mixin.py:188} INFO - [2024-06-08T02:26:01.466+0000] {dag.py:3954} INFO - Setting next_dagrun for example_subdag_operator.section-1 to None, run_after=None
[2024-06-08T02:26:01.468+0000] {logging_mixin.py:188} INFO - [2024-06-08T02:26:01.468+0000] {dag.py:3954} INFO - Setting next_dagrun for example_subdag_operator.section-2 to None, run_after=None
[2024-06-08T02:26:01.478+0000] {logging_mixin.py:188} INFO - [2024-06-08T02:26:01.478+0000] {dag.py:3096} INFO - Sync 2 DAGs
[2024-06-08T02:26:01.485+0000] {logging_mixin.py:188} INFO - [2024-06-08T02:26:01.485+0000] {dag.py:3954} INFO - Setting next_dagrun for example_subdag_operator.section-1 to None, run_after=None
[2024-06-08T02:26:01.486+0000] {logging_mixin.py:188} INFO - [2024-06-08T02:26:01.486+0000] {dag.py:3954} INFO - Setting next_dagrun for example_subdag_operator.section-2 to None, run_after=None
[2024-06-08T02:26:01.500+0000] {processor.py:183} INFO - Processing /home/airflow/.local/lib/python3.12/site-packages/airflow/example_dags/example_subdag_operator.py took 0.136 seconds
[2024-06-08T02:26:34.735+0000] {processor.py:161} INFO - Started process (PID=63272) to work on /home/airflow/.local/lib/python3.12/site-packages/airflow/example_dags/example_subdag_operator.py
[2024-06-08T02:26:34.737+0000] {processor.py:830} INFO - Processing file /home/airflow/.local/lib/python3.12/site-packages/airflow/example_dags/example_subdag_operator.py for tasks to queue
[2024-06-08T02:26:34.738+0000] {logging_mixin.py:188} INFO - [2024-06-08T02:26:34.738+0000] {dagbag.py:545} INFO - Filling up the DagBag from /home/airflow/.local/lib/python3.12/site-packages/airflow/example_dags/example_subdag_operator.py
[2024-06-08T02:26:34.776+0000] {processor.py:840} INFO - DAG(s) 'example_subdag_operator.section-1', 'example_subdag_operator.section-2', 'example_subdag_operator' retrieved from /home/airflow/.local/lib/python3.12/site-packages/airflow/example_dags/example_subdag_operator.py
[2024-06-08T02:26:34.802+0000] {logging_mixin.py:188} INFO - [2024-06-08T02:26:34.801+0000] {dag.py:3096} INFO - Sync 3 DAGs
[2024-06-08T02:26:34.846+0000] {logging_mixin.py:188} INFO - [2024-06-08T02:26:34.845+0000] {dag.py:3954} INFO - Setting next_dagrun for example_subdag_operator to 2022-01-01 00:00:00+00:00, run_after=2022-01-01 00:00:00+00:00
[2024-06-08T02:26:34.854+0000] {logging_mixin.py:188} INFO - [2024-06-08T02:26:34.853+0000] {dag.py:3954} INFO - Setting next_dagrun for example_subdag_operator.section-1 to None, run_after=None
[2024-06-08T02:26:34.858+0000] {logging_mixin.py:188} INFO - [2024-06-08T02:26:34.858+0000] {dag.py:3954} INFO - Setting next_dagrun for example_subdag_operator.section-2 to None, run_after=None
[2024-06-08T02:26:34.873+0000] {logging_mixin.py:188} INFO - [2024-06-08T02:26:34.873+0000] {dag.py:3096} INFO - Sync 2 DAGs
[2024-06-08T02:26:34.884+0000] {logging_mixin.py:188} INFO - [2024-06-08T02:26:34.883+0000] {dag.py:3954} INFO - Setting next_dagrun for example_subdag_operator.section-1 to None, run_after=None
[2024-06-08T02:26:34.885+0000] {logging_mixin.py:188} INFO - [2024-06-08T02:26:34.885+0000] {dag.py:3954} INFO - Setting next_dagrun for example_subdag_operator.section-2 to None, run_after=None
[2024-06-08T02:26:34.906+0000] {processor.py:183} INFO - Processing /home/airflow/.local/lib/python3.12/site-packages/airflow/example_dags/example_subdag_operator.py took 0.180 seconds
[2024-06-08T07:02:57.181+0000] {processor.py:161} INFO - Started process (PID=63332) to work on /home/airflow/.local/lib/python3.12/site-packages/airflow/example_dags/example_subdag_operator.py
[2024-06-08T07:02:57.184+0000] {processor.py:830} INFO - Processing file /home/airflow/.local/lib/python3.12/site-packages/airflow/example_dags/example_subdag_operator.py for tasks to queue
[2024-06-08T07:02:57.185+0000] {logging_mixin.py:188} INFO - [2024-06-08T07:02:57.185+0000] {dagbag.py:545} INFO - Filling up the DagBag from /home/airflow/.local/lib/python3.12/site-packages/airflow/example_dags/example_subdag_operator.py
[2024-06-08T07:02:57.217+0000] {processor.py:840} INFO - DAG(s) 'example_subdag_operator.section-1', 'example_subdag_operator.section-2', 'example_subdag_operator' retrieved from /home/airflow/.local/lib/python3.12/site-packages/airflow/example_dags/example_subdag_operator.py
[2024-06-08T07:02:57.239+0000] {logging_mixin.py:188} INFO - [2024-06-08T07:02:57.238+0000] {dag.py:3096} INFO - Sync 3 DAGs
[2024-06-08T07:02:57.266+0000] {logging_mixin.py:188} INFO - [2024-06-08T07:02:57.266+0000] {dag.py:3954} INFO - Setting next_dagrun for example_subdag_operator to 2022-01-01 00:00:00+00:00, run_after=2022-01-01 00:00:00+00:00
[2024-06-08T07:02:57.271+0000] {logging_mixin.py:188} INFO - [2024-06-08T07:02:57.270+0000] {dag.py:3954} INFO - Setting next_dagrun for example_subdag_operator.section-1 to None, run_after=None
[2024-06-08T07:02:57.273+0000] {logging_mixin.py:188} INFO - [2024-06-08T07:02:57.272+0000] {dag.py:3954} INFO - Setting next_dagrun for example_subdag_operator.section-2 to None, run_after=None
[2024-06-08T07:02:57.282+0000] {logging_mixin.py:188} INFO - [2024-06-08T07:02:57.281+0000] {dag.py:3096} INFO - Sync 2 DAGs
[2024-06-08T07:02:57.288+0000] {logging_mixin.py:188} INFO - [2024-06-08T07:02:57.288+0000] {dag.py:3954} INFO - Setting next_dagrun for example_subdag_operator.section-1 to None, run_after=None
[2024-06-08T07:02:57.289+0000] {logging_mixin.py:188} INFO - [2024-06-08T07:02:57.289+0000] {dag.py:3954} INFO - Setting next_dagrun for example_subdag_operator.section-2 to None, run_after=None
[2024-06-08T07:02:57.304+0000] {processor.py:183} INFO - Processing /home/airflow/.local/lib/python3.12/site-packages/airflow/example_dags/example_subdag_operator.py took 0.130 seconds
[2024-06-08T07:15:56.190+0000] {processor.py:161} INFO - Started process (PID=63392) to work on /home/airflow/.local/lib/python3.12/site-packages/airflow/example_dags/example_subdag_operator.py
[2024-06-08T07:15:56.191+0000] {processor.py:830} INFO - Processing file /home/airflow/.local/lib/python3.12/site-packages/airflow/example_dags/example_subdag_operator.py for tasks to queue
[2024-06-08T07:15:56.193+0000] {logging_mixin.py:188} INFO - [2024-06-08T07:15:56.192+0000] {dagbag.py:545} INFO - Filling up the DagBag from /home/airflow/.local/lib/python3.12/site-packages/airflow/example_dags/example_subdag_operator.py
[2024-06-08T07:15:56.222+0000] {processor.py:840} INFO - DAG(s) 'example_subdag_operator.section-1', 'example_subdag_operator.section-2', 'example_subdag_operator' retrieved from /home/airflow/.local/lib/python3.12/site-packages/airflow/example_dags/example_subdag_operator.py
[2024-06-08T07:15:56.244+0000] {logging_mixin.py:188} INFO - [2024-06-08T07:15:56.244+0000] {dag.py:3096} INFO - Sync 3 DAGs
[2024-06-08T07:15:56.275+0000] {logging_mixin.py:188} INFO - [2024-06-08T07:15:56.275+0000] {dag.py:3954} INFO - Setting next_dagrun for example_subdag_operator to 2022-01-01 00:00:00+00:00, run_after=2022-01-01 00:00:00+00:00
[2024-06-08T07:15:56.281+0000] {logging_mixin.py:188} INFO - [2024-06-08T07:15:56.280+0000] {dag.py:3954} INFO - Setting next_dagrun for example_subdag_operator.section-1 to None, run_after=None
[2024-06-08T07:15:56.283+0000] {logging_mixin.py:188} INFO - [2024-06-08T07:15:56.283+0000] {dag.py:3954} INFO - Setting next_dagrun for example_subdag_operator.section-2 to None, run_after=None
[2024-06-08T07:15:56.292+0000] {logging_mixin.py:188} INFO - [2024-06-08T07:15:56.292+0000] {dag.py:3096} INFO - Sync 2 DAGs
[2024-06-08T07:15:56.298+0000] {logging_mixin.py:188} INFO - [2024-06-08T07:15:56.298+0000] {dag.py:3954} INFO - Setting next_dagrun for example_subdag_operator.section-1 to None, run_after=None
[2024-06-08T07:15:56.299+0000] {logging_mixin.py:188} INFO - [2024-06-08T07:15:56.299+0000] {dag.py:3954} INFO - Setting next_dagrun for example_subdag_operator.section-2 to None, run_after=None
[2024-06-08T07:15:56.313+0000] {processor.py:183} INFO - Processing /home/airflow/.local/lib/python3.12/site-packages/airflow/example_dags/example_subdag_operator.py took 0.131 seconds
[2024-06-08T08:04:12.200+0000] {processor.py:161} INFO - Started process (PID=63452) to work on /home/airflow/.local/lib/python3.12/site-packages/airflow/example_dags/example_subdag_operator.py
[2024-06-08T08:04:12.203+0000] {processor.py:830} INFO - Processing file /home/airflow/.local/lib/python3.12/site-packages/airflow/example_dags/example_subdag_operator.py for tasks to queue
[2024-06-08T08:04:12.204+0000] {logging_mixin.py:188} INFO - [2024-06-08T08:04:12.204+0000] {dagbag.py:545} INFO - Filling up the DagBag from /home/airflow/.local/lib/python3.12/site-packages/airflow/example_dags/example_subdag_operator.py
[2024-06-08T08:04:12.253+0000] {processor.py:840} INFO - DAG(s) 'example_subdag_operator.section-1', 'example_subdag_operator.section-2', 'example_subdag_operator' retrieved from /home/airflow/.local/lib/python3.12/site-packages/airflow/example_dags/example_subdag_operator.py
[2024-06-08T08:04:12.281+0000] {logging_mixin.py:188} INFO - [2024-06-08T08:04:12.281+0000] {dag.py:3096} INFO - Sync 3 DAGs
[2024-06-08T08:04:12.331+0000] {logging_mixin.py:188} INFO - [2024-06-08T08:04:12.331+0000] {dag.py:3954} INFO - Setting next_dagrun for example_subdag_operator to 2022-01-01 00:00:00+00:00, run_after=2022-01-01 00:00:00+00:00
[2024-06-08T08:04:12.339+0000] {logging_mixin.py:188} INFO - [2024-06-08T08:04:12.339+0000] {dag.py:3954} INFO - Setting next_dagrun for example_subdag_operator.section-1 to None, run_after=None
[2024-06-08T08:04:12.342+0000] {logging_mixin.py:188} INFO - [2024-06-08T08:04:12.342+0000] {dag.py:3954} INFO - Setting next_dagrun for example_subdag_operator.section-2 to None, run_after=None
[2024-06-08T08:04:12.361+0000] {logging_mixin.py:188} INFO - [2024-06-08T08:04:12.361+0000] {dag.py:3096} INFO - Sync 2 DAGs
[2024-06-08T08:04:12.373+0000] {logging_mixin.py:188} INFO - [2024-06-08T08:04:12.373+0000] {dag.py:3954} INFO - Setting next_dagrun for example_subdag_operator.section-1 to None, run_after=None
[2024-06-08T08:04:12.374+0000] {logging_mixin.py:188} INFO - [2024-06-08T08:04:12.374+0000] {dag.py:3954} INFO - Setting next_dagrun for example_subdag_operator.section-2 to None, run_after=None
[2024-06-08T08:04:12.396+0000] {processor.py:183} INFO - Processing /home/airflow/.local/lib/python3.12/site-packages/airflow/example_dags/example_subdag_operator.py took 0.206 seconds
[2024-06-08T09:05:11.579+0000] {processor.py:161} INFO - Started process (PID=63512) to work on /home/airflow/.local/lib/python3.12/site-packages/airflow/example_dags/example_subdag_operator.py
[2024-06-08T09:05:11.581+0000] {processor.py:830} INFO - Processing file /home/airflow/.local/lib/python3.12/site-packages/airflow/example_dags/example_subdag_operator.py for tasks to queue
[2024-06-08T09:05:11.583+0000] {logging_mixin.py:188} INFO - [2024-06-08T09:05:11.583+0000] {dagbag.py:545} INFO - Filling up the DagBag from /home/airflow/.local/lib/python3.12/site-packages/airflow/example_dags/example_subdag_operator.py
[2024-06-08T09:05:11.630+0000] {processor.py:840} INFO - DAG(s) 'example_subdag_operator.section-1', 'example_subdag_operator.section-2', 'example_subdag_operator' retrieved from /home/airflow/.local/lib/python3.12/site-packages/airflow/example_dags/example_subdag_operator.py
[2024-06-08T09:05:11.667+0000] {logging_mixin.py:188} INFO - [2024-06-08T09:05:11.667+0000] {dag.py:3096} INFO - Sync 3 DAGs
[2024-06-08T09:05:11.722+0000] {logging_mixin.py:188} INFO - [2024-06-08T09:05:11.721+0000] {dag.py:3954} INFO - Setting next_dagrun for example_subdag_operator to 2022-01-01 00:00:00+00:00, run_after=2022-01-01 00:00:00+00:00
[2024-06-08T09:05:11.732+0000] {logging_mixin.py:188} INFO - [2024-06-08T09:05:11.731+0000] {dag.py:3954} INFO - Setting next_dagrun for example_subdag_operator.section-1 to None, run_after=None
[2024-06-08T09:05:11.735+0000] {logging_mixin.py:188} INFO - [2024-06-08T09:05:11.735+0000] {dag.py:3954} INFO - Setting next_dagrun for example_subdag_operator.section-2 to None, run_after=None
[2024-06-08T09:05:11.753+0000] {logging_mixin.py:188} INFO - [2024-06-08T09:05:11.753+0000] {dag.py:3096} INFO - Sync 2 DAGs
[2024-06-08T09:05:11.765+0000] {logging_mixin.py:188} INFO - [2024-06-08T09:05:11.764+0000] {dag.py:3954} INFO - Setting next_dagrun for example_subdag_operator.section-1 to None, run_after=None
[2024-06-08T09:05:11.766+0000] {logging_mixin.py:188} INFO - [2024-06-08T09:05:11.766+0000] {dag.py:3954} INFO - Setting next_dagrun for example_subdag_operator.section-2 to None, run_after=None
[2024-06-08T09:05:11.789+0000] {processor.py:183} INFO - Processing /home/airflow/.local/lib/python3.12/site-packages/airflow/example_dags/example_subdag_operator.py took 0.221 seconds
[2024-06-08T09:05:52.887+0000] {processor.py:161} INFO - Started process (PID=63572) to work on /home/airflow/.local/lib/python3.12/site-packages/airflow/example_dags/example_subdag_operator.py
[2024-06-08T09:05:52.889+0000] {processor.py:830} INFO - Processing file /home/airflow/.local/lib/python3.12/site-packages/airflow/example_dags/example_subdag_operator.py for tasks to queue
[2024-06-08T09:05:52.891+0000] {logging_mixin.py:188} INFO - [2024-06-08T09:05:52.891+0000] {dagbag.py:545} INFO - Filling up the DagBag from /home/airflow/.local/lib/python3.12/site-packages/airflow/example_dags/example_subdag_operator.py
[2024-06-08T09:05:52.938+0000] {processor.py:840} INFO - DAG(s) 'example_subdag_operator.section-1', 'example_subdag_operator.section-2', 'example_subdag_operator' retrieved from /home/airflow/.local/lib/python3.12/site-packages/airflow/example_dags/example_subdag_operator.py
[2024-06-08T09:05:52.975+0000] {logging_mixin.py:188} INFO - [2024-06-08T09:05:52.974+0000] {dag.py:3096} INFO - Sync 3 DAGs
[2024-06-08T09:05:53.024+0000] {logging_mixin.py:188} INFO - [2024-06-08T09:05:53.024+0000] {dag.py:3954} INFO - Setting next_dagrun for example_subdag_operator to 2022-01-01 00:00:00+00:00, run_after=2022-01-01 00:00:00+00:00
[2024-06-08T09:05:53.040+0000] {logging_mixin.py:188} INFO - [2024-06-08T09:05:53.039+0000] {dag.py:3954} INFO - Setting next_dagrun for example_subdag_operator.section-1 to None, run_after=None
[2024-06-08T09:05:53.043+0000] {logging_mixin.py:188} INFO - [2024-06-08T09:05:53.043+0000] {dag.py:3954} INFO - Setting next_dagrun for example_subdag_operator.section-2 to None, run_after=None
[2024-06-08T09:05:53.069+0000] {logging_mixin.py:188} INFO - [2024-06-08T09:05:53.068+0000] {dag.py:3096} INFO - Sync 2 DAGs
[2024-06-08T09:05:53.081+0000] {logging_mixin.py:188} INFO - [2024-06-08T09:05:53.080+0000] {dag.py:3954} INFO - Setting next_dagrun for example_subdag_operator.section-1 to None, run_after=None
[2024-06-08T09:05:53.082+0000] {logging_mixin.py:188} INFO - [2024-06-08T09:05:53.082+0000] {dag.py:3954} INFO - Setting next_dagrun for example_subdag_operator.section-2 to None, run_after=None
[2024-06-08T09:05:53.108+0000] {processor.py:183} INFO - Processing /home/airflow/.local/lib/python3.12/site-packages/airflow/example_dags/example_subdag_operator.py took 0.232 seconds
[2024-06-08T10:06:33.518+0000] {processor.py:161} INFO - Started process (PID=63632) to work on /home/airflow/.local/lib/python3.12/site-packages/airflow/example_dags/example_subdag_operator.py
[2024-06-08T10:06:33.519+0000] {processor.py:830} INFO - Processing file /home/airflow/.local/lib/python3.12/site-packages/airflow/example_dags/example_subdag_operator.py for tasks to queue
[2024-06-08T10:06:33.520+0000] {logging_mixin.py:188} INFO - [2024-06-08T10:06:33.520+0000] {dagbag.py:545} INFO - Filling up the DagBag from /home/airflow/.local/lib/python3.12/site-packages/airflow/example_dags/example_subdag_operator.py
[2024-06-08T10:06:33.553+0000] {processor.py:840} INFO - DAG(s) 'example_subdag_operator.section-1', 'example_subdag_operator.section-2', 'example_subdag_operator' retrieved from /home/airflow/.local/lib/python3.12/site-packages/airflow/example_dags/example_subdag_operator.py
[2024-06-08T10:06:33.575+0000] {logging_mixin.py:188} INFO - [2024-06-08T10:06:33.574+0000] {dag.py:3096} INFO - Sync 3 DAGs
[2024-06-08T10:06:33.603+0000] {logging_mixin.py:188} INFO - [2024-06-08T10:06:33.603+0000] {dag.py:3954} INFO - Setting next_dagrun for example_subdag_operator to 2022-01-01 00:00:00+00:00, run_after=2022-01-01 00:00:00+00:00
[2024-06-08T10:06:33.608+0000] {logging_mixin.py:188} INFO - [2024-06-08T10:06:33.608+0000] {dag.py:3954} INFO - Setting next_dagrun for example_subdag_operator.section-1 to None, run_after=None
[2024-06-08T10:06:33.610+0000] {logging_mixin.py:188} INFO - [2024-06-08T10:06:33.610+0000] {dag.py:3954} INFO - Setting next_dagrun for example_subdag_operator.section-2 to None, run_after=None
[2024-06-08T10:06:33.620+0000] {logging_mixin.py:188} INFO - [2024-06-08T10:06:33.619+0000] {dag.py:3096} INFO - Sync 2 DAGs
[2024-06-08T10:06:33.626+0000] {logging_mixin.py:188} INFO - [2024-06-08T10:06:33.626+0000] {dag.py:3954} INFO - Setting next_dagrun for example_subdag_operator.section-1 to None, run_after=None
[2024-06-08T10:06:33.627+0000] {logging_mixin.py:188} INFO - [2024-06-08T10:06:33.627+0000] {dag.py:3954} INFO - Setting next_dagrun for example_subdag_operator.section-2 to None, run_after=None
[2024-06-08T10:06:33.640+0000] {processor.py:183} INFO - Processing /home/airflow/.local/lib/python3.12/site-packages/airflow/example_dags/example_subdag_operator.py took 0.131 seconds
[2024-06-08T10:39:07.019+0000] {processor.py:161} INFO - Started process (PID=63692) to work on /home/airflow/.local/lib/python3.12/site-packages/airflow/example_dags/example_subdag_operator.py
[2024-06-08T10:39:07.021+0000] {processor.py:830} INFO - Processing file /home/airflow/.local/lib/python3.12/site-packages/airflow/example_dags/example_subdag_operator.py for tasks to queue
[2024-06-08T10:39:07.024+0000] {logging_mixin.py:188} INFO - [2024-06-08T10:39:07.023+0000] {dagbag.py:545} INFO - Filling up the DagBag from /home/airflow/.local/lib/python3.12/site-packages/airflow/example_dags/example_subdag_operator.py
[2024-06-08T10:39:07.079+0000] {processor.py:840} INFO - DAG(s) 'example_subdag_operator.section-1', 'example_subdag_operator.section-2', 'example_subdag_operator' retrieved from /home/airflow/.local/lib/python3.12/site-packages/airflow/example_dags/example_subdag_operator.py
[2024-06-08T10:39:07.118+0000] {logging_mixin.py:188} INFO - [2024-06-08T10:39:07.118+0000] {dag.py:3096} INFO - Sync 3 DAGs
[2024-06-08T10:39:07.167+0000] {logging_mixin.py:188} INFO - [2024-06-08T10:39:07.166+0000] {dag.py:3954} INFO - Setting next_dagrun for example_subdag_operator to 2022-01-01 00:00:00+00:00, run_after=2022-01-01 00:00:00+00:00
[2024-06-08T10:39:07.178+0000] {logging_mixin.py:188} INFO - [2024-06-08T10:39:07.178+0000] {dag.py:3954} INFO - Setting next_dagrun for example_subdag_operator.section-1 to None, run_after=None
[2024-06-08T10:39:07.182+0000] {logging_mixin.py:188} INFO - [2024-06-08T10:39:07.181+0000] {dag.py:3954} INFO - Setting next_dagrun for example_subdag_operator.section-2 to None, run_after=None
[2024-06-08T10:39:07.224+0000] {logging_mixin.py:188} INFO - [2024-06-08T10:39:07.224+0000] {dag.py:3096} INFO - Sync 2 DAGs
[2024-06-08T10:39:07.237+0000] {logging_mixin.py:188} INFO - [2024-06-08T10:39:07.237+0000] {dag.py:3954} INFO - Setting next_dagrun for example_subdag_operator.section-1 to None, run_after=None
[2024-06-08T10:39:07.239+0000] {logging_mixin.py:188} INFO - [2024-06-08T10:39:07.239+0000] {dag.py:3954} INFO - Setting next_dagrun for example_subdag_operator.section-2 to None, run_after=None
[2024-06-08T10:39:07.272+0000] {processor.py:183} INFO - Processing /home/airflow/.local/lib/python3.12/site-packages/airflow/example_dags/example_subdag_operator.py took 0.269 seconds
[2024-06-08T10:39:48.395+0000] {processor.py:161} INFO - Started process (PID=63752) to work on /home/airflow/.local/lib/python3.12/site-packages/airflow/example_dags/example_subdag_operator.py
[2024-06-08T10:39:48.397+0000] {processor.py:830} INFO - Processing file /home/airflow/.local/lib/python3.12/site-packages/airflow/example_dags/example_subdag_operator.py for tasks to queue
[2024-06-08T10:39:48.399+0000] {logging_mixin.py:188} INFO - [2024-06-08T10:39:48.399+0000] {dagbag.py:545} INFO - Filling up the DagBag from /home/airflow/.local/lib/python3.12/site-packages/airflow/example_dags/example_subdag_operator.py
[2024-06-08T10:39:48.458+0000] {processor.py:840} INFO - DAG(s) 'example_subdag_operator.section-1', 'example_subdag_operator.section-2', 'example_subdag_operator' retrieved from /home/airflow/.local/lib/python3.12/site-packages/airflow/example_dags/example_subdag_operator.py
[2024-06-08T10:39:48.517+0000] {logging_mixin.py:188} INFO - [2024-06-08T10:39:48.516+0000] {dag.py:3096} INFO - Sync 3 DAGs
[2024-06-08T10:39:48.601+0000] {logging_mixin.py:188} INFO - [2024-06-08T10:39:48.600+0000] {dag.py:3954} INFO - Setting next_dagrun for example_subdag_operator to 2022-01-01 00:00:00+00:00, run_after=2022-01-01 00:00:00+00:00
[2024-06-08T10:39:48.614+0000] {logging_mixin.py:188} INFO - [2024-06-08T10:39:48.614+0000] {dag.py:3954} INFO - Setting next_dagrun for example_subdag_operator.section-1 to None, run_after=None
[2024-06-08T10:39:48.618+0000] {logging_mixin.py:188} INFO - [2024-06-08T10:39:48.618+0000] {dag.py:3954} INFO - Setting next_dagrun for example_subdag_operator.section-2 to None, run_after=None
[2024-06-08T10:39:48.644+0000] {logging_mixin.py:188} INFO - [2024-06-08T10:39:48.644+0000] {dag.py:3096} INFO - Sync 2 DAGs
[2024-06-08T10:39:48.657+0000] {logging_mixin.py:188} INFO - [2024-06-08T10:39:48.657+0000] {dag.py:3954} INFO - Setting next_dagrun for example_subdag_operator.section-1 to None, run_after=None
[2024-06-08T10:39:48.659+0000] {logging_mixin.py:188} INFO - [2024-06-08T10:39:48.658+0000] {dag.py:3954} INFO - Setting next_dagrun for example_subdag_operator.section-2 to None, run_after=None
[2024-06-08T10:39:48.688+0000] {processor.py:183} INFO - Processing /home/airflow/.local/lib/python3.12/site-packages/airflow/example_dags/example_subdag_operator.py took 0.306 seconds
[2024-06-08T11:07:38.702+0000] {processor.py:161} INFO - Started process (PID=63806) to work on /home/airflow/.local/lib/python3.12/site-packages/airflow/example_dags/example_subdag_operator.py
[2024-06-08T11:07:38.704+0000] {processor.py:830} INFO - Processing file /home/airflow/.local/lib/python3.12/site-packages/airflow/example_dags/example_subdag_operator.py for tasks to queue
[2024-06-08T11:07:38.705+0000] {logging_mixin.py:188} INFO - [2024-06-08T11:07:38.705+0000] {dagbag.py:545} INFO - Filling up the DagBag from /home/airflow/.local/lib/python3.12/site-packages/airflow/example_dags/example_subdag_operator.py
[2024-06-08T11:07:38.737+0000] {processor.py:840} INFO - DAG(s) 'example_subdag_operator.section-1', 'example_subdag_operator.section-2', 'example_subdag_operator' retrieved from /home/airflow/.local/lib/python3.12/site-packages/airflow/example_dags/example_subdag_operator.py
[2024-06-08T11:07:38.758+0000] {logging_mixin.py:188} INFO - [2024-06-08T11:07:38.758+0000] {dag.py:3096} INFO - Sync 3 DAGs
[2024-06-08T11:07:38.792+0000] {logging_mixin.py:188} INFO - [2024-06-08T11:07:38.792+0000] {dag.py:3954} INFO - Setting next_dagrun for example_subdag_operator to 2022-01-01 00:00:00+00:00, run_after=2022-01-01 00:00:00+00:00
[2024-06-08T11:07:38.797+0000] {logging_mixin.py:188} INFO - [2024-06-08T11:07:38.797+0000] {dag.py:3954} INFO - Setting next_dagrun for example_subdag_operator.section-1 to None, run_after=None
[2024-06-08T11:07:38.801+0000] {logging_mixin.py:188} INFO - [2024-06-08T11:07:38.801+0000] {dag.py:3954} INFO - Setting next_dagrun for example_subdag_operator.section-2 to None, run_after=None
[2024-06-08T11:07:38.811+0000] {logging_mixin.py:188} INFO - [2024-06-08T11:07:38.811+0000] {dag.py:3096} INFO - Sync 2 DAGs
[2024-06-08T11:07:38.819+0000] {logging_mixin.py:188} INFO - [2024-06-08T11:07:38.819+0000] {dag.py:3954} INFO - Setting next_dagrun for example_subdag_operator.section-1 to None, run_after=None
[2024-06-08T11:07:38.820+0000] {logging_mixin.py:188} INFO - [2024-06-08T11:07:38.820+0000] {dag.py:3954} INFO - Setting next_dagrun for example_subdag_operator.section-2 to None, run_after=None
[2024-06-08T11:07:38.834+0000] {processor.py:183} INFO - Processing /home/airflow/.local/lib/python3.12/site-packages/airflow/example_dags/example_subdag_operator.py took 0.139 seconds
[2024-06-08T12:08:40.389+0000] {processor.py:161} INFO - Started process (PID=63873) to work on /home/airflow/.local/lib/python3.12/site-packages/airflow/example_dags/example_subdag_operator.py
[2024-06-08T12:08:40.392+0000] {processor.py:830} INFO - Processing file /home/airflow/.local/lib/python3.12/site-packages/airflow/example_dags/example_subdag_operator.py for tasks to queue
[2024-06-08T12:08:40.395+0000] {logging_mixin.py:188} INFO - [2024-06-08T12:08:40.394+0000] {dagbag.py:545} INFO - Filling up the DagBag from /home/airflow/.local/lib/python3.12/site-packages/airflow/example_dags/example_subdag_operator.py
[2024-06-08T12:08:40.468+0000] {processor.py:840} INFO - DAG(s) 'example_subdag_operator.section-1', 'example_subdag_operator.section-2', 'example_subdag_operator' retrieved from /home/airflow/.local/lib/python3.12/site-packages/airflow/example_dags/example_subdag_operator.py
[2024-06-08T12:08:40.513+0000] {logging_mixin.py:188} INFO - [2024-06-08T12:08:40.513+0000] {dag.py:3096} INFO - Sync 3 DAGs
[2024-06-08T12:08:40.561+0000] {logging_mixin.py:188} INFO - [2024-06-08T12:08:40.561+0000] {dag.py:3954} INFO - Setting next_dagrun for example_subdag_operator to 2022-01-01 00:00:00+00:00, run_after=2022-01-01 00:00:00+00:00
[2024-06-08T12:08:40.570+0000] {logging_mixin.py:188} INFO - [2024-06-08T12:08:40.570+0000] {dag.py:3954} INFO - Setting next_dagrun for example_subdag_operator.section-1 to None, run_after=None
[2024-06-08T12:08:40.576+0000] {logging_mixin.py:188} INFO - [2024-06-08T12:08:40.575+0000] {dag.py:3954} INFO - Setting next_dagrun for example_subdag_operator.section-2 to None, run_after=None
[2024-06-08T12:08:40.590+0000] {logging_mixin.py:188} INFO - [2024-06-08T12:08:40.590+0000] {dag.py:3096} INFO - Sync 2 DAGs
[2024-06-08T12:08:40.602+0000] {logging_mixin.py:188} INFO - [2024-06-08T12:08:40.602+0000] {dag.py:3954} INFO - Setting next_dagrun for example_subdag_operator.section-1 to None, run_after=None
[2024-06-08T12:08:40.605+0000] {logging_mixin.py:188} INFO - [2024-06-08T12:08:40.605+0000] {dag.py:3954} INFO - Setting next_dagrun for example_subdag_operator.section-2 to None, run_after=None
[2024-06-08T12:08:40.630+0000] {processor.py:183} INFO - Processing /home/airflow/.local/lib/python3.12/site-packages/airflow/example_dags/example_subdag_operator.py took 0.256 seconds
[2024-06-08T12:09:20.838+0000] {processor.py:161} INFO - Started process (PID=63933) to work on /home/airflow/.local/lib/python3.12/site-packages/airflow/example_dags/example_subdag_operator.py
[2024-06-08T12:09:20.840+0000] {processor.py:830} INFO - Processing file /home/airflow/.local/lib/python3.12/site-packages/airflow/example_dags/example_subdag_operator.py for tasks to queue
[2024-06-08T12:09:20.843+0000] {logging_mixin.py:188} INFO - [2024-06-08T12:09:20.841+0000] {dagbag.py:545} INFO - Filling up the DagBag from /home/airflow/.local/lib/python3.12/site-packages/airflow/example_dags/example_subdag_operator.py
[2024-06-08T12:09:20.893+0000] {processor.py:840} INFO - DAG(s) 'example_subdag_operator.section-1', 'example_subdag_operator.section-2', 'example_subdag_operator' retrieved from /home/airflow/.local/lib/python3.12/site-packages/airflow/example_dags/example_subdag_operator.py
[2024-06-08T12:09:20.934+0000] {logging_mixin.py:188} INFO - [2024-06-08T12:09:20.933+0000] {dag.py:3096} INFO - Sync 3 DAGs
[2024-06-08T12:09:20.987+0000] {logging_mixin.py:188} INFO - [2024-06-08T12:09:20.986+0000] {dag.py:3954} INFO - Setting next_dagrun for example_subdag_operator to 2022-01-01 00:00:00+00:00, run_after=2022-01-01 00:00:00+00:00
[2024-06-08T12:09:20.996+0000] {logging_mixin.py:188} INFO - [2024-06-08T12:09:20.996+0000] {dag.py:3954} INFO - Setting next_dagrun for example_subdag_operator.section-1 to None, run_after=None
[2024-06-08T12:09:21.000+0000] {logging_mixin.py:188} INFO - [2024-06-08T12:09:20.999+0000] {dag.py:3954} INFO - Setting next_dagrun for example_subdag_operator.section-2 to None, run_after=None
[2024-06-08T12:09:21.022+0000] {logging_mixin.py:188} INFO - [2024-06-08T12:09:21.022+0000] {dag.py:3096} INFO - Sync 2 DAGs
[2024-06-08T12:09:21.034+0000] {logging_mixin.py:188} INFO - [2024-06-08T12:09:21.033+0000] {dag.py:3954} INFO - Setting next_dagrun for example_subdag_operator.section-1 to None, run_after=None
[2024-06-08T12:09:21.035+0000] {logging_mixin.py:188} INFO - [2024-06-08T12:09:21.035+0000] {dag.py:3954} INFO - Setting next_dagrun for example_subdag_operator.section-2 to None, run_after=None
[2024-06-08T12:09:21.062+0000] {processor.py:183} INFO - Processing /home/airflow/.local/lib/python3.12/site-packages/airflow/example_dags/example_subdag_operator.py took 0.236 seconds
[2024-06-08T13:10:00.978+0000] {processor.py:161} INFO - Started process (PID=63987) to work on /home/airflow/.local/lib/python3.12/site-packages/airflow/example_dags/example_subdag_operator.py
[2024-06-08T13:10:00.980+0000] {processor.py:830} INFO - Processing file /home/airflow/.local/lib/python3.12/site-packages/airflow/example_dags/example_subdag_operator.py for tasks to queue
[2024-06-08T13:10:00.981+0000] {logging_mixin.py:188} INFO - [2024-06-08T13:10:00.981+0000] {dagbag.py:545} INFO - Filling up the DagBag from /home/airflow/.local/lib/python3.12/site-packages/airflow/example_dags/example_subdag_operator.py
[2024-06-08T13:10:01.016+0000] {processor.py:840} INFO - DAG(s) 'example_subdag_operator.section-1', 'example_subdag_operator.section-2', 'example_subdag_operator' retrieved from /home/airflow/.local/lib/python3.12/site-packages/airflow/example_dags/example_subdag_operator.py
[2024-06-08T13:10:01.039+0000] {logging_mixin.py:188} INFO - [2024-06-08T13:10:01.038+0000] {dag.py:3096} INFO - Sync 3 DAGs
[2024-06-08T13:10:01.067+0000] {logging_mixin.py:188} INFO - [2024-06-08T13:10:01.066+0000] {dag.py:3954} INFO - Setting next_dagrun for example_subdag_operator to 2022-01-01 00:00:00+00:00, run_after=2022-01-01 00:00:00+00:00
[2024-06-08T13:10:01.072+0000] {logging_mixin.py:188} INFO - [2024-06-08T13:10:01.072+0000] {dag.py:3954} INFO - Setting next_dagrun for example_subdag_operator.section-1 to None, run_after=None
[2024-06-08T13:10:01.075+0000] {logging_mixin.py:188} INFO - [2024-06-08T13:10:01.074+0000] {dag.py:3954} INFO - Setting next_dagrun for example_subdag_operator.section-2 to None, run_after=None
[2024-06-08T13:10:01.085+0000] {logging_mixin.py:188} INFO - [2024-06-08T13:10:01.085+0000] {dag.py:3096} INFO - Sync 2 DAGs
[2024-06-08T13:10:01.092+0000] {logging_mixin.py:188} INFO - [2024-06-08T13:10:01.092+0000] {dag.py:3954} INFO - Setting next_dagrun for example_subdag_operator.section-1 to None, run_after=None
[2024-06-08T13:10:01.093+0000] {logging_mixin.py:188} INFO - [2024-06-08T13:10:01.093+0000] {dag.py:3954} INFO - Setting next_dagrun for example_subdag_operator.section-2 to None, run_after=None
[2024-06-08T13:10:01.106+0000] {processor.py:183} INFO - Processing /home/airflow/.local/lib/python3.12/site-packages/airflow/example_dags/example_subdag_operator.py took 0.137 seconds
[2024-06-08T14:10:58.538+0000] {processor.py:161} INFO - Started process (PID=64053) to work on /home/airflow/.local/lib/python3.12/site-packages/airflow/example_dags/example_subdag_operator.py
[2024-06-08T14:10:58.541+0000] {processor.py:830} INFO - Processing file /home/airflow/.local/lib/python3.12/site-packages/airflow/example_dags/example_subdag_operator.py for tasks to queue
[2024-06-08T14:10:58.543+0000] {logging_mixin.py:188} INFO - [2024-06-08T14:10:58.543+0000] {dagbag.py:545} INFO - Filling up the DagBag from /home/airflow/.local/lib/python3.12/site-packages/airflow/example_dags/example_subdag_operator.py
[2024-06-08T14:10:58.591+0000] {processor.py:840} INFO - DAG(s) 'example_subdag_operator.section-1', 'example_subdag_operator.section-2', 'example_subdag_operator' retrieved from /home/airflow/.local/lib/python3.12/site-packages/airflow/example_dags/example_subdag_operator.py
[2024-06-08T14:10:58.628+0000] {logging_mixin.py:188} INFO - [2024-06-08T14:10:58.627+0000] {dag.py:3096} INFO - Sync 3 DAGs
[2024-06-08T14:10:58.678+0000] {logging_mixin.py:188} INFO - [2024-06-08T14:10:58.677+0000] {dag.py:3954} INFO - Setting next_dagrun for example_subdag_operator to 2022-01-01 00:00:00+00:00, run_after=2022-01-01 00:00:00+00:00
[2024-06-08T14:10:58.688+0000] {logging_mixin.py:188} INFO - [2024-06-08T14:10:58.688+0000] {dag.py:3954} INFO - Setting next_dagrun for example_subdag_operator.section-1 to None, run_after=None
[2024-06-08T14:10:58.692+0000] {logging_mixin.py:188} INFO - [2024-06-08T14:10:58.691+0000] {dag.py:3954} INFO - Setting next_dagrun for example_subdag_operator.section-2 to None, run_after=None
[2024-06-08T14:10:58.715+0000] {logging_mixin.py:188} INFO - [2024-06-08T14:10:58.714+0000] {dag.py:3096} INFO - Sync 2 DAGs
[2024-06-08T14:10:58.726+0000] {logging_mixin.py:188} INFO - [2024-06-08T14:10:58.725+0000] {dag.py:3954} INFO - Setting next_dagrun for example_subdag_operator.section-1 to None, run_after=None
[2024-06-08T14:10:58.727+0000] {logging_mixin.py:188} INFO - [2024-06-08T14:10:58.727+0000] {dag.py:3954} INFO - Setting next_dagrun for example_subdag_operator.section-2 to None, run_after=None
[2024-06-08T14:10:58.752+0000] {processor.py:183} INFO - Processing /home/airflow/.local/lib/python3.12/site-packages/airflow/example_dags/example_subdag_operator.py took 0.226 seconds
[2024-06-08T14:11:28.873+0000] {processor.py:161} INFO - Started process (PID=64113) to work on /home/airflow/.local/lib/python3.12/site-packages/airflow/example_dags/example_subdag_operator.py
[2024-06-08T14:11:28.874+0000] {processor.py:830} INFO - Processing file /home/airflow/.local/lib/python3.12/site-packages/airflow/example_dags/example_subdag_operator.py for tasks to queue
[2024-06-08T14:11:28.875+0000] {logging_mixin.py:188} INFO - [2024-06-08T14:11:28.875+0000] {dagbag.py:545} INFO - Filling up the DagBag from /home/airflow/.local/lib/python3.12/site-packages/airflow/example_dags/example_subdag_operator.py
[2024-06-08T14:11:28.908+0000] {processor.py:840} INFO - DAG(s) 'example_subdag_operator.section-1', 'example_subdag_operator.section-2', 'example_subdag_operator' retrieved from /home/airflow/.local/lib/python3.12/site-packages/airflow/example_dags/example_subdag_operator.py
[2024-06-08T14:11:28.929+0000] {logging_mixin.py:188} INFO - [2024-06-08T14:11:28.929+0000] {dag.py:3096} INFO - Sync 3 DAGs
[2024-06-08T14:11:28.957+0000] {logging_mixin.py:188} INFO - [2024-06-08T14:11:28.956+0000] {dag.py:3954} INFO - Setting next_dagrun for example_subdag_operator to 2022-01-01 00:00:00+00:00, run_after=2022-01-01 00:00:00+00:00
[2024-06-08T14:11:28.962+0000] {logging_mixin.py:188} INFO - [2024-06-08T14:11:28.961+0000] {dag.py:3954} INFO - Setting next_dagrun for example_subdag_operator.section-1 to None, run_after=None
[2024-06-08T14:11:28.964+0000] {logging_mixin.py:188} INFO - [2024-06-08T14:11:28.964+0000] {dag.py:3954} INFO - Setting next_dagrun for example_subdag_operator.section-2 to None, run_after=None
[2024-06-08T14:11:28.973+0000] {logging_mixin.py:188} INFO - [2024-06-08T14:11:28.973+0000] {dag.py:3096} INFO - Sync 2 DAGs
[2024-06-08T14:11:28.980+0000] {logging_mixin.py:188} INFO - [2024-06-08T14:11:28.980+0000] {dag.py:3954} INFO - Setting next_dagrun for example_subdag_operator.section-1 to None, run_after=None
[2024-06-08T14:11:28.982+0000] {logging_mixin.py:188} INFO - [2024-06-08T14:11:28.981+0000] {dag.py:3954} INFO - Setting next_dagrun for example_subdag_operator.section-2 to None, run_after=None
[2024-06-08T14:11:28.997+0000] {processor.py:183} INFO - Processing /home/airflow/.local/lib/python3.12/site-packages/airflow/example_dags/example_subdag_operator.py took 0.132 seconds
[2024-06-08T15:12:12.905+0000] {processor.py:161} INFO - Started process (PID=64167) to work on /home/airflow/.local/lib/python3.12/site-packages/airflow/example_dags/example_subdag_operator.py
[2024-06-08T15:12:12.907+0000] {processor.py:830} INFO - Processing file /home/airflow/.local/lib/python3.12/site-packages/airflow/example_dags/example_subdag_operator.py for tasks to queue
[2024-06-08T15:12:12.908+0000] {logging_mixin.py:188} INFO - [2024-06-08T15:12:12.908+0000] {dagbag.py:545} INFO - Filling up the DagBag from /home/airflow/.local/lib/python3.12/site-packages/airflow/example_dags/example_subdag_operator.py
[2024-06-08T15:12:12.938+0000] {processor.py:840} INFO - DAG(s) 'example_subdag_operator.section-1', 'example_subdag_operator.section-2', 'example_subdag_operator' retrieved from /home/airflow/.local/lib/python3.12/site-packages/airflow/example_dags/example_subdag_operator.py
[2024-06-08T15:12:12.959+0000] {logging_mixin.py:188} INFO - [2024-06-08T15:12:12.959+0000] {dag.py:3096} INFO - Sync 3 DAGs
[2024-06-08T15:12:12.987+0000] {logging_mixin.py:188} INFO - [2024-06-08T15:12:12.987+0000] {dag.py:3954} INFO - Setting next_dagrun for example_subdag_operator to 2022-01-01 00:00:00+00:00, run_after=2022-01-01 00:00:00+00:00
[2024-06-08T15:12:12.994+0000] {logging_mixin.py:188} INFO - [2024-06-08T15:12:12.994+0000] {dag.py:3954} INFO - Setting next_dagrun for example_subdag_operator.section-1 to None, run_after=None
[2024-06-08T15:12:12.996+0000] {logging_mixin.py:188} INFO - [2024-06-08T15:12:12.996+0000] {dag.py:3954} INFO - Setting next_dagrun for example_subdag_operator.section-2 to None, run_after=None
[2024-06-08T15:12:13.005+0000] {logging_mixin.py:188} INFO - [2024-06-08T15:12:13.005+0000] {dag.py:3096} INFO - Sync 2 DAGs
[2024-06-08T15:12:13.011+0000] {logging_mixin.py:188} INFO - [2024-06-08T15:12:13.011+0000] {dag.py:3954} INFO - Setting next_dagrun for example_subdag_operator.section-1 to None, run_after=None
[2024-06-08T15:12:13.013+0000] {logging_mixin.py:188} INFO - [2024-06-08T15:12:13.013+0000] {dag.py:3954} INFO - Setting next_dagrun for example_subdag_operator.section-2 to None, run_after=None
[2024-06-08T15:12:13.028+0000] {processor.py:183} INFO - Processing /home/airflow/.local/lib/python3.12/site-packages/airflow/example_dags/example_subdag_operator.py took 0.131 seconds
[2024-06-08T16:13:15.681+0000] {processor.py:161} INFO - Started process (PID=64233) to work on /home/airflow/.local/lib/python3.12/site-packages/airflow/example_dags/example_subdag_operator.py
[2024-06-08T16:13:15.684+0000] {processor.py:830} INFO - Processing file /home/airflow/.local/lib/python3.12/site-packages/airflow/example_dags/example_subdag_operator.py for tasks to queue
[2024-06-08T16:13:15.685+0000] {logging_mixin.py:188} INFO - [2024-06-08T16:13:15.685+0000] {dagbag.py:545} INFO - Filling up the DagBag from /home/airflow/.local/lib/python3.12/site-packages/airflow/example_dags/example_subdag_operator.py
[2024-06-08T16:13:15.726+0000] {processor.py:840} INFO - DAG(s) 'example_subdag_operator.section-1', 'example_subdag_operator.section-2', 'example_subdag_operator' retrieved from /home/airflow/.local/lib/python3.12/site-packages/airflow/example_dags/example_subdag_operator.py
[2024-06-08T16:13:15.753+0000] {logging_mixin.py:188} INFO - [2024-06-08T16:13:15.753+0000] {dag.py:3096} INFO - Sync 3 DAGs
[2024-06-08T16:13:15.800+0000] {logging_mixin.py:188} INFO - [2024-06-08T16:13:15.799+0000] {dag.py:3954} INFO - Setting next_dagrun for example_subdag_operator to 2022-01-01 00:00:00+00:00, run_after=2022-01-01 00:00:00+00:00
[2024-06-08T16:13:15.806+0000] {logging_mixin.py:188} INFO - [2024-06-08T16:13:15.805+0000] {dag.py:3954} INFO - Setting next_dagrun for example_subdag_operator.section-1 to None, run_after=None
[2024-06-08T16:13:15.809+0000] {logging_mixin.py:188} INFO - [2024-06-08T16:13:15.809+0000] {dag.py:3954} INFO - Setting next_dagrun for example_subdag_operator.section-2 to None, run_after=None
[2024-06-08T16:13:15.823+0000] {logging_mixin.py:188} INFO - [2024-06-08T16:13:15.822+0000] {dag.py:3096} INFO - Sync 2 DAGs
[2024-06-08T16:13:15.832+0000] {logging_mixin.py:188} INFO - [2024-06-08T16:13:15.832+0000] {dag.py:3954} INFO - Setting next_dagrun for example_subdag_operator.section-1 to None, run_after=None
[2024-06-08T16:13:15.834+0000] {logging_mixin.py:188} INFO - [2024-06-08T16:13:15.833+0000] {dag.py:3954} INFO - Setting next_dagrun for example_subdag_operator.section-2 to None, run_after=None
[2024-06-08T16:13:15.855+0000] {processor.py:183} INFO - Processing /home/airflow/.local/lib/python3.12/site-packages/airflow/example_dags/example_subdag_operator.py took 0.184 seconds
[2024-06-08T16:13:56.822+0000] {processor.py:161} INFO - Started process (PID=64293) to work on /home/airflow/.local/lib/python3.12/site-packages/airflow/example_dags/example_subdag_operator.py
[2024-06-08T16:13:56.824+0000] {processor.py:830} INFO - Processing file /home/airflow/.local/lib/python3.12/site-packages/airflow/example_dags/example_subdag_operator.py for tasks to queue
[2024-06-08T16:13:56.827+0000] {logging_mixin.py:188} INFO - [2024-06-08T16:13:56.826+0000] {dagbag.py:545} INFO - Filling up the DagBag from /home/airflow/.local/lib/python3.12/site-packages/airflow/example_dags/example_subdag_operator.py
[2024-06-08T16:13:56.875+0000] {processor.py:840} INFO - DAG(s) 'example_subdag_operator.section-1', 'example_subdag_operator.section-2', 'example_subdag_operator' retrieved from /home/airflow/.local/lib/python3.12/site-packages/airflow/example_dags/example_subdag_operator.py
[2024-06-08T16:13:56.910+0000] {logging_mixin.py:188} INFO - [2024-06-08T16:13:56.910+0000] {dag.py:3096} INFO - Sync 3 DAGs
[2024-06-08T16:13:56.965+0000] {logging_mixin.py:188} INFO - [2024-06-08T16:13:56.964+0000] {dag.py:3954} INFO - Setting next_dagrun for example_subdag_operator to 2022-01-01 00:00:00+00:00, run_after=2022-01-01 00:00:00+00:00
[2024-06-08T16:13:56.975+0000] {logging_mixin.py:188} INFO - [2024-06-08T16:13:56.974+0000] {dag.py:3954} INFO - Setting next_dagrun for example_subdag_operator.section-1 to None, run_after=None
[2024-06-08T16:13:56.979+0000] {logging_mixin.py:188} INFO - [2024-06-08T16:13:56.978+0000] {dag.py:3954} INFO - Setting next_dagrun for example_subdag_operator.section-2 to None, run_after=None
[2024-06-08T16:13:56.993+0000] {logging_mixin.py:188} INFO - [2024-06-08T16:13:56.992+0000] {dag.py:3096} INFO - Sync 2 DAGs
[2024-06-08T16:13:57.004+0000] {logging_mixin.py:188} INFO - [2024-06-08T16:13:57.003+0000] {dag.py:3954} INFO - Setting next_dagrun for example_subdag_operator.section-1 to None, run_after=None
[2024-06-08T16:13:57.005+0000] {logging_mixin.py:188} INFO - [2024-06-08T16:13:57.005+0000] {dag.py:3954} INFO - Setting next_dagrun for example_subdag_operator.section-2 to None, run_after=None
[2024-06-08T16:13:57.030+0000] {processor.py:183} INFO - Processing /home/airflow/.local/lib/python3.12/site-packages/airflow/example_dags/example_subdag_operator.py took 0.218 seconds
[2024-06-08T17:14:35.617+0000] {processor.py:161} INFO - Started process (PID=64347) to work on /home/airflow/.local/lib/python3.12/site-packages/airflow/example_dags/example_subdag_operator.py
[2024-06-08T17:14:35.619+0000] {processor.py:830} INFO - Processing file /home/airflow/.local/lib/python3.12/site-packages/airflow/example_dags/example_subdag_operator.py for tasks to queue
[2024-06-08T17:14:35.620+0000] {logging_mixin.py:188} INFO - [2024-06-08T17:14:35.620+0000] {dagbag.py:545} INFO - Filling up the DagBag from /home/airflow/.local/lib/python3.12/site-packages/airflow/example_dags/example_subdag_operator.py
[2024-06-08T17:14:35.661+0000] {processor.py:840} INFO - DAG(s) 'example_subdag_operator.section-1', 'example_subdag_operator.section-2', 'example_subdag_operator' retrieved from /home/airflow/.local/lib/python3.12/site-packages/airflow/example_dags/example_subdag_operator.py
[2024-06-08T17:14:35.685+0000] {logging_mixin.py:188} INFO - [2024-06-08T17:14:35.685+0000] {dag.py:3096} INFO - Sync 3 DAGs
[2024-06-08T17:14:35.713+0000] {logging_mixin.py:188} INFO - [2024-06-08T17:14:35.713+0000] {dag.py:3954} INFO - Setting next_dagrun for example_subdag_operator to 2022-01-01 00:00:00+00:00, run_after=2022-01-01 00:00:00+00:00
[2024-06-08T17:14:35.718+0000] {logging_mixin.py:188} INFO - [2024-06-08T17:14:35.718+0000] {dag.py:3954} INFO - Setting next_dagrun for example_subdag_operator.section-1 to None, run_after=None
[2024-06-08T17:14:35.720+0000] {logging_mixin.py:188} INFO - [2024-06-08T17:14:35.720+0000] {dag.py:3954} INFO - Setting next_dagrun for example_subdag_operator.section-2 to None, run_after=None
[2024-06-08T17:14:35.729+0000] {logging_mixin.py:188} INFO - [2024-06-08T17:14:35.729+0000] {dag.py:3096} INFO - Sync 2 DAGs
[2024-06-08T17:14:35.736+0000] {logging_mixin.py:188} INFO - [2024-06-08T17:14:35.735+0000] {dag.py:3954} INFO - Setting next_dagrun for example_subdag_operator.section-1 to None, run_after=None
[2024-06-08T17:14:35.736+0000] {logging_mixin.py:188} INFO - [2024-06-08T17:14:35.736+0000] {dag.py:3954} INFO - Setting next_dagrun for example_subdag_operator.section-2 to None, run_after=None
[2024-06-08T17:14:35.752+0000] {processor.py:183} INFO - Processing /home/airflow/.local/lib/python3.12/site-packages/airflow/example_dags/example_subdag_operator.py took 0.144 seconds
[2024-06-08T18:08:42.595+0000] {processor.py:161} INFO - Started process (PID=64407) to work on /home/airflow/.local/lib/python3.12/site-packages/airflow/example_dags/example_subdag_operator.py
[2024-06-08T18:08:42.599+0000] {processor.py:830} INFO - Processing file /home/airflow/.local/lib/python3.12/site-packages/airflow/example_dags/example_subdag_operator.py for tasks to queue
[2024-06-08T18:08:42.602+0000] {logging_mixin.py:188} INFO - [2024-06-08T18:08:42.602+0000] {dagbag.py:545} INFO - Filling up the DagBag from /home/airflow/.local/lib/python3.12/site-packages/airflow/example_dags/example_subdag_operator.py
[2024-06-08T18:08:42.662+0000] {processor.py:840} INFO - DAG(s) 'example_subdag_operator.section-1', 'example_subdag_operator.section-2', 'example_subdag_operator' retrieved from /home/airflow/.local/lib/python3.12/site-packages/airflow/example_dags/example_subdag_operator.py
[2024-06-08T18:08:42.701+0000] {logging_mixin.py:188} INFO - [2024-06-08T18:08:42.701+0000] {dag.py:3096} INFO - Sync 3 DAGs
[2024-06-08T18:08:42.752+0000] {logging_mixin.py:188} INFO - [2024-06-08T18:08:42.752+0000] {dag.py:3954} INFO - Setting next_dagrun for example_subdag_operator to 2022-01-01 00:00:00+00:00, run_after=2022-01-01 00:00:00+00:00
[2024-06-08T18:08:42.761+0000] {logging_mixin.py:188} INFO - [2024-06-08T18:08:42.760+0000] {dag.py:3954} INFO - Setting next_dagrun for example_subdag_operator.section-1 to None, run_after=None
[2024-06-08T18:08:42.764+0000] {logging_mixin.py:188} INFO - [2024-06-08T18:08:42.764+0000] {dag.py:3954} INFO - Setting next_dagrun for example_subdag_operator.section-2 to None, run_after=None
[2024-06-08T18:08:42.788+0000] {logging_mixin.py:188} INFO - [2024-06-08T18:08:42.788+0000] {dag.py:3096} INFO - Sync 2 DAGs
[2024-06-08T18:08:42.807+0000] {logging_mixin.py:188} INFO - [2024-06-08T18:08:42.806+0000] {dag.py:3954} INFO - Setting next_dagrun for example_subdag_operator.section-1 to None, run_after=None
[2024-06-08T18:08:42.808+0000] {logging_mixin.py:188} INFO - [2024-06-08T18:08:42.808+0000] {dag.py:3954} INFO - Setting next_dagrun for example_subdag_operator.section-2 to None, run_after=None
[2024-06-08T18:08:42.837+0000] {processor.py:183} INFO - Processing /home/airflow/.local/lib/python3.12/site-packages/airflow/example_dags/example_subdag_operator.py took 0.254 seconds
[2024-06-08T18:15:51.102+0000] {processor.py:161} INFO - Started process (PID=64467) to work on /home/airflow/.local/lib/python3.12/site-packages/airflow/example_dags/example_subdag_operator.py
[2024-06-08T18:15:51.104+0000] {processor.py:830} INFO - Processing file /home/airflow/.local/lib/python3.12/site-packages/airflow/example_dags/example_subdag_operator.py for tasks to queue
[2024-06-08T18:15:51.105+0000] {logging_mixin.py:188} INFO - [2024-06-08T18:15:51.105+0000] {dagbag.py:545} INFO - Filling up the DagBag from /home/airflow/.local/lib/python3.12/site-packages/airflow/example_dags/example_subdag_operator.py
[2024-06-08T18:15:51.135+0000] {processor.py:840} INFO - DAG(s) 'example_subdag_operator.section-1', 'example_subdag_operator.section-2', 'example_subdag_operator' retrieved from /home/airflow/.local/lib/python3.12/site-packages/airflow/example_dags/example_subdag_operator.py
[2024-06-08T18:15:51.157+0000] {logging_mixin.py:188} INFO - [2024-06-08T18:15:51.156+0000] {dag.py:3096} INFO - Sync 3 DAGs
[2024-06-08T18:15:51.184+0000] {logging_mixin.py:188} INFO - [2024-06-08T18:15:51.184+0000] {dag.py:3954} INFO - Setting next_dagrun for example_subdag_operator to 2022-01-01 00:00:00+00:00, run_after=2022-01-01 00:00:00+00:00
[2024-06-08T18:15:51.189+0000] {logging_mixin.py:188} INFO - [2024-06-08T18:15:51.189+0000] {dag.py:3954} INFO - Setting next_dagrun for example_subdag_operator.section-1 to None, run_after=None
[2024-06-08T18:15:51.191+0000] {logging_mixin.py:188} INFO - [2024-06-08T18:15:51.191+0000] {dag.py:3954} INFO - Setting next_dagrun for example_subdag_operator.section-2 to None, run_after=None
[2024-06-08T18:15:51.200+0000] {logging_mixin.py:188} INFO - [2024-06-08T18:15:51.200+0000] {dag.py:3096} INFO - Sync 2 DAGs
[2024-06-08T18:15:51.206+0000] {logging_mixin.py:188} INFO - [2024-06-08T18:15:51.206+0000] {dag.py:3954} INFO - Setting next_dagrun for example_subdag_operator.section-1 to None, run_after=None
[2024-06-08T18:15:51.207+0000] {logging_mixin.py:188} INFO - [2024-06-08T18:15:51.207+0000] {dag.py:3954} INFO - Setting next_dagrun for example_subdag_operator.section-2 to None, run_after=None
[2024-06-08T18:15:51.221+0000] {processor.py:183} INFO - Processing /home/airflow/.local/lib/python3.12/site-packages/airflow/example_dags/example_subdag_operator.py took 0.126 seconds
[2024-06-08T18:52:18.091+0000] {processor.py:161} INFO - Started process (PID=64527) to work on /home/airflow/.local/lib/python3.12/site-packages/airflow/example_dags/example_subdag_operator.py
[2024-06-08T18:52:18.092+0000] {processor.py:830} INFO - Processing file /home/airflow/.local/lib/python3.12/site-packages/airflow/example_dags/example_subdag_operator.py for tasks to queue
[2024-06-08T18:52:18.094+0000] {logging_mixin.py:188} INFO - [2024-06-08T18:52:18.093+0000] {dagbag.py:545} INFO - Filling up the DagBag from /home/airflow/.local/lib/python3.12/site-packages/airflow/example_dags/example_subdag_operator.py
[2024-06-08T18:52:18.124+0000] {processor.py:840} INFO - DAG(s) 'example_subdag_operator.section-1', 'example_subdag_operator.section-2', 'example_subdag_operator' retrieved from /home/airflow/.local/lib/python3.12/site-packages/airflow/example_dags/example_subdag_operator.py
[2024-06-08T18:52:18.145+0000] {logging_mixin.py:188} INFO - [2024-06-08T18:52:18.144+0000] {dag.py:3096} INFO - Sync 3 DAGs
[2024-06-08T18:52:18.175+0000] {logging_mixin.py:188} INFO - [2024-06-08T18:52:18.174+0000] {dag.py:3954} INFO - Setting next_dagrun for example_subdag_operator to 2022-01-01 00:00:00+00:00, run_after=2022-01-01 00:00:00+00:00
[2024-06-08T18:52:18.180+0000] {logging_mixin.py:188} INFO - [2024-06-08T18:52:18.180+0000] {dag.py:3954} INFO - Setting next_dagrun for example_subdag_operator.section-1 to None, run_after=None
[2024-06-08T18:52:18.182+0000] {logging_mixin.py:188} INFO - [2024-06-08T18:52:18.182+0000] {dag.py:3954} INFO - Setting next_dagrun for example_subdag_operator.section-2 to None, run_after=None
[2024-06-08T18:52:18.192+0000] {logging_mixin.py:188} INFO - [2024-06-08T18:52:18.192+0000] {dag.py:3096} INFO - Sync 2 DAGs
[2024-06-08T18:52:18.200+0000] {logging_mixin.py:188} INFO - [2024-06-08T18:52:18.199+0000] {dag.py:3954} INFO - Setting next_dagrun for example_subdag_operator.section-1 to None, run_after=None
[2024-06-08T18:52:18.200+0000] {logging_mixin.py:188} INFO - [2024-06-08T18:52:18.200+0000] {dag.py:3954} INFO - Setting next_dagrun for example_subdag_operator.section-2 to None, run_after=None
[2024-06-08T18:52:18.214+0000] {processor.py:183} INFO - Processing /home/airflow/.local/lib/python3.12/site-packages/airflow/example_dags/example_subdag_operator.py took 0.131 seconds
[2024-06-08T18:52:54.406+0000] {processor.py:161} INFO - Started process (PID=64587) to work on /home/airflow/.local/lib/python3.12/site-packages/airflow/example_dags/example_subdag_operator.py
[2024-06-08T18:52:54.408+0000] {processor.py:830} INFO - Processing file /home/airflow/.local/lib/python3.12/site-packages/airflow/example_dags/example_subdag_operator.py for tasks to queue
[2024-06-08T18:52:54.410+0000] {logging_mixin.py:188} INFO - [2024-06-08T18:52:54.410+0000] {dagbag.py:545} INFO - Filling up the DagBag from /home/airflow/.local/lib/python3.12/site-packages/airflow/example_dags/example_subdag_operator.py
[2024-06-08T18:52:54.457+0000] {processor.py:840} INFO - DAG(s) 'example_subdag_operator.section-1', 'example_subdag_operator.section-2', 'example_subdag_operator' retrieved from /home/airflow/.local/lib/python3.12/site-packages/airflow/example_dags/example_subdag_operator.py
[2024-06-08T18:52:54.488+0000] {logging_mixin.py:188} INFO - [2024-06-08T18:52:54.488+0000] {dag.py:3096} INFO - Sync 3 DAGs
[2024-06-08T18:52:54.533+0000] {logging_mixin.py:188} INFO - [2024-06-08T18:52:54.532+0000] {dag.py:3954} INFO - Setting next_dagrun for example_subdag_operator to 2022-01-01 00:00:00+00:00, run_after=2022-01-01 00:00:00+00:00
[2024-06-08T18:52:54.541+0000] {logging_mixin.py:188} INFO - [2024-06-08T18:52:54.541+0000] {dag.py:3954} INFO - Setting next_dagrun for example_subdag_operator.section-1 to None, run_after=None
[2024-06-08T18:52:54.548+0000] {logging_mixin.py:188} INFO - [2024-06-08T18:52:54.548+0000] {dag.py:3954} INFO - Setting next_dagrun for example_subdag_operator.section-2 to None, run_after=None
[2024-06-08T18:52:54.563+0000] {logging_mixin.py:188} INFO - [2024-06-08T18:52:54.562+0000] {dag.py:3096} INFO - Sync 2 DAGs
[2024-06-08T18:52:54.572+0000] {logging_mixin.py:188} INFO - [2024-06-08T18:52:54.572+0000] {dag.py:3954} INFO - Setting next_dagrun for example_subdag_operator.section-1 to None, run_after=None
[2024-06-08T18:52:54.574+0000] {logging_mixin.py:188} INFO - [2024-06-08T18:52:54.573+0000] {dag.py:3954} INFO - Setting next_dagrun for example_subdag_operator.section-2 to None, run_after=None
[2024-06-08T18:52:54.595+0000] {processor.py:183} INFO - Processing /home/airflow/.local/lib/python3.12/site-packages/airflow/example_dags/example_subdag_operator.py took 0.200 seconds
[2024-06-08T19:12:41.968+0000] {processor.py:161} INFO - Started process (PID=64647) to work on /home/airflow/.local/lib/python3.12/site-packages/airflow/example_dags/example_subdag_operator.py
[2024-06-08T19:12:41.970+0000] {processor.py:830} INFO - Processing file /home/airflow/.local/lib/python3.12/site-packages/airflow/example_dags/example_subdag_operator.py for tasks to queue
[2024-06-08T19:12:41.971+0000] {logging_mixin.py:188} INFO - [2024-06-08T19:12:41.971+0000] {dagbag.py:545} INFO - Filling up the DagBag from /home/airflow/.local/lib/python3.12/site-packages/airflow/example_dags/example_subdag_operator.py
[2024-06-08T19:12:42.006+0000] {processor.py:840} INFO - DAG(s) 'example_subdag_operator.section-1', 'example_subdag_operator.section-2', 'example_subdag_operator' retrieved from /home/airflow/.local/lib/python3.12/site-packages/airflow/example_dags/example_subdag_operator.py
[2024-06-08T19:12:42.028+0000] {logging_mixin.py:188} INFO - [2024-06-08T19:12:42.027+0000] {dag.py:3096} INFO - Sync 3 DAGs
[2024-06-08T19:12:42.055+0000] {logging_mixin.py:188} INFO - [2024-06-08T19:12:42.054+0000] {dag.py:3954} INFO - Setting next_dagrun for example_subdag_operator to 2022-01-01 00:00:00+00:00, run_after=2022-01-01 00:00:00+00:00
[2024-06-08T19:12:42.060+0000] {logging_mixin.py:188} INFO - [2024-06-08T19:12:42.060+0000] {dag.py:3954} INFO - Setting next_dagrun for example_subdag_operator.section-1 to None, run_after=None
[2024-06-08T19:12:42.062+0000] {logging_mixin.py:188} INFO - [2024-06-08T19:12:42.062+0000] {dag.py:3954} INFO - Setting next_dagrun for example_subdag_operator.section-2 to None, run_after=None
[2024-06-08T19:12:42.071+0000] {logging_mixin.py:188} INFO - [2024-06-08T19:12:42.071+0000] {dag.py:3096} INFO - Sync 2 DAGs
[2024-06-08T19:12:42.079+0000] {logging_mixin.py:188} INFO - [2024-06-08T19:12:42.079+0000] {dag.py:3954} INFO - Setting next_dagrun for example_subdag_operator.section-1 to None, run_after=None
[2024-06-08T19:12:42.080+0000] {logging_mixin.py:188} INFO - [2024-06-08T19:12:42.080+0000] {dag.py:3954} INFO - Setting next_dagrun for example_subdag_operator.section-2 to None, run_after=None
[2024-06-08T19:12:42.095+0000] {processor.py:183} INFO - Processing /home/airflow/.local/lib/python3.12/site-packages/airflow/example_dags/example_subdag_operator.py took 0.136 seconds
[2024-06-08T19:16:55.298+0000] {processor.py:161} INFO - Started process (PID=64707) to work on /home/airflow/.local/lib/python3.12/site-packages/airflow/example_dags/example_subdag_operator.py
[2024-06-08T19:16:55.300+0000] {processor.py:830} INFO - Processing file /home/airflow/.local/lib/python3.12/site-packages/airflow/example_dags/example_subdag_operator.py for tasks to queue
[2024-06-08T19:16:55.301+0000] {logging_mixin.py:188} INFO - [2024-06-08T19:16:55.301+0000] {dagbag.py:545} INFO - Filling up the DagBag from /home/airflow/.local/lib/python3.12/site-packages/airflow/example_dags/example_subdag_operator.py
[2024-06-08T19:16:55.330+0000] {processor.py:840} INFO - DAG(s) 'example_subdag_operator.section-1', 'example_subdag_operator.section-2', 'example_subdag_operator' retrieved from /home/airflow/.local/lib/python3.12/site-packages/airflow/example_dags/example_subdag_operator.py
[2024-06-08T19:16:55.351+0000] {logging_mixin.py:188} INFO - [2024-06-08T19:16:55.351+0000] {dag.py:3096} INFO - Sync 3 DAGs
[2024-06-08T19:16:55.379+0000] {logging_mixin.py:188} INFO - [2024-06-08T19:16:55.379+0000] {dag.py:3954} INFO - Setting next_dagrun for example_subdag_operator to 2022-01-01 00:00:00+00:00, run_after=2022-01-01 00:00:00+00:00
[2024-06-08T19:16:55.384+0000] {logging_mixin.py:188} INFO - [2024-06-08T19:16:55.384+0000] {dag.py:3954} INFO - Setting next_dagrun for example_subdag_operator.section-1 to None, run_after=None
[2024-06-08T19:16:55.386+0000] {logging_mixin.py:188} INFO - [2024-06-08T19:16:55.386+0000] {dag.py:3954} INFO - Setting next_dagrun for example_subdag_operator.section-2 to None, run_after=None
[2024-06-08T19:16:55.395+0000] {logging_mixin.py:188} INFO - [2024-06-08T19:16:55.395+0000] {dag.py:3096} INFO - Sync 2 DAGs
[2024-06-08T19:16:55.402+0000] {logging_mixin.py:188} INFO - [2024-06-08T19:16:55.402+0000] {dag.py:3954} INFO - Setting next_dagrun for example_subdag_operator.section-1 to None, run_after=None
[2024-06-08T19:16:55.403+0000] {logging_mixin.py:188} INFO - [2024-06-08T19:16:55.403+0000] {dag.py:3954} INFO - Setting next_dagrun for example_subdag_operator.section-2 to None, run_after=None
[2024-06-08T19:16:55.418+0000] {processor.py:183} INFO - Processing /home/airflow/.local/lib/python3.12/site-packages/airflow/example_dags/example_subdag_operator.py took 0.127 seconds
[2024-06-08T20:17:53.283+0000] {processor.py:161} INFO - Started process (PID=64767) to work on /home/airflow/.local/lib/python3.12/site-packages/airflow/example_dags/example_subdag_operator.py
[2024-06-08T20:17:53.285+0000] {processor.py:830} INFO - Processing file /home/airflow/.local/lib/python3.12/site-packages/airflow/example_dags/example_subdag_operator.py for tasks to queue
[2024-06-08T20:17:53.286+0000] {logging_mixin.py:188} INFO - [2024-06-08T20:17:53.286+0000] {dagbag.py:545} INFO - Filling up the DagBag from /home/airflow/.local/lib/python3.12/site-packages/airflow/example_dags/example_subdag_operator.py
[2024-06-08T20:17:53.321+0000] {processor.py:840} INFO - DAG(s) 'example_subdag_operator.section-1', 'example_subdag_operator.section-2', 'example_subdag_operator' retrieved from /home/airflow/.local/lib/python3.12/site-packages/airflow/example_dags/example_subdag_operator.py
[2024-06-08T20:17:53.343+0000] {logging_mixin.py:188} INFO - [2024-06-08T20:17:53.343+0000] {dag.py:3096} INFO - Sync 3 DAGs
[2024-06-08T20:17:53.372+0000] {logging_mixin.py:188} INFO - [2024-06-08T20:17:53.372+0000] {dag.py:3954} INFO - Setting next_dagrun for example_subdag_operator to 2022-01-01 00:00:00+00:00, run_after=2022-01-01 00:00:00+00:00
[2024-06-08T20:17:53.377+0000] {logging_mixin.py:188} INFO - [2024-06-08T20:17:53.377+0000] {dag.py:3954} INFO - Setting next_dagrun for example_subdag_operator.section-1 to None, run_after=None
[2024-06-08T20:17:53.379+0000] {logging_mixin.py:188} INFO - [2024-06-08T20:17:53.379+0000] {dag.py:3954} INFO - Setting next_dagrun for example_subdag_operator.section-2 to None, run_after=None
[2024-06-08T20:17:53.389+0000] {logging_mixin.py:188} INFO - [2024-06-08T20:17:53.389+0000] {dag.py:3096} INFO - Sync 2 DAGs
[2024-06-08T20:17:53.396+0000] {logging_mixin.py:188} INFO - [2024-06-08T20:17:53.395+0000] {dag.py:3954} INFO - Setting next_dagrun for example_subdag_operator.section-1 to None, run_after=None
[2024-06-08T20:17:53.396+0000] {logging_mixin.py:188} INFO - [2024-06-08T20:17:53.396+0000] {dag.py:3954} INFO - Setting next_dagrun for example_subdag_operator.section-2 to None, run_after=None
[2024-06-08T20:17:53.412+0000] {processor.py:183} INFO - Processing /home/airflow/.local/lib/python3.12/site-packages/airflow/example_dags/example_subdag_operator.py took 0.137 seconds
[2024-06-08T20:18:36.689+0000] {processor.py:161} INFO - Started process (PID=64827) to work on /home/airflow/.local/lib/python3.12/site-packages/airflow/example_dags/example_subdag_operator.py
[2024-06-08T20:18:36.691+0000] {processor.py:830} INFO - Processing file /home/airflow/.local/lib/python3.12/site-packages/airflow/example_dags/example_subdag_operator.py for tasks to queue
[2024-06-08T20:18:36.693+0000] {logging_mixin.py:188} INFO - [2024-06-08T20:18:36.693+0000] {dagbag.py:545} INFO - Filling up the DagBag from /home/airflow/.local/lib/python3.12/site-packages/airflow/example_dags/example_subdag_operator.py
[2024-06-08T20:18:36.739+0000] {processor.py:840} INFO - DAG(s) 'example_subdag_operator.section-1', 'example_subdag_operator.section-2', 'example_subdag_operator' retrieved from /home/airflow/.local/lib/python3.12/site-packages/airflow/example_dags/example_subdag_operator.py
[2024-06-08T20:18:36.775+0000] {logging_mixin.py:188} INFO - [2024-06-08T20:18:36.774+0000] {dag.py:3096} INFO - Sync 3 DAGs
[2024-06-08T20:18:36.823+0000] {logging_mixin.py:188} INFO - [2024-06-08T20:18:36.823+0000] {dag.py:3954} INFO - Setting next_dagrun for example_subdag_operator to 2022-01-01 00:00:00+00:00, run_after=2022-01-01 00:00:00+00:00
[2024-06-08T20:18:36.830+0000] {logging_mixin.py:188} INFO - [2024-06-08T20:18:36.830+0000] {dag.py:3954} INFO - Setting next_dagrun for example_subdag_operator.section-1 to None, run_after=None
[2024-06-08T20:18:36.833+0000] {logging_mixin.py:188} INFO - [2024-06-08T20:18:36.832+0000] {dag.py:3954} INFO - Setting next_dagrun for example_subdag_operator.section-2 to None, run_after=None
[2024-06-08T20:18:36.847+0000] {logging_mixin.py:188} INFO - [2024-06-08T20:18:36.847+0000] {dag.py:3096} INFO - Sync 2 DAGs
[2024-06-08T20:18:36.857+0000] {logging_mixin.py:188} INFO - [2024-06-08T20:18:36.857+0000] {dag.py:3954} INFO - Setting next_dagrun for example_subdag_operator.section-1 to None, run_after=None
[2024-06-08T20:18:36.858+0000] {logging_mixin.py:188} INFO - [2024-06-08T20:18:36.858+0000] {dag.py:3954} INFO - Setting next_dagrun for example_subdag_operator.section-2 to None, run_after=None
[2024-06-08T20:18:36.880+0000] {processor.py:183} INFO - Processing /home/airflow/.local/lib/python3.12/site-packages/airflow/example_dags/example_subdag_operator.py took 0.203 seconds
