[2024-06-08T02:25:57.891+0000] {processor.py:161} INFO - Started process (PID=63170) to work on /home/airflow/.local/lib/python3.12/site-packages/airflow/example_dags/example_short_circuit_operator.py
[2024-06-08T02:25:57.893+0000] {processor.py:830} INFO - Processing file /home/airflow/.local/lib/python3.12/site-packages/airflow/example_dags/example_short_circuit_operator.py for tasks to queue
[2024-06-08T02:25:57.894+0000] {logging_mixin.py:188} INFO - [2024-06-08T02:25:57.894+0000] {dagbag.py:545} INFO - Filling up the DagBag from /home/airflow/.local/lib/python3.12/site-packages/airflow/example_dags/example_short_circuit_operator.py
[2024-06-08T02:25:57.906+0000] {processor.py:840} INFO - DAG(s) 'example_short_circuit_operator' retrieved from /home/airflow/.local/lib/python3.12/site-packages/airflow/example_dags/example_short_circuit_operator.py
[2024-06-08T02:25:57.935+0000] {logging_mixin.py:188} INFO - [2024-06-08T02:25:57.935+0000] {dag.py:3096} INFO - Sync 1 DAGs
[2024-06-08T02:25:57.967+0000] {logging_mixin.py:188} INFO - [2024-06-08T02:25:57.967+0000] {dag.py:3954} INFO - Setting next_dagrun for example_short_circuit_operator to 2024-06-07 00:00:00+00:00, run_after=2024-06-08 00:00:00+00:00
[2024-06-08T02:25:58.007+0000] {processor.py:183} INFO - Processing /home/airflow/.local/lib/python3.12/site-packages/airflow/example_dags/example_short_circuit_operator.py took 0.123 seconds
[2024-06-08T02:26:31.060+0000] {processor.py:161} INFO - Started process (PID=63235) to work on /home/airflow/.local/lib/python3.12/site-packages/airflow/example_dags/example_short_circuit_operator.py
[2024-06-08T02:26:31.064+0000] {processor.py:830} INFO - Processing file /home/airflow/.local/lib/python3.12/site-packages/airflow/example_dags/example_short_circuit_operator.py for tasks to queue
[2024-06-08T02:26:31.069+0000] {logging_mixin.py:188} INFO - [2024-06-08T02:26:31.068+0000] {dagbag.py:545} INFO - Filling up the DagBag from /home/airflow/.local/lib/python3.12/site-packages/airflow/example_dags/example_short_circuit_operator.py
[2024-06-08T02:26:31.087+0000] {processor.py:840} INFO - DAG(s) 'example_short_circuit_operator' retrieved from /home/airflow/.local/lib/python3.12/site-packages/airflow/example_dags/example_short_circuit_operator.py
[2024-06-08T02:26:31.135+0000] {logging_mixin.py:188} INFO - [2024-06-08T02:26:31.134+0000] {dag.py:3096} INFO - Sync 1 DAGs
[2024-06-08T02:26:31.172+0000] {logging_mixin.py:188} INFO - [2024-06-08T02:26:31.172+0000] {dag.py:3954} INFO - Setting next_dagrun for example_short_circuit_operator to 2024-06-07 00:00:00+00:00, run_after=2024-06-08 00:00:00+00:00
[2024-06-08T02:26:31.201+0000] {processor.py:183} INFO - Processing /home/airflow/.local/lib/python3.12/site-packages/airflow/example_dags/example_short_circuit_operator.py took 0.156 seconds
[2024-06-08T07:02:54.571+0000] {processor.py:161} INFO - Started process (PID=63289) to work on /home/airflow/.local/lib/python3.12/site-packages/airflow/example_dags/example_short_circuit_operator.py
[2024-06-08T07:02:54.572+0000] {processor.py:830} INFO - Processing file /home/airflow/.local/lib/python3.12/site-packages/airflow/example_dags/example_short_circuit_operator.py for tasks to queue
[2024-06-08T07:02:54.574+0000] {logging_mixin.py:188} INFO - [2024-06-08T07:02:54.573+0000] {dagbag.py:545} INFO - Filling up the DagBag from /home/airflow/.local/lib/python3.12/site-packages/airflow/example_dags/example_short_circuit_operator.py
[2024-06-08T07:02:54.584+0000] {processor.py:840} INFO - DAG(s) 'example_short_circuit_operator' retrieved from /home/airflow/.local/lib/python3.12/site-packages/airflow/example_dags/example_short_circuit_operator.py
[2024-06-08T07:02:54.613+0000] {logging_mixin.py:188} INFO - [2024-06-08T07:02:54.613+0000] {dag.py:3096} INFO - Sync 1 DAGs
[2024-06-08T07:02:54.648+0000] {logging_mixin.py:188} INFO - [2024-06-08T07:02:54.648+0000] {dag.py:3954} INFO - Setting next_dagrun for example_short_circuit_operator to 2024-06-07 00:00:00+00:00, run_after=2024-06-08 00:00:00+00:00
[2024-06-08T07:02:54.674+0000] {processor.py:183} INFO - Processing /home/airflow/.local/lib/python3.12/site-packages/airflow/example_dags/example_short_circuit_operator.py took 0.111 seconds
[2024-06-08T07:15:52.469+0000] {processor.py:161} INFO - Started process (PID=63349) to work on /home/airflow/.local/lib/python3.12/site-packages/airflow/example_dags/example_short_circuit_operator.py
[2024-06-08T07:15:52.471+0000] {processor.py:830} INFO - Processing file /home/airflow/.local/lib/python3.12/site-packages/airflow/example_dags/example_short_circuit_operator.py for tasks to queue
[2024-06-08T07:15:52.472+0000] {logging_mixin.py:188} INFO - [2024-06-08T07:15:52.472+0000] {dagbag.py:545} INFO - Filling up the DagBag from /home/airflow/.local/lib/python3.12/site-packages/airflow/example_dags/example_short_circuit_operator.py
[2024-06-08T07:15:52.484+0000] {processor.py:840} INFO - DAG(s) 'example_short_circuit_operator' retrieved from /home/airflow/.local/lib/python3.12/site-packages/airflow/example_dags/example_short_circuit_operator.py
[2024-06-08T07:15:52.521+0000] {logging_mixin.py:188} INFO - [2024-06-08T07:15:52.520+0000] {dag.py:3096} INFO - Sync 1 DAGs
[2024-06-08T07:15:52.560+0000] {logging_mixin.py:188} INFO - [2024-06-08T07:15:52.559+0000] {dag.py:3954} INFO - Setting next_dagrun for example_short_circuit_operator to 2024-06-07 00:00:00+00:00, run_after=2024-06-08 00:00:00+00:00
[2024-06-08T07:15:52.596+0000] {processor.py:183} INFO - Processing /home/airflow/.local/lib/python3.12/site-packages/airflow/example_dags/example_short_circuit_operator.py took 0.136 seconds
[2024-06-08T08:04:08.829+0000] {processor.py:161} INFO - Started process (PID=63409) to work on /home/airflow/.local/lib/python3.12/site-packages/airflow/example_dags/example_short_circuit_operator.py
[2024-06-08T08:04:08.832+0000] {processor.py:830} INFO - Processing file /home/airflow/.local/lib/python3.12/site-packages/airflow/example_dags/example_short_circuit_operator.py for tasks to queue
[2024-06-08T08:04:08.833+0000] {logging_mixin.py:188} INFO - [2024-06-08T08:04:08.833+0000] {dagbag.py:545} INFO - Filling up the DagBag from /home/airflow/.local/lib/python3.12/site-packages/airflow/example_dags/example_short_circuit_operator.py
[2024-06-08T08:04:08.850+0000] {processor.py:840} INFO - DAG(s) 'example_short_circuit_operator' retrieved from /home/airflow/.local/lib/python3.12/site-packages/airflow/example_dags/example_short_circuit_operator.py
[2024-06-08T08:04:08.891+0000] {logging_mixin.py:188} INFO - [2024-06-08T08:04:08.890+0000] {dag.py:3096} INFO - Sync 1 DAGs
[2024-06-08T08:04:08.924+0000] {logging_mixin.py:188} INFO - [2024-06-08T08:04:08.923+0000] {dag.py:3954} INFO - Setting next_dagrun for example_short_circuit_operator to 2024-06-07 00:00:00+00:00, run_after=2024-06-08 00:00:00+00:00
[2024-06-08T08:04:08.950+0000] {processor.py:183} INFO - Processing /home/airflow/.local/lib/python3.12/site-packages/airflow/example_dags/example_short_circuit_operator.py took 0.132 seconds
[2024-06-08T09:05:06.943+0000] {processor.py:161} INFO - Started process (PID=63469) to work on /home/airflow/.local/lib/python3.12/site-packages/airflow/example_dags/example_short_circuit_operator.py
[2024-06-08T09:05:06.945+0000] {processor.py:830} INFO - Processing file /home/airflow/.local/lib/python3.12/site-packages/airflow/example_dags/example_short_circuit_operator.py for tasks to queue
[2024-06-08T09:05:06.947+0000] {logging_mixin.py:188} INFO - [2024-06-08T09:05:06.946+0000] {dagbag.py:545} INFO - Filling up the DagBag from /home/airflow/.local/lib/python3.12/site-packages/airflow/example_dags/example_short_circuit_operator.py
[2024-06-08T09:05:06.962+0000] {processor.py:840} INFO - DAG(s) 'example_short_circuit_operator' retrieved from /home/airflow/.local/lib/python3.12/site-packages/airflow/example_dags/example_short_circuit_operator.py
[2024-06-08T09:05:07.005+0000] {logging_mixin.py:188} INFO - [2024-06-08T09:05:07.005+0000] {dag.py:3096} INFO - Sync 1 DAGs
[2024-06-08T09:05:07.048+0000] {logging_mixin.py:188} INFO - [2024-06-08T09:05:07.048+0000] {dag.py:3954} INFO - Setting next_dagrun for example_short_circuit_operator to 2024-06-07 00:00:00+00:00, run_after=2024-06-08 00:00:00+00:00
[2024-06-08T09:05:07.081+0000] {processor.py:183} INFO - Processing /home/airflow/.local/lib/python3.12/site-packages/airflow/example_dags/example_short_circuit_operator.py took 0.149 seconds
[2024-06-08T09:05:37.195+0000] {processor.py:161} INFO - Started process (PID=63529) to work on /home/airflow/.local/lib/python3.12/site-packages/airflow/example_dags/example_short_circuit_operator.py
[2024-06-08T09:05:37.197+0000] {processor.py:830} INFO - Processing file /home/airflow/.local/lib/python3.12/site-packages/airflow/example_dags/example_short_circuit_operator.py for tasks to queue
[2024-06-08T09:05:37.199+0000] {logging_mixin.py:188} INFO - [2024-06-08T09:05:37.198+0000] {dagbag.py:545} INFO - Filling up the DagBag from /home/airflow/.local/lib/python3.12/site-packages/airflow/example_dags/example_short_circuit_operator.py
[2024-06-08T09:05:37.211+0000] {processor.py:840} INFO - DAG(s) 'example_short_circuit_operator' retrieved from /home/airflow/.local/lib/python3.12/site-packages/airflow/example_dags/example_short_circuit_operator.py
[2024-06-08T09:05:37.249+0000] {logging_mixin.py:188} INFO - [2024-06-08T09:05:37.249+0000] {dag.py:3096} INFO - Sync 1 DAGs
[2024-06-08T09:05:37.281+0000] {logging_mixin.py:188} INFO - [2024-06-08T09:05:37.281+0000] {dag.py:3954} INFO - Setting next_dagrun for example_short_circuit_operator to 2024-06-07 00:00:00+00:00, run_after=2024-06-08 00:00:00+00:00
[2024-06-08T09:05:37.304+0000] {processor.py:183} INFO - Processing /home/airflow/.local/lib/python3.12/site-packages/airflow/example_dags/example_short_circuit_operator.py took 0.117 seconds
[2024-06-08T10:06:30.168+0000] {processor.py:161} INFO - Started process (PID=63589) to work on /home/airflow/.local/lib/python3.12/site-packages/airflow/example_dags/example_short_circuit_operator.py
[2024-06-08T10:06:30.171+0000] {processor.py:830} INFO - Processing file /home/airflow/.local/lib/python3.12/site-packages/airflow/example_dags/example_short_circuit_operator.py for tasks to queue
[2024-06-08T10:06:30.173+0000] {logging_mixin.py:188} INFO - [2024-06-08T10:06:30.172+0000] {dagbag.py:545} INFO - Filling up the DagBag from /home/airflow/.local/lib/python3.12/site-packages/airflow/example_dags/example_short_circuit_operator.py
[2024-06-08T10:06:30.231+0000] {processor.py:840} INFO - DAG(s) 'example_short_circuit_operator' retrieved from /home/airflow/.local/lib/python3.12/site-packages/airflow/example_dags/example_short_circuit_operator.py
[2024-06-08T10:06:30.331+0000] {logging_mixin.py:188} INFO - [2024-06-08T10:06:30.331+0000] {dag.py:3096} INFO - Sync 1 DAGs
[2024-06-08T10:06:30.380+0000] {logging_mixin.py:188} INFO - [2024-06-08T10:06:30.379+0000] {dag.py:3954} INFO - Setting next_dagrun for example_short_circuit_operator to 2024-06-07 00:00:00+00:00, run_after=2024-06-08 00:00:00+00:00
[2024-06-08T10:06:30.416+0000] {processor.py:183} INFO - Processing /home/airflow/.local/lib/python3.12/site-packages/airflow/example_dags/example_short_circuit_operator.py took 0.260 seconds
[2024-06-08T10:39:01.134+0000] {processor.py:161} INFO - Started process (PID=63649) to work on /home/airflow/.local/lib/python3.12/site-packages/airflow/example_dags/example_short_circuit_operator.py
[2024-06-08T10:39:01.136+0000] {processor.py:830} INFO - Processing file /home/airflow/.local/lib/python3.12/site-packages/airflow/example_dags/example_short_circuit_operator.py for tasks to queue
[2024-06-08T10:39:01.138+0000] {logging_mixin.py:188} INFO - [2024-06-08T10:39:01.138+0000] {dagbag.py:545} INFO - Filling up the DagBag from /home/airflow/.local/lib/python3.12/site-packages/airflow/example_dags/example_short_circuit_operator.py
[2024-06-08T10:39:01.158+0000] {processor.py:840} INFO - DAG(s) 'example_short_circuit_operator' retrieved from /home/airflow/.local/lib/python3.12/site-packages/airflow/example_dags/example_short_circuit_operator.py
[2024-06-08T10:39:01.206+0000] {logging_mixin.py:188} INFO - [2024-06-08T10:39:01.205+0000] {dag.py:3096} INFO - Sync 1 DAGs
[2024-06-08T10:39:01.263+0000] {logging_mixin.py:188} INFO - [2024-06-08T10:39:01.263+0000] {dag.py:3954} INFO - Setting next_dagrun for example_short_circuit_operator to 2024-06-07 00:00:00+00:00, run_after=2024-06-08 00:00:00+00:00
[2024-06-08T10:39:01.316+0000] {processor.py:183} INFO - Processing /home/airflow/.local/lib/python3.12/site-packages/airflow/example_dags/example_short_circuit_operator.py took 0.194 seconds
[2024-06-08T10:39:31.563+0000] {processor.py:161} INFO - Started process (PID=63709) to work on /home/airflow/.local/lib/python3.12/site-packages/airflow/example_dags/example_short_circuit_operator.py
[2024-06-08T10:39:31.565+0000] {processor.py:830} INFO - Processing file /home/airflow/.local/lib/python3.12/site-packages/airflow/example_dags/example_short_circuit_operator.py for tasks to queue
[2024-06-08T10:39:31.570+0000] {logging_mixin.py:188} INFO - [2024-06-08T10:39:31.569+0000] {dagbag.py:545} INFO - Filling up the DagBag from /home/airflow/.local/lib/python3.12/site-packages/airflow/example_dags/example_short_circuit_operator.py
[2024-06-08T10:39:31.582+0000] {processor.py:840} INFO - DAG(s) 'example_short_circuit_operator' retrieved from /home/airflow/.local/lib/python3.12/site-packages/airflow/example_dags/example_short_circuit_operator.py
[2024-06-08T10:39:31.614+0000] {logging_mixin.py:188} INFO - [2024-06-08T10:39:31.613+0000] {dag.py:3096} INFO - Sync 1 DAGs
[2024-06-08T10:39:31.643+0000] {logging_mixin.py:188} INFO - [2024-06-08T10:39:31.643+0000] {dag.py:3954} INFO - Setting next_dagrun for example_short_circuit_operator to 2024-06-07 00:00:00+00:00, run_after=2024-06-08 00:00:00+00:00
[2024-06-08T10:39:31.667+0000] {processor.py:183} INFO - Processing /home/airflow/.local/lib/python3.12/site-packages/airflow/example_dags/example_short_circuit_operator.py took 0.112 seconds
[2024-06-08T11:07:36.104+0000] {processor.py:161} INFO - Started process (PID=63769) to work on /home/airflow/.local/lib/python3.12/site-packages/airflow/example_dags/example_short_circuit_operator.py
[2024-06-08T11:07:36.106+0000] {processor.py:830} INFO - Processing file /home/airflow/.local/lib/python3.12/site-packages/airflow/example_dags/example_short_circuit_operator.py for tasks to queue
[2024-06-08T11:07:36.107+0000] {logging_mixin.py:188} INFO - [2024-06-08T11:07:36.106+0000] {dagbag.py:545} INFO - Filling up the DagBag from /home/airflow/.local/lib/python3.12/site-packages/airflow/example_dags/example_short_circuit_operator.py
[2024-06-08T11:07:36.118+0000] {processor.py:840} INFO - DAG(s) 'example_short_circuit_operator' retrieved from /home/airflow/.local/lib/python3.12/site-packages/airflow/example_dags/example_short_circuit_operator.py
[2024-06-08T11:07:36.148+0000] {logging_mixin.py:188} INFO - [2024-06-08T11:07:36.147+0000] {dag.py:3096} INFO - Sync 1 DAGs
[2024-06-08T11:07:36.176+0000] {logging_mixin.py:188} INFO - [2024-06-08T11:07:36.176+0000] {dag.py:3954} INFO - Setting next_dagrun for example_short_circuit_operator to 2024-06-07 00:00:00+00:00, run_after=2024-06-08 00:00:00+00:00
[2024-06-08T11:07:36.200+0000] {processor.py:183} INFO - Processing /home/airflow/.local/lib/python3.12/site-packages/airflow/example_dags/example_short_circuit_operator.py took 0.103 seconds
[2024-06-08T12:08:36.102+0000] {processor.py:161} INFO - Started process (PID=63830) to work on /home/airflow/.local/lib/python3.12/site-packages/airflow/example_dags/example_short_circuit_operator.py
[2024-06-08T12:08:36.104+0000] {processor.py:830} INFO - Processing file /home/airflow/.local/lib/python3.12/site-packages/airflow/example_dags/example_short_circuit_operator.py for tasks to queue
[2024-06-08T12:08:36.106+0000] {logging_mixin.py:188} INFO - [2024-06-08T12:08:36.106+0000] {dagbag.py:545} INFO - Filling up the DagBag from /home/airflow/.local/lib/python3.12/site-packages/airflow/example_dags/example_short_circuit_operator.py
[2024-06-08T12:08:36.124+0000] {processor.py:840} INFO - DAG(s) 'example_short_circuit_operator' retrieved from /home/airflow/.local/lib/python3.12/site-packages/airflow/example_dags/example_short_circuit_operator.py
[2024-06-08T12:08:36.171+0000] {logging_mixin.py:188} INFO - [2024-06-08T12:08:36.171+0000] {dag.py:3096} INFO - Sync 1 DAGs
[2024-06-08T12:08:36.217+0000] {logging_mixin.py:188} INFO - [2024-06-08T12:08:36.217+0000] {dag.py:3954} INFO - Setting next_dagrun for example_short_circuit_operator to 2024-06-07 00:00:00+00:00, run_after=2024-06-08 00:00:00+00:00
[2024-06-08T12:08:36.254+0000] {processor.py:183} INFO - Processing /home/airflow/.local/lib/python3.12/site-packages/airflow/example_dags/example_short_circuit_operator.py took 0.164 seconds
[2024-06-08T12:09:06.421+0000] {processor.py:161} INFO - Started process (PID=63890) to work on /home/airflow/.local/lib/python3.12/site-packages/airflow/example_dags/example_short_circuit_operator.py
[2024-06-08T12:09:06.422+0000] {processor.py:830} INFO - Processing file /home/airflow/.local/lib/python3.12/site-packages/airflow/example_dags/example_short_circuit_operator.py for tasks to queue
[2024-06-08T12:09:06.423+0000] {logging_mixin.py:188} INFO - [2024-06-08T12:09:06.423+0000] {dagbag.py:545} INFO - Filling up the DagBag from /home/airflow/.local/lib/python3.12/site-packages/airflow/example_dags/example_short_circuit_operator.py
[2024-06-08T12:09:06.434+0000] {processor.py:840} INFO - DAG(s) 'example_short_circuit_operator' retrieved from /home/airflow/.local/lib/python3.12/site-packages/airflow/example_dags/example_short_circuit_operator.py
[2024-06-08T12:09:06.463+0000] {logging_mixin.py:188} INFO - [2024-06-08T12:09:06.463+0000] {dag.py:3096} INFO - Sync 1 DAGs
[2024-06-08T12:09:06.492+0000] {logging_mixin.py:188} INFO - [2024-06-08T12:09:06.492+0000] {dag.py:3954} INFO - Setting next_dagrun for example_short_circuit_operator to 2024-06-07 00:00:00+00:00, run_after=2024-06-08 00:00:00+00:00
[2024-06-08T12:09:06.516+0000] {processor.py:183} INFO - Processing /home/airflow/.local/lib/python3.12/site-packages/airflow/example_dags/example_short_circuit_operator.py took 0.103 seconds
[2024-06-08T13:09:58.180+0000] {processor.py:161} INFO - Started process (PID=63950) to work on /home/airflow/.local/lib/python3.12/site-packages/airflow/example_dags/example_short_circuit_operator.py
[2024-06-08T13:09:58.182+0000] {processor.py:830} INFO - Processing file /home/airflow/.local/lib/python3.12/site-packages/airflow/example_dags/example_short_circuit_operator.py for tasks to queue
[2024-06-08T13:09:58.183+0000] {logging_mixin.py:188} INFO - [2024-06-08T13:09:58.183+0000] {dagbag.py:545} INFO - Filling up the DagBag from /home/airflow/.local/lib/python3.12/site-packages/airflow/example_dags/example_short_circuit_operator.py
[2024-06-08T13:09:58.194+0000] {processor.py:840} INFO - DAG(s) 'example_short_circuit_operator' retrieved from /home/airflow/.local/lib/python3.12/site-packages/airflow/example_dags/example_short_circuit_operator.py
[2024-06-08T13:09:58.228+0000] {logging_mixin.py:188} INFO - [2024-06-08T13:09:58.227+0000] {dag.py:3096} INFO - Sync 1 DAGs
[2024-06-08T13:09:58.263+0000] {logging_mixin.py:188} INFO - [2024-06-08T13:09:58.263+0000] {dag.py:3954} INFO - Setting next_dagrun for example_short_circuit_operator to 2024-06-07 00:00:00+00:00, run_after=2024-06-08 00:00:00+00:00
[2024-06-08T13:09:58.288+0000] {processor.py:183} INFO - Processing /home/airflow/.local/lib/python3.12/site-packages/airflow/example_dags/example_short_circuit_operator.py took 0.116 seconds
[2024-06-08T14:10:53.522+0000] {processor.py:161} INFO - Started process (PID=64010) to work on /home/airflow/.local/lib/python3.12/site-packages/airflow/example_dags/example_short_circuit_operator.py
[2024-06-08T14:10:53.555+0000] {processor.py:830} INFO - Processing file /home/airflow/.local/lib/python3.12/site-packages/airflow/example_dags/example_short_circuit_operator.py for tasks to queue
[2024-06-08T14:10:53.557+0000] {logging_mixin.py:188} INFO - [2024-06-08T14:10:53.557+0000] {dagbag.py:545} INFO - Filling up the DagBag from /home/airflow/.local/lib/python3.12/site-packages/airflow/example_dags/example_short_circuit_operator.py
[2024-06-08T14:10:53.574+0000] {processor.py:840} INFO - DAG(s) 'example_short_circuit_operator' retrieved from /home/airflow/.local/lib/python3.12/site-packages/airflow/example_dags/example_short_circuit_operator.py
[2024-06-08T14:10:53.625+0000] {logging_mixin.py:188} INFO - [2024-06-08T14:10:53.625+0000] {dag.py:3096} INFO - Sync 1 DAGs
[2024-06-08T14:10:53.671+0000] {logging_mixin.py:188} INFO - [2024-06-08T14:10:53.671+0000] {dag.py:3954} INFO - Setting next_dagrun for example_short_circuit_operator to 2024-06-07 00:00:00+00:00, run_after=2024-06-08 00:00:00+00:00
[2024-06-08T14:10:53.709+0000] {processor.py:183} INFO - Processing /home/airflow/.local/lib/python3.12/site-packages/airflow/example_dags/example_short_circuit_operator.py took 0.199 seconds
[2024-06-08T14:11:23.805+0000] {processor.py:161} INFO - Started process (PID=64070) to work on /home/airflow/.local/lib/python3.12/site-packages/airflow/example_dags/example_short_circuit_operator.py
[2024-06-08T14:11:23.807+0000] {processor.py:830} INFO - Processing file /home/airflow/.local/lib/python3.12/site-packages/airflow/example_dags/example_short_circuit_operator.py for tasks to queue
[2024-06-08T14:11:23.808+0000] {logging_mixin.py:188} INFO - [2024-06-08T14:11:23.808+0000] {dagbag.py:545} INFO - Filling up the DagBag from /home/airflow/.local/lib/python3.12/site-packages/airflow/example_dags/example_short_circuit_operator.py
[2024-06-08T14:11:23.819+0000] {processor.py:840} INFO - DAG(s) 'example_short_circuit_operator' retrieved from /home/airflow/.local/lib/python3.12/site-packages/airflow/example_dags/example_short_circuit_operator.py
[2024-06-08T14:11:23.847+0000] {logging_mixin.py:188} INFO - [2024-06-08T14:11:23.847+0000] {dag.py:3096} INFO - Sync 1 DAGs
[2024-06-08T14:11:23.875+0000] {logging_mixin.py:188} INFO - [2024-06-08T14:11:23.875+0000] {dag.py:3954} INFO - Setting next_dagrun for example_short_circuit_operator to 2024-06-07 00:00:00+00:00, run_after=2024-06-08 00:00:00+00:00
[2024-06-08T14:11:23.899+0000] {processor.py:183} INFO - Processing /home/airflow/.local/lib/python3.12/site-packages/airflow/example_dags/example_short_circuit_operator.py took 0.101 seconds
[2024-06-08T15:12:10.117+0000] {processor.py:161} INFO - Started process (PID=64130) to work on /home/airflow/.local/lib/python3.12/site-packages/airflow/example_dags/example_short_circuit_operator.py
[2024-06-08T15:12:10.118+0000] {processor.py:830} INFO - Processing file /home/airflow/.local/lib/python3.12/site-packages/airflow/example_dags/example_short_circuit_operator.py for tasks to queue
[2024-06-08T15:12:10.120+0000] {logging_mixin.py:188} INFO - [2024-06-08T15:12:10.119+0000] {dagbag.py:545} INFO - Filling up the DagBag from /home/airflow/.local/lib/python3.12/site-packages/airflow/example_dags/example_short_circuit_operator.py
[2024-06-08T15:12:10.131+0000] {processor.py:840} INFO - DAG(s) 'example_short_circuit_operator' retrieved from /home/airflow/.local/lib/python3.12/site-packages/airflow/example_dags/example_short_circuit_operator.py
[2024-06-08T15:12:10.160+0000] {logging_mixin.py:188} INFO - [2024-06-08T15:12:10.160+0000] {dag.py:3096} INFO - Sync 1 DAGs
[2024-06-08T15:12:10.188+0000] {logging_mixin.py:188} INFO - [2024-06-08T15:12:10.188+0000] {dag.py:3954} INFO - Setting next_dagrun for example_short_circuit_operator to 2024-06-07 00:00:00+00:00, run_after=2024-06-08 00:00:00+00:00
[2024-06-08T15:12:10.212+0000] {processor.py:183} INFO - Processing /home/airflow/.local/lib/python3.12/site-packages/airflow/example_dags/example_short_circuit_operator.py took 0.102 seconds
[2024-06-08T16:13:10.631+0000] {processor.py:161} INFO - Started process (PID=64190) to work on /home/airflow/.local/lib/python3.12/site-packages/airflow/example_dags/example_short_circuit_operator.py
[2024-06-08T16:13:10.633+0000] {processor.py:830} INFO - Processing file /home/airflow/.local/lib/python3.12/site-packages/airflow/example_dags/example_short_circuit_operator.py for tasks to queue
[2024-06-08T16:13:10.635+0000] {logging_mixin.py:188} INFO - [2024-06-08T16:13:10.634+0000] {dagbag.py:545} INFO - Filling up the DagBag from /home/airflow/.local/lib/python3.12/site-packages/airflow/example_dags/example_short_circuit_operator.py
[2024-06-08T16:13:10.658+0000] {processor.py:840} INFO - DAG(s) 'example_short_circuit_operator' retrieved from /home/airflow/.local/lib/python3.12/site-packages/airflow/example_dags/example_short_circuit_operator.py
[2024-06-08T16:13:10.717+0000] {logging_mixin.py:188} INFO - [2024-06-08T16:13:10.716+0000] {dag.py:3096} INFO - Sync 1 DAGs
[2024-06-08T16:13:10.773+0000] {logging_mixin.py:188} INFO - [2024-06-08T16:13:10.772+0000] {dag.py:3954} INFO - Setting next_dagrun for example_short_circuit_operator to 2024-06-07 00:00:00+00:00, run_after=2024-06-08 00:00:00+00:00
[2024-06-08T16:13:10.840+0000] {processor.py:183} INFO - Processing /home/airflow/.local/lib/python3.12/site-packages/airflow/example_dags/example_short_circuit_operator.py took 0.220 seconds
[2024-06-08T16:13:40.954+0000] {processor.py:161} INFO - Started process (PID=64250) to work on /home/airflow/.local/lib/python3.12/site-packages/airflow/example_dags/example_short_circuit_operator.py
[2024-06-08T16:13:40.956+0000] {processor.py:830} INFO - Processing file /home/airflow/.local/lib/python3.12/site-packages/airflow/example_dags/example_short_circuit_operator.py for tasks to queue
[2024-06-08T16:13:40.957+0000] {logging_mixin.py:188} INFO - [2024-06-08T16:13:40.956+0000] {dagbag.py:545} INFO - Filling up the DagBag from /home/airflow/.local/lib/python3.12/site-packages/airflow/example_dags/example_short_circuit_operator.py
[2024-06-08T16:13:40.968+0000] {processor.py:840} INFO - DAG(s) 'example_short_circuit_operator' retrieved from /home/airflow/.local/lib/python3.12/site-packages/airflow/example_dags/example_short_circuit_operator.py
[2024-06-08T16:13:40.998+0000] {logging_mixin.py:188} INFO - [2024-06-08T16:13:40.998+0000] {dag.py:3096} INFO - Sync 1 DAGs
[2024-06-08T16:13:41.025+0000] {logging_mixin.py:188} INFO - [2024-06-08T16:13:41.025+0000] {dag.py:3954} INFO - Setting next_dagrun for example_short_circuit_operator to 2024-06-07 00:00:00+00:00, run_after=2024-06-08 00:00:00+00:00
[2024-06-08T16:13:41.052+0000] {processor.py:183} INFO - Processing /home/airflow/.local/lib/python3.12/site-packages/airflow/example_dags/example_short_circuit_operator.py took 0.105 seconds
[2024-06-08T17:14:32.921+0000] {processor.py:161} INFO - Started process (PID=64310) to work on /home/airflow/.local/lib/python3.12/site-packages/airflow/example_dags/example_short_circuit_operator.py
[2024-06-08T17:14:32.922+0000] {processor.py:830} INFO - Processing file /home/airflow/.local/lib/python3.12/site-packages/airflow/example_dags/example_short_circuit_operator.py for tasks to queue
[2024-06-08T17:14:32.924+0000] {logging_mixin.py:188} INFO - [2024-06-08T17:14:32.923+0000] {dagbag.py:545} INFO - Filling up the DagBag from /home/airflow/.local/lib/python3.12/site-packages/airflow/example_dags/example_short_circuit_operator.py
[2024-06-08T17:14:32.935+0000] {processor.py:840} INFO - DAG(s) 'example_short_circuit_operator' retrieved from /home/airflow/.local/lib/python3.12/site-packages/airflow/example_dags/example_short_circuit_operator.py
[2024-06-08T17:14:32.964+0000] {logging_mixin.py:188} INFO - [2024-06-08T17:14:32.963+0000] {dag.py:3096} INFO - Sync 1 DAGs
[2024-06-08T17:14:32.992+0000] {logging_mixin.py:188} INFO - [2024-06-08T17:14:32.992+0000] {dag.py:3954} INFO - Setting next_dagrun for example_short_circuit_operator to 2024-06-07 00:00:00+00:00, run_after=2024-06-08 00:00:00+00:00
[2024-06-08T17:14:33.016+0000] {processor.py:183} INFO - Processing /home/airflow/.local/lib/python3.12/site-packages/airflow/example_dags/example_short_circuit_operator.py took 0.103 seconds
[2024-06-08T18:08:37.207+0000] {processor.py:161} INFO - Started process (PID=64370) to work on /home/airflow/.local/lib/python3.12/site-packages/airflow/example_dags/example_short_circuit_operator.py
[2024-06-08T18:08:37.217+0000] {processor.py:830} INFO - Processing file /home/airflow/.local/lib/python3.12/site-packages/airflow/example_dags/example_short_circuit_operator.py for tasks to queue
[2024-06-08T18:08:37.219+0000] {logging_mixin.py:188} INFO - [2024-06-08T18:08:37.219+0000] {dagbag.py:545} INFO - Filling up the DagBag from /home/airflow/.local/lib/python3.12/site-packages/airflow/example_dags/example_short_circuit_operator.py
[2024-06-08T18:08:37.234+0000] {processor.py:840} INFO - DAG(s) 'example_short_circuit_operator' retrieved from /home/airflow/.local/lib/python3.12/site-packages/airflow/example_dags/example_short_circuit_operator.py
[2024-06-08T18:08:37.284+0000] {logging_mixin.py:188} INFO - [2024-06-08T18:08:37.284+0000] {dag.py:3096} INFO - Sync 1 DAGs
[2024-06-08T18:08:37.333+0000] {logging_mixin.py:188} INFO - [2024-06-08T18:08:37.332+0000] {dag.py:3954} INFO - Setting next_dagrun for example_short_circuit_operator to 2024-06-07 00:00:00+00:00, run_after=2024-06-08 00:00:00+00:00
[2024-06-08T18:08:37.385+0000] {processor.py:183} INFO - Processing /home/airflow/.local/lib/python3.12/site-packages/airflow/example_dags/example_short_circuit_operator.py took 0.189 seconds
[2024-06-08T18:15:48.424+0000] {processor.py:161} INFO - Started process (PID=64430) to work on /home/airflow/.local/lib/python3.12/site-packages/airflow/example_dags/example_short_circuit_operator.py
[2024-06-08T18:15:48.425+0000] {processor.py:830} INFO - Processing file /home/airflow/.local/lib/python3.12/site-packages/airflow/example_dags/example_short_circuit_operator.py for tasks to queue
[2024-06-08T18:15:48.426+0000] {logging_mixin.py:188} INFO - [2024-06-08T18:15:48.426+0000] {dagbag.py:545} INFO - Filling up the DagBag from /home/airflow/.local/lib/python3.12/site-packages/airflow/example_dags/example_short_circuit_operator.py
[2024-06-08T18:15:48.437+0000] {processor.py:840} INFO - DAG(s) 'example_short_circuit_operator' retrieved from /home/airflow/.local/lib/python3.12/site-packages/airflow/example_dags/example_short_circuit_operator.py
[2024-06-08T18:15:48.465+0000] {logging_mixin.py:188} INFO - [2024-06-08T18:15:48.465+0000] {dag.py:3096} INFO - Sync 1 DAGs
[2024-06-08T18:15:48.494+0000] {logging_mixin.py:188} INFO - [2024-06-08T18:15:48.493+0000] {dag.py:3954} INFO - Setting next_dagrun for example_short_circuit_operator to 2024-06-07 00:00:00+00:00, run_after=2024-06-08 00:00:00+00:00
[2024-06-08T18:15:48.517+0000] {processor.py:183} INFO - Processing /home/airflow/.local/lib/python3.12/site-packages/airflow/example_dags/example_short_circuit_operator.py took 0.101 seconds
[2024-06-08T18:52:15.187+0000] {processor.py:161} INFO - Started process (PID=64490) to work on /home/airflow/.local/lib/python3.12/site-packages/airflow/example_dags/example_short_circuit_operator.py
[2024-06-08T18:52:15.190+0000] {processor.py:830} INFO - Processing file /home/airflow/.local/lib/python3.12/site-packages/airflow/example_dags/example_short_circuit_operator.py for tasks to queue
[2024-06-08T18:52:15.193+0000] {logging_mixin.py:188} INFO - [2024-06-08T18:52:15.192+0000] {dagbag.py:545} INFO - Filling up the DagBag from /home/airflow/.local/lib/python3.12/site-packages/airflow/example_dags/example_short_circuit_operator.py
[2024-06-08T18:52:15.211+0000] {processor.py:840} INFO - DAG(s) 'example_short_circuit_operator' retrieved from /home/airflow/.local/lib/python3.12/site-packages/airflow/example_dags/example_short_circuit_operator.py
[2024-06-08T18:52:15.251+0000] {logging_mixin.py:188} INFO - [2024-06-08T18:52:15.250+0000] {dag.py:3096} INFO - Sync 1 DAGs
[2024-06-08T18:52:15.291+0000] {logging_mixin.py:188} INFO - [2024-06-08T18:52:15.290+0000] {dag.py:3954} INFO - Setting next_dagrun for example_short_circuit_operator to 2024-06-07 00:00:00+00:00, run_after=2024-06-08 00:00:00+00:00
[2024-06-08T18:52:15.323+0000] {processor.py:183} INFO - Processing /home/airflow/.local/lib/python3.12/site-packages/airflow/example_dags/example_short_circuit_operator.py took 0.151 seconds
[2024-06-08T18:52:49.223+0000] {processor.py:161} INFO - Started process (PID=64550) to work on /home/airflow/.local/lib/python3.12/site-packages/airflow/example_dags/example_short_circuit_operator.py
[2024-06-08T18:52:49.226+0000] {processor.py:830} INFO - Processing file /home/airflow/.local/lib/python3.12/site-packages/airflow/example_dags/example_short_circuit_operator.py for tasks to queue
[2024-06-08T18:52:49.228+0000] {logging_mixin.py:188} INFO - [2024-06-08T18:52:49.228+0000] {dagbag.py:545} INFO - Filling up the DagBag from /home/airflow/.local/lib/python3.12/site-packages/airflow/example_dags/example_short_circuit_operator.py
[2024-06-08T18:52:49.246+0000] {processor.py:840} INFO - DAG(s) 'example_short_circuit_operator' retrieved from /home/airflow/.local/lib/python3.12/site-packages/airflow/example_dags/example_short_circuit_operator.py
[2024-06-08T18:52:49.297+0000] {logging_mixin.py:188} INFO - [2024-06-08T18:52:49.297+0000] {dag.py:3096} INFO - Sync 1 DAGs
[2024-06-08T18:52:49.347+0000] {logging_mixin.py:188} INFO - [2024-06-08T18:52:49.346+0000] {dag.py:3954} INFO - Setting next_dagrun for example_short_circuit_operator to 2024-06-07 00:00:00+00:00, run_after=2024-06-08 00:00:00+00:00
[2024-06-08T18:52:49.387+0000] {processor.py:183} INFO - Processing /home/airflow/.local/lib/python3.12/site-packages/airflow/example_dags/example_short_circuit_operator.py took 0.177 seconds
[2024-06-08T19:12:39.253+0000] {processor.py:161} INFO - Started process (PID=64610) to work on /home/airflow/.local/lib/python3.12/site-packages/airflow/example_dags/example_short_circuit_operator.py
[2024-06-08T19:12:39.254+0000] {processor.py:830} INFO - Processing file /home/airflow/.local/lib/python3.12/site-packages/airflow/example_dags/example_short_circuit_operator.py for tasks to queue
[2024-06-08T19:12:39.255+0000] {logging_mixin.py:188} INFO - [2024-06-08T19:12:39.255+0000] {dagbag.py:545} INFO - Filling up the DagBag from /home/airflow/.local/lib/python3.12/site-packages/airflow/example_dags/example_short_circuit_operator.py
[2024-06-08T19:12:39.266+0000] {processor.py:840} INFO - DAG(s) 'example_short_circuit_operator' retrieved from /home/airflow/.local/lib/python3.12/site-packages/airflow/example_dags/example_short_circuit_operator.py
[2024-06-08T19:12:39.297+0000] {logging_mixin.py:188} INFO - [2024-06-08T19:12:39.297+0000] {dag.py:3096} INFO - Sync 1 DAGs
[2024-06-08T19:12:39.325+0000] {logging_mixin.py:188} INFO - [2024-06-08T19:12:39.325+0000] {dag.py:3954} INFO - Setting next_dagrun for example_short_circuit_operator to 2024-06-07 00:00:00+00:00, run_after=2024-06-08 00:00:00+00:00
[2024-06-08T19:12:39.349+0000] {processor.py:183} INFO - Processing /home/airflow/.local/lib/python3.12/site-packages/airflow/example_dags/example_short_circuit_operator.py took 0.103 seconds
[2024-06-08T19:16:52.444+0000] {processor.py:161} INFO - Started process (PID=64670) to work on /home/airflow/.local/lib/python3.12/site-packages/airflow/example_dags/example_short_circuit_operator.py
[2024-06-08T19:16:52.446+0000] {processor.py:830} INFO - Processing file /home/airflow/.local/lib/python3.12/site-packages/airflow/example_dags/example_short_circuit_operator.py for tasks to queue
[2024-06-08T19:16:52.448+0000] {logging_mixin.py:188} INFO - [2024-06-08T19:16:52.447+0000] {dagbag.py:545} INFO - Filling up the DagBag from /home/airflow/.local/lib/python3.12/site-packages/airflow/example_dags/example_short_circuit_operator.py
[2024-06-08T19:16:52.461+0000] {processor.py:840} INFO - DAG(s) 'example_short_circuit_operator' retrieved from /home/airflow/.local/lib/python3.12/site-packages/airflow/example_dags/example_short_circuit_operator.py
[2024-06-08T19:16:52.503+0000] {logging_mixin.py:188} INFO - [2024-06-08T19:16:52.503+0000] {dag.py:3096} INFO - Sync 1 DAGs
[2024-06-08T19:16:52.535+0000] {logging_mixin.py:188} INFO - [2024-06-08T19:16:52.534+0000] {dag.py:3954} INFO - Setting next_dagrun for example_short_circuit_operator to 2024-06-07 00:00:00+00:00, run_after=2024-06-08 00:00:00+00:00
[2024-06-08T19:16:52.561+0000] {processor.py:183} INFO - Processing /home/airflow/.local/lib/python3.12/site-packages/airflow/example_dags/example_short_circuit_operator.py took 0.126 seconds
[2024-06-08T20:17:49.219+0000] {processor.py:161} INFO - Started process (PID=64730) to work on /home/airflow/.local/lib/python3.12/site-packages/airflow/example_dags/example_short_circuit_operator.py
[2024-06-08T20:17:49.222+0000] {processor.py:830} INFO - Processing file /home/airflow/.local/lib/python3.12/site-packages/airflow/example_dags/example_short_circuit_operator.py for tasks to queue
[2024-06-08T20:17:49.223+0000] {logging_mixin.py:188} INFO - [2024-06-08T20:17:49.223+0000] {dagbag.py:545} INFO - Filling up the DagBag from /home/airflow/.local/lib/python3.12/site-packages/airflow/example_dags/example_short_circuit_operator.py
[2024-06-08T20:17:49.239+0000] {processor.py:840} INFO - DAG(s) 'example_short_circuit_operator' retrieved from /home/airflow/.local/lib/python3.12/site-packages/airflow/example_dags/example_short_circuit_operator.py
[2024-06-08T20:17:49.280+0000] {logging_mixin.py:188} INFO - [2024-06-08T20:17:49.279+0000] {dag.py:3096} INFO - Sync 1 DAGs
[2024-06-08T20:17:49.327+0000] {logging_mixin.py:188} INFO - [2024-06-08T20:17:49.326+0000] {dag.py:3954} INFO - Setting next_dagrun for example_short_circuit_operator to 2024-06-07 00:00:00+00:00, run_after=2024-06-08 00:00:00+00:00
[2024-06-08T20:17:49.370+0000] {processor.py:183} INFO - Processing /home/airflow/.local/lib/python3.12/site-packages/airflow/example_dags/example_short_circuit_operator.py took 0.162 seconds
[2024-06-08T20:18:31.189+0000] {processor.py:161} INFO - Started process (PID=64790) to work on /home/airflow/.local/lib/python3.12/site-packages/airflow/example_dags/example_short_circuit_operator.py
[2024-06-08T20:18:31.191+0000] {processor.py:830} INFO - Processing file /home/airflow/.local/lib/python3.12/site-packages/airflow/example_dags/example_short_circuit_operator.py for tasks to queue
[2024-06-08T20:18:31.193+0000] {logging_mixin.py:188} INFO - [2024-06-08T20:18:31.192+0000] {dagbag.py:545} INFO - Filling up the DagBag from /home/airflow/.local/lib/python3.12/site-packages/airflow/example_dags/example_short_circuit_operator.py
[2024-06-08T20:18:31.210+0000] {processor.py:840} INFO - DAG(s) 'example_short_circuit_operator' retrieved from /home/airflow/.local/lib/python3.12/site-packages/airflow/example_dags/example_short_circuit_operator.py
[2024-06-08T20:18:31.266+0000] {logging_mixin.py:188} INFO - [2024-06-08T20:18:31.266+0000] {dag.py:3096} INFO - Sync 1 DAGs
[2024-06-08T20:18:31.337+0000] {logging_mixin.py:188} INFO - [2024-06-08T20:18:31.337+0000] {dag.py:3954} INFO - Setting next_dagrun for example_short_circuit_operator to 2024-06-07 00:00:00+00:00, run_after=2024-06-08 00:00:00+00:00
[2024-06-08T20:18:31.377+0000] {processor.py:183} INFO - Processing /home/airflow/.local/lib/python3.12/site-packages/airflow/example_dags/example_short_circuit_operator.py took 0.200 seconds
