[2024-06-08T02:25:58.206+0000] {processor.py:161} INFO - Started process (PID=63173) to work on /home/airflow/.local/lib/python3.12/site-packages/airflow/example_dags/example_latest_only.py
[2024-06-08T02:25:58.207+0000] {processor.py:830} INFO - Processing file /home/airflow/.local/lib/python3.12/site-packages/airflow/example_dags/example_latest_only.py for tasks to queue
[2024-06-08T02:25:58.209+0000] {logging_mixin.py:188} INFO - [2024-06-08T02:25:58.208+0000] {dagbag.py:545} INFO - Filling up the DagBag from /home/airflow/.local/lib/python3.12/site-packages/airflow/example_dags/example_latest_only.py
[2024-06-08T02:25:58.215+0000] {processor.py:840} INFO - DAG(s) 'latest_only' retrieved from /home/airflow/.local/lib/python3.12/site-packages/airflow/example_dags/example_latest_only.py
[2024-06-08T02:25:58.241+0000] {logging_mixin.py:188} INFO - [2024-06-08T02:25:58.241+0000] {dag.py:3096} INFO - Sync 1 DAGs
[2024-06-08T02:25:58.271+0000] {logging_mixin.py:188} INFO - [2024-06-08T02:25:58.270+0000] {dag.py:3954} INFO - Setting next_dagrun for latest_only to 2024-06-07 20:00:00+00:00, run_after=2024-06-08 00:00:00+00:00
[2024-06-08T02:25:58.297+0000] {processor.py:183} INFO - Processing /home/airflow/.local/lib/python3.12/site-packages/airflow/example_dags/example_latest_only.py took 0.099 seconds
[2024-06-08T02:26:31.416+0000] {processor.py:161} INFO - Started process (PID=63238) to work on /home/airflow/.local/lib/python3.12/site-packages/airflow/example_dags/example_latest_only.py
[2024-06-08T02:26:31.420+0000] {processor.py:830} INFO - Processing file /home/airflow/.local/lib/python3.12/site-packages/airflow/example_dags/example_latest_only.py for tasks to queue
[2024-06-08T02:26:31.422+0000] {logging_mixin.py:188} INFO - [2024-06-08T02:26:31.421+0000] {dagbag.py:545} INFO - Filling up the DagBag from /home/airflow/.local/lib/python3.12/site-packages/airflow/example_dags/example_latest_only.py
[2024-06-08T02:26:31.432+0000] {processor.py:840} INFO - DAG(s) 'latest_only' retrieved from /home/airflow/.local/lib/python3.12/site-packages/airflow/example_dags/example_latest_only.py
[2024-06-08T02:26:31.463+0000] {logging_mixin.py:188} INFO - [2024-06-08T02:26:31.463+0000] {dag.py:3096} INFO - Sync 1 DAGs
[2024-06-08T02:26:31.500+0000] {logging_mixin.py:188} INFO - [2024-06-08T02:26:31.500+0000] {dag.py:3954} INFO - Setting next_dagrun for latest_only to 2024-06-07 20:00:00+00:00, run_after=2024-06-08 00:00:00+00:00
[2024-06-08T02:26:31.530+0000] {processor.py:183} INFO - Processing /home/airflow/.local/lib/python3.12/site-packages/airflow/example_dags/example_latest_only.py took 0.124 seconds
[2024-06-08T07:02:54.762+0000] {processor.py:161} INFO - Started process (PID=63292) to work on /home/airflow/.local/lib/python3.12/site-packages/airflow/example_dags/example_latest_only.py
[2024-06-08T07:02:54.764+0000] {processor.py:830} INFO - Processing file /home/airflow/.local/lib/python3.12/site-packages/airflow/example_dags/example_latest_only.py for tasks to queue
[2024-06-08T07:02:54.766+0000] {logging_mixin.py:188} INFO - [2024-06-08T07:02:54.765+0000] {dagbag.py:545} INFO - Filling up the DagBag from /home/airflow/.local/lib/python3.12/site-packages/airflow/example_dags/example_latest_only.py
[2024-06-08T07:02:54.773+0000] {processor.py:840} INFO - DAG(s) 'latest_only' retrieved from /home/airflow/.local/lib/python3.12/site-packages/airflow/example_dags/example_latest_only.py
[2024-06-08T07:02:54.799+0000] {logging_mixin.py:188} INFO - [2024-06-08T07:02:54.798+0000] {dag.py:3096} INFO - Sync 1 DAGs
[2024-06-08T07:02:54.828+0000] {logging_mixin.py:188} INFO - [2024-06-08T07:02:54.827+0000] {dag.py:3954} INFO - Setting next_dagrun for latest_only to 2024-06-08 00:00:00+00:00, run_after=2024-06-08 04:00:00+00:00
[2024-06-08T07:02:54.851+0000] {processor.py:183} INFO - Processing /home/airflow/.local/lib/python3.12/site-packages/airflow/example_dags/example_latest_only.py took 0.098 seconds
[2024-06-08T07:15:52.731+0000] {processor.py:161} INFO - Started process (PID=63352) to work on /home/airflow/.local/lib/python3.12/site-packages/airflow/example_dags/example_latest_only.py
[2024-06-08T07:15:52.733+0000] {processor.py:830} INFO - Processing file /home/airflow/.local/lib/python3.12/site-packages/airflow/example_dags/example_latest_only.py for tasks to queue
[2024-06-08T07:15:52.735+0000] {logging_mixin.py:188} INFO - [2024-06-08T07:15:52.734+0000] {dagbag.py:545} INFO - Filling up the DagBag from /home/airflow/.local/lib/python3.12/site-packages/airflow/example_dags/example_latest_only.py
[2024-06-08T07:15:52.744+0000] {processor.py:840} INFO - DAG(s) 'latest_only' retrieved from /home/airflow/.local/lib/python3.12/site-packages/airflow/example_dags/example_latest_only.py
[2024-06-08T07:15:52.771+0000] {logging_mixin.py:188} INFO - [2024-06-08T07:15:52.771+0000] {dag.py:3096} INFO - Sync 1 DAGs
[2024-06-08T07:15:52.813+0000] {logging_mixin.py:188} INFO - [2024-06-08T07:15:52.813+0000] {dag.py:3954} INFO - Setting next_dagrun for latest_only to 2024-06-08 00:00:00+00:00, run_after=2024-06-08 04:00:00+00:00
[2024-06-08T07:15:52.849+0000] {processor.py:183} INFO - Processing /home/airflow/.local/lib/python3.12/site-packages/airflow/example_dags/example_latest_only.py took 0.126 seconds
[2024-06-08T08:04:09.113+0000] {processor.py:161} INFO - Started process (PID=63412) to work on /home/airflow/.local/lib/python3.12/site-packages/airflow/example_dags/example_latest_only.py
[2024-06-08T08:04:09.115+0000] {processor.py:830} INFO - Processing file /home/airflow/.local/lib/python3.12/site-packages/airflow/example_dags/example_latest_only.py for tasks to queue
[2024-06-08T08:04:09.116+0000] {logging_mixin.py:188} INFO - [2024-06-08T08:04:09.116+0000] {dagbag.py:545} INFO - Filling up the DagBag from /home/airflow/.local/lib/python3.12/site-packages/airflow/example_dags/example_latest_only.py
[2024-06-08T08:04:09.123+0000] {processor.py:840} INFO - DAG(s) 'latest_only' retrieved from /home/airflow/.local/lib/python3.12/site-packages/airflow/example_dags/example_latest_only.py
[2024-06-08T08:04:09.148+0000] {logging_mixin.py:188} INFO - [2024-06-08T08:04:09.148+0000] {dag.py:3096} INFO - Sync 1 DAGs
[2024-06-08T08:04:09.176+0000] {logging_mixin.py:188} INFO - [2024-06-08T08:04:09.176+0000] {dag.py:3954} INFO - Setting next_dagrun for latest_only to 2024-06-08 04:00:00+00:00, run_after=2024-06-08 08:00:00+00:00
[2024-06-08T08:04:09.201+0000] {processor.py:183} INFO - Processing /home/airflow/.local/lib/python3.12/site-packages/airflow/example_dags/example_latest_only.py took 0.096 seconds
[2024-06-08T09:05:07.212+0000] {processor.py:161} INFO - Started process (PID=63472) to work on /home/airflow/.local/lib/python3.12/site-packages/airflow/example_dags/example_latest_only.py
[2024-06-08T09:05:07.214+0000] {processor.py:830} INFO - Processing file /home/airflow/.local/lib/python3.12/site-packages/airflow/example_dags/example_latest_only.py for tasks to queue
[2024-06-08T09:05:07.217+0000] {logging_mixin.py:188} INFO - [2024-06-08T09:05:07.216+0000] {dagbag.py:545} INFO - Filling up the DagBag from /home/airflow/.local/lib/python3.12/site-packages/airflow/example_dags/example_latest_only.py
[2024-06-08T09:05:07.227+0000] {processor.py:840} INFO - DAG(s) 'latest_only' retrieved from /home/airflow/.local/lib/python3.12/site-packages/airflow/example_dags/example_latest_only.py
[2024-06-08T09:05:07.265+0000] {logging_mixin.py:188} INFO - [2024-06-08T09:05:07.265+0000] {dag.py:3096} INFO - Sync 1 DAGs
[2024-06-08T09:05:07.310+0000] {logging_mixin.py:188} INFO - [2024-06-08T09:05:07.309+0000] {dag.py:3954} INFO - Setting next_dagrun for latest_only to 2024-06-08 04:00:00+00:00, run_after=2024-06-08 08:00:00+00:00
[2024-06-08T09:05:07.344+0000] {processor.py:183} INFO - Processing /home/airflow/.local/lib/python3.12/site-packages/airflow/example_dags/example_latest_only.py took 0.144 seconds
[2024-06-08T09:05:37.381+0000] {processor.py:161} INFO - Started process (PID=63531) to work on /home/airflow/.local/lib/python3.12/site-packages/airflow/example_dags/example_latest_only.py
[2024-06-08T09:05:37.383+0000] {processor.py:830} INFO - Processing file /home/airflow/.local/lib/python3.12/site-packages/airflow/example_dags/example_latest_only.py for tasks to queue
[2024-06-08T09:05:37.384+0000] {logging_mixin.py:188} INFO - [2024-06-08T09:05:37.384+0000] {dagbag.py:545} INFO - Filling up the DagBag from /home/airflow/.local/lib/python3.12/site-packages/airflow/example_dags/example_latest_only.py
[2024-06-08T09:05:37.391+0000] {processor.py:840} INFO - DAG(s) 'latest_only' retrieved from /home/airflow/.local/lib/python3.12/site-packages/airflow/example_dags/example_latest_only.py
[2024-06-08T09:05:37.418+0000] {logging_mixin.py:188} INFO - [2024-06-08T09:05:37.417+0000] {dag.py:3096} INFO - Sync 1 DAGs
[2024-06-08T09:05:37.445+0000] {logging_mixin.py:188} INFO - [2024-06-08T09:05:37.445+0000] {dag.py:3954} INFO - Setting next_dagrun for latest_only to 2024-06-08 04:00:00+00:00, run_after=2024-06-08 08:00:00+00:00
[2024-06-08T09:05:37.469+0000] {processor.py:183} INFO - Processing /home/airflow/.local/lib/python3.12/site-packages/airflow/example_dags/example_latest_only.py took 0.096 seconds
[2024-06-08T10:06:30.625+0000] {processor.py:161} INFO - Started process (PID=63592) to work on /home/airflow/.local/lib/python3.12/site-packages/airflow/example_dags/example_latest_only.py
[2024-06-08T10:06:30.628+0000] {processor.py:830} INFO - Processing file /home/airflow/.local/lib/python3.12/site-packages/airflow/example_dags/example_latest_only.py for tasks to queue
[2024-06-08T10:06:30.630+0000] {logging_mixin.py:188} INFO - [2024-06-08T10:06:30.629+0000] {dagbag.py:545} INFO - Filling up the DagBag from /home/airflow/.local/lib/python3.12/site-packages/airflow/example_dags/example_latest_only.py
[2024-06-08T10:06:30.641+0000] {processor.py:840} INFO - DAG(s) 'latest_only' retrieved from /home/airflow/.local/lib/python3.12/site-packages/airflow/example_dags/example_latest_only.py
[2024-06-08T10:06:30.682+0000] {logging_mixin.py:188} INFO - [2024-06-08T10:06:30.682+0000] {dag.py:3096} INFO - Sync 1 DAGs
[2024-06-08T10:06:30.777+0000] {logging_mixin.py:188} INFO - [2024-06-08T10:06:30.776+0000] {dag.py:3954} INFO - Setting next_dagrun for latest_only to 2024-06-08 04:00:00+00:00, run_after=2024-06-08 08:00:00+00:00
[2024-06-08T10:06:30.810+0000] {processor.py:183} INFO - Processing /home/airflow/.local/lib/python3.12/site-packages/airflow/example_dags/example_latest_only.py took 0.197 seconds
[2024-06-08T10:39:01.461+0000] {processor.py:161} INFO - Started process (PID=63652) to work on /home/airflow/.local/lib/python3.12/site-packages/airflow/example_dags/example_latest_only.py
[2024-06-08T10:39:01.463+0000] {processor.py:830} INFO - Processing file /home/airflow/.local/lib/python3.12/site-packages/airflow/example_dags/example_latest_only.py for tasks to queue
[2024-06-08T10:39:01.465+0000] {logging_mixin.py:188} INFO - [2024-06-08T10:39:01.464+0000] {dagbag.py:545} INFO - Filling up the DagBag from /home/airflow/.local/lib/python3.12/site-packages/airflow/example_dags/example_latest_only.py
[2024-06-08T10:39:01.475+0000] {processor.py:840} INFO - DAG(s) 'latest_only' retrieved from /home/airflow/.local/lib/python3.12/site-packages/airflow/example_dags/example_latest_only.py
[2024-06-08T10:39:01.523+0000] {logging_mixin.py:188} INFO - [2024-06-08T10:39:01.523+0000] {dag.py:3096} INFO - Sync 1 DAGs
[2024-06-08T10:39:01.605+0000] {logging_mixin.py:188} INFO - [2024-06-08T10:39:01.605+0000] {dag.py:3954} INFO - Setting next_dagrun for latest_only to 2024-06-08 04:00:00+00:00, run_after=2024-06-08 08:00:00+00:00
[2024-06-08T10:39:01.654+0000] {processor.py:183} INFO - Processing /home/airflow/.local/lib/python3.12/site-packages/airflow/example_dags/example_latest_only.py took 0.206 seconds
[2024-06-08T10:39:31.695+0000] {processor.py:161} INFO - Started process (PID=63711) to work on /home/airflow/.local/lib/python3.12/site-packages/airflow/example_dags/example_latest_only.py
[2024-06-08T10:39:31.697+0000] {processor.py:830} INFO - Processing file /home/airflow/.local/lib/python3.12/site-packages/airflow/example_dags/example_latest_only.py for tasks to queue
[2024-06-08T10:39:31.698+0000] {logging_mixin.py:188} INFO - [2024-06-08T10:39:31.698+0000] {dagbag.py:545} INFO - Filling up the DagBag from /home/airflow/.local/lib/python3.12/site-packages/airflow/example_dags/example_latest_only.py
[2024-06-08T10:39:31.705+0000] {processor.py:840} INFO - DAG(s) 'latest_only' retrieved from /home/airflow/.local/lib/python3.12/site-packages/airflow/example_dags/example_latest_only.py
[2024-06-08T10:39:31.732+0000] {logging_mixin.py:188} INFO - [2024-06-08T10:39:31.731+0000] {dag.py:3096} INFO - Sync 1 DAGs
[2024-06-08T10:39:31.759+0000] {logging_mixin.py:188} INFO - [2024-06-08T10:39:31.759+0000] {dag.py:3954} INFO - Setting next_dagrun for latest_only to 2024-06-08 04:00:00+00:00, run_after=2024-06-08 08:00:00+00:00
[2024-06-08T10:39:31.782+0000] {processor.py:183} INFO - Processing /home/airflow/.local/lib/python3.12/site-packages/airflow/example_dags/example_latest_only.py took 0.094 seconds
[2024-06-08T11:07:36.283+0000] {processor.py:161} INFO - Started process (PID=63772) to work on /home/airflow/.local/lib/python3.12/site-packages/airflow/example_dags/example_latest_only.py
[2024-06-08T11:07:36.285+0000] {processor.py:830} INFO - Processing file /home/airflow/.local/lib/python3.12/site-packages/airflow/example_dags/example_latest_only.py for tasks to queue
[2024-06-08T11:07:36.286+0000] {logging_mixin.py:188} INFO - [2024-06-08T11:07:36.286+0000] {dagbag.py:545} INFO - Filling up the DagBag from /home/airflow/.local/lib/python3.12/site-packages/airflow/example_dags/example_latest_only.py
[2024-06-08T11:07:36.293+0000] {processor.py:840} INFO - DAG(s) 'latest_only' retrieved from /home/airflow/.local/lib/python3.12/site-packages/airflow/example_dags/example_latest_only.py
[2024-06-08T11:07:36.318+0000] {logging_mixin.py:188} INFO - [2024-06-08T11:07:36.318+0000] {dag.py:3096} INFO - Sync 1 DAGs
[2024-06-08T11:07:36.346+0000] {logging_mixin.py:188} INFO - [2024-06-08T11:07:36.346+0000] {dag.py:3954} INFO - Setting next_dagrun for latest_only to 2024-06-08 04:00:00+00:00, run_after=2024-06-08 08:00:00+00:00
[2024-06-08T11:07:36.368+0000] {processor.py:183} INFO - Processing /home/airflow/.local/lib/python3.12/site-packages/airflow/example_dags/example_latest_only.py took 0.093 seconds
[2024-06-08T12:08:36.418+0000] {processor.py:161} INFO - Started process (PID=63833) to work on /home/airflow/.local/lib/python3.12/site-packages/airflow/example_dags/example_latest_only.py
[2024-06-08T12:08:36.420+0000] {processor.py:830} INFO - Processing file /home/airflow/.local/lib/python3.12/site-packages/airflow/example_dags/example_latest_only.py for tasks to queue
[2024-06-08T12:08:36.422+0000] {logging_mixin.py:188} INFO - [2024-06-08T12:08:36.421+0000] {dagbag.py:545} INFO - Filling up the DagBag from /home/airflow/.local/lib/python3.12/site-packages/airflow/example_dags/example_latest_only.py
[2024-06-08T12:08:36.432+0000] {processor.py:840} INFO - DAG(s) 'latest_only' retrieved from /home/airflow/.local/lib/python3.12/site-packages/airflow/example_dags/example_latest_only.py
[2024-06-08T12:08:36.473+0000] {logging_mixin.py:188} INFO - [2024-06-08T12:08:36.473+0000] {dag.py:3096} INFO - Sync 1 DAGs
[2024-06-08T12:08:36.526+0000] {logging_mixin.py:188} INFO - [2024-06-08T12:08:36.525+0000] {dag.py:3954} INFO - Setting next_dagrun for latest_only to 2024-06-08 08:00:00+00:00, run_after=2024-06-08 12:00:00+00:00
[2024-06-08T12:08:36.572+0000] {processor.py:183} INFO - Processing /home/airflow/.local/lib/python3.12/site-packages/airflow/example_dags/example_latest_only.py took 0.167 seconds
[2024-06-08T12:09:07.564+0000] {processor.py:161} INFO - Started process (PID=63893) to work on /home/airflow/.local/lib/python3.12/site-packages/airflow/example_dags/example_latest_only.py
[2024-06-08T12:09:07.566+0000] {processor.py:830} INFO - Processing file /home/airflow/.local/lib/python3.12/site-packages/airflow/example_dags/example_latest_only.py for tasks to queue
[2024-06-08T12:09:07.567+0000] {logging_mixin.py:188} INFO - [2024-06-08T12:09:07.567+0000] {dagbag.py:545} INFO - Filling up the DagBag from /home/airflow/.local/lib/python3.12/site-packages/airflow/example_dags/example_latest_only.py
[2024-06-08T12:09:07.575+0000] {processor.py:840} INFO - DAG(s) 'latest_only' retrieved from /home/airflow/.local/lib/python3.12/site-packages/airflow/example_dags/example_latest_only.py
[2024-06-08T12:09:07.601+0000] {logging_mixin.py:188} INFO - [2024-06-08T12:09:07.601+0000] {dag.py:3096} INFO - Sync 1 DAGs
[2024-06-08T12:09:07.630+0000] {logging_mixin.py:188} INFO - [2024-06-08T12:09:07.630+0000] {dag.py:3954} INFO - Setting next_dagrun for latest_only to 2024-06-08 08:00:00+00:00, run_after=2024-06-08 12:00:00+00:00
[2024-06-08T12:09:07.656+0000] {processor.py:183} INFO - Processing /home/airflow/.local/lib/python3.12/site-packages/airflow/example_dags/example_latest_only.py took 0.100 seconds
[2024-06-08T13:09:58.368+0000] {processor.py:161} INFO - Started process (PID=63953) to work on /home/airflow/.local/lib/python3.12/site-packages/airflow/example_dags/example_latest_only.py
[2024-06-08T13:09:58.370+0000] {processor.py:830} INFO - Processing file /home/airflow/.local/lib/python3.12/site-packages/airflow/example_dags/example_latest_only.py for tasks to queue
[2024-06-08T13:09:58.371+0000] {logging_mixin.py:188} INFO - [2024-06-08T13:09:58.371+0000] {dagbag.py:545} INFO - Filling up the DagBag from /home/airflow/.local/lib/python3.12/site-packages/airflow/example_dags/example_latest_only.py
[2024-06-08T13:09:58.378+0000] {processor.py:840} INFO - DAG(s) 'latest_only' retrieved from /home/airflow/.local/lib/python3.12/site-packages/airflow/example_dags/example_latest_only.py
[2024-06-08T13:09:58.404+0000] {logging_mixin.py:188} INFO - [2024-06-08T13:09:58.404+0000] {dag.py:3096} INFO - Sync 1 DAGs
[2024-06-08T13:09:58.433+0000] {logging_mixin.py:188} INFO - [2024-06-08T13:09:58.432+0000] {dag.py:3954} INFO - Setting next_dagrun for latest_only to 2024-06-08 08:00:00+00:00, run_after=2024-06-08 12:00:00+00:00
[2024-06-08T13:09:58.461+0000] {processor.py:183} INFO - Processing /home/airflow/.local/lib/python3.12/site-packages/airflow/example_dags/example_latest_only.py took 0.101 seconds
[2024-06-08T14:10:53.838+0000] {processor.py:161} INFO - Started process (PID=64013) to work on /home/airflow/.local/lib/python3.12/site-packages/airflow/example_dags/example_latest_only.py
[2024-06-08T14:10:53.840+0000] {processor.py:830} INFO - Processing file /home/airflow/.local/lib/python3.12/site-packages/airflow/example_dags/example_latest_only.py for tasks to queue
[2024-06-08T14:10:53.842+0000] {logging_mixin.py:188} INFO - [2024-06-08T14:10:53.841+0000] {dagbag.py:545} INFO - Filling up the DagBag from /home/airflow/.local/lib/python3.12/site-packages/airflow/example_dags/example_latest_only.py
[2024-06-08T14:10:53.852+0000] {processor.py:840} INFO - DAG(s) 'latest_only' retrieved from /home/airflow/.local/lib/python3.12/site-packages/airflow/example_dags/example_latest_only.py
[2024-06-08T14:10:53.893+0000] {logging_mixin.py:188} INFO - [2024-06-08T14:10:53.892+0000] {dag.py:3096} INFO - Sync 1 DAGs
[2024-06-08T14:10:53.939+0000] {logging_mixin.py:188} INFO - [2024-06-08T14:10:53.939+0000] {dag.py:3954} INFO - Setting next_dagrun for latest_only to 2024-06-08 08:00:00+00:00, run_after=2024-06-08 12:00:00+00:00
[2024-06-08T14:10:53.979+0000] {processor.py:183} INFO - Processing /home/airflow/.local/lib/python3.12/site-packages/airflow/example_dags/example_latest_only.py took 0.153 seconds
[2024-06-08T14:11:24.948+0000] {processor.py:161} INFO - Started process (PID=64073) to work on /home/airflow/.local/lib/python3.12/site-packages/airflow/example_dags/example_latest_only.py
[2024-06-08T14:11:24.949+0000] {processor.py:830} INFO - Processing file /home/airflow/.local/lib/python3.12/site-packages/airflow/example_dags/example_latest_only.py for tasks to queue
[2024-06-08T14:11:24.951+0000] {logging_mixin.py:188} INFO - [2024-06-08T14:11:24.950+0000] {dagbag.py:545} INFO - Filling up the DagBag from /home/airflow/.local/lib/python3.12/site-packages/airflow/example_dags/example_latest_only.py
[2024-06-08T14:11:24.958+0000] {processor.py:840} INFO - DAG(s) 'latest_only' retrieved from /home/airflow/.local/lib/python3.12/site-packages/airflow/example_dags/example_latest_only.py
[2024-06-08T14:11:24.984+0000] {logging_mixin.py:188} INFO - [2024-06-08T14:11:24.984+0000] {dag.py:3096} INFO - Sync 1 DAGs
[2024-06-08T14:11:25.015+0000] {logging_mixin.py:188} INFO - [2024-06-08T14:11:25.015+0000] {dag.py:3954} INFO - Setting next_dagrun for latest_only to 2024-06-08 08:00:00+00:00, run_after=2024-06-08 12:00:00+00:00
[2024-06-08T14:11:25.042+0000] {processor.py:183} INFO - Processing /home/airflow/.local/lib/python3.12/site-packages/airflow/example_dags/example_latest_only.py took 0.102 seconds
[2024-06-08T15:12:10.296+0000] {processor.py:161} INFO - Started process (PID=64133) to work on /home/airflow/.local/lib/python3.12/site-packages/airflow/example_dags/example_latest_only.py
[2024-06-08T15:12:10.298+0000] {processor.py:830} INFO - Processing file /home/airflow/.local/lib/python3.12/site-packages/airflow/example_dags/example_latest_only.py for tasks to queue
[2024-06-08T15:12:10.299+0000] {logging_mixin.py:188} INFO - [2024-06-08T15:12:10.299+0000] {dagbag.py:545} INFO - Filling up the DagBag from /home/airflow/.local/lib/python3.12/site-packages/airflow/example_dags/example_latest_only.py
[2024-06-08T15:12:10.306+0000] {processor.py:840} INFO - DAG(s) 'latest_only' retrieved from /home/airflow/.local/lib/python3.12/site-packages/airflow/example_dags/example_latest_only.py
[2024-06-08T15:12:10.331+0000] {logging_mixin.py:188} INFO - [2024-06-08T15:12:10.331+0000] {dag.py:3096} INFO - Sync 1 DAGs
[2024-06-08T15:12:10.367+0000] {logging_mixin.py:188} INFO - [2024-06-08T15:12:10.366+0000] {dag.py:3954} INFO - Setting next_dagrun for latest_only to 2024-06-08 08:00:00+00:00, run_after=2024-06-08 12:00:00+00:00
[2024-06-08T15:12:10.402+0000] {processor.py:183} INFO - Processing /home/airflow/.local/lib/python3.12/site-packages/airflow/example_dags/example_latest_only.py took 0.113 seconds
[2024-06-08T16:13:11.010+0000] {processor.py:161} INFO - Started process (PID=64193) to work on /home/airflow/.local/lib/python3.12/site-packages/airflow/example_dags/example_latest_only.py
[2024-06-08T16:13:11.012+0000] {processor.py:830} INFO - Processing file /home/airflow/.local/lib/python3.12/site-packages/airflow/example_dags/example_latest_only.py for tasks to queue
[2024-06-08T16:13:11.014+0000] {logging_mixin.py:188} INFO - [2024-06-08T16:13:11.013+0000] {dagbag.py:545} INFO - Filling up the DagBag from /home/airflow/.local/lib/python3.12/site-packages/airflow/example_dags/example_latest_only.py
[2024-06-08T16:13:11.024+0000] {processor.py:840} INFO - DAG(s) 'latest_only' retrieved from /home/airflow/.local/lib/python3.12/site-packages/airflow/example_dags/example_latest_only.py
[2024-06-08T16:13:11.074+0000] {logging_mixin.py:188} INFO - [2024-06-08T16:13:11.074+0000] {dag.py:3096} INFO - Sync 1 DAGs
[2024-06-08T16:13:11.145+0000] {logging_mixin.py:188} INFO - [2024-06-08T16:13:11.144+0000] {dag.py:3954} INFO - Setting next_dagrun for latest_only to 2024-06-08 12:00:00+00:00, run_after=2024-06-08 16:00:00+00:00
[2024-06-08T16:13:11.193+0000] {processor.py:183} INFO - Processing /home/airflow/.local/lib/python3.12/site-packages/airflow/example_dags/example_latest_only.py took 0.195 seconds
[2024-06-08T16:13:41.228+0000] {processor.py:161} INFO - Started process (PID=64252) to work on /home/airflow/.local/lib/python3.12/site-packages/airflow/example_dags/example_latest_only.py
[2024-06-08T16:13:41.229+0000] {processor.py:830} INFO - Processing file /home/airflow/.local/lib/python3.12/site-packages/airflow/example_dags/example_latest_only.py for tasks to queue
[2024-06-08T16:13:41.231+0000] {logging_mixin.py:188} INFO - [2024-06-08T16:13:41.230+0000] {dagbag.py:545} INFO - Filling up the DagBag from /home/airflow/.local/lib/python3.12/site-packages/airflow/example_dags/example_latest_only.py
[2024-06-08T16:13:41.238+0000] {processor.py:840} INFO - DAG(s) 'latest_only' retrieved from /home/airflow/.local/lib/python3.12/site-packages/airflow/example_dags/example_latest_only.py
[2024-06-08T16:13:41.265+0000] {logging_mixin.py:188} INFO - [2024-06-08T16:13:41.264+0000] {dag.py:3096} INFO - Sync 1 DAGs
[2024-06-08T16:13:41.293+0000] {logging_mixin.py:188} INFO - [2024-06-08T16:13:41.293+0000] {dag.py:3954} INFO - Setting next_dagrun for latest_only to 2024-06-08 12:00:00+00:00, run_after=2024-06-08 16:00:00+00:00
[2024-06-08T16:13:41.318+0000] {processor.py:183} INFO - Processing /home/airflow/.local/lib/python3.12/site-packages/airflow/example_dags/example_latest_only.py took 0.097 seconds
[2024-06-08T17:14:33.096+0000] {processor.py:161} INFO - Started process (PID=64313) to work on /home/airflow/.local/lib/python3.12/site-packages/airflow/example_dags/example_latest_only.py
[2024-06-08T17:14:33.097+0000] {processor.py:830} INFO - Processing file /home/airflow/.local/lib/python3.12/site-packages/airflow/example_dags/example_latest_only.py for tasks to queue
[2024-06-08T17:14:33.099+0000] {logging_mixin.py:188} INFO - [2024-06-08T17:14:33.098+0000] {dagbag.py:545} INFO - Filling up the DagBag from /home/airflow/.local/lib/python3.12/site-packages/airflow/example_dags/example_latest_only.py
[2024-06-08T17:14:33.106+0000] {processor.py:840} INFO - DAG(s) 'latest_only' retrieved from /home/airflow/.local/lib/python3.12/site-packages/airflow/example_dags/example_latest_only.py
[2024-06-08T17:14:33.131+0000] {logging_mixin.py:188} INFO - [2024-06-08T17:14:33.131+0000] {dag.py:3096} INFO - Sync 1 DAGs
[2024-06-08T17:14:33.196+0000] {logging_mixin.py:188} INFO - [2024-06-08T17:14:33.196+0000] {dag.py:3954} INFO - Setting next_dagrun for latest_only to 2024-06-08 12:00:00+00:00, run_after=2024-06-08 16:00:00+00:00
[2024-06-08T17:14:33.227+0000] {processor.py:183} INFO - Processing /home/airflow/.local/lib/python3.12/site-packages/airflow/example_dags/example_latest_only.py took 0.138 seconds
[2024-06-08T18:08:37.522+0000] {processor.py:161} INFO - Started process (PID=64373) to work on /home/airflow/.local/lib/python3.12/site-packages/airflow/example_dags/example_latest_only.py
[2024-06-08T18:08:37.524+0000] {processor.py:830} INFO - Processing file /home/airflow/.local/lib/python3.12/site-packages/airflow/example_dags/example_latest_only.py for tasks to queue
[2024-06-08T18:08:37.526+0000] {logging_mixin.py:188} INFO - [2024-06-08T18:08:37.525+0000] {dagbag.py:545} INFO - Filling up the DagBag from /home/airflow/.local/lib/python3.12/site-packages/airflow/example_dags/example_latest_only.py
[2024-06-08T18:08:37.537+0000] {processor.py:840} INFO - DAG(s) 'latest_only' retrieved from /home/airflow/.local/lib/python3.12/site-packages/airflow/example_dags/example_latest_only.py
[2024-06-08T18:08:37.576+0000] {logging_mixin.py:188} INFO - [2024-06-08T18:08:37.576+0000] {dag.py:3096} INFO - Sync 1 DAGs
[2024-06-08T18:08:37.636+0000] {logging_mixin.py:188} INFO - [2024-06-08T18:08:37.636+0000] {dag.py:3954} INFO - Setting next_dagrun for latest_only to 2024-06-08 12:00:00+00:00, run_after=2024-06-08 16:00:00+00:00
[2024-06-08T18:08:37.683+0000] {processor.py:183} INFO - Processing /home/airflow/.local/lib/python3.12/site-packages/airflow/example_dags/example_latest_only.py took 0.173 seconds
[2024-06-08T18:15:48.592+0000] {processor.py:161} INFO - Started process (PID=64433) to work on /home/airflow/.local/lib/python3.12/site-packages/airflow/example_dags/example_latest_only.py
[2024-06-08T18:15:48.593+0000] {processor.py:830} INFO - Processing file /home/airflow/.local/lib/python3.12/site-packages/airflow/example_dags/example_latest_only.py for tasks to queue
[2024-06-08T18:15:48.594+0000] {logging_mixin.py:188} INFO - [2024-06-08T18:15:48.594+0000] {dagbag.py:545} INFO - Filling up the DagBag from /home/airflow/.local/lib/python3.12/site-packages/airflow/example_dags/example_latest_only.py
[2024-06-08T18:15:48.601+0000] {processor.py:840} INFO - DAG(s) 'latest_only' retrieved from /home/airflow/.local/lib/python3.12/site-packages/airflow/example_dags/example_latest_only.py
[2024-06-08T18:15:48.627+0000] {logging_mixin.py:188} INFO - [2024-06-08T18:15:48.626+0000] {dag.py:3096} INFO - Sync 1 DAGs
[2024-06-08T18:15:48.655+0000] {logging_mixin.py:188} INFO - [2024-06-08T18:15:48.655+0000] {dag.py:3954} INFO - Setting next_dagrun for latest_only to 2024-06-08 12:00:00+00:00, run_after=2024-06-08 16:00:00+00:00
[2024-06-08T18:15:48.678+0000] {processor.py:183} INFO - Processing /home/airflow/.local/lib/python3.12/site-packages/airflow/example_dags/example_latest_only.py took 0.094 seconds
[2024-06-08T18:52:15.430+0000] {processor.py:161} INFO - Started process (PID=64493) to work on /home/airflow/.local/lib/python3.12/site-packages/airflow/example_dags/example_latest_only.py
[2024-06-08T18:52:15.432+0000] {processor.py:830} INFO - Processing file /home/airflow/.local/lib/python3.12/site-packages/airflow/example_dags/example_latest_only.py for tasks to queue
[2024-06-08T18:52:15.433+0000] {logging_mixin.py:188} INFO - [2024-06-08T18:52:15.433+0000] {dagbag.py:545} INFO - Filling up the DagBag from /home/airflow/.local/lib/python3.12/site-packages/airflow/example_dags/example_latest_only.py
[2024-06-08T18:52:15.441+0000] {processor.py:840} INFO - DAG(s) 'latest_only' retrieved from /home/airflow/.local/lib/python3.12/site-packages/airflow/example_dags/example_latest_only.py
[2024-06-08T18:52:15.471+0000] {logging_mixin.py:188} INFO - [2024-06-08T18:52:15.471+0000] {dag.py:3096} INFO - Sync 1 DAGs
[2024-06-08T18:52:15.501+0000] {logging_mixin.py:188} INFO - [2024-06-08T18:52:15.501+0000] {dag.py:3954} INFO - Setting next_dagrun for latest_only to 2024-06-08 12:00:00+00:00, run_after=2024-06-08 16:00:00+00:00
[2024-06-08T18:52:15.526+0000] {processor.py:183} INFO - Processing /home/airflow/.local/lib/python3.12/site-packages/airflow/example_dags/example_latest_only.py took 0.105 seconds
[2024-06-08T18:52:49.526+0000] {processor.py:161} INFO - Started process (PID=64553) to work on /home/airflow/.local/lib/python3.12/site-packages/airflow/example_dags/example_latest_only.py
[2024-06-08T18:52:49.528+0000] {processor.py:830} INFO - Processing file /home/airflow/.local/lib/python3.12/site-packages/airflow/example_dags/example_latest_only.py for tasks to queue
[2024-06-08T18:52:49.530+0000] {logging_mixin.py:188} INFO - [2024-06-08T18:52:49.529+0000] {dagbag.py:545} INFO - Filling up the DagBag from /home/airflow/.local/lib/python3.12/site-packages/airflow/example_dags/example_latest_only.py
[2024-06-08T18:52:49.540+0000] {processor.py:840} INFO - DAG(s) 'latest_only' retrieved from /home/airflow/.local/lib/python3.12/site-packages/airflow/example_dags/example_latest_only.py
[2024-06-08T18:52:49.579+0000] {logging_mixin.py:188} INFO - [2024-06-08T18:52:49.578+0000] {dag.py:3096} INFO - Sync 1 DAGs
[2024-06-08T18:52:49.624+0000] {logging_mixin.py:188} INFO - [2024-06-08T18:52:49.624+0000] {dag.py:3954} INFO - Setting next_dagrun for latest_only to 2024-06-08 12:00:00+00:00, run_after=2024-06-08 16:00:00+00:00
[2024-06-08T18:52:49.675+0000] {processor.py:183} INFO - Processing /home/airflow/.local/lib/python3.12/site-packages/airflow/example_dags/example_latest_only.py took 0.160 seconds
[2024-06-08T19:12:39.425+0000] {processor.py:161} INFO - Started process (PID=64613) to work on /home/airflow/.local/lib/python3.12/site-packages/airflow/example_dags/example_latest_only.py
[2024-06-08T19:12:39.427+0000] {processor.py:830} INFO - Processing file /home/airflow/.local/lib/python3.12/site-packages/airflow/example_dags/example_latest_only.py for tasks to queue
[2024-06-08T19:12:39.428+0000] {logging_mixin.py:188} INFO - [2024-06-08T19:12:39.428+0000] {dagbag.py:545} INFO - Filling up the DagBag from /home/airflow/.local/lib/python3.12/site-packages/airflow/example_dags/example_latest_only.py
[2024-06-08T19:12:39.435+0000] {processor.py:840} INFO - DAG(s) 'latest_only' retrieved from /home/airflow/.local/lib/python3.12/site-packages/airflow/example_dags/example_latest_only.py
[2024-06-08T19:12:39.460+0000] {logging_mixin.py:188} INFO - [2024-06-08T19:12:39.460+0000] {dag.py:3096} INFO - Sync 1 DAGs
[2024-06-08T19:12:39.489+0000] {logging_mixin.py:188} INFO - [2024-06-08T19:12:39.489+0000] {dag.py:3954} INFO - Setting next_dagrun for latest_only to 2024-06-08 12:00:00+00:00, run_after=2024-06-08 16:00:00+00:00
[2024-06-08T19:12:39.513+0000] {processor.py:183} INFO - Processing /home/airflow/.local/lib/python3.12/site-packages/airflow/example_dags/example_latest_only.py took 0.095 seconds
[2024-06-08T19:16:52.639+0000] {processor.py:161} INFO - Started process (PID=64673) to work on /home/airflow/.local/lib/python3.12/site-packages/airflow/example_dags/example_latest_only.py
[2024-06-08T19:16:52.641+0000] {processor.py:830} INFO - Processing file /home/airflow/.local/lib/python3.12/site-packages/airflow/example_dags/example_latest_only.py for tasks to queue
[2024-06-08T19:16:52.643+0000] {logging_mixin.py:188} INFO - [2024-06-08T19:16:52.642+0000] {dagbag.py:545} INFO - Filling up the DagBag from /home/airflow/.local/lib/python3.12/site-packages/airflow/example_dags/example_latest_only.py
[2024-06-08T19:16:52.651+0000] {processor.py:840} INFO - DAG(s) 'latest_only' retrieved from /home/airflow/.local/lib/python3.12/site-packages/airflow/example_dags/example_latest_only.py
[2024-06-08T19:16:52.680+0000] {logging_mixin.py:188} INFO - [2024-06-08T19:16:52.680+0000] {dag.py:3096} INFO - Sync 1 DAGs
[2024-06-08T19:16:52.709+0000] {logging_mixin.py:188} INFO - [2024-06-08T19:16:52.709+0000] {dag.py:3954} INFO - Setting next_dagrun for latest_only to 2024-06-08 12:00:00+00:00, run_after=2024-06-08 16:00:00+00:00
[2024-06-08T19:16:52.732+0000] {processor.py:183} INFO - Processing /home/airflow/.local/lib/python3.12/site-packages/airflow/example_dags/example_latest_only.py took 0.101 seconds
[2024-06-08T20:17:49.498+0000] {processor.py:161} INFO - Started process (PID=64733) to work on /home/airflow/.local/lib/python3.12/site-packages/airflow/example_dags/example_latest_only.py
[2024-06-08T20:17:49.500+0000] {processor.py:830} INFO - Processing file /home/airflow/.local/lib/python3.12/site-packages/airflow/example_dags/example_latest_only.py for tasks to queue
[2024-06-08T20:17:49.501+0000] {logging_mixin.py:188} INFO - [2024-06-08T20:17:49.501+0000] {dagbag.py:545} INFO - Filling up the DagBag from /home/airflow/.local/lib/python3.12/site-packages/airflow/example_dags/example_latest_only.py
[2024-06-08T20:17:49.511+0000] {processor.py:840} INFO - DAG(s) 'latest_only' retrieved from /home/airflow/.local/lib/python3.12/site-packages/airflow/example_dags/example_latest_only.py
[2024-06-08T20:17:49.556+0000] {logging_mixin.py:188} INFO - [2024-06-08T20:17:49.555+0000] {dag.py:3096} INFO - Sync 1 DAGs
[2024-06-08T20:17:49.616+0000] {logging_mixin.py:188} INFO - [2024-06-08T20:17:49.616+0000] {dag.py:3954} INFO - Setting next_dagrun for latest_only to 2024-06-08 16:00:00+00:00, run_after=2024-06-08 20:00:00+00:00
[2024-06-08T20:17:49.662+0000] {processor.py:183} INFO - Processing /home/airflow/.local/lib/python3.12/site-packages/airflow/example_dags/example_latest_only.py took 0.175 seconds
[2024-06-08T20:18:31.678+0000] {processor.py:161} INFO - Started process (PID=64793) to work on /home/airflow/.local/lib/python3.12/site-packages/airflow/example_dags/example_latest_only.py
[2024-06-08T20:18:31.681+0000] {processor.py:830} INFO - Processing file /home/airflow/.local/lib/python3.12/site-packages/airflow/example_dags/example_latest_only.py for tasks to queue
[2024-06-08T20:18:31.683+0000] {logging_mixin.py:188} INFO - [2024-06-08T20:18:31.682+0000] {dagbag.py:545} INFO - Filling up the DagBag from /home/airflow/.local/lib/python3.12/site-packages/airflow/example_dags/example_latest_only.py
[2024-06-08T20:18:31.696+0000] {processor.py:840} INFO - DAG(s) 'latest_only' retrieved from /home/airflow/.local/lib/python3.12/site-packages/airflow/example_dags/example_latest_only.py
[2024-06-08T20:18:31.766+0000] {logging_mixin.py:188} INFO - [2024-06-08T20:18:31.765+0000] {dag.py:3096} INFO - Sync 1 DAGs
[2024-06-08T20:18:31.846+0000] {logging_mixin.py:188} INFO - [2024-06-08T20:18:31.846+0000] {dag.py:3954} INFO - Setting next_dagrun for latest_only to 2024-06-08 16:00:00+00:00, run_after=2024-06-08 20:00:00+00:00
[2024-06-08T20:18:31.885+0000] {processor.py:183} INFO - Processing /home/airflow/.local/lib/python3.12/site-packages/airflow/example_dags/example_latest_only.py took 0.219 seconds
