[2024-06-08T02:25:59.007+0000] {processor.py:161} INFO - Started process (PID=63182) to work on /home/airflow/.local/lib/python3.12/site-packages/airflow/example_dags/example_local_kubernetes_executor.py
[2024-06-08T02:25:59.009+0000] {processor.py:830} INFO - Processing file /home/airflow/.local/lib/python3.12/site-packages/airflow/example_dags/example_local_kubernetes_executor.py for tasks to queue
[2024-06-08T02:25:59.011+0000] {logging_mixin.py:188} INFO - [2024-06-08T02:25:59.011+0000] {dagbag.py:545} INFO - Filling up the DagBag from /home/airflow/.local/lib/python3.12/site-packages/airflow/example_dags/example_local_kubernetes_executor.py
[2024-06-08T02:25:59.026+0000] {processor.py:840} INFO - DAG(s) 'example_local_kubernetes_executor' retrieved from /home/airflow/.local/lib/python3.12/site-packages/airflow/example_dags/example_local_kubernetes_executor.py
[2024-06-08T02:25:59.091+0000] {logging_mixin.py:188} INFO - [2024-06-08T02:25:59.091+0000] {dag.py:3096} INFO - Sync 1 DAGs
[2024-06-08T02:25:59.113+0000] {logging_mixin.py:188} INFO - [2024-06-08T02:25:59.113+0000] {dag.py:3954} INFO - Setting next_dagrun for example_local_kubernetes_executor to None, run_after=None
[2024-06-08T02:25:59.140+0000] {processor.py:183} INFO - Processing /home/airflow/.local/lib/python3.12/site-packages/airflow/example_dags/example_local_kubernetes_executor.py took 0.145 seconds
[2024-06-08T02:26:32.555+0000] {processor.py:161} INFO - Started process (PID=63247) to work on /home/airflow/.local/lib/python3.12/site-packages/airflow/example_dags/example_local_kubernetes_executor.py
[2024-06-08T02:26:32.557+0000] {processor.py:830} INFO - Processing file /home/airflow/.local/lib/python3.12/site-packages/airflow/example_dags/example_local_kubernetes_executor.py for tasks to queue
[2024-06-08T02:26:32.558+0000] {logging_mixin.py:188} INFO - [2024-06-08T02:26:32.558+0000] {dagbag.py:545} INFO - Filling up the DagBag from /home/airflow/.local/lib/python3.12/site-packages/airflow/example_dags/example_local_kubernetes_executor.py
[2024-06-08T02:26:32.573+0000] {processor.py:840} INFO - DAG(s) 'example_local_kubernetes_executor' retrieved from /home/airflow/.local/lib/python3.12/site-packages/airflow/example_dags/example_local_kubernetes_executor.py
[2024-06-08T02:26:32.630+0000] {logging_mixin.py:188} INFO - [2024-06-08T02:26:32.629+0000] {dag.py:3096} INFO - Sync 1 DAGs
[2024-06-08T02:26:32.647+0000] {logging_mixin.py:188} INFO - [2024-06-08T02:26:32.646+0000] {dag.py:3954} INFO - Setting next_dagrun for example_local_kubernetes_executor to None, run_after=None
[2024-06-08T02:26:32.674+0000] {processor.py:183} INFO - Processing /home/airflow/.local/lib/python3.12/site-packages/airflow/example_dags/example_local_kubernetes_executor.py took 0.127 seconds
[2024-06-08T07:02:55.372+0000] {processor.py:161} INFO - Started process (PID=63301) to work on /home/airflow/.local/lib/python3.12/site-packages/airflow/example_dags/example_local_kubernetes_executor.py
[2024-06-08T07:02:55.374+0000] {processor.py:830} INFO - Processing file /home/airflow/.local/lib/python3.12/site-packages/airflow/example_dags/example_local_kubernetes_executor.py for tasks to queue
[2024-06-08T07:02:55.375+0000] {logging_mixin.py:188} INFO - [2024-06-08T07:02:55.375+0000] {dagbag.py:545} INFO - Filling up the DagBag from /home/airflow/.local/lib/python3.12/site-packages/airflow/example_dags/example_local_kubernetes_executor.py
[2024-06-08T07:02:55.389+0000] {processor.py:840} INFO - DAG(s) 'example_local_kubernetes_executor' retrieved from /home/airflow/.local/lib/python3.12/site-packages/airflow/example_dags/example_local_kubernetes_executor.py
[2024-06-08T07:02:55.440+0000] {logging_mixin.py:188} INFO - [2024-06-08T07:02:55.440+0000] {dag.py:3096} INFO - Sync 1 DAGs
[2024-06-08T07:02:55.456+0000] {logging_mixin.py:188} INFO - [2024-06-08T07:02:55.456+0000] {dag.py:3954} INFO - Setting next_dagrun for example_local_kubernetes_executor to None, run_after=None
[2024-06-08T07:02:55.480+0000] {processor.py:183} INFO - Processing /home/airflow/.local/lib/python3.12/site-packages/airflow/example_dags/example_local_kubernetes_executor.py took 0.118 seconds
[2024-06-08T07:15:54.080+0000] {processor.py:161} INFO - Started process (PID=63361) to work on /home/airflow/.local/lib/python3.12/site-packages/airflow/example_dags/example_local_kubernetes_executor.py
[2024-06-08T07:15:54.082+0000] {processor.py:830} INFO - Processing file /home/airflow/.local/lib/python3.12/site-packages/airflow/example_dags/example_local_kubernetes_executor.py for tasks to queue
[2024-06-08T07:15:54.083+0000] {logging_mixin.py:188} INFO - [2024-06-08T07:15:54.083+0000] {dagbag.py:545} INFO - Filling up the DagBag from /home/airflow/.local/lib/python3.12/site-packages/airflow/example_dags/example_local_kubernetes_executor.py
[2024-06-08T07:15:54.096+0000] {processor.py:840} INFO - DAG(s) 'example_local_kubernetes_executor' retrieved from /home/airflow/.local/lib/python3.12/site-packages/airflow/example_dags/example_local_kubernetes_executor.py
[2024-06-08T07:15:54.161+0000] {logging_mixin.py:188} INFO - [2024-06-08T07:15:54.161+0000] {dag.py:3096} INFO - Sync 1 DAGs
[2024-06-08T07:15:54.179+0000] {logging_mixin.py:188} INFO - [2024-06-08T07:15:54.179+0000] {dag.py:3954} INFO - Setting next_dagrun for example_local_kubernetes_executor to None, run_after=None
[2024-06-08T07:15:54.206+0000] {processor.py:183} INFO - Processing /home/airflow/.local/lib/python3.12/site-packages/airflow/example_dags/example_local_kubernetes_executor.py took 0.134 seconds
[2024-06-08T08:04:10.132+0000] {processor.py:161} INFO - Started process (PID=63421) to work on /home/airflow/.local/lib/python3.12/site-packages/airflow/example_dags/example_local_kubernetes_executor.py
[2024-06-08T08:04:10.134+0000] {processor.py:830} INFO - Processing file /home/airflow/.local/lib/python3.12/site-packages/airflow/example_dags/example_local_kubernetes_executor.py for tasks to queue
[2024-06-08T08:04:10.135+0000] {logging_mixin.py:188} INFO - [2024-06-08T08:04:10.135+0000] {dagbag.py:545} INFO - Filling up the DagBag from /home/airflow/.local/lib/python3.12/site-packages/airflow/example_dags/example_local_kubernetes_executor.py
[2024-06-08T08:04:10.148+0000] {processor.py:840} INFO - DAG(s) 'example_local_kubernetes_executor' retrieved from /home/airflow/.local/lib/python3.12/site-packages/airflow/example_dags/example_local_kubernetes_executor.py
[2024-06-08T08:04:10.204+0000] {logging_mixin.py:188} INFO - [2024-06-08T08:04:10.204+0000] {dag.py:3096} INFO - Sync 1 DAGs
[2024-06-08T08:04:10.223+0000] {logging_mixin.py:188} INFO - [2024-06-08T08:04:10.222+0000] {dag.py:3954} INFO - Setting next_dagrun for example_local_kubernetes_executor to None, run_after=None
[2024-06-08T08:04:10.247+0000] {processor.py:183} INFO - Processing /home/airflow/.local/lib/python3.12/site-packages/airflow/example_dags/example_local_kubernetes_executor.py took 0.121 seconds
[2024-06-08T09:05:08.287+0000] {processor.py:161} INFO - Started process (PID=63487) to work on /home/airflow/.local/lib/python3.12/site-packages/airflow/example_dags/example_local_kubernetes_executor.py
[2024-06-08T09:05:08.289+0000] {processor.py:830} INFO - Processing file /home/airflow/.local/lib/python3.12/site-packages/airflow/example_dags/example_local_kubernetes_executor.py for tasks to queue
[2024-06-08T09:05:08.291+0000] {logging_mixin.py:188} INFO - [2024-06-08T09:05:08.290+0000] {dagbag.py:545} INFO - Filling up the DagBag from /home/airflow/.local/lib/python3.12/site-packages/airflow/example_dags/example_local_kubernetes_executor.py
[2024-06-08T09:05:08.309+0000] {processor.py:840} INFO - DAG(s) 'example_local_kubernetes_executor' retrieved from /home/airflow/.local/lib/python3.12/site-packages/airflow/example_dags/example_local_kubernetes_executor.py
[2024-06-08T09:05:08.379+0000] {logging_mixin.py:188} INFO - [2024-06-08T09:05:08.379+0000] {dag.py:3096} INFO - Sync 1 DAGs
[2024-06-08T09:05:08.403+0000] {logging_mixin.py:188} INFO - [2024-06-08T09:05:08.403+0000] {dag.py:3954} INFO - Setting next_dagrun for example_local_kubernetes_executor to None, run_after=None
[2024-06-08T09:05:08.438+0000] {processor.py:183} INFO - Processing /home/airflow/.local/lib/python3.12/site-packages/airflow/example_dags/example_local_kubernetes_executor.py took 0.161 seconds
[2024-06-08T09:05:39.233+0000] {processor.py:161} INFO - Started process (PID=63547) to work on /home/airflow/.local/lib/python3.12/site-packages/airflow/example_dags/example_local_kubernetes_executor.py
[2024-06-08T09:05:39.234+0000] {processor.py:830} INFO - Processing file /home/airflow/.local/lib/python3.12/site-packages/airflow/example_dags/example_local_kubernetes_executor.py for tasks to queue
[2024-06-08T09:05:39.236+0000] {logging_mixin.py:188} INFO - [2024-06-08T09:05:39.235+0000] {dagbag.py:545} INFO - Filling up the DagBag from /home/airflow/.local/lib/python3.12/site-packages/airflow/example_dags/example_local_kubernetes_executor.py
[2024-06-08T09:05:39.245+0000] {processor.py:840} INFO - DAG(s) 'example_local_kubernetes_executor' retrieved from /home/airflow/.local/lib/python3.12/site-packages/airflow/example_dags/example_local_kubernetes_executor.py
[2024-06-08T09:05:39.290+0000] {logging_mixin.py:188} INFO - [2024-06-08T09:05:39.290+0000] {dag.py:3096} INFO - Sync 1 DAGs
[2024-06-08T09:05:39.308+0000] {logging_mixin.py:188} INFO - [2024-06-08T09:05:39.307+0000] {dag.py:3954} INFO - Setting next_dagrun for example_local_kubernetes_executor to None, run_after=None
[2024-06-08T09:05:39.338+0000] {processor.py:183} INFO - Processing /home/airflow/.local/lib/python3.12/site-packages/airflow/example_dags/example_local_kubernetes_executor.py took 0.112 seconds
[2024-06-08T10:06:31.608+0000] {processor.py:161} INFO - Started process (PID=63601) to work on /home/airflow/.local/lib/python3.12/site-packages/airflow/example_dags/example_local_kubernetes_executor.py
[2024-06-08T10:06:31.610+0000] {processor.py:830} INFO - Processing file /home/airflow/.local/lib/python3.12/site-packages/airflow/example_dags/example_local_kubernetes_executor.py for tasks to queue
[2024-06-08T10:06:31.611+0000] {logging_mixin.py:188} INFO - [2024-06-08T10:06:31.611+0000] {dagbag.py:545} INFO - Filling up the DagBag from /home/airflow/.local/lib/python3.12/site-packages/airflow/example_dags/example_local_kubernetes_executor.py
[2024-06-08T10:06:31.622+0000] {processor.py:840} INFO - DAG(s) 'example_local_kubernetes_executor' retrieved from /home/airflow/.local/lib/python3.12/site-packages/airflow/example_dags/example_local_kubernetes_executor.py
[2024-06-08T10:06:31.670+0000] {logging_mixin.py:188} INFO - [2024-06-08T10:06:31.669+0000] {dag.py:3096} INFO - Sync 1 DAGs
[2024-06-08T10:06:31.687+0000] {logging_mixin.py:188} INFO - [2024-06-08T10:06:31.687+0000] {dag.py:3954} INFO - Setting next_dagrun for example_local_kubernetes_executor to None, run_after=None
[2024-06-08T10:06:31.714+0000] {processor.py:183} INFO - Processing /home/airflow/.local/lib/python3.12/site-packages/airflow/example_dags/example_local_kubernetes_executor.py took 0.116 seconds
[2024-06-08T10:39:02.695+0000] {processor.py:161} INFO - Started process (PID=63667) to work on /home/airflow/.local/lib/python3.12/site-packages/airflow/example_dags/example_local_kubernetes_executor.py
[2024-06-08T10:39:02.697+0000] {processor.py:830} INFO - Processing file /home/airflow/.local/lib/python3.12/site-packages/airflow/example_dags/example_local_kubernetes_executor.py for tasks to queue
[2024-06-08T10:39:02.699+0000] {logging_mixin.py:188} INFO - [2024-06-08T10:39:02.698+0000] {dagbag.py:545} INFO - Filling up the DagBag from /home/airflow/.local/lib/python3.12/site-packages/airflow/example_dags/example_local_kubernetes_executor.py
[2024-06-08T10:39:02.718+0000] {processor.py:840} INFO - DAG(s) 'example_local_kubernetes_executor' retrieved from /home/airflow/.local/lib/python3.12/site-packages/airflow/example_dags/example_local_kubernetes_executor.py
[2024-06-08T10:39:02.822+0000] {logging_mixin.py:188} INFO - [2024-06-08T10:39:02.821+0000] {dag.py:3096} INFO - Sync 1 DAGs
[2024-06-08T10:39:02.860+0000] {logging_mixin.py:188} INFO - [2024-06-08T10:39:02.859+0000] {dag.py:3954} INFO - Setting next_dagrun for example_local_kubernetes_executor to None, run_after=None
[2024-06-08T10:39:02.911+0000] {processor.py:183} INFO - Processing /home/airflow/.local/lib/python3.12/site-packages/airflow/example_dags/example_local_kubernetes_executor.py took 0.228 seconds
[2024-06-08T10:39:33.465+0000] {processor.py:161} INFO - Started process (PID=63727) to work on /home/airflow/.local/lib/python3.12/site-packages/airflow/example_dags/example_local_kubernetes_executor.py
[2024-06-08T10:39:33.467+0000] {processor.py:830} INFO - Processing file /home/airflow/.local/lib/python3.12/site-packages/airflow/example_dags/example_local_kubernetes_executor.py for tasks to queue
[2024-06-08T10:39:33.468+0000] {logging_mixin.py:188} INFO - [2024-06-08T10:39:33.468+0000] {dagbag.py:545} INFO - Filling up the DagBag from /home/airflow/.local/lib/python3.12/site-packages/airflow/example_dags/example_local_kubernetes_executor.py
[2024-06-08T10:39:33.477+0000] {processor.py:840} INFO - DAG(s) 'example_local_kubernetes_executor' retrieved from /home/airflow/.local/lib/python3.12/site-packages/airflow/example_dags/example_local_kubernetes_executor.py
[2024-06-08T10:39:33.521+0000] {logging_mixin.py:188} INFO - [2024-06-08T10:39:33.521+0000] {dag.py:3096} INFO - Sync 1 DAGs
[2024-06-08T10:39:33.538+0000] {logging_mixin.py:188} INFO - [2024-06-08T10:39:33.538+0000] {dag.py:3954} INFO - Setting next_dagrun for example_local_kubernetes_executor to None, run_after=None
[2024-06-08T10:39:33.562+0000] {processor.py:183} INFO - Processing /home/airflow/.local/lib/python3.12/site-packages/airflow/example_dags/example_local_kubernetes_executor.py took 0.104 seconds
[2024-06-08T11:07:37.015+0000] {processor.py:161} INFO - Started process (PID=63781) to work on /home/airflow/.local/lib/python3.12/site-packages/airflow/example_dags/example_local_kubernetes_executor.py
[2024-06-08T11:07:37.017+0000] {processor.py:830} INFO - Processing file /home/airflow/.local/lib/python3.12/site-packages/airflow/example_dags/example_local_kubernetes_executor.py for tasks to queue
[2024-06-08T11:07:37.019+0000] {logging_mixin.py:188} INFO - [2024-06-08T11:07:37.018+0000] {dagbag.py:545} INFO - Filling up the DagBag from /home/airflow/.local/lib/python3.12/site-packages/airflow/example_dags/example_local_kubernetes_executor.py
[2024-06-08T11:07:37.029+0000] {processor.py:840} INFO - DAG(s) 'example_local_kubernetes_executor' retrieved from /home/airflow/.local/lib/python3.12/site-packages/airflow/example_dags/example_local_kubernetes_executor.py
[2024-06-08T11:07:37.075+0000] {logging_mixin.py:188} INFO - [2024-06-08T11:07:37.074+0000] {dag.py:3096} INFO - Sync 1 DAGs
[2024-06-08T11:07:37.093+0000] {logging_mixin.py:188} INFO - [2024-06-08T11:07:37.093+0000] {dag.py:3954} INFO - Setting next_dagrun for example_local_kubernetes_executor to None, run_after=None
[2024-06-08T11:07:37.117+0000] {processor.py:183} INFO - Processing /home/airflow/.local/lib/python3.12/site-packages/airflow/example_dags/example_local_kubernetes_executor.py took 0.109 seconds
[2024-06-08T12:08:37.477+0000] {processor.py:161} INFO - Started process (PID=63842) to work on /home/airflow/.local/lib/python3.12/site-packages/airflow/example_dags/example_local_kubernetes_executor.py
[2024-06-08T12:08:37.479+0000] {processor.py:830} INFO - Processing file /home/airflow/.local/lib/python3.12/site-packages/airflow/example_dags/example_local_kubernetes_executor.py for tasks to queue
[2024-06-08T12:08:37.481+0000] {logging_mixin.py:188} INFO - [2024-06-08T12:08:37.481+0000] {dagbag.py:545} INFO - Filling up the DagBag from /home/airflow/.local/lib/python3.12/site-packages/airflow/example_dags/example_local_kubernetes_executor.py
[2024-06-08T12:08:37.498+0000] {processor.py:840} INFO - DAG(s) 'example_local_kubernetes_executor' retrieved from /home/airflow/.local/lib/python3.12/site-packages/airflow/example_dags/example_local_kubernetes_executor.py
[2024-06-08T12:08:37.567+0000] {logging_mixin.py:188} INFO - [2024-06-08T12:08:37.566+0000] {dag.py:3096} INFO - Sync 1 DAGs
[2024-06-08T12:08:37.589+0000] {logging_mixin.py:188} INFO - [2024-06-08T12:08:37.588+0000] {dag.py:3954} INFO - Setting next_dagrun for example_local_kubernetes_executor to None, run_after=None
[2024-06-08T12:08:37.616+0000] {processor.py:183} INFO - Processing /home/airflow/.local/lib/python3.12/site-packages/airflow/example_dags/example_local_kubernetes_executor.py took 0.149 seconds
[2024-06-08T12:09:08.295+0000] {processor.py:161} INFO - Started process (PID=63902) to work on /home/airflow/.local/lib/python3.12/site-packages/airflow/example_dags/example_local_kubernetes_executor.py
[2024-06-08T12:09:08.296+0000] {processor.py:830} INFO - Processing file /home/airflow/.local/lib/python3.12/site-packages/airflow/example_dags/example_local_kubernetes_executor.py for tasks to queue
[2024-06-08T12:09:08.298+0000] {logging_mixin.py:188} INFO - [2024-06-08T12:09:08.297+0000] {dagbag.py:545} INFO - Filling up the DagBag from /home/airflow/.local/lib/python3.12/site-packages/airflow/example_dags/example_local_kubernetes_executor.py
[2024-06-08T12:09:08.307+0000] {processor.py:840} INFO - DAG(s) 'example_local_kubernetes_executor' retrieved from /home/airflow/.local/lib/python3.12/site-packages/airflow/example_dags/example_local_kubernetes_executor.py
[2024-06-08T12:09:08.350+0000] {logging_mixin.py:188} INFO - [2024-06-08T12:09:08.350+0000] {dag.py:3096} INFO - Sync 1 DAGs
[2024-06-08T12:09:08.366+0000] {logging_mixin.py:188} INFO - [2024-06-08T12:09:08.366+0000] {dag.py:3954} INFO - Setting next_dagrun for example_local_kubernetes_executor to None, run_after=None
[2024-06-08T12:09:08.390+0000] {processor.py:183} INFO - Processing /home/airflow/.local/lib/python3.12/site-packages/airflow/example_dags/example_local_kubernetes_executor.py took 0.102 seconds
[2024-06-08T13:09:59.144+0000] {processor.py:161} INFO - Started process (PID=63962) to work on /home/airflow/.local/lib/python3.12/site-packages/airflow/example_dags/example_local_kubernetes_executor.py
[2024-06-08T13:09:59.146+0000] {processor.py:830} INFO - Processing file /home/airflow/.local/lib/python3.12/site-packages/airflow/example_dags/example_local_kubernetes_executor.py for tasks to queue
[2024-06-08T13:09:59.147+0000] {logging_mixin.py:188} INFO - [2024-06-08T13:09:59.147+0000] {dagbag.py:545} INFO - Filling up the DagBag from /home/airflow/.local/lib/python3.12/site-packages/airflow/example_dags/example_local_kubernetes_executor.py
[2024-06-08T13:09:59.156+0000] {processor.py:840} INFO - DAG(s) 'example_local_kubernetes_executor' retrieved from /home/airflow/.local/lib/python3.12/site-packages/airflow/example_dags/example_local_kubernetes_executor.py
[2024-06-08T13:09:59.200+0000] {logging_mixin.py:188} INFO - [2024-06-08T13:09:59.200+0000] {dag.py:3096} INFO - Sync 1 DAGs
[2024-06-08T13:09:59.217+0000] {logging_mixin.py:188} INFO - [2024-06-08T13:09:59.217+0000] {dag.py:3954} INFO - Setting next_dagrun for example_local_kubernetes_executor to None, run_after=None
[2024-06-08T13:09:59.241+0000] {processor.py:183} INFO - Processing /home/airflow/.local/lib/python3.12/site-packages/airflow/example_dags/example_local_kubernetes_executor.py took 0.105 seconds
[2024-06-08T14:10:54.929+0000] {processor.py:161} INFO - Started process (PID=64022) to work on /home/airflow/.local/lib/python3.12/site-packages/airflow/example_dags/example_local_kubernetes_executor.py
[2024-06-08T14:10:54.931+0000] {processor.py:830} INFO - Processing file /home/airflow/.local/lib/python3.12/site-packages/airflow/example_dags/example_local_kubernetes_executor.py for tasks to queue
[2024-06-08T14:10:54.933+0000] {logging_mixin.py:188} INFO - [2024-06-08T14:10:54.932+0000] {dagbag.py:545} INFO - Filling up the DagBag from /home/airflow/.local/lib/python3.12/site-packages/airflow/example_dags/example_local_kubernetes_executor.py
[2024-06-08T14:10:54.950+0000] {processor.py:840} INFO - DAG(s) 'example_local_kubernetes_executor' retrieved from /home/airflow/.local/lib/python3.12/site-packages/airflow/example_dags/example_local_kubernetes_executor.py
[2024-06-08T14:10:55.032+0000] {logging_mixin.py:188} INFO - [2024-06-08T14:10:55.031+0000] {dag.py:3096} INFO - Sync 1 DAGs
[2024-06-08T14:10:55.058+0000] {logging_mixin.py:188} INFO - [2024-06-08T14:10:55.057+0000] {dag.py:3954} INFO - Setting next_dagrun for example_local_kubernetes_executor to None, run_after=None
[2024-06-08T14:10:55.089+0000] {processor.py:183} INFO - Processing /home/airflow/.local/lib/python3.12/site-packages/airflow/example_dags/example_local_kubernetes_executor.py took 0.173 seconds
[2024-06-08T14:11:25.656+0000] {processor.py:161} INFO - Started process (PID=64082) to work on /home/airflow/.local/lib/python3.12/site-packages/airflow/example_dags/example_local_kubernetes_executor.py
[2024-06-08T14:11:25.658+0000] {processor.py:830} INFO - Processing file /home/airflow/.local/lib/python3.12/site-packages/airflow/example_dags/example_local_kubernetes_executor.py for tasks to queue
[2024-06-08T14:11:25.659+0000] {logging_mixin.py:188} INFO - [2024-06-08T14:11:25.658+0000] {dagbag.py:545} INFO - Filling up the DagBag from /home/airflow/.local/lib/python3.12/site-packages/airflow/example_dags/example_local_kubernetes_executor.py
[2024-06-08T14:11:25.668+0000] {processor.py:840} INFO - DAG(s) 'example_local_kubernetes_executor' retrieved from /home/airflow/.local/lib/python3.12/site-packages/airflow/example_dags/example_local_kubernetes_executor.py
[2024-06-08T14:11:25.712+0000] {logging_mixin.py:188} INFO - [2024-06-08T14:11:25.711+0000] {dag.py:3096} INFO - Sync 1 DAGs
[2024-06-08T14:11:25.729+0000] {logging_mixin.py:188} INFO - [2024-06-08T14:11:25.729+0000] {dag.py:3954} INFO - Setting next_dagrun for example_local_kubernetes_executor to None, run_after=None
[2024-06-08T14:11:25.753+0000] {processor.py:183} INFO - Processing /home/airflow/.local/lib/python3.12/site-packages/airflow/example_dags/example_local_kubernetes_executor.py took 0.104 seconds
[2024-06-08T15:12:11.045+0000] {processor.py:161} INFO - Started process (PID=64142) to work on /home/airflow/.local/lib/python3.12/site-packages/airflow/example_dags/example_local_kubernetes_executor.py
[2024-06-08T15:12:11.047+0000] {processor.py:830} INFO - Processing file /home/airflow/.local/lib/python3.12/site-packages/airflow/example_dags/example_local_kubernetes_executor.py for tasks to queue
[2024-06-08T15:12:11.048+0000] {logging_mixin.py:188} INFO - [2024-06-08T15:12:11.048+0000] {dagbag.py:545} INFO - Filling up the DagBag from /home/airflow/.local/lib/python3.12/site-packages/airflow/example_dags/example_local_kubernetes_executor.py
[2024-06-08T15:12:11.061+0000] {processor.py:840} INFO - DAG(s) 'example_local_kubernetes_executor' retrieved from /home/airflow/.local/lib/python3.12/site-packages/airflow/example_dags/example_local_kubernetes_executor.py
[2024-06-08T15:12:11.112+0000] {logging_mixin.py:188} INFO - [2024-06-08T15:12:11.112+0000] {dag.py:3096} INFO - Sync 1 DAGs
[2024-06-08T15:12:11.129+0000] {logging_mixin.py:188} INFO - [2024-06-08T15:12:11.129+0000] {dag.py:3954} INFO - Setting next_dagrun for example_local_kubernetes_executor to None, run_after=None
[2024-06-08T15:12:11.154+0000] {processor.py:183} INFO - Processing /home/airflow/.local/lib/python3.12/site-packages/airflow/example_dags/example_local_kubernetes_executor.py took 0.117 seconds
[2024-06-08T16:13:12.415+0000] {processor.py:161} INFO - Started process (PID=64202) to work on /home/airflow/.local/lib/python3.12/site-packages/airflow/example_dags/example_local_kubernetes_executor.py
[2024-06-08T16:13:12.418+0000] {processor.py:830} INFO - Processing file /home/airflow/.local/lib/python3.12/site-packages/airflow/example_dags/example_local_kubernetes_executor.py for tasks to queue
[2024-06-08T16:13:12.420+0000] {logging_mixin.py:188} INFO - [2024-06-08T16:13:12.420+0000] {dagbag.py:545} INFO - Filling up the DagBag from /home/airflow/.local/lib/python3.12/site-packages/airflow/example_dags/example_local_kubernetes_executor.py
[2024-06-08T16:13:12.440+0000] {processor.py:840} INFO - DAG(s) 'example_local_kubernetes_executor' retrieved from /home/airflow/.local/lib/python3.12/site-packages/airflow/example_dags/example_local_kubernetes_executor.py
[2024-06-08T16:13:12.537+0000] {logging_mixin.py:188} INFO - [2024-06-08T16:13:12.536+0000] {dag.py:3096} INFO - Sync 1 DAGs
[2024-06-08T16:13:12.564+0000] {logging_mixin.py:188} INFO - [2024-06-08T16:13:12.564+0000] {dag.py:3954} INFO - Setting next_dagrun for example_local_kubernetes_executor to None, run_after=None
[2024-06-08T16:13:12.608+0000] {processor.py:183} INFO - Processing /home/airflow/.local/lib/python3.12/site-packages/airflow/example_dags/example_local_kubernetes_executor.py took 0.221 seconds
[2024-06-08T16:13:54.194+0000] {processor.py:161} INFO - Started process (PID=64268) to work on /home/airflow/.local/lib/python3.12/site-packages/airflow/example_dags/example_local_kubernetes_executor.py
[2024-06-08T16:13:54.196+0000] {processor.py:830} INFO - Processing file /home/airflow/.local/lib/python3.12/site-packages/airflow/example_dags/example_local_kubernetes_executor.py for tasks to queue
[2024-06-08T16:13:54.198+0000] {logging_mixin.py:188} INFO - [2024-06-08T16:13:54.198+0000] {dagbag.py:545} INFO - Filling up the DagBag from /home/airflow/.local/lib/python3.12/site-packages/airflow/example_dags/example_local_kubernetes_executor.py
[2024-06-08T16:13:54.218+0000] {processor.py:840} INFO - DAG(s) 'example_local_kubernetes_executor' retrieved from /home/airflow/.local/lib/python3.12/site-packages/airflow/example_dags/example_local_kubernetes_executor.py
[2024-06-08T16:13:54.302+0000] {logging_mixin.py:188} INFO - [2024-06-08T16:13:54.301+0000] {dag.py:3096} INFO - Sync 1 DAGs
[2024-06-08T16:13:54.330+0000] {logging_mixin.py:188} INFO - [2024-06-08T16:13:54.330+0000] {dag.py:3954} INFO - Setting next_dagrun for example_local_kubernetes_executor to None, run_after=None
[2024-06-08T16:13:54.369+0000] {processor.py:183} INFO - Processing /home/airflow/.local/lib/python3.12/site-packages/airflow/example_dags/example_local_kubernetes_executor.py took 0.187 seconds
[2024-06-08T17:14:33.826+0000] {processor.py:161} INFO - Started process (PID=64322) to work on /home/airflow/.local/lib/python3.12/site-packages/airflow/example_dags/example_local_kubernetes_executor.py
[2024-06-08T17:14:33.827+0000] {processor.py:830} INFO - Processing file /home/airflow/.local/lib/python3.12/site-packages/airflow/example_dags/example_local_kubernetes_executor.py for tasks to queue
[2024-06-08T17:14:33.829+0000] {logging_mixin.py:188} INFO - [2024-06-08T17:14:33.828+0000] {dagbag.py:545} INFO - Filling up the DagBag from /home/airflow/.local/lib/python3.12/site-packages/airflow/example_dags/example_local_kubernetes_executor.py
[2024-06-08T17:14:33.841+0000] {processor.py:840} INFO - DAG(s) 'example_local_kubernetes_executor' retrieved from /home/airflow/.local/lib/python3.12/site-packages/airflow/example_dags/example_local_kubernetes_executor.py
[2024-06-08T17:14:33.902+0000] {logging_mixin.py:188} INFO - [2024-06-08T17:14:33.901+0000] {dag.py:3096} INFO - Sync 1 DAGs
[2024-06-08T17:14:33.939+0000] {logging_mixin.py:188} INFO - [2024-06-08T17:14:33.938+0000] {dag.py:3954} INFO - Setting next_dagrun for example_local_kubernetes_executor to None, run_after=None
[2024-06-08T17:14:33.965+0000] {processor.py:183} INFO - Processing /home/airflow/.local/lib/python3.12/site-packages/airflow/example_dags/example_local_kubernetes_executor.py took 0.146 seconds
[2024-06-08T18:08:38.745+0000] {processor.py:161} INFO - Started process (PID=64382) to work on /home/airflow/.local/lib/python3.12/site-packages/airflow/example_dags/example_local_kubernetes_executor.py
[2024-06-08T18:08:38.747+0000] {processor.py:830} INFO - Processing file /home/airflow/.local/lib/python3.12/site-packages/airflow/example_dags/example_local_kubernetes_executor.py for tasks to queue
[2024-06-08T18:08:38.749+0000] {logging_mixin.py:188} INFO - [2024-06-08T18:08:38.749+0000] {dagbag.py:545} INFO - Filling up the DagBag from /home/airflow/.local/lib/python3.12/site-packages/airflow/example_dags/example_local_kubernetes_executor.py
[2024-06-08T18:08:38.768+0000] {processor.py:840} INFO - DAG(s) 'example_local_kubernetes_executor' retrieved from /home/airflow/.local/lib/python3.12/site-packages/airflow/example_dags/example_local_kubernetes_executor.py
[2024-06-08T18:08:38.860+0000] {logging_mixin.py:188} INFO - [2024-06-08T18:08:38.859+0000] {dag.py:3096} INFO - Sync 1 DAGs
[2024-06-08T18:08:38.905+0000] {logging_mixin.py:188} INFO - [2024-06-08T18:08:38.905+0000] {dag.py:3954} INFO - Setting next_dagrun for example_local_kubernetes_executor to None, run_after=None
[2024-06-08T18:08:38.969+0000] {processor.py:183} INFO - Processing /home/airflow/.local/lib/python3.12/site-packages/airflow/example_dags/example_local_kubernetes_executor.py took 0.233 seconds
[2024-06-08T18:15:49.300+0000] {processor.py:161} INFO - Started process (PID=64442) to work on /home/airflow/.local/lib/python3.12/site-packages/airflow/example_dags/example_local_kubernetes_executor.py
[2024-06-08T18:15:49.301+0000] {processor.py:830} INFO - Processing file /home/airflow/.local/lib/python3.12/site-packages/airflow/example_dags/example_local_kubernetes_executor.py for tasks to queue
[2024-06-08T18:15:49.302+0000] {logging_mixin.py:188} INFO - [2024-06-08T18:15:49.302+0000] {dagbag.py:545} INFO - Filling up the DagBag from /home/airflow/.local/lib/python3.12/site-packages/airflow/example_dags/example_local_kubernetes_executor.py
[2024-06-08T18:15:49.313+0000] {processor.py:840} INFO - DAG(s) 'example_local_kubernetes_executor' retrieved from /home/airflow/.local/lib/python3.12/site-packages/airflow/example_dags/example_local_kubernetes_executor.py
[2024-06-08T18:15:49.360+0000] {logging_mixin.py:188} INFO - [2024-06-08T18:15:49.359+0000] {dag.py:3096} INFO - Sync 1 DAGs
[2024-06-08T18:15:49.379+0000] {logging_mixin.py:188} INFO - [2024-06-08T18:15:49.379+0000] {dag.py:3954} INFO - Setting next_dagrun for example_local_kubernetes_executor to None, run_after=None
[2024-06-08T18:15:49.402+0000] {processor.py:183} INFO - Processing /home/airflow/.local/lib/python3.12/site-packages/airflow/example_dags/example_local_kubernetes_executor.py took 0.110 seconds
[2024-06-08T18:52:16.287+0000] {processor.py:161} INFO - Started process (PID=64502) to work on /home/airflow/.local/lib/python3.12/site-packages/airflow/example_dags/example_local_kubernetes_executor.py
[2024-06-08T18:52:16.289+0000] {processor.py:830} INFO - Processing file /home/airflow/.local/lib/python3.12/site-packages/airflow/example_dags/example_local_kubernetes_executor.py for tasks to queue
[2024-06-08T18:52:16.290+0000] {logging_mixin.py:188} INFO - [2024-06-08T18:52:16.289+0000] {dagbag.py:545} INFO - Filling up the DagBag from /home/airflow/.local/lib/python3.12/site-packages/airflow/example_dags/example_local_kubernetes_executor.py
[2024-06-08T18:52:16.302+0000] {processor.py:840} INFO - DAG(s) 'example_local_kubernetes_executor' retrieved from /home/airflow/.local/lib/python3.12/site-packages/airflow/example_dags/example_local_kubernetes_executor.py
[2024-06-08T18:52:16.354+0000] {logging_mixin.py:188} INFO - [2024-06-08T18:52:16.354+0000] {dag.py:3096} INFO - Sync 1 DAGs
[2024-06-08T18:52:16.371+0000] {logging_mixin.py:188} INFO - [2024-06-08T18:52:16.370+0000] {dag.py:3954} INFO - Setting next_dagrun for example_local_kubernetes_executor to None, run_after=None
[2024-06-08T18:52:16.397+0000] {processor.py:183} INFO - Processing /home/airflow/.local/lib/python3.12/site-packages/airflow/example_dags/example_local_kubernetes_executor.py took 0.118 seconds
[2024-06-08T18:52:50.725+0000] {processor.py:161} INFO - Started process (PID=64562) to work on /home/airflow/.local/lib/python3.12/site-packages/airflow/example_dags/example_local_kubernetes_executor.py
[2024-06-08T18:52:50.726+0000] {processor.py:830} INFO - Processing file /home/airflow/.local/lib/python3.12/site-packages/airflow/example_dags/example_local_kubernetes_executor.py for tasks to queue
[2024-06-08T18:52:50.728+0000] {logging_mixin.py:188} INFO - [2024-06-08T18:52:50.728+0000] {dagbag.py:545} INFO - Filling up the DagBag from /home/airflow/.local/lib/python3.12/site-packages/airflow/example_dags/example_local_kubernetes_executor.py
[2024-06-08T18:52:50.746+0000] {processor.py:840} INFO - DAG(s) 'example_local_kubernetes_executor' retrieved from /home/airflow/.local/lib/python3.12/site-packages/airflow/example_dags/example_local_kubernetes_executor.py
[2024-06-08T18:52:50.827+0000] {logging_mixin.py:188} INFO - [2024-06-08T18:52:50.826+0000] {dag.py:3096} INFO - Sync 1 DAGs
[2024-06-08T18:52:50.855+0000] {logging_mixin.py:188} INFO - [2024-06-08T18:52:50.854+0000] {dag.py:3954} INFO - Setting next_dagrun for example_local_kubernetes_executor to None, run_after=None
[2024-06-08T18:52:50.894+0000] {processor.py:183} INFO - Processing /home/airflow/.local/lib/python3.12/site-packages/airflow/example_dags/example_local_kubernetes_executor.py took 0.181 seconds
[2024-06-08T19:12:40.102+0000] {processor.py:161} INFO - Started process (PID=64622) to work on /home/airflow/.local/lib/python3.12/site-packages/airflow/example_dags/example_local_kubernetes_executor.py
[2024-06-08T19:12:40.103+0000] {processor.py:830} INFO - Processing file /home/airflow/.local/lib/python3.12/site-packages/airflow/example_dags/example_local_kubernetes_executor.py for tasks to queue
[2024-06-08T19:12:40.104+0000] {logging_mixin.py:188} INFO - [2024-06-08T19:12:40.104+0000] {dagbag.py:545} INFO - Filling up the DagBag from /home/airflow/.local/lib/python3.12/site-packages/airflow/example_dags/example_local_kubernetes_executor.py
[2024-06-08T19:12:40.113+0000] {processor.py:840} INFO - DAG(s) 'example_local_kubernetes_executor' retrieved from /home/airflow/.local/lib/python3.12/site-packages/airflow/example_dags/example_local_kubernetes_executor.py
[2024-06-08T19:12:40.158+0000] {logging_mixin.py:188} INFO - [2024-06-08T19:12:40.158+0000] {dag.py:3096} INFO - Sync 1 DAGs
[2024-06-08T19:12:40.176+0000] {logging_mixin.py:188} INFO - [2024-06-08T19:12:40.176+0000] {dag.py:3954} INFO - Setting next_dagrun for example_local_kubernetes_executor to None, run_after=None
[2024-06-08T19:12:40.199+0000] {processor.py:183} INFO - Processing /home/airflow/.local/lib/python3.12/site-packages/airflow/example_dags/example_local_kubernetes_executor.py took 0.104 seconds
[2024-06-08T19:16:53.386+0000] {processor.py:161} INFO - Started process (PID=64682) to work on /home/airflow/.local/lib/python3.12/site-packages/airflow/example_dags/example_local_kubernetes_executor.py
[2024-06-08T19:16:53.387+0000] {processor.py:830} INFO - Processing file /home/airflow/.local/lib/python3.12/site-packages/airflow/example_dags/example_local_kubernetes_executor.py for tasks to queue
[2024-06-08T19:16:53.389+0000] {logging_mixin.py:188} INFO - [2024-06-08T19:16:53.389+0000] {dagbag.py:545} INFO - Filling up the DagBag from /home/airflow/.local/lib/python3.12/site-packages/airflow/example_dags/example_local_kubernetes_executor.py
[2024-06-08T19:16:53.401+0000] {processor.py:840} INFO - DAG(s) 'example_local_kubernetes_executor' retrieved from /home/airflow/.local/lib/python3.12/site-packages/airflow/example_dags/example_local_kubernetes_executor.py
[2024-06-08T19:16:53.456+0000] {logging_mixin.py:188} INFO - [2024-06-08T19:16:53.456+0000] {dag.py:3096} INFO - Sync 1 DAGs
[2024-06-08T19:16:53.472+0000] {logging_mixin.py:188} INFO - [2024-06-08T19:16:53.472+0000] {dag.py:3954} INFO - Setting next_dagrun for example_local_kubernetes_executor to None, run_after=None
[2024-06-08T19:16:53.496+0000] {processor.py:183} INFO - Processing /home/airflow/.local/lib/python3.12/site-packages/airflow/example_dags/example_local_kubernetes_executor.py took 0.118 seconds
[2024-06-08T20:17:50.930+0000] {processor.py:161} INFO - Started process (PID=64742) to work on /home/airflow/.local/lib/python3.12/site-packages/airflow/example_dags/example_local_kubernetes_executor.py
[2024-06-08T20:17:50.932+0000] {processor.py:830} INFO - Processing file /home/airflow/.local/lib/python3.12/site-packages/airflow/example_dags/example_local_kubernetes_executor.py for tasks to queue
[2024-06-08T20:17:50.934+0000] {logging_mixin.py:188} INFO - [2024-06-08T20:17:50.933+0000] {dagbag.py:545} INFO - Filling up the DagBag from /home/airflow/.local/lib/python3.12/site-packages/airflow/example_dags/example_local_kubernetes_executor.py
[2024-06-08T20:17:50.953+0000] {processor.py:840} INFO - DAG(s) 'example_local_kubernetes_executor' retrieved from /home/airflow/.local/lib/python3.12/site-packages/airflow/example_dags/example_local_kubernetes_executor.py
[2024-06-08T20:17:51.040+0000] {logging_mixin.py:188} INFO - [2024-06-08T20:17:51.039+0000] {dag.py:3096} INFO - Sync 1 DAGs
[2024-06-08T20:17:51.065+0000] {logging_mixin.py:188} INFO - [2024-06-08T20:17:51.065+0000] {dag.py:3954} INFO - Setting next_dagrun for example_local_kubernetes_executor to None, run_after=None
[2024-06-08T20:17:51.108+0000] {processor.py:183} INFO - Processing /home/airflow/.local/lib/python3.12/site-packages/airflow/example_dags/example_local_kubernetes_executor.py took 0.190 seconds
[2024-06-08T20:18:33.112+0000] {processor.py:161} INFO - Started process (PID=64802) to work on /home/airflow/.local/lib/python3.12/site-packages/airflow/example_dags/example_local_kubernetes_executor.py
[2024-06-08T20:18:33.114+0000] {processor.py:830} INFO - Processing file /home/airflow/.local/lib/python3.12/site-packages/airflow/example_dags/example_local_kubernetes_executor.py for tasks to queue
[2024-06-08T20:18:33.117+0000] {logging_mixin.py:188} INFO - [2024-06-08T20:18:33.117+0000] {dagbag.py:545} INFO - Filling up the DagBag from /home/airflow/.local/lib/python3.12/site-packages/airflow/example_dags/example_local_kubernetes_executor.py
[2024-06-08T20:18:33.139+0000] {processor.py:840} INFO - DAG(s) 'example_local_kubernetes_executor' retrieved from /home/airflow/.local/lib/python3.12/site-packages/airflow/example_dags/example_local_kubernetes_executor.py
[2024-06-08T20:18:33.231+0000] {logging_mixin.py:188} INFO - [2024-06-08T20:18:33.231+0000] {dag.py:3096} INFO - Sync 1 DAGs
[2024-06-08T20:18:33.259+0000] {logging_mixin.py:188} INFO - [2024-06-08T20:18:33.259+0000] {dag.py:3954} INFO - Setting next_dagrun for example_local_kubernetes_executor to None, run_after=None
[2024-06-08T20:18:33.307+0000] {processor.py:183} INFO - Processing /home/airflow/.local/lib/python3.12/site-packages/airflow/example_dags/example_local_kubernetes_executor.py took 0.218 seconds
