[2024-06-08T02:26:00.416+0000] {processor.py:161} INFO - Started process (PID=63202) to work on /home/airflow/.local/lib/python3.12/site-packages/airflow/example_dags/example_branch_labels.py
[2024-06-08T02:26:00.421+0000] {processor.py:830} INFO - Processing file /home/airflow/.local/lib/python3.12/site-packages/airflow/example_dags/example_branch_labels.py for tasks to queue
[2024-06-08T02:26:00.423+0000] {logging_mixin.py:188} INFO - [2024-06-08T02:26:00.422+0000] {dagbag.py:545} INFO - Filling up the DagBag from /home/airflow/.local/lib/python3.12/site-packages/airflow/example_dags/example_branch_labels.py
[2024-06-08T02:26:00.433+0000] {processor.py:840} INFO - DAG(s) 'example_branch_labels' retrieved from /home/airflow/.local/lib/python3.12/site-packages/airflow/example_dags/example_branch_labels.py
[2024-06-08T02:26:00.471+0000] {logging_mixin.py:188} INFO - [2024-06-08T02:26:00.471+0000] {dag.py:3096} INFO - Sync 1 DAGs
[2024-06-08T02:26:00.501+0000] {logging_mixin.py:188} INFO - [2024-06-08T02:26:00.501+0000] {dag.py:3954} INFO - Setting next_dagrun for example_branch_labels to 2024-06-07 00:00:00+00:00, run_after=2024-06-08 00:00:00+00:00
[2024-06-08T02:26:00.525+0000] {processor.py:183} INFO - Processing /home/airflow/.local/lib/python3.12/site-packages/airflow/example_dags/example_branch_labels.py took 0.118 seconds
[2024-06-08T02:26:33.729+0000] {processor.py:161} INFO - Started process (PID=63261) to work on /home/airflow/.local/lib/python3.12/site-packages/airflow/example_dags/example_branch_labels.py
[2024-06-08T02:26:33.731+0000] {processor.py:830} INFO - Processing file /home/airflow/.local/lib/python3.12/site-packages/airflow/example_dags/example_branch_labels.py for tasks to queue
[2024-06-08T02:26:33.732+0000] {logging_mixin.py:188} INFO - [2024-06-08T02:26:33.732+0000] {dagbag.py:545} INFO - Filling up the DagBag from /home/airflow/.local/lib/python3.12/site-packages/airflow/example_dags/example_branch_labels.py
[2024-06-08T02:26:33.746+0000] {processor.py:840} INFO - DAG(s) 'example_branch_labels' retrieved from /home/airflow/.local/lib/python3.12/site-packages/airflow/example_dags/example_branch_labels.py
[2024-06-08T02:26:33.780+0000] {logging_mixin.py:188} INFO - [2024-06-08T02:26:33.779+0000] {dag.py:3096} INFO - Sync 1 DAGs
[2024-06-08T02:26:33.813+0000] {logging_mixin.py:188} INFO - [2024-06-08T02:26:33.813+0000] {dag.py:3954} INFO - Setting next_dagrun for example_branch_labels to 2024-06-07 00:00:00+00:00, run_after=2024-06-08 00:00:00+00:00
[2024-06-08T02:26:33.843+0000] {processor.py:183} INFO - Processing /home/airflow/.local/lib/python3.12/site-packages/airflow/example_dags/example_branch_labels.py took 0.123 seconds
[2024-06-08T07:02:56.272+0000] {processor.py:161} INFO - Started process (PID=63315) to work on /home/airflow/.local/lib/python3.12/site-packages/airflow/example_dags/example_branch_labels.py
[2024-06-08T07:02:56.274+0000] {processor.py:830} INFO - Processing file /home/airflow/.local/lib/python3.12/site-packages/airflow/example_dags/example_branch_labels.py for tasks to queue
[2024-06-08T07:02:56.275+0000] {logging_mixin.py:188} INFO - [2024-06-08T07:02:56.274+0000] {dagbag.py:545} INFO - Filling up the DagBag from /home/airflow/.local/lib/python3.12/site-packages/airflow/example_dags/example_branch_labels.py
[2024-06-08T07:02:56.285+0000] {processor.py:840} INFO - DAG(s) 'example_branch_labels' retrieved from /home/airflow/.local/lib/python3.12/site-packages/airflow/example_dags/example_branch_labels.py
[2024-06-08T07:02:56.334+0000] {logging_mixin.py:188} INFO - [2024-06-08T07:02:56.334+0000] {dag.py:3096} INFO - Sync 1 DAGs
[2024-06-08T07:02:56.380+0000] {logging_mixin.py:188} INFO - [2024-06-08T07:02:56.380+0000] {dag.py:3954} INFO - Setting next_dagrun for example_branch_labels to 2024-06-07 00:00:00+00:00, run_after=2024-06-08 00:00:00+00:00
[2024-06-08T07:02:56.410+0000] {processor.py:183} INFO - Processing /home/airflow/.local/lib/python3.12/site-packages/airflow/example_dags/example_branch_labels.py took 0.146 seconds
[2024-06-08T07:15:55.224+0000] {processor.py:161} INFO - Started process (PID=63381) to work on /home/airflow/.local/lib/python3.12/site-packages/airflow/example_dags/example_branch_labels.py
[2024-06-08T07:15:55.226+0000] {processor.py:830} INFO - Processing file /home/airflow/.local/lib/python3.12/site-packages/airflow/example_dags/example_branch_labels.py for tasks to queue
[2024-06-08T07:15:55.227+0000] {logging_mixin.py:188} INFO - [2024-06-08T07:15:55.227+0000] {dagbag.py:545} INFO - Filling up the DagBag from /home/airflow/.local/lib/python3.12/site-packages/airflow/example_dags/example_branch_labels.py
[2024-06-08T07:15:55.237+0000] {processor.py:840} INFO - DAG(s) 'example_branch_labels' retrieved from /home/airflow/.local/lib/python3.12/site-packages/airflow/example_dags/example_branch_labels.py
[2024-06-08T07:15:55.265+0000] {logging_mixin.py:188} INFO - [2024-06-08T07:15:55.265+0000] {dag.py:3096} INFO - Sync 1 DAGs
[2024-06-08T07:15:55.301+0000] {logging_mixin.py:188} INFO - [2024-06-08T07:15:55.301+0000] {dag.py:3954} INFO - Setting next_dagrun for example_branch_labels to 2024-06-07 00:00:00+00:00, run_after=2024-06-08 00:00:00+00:00
[2024-06-08T07:15:55.328+0000] {processor.py:183} INFO - Processing /home/airflow/.local/lib/python3.12/site-packages/airflow/example_dags/example_branch_labels.py took 0.112 seconds
[2024-06-08T08:04:11.069+0000] {processor.py:161} INFO - Started process (PID=63435) to work on /home/airflow/.local/lib/python3.12/site-packages/airflow/example_dags/example_branch_labels.py
[2024-06-08T08:04:11.071+0000] {processor.py:830} INFO - Processing file /home/airflow/.local/lib/python3.12/site-packages/airflow/example_dags/example_branch_labels.py for tasks to queue
[2024-06-08T08:04:11.073+0000] {logging_mixin.py:188} INFO - [2024-06-08T08:04:11.072+0000] {dagbag.py:545} INFO - Filling up the DagBag from /home/airflow/.local/lib/python3.12/site-packages/airflow/example_dags/example_branch_labels.py
[2024-06-08T08:04:11.085+0000] {processor.py:840} INFO - DAG(s) 'example_branch_labels' retrieved from /home/airflow/.local/lib/python3.12/site-packages/airflow/example_dags/example_branch_labels.py
[2024-06-08T08:04:11.119+0000] {logging_mixin.py:188} INFO - [2024-06-08T08:04:11.119+0000] {dag.py:3096} INFO - Sync 1 DAGs
[2024-06-08T08:04:11.156+0000] {logging_mixin.py:188} INFO - [2024-06-08T08:04:11.156+0000] {dag.py:3954} INFO - Setting next_dagrun for example_branch_labels to 2024-06-07 00:00:00+00:00, run_after=2024-06-08 00:00:00+00:00
[2024-06-08T08:04:11.183+0000] {processor.py:183} INFO - Processing /home/airflow/.local/lib/python3.12/site-packages/airflow/example_dags/example_branch_labels.py took 0.124 seconds
[2024-06-08T09:05:09.816+0000] {processor.py:161} INFO - Started process (PID=63501) to work on /home/airflow/.local/lib/python3.12/site-packages/airflow/example_dags/example_branch_labels.py
[2024-06-08T09:05:09.818+0000] {processor.py:830} INFO - Processing file /home/airflow/.local/lib/python3.12/site-packages/airflow/example_dags/example_branch_labels.py for tasks to queue
[2024-06-08T09:05:09.820+0000] {logging_mixin.py:188} INFO - [2024-06-08T09:05:09.820+0000] {dagbag.py:545} INFO - Filling up the DagBag from /home/airflow/.local/lib/python3.12/site-packages/airflow/example_dags/example_branch_labels.py
[2024-06-08T09:05:09.837+0000] {processor.py:840} INFO - DAG(s) 'example_branch_labels' retrieved from /home/airflow/.local/lib/python3.12/site-packages/airflow/example_dags/example_branch_labels.py
[2024-06-08T09:05:09.892+0000] {logging_mixin.py:188} INFO - [2024-06-08T09:05:09.891+0000] {dag.py:3096} INFO - Sync 1 DAGs
[2024-06-08T09:05:09.967+0000] {logging_mixin.py:188} INFO - [2024-06-08T09:05:09.965+0000] {dag.py:3954} INFO - Setting next_dagrun for example_branch_labels to 2024-06-07 00:00:00+00:00, run_after=2024-06-08 00:00:00+00:00
[2024-06-08T09:05:10.028+0000] {processor.py:183} INFO - Processing /home/airflow/.local/lib/python3.12/site-packages/airflow/example_dags/example_branch_labels.py took 0.224 seconds
[2024-06-08T09:05:51.348+0000] {processor.py:161} INFO - Started process (PID=63561) to work on /home/airflow/.local/lib/python3.12/site-packages/airflow/example_dags/example_branch_labels.py
[2024-06-08T09:05:51.351+0000] {processor.py:830} INFO - Processing file /home/airflow/.local/lib/python3.12/site-packages/airflow/example_dags/example_branch_labels.py for tasks to queue
[2024-06-08T09:05:51.353+0000] {logging_mixin.py:188} INFO - [2024-06-08T09:05:51.353+0000] {dagbag.py:545} INFO - Filling up the DagBag from /home/airflow/.local/lib/python3.12/site-packages/airflow/example_dags/example_branch_labels.py
[2024-06-08T09:05:51.371+0000] {processor.py:840} INFO - DAG(s) 'example_branch_labels' retrieved from /home/airflow/.local/lib/python3.12/site-packages/airflow/example_dags/example_branch_labels.py
[2024-06-08T09:05:51.426+0000] {logging_mixin.py:188} INFO - [2024-06-08T09:05:51.425+0000] {dag.py:3096} INFO - Sync 1 DAGs
[2024-06-08T09:05:51.497+0000] {logging_mixin.py:188} INFO - [2024-06-08T09:05:51.497+0000] {dag.py:3954} INFO - Setting next_dagrun for example_branch_labels to 2024-06-07 00:00:00+00:00, run_after=2024-06-08 00:00:00+00:00
[2024-06-08T09:05:51.539+0000] {processor.py:183} INFO - Processing /home/airflow/.local/lib/python3.12/site-packages/airflow/example_dags/example_branch_labels.py took 0.203 seconds
[2024-06-08T10:06:32.636+0000] {processor.py:161} INFO - Started process (PID=63615) to work on /home/airflow/.local/lib/python3.12/site-packages/airflow/example_dags/example_branch_labels.py
[2024-06-08T10:06:32.641+0000] {processor.py:830} INFO - Processing file /home/airflow/.local/lib/python3.12/site-packages/airflow/example_dags/example_branch_labels.py for tasks to queue
[2024-06-08T10:06:32.643+0000] {logging_mixin.py:188} INFO - [2024-06-08T10:06:32.642+0000] {dagbag.py:545} INFO - Filling up the DagBag from /home/airflow/.local/lib/python3.12/site-packages/airflow/example_dags/example_branch_labels.py
[2024-06-08T10:06:32.653+0000] {processor.py:840} INFO - DAG(s) 'example_branch_labels' retrieved from /home/airflow/.local/lib/python3.12/site-packages/airflow/example_dags/example_branch_labels.py
[2024-06-08T10:06:32.683+0000] {logging_mixin.py:188} INFO - [2024-06-08T10:06:32.683+0000] {dag.py:3096} INFO - Sync 1 DAGs
[2024-06-08T10:06:32.712+0000] {logging_mixin.py:188} INFO - [2024-06-08T10:06:32.712+0000] {dag.py:3954} INFO - Setting next_dagrun for example_branch_labels to 2024-06-07 00:00:00+00:00, run_after=2024-06-08 00:00:00+00:00
[2024-06-08T10:06:32.736+0000] {processor.py:183} INFO - Processing /home/airflow/.local/lib/python3.12/site-packages/airflow/example_dags/example_branch_labels.py took 0.107 seconds
[2024-06-08T10:39:05.160+0000] {processor.py:161} INFO - Started process (PID=63681) to work on /home/airflow/.local/lib/python3.12/site-packages/airflow/example_dags/example_branch_labels.py
[2024-06-08T10:39:05.162+0000] {processor.py:830} INFO - Processing file /home/airflow/.local/lib/python3.12/site-packages/airflow/example_dags/example_branch_labels.py for tasks to queue
[2024-06-08T10:39:05.172+0000] {logging_mixin.py:188} INFO - [2024-06-08T10:39:05.171+0000] {dagbag.py:545} INFO - Filling up the DagBag from /home/airflow/.local/lib/python3.12/site-packages/airflow/example_dags/example_branch_labels.py
[2024-06-08T10:39:05.194+0000] {processor.py:840} INFO - DAG(s) 'example_branch_labels' retrieved from /home/airflow/.local/lib/python3.12/site-packages/airflow/example_dags/example_branch_labels.py
[2024-06-08T10:39:05.263+0000] {logging_mixin.py:188} INFO - [2024-06-08T10:39:05.262+0000] {dag.py:3096} INFO - Sync 1 DAGs
[2024-06-08T10:39:05.372+0000] {logging_mixin.py:188} INFO - [2024-06-08T10:39:05.372+0000] {dag.py:3954} INFO - Setting next_dagrun for example_branch_labels to 2024-06-07 00:00:00+00:00, run_after=2024-06-08 00:00:00+00:00
[2024-06-08T10:39:05.427+0000] {processor.py:183} INFO - Processing /home/airflow/.local/lib/python3.12/site-packages/airflow/example_dags/example_branch_labels.py took 0.284 seconds
[2024-06-08T10:39:35.512+0000] {processor.py:161} INFO - Started process (PID=63741) to work on /home/airflow/.local/lib/python3.12/site-packages/airflow/example_dags/example_branch_labels.py
[2024-06-08T10:39:35.514+0000] {processor.py:830} INFO - Processing file /home/airflow/.local/lib/python3.12/site-packages/airflow/example_dags/example_branch_labels.py for tasks to queue
[2024-06-08T10:39:35.515+0000] {logging_mixin.py:188} INFO - [2024-06-08T10:39:35.515+0000] {dagbag.py:545} INFO - Filling up the DagBag from /home/airflow/.local/lib/python3.12/site-packages/airflow/example_dags/example_branch_labels.py
[2024-06-08T10:39:35.525+0000] {processor.py:840} INFO - DAG(s) 'example_branch_labels' retrieved from /home/airflow/.local/lib/python3.12/site-packages/airflow/example_dags/example_branch_labels.py
[2024-06-08T10:39:35.554+0000] {logging_mixin.py:188} INFO - [2024-06-08T10:39:35.554+0000] {dag.py:3096} INFO - Sync 1 DAGs
[2024-06-08T10:39:35.585+0000] {logging_mixin.py:188} INFO - [2024-06-08T10:39:35.584+0000] {dag.py:3954} INFO - Setting next_dagrun for example_branch_labels to 2024-06-07 00:00:00+00:00, run_after=2024-06-08 00:00:00+00:00
[2024-06-08T10:39:35.609+0000] {processor.py:183} INFO - Processing /home/airflow/.local/lib/python3.12/site-packages/airflow/example_dags/example_branch_labels.py took 0.104 seconds
[2024-06-08T11:07:37.929+0000] {processor.py:161} INFO - Started process (PID=63795) to work on /home/airflow/.local/lib/python3.12/site-packages/airflow/example_dags/example_branch_labels.py
[2024-06-08T11:07:37.931+0000] {processor.py:830} INFO - Processing file /home/airflow/.local/lib/python3.12/site-packages/airflow/example_dags/example_branch_labels.py for tasks to queue
[2024-06-08T11:07:37.933+0000] {logging_mixin.py:188} INFO - [2024-06-08T11:07:37.932+0000] {dagbag.py:545} INFO - Filling up the DagBag from /home/airflow/.local/lib/python3.12/site-packages/airflow/example_dags/example_branch_labels.py
[2024-06-08T11:07:37.944+0000] {processor.py:840} INFO - DAG(s) 'example_branch_labels' retrieved from /home/airflow/.local/lib/python3.12/site-packages/airflow/example_dags/example_branch_labels.py
[2024-06-08T11:07:37.973+0000] {logging_mixin.py:188} INFO - [2024-06-08T11:07:37.972+0000] {dag.py:3096} INFO - Sync 1 DAGs
[2024-06-08T11:07:38.002+0000] {logging_mixin.py:188} INFO - [2024-06-08T11:07:38.002+0000] {dag.py:3954} INFO - Setting next_dagrun for example_branch_labels to 2024-06-07 00:00:00+00:00, run_after=2024-06-08 00:00:00+00:00
[2024-06-08T11:07:38.026+0000] {processor.py:183} INFO - Processing /home/airflow/.local/lib/python3.12/site-packages/airflow/example_dags/example_branch_labels.py took 0.104 seconds
[2024-06-08T12:08:39.045+0000] {processor.py:161} INFO - Started process (PID=63862) to work on /home/airflow/.local/lib/python3.12/site-packages/airflow/example_dags/example_branch_labels.py
[2024-06-08T12:08:39.047+0000] {processor.py:830} INFO - Processing file /home/airflow/.local/lib/python3.12/site-packages/airflow/example_dags/example_branch_labels.py for tasks to queue
[2024-06-08T12:08:39.049+0000] {logging_mixin.py:188} INFO - [2024-06-08T12:08:39.049+0000] {dagbag.py:545} INFO - Filling up the DagBag from /home/airflow/.local/lib/python3.12/site-packages/airflow/example_dags/example_branch_labels.py
[2024-06-08T12:08:39.066+0000] {processor.py:840} INFO - DAG(s) 'example_branch_labels' retrieved from /home/airflow/.local/lib/python3.12/site-packages/airflow/example_dags/example_branch_labels.py
[2024-06-08T12:08:39.116+0000] {logging_mixin.py:188} INFO - [2024-06-08T12:08:39.115+0000] {dag.py:3096} INFO - Sync 1 DAGs
[2024-06-08T12:08:39.173+0000] {logging_mixin.py:188} INFO - [2024-06-08T12:08:39.172+0000] {dag.py:3954} INFO - Setting next_dagrun for example_branch_labels to 2024-06-07 00:00:00+00:00, run_after=2024-06-08 00:00:00+00:00
[2024-06-08T12:08:39.214+0000] {processor.py:183} INFO - Processing /home/airflow/.local/lib/python3.12/site-packages/airflow/example_dags/example_branch_labels.py took 0.181 seconds
[2024-06-08T12:09:09.539+0000] {processor.py:161} INFO - Started process (PID=63922) to work on /home/airflow/.local/lib/python3.12/site-packages/airflow/example_dags/example_branch_labels.py
[2024-06-08T12:09:09.541+0000] {processor.py:830} INFO - Processing file /home/airflow/.local/lib/python3.12/site-packages/airflow/example_dags/example_branch_labels.py for tasks to queue
[2024-06-08T12:09:09.542+0000] {logging_mixin.py:188} INFO - [2024-06-08T12:09:09.542+0000] {dagbag.py:545} INFO - Filling up the DagBag from /home/airflow/.local/lib/python3.12/site-packages/airflow/example_dags/example_branch_labels.py
[2024-06-08T12:09:09.555+0000] {processor.py:840} INFO - DAG(s) 'example_branch_labels' retrieved from /home/airflow/.local/lib/python3.12/site-packages/airflow/example_dags/example_branch_labels.py
[2024-06-08T12:09:09.587+0000] {logging_mixin.py:188} INFO - [2024-06-08T12:09:09.587+0000] {dag.py:3096} INFO - Sync 1 DAGs
[2024-06-08T12:09:09.617+0000] {logging_mixin.py:188} INFO - [2024-06-08T12:09:09.617+0000] {dag.py:3954} INFO - Setting next_dagrun for example_branch_labels to 2024-06-07 00:00:00+00:00, run_after=2024-06-08 00:00:00+00:00
[2024-06-08T12:09:09.639+0000] {processor.py:183} INFO - Processing /home/airflow/.local/lib/python3.12/site-packages/airflow/example_dags/example_branch_labels.py took 0.109 seconds
[2024-06-08T13:10:00.080+0000] {processor.py:161} INFO - Started process (PID=63976) to work on /home/airflow/.local/lib/python3.12/site-packages/airflow/example_dags/example_branch_labels.py
[2024-06-08T13:10:00.081+0000] {processor.py:830} INFO - Processing file /home/airflow/.local/lib/python3.12/site-packages/airflow/example_dags/example_branch_labels.py for tasks to queue
[2024-06-08T13:10:00.082+0000] {logging_mixin.py:188} INFO - [2024-06-08T13:10:00.082+0000] {dagbag.py:545} INFO - Filling up the DagBag from /home/airflow/.local/lib/python3.12/site-packages/airflow/example_dags/example_branch_labels.py
[2024-06-08T13:10:00.093+0000] {processor.py:840} INFO - DAG(s) 'example_branch_labels' retrieved from /home/airflow/.local/lib/python3.12/site-packages/airflow/example_dags/example_branch_labels.py
[2024-06-08T13:10:00.125+0000] {logging_mixin.py:188} INFO - [2024-06-08T13:10:00.125+0000] {dag.py:3096} INFO - Sync 1 DAGs
[2024-06-08T13:10:00.163+0000] {logging_mixin.py:188} INFO - [2024-06-08T13:10:00.163+0000] {dag.py:3954} INFO - Setting next_dagrun for example_branch_labels to 2024-06-07 00:00:00+00:00, run_after=2024-06-08 00:00:00+00:00
[2024-06-08T13:10:00.192+0000] {processor.py:183} INFO - Processing /home/airflow/.local/lib/python3.12/site-packages/airflow/example_dags/example_branch_labels.py took 0.120 seconds
[2024-06-08T14:10:57.021+0000] {processor.py:161} INFO - Started process (PID=64042) to work on /home/airflow/.local/lib/python3.12/site-packages/airflow/example_dags/example_branch_labels.py
[2024-06-08T14:10:57.023+0000] {processor.py:830} INFO - Processing file /home/airflow/.local/lib/python3.12/site-packages/airflow/example_dags/example_branch_labels.py for tasks to queue
[2024-06-08T14:10:57.025+0000] {logging_mixin.py:188} INFO - [2024-06-08T14:10:57.024+0000] {dagbag.py:545} INFO - Filling up the DagBag from /home/airflow/.local/lib/python3.12/site-packages/airflow/example_dags/example_branch_labels.py
[2024-06-08T14:10:57.042+0000] {processor.py:840} INFO - DAG(s) 'example_branch_labels' retrieved from /home/airflow/.local/lib/python3.12/site-packages/airflow/example_dags/example_branch_labels.py
[2024-06-08T14:10:57.099+0000] {logging_mixin.py:188} INFO - [2024-06-08T14:10:57.099+0000] {dag.py:3096} INFO - Sync 1 DAGs
[2024-06-08T14:10:57.171+0000] {logging_mixin.py:188} INFO - [2024-06-08T14:10:57.170+0000] {dag.py:3954} INFO - Setting next_dagrun for example_branch_labels to 2024-06-07 00:00:00+00:00, run_after=2024-06-08 00:00:00+00:00
[2024-06-08T14:10:57.260+0000] {processor.py:183} INFO - Processing /home/airflow/.local/lib/python3.12/site-packages/airflow/example_dags/example_branch_labels.py took 0.251 seconds
[2024-06-08T14:11:27.635+0000] {processor.py:161} INFO - Started process (PID=64102) to work on /home/airflow/.local/lib/python3.12/site-packages/airflow/example_dags/example_branch_labels.py
[2024-06-08T14:11:27.636+0000] {processor.py:830} INFO - Processing file /home/airflow/.local/lib/python3.12/site-packages/airflow/example_dags/example_branch_labels.py for tasks to queue
[2024-06-08T14:11:27.639+0000] {logging_mixin.py:188} INFO - [2024-06-08T14:11:27.638+0000] {dagbag.py:545} INFO - Filling up the DagBag from /home/airflow/.local/lib/python3.12/site-packages/airflow/example_dags/example_branch_labels.py
[2024-06-08T14:11:27.649+0000] {processor.py:840} INFO - DAG(s) 'example_branch_labels' retrieved from /home/airflow/.local/lib/python3.12/site-packages/airflow/example_dags/example_branch_labels.py
[2024-06-08T14:11:27.684+0000] {logging_mixin.py:188} INFO - [2024-06-08T14:11:27.683+0000] {dag.py:3096} INFO - Sync 1 DAGs
[2024-06-08T14:11:27.722+0000] {logging_mixin.py:188} INFO - [2024-06-08T14:11:27.722+0000] {dag.py:3954} INFO - Setting next_dagrun for example_branch_labels to 2024-06-07 00:00:00+00:00, run_after=2024-06-08 00:00:00+00:00
[2024-06-08T14:11:27.751+0000] {processor.py:183} INFO - Processing /home/airflow/.local/lib/python3.12/site-packages/airflow/example_dags/example_branch_labels.py took 0.125 seconds
[2024-06-08T15:12:12.032+0000] {processor.py:161} INFO - Started process (PID=64156) to work on /home/airflow/.local/lib/python3.12/site-packages/airflow/example_dags/example_branch_labels.py
[2024-06-08T15:12:12.034+0000] {processor.py:830} INFO - Processing file /home/airflow/.local/lib/python3.12/site-packages/airflow/example_dags/example_branch_labels.py for tasks to queue
[2024-06-08T15:12:12.035+0000] {logging_mixin.py:188} INFO - [2024-06-08T15:12:12.035+0000] {dagbag.py:545} INFO - Filling up the DagBag from /home/airflow/.local/lib/python3.12/site-packages/airflow/example_dags/example_branch_labels.py
[2024-06-08T15:12:12.046+0000] {processor.py:840} INFO - DAG(s) 'example_branch_labels' retrieved from /home/airflow/.local/lib/python3.12/site-packages/airflow/example_dags/example_branch_labels.py
[2024-06-08T15:12:12.076+0000] {logging_mixin.py:188} INFO - [2024-06-08T15:12:12.076+0000] {dag.py:3096} INFO - Sync 1 DAGs
[2024-06-08T15:12:12.106+0000] {logging_mixin.py:188} INFO - [2024-06-08T15:12:12.106+0000] {dag.py:3954} INFO - Setting next_dagrun for example_branch_labels to 2024-06-07 00:00:00+00:00, run_after=2024-06-08 00:00:00+00:00
[2024-06-08T15:12:12.131+0000] {processor.py:183} INFO - Processing /home/airflow/.local/lib/python3.12/site-packages/airflow/example_dags/example_branch_labels.py took 0.107 seconds
[2024-06-08T16:13:14.420+0000] {processor.py:161} INFO - Started process (PID=64222) to work on /home/airflow/.local/lib/python3.12/site-packages/airflow/example_dags/example_branch_labels.py
[2024-06-08T16:13:14.422+0000] {processor.py:830} INFO - Processing file /home/airflow/.local/lib/python3.12/site-packages/airflow/example_dags/example_branch_labels.py for tasks to queue
[2024-06-08T16:13:14.424+0000] {logging_mixin.py:188} INFO - [2024-06-08T16:13:14.424+0000] {dagbag.py:545} INFO - Filling up the DagBag from /home/airflow/.local/lib/python3.12/site-packages/airflow/example_dags/example_branch_labels.py
[2024-06-08T16:13:14.441+0000] {processor.py:840} INFO - DAG(s) 'example_branch_labels' retrieved from /home/airflow/.local/lib/python3.12/site-packages/airflow/example_dags/example_branch_labels.py
[2024-06-08T16:13:14.493+0000] {logging_mixin.py:188} INFO - [2024-06-08T16:13:14.492+0000] {dag.py:3096} INFO - Sync 1 DAGs
[2024-06-08T16:13:14.593+0000] {logging_mixin.py:188} INFO - [2024-06-08T16:13:14.593+0000] {dag.py:3954} INFO - Setting next_dagrun for example_branch_labels to 2024-06-07 00:00:00+00:00, run_after=2024-06-08 00:00:00+00:00
[2024-06-08T16:13:14.642+0000] {processor.py:183} INFO - Processing /home/airflow/.local/lib/python3.12/site-packages/airflow/example_dags/example_branch_labels.py took 0.234 seconds
[2024-06-08T16:13:55.568+0000] {processor.py:161} INFO - Started process (PID=64282) to work on /home/airflow/.local/lib/python3.12/site-packages/airflow/example_dags/example_branch_labels.py
[2024-06-08T16:13:55.570+0000] {processor.py:830} INFO - Processing file /home/airflow/.local/lib/python3.12/site-packages/airflow/example_dags/example_branch_labels.py for tasks to queue
[2024-06-08T16:13:55.572+0000] {logging_mixin.py:188} INFO - [2024-06-08T16:13:55.572+0000] {dagbag.py:545} INFO - Filling up the DagBag from /home/airflow/.local/lib/python3.12/site-packages/airflow/example_dags/example_branch_labels.py
[2024-06-08T16:13:55.587+0000] {processor.py:840} INFO - DAG(s) 'example_branch_labels' retrieved from /home/airflow/.local/lib/python3.12/site-packages/airflow/example_dags/example_branch_labels.py
[2024-06-08T16:13:55.627+0000] {logging_mixin.py:188} INFO - [2024-06-08T16:13:55.627+0000] {dag.py:3096} INFO - Sync 1 DAGs
[2024-06-08T16:13:55.679+0000] {logging_mixin.py:188} INFO - [2024-06-08T16:13:55.678+0000] {dag.py:3954} INFO - Setting next_dagrun for example_branch_labels to 2024-06-07 00:00:00+00:00, run_after=2024-06-08 00:00:00+00:00
[2024-06-08T16:13:55.716+0000] {processor.py:183} INFO - Processing /home/airflow/.local/lib/python3.12/site-packages/airflow/example_dags/example_branch_labels.py took 0.158 seconds
[2024-06-08T17:14:34.756+0000] {processor.py:161} INFO - Started process (PID=64336) to work on /home/airflow/.local/lib/python3.12/site-packages/airflow/example_dags/example_branch_labels.py
[2024-06-08T17:14:34.759+0000] {processor.py:830} INFO - Processing file /home/airflow/.local/lib/python3.12/site-packages/airflow/example_dags/example_branch_labels.py for tasks to queue
[2024-06-08T17:14:34.761+0000] {logging_mixin.py:188} INFO - [2024-06-08T17:14:34.760+0000] {dagbag.py:545} INFO - Filling up the DagBag from /home/airflow/.local/lib/python3.12/site-packages/airflow/example_dags/example_branch_labels.py
[2024-06-08T17:14:34.776+0000] {processor.py:840} INFO - DAG(s) 'example_branch_labels' retrieved from /home/airflow/.local/lib/python3.12/site-packages/airflow/example_dags/example_branch_labels.py
[2024-06-08T17:14:34.811+0000] {logging_mixin.py:188} INFO - [2024-06-08T17:14:34.811+0000] {dag.py:3096} INFO - Sync 1 DAGs
[2024-06-08T17:14:34.841+0000] {logging_mixin.py:188} INFO - [2024-06-08T17:14:34.841+0000] {dag.py:3954} INFO - Setting next_dagrun for example_branch_labels to 2024-06-07 00:00:00+00:00, run_after=2024-06-08 00:00:00+00:00
[2024-06-08T17:14:34.869+0000] {processor.py:183} INFO - Processing /home/airflow/.local/lib/python3.12/site-packages/airflow/example_dags/example_branch_labels.py took 0.125 seconds
[2024-06-08T18:08:40.950+0000] {processor.py:161} INFO - Started process (PID=64396) to work on /home/airflow/.local/lib/python3.12/site-packages/airflow/example_dags/example_branch_labels.py
[2024-06-08T18:08:40.953+0000] {processor.py:830} INFO - Processing file /home/airflow/.local/lib/python3.12/site-packages/airflow/example_dags/example_branch_labels.py for tasks to queue
[2024-06-08T18:08:40.956+0000] {logging_mixin.py:188} INFO - [2024-06-08T18:08:40.955+0000] {dagbag.py:545} INFO - Filling up the DagBag from /home/airflow/.local/lib/python3.12/site-packages/airflow/example_dags/example_branch_labels.py
[2024-06-08T18:08:40.973+0000] {processor.py:840} INFO - DAG(s) 'example_branch_labels' retrieved from /home/airflow/.local/lib/python3.12/site-packages/airflow/example_dags/example_branch_labels.py
[2024-06-08T18:08:41.062+0000] {logging_mixin.py:188} INFO - [2024-06-08T18:08:41.061+0000] {dag.py:3096} INFO - Sync 1 DAGs
[2024-06-08T18:08:41.153+0000] {logging_mixin.py:188} INFO - [2024-06-08T18:08:41.153+0000] {dag.py:3954} INFO - Setting next_dagrun for example_branch_labels to 2024-06-07 00:00:00+00:00, run_after=2024-06-08 00:00:00+00:00
[2024-06-08T18:08:41.195+0000] {processor.py:183} INFO - Processing /home/airflow/.local/lib/python3.12/site-packages/airflow/example_dags/example_branch_labels.py took 0.256 seconds
[2024-06-08T18:15:50.212+0000] {processor.py:161} INFO - Started process (PID=64456) to work on /home/airflow/.local/lib/python3.12/site-packages/airflow/example_dags/example_branch_labels.py
[2024-06-08T18:15:50.214+0000] {processor.py:830} INFO - Processing file /home/airflow/.local/lib/python3.12/site-packages/airflow/example_dags/example_branch_labels.py for tasks to queue
[2024-06-08T18:15:50.216+0000] {logging_mixin.py:188} INFO - [2024-06-08T18:15:50.215+0000] {dagbag.py:545} INFO - Filling up the DagBag from /home/airflow/.local/lib/python3.12/site-packages/airflow/example_dags/example_branch_labels.py
[2024-06-08T18:15:50.226+0000] {processor.py:840} INFO - DAG(s) 'example_branch_labels' retrieved from /home/airflow/.local/lib/python3.12/site-packages/airflow/example_dags/example_branch_labels.py
[2024-06-08T18:15:50.257+0000] {logging_mixin.py:188} INFO - [2024-06-08T18:15:50.256+0000] {dag.py:3096} INFO - Sync 1 DAGs
[2024-06-08T18:15:50.289+0000] {logging_mixin.py:188} INFO - [2024-06-08T18:15:50.288+0000] {dag.py:3954} INFO - Setting next_dagrun for example_branch_labels to 2024-06-07 00:00:00+00:00, run_after=2024-06-08 00:00:00+00:00
[2024-06-08T18:15:50.312+0000] {processor.py:183} INFO - Processing /home/airflow/.local/lib/python3.12/site-packages/airflow/example_dags/example_branch_labels.py took 0.108 seconds
[2024-06-08T18:52:17.204+0000] {processor.py:161} INFO - Started process (PID=64516) to work on /home/airflow/.local/lib/python3.12/site-packages/airflow/example_dags/example_branch_labels.py
[2024-06-08T18:52:17.206+0000] {processor.py:830} INFO - Processing file /home/airflow/.local/lib/python3.12/site-packages/airflow/example_dags/example_branch_labels.py for tasks to queue
[2024-06-08T18:52:17.207+0000] {logging_mixin.py:188} INFO - [2024-06-08T18:52:17.207+0000] {dagbag.py:545} INFO - Filling up the DagBag from /home/airflow/.local/lib/python3.12/site-packages/airflow/example_dags/example_branch_labels.py
[2024-06-08T18:52:17.217+0000] {processor.py:840} INFO - DAG(s) 'example_branch_labels' retrieved from /home/airflow/.local/lib/python3.12/site-packages/airflow/example_dags/example_branch_labels.py
[2024-06-08T18:52:17.245+0000] {logging_mixin.py:188} INFO - [2024-06-08T18:52:17.245+0000] {dag.py:3096} INFO - Sync 1 DAGs
[2024-06-08T18:52:17.274+0000] {logging_mixin.py:188} INFO - [2024-06-08T18:52:17.274+0000] {dag.py:3954} INFO - Setting next_dagrun for example_branch_labels to 2024-06-07 00:00:00+00:00, run_after=2024-06-08 00:00:00+00:00
[2024-06-08T18:52:17.298+0000] {processor.py:183} INFO - Processing /home/airflow/.local/lib/python3.12/site-packages/airflow/example_dags/example_branch_labels.py took 0.101 seconds
[2024-06-08T18:52:52.941+0000] {processor.py:161} INFO - Started process (PID=64576) to work on /home/airflow/.local/lib/python3.12/site-packages/airflow/example_dags/example_branch_labels.py
[2024-06-08T18:52:52.949+0000] {processor.py:830} INFO - Processing file /home/airflow/.local/lib/python3.12/site-packages/airflow/example_dags/example_branch_labels.py for tasks to queue
[2024-06-08T18:52:52.953+0000] {logging_mixin.py:188} INFO - [2024-06-08T18:52:52.953+0000] {dagbag.py:545} INFO - Filling up the DagBag from /home/airflow/.local/lib/python3.12/site-packages/airflow/example_dags/example_branch_labels.py
[2024-06-08T18:52:52.997+0000] {processor.py:840} INFO - DAG(s) 'example_branch_labels' retrieved from /home/airflow/.local/lib/python3.12/site-packages/airflow/example_dags/example_branch_labels.py
[2024-06-08T18:52:53.086+0000] {logging_mixin.py:188} INFO - [2024-06-08T18:52:53.085+0000] {dag.py:3096} INFO - Sync 1 DAGs
[2024-06-08T18:52:53.153+0000] {logging_mixin.py:188} INFO - [2024-06-08T18:52:53.152+0000] {dag.py:3954} INFO - Setting next_dagrun for example_branch_labels to 2024-06-07 00:00:00+00:00, run_after=2024-06-08 00:00:00+00:00
[2024-06-08T18:52:53.197+0000] {processor.py:183} INFO - Processing /home/airflow/.local/lib/python3.12/site-packages/airflow/example_dags/example_branch_labels.py took 0.278 seconds
[2024-06-08T19:12:41.080+0000] {processor.py:161} INFO - Started process (PID=64636) to work on /home/airflow/.local/lib/python3.12/site-packages/airflow/example_dags/example_branch_labels.py
[2024-06-08T19:12:41.081+0000] {processor.py:830} INFO - Processing file /home/airflow/.local/lib/python3.12/site-packages/airflow/example_dags/example_branch_labels.py for tasks to queue
[2024-06-08T19:12:41.083+0000] {logging_mixin.py:188} INFO - [2024-06-08T19:12:41.083+0000] {dagbag.py:545} INFO - Filling up the DagBag from /home/airflow/.local/lib/python3.12/site-packages/airflow/example_dags/example_branch_labels.py
[2024-06-08T19:12:41.095+0000] {processor.py:840} INFO - DAG(s) 'example_branch_labels' retrieved from /home/airflow/.local/lib/python3.12/site-packages/airflow/example_dags/example_branch_labels.py
[2024-06-08T19:12:41.126+0000] {logging_mixin.py:188} INFO - [2024-06-08T19:12:41.125+0000] {dag.py:3096} INFO - Sync 1 DAGs
[2024-06-08T19:12:41.155+0000] {logging_mixin.py:188} INFO - [2024-06-08T19:12:41.155+0000] {dag.py:3954} INFO - Setting next_dagrun for example_branch_labels to 2024-06-07 00:00:00+00:00, run_after=2024-06-08 00:00:00+00:00
[2024-06-08T19:12:41.178+0000] {processor.py:183} INFO - Processing /home/airflow/.local/lib/python3.12/site-packages/airflow/example_dags/example_branch_labels.py took 0.107 seconds
[2024-06-08T19:16:54.460+0000] {processor.py:161} INFO - Started process (PID=64696) to work on /home/airflow/.local/lib/python3.12/site-packages/airflow/example_dags/example_branch_labels.py
[2024-06-08T19:16:54.461+0000] {processor.py:830} INFO - Processing file /home/airflow/.local/lib/python3.12/site-packages/airflow/example_dags/example_branch_labels.py for tasks to queue
[2024-06-08T19:16:54.463+0000] {logging_mixin.py:188} INFO - [2024-06-08T19:16:54.462+0000] {dagbag.py:545} INFO - Filling up the DagBag from /home/airflow/.local/lib/python3.12/site-packages/airflow/example_dags/example_branch_labels.py
[2024-06-08T19:16:54.473+0000] {processor.py:840} INFO - DAG(s) 'example_branch_labels' retrieved from /home/airflow/.local/lib/python3.12/site-packages/airflow/example_dags/example_branch_labels.py
[2024-06-08T19:16:54.505+0000] {logging_mixin.py:188} INFO - [2024-06-08T19:16:54.505+0000] {dag.py:3096} INFO - Sync 1 DAGs
[2024-06-08T19:16:54.541+0000] {logging_mixin.py:188} INFO - [2024-06-08T19:16:54.540+0000] {dag.py:3954} INFO - Setting next_dagrun for example_branch_labels to 2024-06-07 00:00:00+00:00, run_after=2024-06-08 00:00:00+00:00
[2024-06-08T19:16:54.566+0000] {processor.py:183} INFO - Processing /home/airflow/.local/lib/python3.12/site-packages/airflow/example_dags/example_branch_labels.py took 0.113 seconds
[2024-06-08T20:17:52.399+0000] {processor.py:161} INFO - Started process (PID=64756) to work on /home/airflow/.local/lib/python3.12/site-packages/airflow/example_dags/example_branch_labels.py
[2024-06-08T20:17:52.401+0000] {processor.py:830} INFO - Processing file /home/airflow/.local/lib/python3.12/site-packages/airflow/example_dags/example_branch_labels.py for tasks to queue
[2024-06-08T20:17:52.402+0000] {logging_mixin.py:188} INFO - [2024-06-08T20:17:52.402+0000] {dagbag.py:545} INFO - Filling up the DagBag from /home/airflow/.local/lib/python3.12/site-packages/airflow/example_dags/example_branch_labels.py
[2024-06-08T20:17:52.417+0000] {processor.py:840} INFO - DAG(s) 'example_branch_labels' retrieved from /home/airflow/.local/lib/python3.12/site-packages/airflow/example_dags/example_branch_labels.py
[2024-06-08T20:17:52.460+0000] {logging_mixin.py:188} INFO - [2024-06-08T20:17:52.460+0000] {dag.py:3096} INFO - Sync 1 DAGs
[2024-06-08T20:17:52.494+0000] {logging_mixin.py:188} INFO - [2024-06-08T20:17:52.494+0000] {dag.py:3954} INFO - Setting next_dagrun for example_branch_labels to 2024-06-07 00:00:00+00:00, run_after=2024-06-08 00:00:00+00:00
[2024-06-08T20:17:52.527+0000] {processor.py:183} INFO - Processing /home/airflow/.local/lib/python3.12/site-packages/airflow/example_dags/example_branch_labels.py took 0.138 seconds
[2024-06-08T20:18:34.966+0000] {processor.py:161} INFO - Started process (PID=64816) to work on /home/airflow/.local/lib/python3.12/site-packages/airflow/example_dags/example_branch_labels.py
[2024-06-08T20:18:34.968+0000] {processor.py:830} INFO - Processing file /home/airflow/.local/lib/python3.12/site-packages/airflow/example_dags/example_branch_labels.py for tasks to queue
[2024-06-08T20:18:34.971+0000] {logging_mixin.py:188} INFO - [2024-06-08T20:18:34.970+0000] {dagbag.py:545} INFO - Filling up the DagBag from /home/airflow/.local/lib/python3.12/site-packages/airflow/example_dags/example_branch_labels.py
[2024-06-08T20:18:34.990+0000] {processor.py:840} INFO - DAG(s) 'example_branch_labels' retrieved from /home/airflow/.local/lib/python3.12/site-packages/airflow/example_dags/example_branch_labels.py
[2024-06-08T20:18:35.079+0000] {logging_mixin.py:188} INFO - [2024-06-08T20:18:35.077+0000] {dag.py:3096} INFO - Sync 1 DAGs
[2024-06-08T20:18:35.239+0000] {logging_mixin.py:188} INFO - [2024-06-08T20:18:35.238+0000] {dag.py:3954} INFO - Setting next_dagrun for example_branch_labels to 2024-06-07 00:00:00+00:00, run_after=2024-06-08 00:00:00+00:00
[2024-06-08T20:18:35.300+0000] {processor.py:183} INFO - Processing /home/airflow/.local/lib/python3.12/site-packages/airflow/example_dags/example_branch_labels.py took 0.348 seconds
