[2024-06-08T02:25:59.648+0000] {processor.py:161} INFO - Started process (PID=63195) to work on /home/airflow/.local/lib/python3.12/site-packages/airflow/example_dags/example_sensors.py
[2024-06-08T02:25:59.650+0000] {processor.py:830} INFO - Processing file /home/airflow/.local/lib/python3.12/site-packages/airflow/example_dags/example_sensors.py for tasks to queue
[2024-06-08T02:25:59.651+0000] {logging_mixin.py:188} INFO - [2024-06-08T02:25:59.651+0000] {dagbag.py:545} INFO - Filling up the DagBag from /home/airflow/.local/lib/python3.12/site-packages/airflow/example_dags/example_sensors.py
[2024-06-08T02:25:59.664+0000] {processor.py:840} INFO - DAG(s) 'example_sensors' retrieved from /home/airflow/.local/lib/python3.12/site-packages/airflow/example_dags/example_sensors.py
[2024-06-08T02:25:59.697+0000] {logging_mixin.py:188} INFO - [2024-06-08T02:25:59.697+0000] {dag.py:3096} INFO - Sync 1 DAGs
[2024-06-08T02:25:59.714+0000] {logging_mixin.py:188} INFO - [2024-06-08T02:25:59.713+0000] {dag.py:3954} INFO - Setting next_dagrun for example_sensors to None, run_after=None
[2024-06-08T02:25:59.739+0000] {processor.py:183} INFO - Processing /home/airflow/.local/lib/python3.12/site-packages/airflow/example_dags/example_sensors.py took 0.098 seconds
[2024-06-08T02:26:33.279+0000] {processor.py:161} INFO - Started process (PID=63254) to work on /home/airflow/.local/lib/python3.12/site-packages/airflow/example_dags/example_sensors.py
[2024-06-08T02:26:33.281+0000] {processor.py:830} INFO - Processing file /home/airflow/.local/lib/python3.12/site-packages/airflow/example_dags/example_sensors.py for tasks to queue
[2024-06-08T02:26:33.282+0000] {logging_mixin.py:188} INFO - [2024-06-08T02:26:33.282+0000] {dagbag.py:545} INFO - Filling up the DagBag from /home/airflow/.local/lib/python3.12/site-packages/airflow/example_dags/example_sensors.py
[2024-06-08T02:26:33.298+0000] {processor.py:840} INFO - DAG(s) 'example_sensors' retrieved from /home/airflow/.local/lib/python3.12/site-packages/airflow/example_dags/example_sensors.py
[2024-06-08T02:26:33.337+0000] {logging_mixin.py:188} INFO - [2024-06-08T02:26:33.337+0000] {dag.py:3096} INFO - Sync 1 DAGs
[2024-06-08T02:26:33.356+0000] {logging_mixin.py:188} INFO - [2024-06-08T02:26:33.355+0000] {dag.py:3954} INFO - Setting next_dagrun for example_sensors to None, run_after=None
[2024-06-08T02:26:33.383+0000] {processor.py:183} INFO - Processing /home/airflow/.local/lib/python3.12/site-packages/airflow/example_dags/example_sensors.py took 0.113 seconds
[2024-06-08T07:02:55.858+0000] {processor.py:161} INFO - Started process (PID=63308) to work on /home/airflow/.local/lib/python3.12/site-packages/airflow/example_dags/example_sensors.py
[2024-06-08T07:02:55.860+0000] {processor.py:830} INFO - Processing file /home/airflow/.local/lib/python3.12/site-packages/airflow/example_dags/example_sensors.py for tasks to queue
[2024-06-08T07:02:55.862+0000] {logging_mixin.py:188} INFO - [2024-06-08T07:02:55.861+0000] {dagbag.py:545} INFO - Filling up the DagBag from /home/airflow/.local/lib/python3.12/site-packages/airflow/example_dags/example_sensors.py
[2024-06-08T07:02:55.874+0000] {processor.py:840} INFO - DAG(s) 'example_sensors' retrieved from /home/airflow/.local/lib/python3.12/site-packages/airflow/example_dags/example_sensors.py
[2024-06-08T07:02:55.907+0000] {logging_mixin.py:188} INFO - [2024-06-08T07:02:55.907+0000] {dag.py:3096} INFO - Sync 1 DAGs
[2024-06-08T07:02:55.924+0000] {logging_mixin.py:188} INFO - [2024-06-08T07:02:55.923+0000] {dag.py:3954} INFO - Setting next_dagrun for example_sensors to None, run_after=None
[2024-06-08T07:02:55.947+0000] {processor.py:183} INFO - Processing /home/airflow/.local/lib/python3.12/site-packages/airflow/example_dags/example_sensors.py took 0.096 seconds
[2024-06-08T07:15:54.844+0000] {processor.py:161} INFO - Started process (PID=63374) to work on /home/airflow/.local/lib/python3.12/site-packages/airflow/example_dags/example_sensors.py
[2024-06-08T07:15:54.846+0000] {processor.py:830} INFO - Processing file /home/airflow/.local/lib/python3.12/site-packages/airflow/example_dags/example_sensors.py for tasks to queue
[2024-06-08T07:15:54.848+0000] {logging_mixin.py:188} INFO - [2024-06-08T07:15:54.847+0000] {dagbag.py:545} INFO - Filling up the DagBag from /home/airflow/.local/lib/python3.12/site-packages/airflow/example_dags/example_sensors.py
[2024-06-08T07:15:54.861+0000] {processor.py:840} INFO - DAG(s) 'example_sensors' retrieved from /home/airflow/.local/lib/python3.12/site-packages/airflow/example_dags/example_sensors.py
[2024-06-08T07:15:54.894+0000] {logging_mixin.py:188} INFO - [2024-06-08T07:15:54.894+0000] {dag.py:3096} INFO - Sync 1 DAGs
[2024-06-08T07:15:54.911+0000] {logging_mixin.py:188} INFO - [2024-06-08T07:15:54.911+0000] {dag.py:3954} INFO - Setting next_dagrun for example_sensors to None, run_after=None
[2024-06-08T07:15:54.934+0000] {processor.py:183} INFO - Processing /home/airflow/.local/lib/python3.12/site-packages/airflow/example_dags/example_sensors.py took 0.099 seconds
[2024-06-08T08:04:10.659+0000] {processor.py:161} INFO - Started process (PID=63428) to work on /home/airflow/.local/lib/python3.12/site-packages/airflow/example_dags/example_sensors.py
[2024-06-08T08:04:10.661+0000] {processor.py:830} INFO - Processing file /home/airflow/.local/lib/python3.12/site-packages/airflow/example_dags/example_sensors.py for tasks to queue
[2024-06-08T08:04:10.662+0000] {logging_mixin.py:188} INFO - [2024-06-08T08:04:10.662+0000] {dagbag.py:545} INFO - Filling up the DagBag from /home/airflow/.local/lib/python3.12/site-packages/airflow/example_dags/example_sensors.py
[2024-06-08T08:04:10.675+0000] {processor.py:840} INFO - DAG(s) 'example_sensors' retrieved from /home/airflow/.local/lib/python3.12/site-packages/airflow/example_dags/example_sensors.py
[2024-06-08T08:04:10.708+0000] {logging_mixin.py:188} INFO - [2024-06-08T08:04:10.708+0000] {dag.py:3096} INFO - Sync 1 DAGs
[2024-06-08T08:04:10.724+0000] {logging_mixin.py:188} INFO - [2024-06-08T08:04:10.724+0000] {dag.py:3954} INFO - Setting next_dagrun for example_sensors to None, run_after=None
[2024-06-08T08:04:10.748+0000] {processor.py:183} INFO - Processing /home/airflow/.local/lib/python3.12/site-packages/airflow/example_dags/example_sensors.py took 0.097 seconds
[2024-06-08T09:05:09.032+0000] {processor.py:161} INFO - Started process (PID=63494) to work on /home/airflow/.local/lib/python3.12/site-packages/airflow/example_dags/example_sensors.py
[2024-06-08T09:05:09.034+0000] {processor.py:830} INFO - Processing file /home/airflow/.local/lib/python3.12/site-packages/airflow/example_dags/example_sensors.py for tasks to queue
[2024-06-08T09:05:09.036+0000] {logging_mixin.py:188} INFO - [2024-06-08T09:05:09.036+0000] {dagbag.py:545} INFO - Filling up the DagBag from /home/airflow/.local/lib/python3.12/site-packages/airflow/example_dags/example_sensors.py
[2024-06-08T09:05:09.069+0000] {processor.py:840} INFO - DAG(s) 'example_sensors' retrieved from /home/airflow/.local/lib/python3.12/site-packages/airflow/example_dags/example_sensors.py
[2024-06-08T09:05:09.124+0000] {logging_mixin.py:188} INFO - [2024-06-08T09:05:09.124+0000] {dag.py:3096} INFO - Sync 1 DAGs
[2024-06-08T09:05:09.154+0000] {logging_mixin.py:188} INFO - [2024-06-08T09:05:09.154+0000] {dag.py:3954} INFO - Setting next_dagrun for example_sensors to None, run_after=None
[2024-06-08T09:05:09.202+0000] {processor.py:183} INFO - Processing /home/airflow/.local/lib/python3.12/site-packages/airflow/example_dags/example_sensors.py took 0.182 seconds
[2024-06-08T09:05:50.432+0000] {processor.py:161} INFO - Started process (PID=63554) to work on /home/airflow/.local/lib/python3.12/site-packages/airflow/example_dags/example_sensors.py
[2024-06-08T09:05:50.434+0000] {processor.py:830} INFO - Processing file /home/airflow/.local/lib/python3.12/site-packages/airflow/example_dags/example_sensors.py for tasks to queue
[2024-06-08T09:05:50.438+0000] {logging_mixin.py:188} INFO - [2024-06-08T09:05:50.436+0000] {dagbag.py:545} INFO - Filling up the DagBag from /home/airflow/.local/lib/python3.12/site-packages/airflow/example_dags/example_sensors.py
[2024-06-08T09:05:50.481+0000] {processor.py:840} INFO - DAG(s) 'example_sensors' retrieved from /home/airflow/.local/lib/python3.12/site-packages/airflow/example_dags/example_sensors.py
[2024-06-08T09:05:50.581+0000] {logging_mixin.py:188} INFO - [2024-06-08T09:05:50.580+0000] {dag.py:3096} INFO - Sync 1 DAGs
[2024-06-08T09:05:50.634+0000] {logging_mixin.py:188} INFO - [2024-06-08T09:05:50.633+0000] {dag.py:3954} INFO - Setting next_dagrun for example_sensors to None, run_after=None
[2024-06-08T09:05:50.686+0000] {processor.py:183} INFO - Processing /home/airflow/.local/lib/python3.12/site-packages/airflow/example_dags/example_sensors.py took 0.272 seconds
[2024-06-08T10:06:32.237+0000] {processor.py:161} INFO - Started process (PID=63608) to work on /home/airflow/.local/lib/python3.12/site-packages/airflow/example_dags/example_sensors.py
[2024-06-08T10:06:32.238+0000] {processor.py:830} INFO - Processing file /home/airflow/.local/lib/python3.12/site-packages/airflow/example_dags/example_sensors.py for tasks to queue
[2024-06-08T10:06:32.240+0000] {logging_mixin.py:188} INFO - [2024-06-08T10:06:32.240+0000] {dagbag.py:545} INFO - Filling up the DagBag from /home/airflow/.local/lib/python3.12/site-packages/airflow/example_dags/example_sensors.py
[2024-06-08T10:06:32.253+0000] {processor.py:840} INFO - DAG(s) 'example_sensors' retrieved from /home/airflow/.local/lib/python3.12/site-packages/airflow/example_dags/example_sensors.py
[2024-06-08T10:06:32.286+0000] {logging_mixin.py:188} INFO - [2024-06-08T10:06:32.286+0000] {dag.py:3096} INFO - Sync 1 DAGs
[2024-06-08T10:06:32.302+0000] {logging_mixin.py:188} INFO - [2024-06-08T10:06:32.302+0000] {dag.py:3954} INFO - Setting next_dagrun for example_sensors to None, run_after=None
[2024-06-08T10:06:32.328+0000] {processor.py:183} INFO - Processing /home/airflow/.local/lib/python3.12/site-packages/airflow/example_dags/example_sensors.py took 0.098 seconds
[2024-06-08T10:39:03.644+0000] {processor.py:161} INFO - Started process (PID=63674) to work on /home/airflow/.local/lib/python3.12/site-packages/airflow/example_dags/example_sensors.py
[2024-06-08T10:39:03.647+0000] {processor.py:830} INFO - Processing file /home/airflow/.local/lib/python3.12/site-packages/airflow/example_dags/example_sensors.py for tasks to queue
[2024-06-08T10:39:03.649+0000] {logging_mixin.py:188} INFO - [2024-06-08T10:39:03.648+0000] {dagbag.py:545} INFO - Filling up the DagBag from /home/airflow/.local/lib/python3.12/site-packages/airflow/example_dags/example_sensors.py
[2024-06-08T10:39:03.672+0000] {processor.py:840} INFO - DAG(s) 'example_sensors' retrieved from /home/airflow/.local/lib/python3.12/site-packages/airflow/example_dags/example_sensors.py
[2024-06-08T10:39:03.895+0000] {logging_mixin.py:188} INFO - [2024-06-08T10:39:03.894+0000] {dag.py:3096} INFO - Sync 1 DAGs
[2024-06-08T10:39:03.934+0000] {logging_mixin.py:188} INFO - [2024-06-08T10:39:03.933+0000] {dag.py:3954} INFO - Setting next_dagrun for example_sensors to None, run_after=None
[2024-06-08T10:39:04.001+0000] {processor.py:183} INFO - Processing /home/airflow/.local/lib/python3.12/site-packages/airflow/example_dags/example_sensors.py took 0.368 seconds
[2024-06-08T10:39:34.991+0000] {processor.py:161} INFO - Started process (PID=63734) to work on /home/airflow/.local/lib/python3.12/site-packages/airflow/example_dags/example_sensors.py
[2024-06-08T10:39:34.993+0000] {processor.py:830} INFO - Processing file /home/airflow/.local/lib/python3.12/site-packages/airflow/example_dags/example_sensors.py for tasks to queue
[2024-06-08T10:39:34.994+0000] {logging_mixin.py:188} INFO - [2024-06-08T10:39:34.994+0000] {dagbag.py:545} INFO - Filling up the DagBag from /home/airflow/.local/lib/python3.12/site-packages/airflow/example_dags/example_sensors.py
[2024-06-08T10:39:35.008+0000] {processor.py:840} INFO - DAG(s) 'example_sensors' retrieved from /home/airflow/.local/lib/python3.12/site-packages/airflow/example_dags/example_sensors.py
[2024-06-08T10:39:35.041+0000] {logging_mixin.py:188} INFO - [2024-06-08T10:39:35.041+0000] {dag.py:3096} INFO - Sync 1 DAGs
[2024-06-08T10:39:35.060+0000] {logging_mixin.py:188} INFO - [2024-06-08T10:39:35.060+0000] {dag.py:3954} INFO - Setting next_dagrun for example_sensors to None, run_after=None
[2024-06-08T10:39:35.085+0000] {processor.py:183} INFO - Processing /home/airflow/.local/lib/python3.12/site-packages/airflow/example_dags/example_sensors.py took 0.103 seconds
[2024-06-08T11:07:37.458+0000] {processor.py:161} INFO - Started process (PID=63788) to work on /home/airflow/.local/lib/python3.12/site-packages/airflow/example_dags/example_sensors.py
[2024-06-08T11:07:37.459+0000] {processor.py:830} INFO - Processing file /home/airflow/.local/lib/python3.12/site-packages/airflow/example_dags/example_sensors.py for tasks to queue
[2024-06-08T11:07:37.461+0000] {logging_mixin.py:188} INFO - [2024-06-08T11:07:37.460+0000] {dagbag.py:545} INFO - Filling up the DagBag from /home/airflow/.local/lib/python3.12/site-packages/airflow/example_dags/example_sensors.py
[2024-06-08T11:07:37.473+0000] {processor.py:840} INFO - DAG(s) 'example_sensors' retrieved from /home/airflow/.local/lib/python3.12/site-packages/airflow/example_dags/example_sensors.py
[2024-06-08T11:07:37.508+0000] {logging_mixin.py:188} INFO - [2024-06-08T11:07:37.507+0000] {dag.py:3096} INFO - Sync 1 DAGs
[2024-06-08T11:07:37.525+0000] {logging_mixin.py:188} INFO - [2024-06-08T11:07:37.525+0000] {dag.py:3954} INFO - Setting next_dagrun for example_sensors to None, run_after=None
[2024-06-08T11:07:37.549+0000] {processor.py:183} INFO - Processing /home/airflow/.local/lib/python3.12/site-packages/airflow/example_dags/example_sensors.py took 0.099 seconds
[2024-06-08T12:08:38.082+0000] {processor.py:161} INFO - Started process (PID=63849) to work on /home/airflow/.local/lib/python3.12/site-packages/airflow/example_dags/example_sensors.py
[2024-06-08T12:08:38.084+0000] {processor.py:830} INFO - Processing file /home/airflow/.local/lib/python3.12/site-packages/airflow/example_dags/example_sensors.py for tasks to queue
[2024-06-08T12:08:38.086+0000] {logging_mixin.py:188} INFO - [2024-06-08T12:08:38.085+0000] {dagbag.py:545} INFO - Filling up the DagBag from /home/airflow/.local/lib/python3.12/site-packages/airflow/example_dags/example_sensors.py
[2024-06-08T12:08:38.106+0000] {processor.py:840} INFO - DAG(s) 'example_sensors' retrieved from /home/airflow/.local/lib/python3.12/site-packages/airflow/example_dags/example_sensors.py
[2024-06-08T12:08:38.162+0000] {logging_mixin.py:188} INFO - [2024-06-08T12:08:38.162+0000] {dag.py:3096} INFO - Sync 1 DAGs
[2024-06-08T12:08:38.200+0000] {logging_mixin.py:188} INFO - [2024-06-08T12:08:38.200+0000] {dag.py:3954} INFO - Setting next_dagrun for example_sensors to None, run_after=None
[2024-06-08T12:08:38.298+0000] {processor.py:183} INFO - Processing /home/airflow/.local/lib/python3.12/site-packages/airflow/example_dags/example_sensors.py took 0.229 seconds
[2024-06-08T12:09:08.913+0000] {processor.py:161} INFO - Started process (PID=63915) to work on /home/airflow/.local/lib/python3.12/site-packages/airflow/example_dags/example_sensors.py
[2024-06-08T12:09:08.914+0000] {processor.py:830} INFO - Processing file /home/airflow/.local/lib/python3.12/site-packages/airflow/example_dags/example_sensors.py for tasks to queue
[2024-06-08T12:09:08.916+0000] {logging_mixin.py:188} INFO - [2024-06-08T12:09:08.915+0000] {dagbag.py:545} INFO - Filling up the DagBag from /home/airflow/.local/lib/python3.12/site-packages/airflow/example_dags/example_sensors.py
[2024-06-08T12:09:08.929+0000] {processor.py:840} INFO - DAG(s) 'example_sensors' retrieved from /home/airflow/.local/lib/python3.12/site-packages/airflow/example_dags/example_sensors.py
[2024-06-08T12:09:08.964+0000] {logging_mixin.py:188} INFO - [2024-06-08T12:09:08.964+0000] {dag.py:3096} INFO - Sync 1 DAGs
[2024-06-08T12:09:08.980+0000] {logging_mixin.py:188} INFO - [2024-06-08T12:09:08.980+0000] {dag.py:3954} INFO - Setting next_dagrun for example_sensors to None, run_after=None
[2024-06-08T12:09:09.004+0000] {processor.py:183} INFO - Processing /home/airflow/.local/lib/python3.12/site-packages/airflow/example_dags/example_sensors.py took 0.099 seconds
[2024-06-08T13:09:59.591+0000] {processor.py:161} INFO - Started process (PID=63969) to work on /home/airflow/.local/lib/python3.12/site-packages/airflow/example_dags/example_sensors.py
[2024-06-08T13:09:59.592+0000] {processor.py:830} INFO - Processing file /home/airflow/.local/lib/python3.12/site-packages/airflow/example_dags/example_sensors.py for tasks to queue
[2024-06-08T13:09:59.594+0000] {logging_mixin.py:188} INFO - [2024-06-08T13:09:59.593+0000] {dagbag.py:545} INFO - Filling up the DagBag from /home/airflow/.local/lib/python3.12/site-packages/airflow/example_dags/example_sensors.py
[2024-06-08T13:09:59.608+0000] {processor.py:840} INFO - DAG(s) 'example_sensors' retrieved from /home/airflow/.local/lib/python3.12/site-packages/airflow/example_dags/example_sensors.py
[2024-06-08T13:09:59.643+0000] {logging_mixin.py:188} INFO - [2024-06-08T13:09:59.643+0000] {dag.py:3096} INFO - Sync 1 DAGs
[2024-06-08T13:09:59.661+0000] {logging_mixin.py:188} INFO - [2024-06-08T13:09:59.660+0000] {dag.py:3954} INFO - Setting next_dagrun for example_sensors to None, run_after=None
[2024-06-08T13:09:59.687+0000] {processor.py:183} INFO - Processing /home/airflow/.local/lib/python3.12/site-packages/airflow/example_dags/example_sensors.py took 0.104 seconds
[2024-06-08T14:10:55.879+0000] {processor.py:161} INFO - Started process (PID=64029) to work on /home/airflow/.local/lib/python3.12/site-packages/airflow/example_dags/example_sensors.py
[2024-06-08T14:10:55.881+0000] {processor.py:830} INFO - Processing file /home/airflow/.local/lib/python3.12/site-packages/airflow/example_dags/example_sensors.py for tasks to queue
[2024-06-08T14:10:55.883+0000] {logging_mixin.py:188} INFO - [2024-06-08T14:10:55.883+0000] {dagbag.py:545} INFO - Filling up the DagBag from /home/airflow/.local/lib/python3.12/site-packages/airflow/example_dags/example_sensors.py
[2024-06-08T14:10:55.921+0000] {processor.py:840} INFO - DAG(s) 'example_sensors' retrieved from /home/airflow/.local/lib/python3.12/site-packages/airflow/example_dags/example_sensors.py
[2024-06-08T14:10:56.036+0000] {logging_mixin.py:188} INFO - [2024-06-08T14:10:56.036+0000] {dag.py:3096} INFO - Sync 1 DAGs
[2024-06-08T14:10:56.084+0000] {logging_mixin.py:188} INFO - [2024-06-08T14:10:56.083+0000] {dag.py:3954} INFO - Setting next_dagrun for example_sensors to None, run_after=None
[2024-06-08T14:10:56.145+0000] {processor.py:183} INFO - Processing /home/airflow/.local/lib/python3.12/site-packages/airflow/example_dags/example_sensors.py took 0.279 seconds
[2024-06-08T14:11:26.204+0000] {processor.py:161} INFO - Started process (PID=64089) to work on /home/airflow/.local/lib/python3.12/site-packages/airflow/example_dags/example_sensors.py
[2024-06-08T14:11:26.205+0000] {processor.py:830} INFO - Processing file /home/airflow/.local/lib/python3.12/site-packages/airflow/example_dags/example_sensors.py for tasks to queue
[2024-06-08T14:11:26.207+0000] {logging_mixin.py:188} INFO - [2024-06-08T14:11:26.206+0000] {dagbag.py:545} INFO - Filling up the DagBag from /home/airflow/.local/lib/python3.12/site-packages/airflow/example_dags/example_sensors.py
[2024-06-08T14:11:26.220+0000] {processor.py:840} INFO - DAG(s) 'example_sensors' retrieved from /home/airflow/.local/lib/python3.12/site-packages/airflow/example_dags/example_sensors.py
[2024-06-08T14:11:26.254+0000] {logging_mixin.py:188} INFO - [2024-06-08T14:11:26.254+0000] {dag.py:3096} INFO - Sync 1 DAGs
[2024-06-08T14:11:26.270+0000] {logging_mixin.py:188} INFO - [2024-06-08T14:11:26.270+0000] {dag.py:3954} INFO - Setting next_dagrun for example_sensors to None, run_after=None
[2024-06-08T14:11:26.296+0000] {processor.py:183} INFO - Processing /home/airflow/.local/lib/python3.12/site-packages/airflow/example_dags/example_sensors.py took 0.099 seconds
[2024-06-08T15:12:11.523+0000] {processor.py:161} INFO - Started process (PID=64149) to work on /home/airflow/.local/lib/python3.12/site-packages/airflow/example_dags/example_sensors.py
[2024-06-08T15:12:11.525+0000] {processor.py:830} INFO - Processing file /home/airflow/.local/lib/python3.12/site-packages/airflow/example_dags/example_sensors.py for tasks to queue
[2024-06-08T15:12:11.526+0000] {logging_mixin.py:188} INFO - [2024-06-08T15:12:11.526+0000] {dagbag.py:545} INFO - Filling up the DagBag from /home/airflow/.local/lib/python3.12/site-packages/airflow/example_dags/example_sensors.py
[2024-06-08T15:12:11.540+0000] {processor.py:840} INFO - DAG(s) 'example_sensors' retrieved from /home/airflow/.local/lib/python3.12/site-packages/airflow/example_dags/example_sensors.py
[2024-06-08T15:12:11.574+0000] {logging_mixin.py:188} INFO - [2024-06-08T15:12:11.574+0000] {dag.py:3096} INFO - Sync 1 DAGs
[2024-06-08T15:12:11.593+0000] {logging_mixin.py:188} INFO - [2024-06-08T15:12:11.592+0000] {dag.py:3954} INFO - Setting next_dagrun for example_sensors to None, run_after=None
[2024-06-08T15:12:11.622+0000] {processor.py:183} INFO - Processing /home/airflow/.local/lib/python3.12/site-packages/airflow/example_dags/example_sensors.py took 0.106 seconds
[2024-06-08T16:13:13.567+0000] {processor.py:161} INFO - Started process (PID=64215) to work on /home/airflow/.local/lib/python3.12/site-packages/airflow/example_dags/example_sensors.py
[2024-06-08T16:13:13.570+0000] {processor.py:830} INFO - Processing file /home/airflow/.local/lib/python3.12/site-packages/airflow/example_dags/example_sensors.py for tasks to queue
[2024-06-08T16:13:13.572+0000] {logging_mixin.py:188} INFO - [2024-06-08T16:13:13.572+0000] {dagbag.py:545} INFO - Filling up the DagBag from /home/airflow/.local/lib/python3.12/site-packages/airflow/example_dags/example_sensors.py
[2024-06-08T16:13:13.598+0000] {processor.py:840} INFO - DAG(s) 'example_sensors' retrieved from /home/airflow/.local/lib/python3.12/site-packages/airflow/example_dags/example_sensors.py
[2024-06-08T16:13:13.677+0000] {logging_mixin.py:188} INFO - [2024-06-08T16:13:13.676+0000] {dag.py:3096} INFO - Sync 1 DAGs
[2024-06-08T16:13:13.715+0000] {logging_mixin.py:188} INFO - [2024-06-08T16:13:13.714+0000] {dag.py:3954} INFO - Setting next_dagrun for example_sensors to None, run_after=None
[2024-06-08T16:13:13.766+0000] {processor.py:183} INFO - Processing /home/airflow/.local/lib/python3.12/site-packages/airflow/example_dags/example_sensors.py took 0.210 seconds
[2024-06-08T16:13:54.835+0000] {processor.py:161} INFO - Started process (PID=64275) to work on /home/airflow/.local/lib/python3.12/site-packages/airflow/example_dags/example_sensors.py
[2024-06-08T16:13:54.837+0000] {processor.py:830} INFO - Processing file /home/airflow/.local/lib/python3.12/site-packages/airflow/example_dags/example_sensors.py for tasks to queue
[2024-06-08T16:13:54.839+0000] {logging_mixin.py:188} INFO - [2024-06-08T16:13:54.838+0000] {dagbag.py:545} INFO - Filling up the DagBag from /home/airflow/.local/lib/python3.12/site-packages/airflow/example_dags/example_sensors.py
[2024-06-08T16:13:54.862+0000] {processor.py:840} INFO - DAG(s) 'example_sensors' retrieved from /home/airflow/.local/lib/python3.12/site-packages/airflow/example_dags/example_sensors.py
[2024-06-08T16:13:54.913+0000] {logging_mixin.py:188} INFO - [2024-06-08T16:13:54.912+0000] {dag.py:3096} INFO - Sync 1 DAGs
[2024-06-08T16:13:54.939+0000] {logging_mixin.py:188} INFO - [2024-06-08T16:13:54.938+0000] {dag.py:3954} INFO - Setting next_dagrun for example_sensors to None, run_after=None
[2024-06-08T16:13:54.977+0000] {processor.py:183} INFO - Processing /home/airflow/.local/lib/python3.12/site-packages/airflow/example_dags/example_sensors.py took 0.155 seconds
[2024-06-08T17:14:34.321+0000] {processor.py:161} INFO - Started process (PID=64329) to work on /home/airflow/.local/lib/python3.12/site-packages/airflow/example_dags/example_sensors.py
[2024-06-08T17:14:34.323+0000] {processor.py:830} INFO - Processing file /home/airflow/.local/lib/python3.12/site-packages/airflow/example_dags/example_sensors.py for tasks to queue
[2024-06-08T17:14:34.324+0000] {logging_mixin.py:188} INFO - [2024-06-08T17:14:34.324+0000] {dagbag.py:545} INFO - Filling up the DagBag from /home/airflow/.local/lib/python3.12/site-packages/airflow/example_dags/example_sensors.py
[2024-06-08T17:14:34.337+0000] {processor.py:840} INFO - DAG(s) 'example_sensors' retrieved from /home/airflow/.local/lib/python3.12/site-packages/airflow/example_dags/example_sensors.py
[2024-06-08T17:14:34.371+0000] {logging_mixin.py:188} INFO - [2024-06-08T17:14:34.371+0000] {dag.py:3096} INFO - Sync 1 DAGs
[2024-06-08T17:14:34.389+0000] {logging_mixin.py:188} INFO - [2024-06-08T17:14:34.388+0000] {dag.py:3954} INFO - Setting next_dagrun for example_sensors to None, run_after=None
[2024-06-08T17:14:34.412+0000] {processor.py:183} INFO - Processing /home/airflow/.local/lib/python3.12/site-packages/airflow/example_dags/example_sensors.py took 0.098 seconds
[2024-06-08T18:08:39.833+0000] {processor.py:161} INFO - Started process (PID=64389) to work on /home/airflow/.local/lib/python3.12/site-packages/airflow/example_dags/example_sensors.py
[2024-06-08T18:08:39.836+0000] {processor.py:830} INFO - Processing file /home/airflow/.local/lib/python3.12/site-packages/airflow/example_dags/example_sensors.py for tasks to queue
[2024-06-08T18:08:39.839+0000] {logging_mixin.py:188} INFO - [2024-06-08T18:08:39.838+0000] {dagbag.py:545} INFO - Filling up the DagBag from /home/airflow/.local/lib/python3.12/site-packages/airflow/example_dags/example_sensors.py
[2024-06-08T18:08:39.868+0000] {processor.py:840} INFO - DAG(s) 'example_sensors' retrieved from /home/airflow/.local/lib/python3.12/site-packages/airflow/example_dags/example_sensors.py
[2024-06-08T18:08:39.928+0000] {logging_mixin.py:188} INFO - [2024-06-08T18:08:39.928+0000] {dag.py:3096} INFO - Sync 1 DAGs
[2024-06-08T18:08:39.988+0000] {logging_mixin.py:188} INFO - [2024-06-08T18:08:39.987+0000] {dag.py:3954} INFO - Setting next_dagrun for example_sensors to None, run_after=None
[2024-06-08T18:08:40.071+0000] {processor.py:183} INFO - Processing /home/airflow/.local/lib/python3.12/site-packages/airflow/example_dags/example_sensors.py took 0.251 seconds
[2024-06-08T18:15:49.789+0000] {processor.py:161} INFO - Started process (PID=64449) to work on /home/airflow/.local/lib/python3.12/site-packages/airflow/example_dags/example_sensors.py
[2024-06-08T18:15:49.790+0000] {processor.py:830} INFO - Processing file /home/airflow/.local/lib/python3.12/site-packages/airflow/example_dags/example_sensors.py for tasks to queue
[2024-06-08T18:15:49.792+0000] {logging_mixin.py:188} INFO - [2024-06-08T18:15:49.791+0000] {dagbag.py:545} INFO - Filling up the DagBag from /home/airflow/.local/lib/python3.12/site-packages/airflow/example_dags/example_sensors.py
[2024-06-08T18:15:49.806+0000] {processor.py:840} INFO - DAG(s) 'example_sensors' retrieved from /home/airflow/.local/lib/python3.12/site-packages/airflow/example_dags/example_sensors.py
[2024-06-08T18:15:49.841+0000] {logging_mixin.py:188} INFO - [2024-06-08T18:15:49.841+0000] {dag.py:3096} INFO - Sync 1 DAGs
[2024-06-08T18:15:49.858+0000] {logging_mixin.py:188} INFO - [2024-06-08T18:15:49.858+0000] {dag.py:3954} INFO - Setting next_dagrun for example_sensors to None, run_after=None
[2024-06-08T18:15:49.882+0000] {processor.py:183} INFO - Processing /home/airflow/.local/lib/python3.12/site-packages/airflow/example_dags/example_sensors.py took 0.101 seconds
[2024-06-08T18:52:16.796+0000] {processor.py:161} INFO - Started process (PID=64509) to work on /home/airflow/.local/lib/python3.12/site-packages/airflow/example_dags/example_sensors.py
[2024-06-08T18:52:16.801+0000] {processor.py:830} INFO - Processing file /home/airflow/.local/lib/python3.12/site-packages/airflow/example_dags/example_sensors.py for tasks to queue
[2024-06-08T18:52:16.802+0000] {logging_mixin.py:188} INFO - [2024-06-08T18:52:16.802+0000] {dagbag.py:545} INFO - Filling up the DagBag from /home/airflow/.local/lib/python3.12/site-packages/airflow/example_dags/example_sensors.py
[2024-06-08T18:52:16.817+0000] {processor.py:840} INFO - DAG(s) 'example_sensors' retrieved from /home/airflow/.local/lib/python3.12/site-packages/airflow/example_dags/example_sensors.py
[2024-06-08T18:52:16.851+0000] {logging_mixin.py:188} INFO - [2024-06-08T18:52:16.851+0000] {dag.py:3096} INFO - Sync 1 DAGs
[2024-06-08T18:52:16.868+0000] {logging_mixin.py:188} INFO - [2024-06-08T18:52:16.868+0000] {dag.py:3954} INFO - Setting next_dagrun for example_sensors to None, run_after=None
[2024-06-08T18:52:16.892+0000] {processor.py:183} INFO - Processing /home/airflow/.local/lib/python3.12/site-packages/airflow/example_dags/example_sensors.py took 0.104 seconds
[2024-06-08T18:52:51.827+0000] {processor.py:161} INFO - Started process (PID=64569) to work on /home/airflow/.local/lib/python3.12/site-packages/airflow/example_dags/example_sensors.py
[2024-06-08T18:52:51.829+0000] {processor.py:830} INFO - Processing file /home/airflow/.local/lib/python3.12/site-packages/airflow/example_dags/example_sensors.py for tasks to queue
[2024-06-08T18:52:51.831+0000] {logging_mixin.py:188} INFO - [2024-06-08T18:52:51.830+0000] {dagbag.py:545} INFO - Filling up the DagBag from /home/airflow/.local/lib/python3.12/site-packages/airflow/example_dags/example_sensors.py
[2024-06-08T18:52:51.875+0000] {processor.py:840} INFO - DAG(s) 'example_sensors' retrieved from /home/airflow/.local/lib/python3.12/site-packages/airflow/example_dags/example_sensors.py
[2024-06-08T18:52:51.980+0000] {logging_mixin.py:188} INFO - [2024-06-08T18:52:51.980+0000] {dag.py:3096} INFO - Sync 1 DAGs
[2024-06-08T18:52:52.056+0000] {logging_mixin.py:188} INFO - [2024-06-08T18:52:52.055+0000] {dag.py:3954} INFO - Setting next_dagrun for example_sensors to None, run_after=None
[2024-06-08T18:52:52.123+0000] {processor.py:183} INFO - Processing /home/airflow/.local/lib/python3.12/site-packages/airflow/example_dags/example_sensors.py took 0.309 seconds
[2024-06-08T19:12:40.542+0000] {processor.py:161} INFO - Started process (PID=64629) to work on /home/airflow/.local/lib/python3.12/site-packages/airflow/example_dags/example_sensors.py
[2024-06-08T19:12:40.554+0000] {processor.py:830} INFO - Processing file /home/airflow/.local/lib/python3.12/site-packages/airflow/example_dags/example_sensors.py for tasks to queue
[2024-06-08T19:12:40.592+0000] {logging_mixin.py:188} INFO - [2024-06-08T19:12:40.591+0000] {dagbag.py:545} INFO - Filling up the DagBag from /home/airflow/.local/lib/python3.12/site-packages/airflow/example_dags/example_sensors.py
[2024-06-08T19:12:40.625+0000] {processor.py:840} INFO - DAG(s) 'example_sensors' retrieved from /home/airflow/.local/lib/python3.12/site-packages/airflow/example_dags/example_sensors.py
[2024-06-08T19:12:40.688+0000] {logging_mixin.py:188} INFO - [2024-06-08T19:12:40.687+0000] {dag.py:3096} INFO - Sync 1 DAGs
[2024-06-08T19:12:40.705+0000] {logging_mixin.py:188} INFO - [2024-06-08T19:12:40.704+0000] {dag.py:3954} INFO - Setting next_dagrun for example_sensors to None, run_after=None
[2024-06-08T19:12:40.730+0000] {processor.py:183} INFO - Processing /home/airflow/.local/lib/python3.12/site-packages/airflow/example_dags/example_sensors.py took 0.196 seconds
[2024-06-08T19:16:53.917+0000] {processor.py:161} INFO - Started process (PID=64689) to work on /home/airflow/.local/lib/python3.12/site-packages/airflow/example_dags/example_sensors.py
[2024-06-08T19:16:53.919+0000] {processor.py:830} INFO - Processing file /home/airflow/.local/lib/python3.12/site-packages/airflow/example_dags/example_sensors.py for tasks to queue
[2024-06-08T19:16:53.920+0000] {logging_mixin.py:188} INFO - [2024-06-08T19:16:53.919+0000] {dagbag.py:545} INFO - Filling up the DagBag from /home/airflow/.local/lib/python3.12/site-packages/airflow/example_dags/example_sensors.py
[2024-06-08T19:16:53.933+0000] {processor.py:840} INFO - DAG(s) 'example_sensors' retrieved from /home/airflow/.local/lib/python3.12/site-packages/airflow/example_dags/example_sensors.py
[2024-06-08T19:16:53.968+0000] {logging_mixin.py:188} INFO - [2024-06-08T19:16:53.968+0000] {dag.py:3096} INFO - Sync 1 DAGs
[2024-06-08T19:16:53.992+0000] {logging_mixin.py:188} INFO - [2024-06-08T19:16:53.991+0000] {dag.py:3954} INFO - Setting next_dagrun for example_sensors to None, run_after=None
[2024-06-08T19:16:54.017+0000] {processor.py:183} INFO - Processing /home/airflow/.local/lib/python3.12/site-packages/airflow/example_dags/example_sensors.py took 0.108 seconds
[2024-06-08T20:17:51.750+0000] {processor.py:161} INFO - Started process (PID=64749) to work on /home/airflow/.local/lib/python3.12/site-packages/airflow/example_dags/example_sensors.py
[2024-06-08T20:17:51.752+0000] {processor.py:830} INFO - Processing file /home/airflow/.local/lib/python3.12/site-packages/airflow/example_dags/example_sensors.py for tasks to queue
[2024-06-08T20:17:51.757+0000] {logging_mixin.py:188} INFO - [2024-06-08T20:17:51.756+0000] {dagbag.py:545} INFO - Filling up the DagBag from /home/airflow/.local/lib/python3.12/site-packages/airflow/example_dags/example_sensors.py
[2024-06-08T20:17:51.784+0000] {processor.py:840} INFO - DAG(s) 'example_sensors' retrieved from /home/airflow/.local/lib/python3.12/site-packages/airflow/example_dags/example_sensors.py
[2024-06-08T20:17:51.857+0000] {logging_mixin.py:188} INFO - [2024-06-08T20:17:51.856+0000] {dag.py:3096} INFO - Sync 1 DAGs
[2024-06-08T20:17:51.886+0000] {logging_mixin.py:188} INFO - [2024-06-08T20:17:51.885+0000] {dag.py:3954} INFO - Setting next_dagrun for example_sensors to None, run_after=None
[2024-06-08T20:17:51.927+0000] {processor.py:183} INFO - Processing /home/airflow/.local/lib/python3.12/site-packages/airflow/example_dags/example_sensors.py took 0.188 seconds
[2024-06-08T20:18:33.861+0000] {processor.py:161} INFO - Started process (PID=64809) to work on /home/airflow/.local/lib/python3.12/site-packages/airflow/example_dags/example_sensors.py
[2024-06-08T20:18:33.863+0000] {processor.py:830} INFO - Processing file /home/airflow/.local/lib/python3.12/site-packages/airflow/example_dags/example_sensors.py for tasks to queue
[2024-06-08T20:18:33.871+0000] {logging_mixin.py:188} INFO - [2024-06-08T20:18:33.870+0000] {dagbag.py:545} INFO - Filling up the DagBag from /home/airflow/.local/lib/python3.12/site-packages/airflow/example_dags/example_sensors.py
[2024-06-08T20:18:33.897+0000] {processor.py:840} INFO - DAG(s) 'example_sensors' retrieved from /home/airflow/.local/lib/python3.12/site-packages/airflow/example_dags/example_sensors.py
[2024-06-08T20:18:33.973+0000] {logging_mixin.py:188} INFO - [2024-06-08T20:18:33.972+0000] {dag.py:3096} INFO - Sync 1 DAGs
[2024-06-08T20:18:34.016+0000] {logging_mixin.py:188} INFO - [2024-06-08T20:18:34.015+0000] {dag.py:3954} INFO - Setting next_dagrun for example_sensors to None, run_after=None
[2024-06-08T20:18:34.063+0000] {processor.py:183} INFO - Processing /home/airflow/.local/lib/python3.12/site-packages/airflow/example_dags/example_sensors.py took 0.214 seconds
