[2024-06-08T02:25:57.507+0000] {processor.py:161} INFO - Started process (PID=63165) to work on /home/airflow/.local/lib/python3.12/site-packages/airflow/example_dags/example_short_circuit_decorator.py
[2024-06-08T02:25:57.509+0000] {processor.py:830} INFO - Processing file /home/airflow/.local/lib/python3.12/site-packages/airflow/example_dags/example_short_circuit_decorator.py for tasks to queue
[2024-06-08T02:25:57.510+0000] {logging_mixin.py:188} INFO - [2024-06-08T02:25:57.510+0000] {dagbag.py:545} INFO - Filling up the DagBag from /home/airflow/.local/lib/python3.12/site-packages/airflow/example_dags/example_short_circuit_decorator.py
[2024-06-08T02:25:57.525+0000] {processor.py:840} INFO - DAG(s) 'example_short_circuit_decorator' retrieved from /home/airflow/.local/lib/python3.12/site-packages/airflow/example_dags/example_short_circuit_decorator.py
[2024-06-08T02:25:57.557+0000] {logging_mixin.py:188} INFO - [2024-06-08T02:25:57.556+0000] {dag.py:3096} INFO - Sync 1 DAGs
[2024-06-08T02:25:57.598+0000] {logging_mixin.py:188} INFO - [2024-06-08T02:25:57.598+0000] {dag.py:3954} INFO - Setting next_dagrun for example_short_circuit_decorator to 2024-06-07 00:00:00+00:00, run_after=2024-06-08 00:00:00+00:00
[2024-06-08T02:25:57.629+0000] {processor.py:183} INFO - Processing /home/airflow/.local/lib/python3.12/site-packages/airflow/example_dags/example_short_circuit_decorator.py took 0.133 seconds
[2024-06-08T02:26:30.547+0000] {processor.py:161} INFO - Started process (PID=63230) to work on /home/airflow/.local/lib/python3.12/site-packages/airflow/example_dags/example_short_circuit_decorator.py
[2024-06-08T02:26:30.549+0000] {processor.py:830} INFO - Processing file /home/airflow/.local/lib/python3.12/site-packages/airflow/example_dags/example_short_circuit_decorator.py for tasks to queue
[2024-06-08T02:26:30.551+0000] {logging_mixin.py:188} INFO - [2024-06-08T02:26:30.550+0000] {dagbag.py:545} INFO - Filling up the DagBag from /home/airflow/.local/lib/python3.12/site-packages/airflow/example_dags/example_short_circuit_decorator.py
[2024-06-08T02:26:30.570+0000] {processor.py:840} INFO - DAG(s) 'example_short_circuit_decorator' retrieved from /home/airflow/.local/lib/python3.12/site-packages/airflow/example_dags/example_short_circuit_decorator.py
[2024-06-08T02:26:30.606+0000] {logging_mixin.py:188} INFO - [2024-06-08T02:26:30.606+0000] {dag.py:3096} INFO - Sync 1 DAGs
[2024-06-08T02:26:30.645+0000] {logging_mixin.py:188} INFO - [2024-06-08T02:26:30.645+0000] {dag.py:3954} INFO - Setting next_dagrun for example_short_circuit_decorator to 2024-06-07 00:00:00+00:00, run_after=2024-06-08 00:00:00+00:00
[2024-06-08T02:26:30.677+0000] {processor.py:183} INFO - Processing /home/airflow/.local/lib/python3.12/site-packages/airflow/example_dags/example_short_circuit_decorator.py took 0.143 seconds
[2024-06-08T07:02:54.251+0000] {processor.py:161} INFO - Started process (PID=63284) to work on /home/airflow/.local/lib/python3.12/site-packages/airflow/example_dags/example_short_circuit_decorator.py
[2024-06-08T07:02:54.252+0000] {processor.py:830} INFO - Processing file /home/airflow/.local/lib/python3.12/site-packages/airflow/example_dags/example_short_circuit_decorator.py for tasks to queue
[2024-06-08T07:02:54.254+0000] {logging_mixin.py:188} INFO - [2024-06-08T07:02:54.253+0000] {dagbag.py:545} INFO - Filling up the DagBag from /home/airflow/.local/lib/python3.12/site-packages/airflow/example_dags/example_short_circuit_decorator.py
[2024-06-08T07:02:54.266+0000] {processor.py:840} INFO - DAG(s) 'example_short_circuit_decorator' retrieved from /home/airflow/.local/lib/python3.12/site-packages/airflow/example_dags/example_short_circuit_decorator.py
[2024-06-08T07:02:54.297+0000] {logging_mixin.py:188} INFO - [2024-06-08T07:02:54.297+0000] {dag.py:3096} INFO - Sync 1 DAGs
[2024-06-08T07:02:54.326+0000] {logging_mixin.py:188} INFO - [2024-06-08T07:02:54.326+0000] {dag.py:3954} INFO - Setting next_dagrun for example_short_circuit_decorator to 2024-06-07 00:00:00+00:00, run_after=2024-06-08 00:00:00+00:00
[2024-06-08T07:02:54.351+0000] {processor.py:183} INFO - Processing /home/airflow/.local/lib/python3.12/site-packages/airflow/example_dags/example_short_circuit_decorator.py took 0.108 seconds
[2024-06-08T07:15:52.060+0000] {processor.py:161} INFO - Started process (PID=63344) to work on /home/airflow/.local/lib/python3.12/site-packages/airflow/example_dags/example_short_circuit_decorator.py
[2024-06-08T07:15:52.062+0000] {processor.py:830} INFO - Processing file /home/airflow/.local/lib/python3.12/site-packages/airflow/example_dags/example_short_circuit_decorator.py for tasks to queue
[2024-06-08T07:15:52.064+0000] {logging_mixin.py:188} INFO - [2024-06-08T07:15:52.063+0000] {dagbag.py:545} INFO - Filling up the DagBag from /home/airflow/.local/lib/python3.12/site-packages/airflow/example_dags/example_short_circuit_decorator.py
[2024-06-08T07:15:52.081+0000] {processor.py:840} INFO - DAG(s) 'example_short_circuit_decorator' retrieved from /home/airflow/.local/lib/python3.12/site-packages/airflow/example_dags/example_short_circuit_decorator.py
[2024-06-08T07:15:52.117+0000] {logging_mixin.py:188} INFO - [2024-06-08T07:15:52.117+0000] {dag.py:3096} INFO - Sync 1 DAGs
[2024-06-08T07:15:52.149+0000] {logging_mixin.py:188} INFO - [2024-06-08T07:15:52.149+0000] {dag.py:3954} INFO - Setting next_dagrun for example_short_circuit_decorator to 2024-06-07 00:00:00+00:00, run_after=2024-06-08 00:00:00+00:00
[2024-06-08T07:15:52.180+0000] {processor.py:183} INFO - Processing /home/airflow/.local/lib/python3.12/site-packages/airflow/example_dags/example_short_circuit_decorator.py took 0.130 seconds
[2024-06-08T08:04:08.451+0000] {processor.py:161} INFO - Started process (PID=63404) to work on /home/airflow/.local/lib/python3.12/site-packages/airflow/example_dags/example_short_circuit_decorator.py
[2024-06-08T08:04:08.453+0000] {processor.py:830} INFO - Processing file /home/airflow/.local/lib/python3.12/site-packages/airflow/example_dags/example_short_circuit_decorator.py for tasks to queue
[2024-06-08T08:04:08.455+0000] {logging_mixin.py:188} INFO - [2024-06-08T08:04:08.454+0000] {dagbag.py:545} INFO - Filling up the DagBag from /home/airflow/.local/lib/python3.12/site-packages/airflow/example_dags/example_short_circuit_decorator.py
[2024-06-08T08:04:08.469+0000] {processor.py:840} INFO - DAG(s) 'example_short_circuit_decorator' retrieved from /home/airflow/.local/lib/python3.12/site-packages/airflow/example_dags/example_short_circuit_decorator.py
[2024-06-08T08:04:08.500+0000] {logging_mixin.py:188} INFO - [2024-06-08T08:04:08.499+0000] {dag.py:3096} INFO - Sync 1 DAGs
[2024-06-08T08:04:08.535+0000] {logging_mixin.py:188} INFO - [2024-06-08T08:04:08.534+0000] {dag.py:3954} INFO - Setting next_dagrun for example_short_circuit_decorator to 2024-06-07 00:00:00+00:00, run_after=2024-06-08 00:00:00+00:00
[2024-06-08T08:04:08.560+0000] {processor.py:183} INFO - Processing /home/airflow/.local/lib/python3.12/site-packages/airflow/example_dags/example_short_circuit_decorator.py took 0.117 seconds
[2024-06-08T09:05:06.424+0000] {processor.py:161} INFO - Started process (PID=63464) to work on /home/airflow/.local/lib/python3.12/site-packages/airflow/example_dags/example_short_circuit_decorator.py
[2024-06-08T09:05:06.426+0000] {processor.py:830} INFO - Processing file /home/airflow/.local/lib/python3.12/site-packages/airflow/example_dags/example_short_circuit_decorator.py for tasks to queue
[2024-06-08T09:05:06.428+0000] {logging_mixin.py:188} INFO - [2024-06-08T09:05:06.427+0000] {dagbag.py:545} INFO - Filling up the DagBag from /home/airflow/.local/lib/python3.12/site-packages/airflow/example_dags/example_short_circuit_decorator.py
[2024-06-08T09:05:06.450+0000] {processor.py:840} INFO - DAG(s) 'example_short_circuit_decorator' retrieved from /home/airflow/.local/lib/python3.12/site-packages/airflow/example_dags/example_short_circuit_decorator.py
[2024-06-08T09:05:06.505+0000] {logging_mixin.py:188} INFO - [2024-06-08T09:05:06.504+0000] {dag.py:3096} INFO - Sync 1 DAGs
[2024-06-08T09:05:06.557+0000] {logging_mixin.py:188} INFO - [2024-06-08T09:05:06.557+0000] {dag.py:3954} INFO - Setting next_dagrun for example_short_circuit_decorator to 2024-06-07 00:00:00+00:00, run_after=2024-06-08 00:00:00+00:00
[2024-06-08T09:05:06.597+0000] {processor.py:183} INFO - Processing /home/airflow/.local/lib/python3.12/site-packages/airflow/example_dags/example_short_circuit_decorator.py took 0.185 seconds
[2024-06-08T09:05:36.872+0000] {processor.py:161} INFO - Started process (PID=63524) to work on /home/airflow/.local/lib/python3.12/site-packages/airflow/example_dags/example_short_circuit_decorator.py
[2024-06-08T09:05:36.873+0000] {processor.py:830} INFO - Processing file /home/airflow/.local/lib/python3.12/site-packages/airflow/example_dags/example_short_circuit_decorator.py for tasks to queue
[2024-06-08T09:05:36.875+0000] {logging_mixin.py:188} INFO - [2024-06-08T09:05:36.874+0000] {dagbag.py:545} INFO - Filling up the DagBag from /home/airflow/.local/lib/python3.12/site-packages/airflow/example_dags/example_short_circuit_decorator.py
[2024-06-08T09:05:36.887+0000] {processor.py:840} INFO - DAG(s) 'example_short_circuit_decorator' retrieved from /home/airflow/.local/lib/python3.12/site-packages/airflow/example_dags/example_short_circuit_decorator.py
[2024-06-08T09:05:36.918+0000] {logging_mixin.py:188} INFO - [2024-06-08T09:05:36.918+0000] {dag.py:3096} INFO - Sync 1 DAGs
[2024-06-08T09:05:36.950+0000] {logging_mixin.py:188} INFO - [2024-06-08T09:05:36.950+0000] {dag.py:3954} INFO - Setting next_dagrun for example_short_circuit_decorator to 2024-06-07 00:00:00+00:00, run_after=2024-06-08 00:00:00+00:00
[2024-06-08T09:05:36.975+0000] {processor.py:183} INFO - Processing /home/airflow/.local/lib/python3.12/site-packages/airflow/example_dags/example_short_circuit_decorator.py took 0.111 seconds
[2024-06-08T10:06:29.737+0000] {processor.py:161} INFO - Started process (PID=63584) to work on /home/airflow/.local/lib/python3.12/site-packages/airflow/example_dags/example_short_circuit_decorator.py
[2024-06-08T10:06:29.739+0000] {processor.py:830} INFO - Processing file /home/airflow/.local/lib/python3.12/site-packages/airflow/example_dags/example_short_circuit_decorator.py for tasks to queue
[2024-06-08T10:06:29.740+0000] {logging_mixin.py:188} INFO - [2024-06-08T10:06:29.740+0000] {dagbag.py:545} INFO - Filling up the DagBag from /home/airflow/.local/lib/python3.12/site-packages/airflow/example_dags/example_short_circuit_decorator.py
[2024-06-08T10:06:29.755+0000] {processor.py:840} INFO - DAG(s) 'example_short_circuit_decorator' retrieved from /home/airflow/.local/lib/python3.12/site-packages/airflow/example_dags/example_short_circuit_decorator.py
[2024-06-08T10:06:29.790+0000] {logging_mixin.py:188} INFO - [2024-06-08T10:06:29.789+0000] {dag.py:3096} INFO - Sync 1 DAGs
[2024-06-08T10:06:29.824+0000] {logging_mixin.py:188} INFO - [2024-06-08T10:06:29.823+0000] {dag.py:3954} INFO - Setting next_dagrun for example_short_circuit_decorator to 2024-06-07 00:00:00+00:00, run_after=2024-06-08 00:00:00+00:00
[2024-06-08T10:06:29.856+0000] {processor.py:183} INFO - Processing /home/airflow/.local/lib/python3.12/site-packages/airflow/example_dags/example_short_circuit_decorator.py took 0.129 seconds
[2024-06-08T10:39:00.578+0000] {processor.py:161} INFO - Started process (PID=63644) to work on /home/airflow/.local/lib/python3.12/site-packages/airflow/example_dags/example_short_circuit_decorator.py
[2024-06-08T10:39:00.580+0000] {processor.py:830} INFO - Processing file /home/airflow/.local/lib/python3.12/site-packages/airflow/example_dags/example_short_circuit_decorator.py for tasks to queue
[2024-06-08T10:39:00.582+0000] {logging_mixin.py:188} INFO - [2024-06-08T10:39:00.582+0000] {dagbag.py:545} INFO - Filling up the DagBag from /home/airflow/.local/lib/python3.12/site-packages/airflow/example_dags/example_short_circuit_decorator.py
[2024-06-08T10:39:00.606+0000] {processor.py:840} INFO - DAG(s) 'example_short_circuit_decorator' retrieved from /home/airflow/.local/lib/python3.12/site-packages/airflow/example_dags/example_short_circuit_decorator.py
[2024-06-08T10:39:00.662+0000] {logging_mixin.py:188} INFO - [2024-06-08T10:39:00.661+0000] {dag.py:3096} INFO - Sync 1 DAGs
[2024-06-08T10:39:00.714+0000] {logging_mixin.py:188} INFO - [2024-06-08T10:39:00.713+0000] {dag.py:3954} INFO - Setting next_dagrun for example_short_circuit_decorator to 2024-06-07 00:00:00+00:00, run_after=2024-06-08 00:00:00+00:00
[2024-06-08T10:39:00.756+0000] {processor.py:183} INFO - Processing /home/airflow/.local/lib/python3.12/site-packages/airflow/example_dags/example_short_circuit_decorator.py took 0.190 seconds
[2024-06-08T10:39:31.233+0000] {processor.py:161} INFO - Started process (PID=63704) to work on /home/airflow/.local/lib/python3.12/site-packages/airflow/example_dags/example_short_circuit_decorator.py
[2024-06-08T10:39:31.235+0000] {processor.py:830} INFO - Processing file /home/airflow/.local/lib/python3.12/site-packages/airflow/example_dags/example_short_circuit_decorator.py for tasks to queue
[2024-06-08T10:39:31.236+0000] {logging_mixin.py:188} INFO - [2024-06-08T10:39:31.236+0000] {dagbag.py:545} INFO - Filling up the DagBag from /home/airflow/.local/lib/python3.12/site-packages/airflow/example_dags/example_short_circuit_decorator.py
[2024-06-08T10:39:31.249+0000] {processor.py:840} INFO - DAG(s) 'example_short_circuit_decorator' retrieved from /home/airflow/.local/lib/python3.12/site-packages/airflow/example_dags/example_short_circuit_decorator.py
[2024-06-08T10:39:31.279+0000] {logging_mixin.py:188} INFO - [2024-06-08T10:39:31.279+0000] {dag.py:3096} INFO - Sync 1 DAGs
[2024-06-08T10:39:31.310+0000] {logging_mixin.py:188} INFO - [2024-06-08T10:39:31.309+0000] {dag.py:3954} INFO - Setting next_dagrun for example_short_circuit_decorator to 2024-06-07 00:00:00+00:00, run_after=2024-06-08 00:00:00+00:00
[2024-06-08T10:39:31.335+0000] {processor.py:183} INFO - Processing /home/airflow/.local/lib/python3.12/site-packages/airflow/example_dags/example_short_circuit_decorator.py took 0.109 seconds
[2024-06-08T11:07:35.797+0000] {processor.py:161} INFO - Started process (PID=63764) to work on /home/airflow/.local/lib/python3.12/site-packages/airflow/example_dags/example_short_circuit_decorator.py
[2024-06-08T11:07:35.799+0000] {processor.py:830} INFO - Processing file /home/airflow/.local/lib/python3.12/site-packages/airflow/example_dags/example_short_circuit_decorator.py for tasks to queue
[2024-06-08T11:07:35.800+0000] {logging_mixin.py:188} INFO - [2024-06-08T11:07:35.800+0000] {dagbag.py:545} INFO - Filling up the DagBag from /home/airflow/.local/lib/python3.12/site-packages/airflow/example_dags/example_short_circuit_decorator.py
[2024-06-08T11:07:35.813+0000] {processor.py:840} INFO - DAG(s) 'example_short_circuit_decorator' retrieved from /home/airflow/.local/lib/python3.12/site-packages/airflow/example_dags/example_short_circuit_decorator.py
[2024-06-08T11:07:35.843+0000] {logging_mixin.py:188} INFO - [2024-06-08T11:07:35.843+0000] {dag.py:3096} INFO - Sync 1 DAGs
[2024-06-08T11:07:35.873+0000] {logging_mixin.py:188} INFO - [2024-06-08T11:07:35.873+0000] {dag.py:3954} INFO - Setting next_dagrun for example_short_circuit_decorator to 2024-06-07 00:00:00+00:00, run_after=2024-06-08 00:00:00+00:00
[2024-06-08T11:07:35.897+0000] {processor.py:183} INFO - Processing /home/airflow/.local/lib/python3.12/site-packages/airflow/example_dags/example_short_circuit_decorator.py took 0.107 seconds
[2024-06-08T12:08:35.565+0000] {processor.py:161} INFO - Started process (PID=63825) to work on /home/airflow/.local/lib/python3.12/site-packages/airflow/example_dags/example_short_circuit_decorator.py
[2024-06-08T12:08:35.567+0000] {processor.py:830} INFO - Processing file /home/airflow/.local/lib/python3.12/site-packages/airflow/example_dags/example_short_circuit_decorator.py for tasks to queue
[2024-06-08T12:08:35.569+0000] {logging_mixin.py:188} INFO - [2024-06-08T12:08:35.568+0000] {dagbag.py:545} INFO - Filling up the DagBag from /home/airflow/.local/lib/python3.12/site-packages/airflow/example_dags/example_short_circuit_decorator.py
[2024-06-08T12:08:35.593+0000] {processor.py:840} INFO - DAG(s) 'example_short_circuit_decorator' retrieved from /home/airflow/.local/lib/python3.12/site-packages/airflow/example_dags/example_short_circuit_decorator.py
[2024-06-08T12:08:35.659+0000] {logging_mixin.py:188} INFO - [2024-06-08T12:08:35.659+0000] {dag.py:3096} INFO - Sync 1 DAGs
[2024-06-08T12:08:35.724+0000] {logging_mixin.py:188} INFO - [2024-06-08T12:08:35.724+0000] {dag.py:3954} INFO - Setting next_dagrun for example_short_circuit_decorator to 2024-06-07 00:00:00+00:00, run_after=2024-06-08 00:00:00+00:00
[2024-06-08T12:08:35.769+0000] {processor.py:183} INFO - Processing /home/airflow/.local/lib/python3.12/site-packages/airflow/example_dags/example_short_circuit_decorator.py took 0.217 seconds
[2024-06-08T12:09:06.084+0000] {processor.py:161} INFO - Started process (PID=63885) to work on /home/airflow/.local/lib/python3.12/site-packages/airflow/example_dags/example_short_circuit_decorator.py
[2024-06-08T12:09:06.085+0000] {processor.py:830} INFO - Processing file /home/airflow/.local/lib/python3.12/site-packages/airflow/example_dags/example_short_circuit_decorator.py for tasks to queue
[2024-06-08T12:09:06.086+0000] {logging_mixin.py:188} INFO - [2024-06-08T12:09:06.086+0000] {dagbag.py:545} INFO - Filling up the DagBag from /home/airflow/.local/lib/python3.12/site-packages/airflow/example_dags/example_short_circuit_decorator.py
[2024-06-08T12:09:06.099+0000] {processor.py:840} INFO - DAG(s) 'example_short_circuit_decorator' retrieved from /home/airflow/.local/lib/python3.12/site-packages/airflow/example_dags/example_short_circuit_decorator.py
[2024-06-08T12:09:06.129+0000] {logging_mixin.py:188} INFO - [2024-06-08T12:09:06.129+0000] {dag.py:3096} INFO - Sync 1 DAGs
[2024-06-08T12:09:06.160+0000] {logging_mixin.py:188} INFO - [2024-06-08T12:09:06.160+0000] {dag.py:3954} INFO - Setting next_dagrun for example_short_circuit_decorator to 2024-06-07 00:00:00+00:00, run_after=2024-06-08 00:00:00+00:00
[2024-06-08T12:09:06.186+0000] {processor.py:183} INFO - Processing /home/airflow/.local/lib/python3.12/site-packages/airflow/example_dags/example_short_circuit_decorator.py took 0.110 seconds
[2024-06-08T13:09:57.854+0000] {processor.py:161} INFO - Started process (PID=63945) to work on /home/airflow/.local/lib/python3.12/site-packages/airflow/example_dags/example_short_circuit_decorator.py
[2024-06-08T13:09:57.855+0000] {processor.py:830} INFO - Processing file /home/airflow/.local/lib/python3.12/site-packages/airflow/example_dags/example_short_circuit_decorator.py for tasks to queue
[2024-06-08T13:09:57.857+0000] {logging_mixin.py:188} INFO - [2024-06-08T13:09:57.856+0000] {dagbag.py:545} INFO - Filling up the DagBag from /home/airflow/.local/lib/python3.12/site-packages/airflow/example_dags/example_short_circuit_decorator.py
[2024-06-08T13:09:57.869+0000] {processor.py:840} INFO - DAG(s) 'example_short_circuit_decorator' retrieved from /home/airflow/.local/lib/python3.12/site-packages/airflow/example_dags/example_short_circuit_decorator.py
[2024-06-08T13:09:57.902+0000] {logging_mixin.py:188} INFO - [2024-06-08T13:09:57.902+0000] {dag.py:3096} INFO - Sync 1 DAGs
[2024-06-08T13:09:57.936+0000] {logging_mixin.py:188} INFO - [2024-06-08T13:09:57.935+0000] {dag.py:3954} INFO - Setting next_dagrun for example_short_circuit_decorator to 2024-06-07 00:00:00+00:00, run_after=2024-06-08 00:00:00+00:00
[2024-06-08T13:09:57.963+0000] {processor.py:183} INFO - Processing /home/airflow/.local/lib/python3.12/site-packages/airflow/example_dags/example_short_circuit_decorator.py took 0.116 seconds
[2024-06-08T14:10:52.992+0000] {processor.py:161} INFO - Started process (PID=64005) to work on /home/airflow/.local/lib/python3.12/site-packages/airflow/example_dags/example_short_circuit_decorator.py
[2024-06-08T14:10:52.994+0000] {processor.py:830} INFO - Processing file /home/airflow/.local/lib/python3.12/site-packages/airflow/example_dags/example_short_circuit_decorator.py for tasks to queue
[2024-06-08T14:10:52.997+0000] {logging_mixin.py:188} INFO - [2024-06-08T14:10:52.996+0000] {dagbag.py:545} INFO - Filling up the DagBag from /home/airflow/.local/lib/python3.12/site-packages/airflow/example_dags/example_short_circuit_decorator.py
[2024-06-08T14:10:53.019+0000] {processor.py:840} INFO - DAG(s) 'example_short_circuit_decorator' retrieved from /home/airflow/.local/lib/python3.12/site-packages/airflow/example_dags/example_short_circuit_decorator.py
[2024-06-08T14:10:53.070+0000] {logging_mixin.py:188} INFO - [2024-06-08T14:10:53.070+0000] {dag.py:3096} INFO - Sync 1 DAGs
[2024-06-08T14:10:53.122+0000] {logging_mixin.py:188} INFO - [2024-06-08T14:10:53.122+0000] {dag.py:3954} INFO - Setting next_dagrun for example_short_circuit_decorator to 2024-06-07 00:00:00+00:00, run_after=2024-06-08 00:00:00+00:00
[2024-06-08T14:10:53.164+0000] {processor.py:183} INFO - Processing /home/airflow/.local/lib/python3.12/site-packages/airflow/example_dags/example_short_circuit_decorator.py took 0.188 seconds
[2024-06-08T14:11:23.452+0000] {processor.py:161} INFO - Started process (PID=64065) to work on /home/airflow/.local/lib/python3.12/site-packages/airflow/example_dags/example_short_circuit_decorator.py
[2024-06-08T14:11:23.453+0000] {processor.py:830} INFO - Processing file /home/airflow/.local/lib/python3.12/site-packages/airflow/example_dags/example_short_circuit_decorator.py for tasks to queue
[2024-06-08T14:11:23.455+0000] {logging_mixin.py:188} INFO - [2024-06-08T14:11:23.455+0000] {dagbag.py:545} INFO - Filling up the DagBag from /home/airflow/.local/lib/python3.12/site-packages/airflow/example_dags/example_short_circuit_decorator.py
[2024-06-08T14:11:23.474+0000] {processor.py:840} INFO - DAG(s) 'example_short_circuit_decorator' retrieved from /home/airflow/.local/lib/python3.12/site-packages/airflow/example_dags/example_short_circuit_decorator.py
[2024-06-08T14:11:23.525+0000] {logging_mixin.py:188} INFO - [2024-06-08T14:11:23.525+0000] {dag.py:3096} INFO - Sync 1 DAGs
[2024-06-08T14:11:23.560+0000] {logging_mixin.py:188} INFO - [2024-06-08T14:11:23.560+0000] {dag.py:3954} INFO - Setting next_dagrun for example_short_circuit_decorator to 2024-06-07 00:00:00+00:00, run_after=2024-06-08 00:00:00+00:00
[2024-06-08T14:11:23.587+0000] {processor.py:183} INFO - Processing /home/airflow/.local/lib/python3.12/site-packages/airflow/example_dags/example_short_circuit_decorator.py took 0.145 seconds
[2024-06-08T15:12:09.789+0000] {processor.py:161} INFO - Started process (PID=64125) to work on /home/airflow/.local/lib/python3.12/site-packages/airflow/example_dags/example_short_circuit_decorator.py
[2024-06-08T15:12:09.791+0000] {processor.py:830} INFO - Processing file /home/airflow/.local/lib/python3.12/site-packages/airflow/example_dags/example_short_circuit_decorator.py for tasks to queue
[2024-06-08T15:12:09.792+0000] {logging_mixin.py:188} INFO - [2024-06-08T15:12:09.792+0000] {dagbag.py:545} INFO - Filling up the DagBag from /home/airflow/.local/lib/python3.12/site-packages/airflow/example_dags/example_short_circuit_decorator.py
[2024-06-08T15:12:09.806+0000] {processor.py:840} INFO - DAG(s) 'example_short_circuit_decorator' retrieved from /home/airflow/.local/lib/python3.12/site-packages/airflow/example_dags/example_short_circuit_decorator.py
[2024-06-08T15:12:09.840+0000] {logging_mixin.py:188} INFO - [2024-06-08T15:12:09.839+0000] {dag.py:3096} INFO - Sync 1 DAGs
[2024-06-08T15:12:09.869+0000] {logging_mixin.py:188} INFO - [2024-06-08T15:12:09.869+0000] {dag.py:3954} INFO - Setting next_dagrun for example_short_circuit_decorator to 2024-06-07 00:00:00+00:00, run_after=2024-06-08 00:00:00+00:00
[2024-06-08T15:12:09.893+0000] {processor.py:183} INFO - Processing /home/airflow/.local/lib/python3.12/site-packages/airflow/example_dags/example_short_circuit_decorator.py took 0.113 seconds
[2024-06-08T16:13:10.049+0000] {processor.py:161} INFO - Started process (PID=64185) to work on /home/airflow/.local/lib/python3.12/site-packages/airflow/example_dags/example_short_circuit_decorator.py
[2024-06-08T16:13:10.051+0000] {processor.py:830} INFO - Processing file /home/airflow/.local/lib/python3.12/site-packages/airflow/example_dags/example_short_circuit_decorator.py for tasks to queue
[2024-06-08T16:13:10.053+0000] {logging_mixin.py:188} INFO - [2024-06-08T16:13:10.052+0000] {dagbag.py:545} INFO - Filling up the DagBag from /home/airflow/.local/lib/python3.12/site-packages/airflow/example_dags/example_short_circuit_decorator.py
[2024-06-08T16:13:10.074+0000] {processor.py:840} INFO - DAG(s) 'example_short_circuit_decorator' retrieved from /home/airflow/.local/lib/python3.12/site-packages/airflow/example_dags/example_short_circuit_decorator.py
[2024-06-08T16:13:10.125+0000] {logging_mixin.py:188} INFO - [2024-06-08T16:13:10.124+0000] {dag.py:3096} INFO - Sync 1 DAGs
[2024-06-08T16:13:10.181+0000] {logging_mixin.py:188} INFO - [2024-06-08T16:13:10.180+0000] {dag.py:3954} INFO - Setting next_dagrun for example_short_circuit_decorator to 2024-06-07 00:00:00+00:00, run_after=2024-06-08 00:00:00+00:00
[2024-06-08T16:13:10.222+0000] {processor.py:183} INFO - Processing /home/airflow/.local/lib/python3.12/site-packages/airflow/example_dags/example_short_circuit_decorator.py took 0.186 seconds
[2024-06-08T16:13:40.533+0000] {processor.py:161} INFO - Started process (PID=64245) to work on /home/airflow/.local/lib/python3.12/site-packages/airflow/example_dags/example_short_circuit_decorator.py
[2024-06-08T16:13:40.534+0000] {processor.py:830} INFO - Processing file /home/airflow/.local/lib/python3.12/site-packages/airflow/example_dags/example_short_circuit_decorator.py for tasks to queue
[2024-06-08T16:13:40.536+0000] {logging_mixin.py:188} INFO - [2024-06-08T16:13:40.535+0000] {dagbag.py:545} INFO - Filling up the DagBag from /home/airflow/.local/lib/python3.12/site-packages/airflow/example_dags/example_short_circuit_decorator.py
[2024-06-08T16:13:40.548+0000] {processor.py:840} INFO - DAG(s) 'example_short_circuit_decorator' retrieved from /home/airflow/.local/lib/python3.12/site-packages/airflow/example_dags/example_short_circuit_decorator.py
[2024-06-08T16:13:40.579+0000] {logging_mixin.py:188} INFO - [2024-06-08T16:13:40.578+0000] {dag.py:3096} INFO - Sync 1 DAGs
[2024-06-08T16:13:40.607+0000] {logging_mixin.py:188} INFO - [2024-06-08T16:13:40.607+0000] {dag.py:3954} INFO - Setting next_dagrun for example_short_circuit_decorator to 2024-06-07 00:00:00+00:00, run_after=2024-06-08 00:00:00+00:00
[2024-06-08T16:13:40.631+0000] {processor.py:183} INFO - Processing /home/airflow/.local/lib/python3.12/site-packages/airflow/example_dags/example_short_circuit_decorator.py took 0.106 seconds
[2024-06-08T17:14:32.554+0000] {processor.py:161} INFO - Started process (PID=64305) to work on /home/airflow/.local/lib/python3.12/site-packages/airflow/example_dags/example_short_circuit_decorator.py
[2024-06-08T17:14:32.555+0000] {processor.py:830} INFO - Processing file /home/airflow/.local/lib/python3.12/site-packages/airflow/example_dags/example_short_circuit_decorator.py for tasks to queue
[2024-06-08T17:14:32.557+0000] {logging_mixin.py:188} INFO - [2024-06-08T17:14:32.556+0000] {dagbag.py:545} INFO - Filling up the DagBag from /home/airflow/.local/lib/python3.12/site-packages/airflow/example_dags/example_short_circuit_decorator.py
[2024-06-08T17:14:32.570+0000] {processor.py:840} INFO - DAG(s) 'example_short_circuit_decorator' retrieved from /home/airflow/.local/lib/python3.12/site-packages/airflow/example_dags/example_short_circuit_decorator.py
[2024-06-08T17:14:32.601+0000] {logging_mixin.py:188} INFO - [2024-06-08T17:14:32.601+0000] {dag.py:3096} INFO - Sync 1 DAGs
[2024-06-08T17:14:32.632+0000] {logging_mixin.py:188} INFO - [2024-06-08T17:14:32.632+0000] {dag.py:3954} INFO - Setting next_dagrun for example_short_circuit_decorator to 2024-06-07 00:00:00+00:00, run_after=2024-06-08 00:00:00+00:00
[2024-06-08T17:14:32.661+0000] {processor.py:183} INFO - Processing /home/airflow/.local/lib/python3.12/site-packages/airflow/example_dags/example_short_circuit_decorator.py took 0.115 seconds
[2024-06-08T18:08:36.589+0000] {processor.py:161} INFO - Started process (PID=64365) to work on /home/airflow/.local/lib/python3.12/site-packages/airflow/example_dags/example_short_circuit_decorator.py
[2024-06-08T18:08:36.591+0000] {processor.py:830} INFO - Processing file /home/airflow/.local/lib/python3.12/site-packages/airflow/example_dags/example_short_circuit_decorator.py for tasks to queue
[2024-06-08T18:08:36.595+0000] {logging_mixin.py:188} INFO - [2024-06-08T18:08:36.594+0000] {dagbag.py:545} INFO - Filling up the DagBag from /home/airflow/.local/lib/python3.12/site-packages/airflow/example_dags/example_short_circuit_decorator.py
[2024-06-08T18:08:36.628+0000] {processor.py:840} INFO - DAG(s) 'example_short_circuit_decorator' retrieved from /home/airflow/.local/lib/python3.12/site-packages/airflow/example_dags/example_short_circuit_decorator.py
[2024-06-08T18:08:36.687+0000] {logging_mixin.py:188} INFO - [2024-06-08T18:08:36.686+0000] {dag.py:3096} INFO - Sync 1 DAGs
[2024-06-08T18:08:36.758+0000] {logging_mixin.py:188} INFO - [2024-06-08T18:08:36.758+0000] {dag.py:3954} INFO - Setting next_dagrun for example_short_circuit_decorator to 2024-06-07 00:00:00+00:00, run_after=2024-06-08 00:00:00+00:00
[2024-06-08T18:08:36.806+0000] {processor.py:183} INFO - Processing /home/airflow/.local/lib/python3.12/site-packages/airflow/example_dags/example_short_circuit_decorator.py took 0.236 seconds
[2024-06-08T18:15:48.104+0000] {processor.py:161} INFO - Started process (PID=64425) to work on /home/airflow/.local/lib/python3.12/site-packages/airflow/example_dags/example_short_circuit_decorator.py
[2024-06-08T18:15:48.105+0000] {processor.py:830} INFO - Processing file /home/airflow/.local/lib/python3.12/site-packages/airflow/example_dags/example_short_circuit_decorator.py for tasks to queue
[2024-06-08T18:15:48.106+0000] {logging_mixin.py:188} INFO - [2024-06-08T18:15:48.106+0000] {dagbag.py:545} INFO - Filling up the DagBag from /home/airflow/.local/lib/python3.12/site-packages/airflow/example_dags/example_short_circuit_decorator.py
[2024-06-08T18:15:48.119+0000] {processor.py:840} INFO - DAG(s) 'example_short_circuit_decorator' retrieved from /home/airflow/.local/lib/python3.12/site-packages/airflow/example_dags/example_short_circuit_decorator.py
[2024-06-08T18:15:48.150+0000] {logging_mixin.py:188} INFO - [2024-06-08T18:15:48.149+0000] {dag.py:3096} INFO - Sync 1 DAGs
[2024-06-08T18:15:48.178+0000] {logging_mixin.py:188} INFO - [2024-06-08T18:15:48.178+0000] {dag.py:3954} INFO - Setting next_dagrun for example_short_circuit_decorator to 2024-06-07 00:00:00+00:00, run_after=2024-06-08 00:00:00+00:00
[2024-06-08T18:15:48.204+0000] {processor.py:183} INFO - Processing /home/airflow/.local/lib/python3.12/site-packages/airflow/example_dags/example_short_circuit_decorator.py took 0.107 seconds
[2024-06-08T18:52:14.770+0000] {processor.py:161} INFO - Started process (PID=64485) to work on /home/airflow/.local/lib/python3.12/site-packages/airflow/example_dags/example_short_circuit_decorator.py
[2024-06-08T18:52:14.772+0000] {processor.py:830} INFO - Processing file /home/airflow/.local/lib/python3.12/site-packages/airflow/example_dags/example_short_circuit_decorator.py for tasks to queue
[2024-06-08T18:52:14.774+0000] {logging_mixin.py:188} INFO - [2024-06-08T18:52:14.773+0000] {dagbag.py:545} INFO - Filling up the DagBag from /home/airflow/.local/lib/python3.12/site-packages/airflow/example_dags/example_short_circuit_decorator.py
[2024-06-08T18:52:14.789+0000] {processor.py:840} INFO - DAG(s) 'example_short_circuit_decorator' retrieved from /home/airflow/.local/lib/python3.12/site-packages/airflow/example_dags/example_short_circuit_decorator.py
[2024-06-08T18:52:14.823+0000] {logging_mixin.py:188} INFO - [2024-06-08T18:52:14.823+0000] {dag.py:3096} INFO - Sync 1 DAGs
[2024-06-08T18:52:14.856+0000] {logging_mixin.py:188} INFO - [2024-06-08T18:52:14.855+0000] {dag.py:3954} INFO - Setting next_dagrun for example_short_circuit_decorator to 2024-06-07 00:00:00+00:00, run_after=2024-06-08 00:00:00+00:00
[2024-06-08T18:52:14.886+0000] {processor.py:183} INFO - Processing /home/airflow/.local/lib/python3.12/site-packages/airflow/example_dags/example_short_circuit_decorator.py took 0.126 seconds
[2024-06-08T18:52:48.710+0000] {processor.py:161} INFO - Started process (PID=64545) to work on /home/airflow/.local/lib/python3.12/site-packages/airflow/example_dags/example_short_circuit_decorator.py
[2024-06-08T18:52:48.713+0000] {processor.py:830} INFO - Processing file /home/airflow/.local/lib/python3.12/site-packages/airflow/example_dags/example_short_circuit_decorator.py for tasks to queue
[2024-06-08T18:52:48.716+0000] {logging_mixin.py:188} INFO - [2024-06-08T18:52:48.715+0000] {dagbag.py:545} INFO - Filling up the DagBag from /home/airflow/.local/lib/python3.12/site-packages/airflow/example_dags/example_short_circuit_decorator.py
[2024-06-08T18:52:48.741+0000] {processor.py:840} INFO - DAG(s) 'example_short_circuit_decorator' retrieved from /home/airflow/.local/lib/python3.12/site-packages/airflow/example_dags/example_short_circuit_decorator.py
[2024-06-08T18:52:48.800+0000] {logging_mixin.py:188} INFO - [2024-06-08T18:52:48.800+0000] {dag.py:3096} INFO - Sync 1 DAGs
[2024-06-08T18:52:48.853+0000] {logging_mixin.py:188} INFO - [2024-06-08T18:52:48.852+0000] {dag.py:3954} INFO - Setting next_dagrun for example_short_circuit_decorator to 2024-06-07 00:00:00+00:00, run_after=2024-06-08 00:00:00+00:00
[2024-06-08T18:52:48.892+0000] {processor.py:183} INFO - Processing /home/airflow/.local/lib/python3.12/site-packages/airflow/example_dags/example_short_circuit_decorator.py took 0.197 seconds
[2024-06-08T19:12:38.934+0000] {processor.py:161} INFO - Started process (PID=64605) to work on /home/airflow/.local/lib/python3.12/site-packages/airflow/example_dags/example_short_circuit_decorator.py
[2024-06-08T19:12:38.936+0000] {processor.py:830} INFO - Processing file /home/airflow/.local/lib/python3.12/site-packages/airflow/example_dags/example_short_circuit_decorator.py for tasks to queue
[2024-06-08T19:12:38.937+0000] {logging_mixin.py:188} INFO - [2024-06-08T19:12:38.937+0000] {dagbag.py:545} INFO - Filling up the DagBag from /home/airflow/.local/lib/python3.12/site-packages/airflow/example_dags/example_short_circuit_decorator.py
[2024-06-08T19:12:38.950+0000] {processor.py:840} INFO - DAG(s) 'example_short_circuit_decorator' retrieved from /home/airflow/.local/lib/python3.12/site-packages/airflow/example_dags/example_short_circuit_decorator.py
[2024-06-08T19:12:38.981+0000] {logging_mixin.py:188} INFO - [2024-06-08T19:12:38.981+0000] {dag.py:3096} INFO - Sync 1 DAGs
[2024-06-08T19:12:39.012+0000] {logging_mixin.py:188} INFO - [2024-06-08T19:12:39.012+0000] {dag.py:3954} INFO - Setting next_dagrun for example_short_circuit_decorator to 2024-06-07 00:00:00+00:00, run_after=2024-06-08 00:00:00+00:00
[2024-06-08T19:12:39.037+0000] {processor.py:183} INFO - Processing /home/airflow/.local/lib/python3.12/site-packages/airflow/example_dags/example_short_circuit_decorator.py took 0.110 seconds
[2024-06-08T19:16:52.108+0000] {processor.py:161} INFO - Started process (PID=64665) to work on /home/airflow/.local/lib/python3.12/site-packages/airflow/example_dags/example_short_circuit_decorator.py
[2024-06-08T19:16:52.111+0000] {processor.py:830} INFO - Processing file /home/airflow/.local/lib/python3.12/site-packages/airflow/example_dags/example_short_circuit_decorator.py for tasks to queue
[2024-06-08T19:16:52.113+0000] {logging_mixin.py:188} INFO - [2024-06-08T19:16:52.112+0000] {dagbag.py:545} INFO - Filling up the DagBag from /home/airflow/.local/lib/python3.12/site-packages/airflow/example_dags/example_short_circuit_decorator.py
[2024-06-08T19:16:52.126+0000] {processor.py:840} INFO - DAG(s) 'example_short_circuit_decorator' retrieved from /home/airflow/.local/lib/python3.12/site-packages/airflow/example_dags/example_short_circuit_decorator.py
[2024-06-08T19:16:52.158+0000] {logging_mixin.py:188} INFO - [2024-06-08T19:16:52.157+0000] {dag.py:3096} INFO - Sync 1 DAGs
[2024-06-08T19:16:52.189+0000] {logging_mixin.py:188} INFO - [2024-06-08T19:16:52.189+0000] {dag.py:3954} INFO - Setting next_dagrun for example_short_circuit_decorator to 2024-06-07 00:00:00+00:00, run_after=2024-06-08 00:00:00+00:00
[2024-06-08T19:16:52.213+0000] {processor.py:183} INFO - Processing /home/airflow/.local/lib/python3.12/site-packages/airflow/example_dags/example_short_circuit_decorator.py took 0.113 seconds
[2024-06-08T20:17:48.756+0000] {processor.py:161} INFO - Started process (PID=64725) to work on /home/airflow/.local/lib/python3.12/site-packages/airflow/example_dags/example_short_circuit_decorator.py
[2024-06-08T20:17:48.758+0000] {processor.py:830} INFO - Processing file /home/airflow/.local/lib/python3.12/site-packages/airflow/example_dags/example_short_circuit_decorator.py for tasks to queue
[2024-06-08T20:17:48.760+0000] {logging_mixin.py:188} INFO - [2024-06-08T20:17:48.759+0000] {dagbag.py:545} INFO - Filling up the DagBag from /home/airflow/.local/lib/python3.12/site-packages/airflow/example_dags/example_short_circuit_decorator.py
[2024-06-08T20:17:48.779+0000] {processor.py:840} INFO - DAG(s) 'example_short_circuit_decorator' retrieved from /home/airflow/.local/lib/python3.12/site-packages/airflow/example_dags/example_short_circuit_decorator.py
[2024-06-08T20:17:48.826+0000] {logging_mixin.py:188} INFO - [2024-06-08T20:17:48.825+0000] {dag.py:3096} INFO - Sync 1 DAGs
[2024-06-08T20:17:48.871+0000] {logging_mixin.py:188} INFO - [2024-06-08T20:17:48.871+0000] {dag.py:3954} INFO - Setting next_dagrun for example_short_circuit_decorator to 2024-06-07 00:00:00+00:00, run_after=2024-06-08 00:00:00+00:00
[2024-06-08T20:17:48.902+0000] {processor.py:183} INFO - Processing /home/airflow/.local/lib/python3.12/site-packages/airflow/example_dags/example_short_circuit_decorator.py took 0.160 seconds
[2024-06-08T20:18:30.714+0000] {processor.py:161} INFO - Started process (PID=64785) to work on /home/airflow/.local/lib/python3.12/site-packages/airflow/example_dags/example_short_circuit_decorator.py
[2024-06-08T20:18:30.740+0000] {processor.py:830} INFO - Processing file /home/airflow/.local/lib/python3.12/site-packages/airflow/example_dags/example_short_circuit_decorator.py for tasks to queue
[2024-06-08T20:18:30.743+0000] {logging_mixin.py:188} INFO - [2024-06-08T20:18:30.742+0000] {dagbag.py:545} INFO - Filling up the DagBag from /home/airflow/.local/lib/python3.12/site-packages/airflow/example_dags/example_short_circuit_decorator.py
[2024-06-08T20:18:30.769+0000] {processor.py:840} INFO - DAG(s) 'example_short_circuit_decorator' retrieved from /home/airflow/.local/lib/python3.12/site-packages/airflow/example_dags/example_short_circuit_decorator.py
[2024-06-08T20:18:30.856+0000] {logging_mixin.py:188} INFO - [2024-06-08T20:18:30.855+0000] {dag.py:3096} INFO - Sync 1 DAGs
[2024-06-08T20:18:30.914+0000] {logging_mixin.py:188} INFO - [2024-06-08T20:18:30.914+0000] {dag.py:3954} INFO - Setting next_dagrun for example_short_circuit_decorator to 2024-06-07 00:00:00+00:00, run_after=2024-06-08 00:00:00+00:00
[2024-06-08T20:18:30.961+0000] {processor.py:183} INFO - Processing /home/airflow/.local/lib/python3.12/site-packages/airflow/example_dags/example_short_circuit_decorator.py took 0.259 seconds
