[2024-06-08T02:26:01.321+0000] {processor.py:161} INFO - Started process (PID=63212) to work on /home/airflow/.local/lib/python3.12/site-packages/airflow/example_dags/example_xcom.py
[2024-06-08T02:26:01.323+0000] {processor.py:830} INFO - Processing file /home/airflow/.local/lib/python3.12/site-packages/airflow/example_dags/example_xcom.py for tasks to queue
[2024-06-08T02:26:01.324+0000] {logging_mixin.py:188} INFO - [2024-06-08T02:26:01.324+0000] {dagbag.py:545} INFO - Filling up the DagBag from /home/airflow/.local/lib/python3.12/site-packages/airflow/example_dags/example_xcom.py
[2024-06-08T02:26:01.337+0000] {processor.py:840} INFO - DAG(s) 'example_xcom' retrieved from /home/airflow/.local/lib/python3.12/site-packages/airflow/example_dags/example_xcom.py
[2024-06-08T02:26:01.369+0000] {logging_mixin.py:188} INFO - [2024-06-08T02:26:01.368+0000] {dag.py:3096} INFO - Sync 1 DAGs
[2024-06-08T02:26:01.399+0000] {logging_mixin.py:188} INFO - [2024-06-08T02:26:01.399+0000] {dag.py:3954} INFO - Setting next_dagrun for example_xcom to 2021-01-01 00:00:00+00:00, run_after=2021-01-01 00:00:00+00:00
[2024-06-08T02:26:01.422+0000] {processor.py:183} INFO - Processing /home/airflow/.local/lib/python3.12/site-packages/airflow/example_dags/example_xcom.py took 0.112 seconds
[2024-06-08T02:26:34.673+0000] {processor.py:161} INFO - Started process (PID=63271) to work on /home/airflow/.local/lib/python3.12/site-packages/airflow/example_dags/example_xcom.py
[2024-06-08T02:26:34.676+0000] {processor.py:830} INFO - Processing file /home/airflow/.local/lib/python3.12/site-packages/airflow/example_dags/example_xcom.py for tasks to queue
[2024-06-08T02:26:34.677+0000] {logging_mixin.py:188} INFO - [2024-06-08T02:26:34.677+0000] {dagbag.py:545} INFO - Filling up the DagBag from /home/airflow/.local/lib/python3.12/site-packages/airflow/example_dags/example_xcom.py
[2024-06-08T02:26:34.690+0000] {processor.py:840} INFO - DAG(s) 'example_xcom' retrieved from /home/airflow/.local/lib/python3.12/site-packages/airflow/example_dags/example_xcom.py
[2024-06-08T02:26:34.726+0000] {logging_mixin.py:188} INFO - [2024-06-08T02:26:34.725+0000] {dag.py:3096} INFO - Sync 1 DAGs
[2024-06-08T02:26:34.762+0000] {logging_mixin.py:188} INFO - [2024-06-08T02:26:34.761+0000] {dag.py:3954} INFO - Setting next_dagrun for example_xcom to 2021-01-01 00:00:00+00:00, run_after=2021-01-01 00:00:00+00:00
[2024-06-08T02:26:34.791+0000] {processor.py:183} INFO - Processing /home/airflow/.local/lib/python3.12/site-packages/airflow/example_dags/example_xcom.py took 0.127 seconds
[2024-06-08T07:02:57.172+0000] {processor.py:161} INFO - Started process (PID=63331) to work on /home/airflow/.local/lib/python3.12/site-packages/airflow/example_dags/example_xcom.py
[2024-06-08T07:02:57.173+0000] {processor.py:830} INFO - Processing file /home/airflow/.local/lib/python3.12/site-packages/airflow/example_dags/example_xcom.py for tasks to queue
[2024-06-08T07:02:57.175+0000] {logging_mixin.py:188} INFO - [2024-06-08T07:02:57.174+0000] {dagbag.py:545} INFO - Filling up the DagBag from /home/airflow/.local/lib/python3.12/site-packages/airflow/example_dags/example_xcom.py
[2024-06-08T07:02:57.184+0000] {processor.py:840} INFO - DAG(s) 'example_xcom' retrieved from /home/airflow/.local/lib/python3.12/site-packages/airflow/example_dags/example_xcom.py
[2024-06-08T07:02:57.217+0000] {logging_mixin.py:188} INFO - [2024-06-08T07:02:57.217+0000] {dag.py:3096} INFO - Sync 1 DAGs
[2024-06-08T07:02:57.245+0000] {logging_mixin.py:188} INFO - [2024-06-08T07:02:57.245+0000] {dag.py:3954} INFO - Setting next_dagrun for example_xcom to 2021-01-01 00:00:00+00:00, run_after=2021-01-01 00:00:00+00:00
[2024-06-08T07:02:57.269+0000] {processor.py:183} INFO - Processing /home/airflow/.local/lib/python3.12/site-packages/airflow/example_dags/example_xcom.py took 0.105 seconds
[2024-06-08T07:15:56.135+0000] {processor.py:161} INFO - Started process (PID=63391) to work on /home/airflow/.local/lib/python3.12/site-packages/airflow/example_dags/example_xcom.py
[2024-06-08T07:15:56.138+0000] {processor.py:830} INFO - Processing file /home/airflow/.local/lib/python3.12/site-packages/airflow/example_dags/example_xcom.py for tasks to queue
[2024-06-08T07:15:56.143+0000] {logging_mixin.py:188} INFO - [2024-06-08T07:15:56.143+0000] {dagbag.py:545} INFO - Filling up the DagBag from /home/airflow/.local/lib/python3.12/site-packages/airflow/example_dags/example_xcom.py
[2024-06-08T07:15:56.154+0000] {processor.py:840} INFO - DAG(s) 'example_xcom' retrieved from /home/airflow/.local/lib/python3.12/site-packages/airflow/example_dags/example_xcom.py
[2024-06-08T07:15:56.182+0000] {logging_mixin.py:188} INFO - [2024-06-08T07:15:56.181+0000] {dag.py:3096} INFO - Sync 1 DAGs
[2024-06-08T07:15:56.209+0000] {logging_mixin.py:188} INFO - [2024-06-08T07:15:56.209+0000] {dag.py:3954} INFO - Setting next_dagrun for example_xcom to 2021-01-01 00:00:00+00:00, run_after=2021-01-01 00:00:00+00:00
[2024-06-08T07:15:56.233+0000] {processor.py:183} INFO - Processing /home/airflow/.local/lib/python3.12/site-packages/airflow/example_dags/example_xcom.py took 0.106 seconds
[2024-06-08T08:04:12.085+0000] {processor.py:161} INFO - Started process (PID=63451) to work on /home/airflow/.local/lib/python3.12/site-packages/airflow/example_dags/example_xcom.py
[2024-06-08T08:04:12.089+0000] {processor.py:830} INFO - Processing file /home/airflow/.local/lib/python3.12/site-packages/airflow/example_dags/example_xcom.py for tasks to queue
[2024-06-08T08:04:12.091+0000] {logging_mixin.py:188} INFO - [2024-06-08T08:04:12.090+0000] {dagbag.py:545} INFO - Filling up the DagBag from /home/airflow/.local/lib/python3.12/site-packages/airflow/example_dags/example_xcom.py
[2024-06-08T08:04:12.104+0000] {processor.py:840} INFO - DAG(s) 'example_xcom' retrieved from /home/airflow/.local/lib/python3.12/site-packages/airflow/example_dags/example_xcom.py
[2024-06-08T08:04:12.138+0000] {logging_mixin.py:188} INFO - [2024-06-08T08:04:12.138+0000] {dag.py:3096} INFO - Sync 1 DAGs
[2024-06-08T08:04:12.180+0000] {logging_mixin.py:188} INFO - [2024-06-08T08:04:12.180+0000] {dag.py:3954} INFO - Setting next_dagrun for example_xcom to 2021-01-01 00:00:00+00:00, run_after=2021-01-01 00:00:00+00:00
[2024-06-08T08:04:12.221+0000] {processor.py:183} INFO - Processing /home/airflow/.local/lib/python3.12/site-packages/airflow/example_dags/example_xcom.py took 0.144 seconds
[2024-06-08T09:05:11.528+0000] {processor.py:161} INFO - Started process (PID=63511) to work on /home/airflow/.local/lib/python3.12/site-packages/airflow/example_dags/example_xcom.py
[2024-06-08T09:05:11.530+0000] {processor.py:830} INFO - Processing file /home/airflow/.local/lib/python3.12/site-packages/airflow/example_dags/example_xcom.py for tasks to queue
[2024-06-08T09:05:11.532+0000] {logging_mixin.py:188} INFO - [2024-06-08T09:05:11.531+0000] {dagbag.py:545} INFO - Filling up the DagBag from /home/airflow/.local/lib/python3.12/site-packages/airflow/example_dags/example_xcom.py
[2024-06-08T09:05:11.548+0000] {processor.py:840} INFO - DAG(s) 'example_xcom' retrieved from /home/airflow/.local/lib/python3.12/site-packages/airflow/example_dags/example_xcom.py
[2024-06-08T09:05:11.590+0000] {logging_mixin.py:188} INFO - [2024-06-08T09:05:11.590+0000] {dag.py:3096} INFO - Sync 1 DAGs
[2024-06-08T09:05:11.639+0000] {logging_mixin.py:188} INFO - [2024-06-08T09:05:11.639+0000] {dag.py:3954} INFO - Setting next_dagrun for example_xcom to 2021-01-01 00:00:00+00:00, run_after=2021-01-01 00:00:00+00:00
[2024-06-08T09:05:11.677+0000] {processor.py:183} INFO - Processing /home/airflow/.local/lib/python3.12/site-packages/airflow/example_dags/example_xcom.py took 0.159 seconds
[2024-06-08T09:05:52.660+0000] {processor.py:161} INFO - Started process (PID=63571) to work on /home/airflow/.local/lib/python3.12/site-packages/airflow/example_dags/example_xcom.py
[2024-06-08T09:05:52.662+0000] {processor.py:830} INFO - Processing file /home/airflow/.local/lib/python3.12/site-packages/airflow/example_dags/example_xcom.py for tasks to queue
[2024-06-08T09:05:52.663+0000] {logging_mixin.py:188} INFO - [2024-06-08T09:05:52.663+0000] {dagbag.py:545} INFO - Filling up the DagBag from /home/airflow/.local/lib/python3.12/site-packages/airflow/example_dags/example_xcom.py
[2024-06-08T09:05:52.686+0000] {processor.py:840} INFO - DAG(s) 'example_xcom' retrieved from /home/airflow/.local/lib/python3.12/site-packages/airflow/example_dags/example_xcom.py
[2024-06-08T09:05:52.745+0000] {logging_mixin.py:188} INFO - [2024-06-08T09:05:52.744+0000] {dag.py:3096} INFO - Sync 1 DAGs
[2024-06-08T09:05:52.823+0000] {logging_mixin.py:188} INFO - [2024-06-08T09:05:52.822+0000] {dag.py:3954} INFO - Setting next_dagrun for example_xcom to 2021-01-01 00:00:00+00:00, run_after=2021-01-01 00:00:00+00:00
[2024-06-08T09:05:52.871+0000] {processor.py:183} INFO - Processing /home/airflow/.local/lib/python3.12/site-packages/airflow/example_dags/example_xcom.py took 0.223 seconds
[2024-06-08T10:06:33.472+0000] {processor.py:161} INFO - Started process (PID=63631) to work on /home/airflow/.local/lib/python3.12/site-packages/airflow/example_dags/example_xcom.py
[2024-06-08T10:06:33.473+0000] {processor.py:830} INFO - Processing file /home/airflow/.local/lib/python3.12/site-packages/airflow/example_dags/example_xcom.py for tasks to queue
[2024-06-08T10:06:33.475+0000] {logging_mixin.py:188} INFO - [2024-06-08T10:06:33.474+0000] {dagbag.py:545} INFO - Filling up the DagBag from /home/airflow/.local/lib/python3.12/site-packages/airflow/example_dags/example_xcom.py
[2024-06-08T10:06:33.489+0000] {processor.py:840} INFO - DAG(s) 'example_xcom' retrieved from /home/airflow/.local/lib/python3.12/site-packages/airflow/example_dags/example_xcom.py
[2024-06-08T10:06:33.524+0000] {logging_mixin.py:188} INFO - [2024-06-08T10:06:33.523+0000] {dag.py:3096} INFO - Sync 1 DAGs
[2024-06-08T10:06:33.553+0000] {logging_mixin.py:188} INFO - [2024-06-08T10:06:33.553+0000] {dag.py:3954} INFO - Setting next_dagrun for example_xcom to 2021-01-01 00:00:00+00:00, run_after=2021-01-01 00:00:00+00:00
[2024-06-08T10:06:33.577+0000] {processor.py:183} INFO - Processing /home/airflow/.local/lib/python3.12/site-packages/airflow/example_dags/example_xcom.py took 0.115 seconds
[2024-06-08T10:39:06.905+0000] {processor.py:161} INFO - Started process (PID=63691) to work on /home/airflow/.local/lib/python3.12/site-packages/airflow/example_dags/example_xcom.py
[2024-06-08T10:39:06.907+0000] {processor.py:830} INFO - Processing file /home/airflow/.local/lib/python3.12/site-packages/airflow/example_dags/example_xcom.py for tasks to queue
[2024-06-08T10:39:06.909+0000] {logging_mixin.py:188} INFO - [2024-06-08T10:39:06.908+0000] {dagbag.py:545} INFO - Filling up the DagBag from /home/airflow/.local/lib/python3.12/site-packages/airflow/example_dags/example_xcom.py
[2024-06-08T10:39:06.925+0000] {processor.py:840} INFO - DAG(s) 'example_xcom' retrieved from /home/airflow/.local/lib/python3.12/site-packages/airflow/example_dags/example_xcom.py
[2024-06-08T10:39:06.980+0000] {logging_mixin.py:188} INFO - [2024-06-08T10:39:06.979+0000] {dag.py:3096} INFO - Sync 1 DAGs
[2024-06-08T10:39:07.029+0000] {logging_mixin.py:188} INFO - [2024-06-08T10:39:07.028+0000] {dag.py:3954} INFO - Setting next_dagrun for example_xcom to 2021-01-01 00:00:00+00:00, run_after=2021-01-01 00:00:00+00:00
[2024-06-08T10:39:07.066+0000] {processor.py:183} INFO - Processing /home/airflow/.local/lib/python3.12/site-packages/airflow/example_dags/example_xcom.py took 0.173 seconds
[2024-06-08T10:39:48.151+0000] {processor.py:161} INFO - Started process (PID=63751) to work on /home/airflow/.local/lib/python3.12/site-packages/airflow/example_dags/example_xcom.py
[2024-06-08T10:39:48.154+0000] {processor.py:830} INFO - Processing file /home/airflow/.local/lib/python3.12/site-packages/airflow/example_dags/example_xcom.py for tasks to queue
[2024-06-08T10:39:48.157+0000] {logging_mixin.py:188} INFO - [2024-06-08T10:39:48.156+0000] {dagbag.py:545} INFO - Filling up the DagBag from /home/airflow/.local/lib/python3.12/site-packages/airflow/example_dags/example_xcom.py
[2024-06-08T10:39:48.175+0000] {processor.py:840} INFO - DAG(s) 'example_xcom' retrieved from /home/airflow/.local/lib/python3.12/site-packages/airflow/example_dags/example_xcom.py
[2024-06-08T10:39:48.230+0000] {logging_mixin.py:188} INFO - [2024-06-08T10:39:48.230+0000] {dag.py:3096} INFO - Sync 1 DAGs
[2024-06-08T10:39:48.304+0000] {logging_mixin.py:188} INFO - [2024-06-08T10:39:48.303+0000] {dag.py:3954} INFO - Setting next_dagrun for example_xcom to 2021-01-01 00:00:00+00:00, run_after=2021-01-01 00:00:00+00:00
[2024-06-08T10:39:48.342+0000] {processor.py:183} INFO - Processing /home/airflow/.local/lib/python3.12/site-packages/airflow/example_dags/example_xcom.py took 0.203 seconds
[2024-06-08T11:07:38.596+0000] {processor.py:161} INFO - Started process (PID=63805) to work on /home/airflow/.local/lib/python3.12/site-packages/airflow/example_dags/example_xcom.py
[2024-06-08T11:07:38.597+0000] {processor.py:830} INFO - Processing file /home/airflow/.local/lib/python3.12/site-packages/airflow/example_dags/example_xcom.py for tasks to queue
[2024-06-08T11:07:38.599+0000] {logging_mixin.py:188} INFO - [2024-06-08T11:07:38.598+0000] {dagbag.py:545} INFO - Filling up the DagBag from /home/airflow/.local/lib/python3.12/site-packages/airflow/example_dags/example_xcom.py
[2024-06-08T11:07:38.610+0000] {processor.py:840} INFO - DAG(s) 'example_xcom' retrieved from /home/airflow/.local/lib/python3.12/site-packages/airflow/example_dags/example_xcom.py
[2024-06-08T11:07:38.640+0000] {logging_mixin.py:188} INFO - [2024-06-08T11:07:38.639+0000] {dag.py:3096} INFO - Sync 1 DAGs
[2024-06-08T11:07:38.669+0000] {logging_mixin.py:188} INFO - [2024-06-08T11:07:38.669+0000] {dag.py:3954} INFO - Setting next_dagrun for example_xcom to 2021-01-01 00:00:00+00:00, run_after=2021-01-01 00:00:00+00:00
[2024-06-08T11:07:38.692+0000] {processor.py:183} INFO - Processing /home/airflow/.local/lib/python3.12/site-packages/airflow/example_dags/example_xcom.py took 0.104 seconds
[2024-06-08T12:08:40.099+0000] {processor.py:161} INFO - Started process (PID=63872) to work on /home/airflow/.local/lib/python3.12/site-packages/airflow/example_dags/example_xcom.py
[2024-06-08T12:08:40.101+0000] {processor.py:830} INFO - Processing file /home/airflow/.local/lib/python3.12/site-packages/airflow/example_dags/example_xcom.py for tasks to queue
[2024-06-08T12:08:40.104+0000] {logging_mixin.py:188} INFO - [2024-06-08T12:08:40.103+0000] {dagbag.py:545} INFO - Filling up the DagBag from /home/airflow/.local/lib/python3.12/site-packages/airflow/example_dags/example_xcom.py
[2024-06-08T12:08:40.121+0000] {processor.py:840} INFO - DAG(s) 'example_xcom' retrieved from /home/airflow/.local/lib/python3.12/site-packages/airflow/example_dags/example_xcom.py
[2024-06-08T12:08:40.160+0000] {logging_mixin.py:188} INFO - [2024-06-08T12:08:40.160+0000] {dag.py:3096} INFO - Sync 1 DAGs
[2024-06-08T12:08:40.198+0000] {logging_mixin.py:188} INFO - [2024-06-08T12:08:40.197+0000] {dag.py:3954} INFO - Setting next_dagrun for example_xcom to 2021-01-01 00:00:00+00:00, run_after=2021-01-01 00:00:00+00:00
[2024-06-08T12:08:40.233+0000] {processor.py:183} INFO - Processing /home/airflow/.local/lib/python3.12/site-packages/airflow/example_dags/example_xcom.py took 0.143 seconds
[2024-06-08T12:09:20.646+0000] {processor.py:161} INFO - Started process (PID=63932) to work on /home/airflow/.local/lib/python3.12/site-packages/airflow/example_dags/example_xcom.py
[2024-06-08T12:09:20.648+0000] {processor.py:830} INFO - Processing file /home/airflow/.local/lib/python3.12/site-packages/airflow/example_dags/example_xcom.py for tasks to queue
[2024-06-08T12:09:20.651+0000] {logging_mixin.py:188} INFO - [2024-06-08T12:09:20.650+0000] {dagbag.py:545} INFO - Filling up the DagBag from /home/airflow/.local/lib/python3.12/site-packages/airflow/example_dags/example_xcom.py
[2024-06-08T12:09:20.671+0000] {processor.py:840} INFO - DAG(s) 'example_xcom' retrieved from /home/airflow/.local/lib/python3.12/site-packages/airflow/example_dags/example_xcom.py
[2024-06-08T12:09:20.721+0000] {logging_mixin.py:188} INFO - [2024-06-08T12:09:20.721+0000] {dag.py:3096} INFO - Sync 1 DAGs
[2024-06-08T12:09:20.792+0000] {logging_mixin.py:188} INFO - [2024-06-08T12:09:20.792+0000] {dag.py:3954} INFO - Setting next_dagrun for example_xcom to 2021-01-01 00:00:00+00:00, run_after=2021-01-01 00:00:00+00:00
[2024-06-08T12:09:20.838+0000] {processor.py:183} INFO - Processing /home/airflow/.local/lib/python3.12/site-packages/airflow/example_dags/example_xcom.py took 0.203 seconds
[2024-06-08T13:10:00.871+0000] {processor.py:161} INFO - Started process (PID=63986) to work on /home/airflow/.local/lib/python3.12/site-packages/airflow/example_dags/example_xcom.py
[2024-06-08T13:10:00.873+0000] {processor.py:830} INFO - Processing file /home/airflow/.local/lib/python3.12/site-packages/airflow/example_dags/example_xcom.py for tasks to queue
[2024-06-08T13:10:00.874+0000] {logging_mixin.py:188} INFO - [2024-06-08T13:10:00.874+0000] {dagbag.py:545} INFO - Filling up the DagBag from /home/airflow/.local/lib/python3.12/site-packages/airflow/example_dags/example_xcom.py
[2024-06-08T13:10:00.885+0000] {processor.py:840} INFO - DAG(s) 'example_xcom' retrieved from /home/airflow/.local/lib/python3.12/site-packages/airflow/example_dags/example_xcom.py
[2024-06-08T13:10:00.914+0000] {logging_mixin.py:188} INFO - [2024-06-08T13:10:00.914+0000] {dag.py:3096} INFO - Sync 1 DAGs
[2024-06-08T13:10:00.943+0000] {logging_mixin.py:188} INFO - [2024-06-08T13:10:00.942+0000] {dag.py:3954} INFO - Setting next_dagrun for example_xcom to 2021-01-01 00:00:00+00:00, run_after=2021-01-01 00:00:00+00:00
[2024-06-08T13:10:00.967+0000] {processor.py:183} INFO - Processing /home/airflow/.local/lib/python3.12/site-packages/airflow/example_dags/example_xcom.py took 0.105 seconds
[2024-06-08T14:10:58.442+0000] {processor.py:161} INFO - Started process (PID=64052) to work on /home/airflow/.local/lib/python3.12/site-packages/airflow/example_dags/example_xcom.py
[2024-06-08T14:10:58.444+0000] {processor.py:830} INFO - Processing file /home/airflow/.local/lib/python3.12/site-packages/airflow/example_dags/example_xcom.py for tasks to queue
[2024-06-08T14:10:58.446+0000] {logging_mixin.py:188} INFO - [2024-06-08T14:10:58.446+0000] {dagbag.py:545} INFO - Filling up the DagBag from /home/airflow/.local/lib/python3.12/site-packages/airflow/example_dags/example_xcom.py
[2024-06-08T14:10:58.462+0000] {processor.py:840} INFO - DAG(s) 'example_xcom' retrieved from /home/airflow/.local/lib/python3.12/site-packages/airflow/example_dags/example_xcom.py
[2024-06-08T14:10:58.507+0000] {logging_mixin.py:188} INFO - [2024-06-08T14:10:58.507+0000] {dag.py:3096} INFO - Sync 1 DAGs
[2024-06-08T14:10:58.556+0000] {logging_mixin.py:188} INFO - [2024-06-08T14:10:58.555+0000] {dag.py:3954} INFO - Setting next_dagrun for example_xcom to 2021-01-01 00:00:00+00:00, run_after=2021-01-01 00:00:00+00:00
[2024-06-08T14:10:58.593+0000] {processor.py:183} INFO - Processing /home/airflow/.local/lib/python3.12/site-packages/airflow/example_dags/example_xcom.py took 0.161 seconds
[2024-06-08T14:11:28.750+0000] {processor.py:161} INFO - Started process (PID=64112) to work on /home/airflow/.local/lib/python3.12/site-packages/airflow/example_dags/example_xcom.py
[2024-06-08T14:11:28.751+0000] {processor.py:830} INFO - Processing file /home/airflow/.local/lib/python3.12/site-packages/airflow/example_dags/example_xcom.py for tasks to queue
[2024-06-08T14:11:28.753+0000] {logging_mixin.py:188} INFO - [2024-06-08T14:11:28.752+0000] {dagbag.py:545} INFO - Filling up the DagBag from /home/airflow/.local/lib/python3.12/site-packages/airflow/example_dags/example_xcom.py
[2024-06-08T14:11:28.764+0000] {processor.py:840} INFO - DAG(s) 'example_xcom' retrieved from /home/airflow/.local/lib/python3.12/site-packages/airflow/example_dags/example_xcom.py
[2024-06-08T14:11:28.794+0000] {logging_mixin.py:188} INFO - [2024-06-08T14:11:28.794+0000] {dag.py:3096} INFO - Sync 1 DAGs
[2024-06-08T14:11:28.821+0000] {logging_mixin.py:188} INFO - [2024-06-08T14:11:28.820+0000] {dag.py:3954} INFO - Setting next_dagrun for example_xcom to 2021-01-01 00:00:00+00:00, run_after=2021-01-01 00:00:00+00:00
[2024-06-08T14:11:28.844+0000] {processor.py:183} INFO - Processing /home/airflow/.local/lib/python3.12/site-packages/airflow/example_dags/example_xcom.py took 0.102 seconds
[2024-06-08T15:12:12.808+0000] {processor.py:161} INFO - Started process (PID=64166) to work on /home/airflow/.local/lib/python3.12/site-packages/airflow/example_dags/example_xcom.py
[2024-06-08T15:12:12.810+0000] {processor.py:830} INFO - Processing file /home/airflow/.local/lib/python3.12/site-packages/airflow/example_dags/example_xcom.py for tasks to queue
[2024-06-08T15:12:12.812+0000] {logging_mixin.py:188} INFO - [2024-06-08T15:12:12.811+0000] {dagbag.py:545} INFO - Filling up the DagBag from /home/airflow/.local/lib/python3.12/site-packages/airflow/example_dags/example_xcom.py
[2024-06-08T15:12:12.825+0000] {processor.py:840} INFO - DAG(s) 'example_xcom' retrieved from /home/airflow/.local/lib/python3.12/site-packages/airflow/example_dags/example_xcom.py
[2024-06-08T15:12:12.858+0000] {logging_mixin.py:188} INFO - [2024-06-08T15:12:12.858+0000] {dag.py:3096} INFO - Sync 1 DAGs
[2024-06-08T15:12:12.886+0000] {logging_mixin.py:188} INFO - [2024-06-08T15:12:12.886+0000] {dag.py:3954} INFO - Setting next_dagrun for example_xcom to 2021-01-01 00:00:00+00:00, run_after=2021-01-01 00:00:00+00:00
[2024-06-08T15:12:12.910+0000] {processor.py:183} INFO - Processing /home/airflow/.local/lib/python3.12/site-packages/airflow/example_dags/example_xcom.py took 0.111 seconds
[2024-06-08T16:13:15.652+0000] {processor.py:161} INFO - Started process (PID=64232) to work on /home/airflow/.local/lib/python3.12/site-packages/airflow/example_dags/example_xcom.py
[2024-06-08T16:13:15.654+0000] {processor.py:830} INFO - Processing file /home/airflow/.local/lib/python3.12/site-packages/airflow/example_dags/example_xcom.py for tasks to queue
[2024-06-08T16:13:15.656+0000] {logging_mixin.py:188} INFO - [2024-06-08T16:13:15.655+0000] {dagbag.py:545} INFO - Filling up the DagBag from /home/airflow/.local/lib/python3.12/site-packages/airflow/example_dags/example_xcom.py
[2024-06-08T16:13:15.671+0000] {processor.py:840} INFO - DAG(s) 'example_xcom' retrieved from /home/airflow/.local/lib/python3.12/site-packages/airflow/example_dags/example_xcom.py
[2024-06-08T16:13:15.707+0000] {logging_mixin.py:188} INFO - [2024-06-08T16:13:15.707+0000] {dag.py:3096} INFO - Sync 1 DAGs
[2024-06-08T16:13:15.743+0000] {logging_mixin.py:188} INFO - [2024-06-08T16:13:15.742+0000] {dag.py:3954} INFO - Setting next_dagrun for example_xcom to 2021-01-01 00:00:00+00:00, run_after=2021-01-01 00:00:00+00:00
[2024-06-08T16:13:15.772+0000] {processor.py:183} INFO - Processing /home/airflow/.local/lib/python3.12/site-packages/airflow/example_dags/example_xcom.py took 0.130 seconds
[2024-06-08T16:13:56.813+0000] {processor.py:161} INFO - Started process (PID=64292) to work on /home/airflow/.local/lib/python3.12/site-packages/airflow/example_dags/example_xcom.py
[2024-06-08T16:13:56.815+0000] {processor.py:830} INFO - Processing file /home/airflow/.local/lib/python3.12/site-packages/airflow/example_dags/example_xcom.py for tasks to queue
[2024-06-08T16:13:56.817+0000] {logging_mixin.py:188} INFO - [2024-06-08T16:13:56.816+0000] {dagbag.py:545} INFO - Filling up the DagBag from /home/airflow/.local/lib/python3.12/site-packages/airflow/example_dags/example_xcom.py
[2024-06-08T16:13:56.832+0000] {processor.py:840} INFO - DAG(s) 'example_xcom' retrieved from /home/airflow/.local/lib/python3.12/site-packages/airflow/example_dags/example_xcom.py
[2024-06-08T16:13:56.876+0000] {logging_mixin.py:188} INFO - [2024-06-08T16:13:56.876+0000] {dag.py:3096} INFO - Sync 1 DAGs
[2024-06-08T16:13:56.922+0000] {logging_mixin.py:188} INFO - [2024-06-08T16:13:56.921+0000] {dag.py:3954} INFO - Setting next_dagrun for example_xcom to 2021-01-01 00:00:00+00:00, run_after=2021-01-01 00:00:00+00:00
[2024-06-08T16:13:56.965+0000] {processor.py:183} INFO - Processing /home/airflow/.local/lib/python3.12/site-packages/airflow/example_dags/example_xcom.py took 0.163 seconds
[2024-06-08T17:14:35.614+0000] {processor.py:161} INFO - Started process (PID=64346) to work on /home/airflow/.local/lib/python3.12/site-packages/airflow/example_dags/example_xcom.py
[2024-06-08T17:14:35.616+0000] {processor.py:830} INFO - Processing file /home/airflow/.local/lib/python3.12/site-packages/airflow/example_dags/example_xcom.py for tasks to queue
[2024-06-08T17:14:35.617+0000] {logging_mixin.py:188} INFO - [2024-06-08T17:14:35.617+0000] {dagbag.py:545} INFO - Filling up the DagBag from /home/airflow/.local/lib/python3.12/site-packages/airflow/example_dags/example_xcom.py
[2024-06-08T17:14:35.629+0000] {processor.py:840} INFO - DAG(s) 'example_xcom' retrieved from /home/airflow/.local/lib/python3.12/site-packages/airflow/example_dags/example_xcom.py
[2024-06-08T17:14:35.670+0000] {logging_mixin.py:188} INFO - [2024-06-08T17:14:35.670+0000] {dag.py:3096} INFO - Sync 1 DAGs
[2024-06-08T17:14:35.698+0000] {logging_mixin.py:188} INFO - [2024-06-08T17:14:35.698+0000] {dag.py:3954} INFO - Setting next_dagrun for example_xcom to 2021-01-01 00:00:00+00:00, run_after=2021-01-01 00:00:00+00:00
[2024-06-08T17:14:35.723+0000] {processor.py:183} INFO - Processing /home/airflow/.local/lib/python3.12/site-packages/airflow/example_dags/example_xcom.py took 0.118 seconds
[2024-06-08T18:08:42.396+0000] {processor.py:161} INFO - Started process (PID=64406) to work on /home/airflow/.local/lib/python3.12/site-packages/airflow/example_dags/example_xcom.py
[2024-06-08T18:08:42.398+0000] {processor.py:830} INFO - Processing file /home/airflow/.local/lib/python3.12/site-packages/airflow/example_dags/example_xcom.py for tasks to queue
[2024-06-08T18:08:42.400+0000] {logging_mixin.py:188} INFO - [2024-06-08T18:08:42.400+0000] {dagbag.py:545} INFO - Filling up the DagBag from /home/airflow/.local/lib/python3.12/site-packages/airflow/example_dags/example_xcom.py
[2024-06-08T18:08:42.416+0000] {processor.py:840} INFO - DAG(s) 'example_xcom' retrieved from /home/airflow/.local/lib/python3.12/site-packages/airflow/example_dags/example_xcom.py
[2024-06-08T18:08:42.460+0000] {logging_mixin.py:188} INFO - [2024-06-08T18:08:42.460+0000] {dag.py:3096} INFO - Sync 1 DAGs
[2024-06-08T18:08:42.554+0000] {logging_mixin.py:188} INFO - [2024-06-08T18:08:42.553+0000] {dag.py:3954} INFO - Setting next_dagrun for example_xcom to 2021-01-01 00:00:00+00:00, run_after=2021-01-01 00:00:00+00:00
[2024-06-08T18:08:42.596+0000] {processor.py:183} INFO - Processing /home/airflow/.local/lib/python3.12/site-packages/airflow/example_dags/example_xcom.py took 0.211 seconds
[2024-06-08T18:15:50.972+0000] {processor.py:161} INFO - Started process (PID=64466) to work on /home/airflow/.local/lib/python3.12/site-packages/airflow/example_dags/example_xcom.py
[2024-06-08T18:15:50.974+0000] {processor.py:830} INFO - Processing file /home/airflow/.local/lib/python3.12/site-packages/airflow/example_dags/example_xcom.py for tasks to queue
[2024-06-08T18:15:50.975+0000] {logging_mixin.py:188} INFO - [2024-06-08T18:15:50.975+0000] {dagbag.py:545} INFO - Filling up the DagBag from /home/airflow/.local/lib/python3.12/site-packages/airflow/example_dags/example_xcom.py
[2024-06-08T18:15:50.988+0000] {processor.py:840} INFO - DAG(s) 'example_xcom' retrieved from /home/airflow/.local/lib/python3.12/site-packages/airflow/example_dags/example_xcom.py
[2024-06-08T18:15:51.021+0000] {logging_mixin.py:188} INFO - [2024-06-08T18:15:51.021+0000] {dag.py:3096} INFO - Sync 1 DAGs
[2024-06-08T18:15:51.055+0000] {logging_mixin.py:188} INFO - [2024-06-08T18:15:51.054+0000] {dag.py:3954} INFO - Setting next_dagrun for example_xcom to 2021-01-01 00:00:00+00:00, run_after=2021-01-01 00:00:00+00:00
[2024-06-08T18:15:51.081+0000] {processor.py:183} INFO - Processing /home/airflow/.local/lib/python3.12/site-packages/airflow/example_dags/example_xcom.py took 0.117 seconds
[2024-06-08T18:52:18.049+0000] {processor.py:161} INFO - Started process (PID=64526) to work on /home/airflow/.local/lib/python3.12/site-packages/airflow/example_dags/example_xcom.py
[2024-06-08T18:52:18.051+0000] {processor.py:830} INFO - Processing file /home/airflow/.local/lib/python3.12/site-packages/airflow/example_dags/example_xcom.py for tasks to queue
[2024-06-08T18:52:18.053+0000] {logging_mixin.py:188} INFO - [2024-06-08T18:52:18.052+0000] {dagbag.py:545} INFO - Filling up the DagBag from /home/airflow/.local/lib/python3.12/site-packages/airflow/example_dags/example_xcom.py
[2024-06-08T18:52:18.063+0000] {processor.py:840} INFO - DAG(s) 'example_xcom' retrieved from /home/airflow/.local/lib/python3.12/site-packages/airflow/example_dags/example_xcom.py
[2024-06-08T18:52:18.091+0000] {logging_mixin.py:188} INFO - [2024-06-08T18:52:18.091+0000] {dag.py:3096} INFO - Sync 1 DAGs
[2024-06-08T18:52:18.119+0000] {logging_mixin.py:188} INFO - [2024-06-08T18:52:18.119+0000] {dag.py:3954} INFO - Setting next_dagrun for example_xcom to 2021-01-01 00:00:00+00:00, run_after=2021-01-01 00:00:00+00:00
[2024-06-08T18:52:18.143+0000] {processor.py:183} INFO - Processing /home/airflow/.local/lib/python3.12/site-packages/airflow/example_dags/example_xcom.py took 0.101 seconds
[2024-06-08T18:52:54.400+0000] {processor.py:161} INFO - Started process (PID=64586) to work on /home/airflow/.local/lib/python3.12/site-packages/airflow/example_dags/example_xcom.py
[2024-06-08T18:52:54.402+0000] {processor.py:830} INFO - Processing file /home/airflow/.local/lib/python3.12/site-packages/airflow/example_dags/example_xcom.py for tasks to queue
[2024-06-08T18:52:54.404+0000] {logging_mixin.py:188} INFO - [2024-06-08T18:52:54.404+0000] {dagbag.py:545} INFO - Filling up the DagBag from /home/airflow/.local/lib/python3.12/site-packages/airflow/example_dags/example_xcom.py
[2024-06-08T18:52:54.420+0000] {processor.py:840} INFO - DAG(s) 'example_xcom' retrieved from /home/airflow/.local/lib/python3.12/site-packages/airflow/example_dags/example_xcom.py
[2024-06-08T18:52:54.463+0000] {logging_mixin.py:188} INFO - [2024-06-08T18:52:54.463+0000] {dag.py:3096} INFO - Sync 1 DAGs
[2024-06-08T18:52:54.504+0000] {logging_mixin.py:188} INFO - [2024-06-08T18:52:54.504+0000] {dag.py:3954} INFO - Setting next_dagrun for example_xcom to 2021-01-01 00:00:00+00:00, run_after=2021-01-01 00:00:00+00:00
[2024-06-08T18:52:54.540+0000] {processor.py:183} INFO - Processing /home/airflow/.local/lib/python3.12/site-packages/airflow/example_dags/example_xcom.py took 0.153 seconds
[2024-06-08T19:12:41.960+0000] {processor.py:161} INFO - Started process (PID=64646) to work on /home/airflow/.local/lib/python3.12/site-packages/airflow/example_dags/example_xcom.py
[2024-06-08T19:12:41.962+0000] {processor.py:830} INFO - Processing file /home/airflow/.local/lib/python3.12/site-packages/airflow/example_dags/example_xcom.py for tasks to queue
[2024-06-08T19:12:41.964+0000] {logging_mixin.py:188} INFO - [2024-06-08T19:12:41.963+0000] {dagbag.py:545} INFO - Filling up the DagBag from /home/airflow/.local/lib/python3.12/site-packages/airflow/example_dags/example_xcom.py
[2024-06-08T19:12:41.975+0000] {processor.py:840} INFO - DAG(s) 'example_xcom' retrieved from /home/airflow/.local/lib/python3.12/site-packages/airflow/example_dags/example_xcom.py
[2024-06-08T19:12:42.007+0000] {logging_mixin.py:188} INFO - [2024-06-08T19:12:42.007+0000] {dag.py:3096} INFO - Sync 1 DAGs
[2024-06-08T19:12:42.034+0000] {logging_mixin.py:188} INFO - [2024-06-08T19:12:42.034+0000] {dag.py:3954} INFO - Setting next_dagrun for example_xcom to 2021-01-01 00:00:00+00:00, run_after=2021-01-01 00:00:00+00:00
[2024-06-08T19:12:42.057+0000] {processor.py:183} INFO - Processing /home/airflow/.local/lib/python3.12/site-packages/airflow/example_dags/example_xcom.py took 0.105 seconds
[2024-06-08T19:16:55.267+0000] {processor.py:161} INFO - Started process (PID=64706) to work on /home/airflow/.local/lib/python3.12/site-packages/airflow/example_dags/example_xcom.py
[2024-06-08T19:16:55.269+0000] {processor.py:830} INFO - Processing file /home/airflow/.local/lib/python3.12/site-packages/airflow/example_dags/example_xcom.py for tasks to queue
[2024-06-08T19:16:55.270+0000] {logging_mixin.py:188} INFO - [2024-06-08T19:16:55.270+0000] {dagbag.py:545} INFO - Filling up the DagBag from /home/airflow/.local/lib/python3.12/site-packages/airflow/example_dags/example_xcom.py
[2024-06-08T19:16:55.280+0000] {processor.py:840} INFO - DAG(s) 'example_xcom' retrieved from /home/airflow/.local/lib/python3.12/site-packages/airflow/example_dags/example_xcom.py
[2024-06-08T19:16:55.307+0000] {logging_mixin.py:188} INFO - [2024-06-08T19:16:55.307+0000] {dag.py:3096} INFO - Sync 1 DAGs
[2024-06-08T19:16:55.334+0000] {logging_mixin.py:188} INFO - [2024-06-08T19:16:55.334+0000] {dag.py:3954} INFO - Setting next_dagrun for example_xcom to 2021-01-01 00:00:00+00:00, run_after=2021-01-01 00:00:00+00:00
[2024-06-08T19:16:55.359+0000] {processor.py:183} INFO - Processing /home/airflow/.local/lib/python3.12/site-packages/airflow/example_dags/example_xcom.py took 0.099 seconds
[2024-06-08T20:17:53.278+0000] {processor.py:161} INFO - Started process (PID=64766) to work on /home/airflow/.local/lib/python3.12/site-packages/airflow/example_dags/example_xcom.py
[2024-06-08T20:17:53.280+0000] {processor.py:830} INFO - Processing file /home/airflow/.local/lib/python3.12/site-packages/airflow/example_dags/example_xcom.py for tasks to queue
[2024-06-08T20:17:53.282+0000] {logging_mixin.py:188} INFO - [2024-06-08T20:17:53.281+0000] {dagbag.py:545} INFO - Filling up the DagBag from /home/airflow/.local/lib/python3.12/site-packages/airflow/example_dags/example_xcom.py
[2024-06-08T20:17:53.294+0000] {processor.py:840} INFO - DAG(s) 'example_xcom' retrieved from /home/airflow/.local/lib/python3.12/site-packages/airflow/example_dags/example_xcom.py
[2024-06-08T20:17:53.326+0000] {logging_mixin.py:188} INFO - [2024-06-08T20:17:53.326+0000] {dag.py:3096} INFO - Sync 1 DAGs
[2024-06-08T20:17:53.357+0000] {logging_mixin.py:188} INFO - [2024-06-08T20:17:53.357+0000] {dag.py:3954} INFO - Setting next_dagrun for example_xcom to 2021-01-01 00:00:00+00:00, run_after=2021-01-01 00:00:00+00:00
[2024-06-08T20:17:53.382+0000] {processor.py:183} INFO - Processing /home/airflow/.local/lib/python3.12/site-packages/airflow/example_dags/example_xcom.py took 0.112 seconds
[2024-06-08T20:18:36.609+0000] {processor.py:161} INFO - Started process (PID=64826) to work on /home/airflow/.local/lib/python3.12/site-packages/airflow/example_dags/example_xcom.py
[2024-06-08T20:18:36.612+0000] {processor.py:830} INFO - Processing file /home/airflow/.local/lib/python3.12/site-packages/airflow/example_dags/example_xcom.py for tasks to queue
[2024-06-08T20:18:36.614+0000] {logging_mixin.py:188} INFO - [2024-06-08T20:18:36.613+0000] {dagbag.py:545} INFO - Filling up the DagBag from /home/airflow/.local/lib/python3.12/site-packages/airflow/example_dags/example_xcom.py
[2024-06-08T20:18:36.630+0000] {processor.py:840} INFO - DAG(s) 'example_xcom' retrieved from /home/airflow/.local/lib/python3.12/site-packages/airflow/example_dags/example_xcom.py
[2024-06-08T20:18:36.678+0000] {logging_mixin.py:188} INFO - [2024-06-08T20:18:36.678+0000] {dag.py:3096} INFO - Sync 1 DAGs
[2024-06-08T20:18:36.723+0000] {logging_mixin.py:188} INFO - [2024-06-08T20:18:36.723+0000] {dag.py:3954} INFO - Setting next_dagrun for example_xcom to 2021-01-01 00:00:00+00:00, run_after=2021-01-01 00:00:00+00:00
[2024-06-08T20:18:36.761+0000] {processor.py:183} INFO - Processing /home/airflow/.local/lib/python3.12/site-packages/airflow/example_dags/example_xcom.py took 0.163 seconds
