[2024-06-08T02:26:00.620+0000] {processor.py:161} INFO - Started process (PID=63204) to work on /home/airflow/.local/lib/python3.12/site-packages/airflow/example_dags/example_xcomargs.py
[2024-06-08T02:26:00.624+0000] {processor.py:830} INFO - Processing file /home/airflow/.local/lib/python3.12/site-packages/airflow/example_dags/example_xcomargs.py for tasks to queue
[2024-06-08T02:26:00.646+0000] {logging_mixin.py:188} INFO - [2024-06-08T02:26:00.645+0000] {dagbag.py:545} INFO - Filling up the DagBag from /home/airflow/.local/lib/python3.12/site-packages/airflow/example_dags/example_xcomargs.py
[2024-06-08T02:26:00.662+0000] {processor.py:840} INFO - DAG(s) 'example_xcom_args', 'example_xcom_args_with_operators' retrieved from /home/airflow/.local/lib/python3.12/site-packages/airflow/example_dags/example_xcomargs.py
[2024-06-08T02:26:00.695+0000] {logging_mixin.py:188} INFO - [2024-06-08T02:26:00.694+0000] {dag.py:3096} INFO - Sync 2 DAGs
[2024-06-08T02:26:00.713+0000] {logging_mixin.py:188} INFO - [2024-06-08T02:26:00.712+0000] {dag.py:3954} INFO - Setting next_dagrun for example_xcom_args to None, run_after=None
[2024-06-08T02:26:00.718+0000] {logging_mixin.py:188} INFO - [2024-06-08T02:26:00.718+0000] {dag.py:3954} INFO - Setting next_dagrun for example_xcom_args_with_operators to None, run_after=None
[2024-06-08T02:26:00.741+0000] {processor.py:183} INFO - Processing /home/airflow/.local/lib/python3.12/site-packages/airflow/example_dags/example_xcomargs.py took 0.131 seconds
[2024-06-08T02:26:34.005+0000] {processor.py:161} INFO - Started process (PID=63263) to work on /home/airflow/.local/lib/python3.12/site-packages/airflow/example_dags/example_xcomargs.py
[2024-06-08T02:26:34.007+0000] {processor.py:830} INFO - Processing file /home/airflow/.local/lib/python3.12/site-packages/airflow/example_dags/example_xcomargs.py for tasks to queue
[2024-06-08T02:26:34.009+0000] {logging_mixin.py:188} INFO - [2024-06-08T02:26:34.008+0000] {dagbag.py:545} INFO - Filling up the DagBag from /home/airflow/.local/lib/python3.12/site-packages/airflow/example_dags/example_xcomargs.py
[2024-06-08T02:26:34.022+0000] {processor.py:840} INFO - DAG(s) 'example_xcom_args_with_operators', 'example_xcom_args' retrieved from /home/airflow/.local/lib/python3.12/site-packages/airflow/example_dags/example_xcomargs.py
[2024-06-08T02:26:34.059+0000] {logging_mixin.py:188} INFO - [2024-06-08T02:26:34.059+0000] {dag.py:3096} INFO - Sync 2 DAGs
[2024-06-08T02:26:34.076+0000] {logging_mixin.py:188} INFO - [2024-06-08T02:26:34.076+0000] {dag.py:3954} INFO - Setting next_dagrun for example_xcom_args to None, run_after=None
[2024-06-08T02:26:34.082+0000] {logging_mixin.py:188} INFO - [2024-06-08T02:26:34.081+0000] {dag.py:3954} INFO - Setting next_dagrun for example_xcom_args_with_operators to None, run_after=None
[2024-06-08T02:26:34.103+0000] {processor.py:183} INFO - Processing /home/airflow/.local/lib/python3.12/site-packages/airflow/example_dags/example_xcomargs.py took 0.108 seconds
[2024-06-08T07:02:56.447+0000] {processor.py:161} INFO - Started process (PID=63317) to work on /home/airflow/.local/lib/python3.12/site-packages/airflow/example_dags/example_xcomargs.py
[2024-06-08T07:02:56.449+0000] {processor.py:830} INFO - Processing file /home/airflow/.local/lib/python3.12/site-packages/airflow/example_dags/example_xcomargs.py for tasks to queue
[2024-06-08T07:02:56.451+0000] {logging_mixin.py:188} INFO - [2024-06-08T07:02:56.450+0000] {dagbag.py:545} INFO - Filling up the DagBag from /home/airflow/.local/lib/python3.12/site-packages/airflow/example_dags/example_xcomargs.py
[2024-06-08T07:02:56.464+0000] {processor.py:840} INFO - DAG(s) 'example_xcom_args', 'example_xcom_args_with_operators' retrieved from /home/airflow/.local/lib/python3.12/site-packages/airflow/example_dags/example_xcomargs.py
[2024-06-08T07:02:56.497+0000] {logging_mixin.py:188} INFO - [2024-06-08T07:02:56.497+0000] {dag.py:3096} INFO - Sync 2 DAGs
[2024-06-08T07:02:56.514+0000] {logging_mixin.py:188} INFO - [2024-06-08T07:02:56.514+0000] {dag.py:3954} INFO - Setting next_dagrun for example_xcom_args to None, run_after=None
[2024-06-08T07:02:56.520+0000] {logging_mixin.py:188} INFO - [2024-06-08T07:02:56.520+0000] {dag.py:3954} INFO - Setting next_dagrun for example_xcom_args_with_operators to None, run_after=None
[2024-06-08T07:02:56.556+0000] {processor.py:183} INFO - Processing /home/airflow/.local/lib/python3.12/site-packages/airflow/example_dags/example_xcomargs.py took 0.118 seconds
[2024-06-08T07:15:55.474+0000] {processor.py:161} INFO - Started process (PID=63383) to work on /home/airflow/.local/lib/python3.12/site-packages/airflow/example_dags/example_xcomargs.py
[2024-06-08T07:15:55.476+0000] {processor.py:830} INFO - Processing file /home/airflow/.local/lib/python3.12/site-packages/airflow/example_dags/example_xcomargs.py for tasks to queue
[2024-06-08T07:15:55.478+0000] {logging_mixin.py:188} INFO - [2024-06-08T07:15:55.477+0000] {dagbag.py:545} INFO - Filling up the DagBag from /home/airflow/.local/lib/python3.12/site-packages/airflow/example_dags/example_xcomargs.py
[2024-06-08T07:15:55.490+0000] {processor.py:840} INFO - DAG(s) 'example_xcom_args_with_operators', 'example_xcom_args' retrieved from /home/airflow/.local/lib/python3.12/site-packages/airflow/example_dags/example_xcomargs.py
[2024-06-08T07:15:55.522+0000] {logging_mixin.py:188} INFO - [2024-06-08T07:15:55.522+0000] {dag.py:3096} INFO - Sync 2 DAGs
[2024-06-08T07:15:55.548+0000] {logging_mixin.py:188} INFO - [2024-06-08T07:15:55.548+0000] {dag.py:3954} INFO - Setting next_dagrun for example_xcom_args to None, run_after=None
[2024-06-08T07:15:55.556+0000] {logging_mixin.py:188} INFO - [2024-06-08T07:15:55.556+0000] {dag.py:3954} INFO - Setting next_dagrun for example_xcom_args_with_operators to None, run_after=None
[2024-06-08T07:15:55.581+0000] {processor.py:183} INFO - Processing /home/airflow/.local/lib/python3.12/site-packages/airflow/example_dags/example_xcomargs.py took 0.115 seconds
[2024-06-08T08:04:11.281+0000] {processor.py:161} INFO - Started process (PID=63437) to work on /home/airflow/.local/lib/python3.12/site-packages/airflow/example_dags/example_xcomargs.py
[2024-06-08T08:04:11.284+0000] {processor.py:830} INFO - Processing file /home/airflow/.local/lib/python3.12/site-packages/airflow/example_dags/example_xcomargs.py for tasks to queue
[2024-06-08T08:04:11.287+0000] {logging_mixin.py:188} INFO - [2024-06-08T08:04:11.286+0000] {dagbag.py:545} INFO - Filling up the DagBag from /home/airflow/.local/lib/python3.12/site-packages/airflow/example_dags/example_xcomargs.py
[2024-06-08T08:04:11.310+0000] {processor.py:840} INFO - DAG(s) 'example_xcom_args_with_operators', 'example_xcom_args' retrieved from /home/airflow/.local/lib/python3.12/site-packages/airflow/example_dags/example_xcomargs.py
[2024-06-08T08:04:11.375+0000] {logging_mixin.py:188} INFO - [2024-06-08T08:04:11.375+0000] {dag.py:3096} INFO - Sync 2 DAGs
[2024-06-08T08:04:11.418+0000] {logging_mixin.py:188} INFO - [2024-06-08T08:04:11.418+0000] {dag.py:3954} INFO - Setting next_dagrun for example_xcom_args to None, run_after=None
[2024-06-08T08:04:11.426+0000] {logging_mixin.py:188} INFO - [2024-06-08T08:04:11.426+0000] {dag.py:3954} INFO - Setting next_dagrun for example_xcom_args_with_operators to None, run_after=None
[2024-06-08T08:04:11.472+0000] {processor.py:183} INFO - Processing /home/airflow/.local/lib/python3.12/site-packages/airflow/example_dags/example_xcomargs.py took 0.213 seconds
[2024-06-08T09:05:10.152+0000] {processor.py:161} INFO - Started process (PID=63503) to work on /home/airflow/.local/lib/python3.12/site-packages/airflow/example_dags/example_xcomargs.py
[2024-06-08T09:05:10.154+0000] {processor.py:830} INFO - Processing file /home/airflow/.local/lib/python3.12/site-packages/airflow/example_dags/example_xcomargs.py for tasks to queue
[2024-06-08T09:05:10.157+0000] {logging_mixin.py:188} INFO - [2024-06-08T09:05:10.156+0000] {dagbag.py:545} INFO - Filling up the DagBag from /home/airflow/.local/lib/python3.12/site-packages/airflow/example_dags/example_xcomargs.py
[2024-06-08T09:05:10.180+0000] {processor.py:840} INFO - DAG(s) 'example_xcom_args_with_operators', 'example_xcom_args' retrieved from /home/airflow/.local/lib/python3.12/site-packages/airflow/example_dags/example_xcomargs.py
[2024-06-08T09:05:10.254+0000] {logging_mixin.py:188} INFO - [2024-06-08T09:05:10.253+0000] {dag.py:3096} INFO - Sync 2 DAGs
[2024-06-08T09:05:10.309+0000] {logging_mixin.py:188} INFO - [2024-06-08T09:05:10.308+0000] {dag.py:3954} INFO - Setting next_dagrun for example_xcom_args to None, run_after=None
[2024-06-08T09:05:10.329+0000] {logging_mixin.py:188} INFO - [2024-06-08T09:05:10.328+0000] {dag.py:3954} INFO - Setting next_dagrun for example_xcom_args_with_operators to None, run_after=None
[2024-06-08T09:05:10.394+0000] {processor.py:183} INFO - Processing /home/airflow/.local/lib/python3.12/site-packages/airflow/example_dags/example_xcomargs.py took 0.255 seconds
[2024-06-08T09:05:51.585+0000] {processor.py:161} INFO - Started process (PID=63563) to work on /home/airflow/.local/lib/python3.12/site-packages/airflow/example_dags/example_xcomargs.py
[2024-06-08T09:05:51.587+0000] {processor.py:830} INFO - Processing file /home/airflow/.local/lib/python3.12/site-packages/airflow/example_dags/example_xcomargs.py for tasks to queue
[2024-06-08T09:05:51.589+0000] {logging_mixin.py:188} INFO - [2024-06-08T09:05:51.588+0000] {dagbag.py:545} INFO - Filling up the DagBag from /home/airflow/.local/lib/python3.12/site-packages/airflow/example_dags/example_xcomargs.py
[2024-06-08T09:05:51.611+0000] {processor.py:840} INFO - DAG(s) 'example_xcom_args_with_operators', 'example_xcom_args' retrieved from /home/airflow/.local/lib/python3.12/site-packages/airflow/example_dags/example_xcomargs.py
[2024-06-08T09:05:51.660+0000] {logging_mixin.py:188} INFO - [2024-06-08T09:05:51.660+0000] {dag.py:3096} INFO - Sync 2 DAGs
[2024-06-08T09:05:51.709+0000] {logging_mixin.py:188} INFO - [2024-06-08T09:05:51.709+0000] {dag.py:3954} INFO - Setting next_dagrun for example_xcom_args to None, run_after=None
[2024-06-08T09:05:51.720+0000] {logging_mixin.py:188} INFO - [2024-06-08T09:05:51.719+0000] {dag.py:3954} INFO - Setting next_dagrun for example_xcom_args_with_operators to None, run_after=None
[2024-06-08T09:05:51.809+0000] {processor.py:183} INFO - Processing /home/airflow/.local/lib/python3.12/site-packages/airflow/example_dags/example_xcomargs.py took 0.235 seconds
[2024-06-08T10:06:32.767+0000] {processor.py:161} INFO - Started process (PID=63617) to work on /home/airflow/.local/lib/python3.12/site-packages/airflow/example_dags/example_xcomargs.py
[2024-06-08T10:06:32.769+0000] {processor.py:830} INFO - Processing file /home/airflow/.local/lib/python3.12/site-packages/airflow/example_dags/example_xcomargs.py for tasks to queue
[2024-06-08T10:06:32.770+0000] {logging_mixin.py:188} INFO - [2024-06-08T10:06:32.770+0000] {dagbag.py:545} INFO - Filling up the DagBag from /home/airflow/.local/lib/python3.12/site-packages/airflow/example_dags/example_xcomargs.py
[2024-06-08T10:06:32.782+0000] {processor.py:840} INFO - DAG(s) 'example_xcom_args_with_operators', 'example_xcom_args' retrieved from /home/airflow/.local/lib/python3.12/site-packages/airflow/example_dags/example_xcomargs.py
[2024-06-08T10:06:32.814+0000] {logging_mixin.py:188} INFO - [2024-06-08T10:06:32.813+0000] {dag.py:3096} INFO - Sync 2 DAGs
[2024-06-08T10:06:32.831+0000] {logging_mixin.py:188} INFO - [2024-06-08T10:06:32.831+0000] {dag.py:3954} INFO - Setting next_dagrun for example_xcom_args to None, run_after=None
[2024-06-08T10:06:32.836+0000] {logging_mixin.py:188} INFO - [2024-06-08T10:06:32.836+0000] {dag.py:3954} INFO - Setting next_dagrun for example_xcom_args_with_operators to None, run_after=None
[2024-06-08T10:06:32.857+0000] {processor.py:183} INFO - Processing /home/airflow/.local/lib/python3.12/site-packages/airflow/example_dags/example_xcomargs.py took 0.098 seconds
[2024-06-08T10:39:05.730+0000] {processor.py:161} INFO - Started process (PID=63683) to work on /home/airflow/.local/lib/python3.12/site-packages/airflow/example_dags/example_xcomargs.py
[2024-06-08T10:39:05.732+0000] {processor.py:830} INFO - Processing file /home/airflow/.local/lib/python3.12/site-packages/airflow/example_dags/example_xcomargs.py for tasks to queue
[2024-06-08T10:39:05.734+0000] {logging_mixin.py:188} INFO - [2024-06-08T10:39:05.734+0000] {dagbag.py:545} INFO - Filling up the DagBag from /home/airflow/.local/lib/python3.12/site-packages/airflow/example_dags/example_xcomargs.py
[2024-06-08T10:39:05.755+0000] {processor.py:840} INFO - DAG(s) 'example_xcom_args_with_operators', 'example_xcom_args' retrieved from /home/airflow/.local/lib/python3.12/site-packages/airflow/example_dags/example_xcomargs.py
[2024-06-08T10:39:05.882+0000] {logging_mixin.py:188} INFO - [2024-06-08T10:39:05.881+0000] {dag.py:3096} INFO - Sync 2 DAGs
[2024-06-08T10:39:05.984+0000] {logging_mixin.py:188} INFO - [2024-06-08T10:39:05.984+0000] {dag.py:3954} INFO - Setting next_dagrun for example_xcom_args to None, run_after=None
[2024-06-08T10:39:05.992+0000] {logging_mixin.py:188} INFO - [2024-06-08T10:39:05.992+0000] {dag.py:3954} INFO - Setting next_dagrun for example_xcom_args_with_operators to None, run_after=None
[2024-06-08T10:39:06.032+0000] {processor.py:183} INFO - Processing /home/airflow/.local/lib/python3.12/site-packages/airflow/example_dags/example_xcomargs.py took 0.317 seconds
[2024-06-08T10:39:36.654+0000] {processor.py:161} INFO - Started process (PID=63743) to work on /home/airflow/.local/lib/python3.12/site-packages/airflow/example_dags/example_xcomargs.py
[2024-06-08T10:39:36.656+0000] {processor.py:830} INFO - Processing file /home/airflow/.local/lib/python3.12/site-packages/airflow/example_dags/example_xcomargs.py for tasks to queue
[2024-06-08T10:39:36.658+0000] {logging_mixin.py:188} INFO - [2024-06-08T10:39:36.657+0000] {dagbag.py:545} INFO - Filling up the DagBag from /home/airflow/.local/lib/python3.12/site-packages/airflow/example_dags/example_xcomargs.py
[2024-06-08T10:39:36.670+0000] {processor.py:840} INFO - DAG(s) 'example_xcom_args_with_operators', 'example_xcom_args' retrieved from /home/airflow/.local/lib/python3.12/site-packages/airflow/example_dags/example_xcomargs.py
[2024-06-08T10:39:36.712+0000] {logging_mixin.py:188} INFO - [2024-06-08T10:39:36.711+0000] {dag.py:3096} INFO - Sync 2 DAGs
[2024-06-08T10:39:36.730+0000] {logging_mixin.py:188} INFO - [2024-06-08T10:39:36.730+0000] {dag.py:3954} INFO - Setting next_dagrun for example_xcom_args to None, run_after=None
[2024-06-08T10:39:36.736+0000] {logging_mixin.py:188} INFO - [2024-06-08T10:39:36.736+0000] {dag.py:3954} INFO - Setting next_dagrun for example_xcom_args_with_operators to None, run_after=None
[2024-06-08T10:39:36.759+0000] {processor.py:183} INFO - Processing /home/airflow/.local/lib/python3.12/site-packages/airflow/example_dags/example_xcomargs.py took 0.114 seconds
[2024-06-08T11:07:38.054+0000] {processor.py:161} INFO - Started process (PID=63797) to work on /home/airflow/.local/lib/python3.12/site-packages/airflow/example_dags/example_xcomargs.py
[2024-06-08T11:07:38.055+0000] {processor.py:830} INFO - Processing file /home/airflow/.local/lib/python3.12/site-packages/airflow/example_dags/example_xcomargs.py for tasks to queue
[2024-06-08T11:07:38.056+0000] {logging_mixin.py:188} INFO - [2024-06-08T11:07:38.056+0000] {dagbag.py:545} INFO - Filling up the DagBag from /home/airflow/.local/lib/python3.12/site-packages/airflow/example_dags/example_xcomargs.py
[2024-06-08T11:07:38.068+0000] {processor.py:840} INFO - DAG(s) 'example_xcom_args', 'example_xcom_args_with_operators' retrieved from /home/airflow/.local/lib/python3.12/site-packages/airflow/example_dags/example_xcomargs.py
[2024-06-08T11:07:38.099+0000] {logging_mixin.py:188} INFO - [2024-06-08T11:07:38.098+0000] {dag.py:3096} INFO - Sync 2 DAGs
[2024-06-08T11:07:38.116+0000] {logging_mixin.py:188} INFO - [2024-06-08T11:07:38.115+0000] {dag.py:3954} INFO - Setting next_dagrun for example_xcom_args to None, run_after=None
[2024-06-08T11:07:38.121+0000] {logging_mixin.py:188} INFO - [2024-06-08T11:07:38.121+0000] {dag.py:3954} INFO - Setting next_dagrun for example_xcom_args_with_operators to None, run_after=None
[2024-06-08T11:07:38.142+0000] {processor.py:183} INFO - Processing /home/airflow/.local/lib/python3.12/site-packages/airflow/example_dags/example_xcomargs.py took 0.096 seconds
[2024-06-08T12:08:39.266+0000] {processor.py:161} INFO - Started process (PID=63864) to work on /home/airflow/.local/lib/python3.12/site-packages/airflow/example_dags/example_xcomargs.py
[2024-06-08T12:08:39.272+0000] {processor.py:830} INFO - Processing file /home/airflow/.local/lib/python3.12/site-packages/airflow/example_dags/example_xcomargs.py for tasks to queue
[2024-06-08T12:08:39.275+0000] {logging_mixin.py:188} INFO - [2024-06-08T12:08:39.274+0000] {dagbag.py:545} INFO - Filling up the DagBag from /home/airflow/.local/lib/python3.12/site-packages/airflow/example_dags/example_xcomargs.py
[2024-06-08T12:08:39.298+0000] {processor.py:840} INFO - DAG(s) 'example_xcom_args_with_operators', 'example_xcom_args' retrieved from /home/airflow/.local/lib/python3.12/site-packages/airflow/example_dags/example_xcomargs.py
[2024-06-08T12:08:39.359+0000] {logging_mixin.py:188} INFO - [2024-06-08T12:08:39.358+0000] {dag.py:3096} INFO - Sync 2 DAGs
[2024-06-08T12:08:39.413+0000] {logging_mixin.py:188} INFO - [2024-06-08T12:08:39.413+0000] {dag.py:3954} INFO - Setting next_dagrun for example_xcom_args to None, run_after=None
[2024-06-08T12:08:39.422+0000] {logging_mixin.py:188} INFO - [2024-06-08T12:08:39.422+0000] {dag.py:3954} INFO - Setting next_dagrun for example_xcom_args_with_operators to None, run_after=None
[2024-06-08T12:08:39.456+0000] {processor.py:183} INFO - Processing /home/airflow/.local/lib/python3.12/site-packages/airflow/example_dags/example_xcomargs.py took 0.205 seconds
[2024-06-08T12:09:09.670+0000] {processor.py:161} INFO - Started process (PID=63924) to work on /home/airflow/.local/lib/python3.12/site-packages/airflow/example_dags/example_xcomargs.py
[2024-06-08T12:09:09.672+0000] {processor.py:830} INFO - Processing file /home/airflow/.local/lib/python3.12/site-packages/airflow/example_dags/example_xcomargs.py for tasks to queue
[2024-06-08T12:09:09.673+0000] {logging_mixin.py:188} INFO - [2024-06-08T12:09:09.673+0000] {dagbag.py:545} INFO - Filling up the DagBag from /home/airflow/.local/lib/python3.12/site-packages/airflow/example_dags/example_xcomargs.py
[2024-06-08T12:09:09.686+0000] {processor.py:840} INFO - DAG(s) 'example_xcom_args_with_operators', 'example_xcom_args' retrieved from /home/airflow/.local/lib/python3.12/site-packages/airflow/example_dags/example_xcomargs.py
[2024-06-08T12:09:18.408+0000] {logging_mixin.py:188} INFO - [2024-06-08T12:09:18.391+0000] {dag.py:3096} INFO - Sync 2 DAGs
[2024-06-08T12:09:18.740+0000] {logging_mixin.py:188} INFO - [2024-06-08T12:09:18.737+0000] {dag.py:3954} INFO - Setting next_dagrun for example_xcom_args to None, run_after=None
[2024-06-08T12:09:18.783+0000] {logging_mixin.py:188} INFO - [2024-06-08T12:09:18.781+0000] {dag.py:3954} INFO - Setting next_dagrun for example_xcom_args_with_operators to None, run_after=None
[2024-06-08T12:09:19.141+0000] {processor.py:183} INFO - Processing /home/airflow/.local/lib/python3.12/site-packages/airflow/example_dags/example_xcomargs.py took 9.478 seconds
[2024-06-08T13:10:00.228+0000] {processor.py:161} INFO - Started process (PID=63978) to work on /home/airflow/.local/lib/python3.12/site-packages/airflow/example_dags/example_xcomargs.py
[2024-06-08T13:10:00.232+0000] {processor.py:830} INFO - Processing file /home/airflow/.local/lib/python3.12/site-packages/airflow/example_dags/example_xcomargs.py for tasks to queue
[2024-06-08T13:10:00.233+0000] {logging_mixin.py:188} INFO - [2024-06-08T13:10:00.233+0000] {dagbag.py:545} INFO - Filling up the DagBag from /home/airflow/.local/lib/python3.12/site-packages/airflow/example_dags/example_xcomargs.py
[2024-06-08T13:10:00.248+0000] {processor.py:840} INFO - DAG(s) 'example_xcom_args', 'example_xcom_args_with_operators' retrieved from /home/airflow/.local/lib/python3.12/site-packages/airflow/example_dags/example_xcomargs.py
[2024-06-08T13:10:00.289+0000] {logging_mixin.py:188} INFO - [2024-06-08T13:10:00.289+0000] {dag.py:3096} INFO - Sync 2 DAGs
[2024-06-08T13:10:00.313+0000] {logging_mixin.py:188} INFO - [2024-06-08T13:10:00.313+0000] {dag.py:3954} INFO - Setting next_dagrun for example_xcom_args to None, run_after=None
[2024-06-08T13:10:00.318+0000] {logging_mixin.py:188} INFO - [2024-06-08T13:10:00.318+0000] {dag.py:3954} INFO - Setting next_dagrun for example_xcom_args_with_operators to None, run_after=None
[2024-06-08T13:10:00.343+0000] {processor.py:183} INFO - Processing /home/airflow/.local/lib/python3.12/site-packages/airflow/example_dags/example_xcomargs.py took 0.124 seconds
[2024-06-08T14:10:57.525+0000] {processor.py:161} INFO - Started process (PID=64044) to work on /home/airflow/.local/lib/python3.12/site-packages/airflow/example_dags/example_xcomargs.py
[2024-06-08T14:10:57.528+0000] {processor.py:830} INFO - Processing file /home/airflow/.local/lib/python3.12/site-packages/airflow/example_dags/example_xcomargs.py for tasks to queue
[2024-06-08T14:10:57.530+0000] {logging_mixin.py:188} INFO - [2024-06-08T14:10:57.529+0000] {dagbag.py:545} INFO - Filling up the DagBag from /home/airflow/.local/lib/python3.12/site-packages/airflow/example_dags/example_xcomargs.py
[2024-06-08T14:10:57.548+0000] {processor.py:840} INFO - DAG(s) 'example_xcom_args', 'example_xcom_args_with_operators' retrieved from /home/airflow/.local/lib/python3.12/site-packages/airflow/example_dags/example_xcomargs.py
[2024-06-08T14:10:57.600+0000] {logging_mixin.py:188} INFO - [2024-06-08T14:10:57.599+0000] {dag.py:3096} INFO - Sync 2 DAGs
[2024-06-08T14:10:57.641+0000] {logging_mixin.py:188} INFO - [2024-06-08T14:10:57.641+0000] {dag.py:3954} INFO - Setting next_dagrun for example_xcom_args to None, run_after=None
[2024-06-08T14:10:57.652+0000] {logging_mixin.py:188} INFO - [2024-06-08T14:10:57.651+0000] {dag.py:3954} INFO - Setting next_dagrun for example_xcom_args_with_operators to None, run_after=None
[2024-06-08T14:10:57.701+0000] {processor.py:183} INFO - Processing /home/airflow/.local/lib/python3.12/site-packages/airflow/example_dags/example_xcomargs.py took 0.188 seconds
[2024-06-08T14:11:27.813+0000] {processor.py:161} INFO - Started process (PID=64104) to work on /home/airflow/.local/lib/python3.12/site-packages/airflow/example_dags/example_xcomargs.py
[2024-06-08T14:11:27.815+0000] {processor.py:830} INFO - Processing file /home/airflow/.local/lib/python3.12/site-packages/airflow/example_dags/example_xcomargs.py for tasks to queue
[2024-06-08T14:11:27.817+0000] {logging_mixin.py:188} INFO - [2024-06-08T14:11:27.816+0000] {dagbag.py:545} INFO - Filling up the DagBag from /home/airflow/.local/lib/python3.12/site-packages/airflow/example_dags/example_xcomargs.py
[2024-06-08T14:11:27.828+0000] {processor.py:840} INFO - DAG(s) 'example_xcom_args_with_operators', 'example_xcom_args' retrieved from /home/airflow/.local/lib/python3.12/site-packages/airflow/example_dags/example_xcomargs.py
[2024-06-08T14:11:27.859+0000] {logging_mixin.py:188} INFO - [2024-06-08T14:11:27.858+0000] {dag.py:3096} INFO - Sync 2 DAGs
[2024-06-08T14:11:27.876+0000] {logging_mixin.py:188} INFO - [2024-06-08T14:11:27.876+0000] {dag.py:3954} INFO - Setting next_dagrun for example_xcom_args to None, run_after=None
[2024-06-08T14:11:27.882+0000] {logging_mixin.py:188} INFO - [2024-06-08T14:11:27.881+0000] {dag.py:3954} INFO - Setting next_dagrun for example_xcom_args_with_operators to None, run_after=None
[2024-06-08T14:11:27.906+0000] {processor.py:183} INFO - Processing /home/airflow/.local/lib/python3.12/site-packages/airflow/example_dags/example_xcomargs.py took 0.101 seconds
[2024-06-08T15:12:12.160+0000] {processor.py:161} INFO - Started process (PID=64158) to work on /home/airflow/.local/lib/python3.12/site-packages/airflow/example_dags/example_xcomargs.py
[2024-06-08T15:12:12.162+0000] {processor.py:830} INFO - Processing file /home/airflow/.local/lib/python3.12/site-packages/airflow/example_dags/example_xcomargs.py for tasks to queue
[2024-06-08T15:12:12.163+0000] {logging_mixin.py:188} INFO - [2024-06-08T15:12:12.163+0000] {dagbag.py:545} INFO - Filling up the DagBag from /home/airflow/.local/lib/python3.12/site-packages/airflow/example_dags/example_xcomargs.py
[2024-06-08T15:12:12.178+0000] {processor.py:840} INFO - DAG(s) 'example_xcom_args', 'example_xcom_args_with_operators' retrieved from /home/airflow/.local/lib/python3.12/site-packages/airflow/example_dags/example_xcomargs.py
[2024-06-08T15:12:12.245+0000] {logging_mixin.py:188} INFO - [2024-06-08T15:12:12.245+0000] {dag.py:3096} INFO - Sync 2 DAGs
[2024-06-08T15:12:12.274+0000] {logging_mixin.py:188} INFO - [2024-06-08T15:12:12.274+0000] {dag.py:3954} INFO - Setting next_dagrun for example_xcom_args to None, run_after=None
[2024-06-08T15:12:12.282+0000] {logging_mixin.py:188} INFO - [2024-06-08T15:12:12.282+0000] {dag.py:3954} INFO - Setting next_dagrun for example_xcom_args_with_operators to None, run_after=None
[2024-06-08T15:12:12.315+0000] {processor.py:183} INFO - Processing /home/airflow/.local/lib/python3.12/site-packages/airflow/example_dags/example_xcomargs.py took 0.162 seconds
[2024-06-08T16:13:14.691+0000] {processor.py:161} INFO - Started process (PID=64224) to work on /home/airflow/.local/lib/python3.12/site-packages/airflow/example_dags/example_xcomargs.py
[2024-06-08T16:13:14.693+0000] {processor.py:830} INFO - Processing file /home/airflow/.local/lib/python3.12/site-packages/airflow/example_dags/example_xcomargs.py for tasks to queue
[2024-06-08T16:13:14.695+0000] {logging_mixin.py:188} INFO - [2024-06-08T16:13:14.694+0000] {dagbag.py:545} INFO - Filling up the DagBag from /home/airflow/.local/lib/python3.12/site-packages/airflow/example_dags/example_xcomargs.py
[2024-06-08T16:13:14.713+0000] {processor.py:840} INFO - DAG(s) 'example_xcom_args', 'example_xcom_args_with_operators' retrieved from /home/airflow/.local/lib/python3.12/site-packages/airflow/example_dags/example_xcomargs.py
[2024-06-08T16:13:14.762+0000] {logging_mixin.py:188} INFO - [2024-06-08T16:13:14.762+0000] {dag.py:3096} INFO - Sync 2 DAGs
[2024-06-08T16:13:14.791+0000] {logging_mixin.py:188} INFO - [2024-06-08T16:13:14.791+0000] {dag.py:3954} INFO - Setting next_dagrun for example_xcom_args to None, run_after=None
[2024-06-08T16:13:14.801+0000] {logging_mixin.py:188} INFO - [2024-06-08T16:13:14.800+0000] {dag.py:3954} INFO - Setting next_dagrun for example_xcom_args_with_operators to None, run_after=None
[2024-06-08T16:13:14.835+0000] {processor.py:183} INFO - Processing /home/airflow/.local/lib/python3.12/site-packages/airflow/example_dags/example_xcomargs.py took 0.157 seconds
[2024-06-08T16:13:55.761+0000] {processor.py:161} INFO - Started process (PID=64284) to work on /home/airflow/.local/lib/python3.12/site-packages/airflow/example_dags/example_xcomargs.py
[2024-06-08T16:13:55.763+0000] {processor.py:830} INFO - Processing file /home/airflow/.local/lib/python3.12/site-packages/airflow/example_dags/example_xcomargs.py for tasks to queue
[2024-06-08T16:13:55.765+0000] {logging_mixin.py:188} INFO - [2024-06-08T16:13:55.765+0000] {dagbag.py:545} INFO - Filling up the DagBag from /home/airflow/.local/lib/python3.12/site-packages/airflow/example_dags/example_xcomargs.py
[2024-06-08T16:13:55.783+0000] {processor.py:840} INFO - DAG(s) 'example_xcom_args_with_operators', 'example_xcom_args' retrieved from /home/airflow/.local/lib/python3.12/site-packages/airflow/example_dags/example_xcomargs.py
[2024-06-08T16:13:55.829+0000] {logging_mixin.py:188} INFO - [2024-06-08T16:13:55.829+0000] {dag.py:3096} INFO - Sync 2 DAGs
[2024-06-08T16:13:55.858+0000] {logging_mixin.py:188} INFO - [2024-06-08T16:13:55.858+0000] {dag.py:3954} INFO - Setting next_dagrun for example_xcom_args to None, run_after=None
[2024-06-08T16:13:55.867+0000] {logging_mixin.py:188} INFO - [2024-06-08T16:13:55.867+0000] {dag.py:3954} INFO - Setting next_dagrun for example_xcom_args_with_operators to None, run_after=None
[2024-06-08T16:13:55.900+0000] {processor.py:183} INFO - Processing /home/airflow/.local/lib/python3.12/site-packages/airflow/example_dags/example_xcomargs.py took 0.150 seconds
[2024-06-08T17:14:34.905+0000] {processor.py:161} INFO - Started process (PID=64338) to work on /home/airflow/.local/lib/python3.12/site-packages/airflow/example_dags/example_xcomargs.py
[2024-06-08T17:14:34.907+0000] {processor.py:830} INFO - Processing file /home/airflow/.local/lib/python3.12/site-packages/airflow/example_dags/example_xcomargs.py for tasks to queue
[2024-06-08T17:14:34.909+0000] {logging_mixin.py:188} INFO - [2024-06-08T17:14:34.908+0000] {dagbag.py:545} INFO - Filling up the DagBag from /home/airflow/.local/lib/python3.12/site-packages/airflow/example_dags/example_xcomargs.py
[2024-06-08T17:14:34.920+0000] {processor.py:840} INFO - DAG(s) 'example_xcom_args_with_operators', 'example_xcom_args' retrieved from /home/airflow/.local/lib/python3.12/site-packages/airflow/example_dags/example_xcomargs.py
[2024-06-08T17:14:34.952+0000] {logging_mixin.py:188} INFO - [2024-06-08T17:14:34.951+0000] {dag.py:3096} INFO - Sync 2 DAGs
[2024-06-08T17:14:34.969+0000] {logging_mixin.py:188} INFO - [2024-06-08T17:14:34.968+0000] {dag.py:3954} INFO - Setting next_dagrun for example_xcom_args to None, run_after=None
[2024-06-08T17:14:34.974+0000] {logging_mixin.py:188} INFO - [2024-06-08T17:14:34.974+0000] {dag.py:3954} INFO - Setting next_dagrun for example_xcom_args_with_operators to None, run_after=None
[2024-06-08T17:14:35.001+0000] {processor.py:183} INFO - Processing /home/airflow/.local/lib/python3.12/site-packages/airflow/example_dags/example_xcomargs.py took 0.105 seconds
[2024-06-08T18:08:41.246+0000] {processor.py:161} INFO - Started process (PID=64398) to work on /home/airflow/.local/lib/python3.12/site-packages/airflow/example_dags/example_xcomargs.py
[2024-06-08T18:08:41.248+0000] {processor.py:830} INFO - Processing file /home/airflow/.local/lib/python3.12/site-packages/airflow/example_dags/example_xcomargs.py for tasks to queue
[2024-06-08T18:08:41.250+0000] {logging_mixin.py:188} INFO - [2024-06-08T18:08:41.249+0000] {dagbag.py:545} INFO - Filling up the DagBag from /home/airflow/.local/lib/python3.12/site-packages/airflow/example_dags/example_xcomargs.py
[2024-06-08T18:08:41.268+0000] {processor.py:840} INFO - DAG(s) 'example_xcom_args_with_operators', 'example_xcom_args' retrieved from /home/airflow/.local/lib/python3.12/site-packages/airflow/example_dags/example_xcomargs.py
[2024-06-08T18:08:41.350+0000] {logging_mixin.py:188} INFO - [2024-06-08T18:08:41.350+0000] {dag.py:3096} INFO - Sync 2 DAGs
[2024-06-08T18:08:41.405+0000] {logging_mixin.py:188} INFO - [2024-06-08T18:08:41.405+0000] {dag.py:3954} INFO - Setting next_dagrun for example_xcom_args to None, run_after=None
[2024-06-08T18:08:41.416+0000] {logging_mixin.py:188} INFO - [2024-06-08T18:08:41.415+0000] {dag.py:3954} INFO - Setting next_dagrun for example_xcom_args_with_operators to None, run_after=None
[2024-06-08T18:08:41.450+0000] {processor.py:183} INFO - Processing /home/airflow/.local/lib/python3.12/site-packages/airflow/example_dags/example_xcomargs.py took 0.217 seconds
[2024-06-08T18:15:50.344+0000] {processor.py:161} INFO - Started process (PID=64458) to work on /home/airflow/.local/lib/python3.12/site-packages/airflow/example_dags/example_xcomargs.py
[2024-06-08T18:15:50.346+0000] {processor.py:830} INFO - Processing file /home/airflow/.local/lib/python3.12/site-packages/airflow/example_dags/example_xcomargs.py for tasks to queue
[2024-06-08T18:15:50.347+0000] {logging_mixin.py:188} INFO - [2024-06-08T18:15:50.347+0000] {dagbag.py:545} INFO - Filling up the DagBag from /home/airflow/.local/lib/python3.12/site-packages/airflow/example_dags/example_xcomargs.py
[2024-06-08T18:15:50.358+0000] {processor.py:840} INFO - DAG(s) 'example_xcom_args', 'example_xcom_args_with_operators' retrieved from /home/airflow/.local/lib/python3.12/site-packages/airflow/example_dags/example_xcomargs.py
[2024-06-08T18:15:50.388+0000] {logging_mixin.py:188} INFO - [2024-06-08T18:15:50.388+0000] {dag.py:3096} INFO - Sync 2 DAGs
[2024-06-08T18:15:50.455+0000] {logging_mixin.py:188} INFO - [2024-06-08T18:15:50.455+0000] {dag.py:3954} INFO - Setting next_dagrun for example_xcom_args to None, run_after=None
[2024-06-08T18:15:50.462+0000] {logging_mixin.py:188} INFO - [2024-06-08T18:15:50.461+0000] {dag.py:3954} INFO - Setting next_dagrun for example_xcom_args_with_operators to None, run_after=None
[2024-06-08T18:15:50.492+0000] {processor.py:183} INFO - Processing /home/airflow/.local/lib/python3.12/site-packages/airflow/example_dags/example_xcomargs.py took 0.157 seconds
[2024-06-08T18:52:17.331+0000] {processor.py:161} INFO - Started process (PID=64518) to work on /home/airflow/.local/lib/python3.12/site-packages/airflow/example_dags/example_xcomargs.py
[2024-06-08T18:52:17.333+0000] {processor.py:830} INFO - Processing file /home/airflow/.local/lib/python3.12/site-packages/airflow/example_dags/example_xcomargs.py for tasks to queue
[2024-06-08T18:52:17.334+0000] {logging_mixin.py:188} INFO - [2024-06-08T18:52:17.334+0000] {dagbag.py:545} INFO - Filling up the DagBag from /home/airflow/.local/lib/python3.12/site-packages/airflow/example_dags/example_xcomargs.py
[2024-06-08T18:52:17.346+0000] {processor.py:840} INFO - DAG(s) 'example_xcom_args_with_operators', 'example_xcom_args' retrieved from /home/airflow/.local/lib/python3.12/site-packages/airflow/example_dags/example_xcomargs.py
[2024-06-08T18:52:17.377+0000] {logging_mixin.py:188} INFO - [2024-06-08T18:52:17.376+0000] {dag.py:3096} INFO - Sync 2 DAGs
[2024-06-08T18:52:17.394+0000] {logging_mixin.py:188} INFO - [2024-06-08T18:52:17.394+0000] {dag.py:3954} INFO - Setting next_dagrun for example_xcom_args to None, run_after=None
[2024-06-08T18:52:17.400+0000] {logging_mixin.py:188} INFO - [2024-06-08T18:52:17.400+0000] {dag.py:3954} INFO - Setting next_dagrun for example_xcom_args_with_operators to None, run_after=None
[2024-06-08T18:52:17.421+0000] {processor.py:183} INFO - Processing /home/airflow/.local/lib/python3.12/site-packages/airflow/example_dags/example_xcomargs.py took 0.097 seconds
[2024-06-08T18:52:53.245+0000] {processor.py:161} INFO - Started process (PID=64578) to work on /home/airflow/.local/lib/python3.12/site-packages/airflow/example_dags/example_xcomargs.py
[2024-06-08T18:52:53.247+0000] {processor.py:830} INFO - Processing file /home/airflow/.local/lib/python3.12/site-packages/airflow/example_dags/example_xcomargs.py for tasks to queue
[2024-06-08T18:52:53.248+0000] {logging_mixin.py:188} INFO - [2024-06-08T18:52:53.248+0000] {dagbag.py:545} INFO - Filling up the DagBag from /home/airflow/.local/lib/python3.12/site-packages/airflow/example_dags/example_xcomargs.py
[2024-06-08T18:52:53.269+0000] {processor.py:840} INFO - DAG(s) 'example_xcom_args', 'example_xcom_args_with_operators' retrieved from /home/airflow/.local/lib/python3.12/site-packages/airflow/example_dags/example_xcomargs.py
[2024-06-08T18:52:53.325+0000] {logging_mixin.py:188} INFO - [2024-06-08T18:52:53.325+0000] {dag.py:3096} INFO - Sync 2 DAGs
[2024-06-08T18:52:53.355+0000] {logging_mixin.py:188} INFO - [2024-06-08T18:52:53.355+0000] {dag.py:3954} INFO - Setting next_dagrun for example_xcom_args to None, run_after=None
[2024-06-08T18:52:53.365+0000] {logging_mixin.py:188} INFO - [2024-06-08T18:52:53.364+0000] {dag.py:3954} INFO - Setting next_dagrun for example_xcom_args_with_operators to None, run_after=None
[2024-06-08T18:52:53.406+0000] {processor.py:183} INFO - Processing /home/airflow/.local/lib/python3.12/site-packages/airflow/example_dags/example_xcomargs.py took 0.174 seconds
[2024-06-08T19:12:41.209+0000] {processor.py:161} INFO - Started process (PID=64638) to work on /home/airflow/.local/lib/python3.12/site-packages/airflow/example_dags/example_xcomargs.py
[2024-06-08T19:12:41.210+0000] {processor.py:830} INFO - Processing file /home/airflow/.local/lib/python3.12/site-packages/airflow/example_dags/example_xcomargs.py for tasks to queue
[2024-06-08T19:12:41.211+0000] {logging_mixin.py:188} INFO - [2024-06-08T19:12:41.211+0000] {dagbag.py:545} INFO - Filling up the DagBag from /home/airflow/.local/lib/python3.12/site-packages/airflow/example_dags/example_xcomargs.py
[2024-06-08T19:12:41.229+0000] {processor.py:840} INFO - DAG(s) 'example_xcom_args', 'example_xcom_args_with_operators' retrieved from /home/airflow/.local/lib/python3.12/site-packages/airflow/example_dags/example_xcomargs.py
[2024-06-08T19:12:41.276+0000] {logging_mixin.py:188} INFO - [2024-06-08T19:12:41.276+0000] {dag.py:3096} INFO - Sync 2 DAGs
[2024-06-08T19:12:41.296+0000] {logging_mixin.py:188} INFO - [2024-06-08T19:12:41.296+0000] {dag.py:3954} INFO - Setting next_dagrun for example_xcom_args to None, run_after=None
[2024-06-08T19:12:41.329+0000] {logging_mixin.py:188} INFO - [2024-06-08T19:12:41.328+0000] {dag.py:3954} INFO - Setting next_dagrun for example_xcom_args_with_operators to None, run_after=None
[2024-06-08T19:12:41.352+0000] {processor.py:183} INFO - Processing /home/airflow/.local/lib/python3.12/site-packages/airflow/example_dags/example_xcomargs.py took 0.151 seconds
[2024-06-08T19:16:54.631+0000] {processor.py:161} INFO - Started process (PID=64698) to work on /home/airflow/.local/lib/python3.12/site-packages/airflow/example_dags/example_xcomargs.py
[2024-06-08T19:16:54.632+0000] {processor.py:830} INFO - Processing file /home/airflow/.local/lib/python3.12/site-packages/airflow/example_dags/example_xcomargs.py for tasks to queue
[2024-06-08T19:16:54.634+0000] {logging_mixin.py:188} INFO - [2024-06-08T19:16:54.633+0000] {dagbag.py:545} INFO - Filling up the DagBag from /home/airflow/.local/lib/python3.12/site-packages/airflow/example_dags/example_xcomargs.py
[2024-06-08T19:16:54.645+0000] {processor.py:840} INFO - DAG(s) 'example_xcom_args_with_operators', 'example_xcom_args' retrieved from /home/airflow/.local/lib/python3.12/site-packages/airflow/example_dags/example_xcomargs.py
[2024-06-08T19:16:54.676+0000] {logging_mixin.py:188} INFO - [2024-06-08T19:16:54.676+0000] {dag.py:3096} INFO - Sync 2 DAGs
[2024-06-08T19:16:54.693+0000] {logging_mixin.py:188} INFO - [2024-06-08T19:16:54.693+0000] {dag.py:3954} INFO - Setting next_dagrun for example_xcom_args to None, run_after=None
[2024-06-08T19:16:54.698+0000] {logging_mixin.py:188} INFO - [2024-06-08T19:16:54.698+0000] {dag.py:3954} INFO - Setting next_dagrun for example_xcom_args_with_operators to None, run_after=None
[2024-06-08T19:16:54.720+0000] {processor.py:183} INFO - Processing /home/airflow/.local/lib/python3.12/site-packages/airflow/example_dags/example_xcomargs.py took 0.099 seconds
[2024-06-08T20:17:52.566+0000] {processor.py:161} INFO - Started process (PID=64758) to work on /home/airflow/.local/lib/python3.12/site-packages/airflow/example_dags/example_xcomargs.py
[2024-06-08T20:17:52.568+0000] {processor.py:830} INFO - Processing file /home/airflow/.local/lib/python3.12/site-packages/airflow/example_dags/example_xcomargs.py for tasks to queue
[2024-06-08T20:17:52.569+0000] {logging_mixin.py:188} INFO - [2024-06-08T20:17:52.569+0000] {dagbag.py:545} INFO - Filling up the DagBag from /home/airflow/.local/lib/python3.12/site-packages/airflow/example_dags/example_xcomargs.py
[2024-06-08T20:17:52.585+0000] {processor.py:840} INFO - DAG(s) 'example_xcom_args', 'example_xcom_args_with_operators' retrieved from /home/airflow/.local/lib/python3.12/site-packages/airflow/example_dags/example_xcomargs.py
[2024-06-08T20:17:52.627+0000] {logging_mixin.py:188} INFO - [2024-06-08T20:17:52.626+0000] {dag.py:3096} INFO - Sync 2 DAGs
[2024-06-08T20:17:52.645+0000] {logging_mixin.py:188} INFO - [2024-06-08T20:17:52.645+0000] {dag.py:3954} INFO - Setting next_dagrun for example_xcom_args to None, run_after=None
[2024-06-08T20:17:52.652+0000] {logging_mixin.py:188} INFO - [2024-06-08T20:17:52.651+0000] {dag.py:3954} INFO - Setting next_dagrun for example_xcom_args_with_operators to None, run_after=None
[2024-06-08T20:17:52.677+0000] {processor.py:183} INFO - Processing /home/airflow/.local/lib/python3.12/site-packages/airflow/example_dags/example_xcomargs.py took 0.120 seconds
[2024-06-08T20:18:35.643+0000] {processor.py:161} INFO - Started process (PID=64818) to work on /home/airflow/.local/lib/python3.12/site-packages/airflow/example_dags/example_xcomargs.py
[2024-06-08T20:18:35.645+0000] {processor.py:830} INFO - Processing file /home/airflow/.local/lib/python3.12/site-packages/airflow/example_dags/example_xcomargs.py for tasks to queue
[2024-06-08T20:18:35.648+0000] {logging_mixin.py:188} INFO - [2024-06-08T20:18:35.647+0000] {dagbag.py:545} INFO - Filling up the DagBag from /home/airflow/.local/lib/python3.12/site-packages/airflow/example_dags/example_xcomargs.py
[2024-06-08T20:18:35.671+0000] {processor.py:840} INFO - DAG(s) 'example_xcom_args_with_operators', 'example_xcom_args' retrieved from /home/airflow/.local/lib/python3.12/site-packages/airflow/example_dags/example_xcomargs.py
[2024-06-08T20:18:35.724+0000] {logging_mixin.py:188} INFO - [2024-06-08T20:18:35.724+0000] {dag.py:3096} INFO - Sync 2 DAGs
[2024-06-08T20:18:35.752+0000] {logging_mixin.py:188} INFO - [2024-06-08T20:18:35.751+0000] {dag.py:3954} INFO - Setting next_dagrun for example_xcom_args to None, run_after=None
[2024-06-08T20:18:35.760+0000] {logging_mixin.py:188} INFO - [2024-06-08T20:18:35.760+0000] {dag.py:3954} INFO - Setting next_dagrun for example_xcom_args_with_operators to None, run_after=None
[2024-06-08T20:18:35.797+0000] {processor.py:183} INFO - Processing /home/airflow/.local/lib/python3.12/site-packages/airflow/example_dags/example_xcomargs.py took 0.165 seconds
