[2024-06-08T02:26:00.119+0000] {processor.py:161} INFO - Started process (PID=63200) to work on /home/airflow/.local/lib/python3.12/site-packages/airflow/example_dags/example_latest_only_with_trigger.py
[2024-06-08T02:26:00.120+0000] {processor.py:830} INFO - Processing file /home/airflow/.local/lib/python3.12/site-packages/airflow/example_dags/example_latest_only_with_trigger.py for tasks to queue
[2024-06-08T02:26:00.122+0000] {logging_mixin.py:188} INFO - [2024-06-08T02:26:00.122+0000] {dagbag.py:545} INFO - Filling up the DagBag from /home/airflow/.local/lib/python3.12/site-packages/airflow/example_dags/example_latest_only_with_trigger.py
[2024-06-08T02:26:00.131+0000] {processor.py:840} INFO - DAG(s) 'latest_only_with_trigger' retrieved from /home/airflow/.local/lib/python3.12/site-packages/airflow/example_dags/example_latest_only_with_trigger.py
[2024-06-08T02:26:00.158+0000] {logging_mixin.py:188} INFO - [2024-06-08T02:26:00.157+0000] {dag.py:3096} INFO - Sync 1 DAGs
[2024-06-08T02:26:00.185+0000] {logging_mixin.py:188} INFO - [2024-06-08T02:26:00.185+0000] {dag.py:3954} INFO - Setting next_dagrun for latest_only_with_trigger to 2024-06-07 20:00:00+00:00, run_after=2024-06-08 00:00:00+00:00
[2024-06-08T02:26:00.209+0000] {processor.py:183} INFO - Processing /home/airflow/.local/lib/python3.12/site-packages/airflow/example_dags/example_latest_only_with_trigger.py took 0.100 seconds
[2024-06-08T02:26:33.585+0000] {processor.py:161} INFO - Started process (PID=63259) to work on /home/airflow/.local/lib/python3.12/site-packages/airflow/example_dags/example_latest_only_with_trigger.py
[2024-06-08T02:26:33.587+0000] {processor.py:830} INFO - Processing file /home/airflow/.local/lib/python3.12/site-packages/airflow/example_dags/example_latest_only_with_trigger.py for tasks to queue
[2024-06-08T02:26:33.589+0000] {logging_mixin.py:188} INFO - [2024-06-08T02:26:33.588+0000] {dagbag.py:545} INFO - Filling up the DagBag from /home/airflow/.local/lib/python3.12/site-packages/airflow/example_dags/example_latest_only_with_trigger.py
[2024-06-08T02:26:33.600+0000] {processor.py:840} INFO - DAG(s) 'latest_only_with_trigger' retrieved from /home/airflow/.local/lib/python3.12/site-packages/airflow/example_dags/example_latest_only_with_trigger.py
[2024-06-08T02:26:33.633+0000] {logging_mixin.py:188} INFO - [2024-06-08T02:26:33.633+0000] {dag.py:3096} INFO - Sync 1 DAGs
[2024-06-08T02:26:33.664+0000] {logging_mixin.py:188} INFO - [2024-06-08T02:26:33.664+0000] {dag.py:3954} INFO - Setting next_dagrun for latest_only_with_trigger to 2024-06-07 20:00:00+00:00, run_after=2024-06-08 00:00:00+00:00
[2024-06-08T02:26:33.692+0000] {processor.py:183} INFO - Processing /home/airflow/.local/lib/python3.12/site-packages/airflow/example_dags/example_latest_only_with_trigger.py took 0.117 seconds
[2024-06-08T07:02:56.155+0000] {processor.py:161} INFO - Started process (PID=63313) to work on /home/airflow/.local/lib/python3.12/site-packages/airflow/example_dags/example_latest_only_with_trigger.py
[2024-06-08T07:02:56.156+0000] {processor.py:830} INFO - Processing file /home/airflow/.local/lib/python3.12/site-packages/airflow/example_dags/example_latest_only_with_trigger.py for tasks to queue
[2024-06-08T07:02:56.158+0000] {logging_mixin.py:188} INFO - [2024-06-08T07:02:56.157+0000] {dagbag.py:545} INFO - Filling up the DagBag from /home/airflow/.local/lib/python3.12/site-packages/airflow/example_dags/example_latest_only_with_trigger.py
[2024-06-08T07:02:56.165+0000] {processor.py:840} INFO - DAG(s) 'latest_only_with_trigger' retrieved from /home/airflow/.local/lib/python3.12/site-packages/airflow/example_dags/example_latest_only_with_trigger.py
[2024-06-08T07:02:56.192+0000] {logging_mixin.py:188} INFO - [2024-06-08T07:02:56.192+0000] {dag.py:3096} INFO - Sync 1 DAGs
[2024-06-08T07:02:56.220+0000] {logging_mixin.py:188} INFO - [2024-06-08T07:02:56.220+0000] {dag.py:3954} INFO - Setting next_dagrun for latest_only_with_trigger to 2024-06-08 00:00:00+00:00, run_after=2024-06-08 04:00:00+00:00
[2024-06-08T07:02:56.243+0000] {processor.py:183} INFO - Processing /home/airflow/.local/lib/python3.12/site-packages/airflow/example_dags/example_latest_only_with_trigger.py took 0.096 seconds
[2024-06-08T07:15:55.104+0000] {processor.py:161} INFO - Started process (PID=63379) to work on /home/airflow/.local/lib/python3.12/site-packages/airflow/example_dags/example_latest_only_with_trigger.py
[2024-06-08T07:15:55.106+0000] {processor.py:830} INFO - Processing file /home/airflow/.local/lib/python3.12/site-packages/airflow/example_dags/example_latest_only_with_trigger.py for tasks to queue
[2024-06-08T07:15:55.107+0000] {logging_mixin.py:188} INFO - [2024-06-08T07:15:55.107+0000] {dagbag.py:545} INFO - Filling up the DagBag from /home/airflow/.local/lib/python3.12/site-packages/airflow/example_dags/example_latest_only_with_trigger.py
[2024-06-08T07:15:55.115+0000] {processor.py:840} INFO - DAG(s) 'latest_only_with_trigger' retrieved from /home/airflow/.local/lib/python3.12/site-packages/airflow/example_dags/example_latest_only_with_trigger.py
[2024-06-08T07:15:55.143+0000] {logging_mixin.py:188} INFO - [2024-06-08T07:15:55.143+0000] {dag.py:3096} INFO - Sync 1 DAGs
[2024-06-08T07:15:55.171+0000] {logging_mixin.py:188} INFO - [2024-06-08T07:15:55.171+0000] {dag.py:3954} INFO - Setting next_dagrun for latest_only_with_trigger to 2024-06-08 00:00:00+00:00, run_after=2024-06-08 04:00:00+00:00
[2024-06-08T07:15:55.195+0000] {processor.py:183} INFO - Processing /home/airflow/.local/lib/python3.12/site-packages/airflow/example_dags/example_latest_only_with_trigger.py took 0.099 seconds
[2024-06-08T08:04:10.940+0000] {processor.py:161} INFO - Started process (PID=63433) to work on /home/airflow/.local/lib/python3.12/site-packages/airflow/example_dags/example_latest_only_with_trigger.py
[2024-06-08T08:04:10.941+0000] {processor.py:830} INFO - Processing file /home/airflow/.local/lib/python3.12/site-packages/airflow/example_dags/example_latest_only_with_trigger.py for tasks to queue
[2024-06-08T08:04:10.943+0000] {logging_mixin.py:188} INFO - [2024-06-08T08:04:10.942+0000] {dagbag.py:545} INFO - Filling up the DagBag from /home/airflow/.local/lib/python3.12/site-packages/airflow/example_dags/example_latest_only_with_trigger.py
[2024-06-08T08:04:10.951+0000] {processor.py:840} INFO - DAG(s) 'latest_only_with_trigger' retrieved from /home/airflow/.local/lib/python3.12/site-packages/airflow/example_dags/example_latest_only_with_trigger.py
[2024-06-08T08:04:10.978+0000] {logging_mixin.py:188} INFO - [2024-06-08T08:04:10.977+0000] {dag.py:3096} INFO - Sync 1 DAGs
[2024-06-08T08:04:11.008+0000] {logging_mixin.py:188} INFO - [2024-06-08T08:04:11.008+0000] {dag.py:3954} INFO - Setting next_dagrun for latest_only_with_trigger to 2024-06-08 04:00:00+00:00, run_after=2024-06-08 08:00:00+00:00
[2024-06-08T08:04:11.033+0000] {processor.py:183} INFO - Processing /home/airflow/.local/lib/python3.12/site-packages/airflow/example_dags/example_latest_only_with_trigger.py took 0.101 seconds
[2024-06-08T09:05:09.540+0000] {processor.py:161} INFO - Started process (PID=63499) to work on /home/airflow/.local/lib/python3.12/site-packages/airflow/example_dags/example_latest_only_with_trigger.py
[2024-06-08T09:05:09.543+0000] {processor.py:830} INFO - Processing file /home/airflow/.local/lib/python3.12/site-packages/airflow/example_dags/example_latest_only_with_trigger.py for tasks to queue
[2024-06-08T09:05:09.545+0000] {logging_mixin.py:188} INFO - [2024-06-08T09:05:09.545+0000] {dagbag.py:545} INFO - Filling up the DagBag from /home/airflow/.local/lib/python3.12/site-packages/airflow/example_dags/example_latest_only_with_trigger.py
[2024-06-08T09:05:09.561+0000] {processor.py:840} INFO - DAG(s) 'latest_only_with_trigger' retrieved from /home/airflow/.local/lib/python3.12/site-packages/airflow/example_dags/example_latest_only_with_trigger.py
[2024-06-08T09:05:09.606+0000] {logging_mixin.py:188} INFO - [2024-06-08T09:05:09.605+0000] {dag.py:3096} INFO - Sync 1 DAGs
[2024-06-08T09:05:09.672+0000] {logging_mixin.py:188} INFO - [2024-06-08T09:05:09.671+0000] {dag.py:3954} INFO - Setting next_dagrun for latest_only_with_trigger to 2024-06-08 04:00:00+00:00, run_after=2024-06-08 08:00:00+00:00
[2024-06-08T09:05:09.755+0000] {processor.py:183} INFO - Processing /home/airflow/.local/lib/python3.12/site-packages/airflow/example_dags/example_latest_only_with_trigger.py took 0.231 seconds
[2024-06-08T09:05:51.126+0000] {processor.py:161} INFO - Started process (PID=63559) to work on /home/airflow/.local/lib/python3.12/site-packages/airflow/example_dags/example_latest_only_with_trigger.py
[2024-06-08T09:05:51.129+0000] {processor.py:830} INFO - Processing file /home/airflow/.local/lib/python3.12/site-packages/airflow/example_dags/example_latest_only_with_trigger.py for tasks to queue
[2024-06-08T09:05:51.131+0000] {logging_mixin.py:188} INFO - [2024-06-08T09:05:51.130+0000] {dagbag.py:545} INFO - Filling up the DagBag from /home/airflow/.local/lib/python3.12/site-packages/airflow/example_dags/example_latest_only_with_trigger.py
[2024-06-08T09:05:51.143+0000] {processor.py:840} INFO - DAG(s) 'latest_only_with_trigger' retrieved from /home/airflow/.local/lib/python3.12/site-packages/airflow/example_dags/example_latest_only_with_trigger.py
[2024-06-08T09:05:51.206+0000] {logging_mixin.py:188} INFO - [2024-06-08T09:05:51.206+0000] {dag.py:3096} INFO - Sync 1 DAGs
[2024-06-08T09:05:51.259+0000] {logging_mixin.py:188} INFO - [2024-06-08T09:05:51.259+0000] {dag.py:3954} INFO - Setting next_dagrun for latest_only_with_trigger to 2024-06-08 04:00:00+00:00, run_after=2024-06-08 08:00:00+00:00
[2024-06-08T09:05:51.301+0000] {processor.py:183} INFO - Processing /home/airflow/.local/lib/python3.12/site-packages/airflow/example_dags/example_latest_only_with_trigger.py took 0.187 seconds
[2024-06-08T10:06:32.518+0000] {processor.py:161} INFO - Started process (PID=63613) to work on /home/airflow/.local/lib/python3.12/site-packages/airflow/example_dags/example_latest_only_with_trigger.py
[2024-06-08T10:06:32.519+0000] {processor.py:830} INFO - Processing file /home/airflow/.local/lib/python3.12/site-packages/airflow/example_dags/example_latest_only_with_trigger.py for tasks to queue
[2024-06-08T10:06:32.521+0000] {logging_mixin.py:188} INFO - [2024-06-08T10:06:32.521+0000] {dagbag.py:545} INFO - Filling up the DagBag from /home/airflow/.local/lib/python3.12/site-packages/airflow/example_dags/example_latest_only_with_trigger.py
[2024-06-08T10:06:32.529+0000] {processor.py:840} INFO - DAG(s) 'latest_only_with_trigger' retrieved from /home/airflow/.local/lib/python3.12/site-packages/airflow/example_dags/example_latest_only_with_trigger.py
[2024-06-08T10:06:32.556+0000] {logging_mixin.py:188} INFO - [2024-06-08T10:06:32.556+0000] {dag.py:3096} INFO - Sync 1 DAGs
[2024-06-08T10:06:32.584+0000] {logging_mixin.py:188} INFO - [2024-06-08T10:06:32.584+0000] {dag.py:3954} INFO - Setting next_dagrun for latest_only_with_trigger to 2024-06-08 04:00:00+00:00, run_after=2024-06-08 08:00:00+00:00
[2024-06-08T10:06:32.608+0000] {processor.py:183} INFO - Processing /home/airflow/.local/lib/python3.12/site-packages/airflow/example_dags/example_latest_only_with_trigger.py took 0.097 seconds
[2024-06-08T10:39:04.820+0000] {processor.py:161} INFO - Started process (PID=63679) to work on /home/airflow/.local/lib/python3.12/site-packages/airflow/example_dags/example_latest_only_with_trigger.py
[2024-06-08T10:39:04.823+0000] {processor.py:830} INFO - Processing file /home/airflow/.local/lib/python3.12/site-packages/airflow/example_dags/example_latest_only_with_trigger.py for tasks to queue
[2024-06-08T10:39:04.829+0000] {logging_mixin.py:188} INFO - [2024-06-08T10:39:04.827+0000] {dagbag.py:545} INFO - Filling up the DagBag from /home/airflow/.local/lib/python3.12/site-packages/airflow/example_dags/example_latest_only_with_trigger.py
[2024-06-08T10:39:04.847+0000] {processor.py:840} INFO - DAG(s) 'latest_only_with_trigger' retrieved from /home/airflow/.local/lib/python3.12/site-packages/airflow/example_dags/example_latest_only_with_trigger.py
[2024-06-08T10:39:04.929+0000] {logging_mixin.py:188} INFO - [2024-06-08T10:39:04.928+0000] {dag.py:3096} INFO - Sync 1 DAGs
[2024-06-08T10:39:05.021+0000] {logging_mixin.py:188} INFO - [2024-06-08T10:39:05.020+0000] {dag.py:3954} INFO - Setting next_dagrun for latest_only_with_trigger to 2024-06-08 04:00:00+00:00, run_after=2024-06-08 08:00:00+00:00
[2024-06-08T10:39:05.101+0000] {processor.py:183} INFO - Processing /home/airflow/.local/lib/python3.12/site-packages/airflow/example_dags/example_latest_only_with_trigger.py took 0.359 seconds
[2024-06-08T10:39:35.381+0000] {processor.py:161} INFO - Started process (PID=63739) to work on /home/airflow/.local/lib/python3.12/site-packages/airflow/example_dags/example_latest_only_with_trigger.py
[2024-06-08T10:39:35.383+0000] {processor.py:830} INFO - Processing file /home/airflow/.local/lib/python3.12/site-packages/airflow/example_dags/example_latest_only_with_trigger.py for tasks to queue
[2024-06-08T10:39:35.384+0000] {logging_mixin.py:188} INFO - [2024-06-08T10:39:35.383+0000] {dagbag.py:545} INFO - Filling up the DagBag from /home/airflow/.local/lib/python3.12/site-packages/airflow/example_dags/example_latest_only_with_trigger.py
[2024-06-08T10:39:35.391+0000] {processor.py:840} INFO - DAG(s) 'latest_only_with_trigger' retrieved from /home/airflow/.local/lib/python3.12/site-packages/airflow/example_dags/example_latest_only_with_trigger.py
[2024-06-08T10:39:35.420+0000] {logging_mixin.py:188} INFO - [2024-06-08T10:39:35.419+0000] {dag.py:3096} INFO - Sync 1 DAGs
[2024-06-08T10:39:35.449+0000] {logging_mixin.py:188} INFO - [2024-06-08T10:39:35.449+0000] {dag.py:3954} INFO - Setting next_dagrun for latest_only_with_trigger to 2024-06-08 04:00:00+00:00, run_after=2024-06-08 08:00:00+00:00
[2024-06-08T10:39:35.475+0000] {processor.py:183} INFO - Processing /home/airflow/.local/lib/python3.12/site-packages/airflow/example_dags/example_latest_only_with_trigger.py took 0.101 seconds
[2024-06-08T11:07:37.792+0000] {processor.py:161} INFO - Started process (PID=63793) to work on /home/airflow/.local/lib/python3.12/site-packages/airflow/example_dags/example_latest_only_with_trigger.py
[2024-06-08T11:07:37.794+0000] {processor.py:830} INFO - Processing file /home/airflow/.local/lib/python3.12/site-packages/airflow/example_dags/example_latest_only_with_trigger.py for tasks to queue
[2024-06-08T11:07:37.796+0000] {logging_mixin.py:188} INFO - [2024-06-08T11:07:37.796+0000] {dagbag.py:545} INFO - Filling up the DagBag from /home/airflow/.local/lib/python3.12/site-packages/airflow/example_dags/example_latest_only_with_trigger.py
[2024-06-08T11:07:37.806+0000] {processor.py:840} INFO - DAG(s) 'latest_only_with_trigger' retrieved from /home/airflow/.local/lib/python3.12/site-packages/airflow/example_dags/example_latest_only_with_trigger.py
[2024-06-08T11:07:37.839+0000] {logging_mixin.py:188} INFO - [2024-06-08T11:07:37.839+0000] {dag.py:3096} INFO - Sync 1 DAGs
[2024-06-08T11:07:37.872+0000] {logging_mixin.py:188} INFO - [2024-06-08T11:07:37.872+0000] {dag.py:3954} INFO - Setting next_dagrun for latest_only_with_trigger to 2024-06-08 04:00:00+00:00, run_after=2024-06-08 08:00:00+00:00
[2024-06-08T11:07:37.898+0000] {processor.py:183} INFO - Processing /home/airflow/.local/lib/python3.12/site-packages/airflow/example_dags/example_latest_only_with_trigger.py took 0.116 seconds
[2024-06-08T12:08:38.769+0000] {processor.py:161} INFO - Started process (PID=63860) to work on /home/airflow/.local/lib/python3.12/site-packages/airflow/example_dags/example_latest_only_with_trigger.py
[2024-06-08T12:08:38.772+0000] {processor.py:830} INFO - Processing file /home/airflow/.local/lib/python3.12/site-packages/airflow/example_dags/example_latest_only_with_trigger.py for tasks to queue
[2024-06-08T12:08:38.775+0000] {logging_mixin.py:188} INFO - [2024-06-08T12:08:38.774+0000] {dagbag.py:545} INFO - Filling up the DagBag from /home/airflow/.local/lib/python3.12/site-packages/airflow/example_dags/example_latest_only_with_trigger.py
[2024-06-08T12:08:38.797+0000] {processor.py:840} INFO - DAG(s) 'latest_only_with_trigger' retrieved from /home/airflow/.local/lib/python3.12/site-packages/airflow/example_dags/example_latest_only_with_trigger.py
[2024-06-08T12:08:38.885+0000] {logging_mixin.py:188} INFO - [2024-06-08T12:08:38.884+0000] {dag.py:3096} INFO - Sync 1 DAGs
[2024-06-08T12:08:38.936+0000] {logging_mixin.py:188} INFO - [2024-06-08T12:08:38.934+0000] {dag.py:3954} INFO - Setting next_dagrun for latest_only_with_trigger to 2024-06-08 08:00:00+00:00, run_after=2024-06-08 12:00:00+00:00
[2024-06-08T12:08:38.980+0000] {processor.py:183} INFO - Processing /home/airflow/.local/lib/python3.12/site-packages/airflow/example_dags/example_latest_only_with_trigger.py took 0.223 seconds
[2024-06-08T12:09:09.417+0000] {processor.py:161} INFO - Started process (PID=63920) to work on /home/airflow/.local/lib/python3.12/site-packages/airflow/example_dags/example_latest_only_with_trigger.py
[2024-06-08T12:09:09.418+0000] {processor.py:830} INFO - Processing file /home/airflow/.local/lib/python3.12/site-packages/airflow/example_dags/example_latest_only_with_trigger.py for tasks to queue
[2024-06-08T12:09:09.420+0000] {logging_mixin.py:188} INFO - [2024-06-08T12:09:09.419+0000] {dagbag.py:545} INFO - Filling up the DagBag from /home/airflow/.local/lib/python3.12/site-packages/airflow/example_dags/example_latest_only_with_trigger.py
[2024-06-08T12:09:09.428+0000] {processor.py:840} INFO - DAG(s) 'latest_only_with_trigger' retrieved from /home/airflow/.local/lib/python3.12/site-packages/airflow/example_dags/example_latest_only_with_trigger.py
[2024-06-08T12:09:09.458+0000] {logging_mixin.py:188} INFO - [2024-06-08T12:09:09.457+0000] {dag.py:3096} INFO - Sync 1 DAGs
[2024-06-08T12:09:09.486+0000] {logging_mixin.py:188} INFO - [2024-06-08T12:09:09.486+0000] {dag.py:3954} INFO - Setting next_dagrun for latest_only_with_trigger to 2024-06-08 08:00:00+00:00, run_after=2024-06-08 12:00:00+00:00
[2024-06-08T12:09:09.510+0000] {processor.py:183} INFO - Processing /home/airflow/.local/lib/python3.12/site-packages/airflow/example_dags/example_latest_only_with_trigger.py took 0.100 seconds
[2024-06-08T13:09:59.949+0000] {processor.py:161} INFO - Started process (PID=63974) to work on /home/airflow/.local/lib/python3.12/site-packages/airflow/example_dags/example_latest_only_with_trigger.py
[2024-06-08T13:09:59.951+0000] {processor.py:830} INFO - Processing file /home/airflow/.local/lib/python3.12/site-packages/airflow/example_dags/example_latest_only_with_trigger.py for tasks to queue
[2024-06-08T13:09:59.952+0000] {logging_mixin.py:188} INFO - [2024-06-08T13:09:59.952+0000] {dagbag.py:545} INFO - Filling up the DagBag from /home/airflow/.local/lib/python3.12/site-packages/airflow/example_dags/example_latest_only_with_trigger.py
[2024-06-08T13:09:59.960+0000] {processor.py:840} INFO - DAG(s) 'latest_only_with_trigger' retrieved from /home/airflow/.local/lib/python3.12/site-packages/airflow/example_dags/example_latest_only_with_trigger.py
[2024-06-08T13:09:59.992+0000] {logging_mixin.py:188} INFO - [2024-06-08T13:09:59.992+0000] {dag.py:3096} INFO - Sync 1 DAGs
[2024-06-08T13:10:00.028+0000] {logging_mixin.py:188} INFO - [2024-06-08T13:10:00.027+0000] {dag.py:3954} INFO - Setting next_dagrun for latest_only_with_trigger to 2024-06-08 08:00:00+00:00, run_after=2024-06-08 12:00:00+00:00
[2024-06-08T13:10:00.051+0000] {processor.py:183} INFO - Processing /home/airflow/.local/lib/python3.12/site-packages/airflow/example_dags/example_latest_only_with_trigger.py took 0.110 seconds
[2024-06-08T14:10:56.760+0000] {processor.py:161} INFO - Started process (PID=64040) to work on /home/airflow/.local/lib/python3.12/site-packages/airflow/example_dags/example_latest_only_with_trigger.py
[2024-06-08T14:10:56.763+0000] {processor.py:830} INFO - Processing file /home/airflow/.local/lib/python3.12/site-packages/airflow/example_dags/example_latest_only_with_trigger.py for tasks to queue
[2024-06-08T14:10:56.766+0000] {logging_mixin.py:188} INFO - [2024-06-08T14:10:56.765+0000] {dagbag.py:545} INFO - Filling up the DagBag from /home/airflow/.local/lib/python3.12/site-packages/airflow/example_dags/example_latest_only_with_trigger.py
[2024-06-08T14:10:56.782+0000] {processor.py:840} INFO - DAG(s) 'latest_only_with_trigger' retrieved from /home/airflow/.local/lib/python3.12/site-packages/airflow/example_dags/example_latest_only_with_trigger.py
[2024-06-08T14:10:56.862+0000] {logging_mixin.py:188} INFO - [2024-06-08T14:10:56.861+0000] {dag.py:3096} INFO - Sync 1 DAGs
[2024-06-08T14:10:56.920+0000] {logging_mixin.py:188} INFO - [2024-06-08T14:10:56.919+0000] {dag.py:3954} INFO - Setting next_dagrun for latest_only_with_trigger to 2024-06-08 08:00:00+00:00, run_after=2024-06-08 12:00:00+00:00
[2024-06-08T14:10:56.977+0000] {processor.py:183} INFO - Processing /home/airflow/.local/lib/python3.12/site-packages/airflow/example_dags/example_latest_only_with_trigger.py took 0.233 seconds
[2024-06-08T14:11:27.502+0000] {processor.py:161} INFO - Started process (PID=64100) to work on /home/airflow/.local/lib/python3.12/site-packages/airflow/example_dags/example_latest_only_with_trigger.py
[2024-06-08T14:11:27.503+0000] {processor.py:830} INFO - Processing file /home/airflow/.local/lib/python3.12/site-packages/airflow/example_dags/example_latest_only_with_trigger.py for tasks to queue
[2024-06-08T14:11:27.505+0000] {logging_mixin.py:188} INFO - [2024-06-08T14:11:27.504+0000] {dagbag.py:545} INFO - Filling up the DagBag from /home/airflow/.local/lib/python3.12/site-packages/airflow/example_dags/example_latest_only_with_trigger.py
[2024-06-08T14:11:27.512+0000] {processor.py:840} INFO - DAG(s) 'latest_only_with_trigger' retrieved from /home/airflow/.local/lib/python3.12/site-packages/airflow/example_dags/example_latest_only_with_trigger.py
[2024-06-08T14:11:27.540+0000] {logging_mixin.py:188} INFO - [2024-06-08T14:11:27.540+0000] {dag.py:3096} INFO - Sync 1 DAGs
[2024-06-08T14:11:27.571+0000] {logging_mixin.py:188} INFO - [2024-06-08T14:11:27.571+0000] {dag.py:3954} INFO - Setting next_dagrun for latest_only_with_trigger to 2024-06-08 08:00:00+00:00, run_after=2024-06-08 12:00:00+00:00
[2024-06-08T14:11:27.595+0000] {processor.py:183} INFO - Processing /home/airflow/.local/lib/python3.12/site-packages/airflow/example_dags/example_latest_only_with_trigger.py took 0.101 seconds
[2024-06-08T15:12:11.860+0000] {processor.py:161} INFO - Started process (PID=64154) to work on /home/airflow/.local/lib/python3.12/site-packages/airflow/example_dags/example_latest_only_with_trigger.py
[2024-06-08T15:12:11.862+0000] {processor.py:830} INFO - Processing file /home/airflow/.local/lib/python3.12/site-packages/airflow/example_dags/example_latest_only_with_trigger.py for tasks to queue
[2024-06-08T15:12:11.863+0000] {logging_mixin.py:188} INFO - [2024-06-08T15:12:11.863+0000] {dagbag.py:545} INFO - Filling up the DagBag from /home/airflow/.local/lib/python3.12/site-packages/airflow/example_dags/example_latest_only_with_trigger.py
[2024-06-08T15:12:11.871+0000] {processor.py:840} INFO - DAG(s) 'latest_only_with_trigger' retrieved from /home/airflow/.local/lib/python3.12/site-packages/airflow/example_dags/example_latest_only_with_trigger.py
[2024-06-08T15:12:11.919+0000] {logging_mixin.py:188} INFO - [2024-06-08T15:12:11.918+0000] {dag.py:3096} INFO - Sync 1 DAGs
[2024-06-08T15:12:11.961+0000] {logging_mixin.py:188} INFO - [2024-06-08T15:12:11.961+0000] {dag.py:3954} INFO - Setting next_dagrun for latest_only_with_trigger to 2024-06-08 08:00:00+00:00, run_after=2024-06-08 12:00:00+00:00
[2024-06-08T15:12:11.996+0000] {processor.py:183} INFO - Processing /home/airflow/.local/lib/python3.12/site-packages/airflow/example_dags/example_latest_only_with_trigger.py took 0.143 seconds
[2024-06-08T16:13:14.184+0000] {processor.py:161} INFO - Started process (PID=64220) to work on /home/airflow/.local/lib/python3.12/site-packages/airflow/example_dags/example_latest_only_with_trigger.py
[2024-06-08T16:13:14.186+0000] {processor.py:830} INFO - Processing file /home/airflow/.local/lib/python3.12/site-packages/airflow/example_dags/example_latest_only_with_trigger.py for tasks to queue
[2024-06-08T16:13:14.188+0000] {logging_mixin.py:188} INFO - [2024-06-08T16:13:14.187+0000] {dagbag.py:545} INFO - Filling up the DagBag from /home/airflow/.local/lib/python3.12/site-packages/airflow/example_dags/example_latest_only_with_trigger.py
[2024-06-08T16:13:14.201+0000] {processor.py:840} INFO - DAG(s) 'latest_only_with_trigger' retrieved from /home/airflow/.local/lib/python3.12/site-packages/airflow/example_dags/example_latest_only_with_trigger.py
[2024-06-08T16:13:14.265+0000] {logging_mixin.py:188} INFO - [2024-06-08T16:13:14.264+0000] {dag.py:3096} INFO - Sync 1 DAGs
[2024-06-08T16:13:14.316+0000] {logging_mixin.py:188} INFO - [2024-06-08T16:13:14.315+0000] {dag.py:3954} INFO - Setting next_dagrun for latest_only_with_trigger to 2024-06-08 12:00:00+00:00, run_after=2024-06-08 16:00:00+00:00
[2024-06-08T16:13:14.367+0000] {processor.py:183} INFO - Processing /home/airflow/.local/lib/python3.12/site-packages/airflow/example_dags/example_latest_only_with_trigger.py took 0.195 seconds
[2024-06-08T16:13:55.398+0000] {processor.py:161} INFO - Started process (PID=64280) to work on /home/airflow/.local/lib/python3.12/site-packages/airflow/example_dags/example_latest_only_with_trigger.py
[2024-06-08T16:13:55.400+0000] {processor.py:830} INFO - Processing file /home/airflow/.local/lib/python3.12/site-packages/airflow/example_dags/example_latest_only_with_trigger.py for tasks to queue
[2024-06-08T16:13:55.402+0000] {logging_mixin.py:188} INFO - [2024-06-08T16:13:55.401+0000] {dagbag.py:545} INFO - Filling up the DagBag from /home/airflow/.local/lib/python3.12/site-packages/airflow/example_dags/example_latest_only_with_trigger.py
[2024-06-08T16:13:55.414+0000] {processor.py:840} INFO - DAG(s) 'latest_only_with_trigger' retrieved from /home/airflow/.local/lib/python3.12/site-packages/airflow/example_dags/example_latest_only_with_trigger.py
[2024-06-08T16:13:55.455+0000] {logging_mixin.py:188} INFO - [2024-06-08T16:13:55.454+0000] {dag.py:3096} INFO - Sync 1 DAGs
[2024-06-08T16:13:55.495+0000] {logging_mixin.py:188} INFO - [2024-06-08T16:13:55.494+0000] {dag.py:3954} INFO - Setting next_dagrun for latest_only_with_trigger to 2024-06-08 12:00:00+00:00, run_after=2024-06-08 16:00:00+00:00
[2024-06-08T16:13:55.528+0000] {processor.py:183} INFO - Processing /home/airflow/.local/lib/python3.12/site-packages/airflow/example_dags/example_latest_only_with_trigger.py took 0.142 seconds
[2024-06-08T17:14:34.627+0000] {processor.py:161} INFO - Started process (PID=64334) to work on /home/airflow/.local/lib/python3.12/site-packages/airflow/example_dags/example_latest_only_with_trigger.py
[2024-06-08T17:14:34.628+0000] {processor.py:830} INFO - Processing file /home/airflow/.local/lib/python3.12/site-packages/airflow/example_dags/example_latest_only_with_trigger.py for tasks to queue
[2024-06-08T17:14:34.630+0000] {logging_mixin.py:188} INFO - [2024-06-08T17:14:34.630+0000] {dagbag.py:545} INFO - Filling up the DagBag from /home/airflow/.local/lib/python3.12/site-packages/airflow/example_dags/example_latest_only_with_trigger.py
[2024-06-08T17:14:34.641+0000] {processor.py:840} INFO - DAG(s) 'latest_only_with_trigger' retrieved from /home/airflow/.local/lib/python3.12/site-packages/airflow/example_dags/example_latest_only_with_trigger.py
[2024-06-08T17:14:34.671+0000] {logging_mixin.py:188} INFO - [2024-06-08T17:14:34.671+0000] {dag.py:3096} INFO - Sync 1 DAGs
[2024-06-08T17:14:34.701+0000] {logging_mixin.py:188} INFO - [2024-06-08T17:14:34.701+0000] {dag.py:3954} INFO - Setting next_dagrun for latest_only_with_trigger to 2024-06-08 12:00:00+00:00, run_after=2024-06-08 16:00:00+00:00
[2024-06-08T17:14:34.724+0000] {processor.py:183} INFO - Processing /home/airflow/.local/lib/python3.12/site-packages/airflow/example_dags/example_latest_only_with_trigger.py took 0.107 seconds
[2024-06-08T18:08:40.695+0000] {processor.py:161} INFO - Started process (PID=64394) to work on /home/airflow/.local/lib/python3.12/site-packages/airflow/example_dags/example_latest_only_with_trigger.py
[2024-06-08T18:08:40.703+0000] {processor.py:830} INFO - Processing file /home/airflow/.local/lib/python3.12/site-packages/airflow/example_dags/example_latest_only_with_trigger.py for tasks to queue
[2024-06-08T18:08:40.705+0000] {logging_mixin.py:188} INFO - [2024-06-08T18:08:40.704+0000] {dagbag.py:545} INFO - Filling up the DagBag from /home/airflow/.local/lib/python3.12/site-packages/airflow/example_dags/example_latest_only_with_trigger.py
[2024-06-08T18:08:40.721+0000] {processor.py:840} INFO - DAG(s) 'latest_only_with_trigger' retrieved from /home/airflow/.local/lib/python3.12/site-packages/airflow/example_dags/example_latest_only_with_trigger.py
[2024-06-08T18:08:40.772+0000] {logging_mixin.py:188} INFO - [2024-06-08T18:08:40.772+0000] {dag.py:3096} INFO - Sync 1 DAGs
[2024-06-08T18:08:40.842+0000] {logging_mixin.py:188} INFO - [2024-06-08T18:08:40.841+0000] {dag.py:3954} INFO - Setting next_dagrun for latest_only_with_trigger to 2024-06-08 12:00:00+00:00, run_after=2024-06-08 16:00:00+00:00
[2024-06-08T18:08:40.893+0000] {processor.py:183} INFO - Processing /home/airflow/.local/lib/python3.12/site-packages/airflow/example_dags/example_latest_only_with_trigger.py took 0.213 seconds
[2024-06-08T18:15:50.085+0000] {processor.py:161} INFO - Started process (PID=64454) to work on /home/airflow/.local/lib/python3.12/site-packages/airflow/example_dags/example_latest_only_with_trigger.py
[2024-06-08T18:15:50.086+0000] {processor.py:830} INFO - Processing file /home/airflow/.local/lib/python3.12/site-packages/airflow/example_dags/example_latest_only_with_trigger.py for tasks to queue
[2024-06-08T18:15:50.088+0000] {logging_mixin.py:188} INFO - [2024-06-08T18:15:50.087+0000] {dagbag.py:545} INFO - Filling up the DagBag from /home/airflow/.local/lib/python3.12/site-packages/airflow/example_dags/example_latest_only_with_trigger.py
[2024-06-08T18:15:50.098+0000] {processor.py:840} INFO - DAG(s) 'latest_only_with_trigger' retrieved from /home/airflow/.local/lib/python3.12/site-packages/airflow/example_dags/example_latest_only_with_trigger.py
[2024-06-08T18:15:50.126+0000] {logging_mixin.py:188} INFO - [2024-06-08T18:15:50.126+0000] {dag.py:3096} INFO - Sync 1 DAGs
[2024-06-08T18:15:50.161+0000] {logging_mixin.py:188} INFO - [2024-06-08T18:15:50.161+0000] {dag.py:3954} INFO - Setting next_dagrun for latest_only_with_trigger to 2024-06-08 12:00:00+00:00, run_after=2024-06-08 16:00:00+00:00
[2024-06-08T18:15:50.183+0000] {processor.py:183} INFO - Processing /home/airflow/.local/lib/python3.12/site-packages/airflow/example_dags/example_latest_only_with_trigger.py took 0.106 seconds
[2024-06-08T18:52:17.084+0000] {processor.py:161} INFO - Started process (PID=64514) to work on /home/airflow/.local/lib/python3.12/site-packages/airflow/example_dags/example_latest_only_with_trigger.py
[2024-06-08T18:52:17.086+0000] {processor.py:830} INFO - Processing file /home/airflow/.local/lib/python3.12/site-packages/airflow/example_dags/example_latest_only_with_trigger.py for tasks to queue
[2024-06-08T18:52:17.087+0000] {logging_mixin.py:188} INFO - [2024-06-08T18:52:17.087+0000] {dagbag.py:545} INFO - Filling up the DagBag from /home/airflow/.local/lib/python3.12/site-packages/airflow/example_dags/example_latest_only_with_trigger.py
[2024-06-08T18:52:17.095+0000] {processor.py:840} INFO - DAG(s) 'latest_only_with_trigger' retrieved from /home/airflow/.local/lib/python3.12/site-packages/airflow/example_dags/example_latest_only_with_trigger.py
[2024-06-08T18:52:17.122+0000] {logging_mixin.py:188} INFO - [2024-06-08T18:52:17.122+0000] {dag.py:3096} INFO - Sync 1 DAGs
[2024-06-08T18:52:17.150+0000] {logging_mixin.py:188} INFO - [2024-06-08T18:52:17.149+0000] {dag.py:3954} INFO - Setting next_dagrun for latest_only_with_trigger to 2024-06-08 12:00:00+00:00, run_after=2024-06-08 16:00:00+00:00
[2024-06-08T18:52:17.174+0000] {processor.py:183} INFO - Processing /home/airflow/.local/lib/python3.12/site-packages/airflow/example_dags/example_latest_only_with_trigger.py took 0.097 seconds
[2024-06-08T18:52:52.625+0000] {processor.py:161} INFO - Started process (PID=64574) to work on /home/airflow/.local/lib/python3.12/site-packages/airflow/example_dags/example_latest_only_with_trigger.py
[2024-06-08T18:52:52.629+0000] {processor.py:830} INFO - Processing file /home/airflow/.local/lib/python3.12/site-packages/airflow/example_dags/example_latest_only_with_trigger.py for tasks to queue
[2024-06-08T18:52:52.634+0000] {logging_mixin.py:188} INFO - [2024-06-08T18:52:52.633+0000] {dagbag.py:545} INFO - Filling up the DagBag from /home/airflow/.local/lib/python3.12/site-packages/airflow/example_dags/example_latest_only_with_trigger.py
[2024-06-08T18:52:52.655+0000] {processor.py:840} INFO - DAG(s) 'latest_only_with_trigger' retrieved from /home/airflow/.local/lib/python3.12/site-packages/airflow/example_dags/example_latest_only_with_trigger.py
[2024-06-08T18:52:52.742+0000] {logging_mixin.py:188} INFO - [2024-06-08T18:52:52.741+0000] {dag.py:3096} INFO - Sync 1 DAGs
[2024-06-08T18:52:52.820+0000] {logging_mixin.py:188} INFO - [2024-06-08T18:52:52.820+0000] {dag.py:3954} INFO - Setting next_dagrun for latest_only_with_trigger to 2024-06-08 12:00:00+00:00, run_after=2024-06-08 16:00:00+00:00
[2024-06-08T18:52:52.869+0000] {processor.py:183} INFO - Processing /home/airflow/.local/lib/python3.12/site-packages/airflow/example_dags/example_latest_only_with_trigger.py took 0.263 seconds
[2024-06-08T19:12:40.942+0000] {processor.py:161} INFO - Started process (PID=64634) to work on /home/airflow/.local/lib/python3.12/site-packages/airflow/example_dags/example_latest_only_with_trigger.py
[2024-06-08T19:12:40.944+0000] {processor.py:830} INFO - Processing file /home/airflow/.local/lib/python3.12/site-packages/airflow/example_dags/example_latest_only_with_trigger.py for tasks to queue
[2024-06-08T19:12:40.946+0000] {logging_mixin.py:188} INFO - [2024-06-08T19:12:40.945+0000] {dagbag.py:545} INFO - Filling up the DagBag from /home/airflow/.local/lib/python3.12/site-packages/airflow/example_dags/example_latest_only_with_trigger.py
[2024-06-08T19:12:40.955+0000] {processor.py:840} INFO - DAG(s) 'latest_only_with_trigger' retrieved from /home/airflow/.local/lib/python3.12/site-packages/airflow/example_dags/example_latest_only_with_trigger.py
[2024-06-08T19:12:40.986+0000] {logging_mixin.py:188} INFO - [2024-06-08T19:12:40.985+0000] {dag.py:3096} INFO - Sync 1 DAGs
[2024-06-08T19:12:41.019+0000] {logging_mixin.py:188} INFO - [2024-06-08T19:12:41.019+0000] {dag.py:3954} INFO - Setting next_dagrun for latest_only_with_trigger to 2024-06-08 12:00:00+00:00, run_after=2024-06-08 16:00:00+00:00
[2024-06-08T19:12:41.046+0000] {processor.py:183} INFO - Processing /home/airflow/.local/lib/python3.12/site-packages/airflow/example_dags/example_latest_only_with_trigger.py took 0.113 seconds
[2024-06-08T19:16:54.326+0000] {processor.py:161} INFO - Started process (PID=64694) to work on /home/airflow/.local/lib/python3.12/site-packages/airflow/example_dags/example_latest_only_with_trigger.py
[2024-06-08T19:16:54.327+0000] {processor.py:830} INFO - Processing file /home/airflow/.local/lib/python3.12/site-packages/airflow/example_dags/example_latest_only_with_trigger.py for tasks to queue
[2024-06-08T19:16:54.329+0000] {logging_mixin.py:188} INFO - [2024-06-08T19:16:54.328+0000] {dagbag.py:545} INFO - Filling up the DagBag from /home/airflow/.local/lib/python3.12/site-packages/airflow/example_dags/example_latest_only_with_trigger.py
[2024-06-08T19:16:54.336+0000] {processor.py:840} INFO - DAG(s) 'latest_only_with_trigger' retrieved from /home/airflow/.local/lib/python3.12/site-packages/airflow/example_dags/example_latest_only_with_trigger.py
[2024-06-08T19:16:54.363+0000] {logging_mixin.py:188} INFO - [2024-06-08T19:16:54.363+0000] {dag.py:3096} INFO - Sync 1 DAGs
[2024-06-08T19:16:54.391+0000] {logging_mixin.py:188} INFO - [2024-06-08T19:16:54.391+0000] {dag.py:3954} INFO - Setting next_dagrun for latest_only_with_trigger to 2024-06-08 12:00:00+00:00, run_after=2024-06-08 16:00:00+00:00
[2024-06-08T19:16:54.421+0000] {processor.py:183} INFO - Processing /home/airflow/.local/lib/python3.12/site-packages/airflow/example_dags/example_latest_only_with_trigger.py took 0.103 seconds
[2024-06-08T20:17:52.226+0000] {processor.py:161} INFO - Started process (PID=64754) to work on /home/airflow/.local/lib/python3.12/site-packages/airflow/example_dags/example_latest_only_with_trigger.py
[2024-06-08T20:17:52.228+0000] {processor.py:830} INFO - Processing file /home/airflow/.local/lib/python3.12/site-packages/airflow/example_dags/example_latest_only_with_trigger.py for tasks to queue
[2024-06-08T20:17:52.230+0000] {logging_mixin.py:188} INFO - [2024-06-08T20:17:52.230+0000] {dagbag.py:545} INFO - Filling up the DagBag from /home/airflow/.local/lib/python3.12/site-packages/airflow/example_dags/example_latest_only_with_trigger.py
[2024-06-08T20:17:52.242+0000] {processor.py:840} INFO - DAG(s) 'latest_only_with_trigger' retrieved from /home/airflow/.local/lib/python3.12/site-packages/airflow/example_dags/example_latest_only_with_trigger.py
[2024-06-08T20:17:52.280+0000] {logging_mixin.py:188} INFO - [2024-06-08T20:17:52.279+0000] {dag.py:3096} INFO - Sync 1 DAGs
[2024-06-08T20:17:52.323+0000] {logging_mixin.py:188} INFO - [2024-06-08T20:17:52.322+0000] {dag.py:3954} INFO - Setting next_dagrun for latest_only_with_trigger to 2024-06-08 16:00:00+00:00, run_after=2024-06-08 20:00:00+00:00
[2024-06-08T20:17:52.357+0000] {processor.py:183} INFO - Processing /home/airflow/.local/lib/python3.12/site-packages/airflow/example_dags/example_latest_only_with_trigger.py took 0.143 seconds
[2024-06-08T20:18:34.675+0000] {processor.py:161} INFO - Started process (PID=64814) to work on /home/airflow/.local/lib/python3.12/site-packages/airflow/example_dags/example_latest_only_with_trigger.py
[2024-06-08T20:18:34.677+0000] {processor.py:830} INFO - Processing file /home/airflow/.local/lib/python3.12/site-packages/airflow/example_dags/example_latest_only_with_trigger.py for tasks to queue
[2024-06-08T20:18:34.679+0000] {logging_mixin.py:188} INFO - [2024-06-08T20:18:34.678+0000] {dagbag.py:545} INFO - Filling up the DagBag from /home/airflow/.local/lib/python3.12/site-packages/airflow/example_dags/example_latest_only_with_trigger.py
[2024-06-08T20:18:34.692+0000] {processor.py:840} INFO - DAG(s) 'latest_only_with_trigger' retrieved from /home/airflow/.local/lib/python3.12/site-packages/airflow/example_dags/example_latest_only_with_trigger.py
[2024-06-08T20:18:34.752+0000] {logging_mixin.py:188} INFO - [2024-06-08T20:18:34.751+0000] {dag.py:3096} INFO - Sync 1 DAGs
[2024-06-08T20:18:34.834+0000] {logging_mixin.py:188} INFO - [2024-06-08T20:18:34.833+0000] {dag.py:3954} INFO - Setting next_dagrun for latest_only_with_trigger to 2024-06-08 16:00:00+00:00, run_after=2024-06-08 20:00:00+00:00
[2024-06-08T20:18:34.900+0000] {processor.py:183} INFO - Processing /home/airflow/.local/lib/python3.12/site-packages/airflow/example_dags/example_latest_only_with_trigger.py took 0.237 seconds
