[2024-06-08T02:26:01.065+0000] {processor.py:161} INFO - Started process (PID=63209) to work on /home/airflow/.local/lib/python3.12/site-packages/airflow/example_dags/example_branch_operator_decorator.py
[2024-06-08T02:26:01.066+0000] {processor.py:830} INFO - Processing file /home/airflow/.local/lib/python3.12/site-packages/airflow/example_dags/example_branch_operator_decorator.py for tasks to queue
[2024-06-08T02:26:01.068+0000] {logging_mixin.py:188} INFO - [2024-06-08T02:26:01.067+0000] {dagbag.py:545} INFO - Filling up the DagBag from /home/airflow/.local/lib/python3.12/site-packages/airflow/example_dags/example_branch_operator_decorator.py
[2024-06-08T02:26:01.094+0000] {processor.py:840} INFO - DAG(s) 'example_branch_python_operator_decorator' retrieved from /home/airflow/.local/lib/python3.12/site-packages/airflow/example_dags/example_branch_operator_decorator.py
[2024-06-08T02:26:01.132+0000] {logging_mixin.py:188} INFO - [2024-06-08T02:26:01.132+0000] {dag.py:3096} INFO - Sync 1 DAGs
[2024-06-08T02:26:01.163+0000] {logging_mixin.py:188} INFO - [2024-06-08T02:26:01.162+0000] {dag.py:3954} INFO - Setting next_dagrun for example_branch_python_operator_decorator to 2024-06-07 00:00:00+00:00, run_after=2024-06-08 00:00:00+00:00
[2024-06-08T02:26:01.190+0000] {processor.py:183} INFO - Processing /home/airflow/.local/lib/python3.12/site-packages/airflow/example_dags/example_branch_operator_decorator.py took 0.133 seconds
[2024-06-08T02:26:34.345+0000] {processor.py:161} INFO - Started process (PID=63268) to work on /home/airflow/.local/lib/python3.12/site-packages/airflow/example_dags/example_branch_operator_decorator.py
[2024-06-08T02:26:34.346+0000] {processor.py:830} INFO - Processing file /home/airflow/.local/lib/python3.12/site-packages/airflow/example_dags/example_branch_operator_decorator.py for tasks to queue
[2024-06-08T02:26:34.348+0000] {logging_mixin.py:188} INFO - [2024-06-08T02:26:34.347+0000] {dagbag.py:545} INFO - Filling up the DagBag from /home/airflow/.local/lib/python3.12/site-packages/airflow/example_dags/example_branch_operator_decorator.py
[2024-06-08T02:26:34.379+0000] {processor.py:840} INFO - DAG(s) 'example_branch_python_operator_decorator' retrieved from /home/airflow/.local/lib/python3.12/site-packages/airflow/example_dags/example_branch_operator_decorator.py
[2024-06-08T02:26:34.446+0000] {logging_mixin.py:188} INFO - [2024-06-08T02:26:34.446+0000] {dag.py:3096} INFO - Sync 1 DAGs
[2024-06-08T02:26:34.495+0000] {logging_mixin.py:188} INFO - [2024-06-08T02:26:34.495+0000] {dag.py:3954} INFO - Setting next_dagrun for example_branch_python_operator_decorator to 2024-06-07 00:00:00+00:00, run_after=2024-06-08 00:00:00+00:00
[2024-06-08T02:26:34.527+0000] {processor.py:183} INFO - Processing /home/airflow/.local/lib/python3.12/site-packages/airflow/example_dags/example_branch_operator_decorator.py took 0.191 seconds
[2024-06-08T07:02:56.854+0000] {processor.py:161} INFO - Started process (PID=63322) to work on /home/airflow/.local/lib/python3.12/site-packages/airflow/example_dags/example_branch_operator_decorator.py
[2024-06-08T07:02:56.857+0000] {processor.py:830} INFO - Processing file /home/airflow/.local/lib/python3.12/site-packages/airflow/example_dags/example_branch_operator_decorator.py for tasks to queue
[2024-06-08T07:02:56.859+0000] {logging_mixin.py:188} INFO - [2024-06-08T07:02:56.858+0000] {dagbag.py:545} INFO - Filling up the DagBag from /home/airflow/.local/lib/python3.12/site-packages/airflow/example_dags/example_branch_operator_decorator.py
[2024-06-08T07:02:56.895+0000] {processor.py:840} INFO - DAG(s) 'example_branch_python_operator_decorator' retrieved from /home/airflow/.local/lib/python3.12/site-packages/airflow/example_dags/example_branch_operator_decorator.py
[2024-06-08T07:02:56.935+0000] {logging_mixin.py:188} INFO - [2024-06-08T07:02:56.934+0000] {dag.py:3096} INFO - Sync 1 DAGs
[2024-06-08T07:02:56.970+0000] {logging_mixin.py:188} INFO - [2024-06-08T07:02:56.970+0000] {dag.py:3954} INFO - Setting next_dagrun for example_branch_python_operator_decorator to 2024-06-07 00:00:00+00:00, run_after=2024-06-08 00:00:00+00:00
[2024-06-08T07:02:56.996+0000] {processor.py:183} INFO - Processing /home/airflow/.local/lib/python3.12/site-packages/airflow/example_dags/example_branch_operator_decorator.py took 0.153 seconds
[2024-06-08T07:15:55.835+0000] {processor.py:161} INFO - Started process (PID=63388) to work on /home/airflow/.local/lib/python3.12/site-packages/airflow/example_dags/example_branch_operator_decorator.py
[2024-06-08T07:15:55.836+0000] {processor.py:830} INFO - Processing file /home/airflow/.local/lib/python3.12/site-packages/airflow/example_dags/example_branch_operator_decorator.py for tasks to queue
[2024-06-08T07:15:55.838+0000] {logging_mixin.py:188} INFO - [2024-06-08T07:15:55.838+0000] {dagbag.py:545} INFO - Filling up the DagBag from /home/airflow/.local/lib/python3.12/site-packages/airflow/example_dags/example_branch_operator_decorator.py
[2024-06-08T07:15:55.880+0000] {processor.py:840} INFO - DAG(s) 'example_branch_python_operator_decorator' retrieved from /home/airflow/.local/lib/python3.12/site-packages/airflow/example_dags/example_branch_operator_decorator.py
[2024-06-08T07:15:55.950+0000] {logging_mixin.py:188} INFO - [2024-06-08T07:15:55.950+0000] {dag.py:3096} INFO - Sync 1 DAGs
[2024-06-08T07:15:55.992+0000] {logging_mixin.py:188} INFO - [2024-06-08T07:15:55.991+0000] {dag.py:3954} INFO - Setting next_dagrun for example_branch_python_operator_decorator to 2024-06-07 00:00:00+00:00, run_after=2024-06-08 00:00:00+00:00
[2024-06-08T07:15:56.023+0000] {processor.py:183} INFO - Processing /home/airflow/.local/lib/python3.12/site-packages/airflow/example_dags/example_branch_operator_decorator.py took 0.199 seconds
[2024-06-08T08:04:11.838+0000] {processor.py:161} INFO - Started process (PID=63448) to work on /home/airflow/.local/lib/python3.12/site-packages/airflow/example_dags/example_branch_operator_decorator.py
[2024-06-08T08:04:11.840+0000] {processor.py:830} INFO - Processing file /home/airflow/.local/lib/python3.12/site-packages/airflow/example_dags/example_branch_operator_decorator.py for tasks to queue
[2024-06-08T08:04:11.842+0000] {logging_mixin.py:188} INFO - [2024-06-08T08:04:11.841+0000] {dagbag.py:545} INFO - Filling up the DagBag from /home/airflow/.local/lib/python3.12/site-packages/airflow/example_dags/example_branch_operator_decorator.py
[2024-06-08T08:04:11.879+0000] {processor.py:840} INFO - DAG(s) 'example_branch_python_operator_decorator' retrieved from /home/airflow/.local/lib/python3.12/site-packages/airflow/example_dags/example_branch_operator_decorator.py
[2024-06-08T08:04:11.937+0000] {logging_mixin.py:188} INFO - [2024-06-08T08:04:11.936+0000] {dag.py:3096} INFO - Sync 1 DAGs
[2024-06-08T08:04:11.978+0000] {logging_mixin.py:188} INFO - [2024-06-08T08:04:11.978+0000] {dag.py:3954} INFO - Setting next_dagrun for example_branch_python_operator_decorator to 2024-06-07 00:00:00+00:00, run_after=2024-06-08 00:00:00+00:00
[2024-06-08T08:04:12.013+0000] {processor.py:183} INFO - Processing /home/airflow/.local/lib/python3.12/site-packages/airflow/example_dags/example_branch_operator_decorator.py took 0.186 seconds
[2024-06-08T09:05:11.055+0000] {processor.py:161} INFO - Started process (PID=63508) to work on /home/airflow/.local/lib/python3.12/site-packages/airflow/example_dags/example_branch_operator_decorator.py
[2024-06-08T09:05:11.057+0000] {processor.py:830} INFO - Processing file /home/airflow/.local/lib/python3.12/site-packages/airflow/example_dags/example_branch_operator_decorator.py for tasks to queue
[2024-06-08T09:05:11.060+0000] {logging_mixin.py:188} INFO - [2024-06-08T09:05:11.059+0000] {dagbag.py:545} INFO - Filling up the DagBag from /home/airflow/.local/lib/python3.12/site-packages/airflow/example_dags/example_branch_operator_decorator.py
[2024-06-08T09:05:11.117+0000] {processor.py:840} INFO - DAG(s) 'example_branch_python_operator_decorator' retrieved from /home/airflow/.local/lib/python3.12/site-packages/airflow/example_dags/example_branch_operator_decorator.py
[2024-06-08T09:05:11.217+0000] {logging_mixin.py:188} INFO - [2024-06-08T09:05:11.216+0000] {dag.py:3096} INFO - Sync 1 DAGs
[2024-06-08T09:05:11.275+0000] {logging_mixin.py:188} INFO - [2024-06-08T09:05:11.275+0000] {dag.py:3954} INFO - Setting next_dagrun for example_branch_python_operator_decorator to 2024-06-07 00:00:00+00:00, run_after=2024-06-08 00:00:00+00:00
[2024-06-08T09:05:11.323+0000] {processor.py:183} INFO - Processing /home/airflow/.local/lib/python3.12/site-packages/airflow/example_dags/example_branch_operator_decorator.py took 0.280 seconds
[2024-06-08T09:05:52.341+0000] {processor.py:161} INFO - Started process (PID=63568) to work on /home/airflow/.local/lib/python3.12/site-packages/airflow/example_dags/example_branch_operator_decorator.py
[2024-06-08T09:05:52.343+0000] {processor.py:830} INFO - Processing file /home/airflow/.local/lib/python3.12/site-packages/airflow/example_dags/example_branch_operator_decorator.py for tasks to queue
[2024-06-08T09:05:52.345+0000] {logging_mixin.py:188} INFO - [2024-06-08T09:05:52.344+0000] {dagbag.py:545} INFO - Filling up the DagBag from /home/airflow/.local/lib/python3.12/site-packages/airflow/example_dags/example_branch_operator_decorator.py
[2024-06-08T09:05:52.391+0000] {processor.py:840} INFO - DAG(s) 'example_branch_python_operator_decorator' retrieved from /home/airflow/.local/lib/python3.12/site-packages/airflow/example_dags/example_branch_operator_decorator.py
[2024-06-08T09:05:52.453+0000] {logging_mixin.py:188} INFO - [2024-06-08T09:05:52.453+0000] {dag.py:3096} INFO - Sync 1 DAGs
[2024-06-08T09:05:52.530+0000] {logging_mixin.py:188} INFO - [2024-06-08T09:05:52.529+0000] {dag.py:3954} INFO - Setting next_dagrun for example_branch_python_operator_decorator to 2024-06-07 00:00:00+00:00, run_after=2024-06-08 00:00:00+00:00
[2024-06-08T09:05:52.586+0000] {processor.py:183} INFO - Processing /home/airflow/.local/lib/python3.12/site-packages/airflow/example_dags/example_branch_operator_decorator.py took 0.255 seconds
[2024-06-08T10:06:33.203+0000] {processor.py:161} INFO - Started process (PID=63628) to work on /home/airflow/.local/lib/python3.12/site-packages/airflow/example_dags/example_branch_operator_decorator.py
[2024-06-08T10:06:33.206+0000] {processor.py:830} INFO - Processing file /home/airflow/.local/lib/python3.12/site-packages/airflow/example_dags/example_branch_operator_decorator.py for tasks to queue
[2024-06-08T10:06:33.208+0000] {logging_mixin.py:188} INFO - [2024-06-08T10:06:33.207+0000] {dagbag.py:545} INFO - Filling up the DagBag from /home/airflow/.local/lib/python3.12/site-packages/airflow/example_dags/example_branch_operator_decorator.py
[2024-06-08T10:06:33.235+0000] {processor.py:840} INFO - DAG(s) 'example_branch_python_operator_decorator' retrieved from /home/airflow/.local/lib/python3.12/site-packages/airflow/example_dags/example_branch_operator_decorator.py
[2024-06-08T10:06:33.276+0000] {logging_mixin.py:188} INFO - [2024-06-08T10:06:33.275+0000] {dag.py:3096} INFO - Sync 1 DAGs
[2024-06-08T10:06:33.304+0000] {logging_mixin.py:188} INFO - [2024-06-08T10:06:33.304+0000] {dag.py:3954} INFO - Setting next_dagrun for example_branch_python_operator_decorator to 2024-06-07 00:00:00+00:00, run_after=2024-06-08 00:00:00+00:00
[2024-06-08T10:06:33.329+0000] {processor.py:183} INFO - Processing /home/airflow/.local/lib/python3.12/site-packages/airflow/example_dags/example_branch_operator_decorator.py took 0.133 seconds
[2024-06-08T10:39:06.491+0000] {processor.py:161} INFO - Started process (PID=63688) to work on /home/airflow/.local/lib/python3.12/site-packages/airflow/example_dags/example_branch_operator_decorator.py
[2024-06-08T10:39:06.493+0000] {processor.py:830} INFO - Processing file /home/airflow/.local/lib/python3.12/site-packages/airflow/example_dags/example_branch_operator_decorator.py for tasks to queue
[2024-06-08T10:39:06.495+0000] {logging_mixin.py:188} INFO - [2024-06-08T10:39:06.495+0000] {dagbag.py:545} INFO - Filling up the DagBag from /home/airflow/.local/lib/python3.12/site-packages/airflow/example_dags/example_branch_operator_decorator.py
[2024-06-08T10:39:06.542+0000] {processor.py:840} INFO - DAG(s) 'example_branch_python_operator_decorator' retrieved from /home/airflow/.local/lib/python3.12/site-packages/airflow/example_dags/example_branch_operator_decorator.py
[2024-06-08T10:39:06.632+0000] {logging_mixin.py:188} INFO - [2024-06-08T10:39:06.631+0000] {dag.py:3096} INFO - Sync 1 DAGs
[2024-06-08T10:39:06.710+0000] {logging_mixin.py:188} INFO - [2024-06-08T10:39:06.710+0000] {dag.py:3954} INFO - Setting next_dagrun for example_branch_python_operator_decorator to 2024-06-07 00:00:00+00:00, run_after=2024-06-08 00:00:00+00:00
[2024-06-08T10:39:06.751+0000] {processor.py:183} INFO - Processing /home/airflow/.local/lib/python3.12/site-packages/airflow/example_dags/example_branch_operator_decorator.py took 0.270 seconds
[2024-06-08T10:39:37.124+0000] {processor.py:161} INFO - Started process (PID=63748) to work on /home/airflow/.local/lib/python3.12/site-packages/airflow/example_dags/example_branch_operator_decorator.py
[2024-06-08T10:39:37.125+0000] {processor.py:830} INFO - Processing file /home/airflow/.local/lib/python3.12/site-packages/airflow/example_dags/example_branch_operator_decorator.py for tasks to queue
[2024-06-08T10:39:37.127+0000] {logging_mixin.py:188} INFO - [2024-06-08T10:39:37.126+0000] {dagbag.py:545} INFO - Filling up the DagBag from /home/airflow/.local/lib/python3.12/site-packages/airflow/example_dags/example_branch_operator_decorator.py
[2024-06-08T10:39:46.184+0000] {processor.py:840} INFO - DAG(s) 'example_branch_python_operator_decorator' retrieved from /home/airflow/.local/lib/python3.12/site-packages/airflow/example_dags/example_branch_operator_decorator.py
[2024-06-08T10:39:47.324+0000] {logging_mixin.py:188} INFO - [2024-06-08T10:39:47.321+0000] {dag.py:3096} INFO - Sync 1 DAGs
[2024-06-08T10:39:47.533+0000] {logging_mixin.py:188} INFO - [2024-06-08T10:39:47.531+0000] {dag.py:3954} INFO - Setting next_dagrun for example_branch_python_operator_decorator to 2024-06-07 00:00:00+00:00, run_after=2024-06-08 00:00:00+00:00
[2024-06-08T10:39:47.614+0000] {processor.py:183} INFO - Processing /home/airflow/.local/lib/python3.12/site-packages/airflow/example_dags/example_branch_operator_decorator.py took 10.499 seconds
[2024-06-08T11:07:38.400+0000] {processor.py:161} INFO - Started process (PID=63802) to work on /home/airflow/.local/lib/python3.12/site-packages/airflow/example_dags/example_branch_operator_decorator.py
[2024-06-08T11:07:38.401+0000] {processor.py:830} INFO - Processing file /home/airflow/.local/lib/python3.12/site-packages/airflow/example_dags/example_branch_operator_decorator.py for tasks to queue
[2024-06-08T11:07:38.402+0000] {logging_mixin.py:188} INFO - [2024-06-08T11:07:38.402+0000] {dagbag.py:545} INFO - Filling up the DagBag from /home/airflow/.local/lib/python3.12/site-packages/airflow/example_dags/example_branch_operator_decorator.py
[2024-06-08T11:07:38.435+0000] {processor.py:840} INFO - DAG(s) 'example_branch_python_operator_decorator' retrieved from /home/airflow/.local/lib/python3.12/site-packages/airflow/example_dags/example_branch_operator_decorator.py
[2024-06-08T11:07:38.480+0000] {logging_mixin.py:188} INFO - [2024-06-08T11:07:38.480+0000] {dag.py:3096} INFO - Sync 1 DAGs
[2024-06-08T11:07:38.513+0000] {logging_mixin.py:188} INFO - [2024-06-08T11:07:38.513+0000] {dag.py:3954} INFO - Setting next_dagrun for example_branch_python_operator_decorator to 2024-06-07 00:00:00+00:00, run_after=2024-06-08 00:00:00+00:00
[2024-06-08T11:07:38.538+0000] {processor.py:183} INFO - Processing /home/airflow/.local/lib/python3.12/site-packages/airflow/example_dags/example_branch_operator_decorator.py took 0.146 seconds
[2024-06-08T12:08:39.858+0000] {processor.py:161} INFO - Started process (PID=63869) to work on /home/airflow/.local/lib/python3.12/site-packages/airflow/example_dags/example_branch_operator_decorator.py
[2024-06-08T12:08:39.860+0000] {processor.py:830} INFO - Processing file /home/airflow/.local/lib/python3.12/site-packages/airflow/example_dags/example_branch_operator_decorator.py for tasks to queue
[2024-06-08T12:08:39.861+0000] {logging_mixin.py:188} INFO - [2024-06-08T12:08:39.860+0000] {dagbag.py:545} INFO - Filling up the DagBag from /home/airflow/.local/lib/python3.12/site-packages/airflow/example_dags/example_branch_operator_decorator.py
[2024-06-08T12:08:39.895+0000] {processor.py:840} INFO - DAG(s) 'example_branch_python_operator_decorator' retrieved from /home/airflow/.local/lib/python3.12/site-packages/airflow/example_dags/example_branch_operator_decorator.py
[2024-06-08T12:08:39.961+0000] {logging_mixin.py:188} INFO - [2024-06-08T12:08:39.961+0000] {dag.py:3096} INFO - Sync 1 DAGs
[2024-06-08T12:08:40.013+0000] {logging_mixin.py:188} INFO - [2024-06-08T12:08:40.012+0000] {dag.py:3954} INFO - Setting next_dagrun for example_branch_python_operator_decorator to 2024-06-07 00:00:00+00:00, run_after=2024-06-08 00:00:00+00:00
[2024-06-08T12:08:40.048+0000] {processor.py:183} INFO - Processing /home/airflow/.local/lib/python3.12/site-packages/airflow/example_dags/example_branch_operator_decorator.py took 0.199 seconds
[2024-06-08T12:09:20.140+0000] {processor.py:161} INFO - Started process (PID=63929) to work on /home/airflow/.local/lib/python3.12/site-packages/airflow/example_dags/example_branch_operator_decorator.py
[2024-06-08T12:09:20.144+0000] {processor.py:830} INFO - Processing file /home/airflow/.local/lib/python3.12/site-packages/airflow/example_dags/example_branch_operator_decorator.py for tasks to queue
[2024-06-08T12:09:20.147+0000] {logging_mixin.py:188} INFO - [2024-06-08T12:09:20.145+0000] {dagbag.py:545} INFO - Filling up the DagBag from /home/airflow/.local/lib/python3.12/site-packages/airflow/example_dags/example_branch_operator_decorator.py
[2024-06-08T12:09:20.234+0000] {processor.py:840} INFO - DAG(s) 'example_branch_python_operator_decorator' retrieved from /home/airflow/.local/lib/python3.12/site-packages/airflow/example_dags/example_branch_operator_decorator.py
[2024-06-08T12:09:20.360+0000] {logging_mixin.py:188} INFO - [2024-06-08T12:09:20.359+0000] {dag.py:3096} INFO - Sync 1 DAGs
[2024-06-08T12:09:20.429+0000] {logging_mixin.py:188} INFO - [2024-06-08T12:09:20.428+0000] {dag.py:3954} INFO - Setting next_dagrun for example_branch_python_operator_decorator to 2024-06-07 00:00:00+00:00, run_after=2024-06-08 00:00:00+00:00
[2024-06-08T12:09:20.498+0000] {processor.py:183} INFO - Processing /home/airflow/.local/lib/python3.12/site-packages/airflow/example_dags/example_branch_operator_decorator.py took 0.372 seconds
[2024-06-08T13:10:00.655+0000] {processor.py:161} INFO - Started process (PID=63983) to work on /home/airflow/.local/lib/python3.12/site-packages/airflow/example_dags/example_branch_operator_decorator.py
[2024-06-08T13:10:00.657+0000] {processor.py:830} INFO - Processing file /home/airflow/.local/lib/python3.12/site-packages/airflow/example_dags/example_branch_operator_decorator.py for tasks to queue
[2024-06-08T13:10:00.659+0000] {logging_mixin.py:188} INFO - [2024-06-08T13:10:00.658+0000] {dagbag.py:545} INFO - Filling up the DagBag from /home/airflow/.local/lib/python3.12/site-packages/airflow/example_dags/example_branch_operator_decorator.py
[2024-06-08T13:10:00.695+0000] {processor.py:840} INFO - DAG(s) 'example_branch_python_operator_decorator' retrieved from /home/airflow/.local/lib/python3.12/site-packages/airflow/example_dags/example_branch_operator_decorator.py
[2024-06-08T13:10:00.753+0000] {logging_mixin.py:188} INFO - [2024-06-08T13:10:00.753+0000] {dag.py:3096} INFO - Sync 1 DAGs
[2024-06-08T13:10:00.787+0000] {logging_mixin.py:188} INFO - [2024-06-08T13:10:00.787+0000] {dag.py:3954} INFO - Setting next_dagrun for example_branch_python_operator_decorator to 2024-06-07 00:00:00+00:00, run_after=2024-06-08 00:00:00+00:00
[2024-06-08T13:10:00.813+0000] {processor.py:183} INFO - Processing /home/airflow/.local/lib/python3.12/site-packages/airflow/example_dags/example_branch_operator_decorator.py took 0.166 seconds
[2024-06-08T14:10:58.053+0000] {processor.py:161} INFO - Started process (PID=64049) to work on /home/airflow/.local/lib/python3.12/site-packages/airflow/example_dags/example_branch_operator_decorator.py
[2024-06-08T14:10:58.055+0000] {processor.py:830} INFO - Processing file /home/airflow/.local/lib/python3.12/site-packages/airflow/example_dags/example_branch_operator_decorator.py for tasks to queue
[2024-06-08T14:10:58.058+0000] {logging_mixin.py:188} INFO - [2024-06-08T14:10:58.058+0000] {dagbag.py:545} INFO - Filling up the DagBag from /home/airflow/.local/lib/python3.12/site-packages/airflow/example_dags/example_branch_operator_decorator.py
[2024-06-08T14:10:58.105+0000] {processor.py:840} INFO - DAG(s) 'example_branch_python_operator_decorator' retrieved from /home/airflow/.local/lib/python3.12/site-packages/airflow/example_dags/example_branch_operator_decorator.py
[2024-06-08T14:10:58.188+0000] {logging_mixin.py:188} INFO - [2024-06-08T14:10:58.187+0000] {dag.py:3096} INFO - Sync 1 DAGs
[2024-06-08T14:10:58.240+0000] {logging_mixin.py:188} INFO - [2024-06-08T14:10:58.239+0000] {dag.py:3954} INFO - Setting next_dagrun for example_branch_python_operator_decorator to 2024-06-07 00:00:00+00:00, run_after=2024-06-08 00:00:00+00:00
[2024-06-08T14:10:58.279+0000] {processor.py:183} INFO - Processing /home/airflow/.local/lib/python3.12/site-packages/airflow/example_dags/example_branch_operator_decorator.py took 0.237 seconds
[2024-06-08T14:11:28.319+0000] {processor.py:161} INFO - Started process (PID=64109) to work on /home/airflow/.local/lib/python3.12/site-packages/airflow/example_dags/example_branch_operator_decorator.py
[2024-06-08T14:11:28.321+0000] {processor.py:830} INFO - Processing file /home/airflow/.local/lib/python3.12/site-packages/airflow/example_dags/example_branch_operator_decorator.py for tasks to queue
[2024-06-08T14:11:28.322+0000] {logging_mixin.py:188} INFO - [2024-06-08T14:11:28.322+0000] {dagbag.py:545} INFO - Filling up the DagBag from /home/airflow/.local/lib/python3.12/site-packages/airflow/example_dags/example_branch_operator_decorator.py
[2024-06-08T14:11:28.349+0000] {processor.py:840} INFO - DAG(s) 'example_branch_python_operator_decorator' retrieved from /home/airflow/.local/lib/python3.12/site-packages/airflow/example_dags/example_branch_operator_decorator.py
[2024-06-08T14:11:28.387+0000] {logging_mixin.py:188} INFO - [2024-06-08T14:11:28.386+0000] {dag.py:3096} INFO - Sync 1 DAGs
[2024-06-08T14:11:28.416+0000] {logging_mixin.py:188} INFO - [2024-06-08T14:11:28.416+0000] {dag.py:3954} INFO - Setting next_dagrun for example_branch_python_operator_decorator to 2024-06-07 00:00:00+00:00, run_after=2024-06-08 00:00:00+00:00
[2024-06-08T14:11:28.439+0000] {processor.py:183} INFO - Processing /home/airflow/.local/lib/python3.12/site-packages/airflow/example_dags/example_branch_operator_decorator.py took 0.128 seconds
[2024-06-08T15:12:12.609+0000] {processor.py:161} INFO - Started process (PID=64163) to work on /home/airflow/.local/lib/python3.12/site-packages/airflow/example_dags/example_branch_operator_decorator.py
[2024-06-08T15:12:12.611+0000] {processor.py:830} INFO - Processing file /home/airflow/.local/lib/python3.12/site-packages/airflow/example_dags/example_branch_operator_decorator.py for tasks to queue
[2024-06-08T15:12:12.612+0000] {logging_mixin.py:188} INFO - [2024-06-08T15:12:12.611+0000] {dagbag.py:545} INFO - Filling up the DagBag from /home/airflow/.local/lib/python3.12/site-packages/airflow/example_dags/example_branch_operator_decorator.py
[2024-06-08T15:12:12.639+0000] {processor.py:840} INFO - DAG(s) 'example_branch_python_operator_decorator' retrieved from /home/airflow/.local/lib/python3.12/site-packages/airflow/example_dags/example_branch_operator_decorator.py
[2024-06-08T15:12:12.679+0000] {logging_mixin.py:188} INFO - [2024-06-08T15:12:12.679+0000] {dag.py:3096} INFO - Sync 1 DAGs
[2024-06-08T15:12:12.708+0000] {logging_mixin.py:188} INFO - [2024-06-08T15:12:12.708+0000] {dag.py:3954} INFO - Setting next_dagrun for example_branch_python_operator_decorator to 2024-06-07 00:00:00+00:00, run_after=2024-06-08 00:00:00+00:00
[2024-06-08T15:12:12.733+0000] {processor.py:183} INFO - Processing /home/airflow/.local/lib/python3.12/site-packages/airflow/example_dags/example_branch_operator_decorator.py took 0.131 seconds
[2024-06-08T16:13:15.284+0000] {processor.py:161} INFO - Started process (PID=64229) to work on /home/airflow/.local/lib/python3.12/site-packages/airflow/example_dags/example_branch_operator_decorator.py
[2024-06-08T16:13:15.286+0000] {processor.py:830} INFO - Processing file /home/airflow/.local/lib/python3.12/site-packages/airflow/example_dags/example_branch_operator_decorator.py for tasks to queue
[2024-06-08T16:13:15.288+0000] {logging_mixin.py:188} INFO - [2024-06-08T16:13:15.287+0000] {dagbag.py:545} INFO - Filling up the DagBag from /home/airflow/.local/lib/python3.12/site-packages/airflow/example_dags/example_branch_operator_decorator.py
[2024-06-08T16:13:15.331+0000] {processor.py:840} INFO - DAG(s) 'example_branch_python_operator_decorator' retrieved from /home/airflow/.local/lib/python3.12/site-packages/airflow/example_dags/example_branch_operator_decorator.py
[2024-06-08T16:13:15.384+0000] {logging_mixin.py:188} INFO - [2024-06-08T16:13:15.384+0000] {dag.py:3096} INFO - Sync 1 DAGs
[2024-06-08T16:13:15.423+0000] {logging_mixin.py:188} INFO - [2024-06-08T16:13:15.422+0000] {dag.py:3954} INFO - Setting next_dagrun for example_branch_python_operator_decorator to 2024-06-07 00:00:00+00:00, run_after=2024-06-08 00:00:00+00:00
[2024-06-08T16:13:15.456+0000] {processor.py:183} INFO - Processing /home/airflow/.local/lib/python3.12/site-packages/airflow/example_dags/example_branch_operator_decorator.py took 0.183 seconds
[2024-06-08T16:13:56.365+0000] {processor.py:161} INFO - Started process (PID=64289) to work on /home/airflow/.local/lib/python3.12/site-packages/airflow/example_dags/example_branch_operator_decorator.py
[2024-06-08T16:13:56.367+0000] {processor.py:830} INFO - Processing file /home/airflow/.local/lib/python3.12/site-packages/airflow/example_dags/example_branch_operator_decorator.py for tasks to queue
[2024-06-08T16:13:56.369+0000] {logging_mixin.py:188} INFO - [2024-06-08T16:13:56.368+0000] {dagbag.py:545} INFO - Filling up the DagBag from /home/airflow/.local/lib/python3.12/site-packages/airflow/example_dags/example_branch_operator_decorator.py
[2024-06-08T16:13:56.412+0000] {processor.py:840} INFO - DAG(s) 'example_branch_python_operator_decorator' retrieved from /home/airflow/.local/lib/python3.12/site-packages/airflow/example_dags/example_branch_operator_decorator.py
[2024-06-08T16:13:56.472+0000] {logging_mixin.py:188} INFO - [2024-06-08T16:13:56.472+0000] {dag.py:3096} INFO - Sync 1 DAGs
[2024-06-08T16:13:56.532+0000] {logging_mixin.py:188} INFO - [2024-06-08T16:13:56.531+0000] {dag.py:3954} INFO - Setting next_dagrun for example_branch_python_operator_decorator to 2024-06-07 00:00:00+00:00, run_after=2024-06-08 00:00:00+00:00
[2024-06-08T16:13:56.578+0000] {processor.py:183} INFO - Processing /home/airflow/.local/lib/python3.12/site-packages/airflow/example_dags/example_branch_operator_decorator.py took 0.224 seconds
[2024-06-08T17:14:35.315+0000] {processor.py:161} INFO - Started process (PID=64343) to work on /home/airflow/.local/lib/python3.12/site-packages/airflow/example_dags/example_branch_operator_decorator.py
[2024-06-08T17:14:35.316+0000] {processor.py:830} INFO - Processing file /home/airflow/.local/lib/python3.12/site-packages/airflow/example_dags/example_branch_operator_decorator.py for tasks to queue
[2024-06-08T17:14:35.318+0000] {logging_mixin.py:188} INFO - [2024-06-08T17:14:35.318+0000] {dagbag.py:545} INFO - Filling up the DagBag from /home/airflow/.local/lib/python3.12/site-packages/airflow/example_dags/example_branch_operator_decorator.py
[2024-06-08T17:14:35.358+0000] {processor.py:840} INFO - DAG(s) 'example_branch_python_operator_decorator' retrieved from /home/airflow/.local/lib/python3.12/site-packages/airflow/example_dags/example_branch_operator_decorator.py
[2024-06-08T17:14:35.400+0000] {logging_mixin.py:188} INFO - [2024-06-08T17:14:35.400+0000] {dag.py:3096} INFO - Sync 1 DAGs
[2024-06-08T17:14:35.430+0000] {logging_mixin.py:188} INFO - [2024-06-08T17:14:35.430+0000] {dag.py:3954} INFO - Setting next_dagrun for example_branch_python_operator_decorator to 2024-06-07 00:00:00+00:00, run_after=2024-06-08 00:00:00+00:00
[2024-06-08T17:14:35.454+0000] {processor.py:183} INFO - Processing /home/airflow/.local/lib/python3.12/site-packages/airflow/example_dags/example_branch_operator_decorator.py took 0.150 seconds
[2024-06-08T18:08:42.073+0000] {processor.py:161} INFO - Started process (PID=64403) to work on /home/airflow/.local/lib/python3.12/site-packages/airflow/example_dags/example_branch_operator_decorator.py
[2024-06-08T18:08:42.075+0000] {processor.py:830} INFO - Processing file /home/airflow/.local/lib/python3.12/site-packages/airflow/example_dags/example_branch_operator_decorator.py for tasks to queue
[2024-06-08T18:08:42.077+0000] {logging_mixin.py:188} INFO - [2024-06-08T18:08:42.077+0000] {dagbag.py:545} INFO - Filling up the DagBag from /home/airflow/.local/lib/python3.12/site-packages/airflow/example_dags/example_branch_operator_decorator.py
[2024-06-08T18:08:42.135+0000] {processor.py:840} INFO - DAG(s) 'example_branch_python_operator_decorator' retrieved from /home/airflow/.local/lib/python3.12/site-packages/airflow/example_dags/example_branch_operator_decorator.py
[2024-06-08T18:08:42.208+0000] {logging_mixin.py:188} INFO - [2024-06-08T18:08:42.208+0000] {dag.py:3096} INFO - Sync 1 DAGs
[2024-06-08T18:08:42.258+0000] {logging_mixin.py:188} INFO - [2024-06-08T18:08:42.258+0000] {dag.py:3954} INFO - Setting next_dagrun for example_branch_python_operator_decorator to 2024-06-07 00:00:00+00:00, run_after=2024-06-08 00:00:00+00:00
[2024-06-08T18:08:42.308+0000] {processor.py:183} INFO - Processing /home/airflow/.local/lib/python3.12/site-packages/airflow/example_dags/example_branch_operator_decorator.py took 0.247 seconds
[2024-06-08T18:15:50.811+0000] {processor.py:161} INFO - Started process (PID=64463) to work on /home/airflow/.local/lib/python3.12/site-packages/airflow/example_dags/example_branch_operator_decorator.py
[2024-06-08T18:15:50.812+0000] {processor.py:830} INFO - Processing file /home/airflow/.local/lib/python3.12/site-packages/airflow/example_dags/example_branch_operator_decorator.py for tasks to queue
[2024-06-08T18:15:50.816+0000] {logging_mixin.py:188} INFO - [2024-06-08T18:15:50.815+0000] {dagbag.py:545} INFO - Filling up the DagBag from /home/airflow/.local/lib/python3.12/site-packages/airflow/example_dags/example_branch_operator_decorator.py
[2024-06-08T18:15:50.843+0000] {processor.py:840} INFO - DAG(s) 'example_branch_python_operator_decorator' retrieved from /home/airflow/.local/lib/python3.12/site-packages/airflow/example_dags/example_branch_operator_decorator.py
[2024-06-08T18:15:50.881+0000] {logging_mixin.py:188} INFO - [2024-06-08T18:15:50.880+0000] {dag.py:3096} INFO - Sync 1 DAGs
[2024-06-08T18:15:50.909+0000] {logging_mixin.py:188} INFO - [2024-06-08T18:15:50.909+0000] {dag.py:3954} INFO - Setting next_dagrun for example_branch_python_operator_decorator to 2024-06-07 00:00:00+00:00, run_after=2024-06-08 00:00:00+00:00
[2024-06-08T18:15:50.932+0000] {processor.py:183} INFO - Processing /home/airflow/.local/lib/python3.12/site-packages/airflow/example_dags/example_branch_operator_decorator.py took 0.130 seconds
[2024-06-08T18:52:17.793+0000] {processor.py:161} INFO - Started process (PID=64523) to work on /home/airflow/.local/lib/python3.12/site-packages/airflow/example_dags/example_branch_operator_decorator.py
[2024-06-08T18:52:17.795+0000] {processor.py:830} INFO - Processing file /home/airflow/.local/lib/python3.12/site-packages/airflow/example_dags/example_branch_operator_decorator.py for tasks to queue
[2024-06-08T18:52:17.797+0000] {logging_mixin.py:188} INFO - [2024-06-08T18:52:17.796+0000] {dagbag.py:545} INFO - Filling up the DagBag from /home/airflow/.local/lib/python3.12/site-packages/airflow/example_dags/example_branch_operator_decorator.py
[2024-06-08T18:52:17.833+0000] {processor.py:840} INFO - DAG(s) 'example_branch_python_operator_decorator' retrieved from /home/airflow/.local/lib/python3.12/site-packages/airflow/example_dags/example_branch_operator_decorator.py
[2024-06-08T18:52:17.873+0000] {logging_mixin.py:188} INFO - [2024-06-08T18:52:17.872+0000] {dag.py:3096} INFO - Sync 1 DAGs
[2024-06-08T18:52:17.904+0000] {logging_mixin.py:188} INFO - [2024-06-08T18:52:17.903+0000] {dag.py:3954} INFO - Setting next_dagrun for example_branch_python_operator_decorator to 2024-06-07 00:00:00+00:00, run_after=2024-06-08 00:00:00+00:00
[2024-06-08T18:52:17.931+0000] {processor.py:183} INFO - Processing /home/airflow/.local/lib/python3.12/site-packages/airflow/example_dags/example_branch_operator_decorator.py took 0.148 seconds
[2024-06-08T18:52:53.929+0000] {processor.py:161} INFO - Started process (PID=64583) to work on /home/airflow/.local/lib/python3.12/site-packages/airflow/example_dags/example_branch_operator_decorator.py
[2024-06-08T18:52:53.931+0000] {processor.py:830} INFO - Processing file /home/airflow/.local/lib/python3.12/site-packages/airflow/example_dags/example_branch_operator_decorator.py for tasks to queue
[2024-06-08T18:52:53.933+0000] {logging_mixin.py:188} INFO - [2024-06-08T18:52:53.932+0000] {dagbag.py:545} INFO - Filling up the DagBag from /home/airflow/.local/lib/python3.12/site-packages/airflow/example_dags/example_branch_operator_decorator.py
[2024-06-08T18:52:53.981+0000] {processor.py:840} INFO - DAG(s) 'example_branch_python_operator_decorator' retrieved from /home/airflow/.local/lib/python3.12/site-packages/airflow/example_dags/example_branch_operator_decorator.py
[2024-06-08T18:52:54.048+0000] {logging_mixin.py:188} INFO - [2024-06-08T18:52:54.048+0000] {dag.py:3096} INFO - Sync 1 DAGs
[2024-06-08T18:52:54.100+0000] {logging_mixin.py:188} INFO - [2024-06-08T18:52:54.100+0000] {dag.py:3954} INFO - Setting next_dagrun for example_branch_python_operator_decorator to 2024-06-07 00:00:00+00:00, run_after=2024-06-08 00:00:00+00:00
[2024-06-08T18:52:54.158+0000] {processor.py:183} INFO - Processing /home/airflow/.local/lib/python3.12/site-packages/airflow/example_dags/example_branch_operator_decorator.py took 0.240 seconds
[2024-06-08T19:12:41.642+0000] {processor.py:161} INFO - Started process (PID=64643) to work on /home/airflow/.local/lib/python3.12/site-packages/airflow/example_dags/example_branch_operator_decorator.py
[2024-06-08T19:12:41.644+0000] {processor.py:830} INFO - Processing file /home/airflow/.local/lib/python3.12/site-packages/airflow/example_dags/example_branch_operator_decorator.py for tasks to queue
[2024-06-08T19:12:41.646+0000] {logging_mixin.py:188} INFO - [2024-06-08T19:12:41.646+0000] {dagbag.py:545} INFO - Filling up the DagBag from /home/airflow/.local/lib/python3.12/site-packages/airflow/example_dags/example_branch_operator_decorator.py
[2024-06-08T19:12:41.678+0000] {processor.py:840} INFO - DAG(s) 'example_branch_python_operator_decorator' retrieved from /home/airflow/.local/lib/python3.12/site-packages/airflow/example_dags/example_branch_operator_decorator.py
[2024-06-08T19:12:41.717+0000] {logging_mixin.py:188} INFO - [2024-06-08T19:12:41.716+0000] {dag.py:3096} INFO - Sync 1 DAGs
[2024-06-08T19:12:41.745+0000] {logging_mixin.py:188} INFO - [2024-06-08T19:12:41.745+0000] {dag.py:3954} INFO - Setting next_dagrun for example_branch_python_operator_decorator to 2024-06-07 00:00:00+00:00, run_after=2024-06-08 00:00:00+00:00
[2024-06-08T19:12:41.774+0000] {processor.py:183} INFO - Processing /home/airflow/.local/lib/python3.12/site-packages/airflow/example_dags/example_branch_operator_decorator.py took 0.140 seconds
[2024-06-08T19:16:55.009+0000] {processor.py:161} INFO - Started process (PID=64703) to work on /home/airflow/.local/lib/python3.12/site-packages/airflow/example_dags/example_branch_operator_decorator.py
[2024-06-08T19:16:55.010+0000] {processor.py:830} INFO - Processing file /home/airflow/.local/lib/python3.12/site-packages/airflow/example_dags/example_branch_operator_decorator.py for tasks to queue
[2024-06-08T19:16:55.011+0000] {logging_mixin.py:188} INFO - [2024-06-08T19:16:55.011+0000] {dagbag.py:545} INFO - Filling up the DagBag from /home/airflow/.local/lib/python3.12/site-packages/airflow/example_dags/example_branch_operator_decorator.py
[2024-06-08T19:16:55.039+0000] {processor.py:840} INFO - DAG(s) 'example_branch_python_operator_decorator' retrieved from /home/airflow/.local/lib/python3.12/site-packages/airflow/example_dags/example_branch_operator_decorator.py
[2024-06-08T19:16:55.077+0000] {logging_mixin.py:188} INFO - [2024-06-08T19:16:55.077+0000] {dag.py:3096} INFO - Sync 1 DAGs
[2024-06-08T19:16:55.107+0000] {logging_mixin.py:188} INFO - [2024-06-08T19:16:55.106+0000] {dag.py:3954} INFO - Setting next_dagrun for example_branch_python_operator_decorator to 2024-06-07 00:00:00+00:00, run_after=2024-06-08 00:00:00+00:00
[2024-06-08T19:16:55.138+0000] {processor.py:183} INFO - Processing /home/airflow/.local/lib/python3.12/site-packages/airflow/example_dags/example_branch_operator_decorator.py took 0.137 seconds
[2024-06-08T20:17:52.995+0000] {processor.py:161} INFO - Started process (PID=64763) to work on /home/airflow/.local/lib/python3.12/site-packages/airflow/example_dags/example_branch_operator_decorator.py
[2024-06-08T20:17:52.997+0000] {processor.py:830} INFO - Processing file /home/airflow/.local/lib/python3.12/site-packages/airflow/example_dags/example_branch_operator_decorator.py for tasks to queue
[2024-06-08T20:17:52.998+0000] {logging_mixin.py:188} INFO - [2024-06-08T20:17:52.998+0000] {dagbag.py:545} INFO - Filling up the DagBag from /home/airflow/.local/lib/python3.12/site-packages/airflow/example_dags/example_branch_operator_decorator.py
[2024-06-08T20:17:53.025+0000] {processor.py:840} INFO - DAG(s) 'example_branch_python_operator_decorator' retrieved from /home/airflow/.local/lib/python3.12/site-packages/airflow/example_dags/example_branch_operator_decorator.py
[2024-06-08T20:17:53.062+0000] {logging_mixin.py:188} INFO - [2024-06-08T20:17:53.062+0000] {dag.py:3096} INFO - Sync 1 DAGs
[2024-06-08T20:17:53.092+0000] {logging_mixin.py:188} INFO - [2024-06-08T20:17:53.092+0000] {dag.py:3954} INFO - Setting next_dagrun for example_branch_python_operator_decorator to 2024-06-07 00:00:00+00:00, run_after=2024-06-08 00:00:00+00:00
[2024-06-08T20:17:53.116+0000] {processor.py:183} INFO - Processing /home/airflow/.local/lib/python3.12/site-packages/airflow/example_dags/example_branch_operator_decorator.py took 0.128 seconds
[2024-06-08T20:18:36.185+0000] {processor.py:161} INFO - Started process (PID=64823) to work on /home/airflow/.local/lib/python3.12/site-packages/airflow/example_dags/example_branch_operator_decorator.py
[2024-06-08T20:18:36.187+0000] {processor.py:830} INFO - Processing file /home/airflow/.local/lib/python3.12/site-packages/airflow/example_dags/example_branch_operator_decorator.py for tasks to queue
[2024-06-08T20:18:36.189+0000] {logging_mixin.py:188} INFO - [2024-06-08T20:18:36.188+0000] {dagbag.py:545} INFO - Filling up the DagBag from /home/airflow/.local/lib/python3.12/site-packages/airflow/example_dags/example_branch_operator_decorator.py
[2024-06-08T20:18:36.227+0000] {processor.py:840} INFO - DAG(s) 'example_branch_python_operator_decorator' retrieved from /home/airflow/.local/lib/python3.12/site-packages/airflow/example_dags/example_branch_operator_decorator.py
[2024-06-08T20:18:36.315+0000] {logging_mixin.py:188} INFO - [2024-06-08T20:18:36.314+0000] {dag.py:3096} INFO - Sync 1 DAGs
[2024-06-08T20:18:36.378+0000] {logging_mixin.py:188} INFO - [2024-06-08T20:18:36.378+0000] {dag.py:3954} INFO - Setting next_dagrun for example_branch_python_operator_decorator to 2024-06-07 00:00:00+00:00, run_after=2024-06-08 00:00:00+00:00
[2024-06-08T20:18:36.415+0000] {processor.py:183} INFO - Processing /home/airflow/.local/lib/python3.12/site-packages/airflow/example_dags/example_branch_operator_decorator.py took 0.239 seconds
