[2024-06-08T02:25:58.874+0000] {processor.py:161} INFO - Started process (PID=63181) to work on /home/airflow/.local/lib/python3.12/site-packages/airflow/example_dags/example_external_task_marker_dag.py
[2024-06-08T02:25:58.876+0000] {processor.py:830} INFO - Processing file /home/airflow/.local/lib/python3.12/site-packages/airflow/example_dags/example_external_task_marker_dag.py for tasks to queue
[2024-06-08T02:25:58.878+0000] {logging_mixin.py:188} INFO - [2024-06-08T02:25:58.877+0000] {dagbag.py:545} INFO - Filling up the DagBag from /home/airflow/.local/lib/python3.12/site-packages/airflow/example_dags/example_external_task_marker_dag.py
[2024-06-08T02:25:58.892+0000] {processor.py:840} INFO - DAG(s) 'example_external_task_marker_child', 'example_external_task_marker_parent' retrieved from /home/airflow/.local/lib/python3.12/site-packages/airflow/example_dags/example_external_task_marker_dag.py
[2024-06-08T02:25:58.929+0000] {logging_mixin.py:188} INFO - [2024-06-08T02:25:58.928+0000] {dag.py:3096} INFO - Sync 2 DAGs
[2024-06-08T02:25:58.946+0000] {logging_mixin.py:188} INFO - [2024-06-08T02:25:58.946+0000] {dag.py:3954} INFO - Setting next_dagrun for example_external_task_marker_child to None, run_after=None
[2024-06-08T02:25:58.951+0000] {logging_mixin.py:188} INFO - [2024-06-08T02:25:58.951+0000] {dag.py:3954} INFO - Setting next_dagrun for example_external_task_marker_parent to None, run_after=None
[2024-06-08T02:25:58.972+0000] {processor.py:183} INFO - Processing /home/airflow/.local/lib/python3.12/site-packages/airflow/example_dags/example_external_task_marker_dag.py took 0.111 seconds
[2024-06-08T02:26:32.435+0000] {processor.py:161} INFO - Started process (PID=63246) to work on /home/airflow/.local/lib/python3.12/site-packages/airflow/example_dags/example_external_task_marker_dag.py
[2024-06-08T02:26:32.437+0000] {processor.py:830} INFO - Processing file /home/airflow/.local/lib/python3.12/site-packages/airflow/example_dags/example_external_task_marker_dag.py for tasks to queue
[2024-06-08T02:26:32.438+0000] {logging_mixin.py:188} INFO - [2024-06-08T02:26:32.438+0000] {dagbag.py:545} INFO - Filling up the DagBag from /home/airflow/.local/lib/python3.12/site-packages/airflow/example_dags/example_external_task_marker_dag.py
[2024-06-08T02:26:32.449+0000] {processor.py:840} INFO - DAG(s) 'example_external_task_marker_child', 'example_external_task_marker_parent' retrieved from /home/airflow/.local/lib/python3.12/site-packages/airflow/example_dags/example_external_task_marker_dag.py
[2024-06-08T02:26:32.483+0000] {logging_mixin.py:188} INFO - [2024-06-08T02:26:32.483+0000] {dag.py:3096} INFO - Sync 2 DAGs
[2024-06-08T02:26:32.503+0000] {logging_mixin.py:188} INFO - [2024-06-08T02:26:32.503+0000] {dag.py:3954} INFO - Setting next_dagrun for example_external_task_marker_child to None, run_after=None
[2024-06-08T02:26:32.509+0000] {logging_mixin.py:188} INFO - [2024-06-08T02:26:32.509+0000] {dag.py:3954} INFO - Setting next_dagrun for example_external_task_marker_parent to None, run_after=None
[2024-06-08T02:26:32.532+0000] {processor.py:183} INFO - Processing /home/airflow/.local/lib/python3.12/site-packages/airflow/example_dags/example_external_task_marker_dag.py took 0.108 seconds
[2024-06-08T07:02:55.353+0000] {processor.py:161} INFO - Started process (PID=63300) to work on /home/airflow/.local/lib/python3.12/site-packages/airflow/example_dags/example_external_task_marker_dag.py
[2024-06-08T07:02:55.355+0000] {processor.py:830} INFO - Processing file /home/airflow/.local/lib/python3.12/site-packages/airflow/example_dags/example_external_task_marker_dag.py for tasks to queue
[2024-06-08T07:02:55.357+0000] {logging_mixin.py:188} INFO - [2024-06-08T07:02:55.356+0000] {dagbag.py:545} INFO - Filling up the DagBag from /home/airflow/.local/lib/python3.12/site-packages/airflow/example_dags/example_external_task_marker_dag.py
[2024-06-08T07:02:55.367+0000] {processor.py:840} INFO - DAG(s) 'example_external_task_marker_child', 'example_external_task_marker_parent' retrieved from /home/airflow/.local/lib/python3.12/site-packages/airflow/example_dags/example_external_task_marker_dag.py
[2024-06-08T07:02:55.402+0000] {logging_mixin.py:188} INFO - [2024-06-08T07:02:55.401+0000] {dag.py:3096} INFO - Sync 2 DAGs
[2024-06-08T07:02:55.420+0000] {logging_mixin.py:188} INFO - [2024-06-08T07:02:55.420+0000] {dag.py:3954} INFO - Setting next_dagrun for example_external_task_marker_child to None, run_after=None
[2024-06-08T07:02:55.426+0000] {logging_mixin.py:188} INFO - [2024-06-08T07:02:55.426+0000] {dag.py:3954} INFO - Setting next_dagrun for example_external_task_marker_parent to None, run_after=None
[2024-06-08T07:02:55.447+0000] {processor.py:183} INFO - Processing /home/airflow/.local/lib/python3.12/site-packages/airflow/example_dags/example_external_task_marker_dag.py took 0.104 seconds
[2024-06-08T07:15:53.898+0000] {processor.py:161} INFO - Started process (PID=63360) to work on /home/airflow/.local/lib/python3.12/site-packages/airflow/example_dags/example_external_task_marker_dag.py
[2024-06-08T07:15:53.900+0000] {processor.py:830} INFO - Processing file /home/airflow/.local/lib/python3.12/site-packages/airflow/example_dags/example_external_task_marker_dag.py for tasks to queue
[2024-06-08T07:15:53.902+0000] {logging_mixin.py:188} INFO - [2024-06-08T07:15:53.901+0000] {dagbag.py:545} INFO - Filling up the DagBag from /home/airflow/.local/lib/python3.12/site-packages/airflow/example_dags/example_external_task_marker_dag.py
[2024-06-08T07:15:53.910+0000] {processor.py:840} INFO - DAG(s) 'example_external_task_marker_child', 'example_external_task_marker_parent' retrieved from /home/airflow/.local/lib/python3.12/site-packages/airflow/example_dags/example_external_task_marker_dag.py
[2024-06-08T07:15:53.945+0000] {logging_mixin.py:188} INFO - [2024-06-08T07:15:53.945+0000] {dag.py:3096} INFO - Sync 2 DAGs
[2024-06-08T07:15:54.005+0000] {logging_mixin.py:188} INFO - [2024-06-08T07:15:54.005+0000] {dag.py:3954} INFO - Setting next_dagrun for example_external_task_marker_child to None, run_after=None
[2024-06-08T07:15:54.018+0000] {logging_mixin.py:188} INFO - [2024-06-08T07:15:54.018+0000] {dag.py:3954} INFO - Setting next_dagrun for example_external_task_marker_parent to None, run_after=None
[2024-06-08T07:15:54.057+0000] {processor.py:183} INFO - Processing /home/airflow/.local/lib/python3.12/site-packages/airflow/example_dags/example_external_task_marker_dag.py took 0.167 seconds
[2024-06-08T08:04:10.016+0000] {processor.py:161} INFO - Started process (PID=63420) to work on /home/airflow/.local/lib/python3.12/site-packages/airflow/example_dags/example_external_task_marker_dag.py
[2024-06-08T08:04:10.018+0000] {processor.py:830} INFO - Processing file /home/airflow/.local/lib/python3.12/site-packages/airflow/example_dags/example_external_task_marker_dag.py for tasks to queue
[2024-06-08T08:04:10.020+0000] {logging_mixin.py:188} INFO - [2024-06-08T08:04:10.019+0000] {dagbag.py:545} INFO - Filling up the DagBag from /home/airflow/.local/lib/python3.12/site-packages/airflow/example_dags/example_external_task_marker_dag.py
[2024-06-08T08:04:10.029+0000] {processor.py:840} INFO - DAG(s) 'example_external_task_marker_parent', 'example_external_task_marker_child' retrieved from /home/airflow/.local/lib/python3.12/site-packages/airflow/example_dags/example_external_task_marker_dag.py
[2024-06-08T08:04:10.063+0000] {logging_mixin.py:188} INFO - [2024-06-08T08:04:10.063+0000] {dag.py:3096} INFO - Sync 2 DAGs
[2024-06-08T08:04:10.081+0000] {logging_mixin.py:188} INFO - [2024-06-08T08:04:10.081+0000] {dag.py:3954} INFO - Setting next_dagrun for example_external_task_marker_child to None, run_after=None
[2024-06-08T08:04:10.087+0000] {logging_mixin.py:188} INFO - [2024-06-08T08:04:10.087+0000] {dag.py:3954} INFO - Setting next_dagrun for example_external_task_marker_parent to None, run_after=None
[2024-06-08T08:04:10.112+0000] {processor.py:183} INFO - Processing /home/airflow/.local/lib/python3.12/site-packages/airflow/example_dags/example_external_task_marker_dag.py took 0.105 seconds
[2024-06-08T09:05:08.277+0000] {processor.py:161} INFO - Started process (PID=63486) to work on /home/airflow/.local/lib/python3.12/site-packages/airflow/example_dags/example_external_task_marker_dag.py
[2024-06-08T09:05:08.280+0000] {processor.py:830} INFO - Processing file /home/airflow/.local/lib/python3.12/site-packages/airflow/example_dags/example_external_task_marker_dag.py for tasks to queue
[2024-06-08T09:05:08.281+0000] {logging_mixin.py:188} INFO - [2024-06-08T09:05:08.281+0000] {dagbag.py:545} INFO - Filling up the DagBag from /home/airflow/.local/lib/python3.12/site-packages/airflow/example_dags/example_external_task_marker_dag.py
[2024-06-08T09:05:08.293+0000] {processor.py:840} INFO - DAG(s) 'example_external_task_marker_parent', 'example_external_task_marker_child' retrieved from /home/airflow/.local/lib/python3.12/site-packages/airflow/example_dags/example_external_task_marker_dag.py
[2024-06-08T09:05:08.340+0000] {logging_mixin.py:188} INFO - [2024-06-08T09:05:08.340+0000] {dag.py:3096} INFO - Sync 2 DAGs
[2024-06-08T09:05:08.364+0000] {logging_mixin.py:188} INFO - [2024-06-08T09:05:08.364+0000] {dag.py:3954} INFO - Setting next_dagrun for example_external_task_marker_child to None, run_after=None
[2024-06-08T09:05:08.371+0000] {logging_mixin.py:188} INFO - [2024-06-08T09:05:08.370+0000] {dag.py:3954} INFO - Setting next_dagrun for example_external_task_marker_parent to None, run_after=None
[2024-06-08T09:05:08.401+0000] {processor.py:183} INFO - Processing /home/airflow/.local/lib/python3.12/site-packages/airflow/example_dags/example_external_task_marker_dag.py took 0.134 seconds
[2024-06-08T09:05:39.211+0000] {processor.py:161} INFO - Started process (PID=63546) to work on /home/airflow/.local/lib/python3.12/site-packages/airflow/example_dags/example_external_task_marker_dag.py
[2024-06-08T09:05:39.212+0000] {processor.py:830} INFO - Processing file /home/airflow/.local/lib/python3.12/site-packages/airflow/example_dags/example_external_task_marker_dag.py for tasks to queue
[2024-06-08T09:05:39.214+0000] {logging_mixin.py:188} INFO - [2024-06-08T09:05:39.213+0000] {dagbag.py:545} INFO - Filling up the DagBag from /home/airflow/.local/lib/python3.12/site-packages/airflow/example_dags/example_external_task_marker_dag.py
[2024-06-08T09:05:39.222+0000] {processor.py:840} INFO - DAG(s) 'example_external_task_marker_parent', 'example_external_task_marker_child' retrieved from /home/airflow/.local/lib/python3.12/site-packages/airflow/example_dags/example_external_task_marker_dag.py
[2024-06-08T09:05:39.252+0000] {logging_mixin.py:188} INFO - [2024-06-08T09:05:39.252+0000] {dag.py:3096} INFO - Sync 2 DAGs
[2024-06-08T09:05:39.269+0000] {logging_mixin.py:188} INFO - [2024-06-08T09:05:39.269+0000] {dag.py:3954} INFO - Setting next_dagrun for example_external_task_marker_child to None, run_after=None
[2024-06-08T09:05:39.275+0000] {logging_mixin.py:188} INFO - [2024-06-08T09:05:39.274+0000] {dag.py:3954} INFO - Setting next_dagrun for example_external_task_marker_parent to None, run_after=None
[2024-06-08T09:05:39.296+0000] {processor.py:183} INFO - Processing /home/airflow/.local/lib/python3.12/site-packages/airflow/example_dags/example_external_task_marker_dag.py took 0.093 seconds
[2024-06-08T10:06:31.588+0000] {processor.py:161} INFO - Started process (PID=63600) to work on /home/airflow/.local/lib/python3.12/site-packages/airflow/example_dags/example_external_task_marker_dag.py
[2024-06-08T10:06:31.589+0000] {processor.py:830} INFO - Processing file /home/airflow/.local/lib/python3.12/site-packages/airflow/example_dags/example_external_task_marker_dag.py for tasks to queue
[2024-06-08T10:06:31.590+0000] {logging_mixin.py:188} INFO - [2024-06-08T10:06:31.590+0000] {dagbag.py:545} INFO - Filling up the DagBag from /home/airflow/.local/lib/python3.12/site-packages/airflow/example_dags/example_external_task_marker_dag.py
[2024-06-08T10:06:31.602+0000] {processor.py:840} INFO - DAG(s) 'example_external_task_marker_parent', 'example_external_task_marker_child' retrieved from /home/airflow/.local/lib/python3.12/site-packages/airflow/example_dags/example_external_task_marker_dag.py
[2024-06-08T10:06:31.636+0000] {logging_mixin.py:188} INFO - [2024-06-08T10:06:31.636+0000] {dag.py:3096} INFO - Sync 2 DAGs
[2024-06-08T10:06:31.654+0000] {logging_mixin.py:188} INFO - [2024-06-08T10:06:31.654+0000] {dag.py:3954} INFO - Setting next_dagrun for example_external_task_marker_child to None, run_after=None
[2024-06-08T10:06:31.659+0000] {logging_mixin.py:188} INFO - [2024-06-08T10:06:31.659+0000] {dag.py:3954} INFO - Setting next_dagrun for example_external_task_marker_parent to None, run_after=None
[2024-06-08T10:06:31.682+0000] {processor.py:183} INFO - Processing /home/airflow/.local/lib/python3.12/site-packages/airflow/example_dags/example_external_task_marker_dag.py took 0.102 seconds
[2024-06-08T10:39:02.517+0000] {processor.py:161} INFO - Started process (PID=63660) to work on /home/airflow/.local/lib/python3.12/site-packages/airflow/example_dags/example_external_task_marker_dag.py
[2024-06-08T10:39:02.519+0000] {processor.py:830} INFO - Processing file /home/airflow/.local/lib/python3.12/site-packages/airflow/example_dags/example_external_task_marker_dag.py for tasks to queue
[2024-06-08T10:39:02.522+0000] {logging_mixin.py:188} INFO - [2024-06-08T10:39:02.521+0000] {dagbag.py:545} INFO - Filling up the DagBag from /home/airflow/.local/lib/python3.12/site-packages/airflow/example_dags/example_external_task_marker_dag.py
[2024-06-08T10:39:02.541+0000] {processor.py:840} INFO - DAG(s) 'example_external_task_marker_parent', 'example_external_task_marker_child' retrieved from /home/airflow/.local/lib/python3.12/site-packages/airflow/example_dags/example_external_task_marker_dag.py
[2024-06-08T10:39:02.602+0000] {logging_mixin.py:188} INFO - [2024-06-08T10:39:02.601+0000] {dag.py:3096} INFO - Sync 2 DAGs
[2024-06-08T10:39:02.634+0000] {logging_mixin.py:188} INFO - [2024-06-08T10:39:02.634+0000] {dag.py:3954} INFO - Setting next_dagrun for example_external_task_marker_child to None, run_after=None
[2024-06-08T10:39:02.642+0000] {logging_mixin.py:188} INFO - [2024-06-08T10:39:02.642+0000] {dag.py:3954} INFO - Setting next_dagrun for example_external_task_marker_parent to None, run_after=None
[2024-06-08T10:39:02.677+0000] {processor.py:183} INFO - Processing /home/airflow/.local/lib/python3.12/site-packages/airflow/example_dags/example_external_task_marker_dag.py took 0.171 seconds
[2024-06-08T10:39:33.433+0000] {processor.py:161} INFO - Started process (PID=63726) to work on /home/airflow/.local/lib/python3.12/site-packages/airflow/example_dags/example_external_task_marker_dag.py
[2024-06-08T10:39:33.435+0000] {processor.py:830} INFO - Processing file /home/airflow/.local/lib/python3.12/site-packages/airflow/example_dags/example_external_task_marker_dag.py for tasks to queue
[2024-06-08T10:39:33.436+0000] {logging_mixin.py:188} INFO - [2024-06-08T10:39:33.436+0000] {dagbag.py:545} INFO - Filling up the DagBag from /home/airflow/.local/lib/python3.12/site-packages/airflow/example_dags/example_external_task_marker_dag.py
[2024-06-08T10:39:33.445+0000] {processor.py:840} INFO - DAG(s) 'example_external_task_marker_parent', 'example_external_task_marker_child' retrieved from /home/airflow/.local/lib/python3.12/site-packages/airflow/example_dags/example_external_task_marker_dag.py
[2024-06-08T10:39:33.476+0000] {logging_mixin.py:188} INFO - [2024-06-08T10:39:33.475+0000] {dag.py:3096} INFO - Sync 2 DAGs
[2024-06-08T10:39:33.493+0000] {logging_mixin.py:188} INFO - [2024-06-08T10:39:33.493+0000] {dag.py:3954} INFO - Setting next_dagrun for example_external_task_marker_child to None, run_after=None
[2024-06-08T10:39:33.498+0000] {logging_mixin.py:188} INFO - [2024-06-08T10:39:33.497+0000] {dag.py:3954} INFO - Setting next_dagrun for example_external_task_marker_parent to None, run_after=None
[2024-06-08T10:39:33.520+0000] {processor.py:183} INFO - Processing /home/airflow/.local/lib/python3.12/site-packages/airflow/example_dags/example_external_task_marker_dag.py took 0.095 seconds
[2024-06-08T11:07:36.940+0000] {processor.py:161} INFO - Started process (PID=63780) to work on /home/airflow/.local/lib/python3.12/site-packages/airflow/example_dags/example_external_task_marker_dag.py
[2024-06-08T11:07:36.942+0000] {processor.py:830} INFO - Processing file /home/airflow/.local/lib/python3.12/site-packages/airflow/example_dags/example_external_task_marker_dag.py for tasks to queue
[2024-06-08T11:07:36.943+0000] {logging_mixin.py:188} INFO - [2024-06-08T11:07:36.943+0000] {dagbag.py:545} INFO - Filling up the DagBag from /home/airflow/.local/lib/python3.12/site-packages/airflow/example_dags/example_external_task_marker_dag.py
[2024-06-08T11:07:36.952+0000] {processor.py:840} INFO - DAG(s) 'example_external_task_marker_parent', 'example_external_task_marker_child' retrieved from /home/airflow/.local/lib/python3.12/site-packages/airflow/example_dags/example_external_task_marker_dag.py
[2024-06-08T11:07:36.982+0000] {logging_mixin.py:188} INFO - [2024-06-08T11:07:36.982+0000] {dag.py:3096} INFO - Sync 2 DAGs
[2024-06-08T11:07:37.000+0000] {logging_mixin.py:188} INFO - [2024-06-08T11:07:37.000+0000] {dag.py:3954} INFO - Setting next_dagrun for example_external_task_marker_child to None, run_after=None
[2024-06-08T11:07:37.005+0000] {logging_mixin.py:188} INFO - [2024-06-08T11:07:37.005+0000] {dag.py:3954} INFO - Setting next_dagrun for example_external_task_marker_parent to None, run_after=None
[2024-06-08T11:07:37.029+0000] {processor.py:183} INFO - Processing /home/airflow/.local/lib/python3.12/site-packages/airflow/example_dags/example_external_task_marker_dag.py took 0.096 seconds
[2024-06-08T12:08:37.369+0000] {processor.py:161} INFO - Started process (PID=63841) to work on /home/airflow/.local/lib/python3.12/site-packages/airflow/example_dags/example_external_task_marker_dag.py
[2024-06-08T12:08:37.372+0000] {processor.py:830} INFO - Processing file /home/airflow/.local/lib/python3.12/site-packages/airflow/example_dags/example_external_task_marker_dag.py for tasks to queue
[2024-06-08T12:08:37.374+0000] {logging_mixin.py:188} INFO - [2024-06-08T12:08:37.373+0000] {dagbag.py:545} INFO - Filling up the DagBag from /home/airflow/.local/lib/python3.12/site-packages/airflow/example_dags/example_external_task_marker_dag.py
[2024-06-08T12:08:37.384+0000] {processor.py:840} INFO - DAG(s) 'example_external_task_marker_child', 'example_external_task_marker_parent' retrieved from /home/airflow/.local/lib/python3.12/site-packages/airflow/example_dags/example_external_task_marker_dag.py
[2024-06-08T12:08:37.425+0000] {logging_mixin.py:188} INFO - [2024-06-08T12:08:37.424+0000] {dag.py:3096} INFO - Sync 2 DAGs
[2024-06-08T12:08:37.449+0000] {logging_mixin.py:188} INFO - [2024-06-08T12:08:37.449+0000] {dag.py:3954} INFO - Setting next_dagrun for example_external_task_marker_child to None, run_after=None
[2024-06-08T12:08:37.456+0000] {logging_mixin.py:188} INFO - [2024-06-08T12:08:37.455+0000] {dag.py:3954} INFO - Setting next_dagrun for example_external_task_marker_parent to None, run_after=None
[2024-06-08T12:08:37.486+0000] {processor.py:183} INFO - Processing /home/airflow/.local/lib/python3.12/site-packages/airflow/example_dags/example_external_task_marker_dag.py took 0.126 seconds
[2024-06-08T12:09:08.277+0000] {processor.py:161} INFO - Started process (PID=63901) to work on /home/airflow/.local/lib/python3.12/site-packages/airflow/example_dags/example_external_task_marker_dag.py
[2024-06-08T12:09:08.278+0000] {processor.py:830} INFO - Processing file /home/airflow/.local/lib/python3.12/site-packages/airflow/example_dags/example_external_task_marker_dag.py for tasks to queue
[2024-06-08T12:09:08.279+0000] {logging_mixin.py:188} INFO - [2024-06-08T12:09:08.279+0000] {dagbag.py:545} INFO - Filling up the DagBag from /home/airflow/.local/lib/python3.12/site-packages/airflow/example_dags/example_external_task_marker_dag.py
[2024-06-08T12:09:08.287+0000] {processor.py:840} INFO - DAG(s) 'example_external_task_marker_parent', 'example_external_task_marker_child' retrieved from /home/airflow/.local/lib/python3.12/site-packages/airflow/example_dags/example_external_task_marker_dag.py
[2024-06-08T12:09:08.317+0000] {logging_mixin.py:188} INFO - [2024-06-08T12:09:08.317+0000] {dag.py:3096} INFO - Sync 2 DAGs
[2024-06-08T12:09:08.334+0000] {logging_mixin.py:188} INFO - [2024-06-08T12:09:08.334+0000] {dag.py:3954} INFO - Setting next_dagrun for example_external_task_marker_child to None, run_after=None
[2024-06-08T12:09:08.339+0000] {logging_mixin.py:188} INFO - [2024-06-08T12:09:08.339+0000] {dag.py:3954} INFO - Setting next_dagrun for example_external_task_marker_parent to None, run_after=None
[2024-06-08T12:09:08.360+0000] {processor.py:183} INFO - Processing /home/airflow/.local/lib/python3.12/site-packages/airflow/example_dags/example_external_task_marker_dag.py took 0.091 seconds
[2024-06-08T13:09:59.020+0000] {processor.py:161} INFO - Started process (PID=63961) to work on /home/airflow/.local/lib/python3.12/site-packages/airflow/example_dags/example_external_task_marker_dag.py
[2024-06-08T13:09:59.022+0000] {processor.py:830} INFO - Processing file /home/airflow/.local/lib/python3.12/site-packages/airflow/example_dags/example_external_task_marker_dag.py for tasks to queue
[2024-06-08T13:09:59.024+0000] {logging_mixin.py:188} INFO - [2024-06-08T13:09:59.023+0000] {dagbag.py:545} INFO - Filling up the DagBag from /home/airflow/.local/lib/python3.12/site-packages/airflow/example_dags/example_external_task_marker_dag.py
[2024-06-08T13:09:59.035+0000] {processor.py:840} INFO - DAG(s) 'example_external_task_marker_child', 'example_external_task_marker_parent' retrieved from /home/airflow/.local/lib/python3.12/site-packages/airflow/example_dags/example_external_task_marker_dag.py
[2024-06-08T13:09:59.106+0000] {logging_mixin.py:188} INFO - [2024-06-08T13:09:59.106+0000] {dag.py:3096} INFO - Sync 2 DAGs
[2024-06-08T13:09:59.124+0000] {logging_mixin.py:188} INFO - [2024-06-08T13:09:59.123+0000] {dag.py:3954} INFO - Setting next_dagrun for example_external_task_marker_child to None, run_after=None
[2024-06-08T13:09:59.129+0000] {logging_mixin.py:188} INFO - [2024-06-08T13:09:59.128+0000] {dag.py:3954} INFO - Setting next_dagrun for example_external_task_marker_parent to None, run_after=None
[2024-06-08T13:09:59.149+0000] {processor.py:183} INFO - Processing /home/airflow/.local/lib/python3.12/site-packages/airflow/example_dags/example_external_task_marker_dag.py took 0.139 seconds
[2024-06-08T14:10:54.775+0000] {processor.py:161} INFO - Started process (PID=64021) to work on /home/airflow/.local/lib/python3.12/site-packages/airflow/example_dags/example_external_task_marker_dag.py
[2024-06-08T14:10:54.777+0000] {processor.py:830} INFO - Processing file /home/airflow/.local/lib/python3.12/site-packages/airflow/example_dags/example_external_task_marker_dag.py for tasks to queue
[2024-06-08T14:10:54.779+0000] {logging_mixin.py:188} INFO - [2024-06-08T14:10:54.779+0000] {dagbag.py:545} INFO - Filling up the DagBag from /home/airflow/.local/lib/python3.12/site-packages/airflow/example_dags/example_external_task_marker_dag.py
[2024-06-08T14:10:54.792+0000] {processor.py:840} INFO - DAG(s) 'example_external_task_marker_parent', 'example_external_task_marker_child' retrieved from /home/airflow/.local/lib/python3.12/site-packages/airflow/example_dags/example_external_task_marker_dag.py
[2024-06-08T14:10:54.839+0000] {logging_mixin.py:188} INFO - [2024-06-08T14:10:54.838+0000] {dag.py:3096} INFO - Sync 2 DAGs
[2024-06-08T14:10:54.871+0000] {logging_mixin.py:188} INFO - [2024-06-08T14:10:54.871+0000] {dag.py:3954} INFO - Setting next_dagrun for example_external_task_marker_child to None, run_after=None
[2024-06-08T14:10:54.880+0000] {logging_mixin.py:188} INFO - [2024-06-08T14:10:54.880+0000] {dag.py:3954} INFO - Setting next_dagrun for example_external_task_marker_parent to None, run_after=None
[2024-06-08T14:10:54.915+0000] {processor.py:183} INFO - Processing /home/airflow/.local/lib/python3.12/site-packages/airflow/example_dags/example_external_task_marker_dag.py took 0.151 seconds
[2024-06-08T14:11:25.642+0000] {processor.py:161} INFO - Started process (PID=64081) to work on /home/airflow/.local/lib/python3.12/site-packages/airflow/example_dags/example_external_task_marker_dag.py
[2024-06-08T14:11:25.644+0000] {processor.py:830} INFO - Processing file /home/airflow/.local/lib/python3.12/site-packages/airflow/example_dags/example_external_task_marker_dag.py for tasks to queue
[2024-06-08T14:11:25.645+0000] {logging_mixin.py:188} INFO - [2024-06-08T14:11:25.645+0000] {dagbag.py:545} INFO - Filling up the DagBag from /home/airflow/.local/lib/python3.12/site-packages/airflow/example_dags/example_external_task_marker_dag.py
[2024-06-08T14:11:25.654+0000] {processor.py:840} INFO - DAG(s) 'example_external_task_marker_parent', 'example_external_task_marker_child' retrieved from /home/airflow/.local/lib/python3.12/site-packages/airflow/example_dags/example_external_task_marker_dag.py
[2024-06-08T14:11:25.684+0000] {logging_mixin.py:188} INFO - [2024-06-08T14:11:25.683+0000] {dag.py:3096} INFO - Sync 2 DAGs
[2024-06-08T14:11:25.701+0000] {logging_mixin.py:188} INFO - [2024-06-08T14:11:25.701+0000] {dag.py:3954} INFO - Setting next_dagrun for example_external_task_marker_child to None, run_after=None
[2024-06-08T14:11:25.706+0000] {logging_mixin.py:188} INFO - [2024-06-08T14:11:25.705+0000] {dag.py:3954} INFO - Setting next_dagrun for example_external_task_marker_parent to None, run_after=None
[2024-06-08T14:11:25.727+0000] {processor.py:183} INFO - Processing /home/airflow/.local/lib/python3.12/site-packages/airflow/example_dags/example_external_task_marker_dag.py took 0.092 seconds
[2024-06-08T15:12:10.958+0000] {processor.py:161} INFO - Started process (PID=64141) to work on /home/airflow/.local/lib/python3.12/site-packages/airflow/example_dags/example_external_task_marker_dag.py
[2024-06-08T15:12:10.961+0000] {processor.py:830} INFO - Processing file /home/airflow/.local/lib/python3.12/site-packages/airflow/example_dags/example_external_task_marker_dag.py for tasks to queue
[2024-06-08T15:12:10.966+0000] {logging_mixin.py:188} INFO - [2024-06-08T15:12:10.965+0000] {dagbag.py:545} INFO - Filling up the DagBag from /home/airflow/.local/lib/python3.12/site-packages/airflow/example_dags/example_external_task_marker_dag.py
[2024-06-08T15:12:10.974+0000] {processor.py:840} INFO - DAG(s) 'example_external_task_marker_parent', 'example_external_task_marker_child' retrieved from /home/airflow/.local/lib/python3.12/site-packages/airflow/example_dags/example_external_task_marker_dag.py
[2024-06-08T15:12:11.006+0000] {logging_mixin.py:188} INFO - [2024-06-08T15:12:11.006+0000] {dag.py:3096} INFO - Sync 2 DAGs
[2024-06-08T15:12:11.025+0000] {logging_mixin.py:188} INFO - [2024-06-08T15:12:11.024+0000] {dag.py:3954} INFO - Setting next_dagrun for example_external_task_marker_child to None, run_after=None
[2024-06-08T15:12:11.030+0000] {logging_mixin.py:188} INFO - [2024-06-08T15:12:11.029+0000] {dag.py:3954} INFO - Setting next_dagrun for example_external_task_marker_parent to None, run_after=None
[2024-06-08T15:12:11.052+0000] {processor.py:183} INFO - Processing /home/airflow/.local/lib/python3.12/site-packages/airflow/example_dags/example_external_task_marker_dag.py took 0.102 seconds
[2024-06-08T16:13:12.219+0000] {processor.py:161} INFO - Started process (PID=64201) to work on /home/airflow/.local/lib/python3.12/site-packages/airflow/example_dags/example_external_task_marker_dag.py
[2024-06-08T16:13:12.223+0000] {processor.py:830} INFO - Processing file /home/airflow/.local/lib/python3.12/site-packages/airflow/example_dags/example_external_task_marker_dag.py for tasks to queue
[2024-06-08T16:13:12.225+0000] {logging_mixin.py:188} INFO - [2024-06-08T16:13:12.224+0000] {dagbag.py:545} INFO - Filling up the DagBag from /home/airflow/.local/lib/python3.12/site-packages/airflow/example_dags/example_external_task_marker_dag.py
[2024-06-08T16:13:12.241+0000] {processor.py:840} INFO - DAG(s) 'example_external_task_marker_child', 'example_external_task_marker_parent' retrieved from /home/airflow/.local/lib/python3.12/site-packages/airflow/example_dags/example_external_task_marker_dag.py
[2024-06-08T16:13:12.292+0000] {logging_mixin.py:188} INFO - [2024-06-08T16:13:12.291+0000] {dag.py:3096} INFO - Sync 2 DAGs
[2024-06-08T16:13:12.344+0000] {logging_mixin.py:188} INFO - [2024-06-08T16:13:12.343+0000] {dag.py:3954} INFO - Setting next_dagrun for example_external_task_marker_child to None, run_after=None
[2024-06-08T16:13:12.382+0000] {logging_mixin.py:188} INFO - [2024-06-08T16:13:12.381+0000] {dag.py:3954} INFO - Setting next_dagrun for example_external_task_marker_parent to None, run_after=None
[2024-06-08T16:13:12.451+0000] {processor.py:183} INFO - Processing /home/airflow/.local/lib/python3.12/site-packages/airflow/example_dags/example_external_task_marker_dag.py took 0.244 seconds
[2024-06-08T16:13:53.998+0000] {processor.py:161} INFO - Started process (PID=64267) to work on /home/airflow/.local/lib/python3.12/site-packages/airflow/example_dags/example_external_task_marker_dag.py
[2024-06-08T16:13:54.000+0000] {processor.py:830} INFO - Processing file /home/airflow/.local/lib/python3.12/site-packages/airflow/example_dags/example_external_task_marker_dag.py for tasks to queue
[2024-06-08T16:13:54.003+0000] {logging_mixin.py:188} INFO - [2024-06-08T16:13:54.002+0000] {dagbag.py:545} INFO - Filling up the DagBag from /home/airflow/.local/lib/python3.12/site-packages/airflow/example_dags/example_external_task_marker_dag.py
[2024-06-08T16:13:54.016+0000] {processor.py:840} INFO - DAG(s) 'example_external_task_marker_parent', 'example_external_task_marker_child' retrieved from /home/airflow/.local/lib/python3.12/site-packages/airflow/example_dags/example_external_task_marker_dag.py
[2024-06-08T16:13:54.068+0000] {logging_mixin.py:188} INFO - [2024-06-08T16:13:54.068+0000] {dag.py:3096} INFO - Sync 2 DAGs
[2024-06-08T16:13:54.118+0000] {logging_mixin.py:188} INFO - [2024-06-08T16:13:54.118+0000] {dag.py:3954} INFO - Setting next_dagrun for example_external_task_marker_child to None, run_after=None
[2024-06-08T16:13:54.132+0000] {logging_mixin.py:188} INFO - [2024-06-08T16:13:54.131+0000] {dag.py:3954} INFO - Setting next_dagrun for example_external_task_marker_parent to None, run_after=None
[2024-06-08T16:13:54.178+0000] {processor.py:183} INFO - Processing /home/airflow/.local/lib/python3.12/site-packages/airflow/example_dags/example_external_task_marker_dag.py took 0.191 seconds
[2024-06-08T17:14:33.788+0000] {processor.py:161} INFO - Started process (PID=64321) to work on /home/airflow/.local/lib/python3.12/site-packages/airflow/example_dags/example_external_task_marker_dag.py
[2024-06-08T17:14:33.790+0000] {processor.py:830} INFO - Processing file /home/airflow/.local/lib/python3.12/site-packages/airflow/example_dags/example_external_task_marker_dag.py for tasks to queue
[2024-06-08T17:14:33.791+0000] {logging_mixin.py:188} INFO - [2024-06-08T17:14:33.791+0000] {dagbag.py:545} INFO - Filling up the DagBag from /home/airflow/.local/lib/python3.12/site-packages/airflow/example_dags/example_external_task_marker_dag.py
[2024-06-08T17:14:33.800+0000] {processor.py:840} INFO - DAG(s) 'example_external_task_marker_child', 'example_external_task_marker_parent' retrieved from /home/airflow/.local/lib/python3.12/site-packages/airflow/example_dags/example_external_task_marker_dag.py
[2024-06-08T17:14:33.833+0000] {logging_mixin.py:188} INFO - [2024-06-08T17:14:33.832+0000] {dag.py:3096} INFO - Sync 2 DAGs
[2024-06-08T17:14:33.850+0000] {logging_mixin.py:188} INFO - [2024-06-08T17:14:33.850+0000] {dag.py:3954} INFO - Setting next_dagrun for example_external_task_marker_child to None, run_after=None
[2024-06-08T17:14:33.855+0000] {logging_mixin.py:188} INFO - [2024-06-08T17:14:33.854+0000] {dag.py:3954} INFO - Setting next_dagrun for example_external_task_marker_parent to None, run_after=None
[2024-06-08T17:14:33.878+0000] {processor.py:183} INFO - Processing /home/airflow/.local/lib/python3.12/site-packages/airflow/example_dags/example_external_task_marker_dag.py took 0.097 seconds
[2024-06-08T18:08:38.635+0000] {processor.py:161} INFO - Started process (PID=64381) to work on /home/airflow/.local/lib/python3.12/site-packages/airflow/example_dags/example_external_task_marker_dag.py
[2024-06-08T18:08:38.636+0000] {processor.py:830} INFO - Processing file /home/airflow/.local/lib/python3.12/site-packages/airflow/example_dags/example_external_task_marker_dag.py for tasks to queue
[2024-06-08T18:08:38.638+0000] {logging_mixin.py:188} INFO - [2024-06-08T18:08:38.638+0000] {dagbag.py:545} INFO - Filling up the DagBag from /home/airflow/.local/lib/python3.12/site-packages/airflow/example_dags/example_external_task_marker_dag.py
[2024-06-08T18:08:38.652+0000] {processor.py:840} INFO - DAG(s) 'example_external_task_marker_child', 'example_external_task_marker_parent' retrieved from /home/airflow/.local/lib/python3.12/site-packages/airflow/example_dags/example_external_task_marker_dag.py
[2024-06-08T18:08:38.696+0000] {logging_mixin.py:188} INFO - [2024-06-08T18:08:38.695+0000] {dag.py:3096} INFO - Sync 2 DAGs
[2024-06-08T18:08:38.726+0000] {logging_mixin.py:188} INFO - [2024-06-08T18:08:38.725+0000] {dag.py:3954} INFO - Setting next_dagrun for example_external_task_marker_child to None, run_after=None
[2024-06-08T18:08:38.734+0000] {logging_mixin.py:188} INFO - [2024-06-08T18:08:38.734+0000] {dag.py:3954} INFO - Setting next_dagrun for example_external_task_marker_parent to None, run_after=None
[2024-06-08T18:08:38.765+0000] {processor.py:183} INFO - Processing /home/airflow/.local/lib/python3.12/site-packages/airflow/example_dags/example_external_task_marker_dag.py took 0.141 seconds
[2024-06-08T18:15:49.249+0000] {processor.py:161} INFO - Started process (PID=64441) to work on /home/airflow/.local/lib/python3.12/site-packages/airflow/example_dags/example_external_task_marker_dag.py
[2024-06-08T18:15:49.251+0000] {processor.py:830} INFO - Processing file /home/airflow/.local/lib/python3.12/site-packages/airflow/example_dags/example_external_task_marker_dag.py for tasks to queue
[2024-06-08T18:15:49.253+0000] {logging_mixin.py:188} INFO - [2024-06-08T18:15:49.252+0000] {dagbag.py:545} INFO - Filling up the DagBag from /home/airflow/.local/lib/python3.12/site-packages/airflow/example_dags/example_external_task_marker_dag.py
[2024-06-08T18:15:49.261+0000] {processor.py:840} INFO - DAG(s) 'example_external_task_marker_parent', 'example_external_task_marker_child' retrieved from /home/airflow/.local/lib/python3.12/site-packages/airflow/example_dags/example_external_task_marker_dag.py
[2024-06-08T18:15:49.293+0000] {logging_mixin.py:188} INFO - [2024-06-08T18:15:49.293+0000] {dag.py:3096} INFO - Sync 2 DAGs
[2024-06-08T18:15:49.311+0000] {logging_mixin.py:188} INFO - [2024-06-08T18:15:49.311+0000] {dag.py:3954} INFO - Setting next_dagrun for example_external_task_marker_child to None, run_after=None
[2024-06-08T18:15:49.317+0000] {logging_mixin.py:188} INFO - [2024-06-08T18:15:49.317+0000] {dag.py:3954} INFO - Setting next_dagrun for example_external_task_marker_parent to None, run_after=None
[2024-06-08T18:15:49.340+0000] {processor.py:183} INFO - Processing /home/airflow/.local/lib/python3.12/site-packages/airflow/example_dags/example_external_task_marker_dag.py took 0.100 seconds
[2024-06-08T18:52:16.280+0000] {processor.py:161} INFO - Started process (PID=64501) to work on /home/airflow/.local/lib/python3.12/site-packages/airflow/example_dags/example_external_task_marker_dag.py
[2024-06-08T18:52:16.282+0000] {processor.py:830} INFO - Processing file /home/airflow/.local/lib/python3.12/site-packages/airflow/example_dags/example_external_task_marker_dag.py for tasks to queue
[2024-06-08T18:52:16.284+0000] {logging_mixin.py:188} INFO - [2024-06-08T18:52:16.283+0000] {dagbag.py:545} INFO - Filling up the DagBag from /home/airflow/.local/lib/python3.12/site-packages/airflow/example_dags/example_external_task_marker_dag.py
[2024-06-08T18:52:16.292+0000] {processor.py:840} INFO - DAG(s) 'example_external_task_marker_child', 'example_external_task_marker_parent' retrieved from /home/airflow/.local/lib/python3.12/site-packages/airflow/example_dags/example_external_task_marker_dag.py
[2024-06-08T18:52:16.323+0000] {logging_mixin.py:188} INFO - [2024-06-08T18:52:16.322+0000] {dag.py:3096} INFO - Sync 2 DAGs
[2024-06-08T18:52:16.340+0000] {logging_mixin.py:188} INFO - [2024-06-08T18:52:16.340+0000] {dag.py:3954} INFO - Setting next_dagrun for example_external_task_marker_child to None, run_after=None
[2024-06-08T18:52:16.346+0000] {logging_mixin.py:188} INFO - [2024-06-08T18:52:16.345+0000] {dag.py:3954} INFO - Setting next_dagrun for example_external_task_marker_parent to None, run_after=None
[2024-06-08T18:52:16.367+0000] {processor.py:183} INFO - Processing /home/airflow/.local/lib/python3.12/site-packages/airflow/example_dags/example_external_task_marker_dag.py took 0.094 seconds
[2024-06-08T18:52:50.521+0000] {processor.py:161} INFO - Started process (PID=64561) to work on /home/airflow/.local/lib/python3.12/site-packages/airflow/example_dags/example_external_task_marker_dag.py
[2024-06-08T18:52:50.524+0000] {processor.py:830} INFO - Processing file /home/airflow/.local/lib/python3.12/site-packages/airflow/example_dags/example_external_task_marker_dag.py for tasks to queue
[2024-06-08T18:52:50.526+0000] {logging_mixin.py:188} INFO - [2024-06-08T18:52:50.525+0000] {dagbag.py:545} INFO - Filling up the DagBag from /home/airflow/.local/lib/python3.12/site-packages/airflow/example_dags/example_external_task_marker_dag.py
[2024-06-08T18:52:50.539+0000] {processor.py:840} INFO - DAG(s) 'example_external_task_marker_parent', 'example_external_task_marker_child' retrieved from /home/airflow/.local/lib/python3.12/site-packages/airflow/example_dags/example_external_task_marker_dag.py
[2024-06-08T18:52:50.589+0000] {logging_mixin.py:188} INFO - [2024-06-08T18:52:50.588+0000] {dag.py:3096} INFO - Sync 2 DAGs
[2024-06-08T18:52:50.634+0000] {logging_mixin.py:188} INFO - [2024-06-08T18:52:50.634+0000] {dag.py:3954} INFO - Setting next_dagrun for example_external_task_marker_child to None, run_after=None
[2024-06-08T18:52:50.644+0000] {logging_mixin.py:188} INFO - [2024-06-08T18:52:50.643+0000] {dag.py:3954} INFO - Setting next_dagrun for example_external_task_marker_parent to None, run_after=None
[2024-06-08T18:52:50.685+0000] {processor.py:183} INFO - Processing /home/airflow/.local/lib/python3.12/site-packages/airflow/example_dags/example_external_task_marker_dag.py took 0.176 seconds
[2024-06-08T19:12:40.042+0000] {processor.py:161} INFO - Started process (PID=64621) to work on /home/airflow/.local/lib/python3.12/site-packages/airflow/example_dags/example_external_task_marker_dag.py
[2024-06-08T19:12:40.043+0000] {processor.py:830} INFO - Processing file /home/airflow/.local/lib/python3.12/site-packages/airflow/example_dags/example_external_task_marker_dag.py for tasks to queue
[2024-06-08T19:12:40.045+0000] {logging_mixin.py:188} INFO - [2024-06-08T19:12:40.044+0000] {dagbag.py:545} INFO - Filling up the DagBag from /home/airflow/.local/lib/python3.12/site-packages/airflow/example_dags/example_external_task_marker_dag.py
[2024-06-08T19:12:40.053+0000] {processor.py:840} INFO - DAG(s) 'example_external_task_marker_child', 'example_external_task_marker_parent' retrieved from /home/airflow/.local/lib/python3.12/site-packages/airflow/example_dags/example_external_task_marker_dag.py
[2024-06-08T19:12:40.085+0000] {logging_mixin.py:188} INFO - [2024-06-08T19:12:40.084+0000] {dag.py:3096} INFO - Sync 2 DAGs
[2024-06-08T19:12:40.102+0000] {logging_mixin.py:188} INFO - [2024-06-08T19:12:40.102+0000] {dag.py:3954} INFO - Setting next_dagrun for example_external_task_marker_child to None, run_after=None
[2024-06-08T19:12:40.107+0000] {logging_mixin.py:188} INFO - [2024-06-08T19:12:40.107+0000] {dag.py:3954} INFO - Setting next_dagrun for example_external_task_marker_parent to None, run_after=None
[2024-06-08T19:12:40.128+0000] {processor.py:183} INFO - Processing /home/airflow/.local/lib/python3.12/site-packages/airflow/example_dags/example_external_task_marker_dag.py took 0.093 seconds
[2024-06-08T19:16:53.279+0000] {processor.py:161} INFO - Started process (PID=64681) to work on /home/airflow/.local/lib/python3.12/site-packages/airflow/example_dags/example_external_task_marker_dag.py
[2024-06-08T19:16:53.281+0000] {processor.py:830} INFO - Processing file /home/airflow/.local/lib/python3.12/site-packages/airflow/example_dags/example_external_task_marker_dag.py for tasks to queue
[2024-06-08T19:16:53.283+0000] {logging_mixin.py:188} INFO - [2024-06-08T19:16:53.282+0000] {dagbag.py:545} INFO - Filling up the DagBag from /home/airflow/.local/lib/python3.12/site-packages/airflow/example_dags/example_external_task_marker_dag.py
[2024-06-08T19:16:53.291+0000] {processor.py:840} INFO - DAG(s) 'example_external_task_marker_child', 'example_external_task_marker_parent' retrieved from /home/airflow/.local/lib/python3.12/site-packages/airflow/example_dags/example_external_task_marker_dag.py
[2024-06-08T19:16:53.320+0000] {logging_mixin.py:188} INFO - [2024-06-08T19:16:53.320+0000] {dag.py:3096} INFO - Sync 2 DAGs
[2024-06-08T19:16:53.338+0000] {logging_mixin.py:188} INFO - [2024-06-08T19:16:53.337+0000] {dag.py:3954} INFO - Setting next_dagrun for example_external_task_marker_child to None, run_after=None
[2024-06-08T19:16:53.343+0000] {logging_mixin.py:188} INFO - [2024-06-08T19:16:53.342+0000] {dag.py:3954} INFO - Setting next_dagrun for example_external_task_marker_parent to None, run_after=None
[2024-06-08T19:16:53.364+0000] {processor.py:183} INFO - Processing /home/airflow/.local/lib/python3.12/site-packages/airflow/example_dags/example_external_task_marker_dag.py took 0.092 seconds
[2024-06-08T20:17:50.762+0000] {processor.py:161} INFO - Started process (PID=64741) to work on /home/airflow/.local/lib/python3.12/site-packages/airflow/example_dags/example_external_task_marker_dag.py
[2024-06-08T20:17:50.769+0000] {processor.py:830} INFO - Processing file /home/airflow/.local/lib/python3.12/site-packages/airflow/example_dags/example_external_task_marker_dag.py for tasks to queue
[2024-06-08T20:17:50.785+0000] {logging_mixin.py:188} INFO - [2024-06-08T20:17:50.782+0000] {dagbag.py:545} INFO - Filling up the DagBag from /home/airflow/.local/lib/python3.12/site-packages/airflow/example_dags/example_external_task_marker_dag.py
[2024-06-08T20:17:50.804+0000] {processor.py:840} INFO - DAG(s) 'example_external_task_marker_parent', 'example_external_task_marker_child' retrieved from /home/airflow/.local/lib/python3.12/site-packages/airflow/example_dags/example_external_task_marker_dag.py
[2024-06-08T20:17:50.899+0000] {logging_mixin.py:188} INFO - [2024-06-08T20:17:50.899+0000] {dag.py:3096} INFO - Sync 2 DAGs
[2024-06-08T20:17:50.931+0000] {logging_mixin.py:188} INFO - [2024-06-08T20:17:50.931+0000] {dag.py:3954} INFO - Setting next_dagrun for example_external_task_marker_child to None, run_after=None
[2024-06-08T20:17:50.942+0000] {logging_mixin.py:188} INFO - [2024-06-08T20:17:50.941+0000] {dag.py:3954} INFO - Setting next_dagrun for example_external_task_marker_parent to None, run_after=None
[2024-06-08T20:17:50.976+0000] {processor.py:183} INFO - Processing /home/airflow/.local/lib/python3.12/site-packages/airflow/example_dags/example_external_task_marker_dag.py took 0.236 seconds
[2024-06-08T20:18:32.992+0000] {processor.py:161} INFO - Started process (PID=64801) to work on /home/airflow/.local/lib/python3.12/site-packages/airflow/example_dags/example_external_task_marker_dag.py
[2024-06-08T20:18:32.994+0000] {processor.py:830} INFO - Processing file /home/airflow/.local/lib/python3.12/site-packages/airflow/example_dags/example_external_task_marker_dag.py for tasks to queue
[2024-06-08T20:18:32.996+0000] {logging_mixin.py:188} INFO - [2024-06-08T20:18:32.995+0000] {dagbag.py:545} INFO - Filling up the DagBag from /home/airflow/.local/lib/python3.12/site-packages/airflow/example_dags/example_external_task_marker_dag.py
[2024-06-08T20:18:33.008+0000] {processor.py:840} INFO - DAG(s) 'example_external_task_marker_parent', 'example_external_task_marker_child' retrieved from /home/airflow/.local/lib/python3.12/site-packages/airflow/example_dags/example_external_task_marker_dag.py
[2024-06-08T20:18:33.059+0000] {logging_mixin.py:188} INFO - [2024-06-08T20:18:33.058+0000] {dag.py:3096} INFO - Sync 2 DAGs
[2024-06-08T20:18:33.097+0000] {logging_mixin.py:188} INFO - [2024-06-08T20:18:33.096+0000] {dag.py:3954} INFO - Setting next_dagrun for example_external_task_marker_child to None, run_after=None
[2024-06-08T20:18:33.113+0000] {logging_mixin.py:188} INFO - [2024-06-08T20:18:33.113+0000] {dag.py:3954} INFO - Setting next_dagrun for example_external_task_marker_parent to None, run_after=None
[2024-06-08T20:18:33.146+0000] {processor.py:183} INFO - Processing /home/airflow/.local/lib/python3.12/site-packages/airflow/example_dags/example_external_task_marker_dag.py took 0.165 seconds
