[2024-06-08T02:25:59.771+0000] {processor.py:161} INFO - Started process (PID=63196) to work on /home/airflow/.local/lib/python3.12/site-packages/airflow/example_dags/example_sla_dag.py
[2024-06-08T02:25:59.775+0000] {processor.py:830} INFO - Processing file /home/airflow/.local/lib/python3.12/site-packages/airflow/example_dags/example_sla_dag.py for tasks to queue
[2024-06-08T02:25:59.777+0000] {logging_mixin.py:188} INFO - [2024-06-08T02:25:59.776+0000] {dagbag.py:545} INFO - Filling up the DagBag from /home/airflow/.local/lib/python3.12/site-packages/airflow/example_dags/example_sla_dag.py
[2024-06-08T02:25:59.788+0000] {processor.py:840} INFO - DAG(s) 'example_sla_dag' retrieved from /home/airflow/.local/lib/python3.12/site-packages/airflow/example_dags/example_sla_dag.py
[2024-06-08T02:25:59.825+0000] {logging_mixin.py:188} INFO - [2024-06-08T02:25:59.823+0000] {dag.py:3096} INFO - Sync 1 DAGs
[2024-06-08T02:25:59.889+0000] {logging_mixin.py:188} INFO - [2024-06-08T02:25:59.889+0000] {dag.py:3954} INFO - Setting next_dagrun for example_sla_dag to 2024-06-08 02:22:00+00:00, run_after=2024-06-08 02:24:00+00:00
[2024-06-08T02:25:59.927+0000] {processor.py:183} INFO - Processing /home/airflow/.local/lib/python3.12/site-packages/airflow/example_dags/example_sla_dag.py took 0.164 seconds
[2024-06-08T02:26:33.286+0000] {processor.py:161} INFO - Started process (PID=63255) to work on /home/airflow/.local/lib/python3.12/site-packages/airflow/example_dags/example_sla_dag.py
[2024-06-08T02:26:33.287+0000] {processor.py:830} INFO - Processing file /home/airflow/.local/lib/python3.12/site-packages/airflow/example_dags/example_sla_dag.py for tasks to queue
[2024-06-08T02:26:33.289+0000] {logging_mixin.py:188} INFO - [2024-06-08T02:26:33.288+0000] {dagbag.py:545} INFO - Filling up the DagBag from /home/airflow/.local/lib/python3.12/site-packages/airflow/example_dags/example_sla_dag.py
[2024-06-08T02:26:33.301+0000] {processor.py:840} INFO - DAG(s) 'example_sla_dag' retrieved from /home/airflow/.local/lib/python3.12/site-packages/airflow/example_dags/example_sla_dag.py
[2024-06-08T02:26:33.330+0000] {logging_mixin.py:188} INFO - [2024-06-08T02:26:33.329+0000] {dag.py:3096} INFO - Sync 1 DAGs
[2024-06-08T02:26:33.368+0000] {logging_mixin.py:188} INFO - [2024-06-08T02:26:33.367+0000] {dag.py:3954} INFO - Setting next_dagrun for example_sla_dag to 2024-06-08 02:24:00+00:00, run_after=2024-06-08 02:26:00+00:00
[2024-06-08T02:26:33.393+0000] {processor.py:183} INFO - Processing /home/airflow/.local/lib/python3.12/site-packages/airflow/example_dags/example_sla_dag.py took 0.116 seconds
[2024-06-08T07:02:55.889+0000] {processor.py:161} INFO - Started process (PID=63309) to work on /home/airflow/.local/lib/python3.12/site-packages/airflow/example_dags/example_sla_dag.py
[2024-06-08T07:02:55.891+0000] {processor.py:830} INFO - Processing file /home/airflow/.local/lib/python3.12/site-packages/airflow/example_dags/example_sla_dag.py for tasks to queue
[2024-06-08T07:02:55.892+0000] {logging_mixin.py:188} INFO - [2024-06-08T07:02:55.892+0000] {dagbag.py:545} INFO - Filling up the DagBag from /home/airflow/.local/lib/python3.12/site-packages/airflow/example_dags/example_sla_dag.py
[2024-06-08T07:02:55.903+0000] {processor.py:840} INFO - DAG(s) 'example_sla_dag' retrieved from /home/airflow/.local/lib/python3.12/site-packages/airflow/example_dags/example_sla_dag.py
[2024-06-08T07:02:55.929+0000] {logging_mixin.py:188} INFO - [2024-06-08T07:02:55.929+0000] {dag.py:3096} INFO - Sync 1 DAGs
[2024-06-08T07:02:55.960+0000] {logging_mixin.py:188} INFO - [2024-06-08T07:02:55.959+0000] {dag.py:3954} INFO - Setting next_dagrun for example_sla_dag to 2024-06-08 07:00:00+00:00, run_after=2024-06-08 07:02:00+00:00
[2024-06-08T07:02:55.986+0000] {processor.py:183} INFO - Processing /home/airflow/.local/lib/python3.12/site-packages/airflow/example_dags/example_sla_dag.py took 0.105 seconds
[2024-06-08T07:15:54.849+0000] {processor.py:161} INFO - Started process (PID=63375) to work on /home/airflow/.local/lib/python3.12/site-packages/airflow/example_dags/example_sla_dag.py
[2024-06-08T07:15:54.851+0000] {processor.py:830} INFO - Processing file /home/airflow/.local/lib/python3.12/site-packages/airflow/example_dags/example_sla_dag.py for tasks to queue
[2024-06-08T07:15:54.853+0000] {logging_mixin.py:188} INFO - [2024-06-08T07:15:54.852+0000] {dagbag.py:545} INFO - Filling up the DagBag from /home/airflow/.local/lib/python3.12/site-packages/airflow/example_dags/example_sla_dag.py
[2024-06-08T07:15:54.863+0000] {processor.py:840} INFO - DAG(s) 'example_sla_dag' retrieved from /home/airflow/.local/lib/python3.12/site-packages/airflow/example_dags/example_sla_dag.py
[2024-06-08T07:15:54.889+0000] {logging_mixin.py:188} INFO - [2024-06-08T07:15:54.889+0000] {dag.py:3096} INFO - Sync 1 DAGs
[2024-06-08T07:15:54.920+0000] {logging_mixin.py:188} INFO - [2024-06-08T07:15:54.920+0000] {dag.py:3954} INFO - Setting next_dagrun for example_sla_dag to 2024-06-08 07:12:00+00:00, run_after=2024-06-08 07:14:00+00:00
[2024-06-08T07:15:54.943+0000] {processor.py:183} INFO - Processing /home/airflow/.local/lib/python3.12/site-packages/airflow/example_dags/example_sla_dag.py took 0.101 seconds
[2024-06-08T08:04:10.664+0000] {processor.py:161} INFO - Started process (PID=63429) to work on /home/airflow/.local/lib/python3.12/site-packages/airflow/example_dags/example_sla_dag.py
[2024-06-08T08:04:10.666+0000] {processor.py:830} INFO - Processing file /home/airflow/.local/lib/python3.12/site-packages/airflow/example_dags/example_sla_dag.py for tasks to queue
[2024-06-08T08:04:10.667+0000] {logging_mixin.py:188} INFO - [2024-06-08T08:04:10.667+0000] {dagbag.py:545} INFO - Filling up the DagBag from /home/airflow/.local/lib/python3.12/site-packages/airflow/example_dags/example_sla_dag.py
[2024-06-08T08:04:10.678+0000] {processor.py:840} INFO - DAG(s) 'example_sla_dag' retrieved from /home/airflow/.local/lib/python3.12/site-packages/airflow/example_dags/example_sla_dag.py
[2024-06-08T08:04:10.703+0000] {logging_mixin.py:188} INFO - [2024-06-08T08:04:10.703+0000] {dag.py:3096} INFO - Sync 1 DAGs
[2024-06-08T08:04:10.736+0000] {logging_mixin.py:188} INFO - [2024-06-08T08:04:10.736+0000] {dag.py:3954} INFO - Setting next_dagrun for example_sla_dag to 2024-06-08 08:02:00+00:00, run_after=2024-06-08 08:04:00+00:00
[2024-06-08T08:04:10.759+0000] {processor.py:183} INFO - Processing /home/airflow/.local/lib/python3.12/site-packages/airflow/example_dags/example_sla_dag.py took 0.102 seconds
[2024-06-08T09:05:09.072+0000] {processor.py:161} INFO - Started process (PID=63495) to work on /home/airflow/.local/lib/python3.12/site-packages/airflow/example_dags/example_sla_dag.py
[2024-06-08T09:05:09.075+0000] {processor.py:830} INFO - Processing file /home/airflow/.local/lib/python3.12/site-packages/airflow/example_dags/example_sla_dag.py for tasks to queue
[2024-06-08T09:05:09.077+0000] {logging_mixin.py:188} INFO - [2024-06-08T09:05:09.076+0000] {dagbag.py:545} INFO - Filling up the DagBag from /home/airflow/.local/lib/python3.12/site-packages/airflow/example_dags/example_sla_dag.py
[2024-06-08T09:05:09.094+0000] {processor.py:840} INFO - DAG(s) 'example_sla_dag' retrieved from /home/airflow/.local/lib/python3.12/site-packages/airflow/example_dags/example_sla_dag.py
[2024-06-08T09:05:09.142+0000] {logging_mixin.py:188} INFO - [2024-06-08T09:05:09.141+0000] {dag.py:3096} INFO - Sync 1 DAGs
[2024-06-08T09:05:09.192+0000] {logging_mixin.py:188} INFO - [2024-06-08T09:05:09.191+0000] {dag.py:3954} INFO - Setting next_dagrun for example_sla_dag to 2024-06-08 09:02:00+00:00, run_after=2024-06-08 09:04:00+00:00
[2024-06-08T09:05:09.224+0000] {processor.py:183} INFO - Processing /home/airflow/.local/lib/python3.12/site-packages/airflow/example_dags/example_sla_dag.py took 0.163 seconds
[2024-06-08T09:05:50.574+0000] {processor.py:161} INFO - Started process (PID=63555) to work on /home/airflow/.local/lib/python3.12/site-packages/airflow/example_dags/example_sla_dag.py
[2024-06-08T09:05:50.577+0000] {processor.py:830} INFO - Processing file /home/airflow/.local/lib/python3.12/site-packages/airflow/example_dags/example_sla_dag.py for tasks to queue
[2024-06-08T09:05:50.581+0000] {logging_mixin.py:188} INFO - [2024-06-08T09:05:50.579+0000] {dagbag.py:545} INFO - Filling up the DagBag from /home/airflow/.local/lib/python3.12/site-packages/airflow/example_dags/example_sla_dag.py
[2024-06-08T09:05:50.607+0000] {processor.py:840} INFO - DAG(s) 'example_sla_dag' retrieved from /home/airflow/.local/lib/python3.12/site-packages/airflow/example_dags/example_sla_dag.py
[2024-06-08T09:05:50.665+0000] {logging_mixin.py:188} INFO - [2024-06-08T09:05:50.664+0000] {dag.py:3096} INFO - Sync 1 DAGs
[2024-06-08T09:05:50.775+0000] {logging_mixin.py:188} INFO - [2024-06-08T09:05:50.774+0000] {dag.py:3954} INFO - Setting next_dagrun for example_sla_dag to 2024-06-08 09:02:00+00:00, run_after=2024-06-08 09:04:00+00:00
[2024-06-08T09:05:50.817+0000] {processor.py:183} INFO - Processing /home/airflow/.local/lib/python3.12/site-packages/airflow/example_dags/example_sla_dag.py took 0.255 seconds
[2024-06-08T10:06:32.259+0000] {processor.py:161} INFO - Started process (PID=63609) to work on /home/airflow/.local/lib/python3.12/site-packages/airflow/example_dags/example_sla_dag.py
[2024-06-08T10:06:32.260+0000] {processor.py:830} INFO - Processing file /home/airflow/.local/lib/python3.12/site-packages/airflow/example_dags/example_sla_dag.py for tasks to queue
[2024-06-08T10:06:32.261+0000] {logging_mixin.py:188} INFO - [2024-06-08T10:06:32.261+0000] {dagbag.py:545} INFO - Filling up the DagBag from /home/airflow/.local/lib/python3.12/site-packages/airflow/example_dags/example_sla_dag.py
[2024-06-08T10:06:32.272+0000] {processor.py:840} INFO - DAG(s) 'example_sla_dag' retrieved from /home/airflow/.local/lib/python3.12/site-packages/airflow/example_dags/example_sla_dag.py
[2024-06-08T10:06:32.298+0000] {logging_mixin.py:188} INFO - [2024-06-08T10:06:32.297+0000] {dag.py:3096} INFO - Sync 1 DAGs
[2024-06-08T10:06:32.330+0000] {logging_mixin.py:188} INFO - [2024-06-08T10:06:32.330+0000] {dag.py:3954} INFO - Setting next_dagrun for example_sla_dag to 2024-06-08 10:04:00+00:00, run_after=2024-06-08 10:06:00+00:00
[2024-06-08T10:06:32.355+0000] {processor.py:183} INFO - Processing /home/airflow/.local/lib/python3.12/site-packages/airflow/example_dags/example_sla_dag.py took 0.104 seconds
[2024-06-08T10:39:03.679+0000] {processor.py:161} INFO - Started process (PID=63675) to work on /home/airflow/.local/lib/python3.12/site-packages/airflow/example_dags/example_sla_dag.py
[2024-06-08T10:39:03.683+0000] {processor.py:830} INFO - Processing file /home/airflow/.local/lib/python3.12/site-packages/airflow/example_dags/example_sla_dag.py for tasks to queue
[2024-06-08T10:39:03.686+0000] {logging_mixin.py:188} INFO - [2024-06-08T10:39:03.686+0000] {dagbag.py:545} INFO - Filling up the DagBag from /home/airflow/.local/lib/python3.12/site-packages/airflow/example_dags/example_sla_dag.py
[2024-06-08T10:39:03.706+0000] {processor.py:840} INFO - DAG(s) 'example_sla_dag' retrieved from /home/airflow/.local/lib/python3.12/site-packages/airflow/example_dags/example_sla_dag.py
[2024-06-08T10:39:03.798+0000] {logging_mixin.py:188} INFO - [2024-06-08T10:39:03.787+0000] {dag.py:3096} INFO - Sync 1 DAGs
[2024-06-08T10:39:03.956+0000] {logging_mixin.py:188} INFO - [2024-06-08T10:39:03.955+0000] {dag.py:3954} INFO - Setting next_dagrun for example_sla_dag to 2024-06-08 10:36:00+00:00, run_after=2024-06-08 10:38:00+00:00
[2024-06-08T10:39:04.042+0000] {processor.py:183} INFO - Processing /home/airflow/.local/lib/python3.12/site-packages/airflow/example_dags/example_sla_dag.py took 0.378 seconds
[2024-06-08T10:39:34.996+0000] {processor.py:161} INFO - Started process (PID=63735) to work on /home/airflow/.local/lib/python3.12/site-packages/airflow/example_dags/example_sla_dag.py
[2024-06-08T10:39:34.998+0000] {processor.py:830} INFO - Processing file /home/airflow/.local/lib/python3.12/site-packages/airflow/example_dags/example_sla_dag.py for tasks to queue
[2024-06-08T10:39:34.999+0000] {logging_mixin.py:188} INFO - [2024-06-08T10:39:34.999+0000] {dagbag.py:545} INFO - Filling up the DagBag from /home/airflow/.local/lib/python3.12/site-packages/airflow/example_dags/example_sla_dag.py
[2024-06-08T10:39:35.010+0000] {processor.py:840} INFO - DAG(s) 'example_sla_dag' retrieved from /home/airflow/.local/lib/python3.12/site-packages/airflow/example_dags/example_sla_dag.py
[2024-06-08T10:39:35.035+0000] {logging_mixin.py:188} INFO - [2024-06-08T10:39:35.035+0000] {dag.py:3096} INFO - Sync 1 DAGs
[2024-06-08T10:39:35.070+0000] {logging_mixin.py:188} INFO - [2024-06-08T10:39:35.069+0000] {dag.py:3954} INFO - Setting next_dagrun for example_sla_dag to 2024-06-08 10:36:00+00:00, run_after=2024-06-08 10:38:00+00:00
[2024-06-08T10:39:35.093+0000] {processor.py:183} INFO - Processing /home/airflow/.local/lib/python3.12/site-packages/airflow/example_dags/example_sla_dag.py took 0.105 seconds
[2024-06-08T11:07:37.526+0000] {processor.py:161} INFO - Started process (PID=63789) to work on /home/airflow/.local/lib/python3.12/site-packages/airflow/example_dags/example_sla_dag.py
[2024-06-08T11:07:37.527+0000] {processor.py:830} INFO - Processing file /home/airflow/.local/lib/python3.12/site-packages/airflow/example_dags/example_sla_dag.py for tasks to queue
[2024-06-08T11:07:37.529+0000] {logging_mixin.py:188} INFO - [2024-06-08T11:07:37.528+0000] {dagbag.py:545} INFO - Filling up the DagBag from /home/airflow/.local/lib/python3.12/site-packages/airflow/example_dags/example_sla_dag.py
[2024-06-08T11:07:37.539+0000] {processor.py:840} INFO - DAG(s) 'example_sla_dag' retrieved from /home/airflow/.local/lib/python3.12/site-packages/airflow/example_dags/example_sla_dag.py
[2024-06-08T11:07:37.565+0000] {logging_mixin.py:188} INFO - [2024-06-08T11:07:37.565+0000] {dag.py:3096} INFO - Sync 1 DAGs
[2024-06-08T11:07:37.597+0000] {logging_mixin.py:188} INFO - [2024-06-08T11:07:37.597+0000] {dag.py:3954} INFO - Setting next_dagrun for example_sla_dag to 2024-06-08 11:04:00+00:00, run_after=2024-06-08 11:06:00+00:00
[2024-06-08T11:07:37.624+0000] {processor.py:183} INFO - Processing /home/airflow/.local/lib/python3.12/site-packages/airflow/example_dags/example_sla_dag.py took 0.106 seconds
[2024-06-08T12:08:38.197+0000] {processor.py:161} INFO - Started process (PID=63850) to work on /home/airflow/.local/lib/python3.12/site-packages/airflow/example_dags/example_sla_dag.py
[2024-06-08T12:08:38.199+0000] {processor.py:830} INFO - Processing file /home/airflow/.local/lib/python3.12/site-packages/airflow/example_dags/example_sla_dag.py for tasks to queue
[2024-06-08T12:08:38.201+0000] {logging_mixin.py:188} INFO - [2024-06-08T12:08:38.200+0000] {dagbag.py:545} INFO - Filling up the DagBag from /home/airflow/.local/lib/python3.12/site-packages/airflow/example_dags/example_sla_dag.py
[2024-06-08T12:08:38.232+0000] {processor.py:840} INFO - DAG(s) 'example_sla_dag' retrieved from /home/airflow/.local/lib/python3.12/site-packages/airflow/example_dags/example_sla_dag.py
[2024-06-08T12:08:38.321+0000] {logging_mixin.py:188} INFO - [2024-06-08T12:08:38.319+0000] {dag.py:3096} INFO - Sync 1 DAGs
[2024-06-08T12:08:38.410+0000] {logging_mixin.py:188} INFO - [2024-06-08T12:08:38.410+0000] {dag.py:3954} INFO - Setting next_dagrun for example_sla_dag to 2024-06-08 12:06:00+00:00, run_after=2024-06-08 12:08:00+00:00
[2024-06-08T12:08:38.452+0000] {processor.py:183} INFO - Processing /home/airflow/.local/lib/python3.12/site-packages/airflow/example_dags/example_sla_dag.py took 0.270 seconds
[2024-06-08T12:09:09.032+0000] {processor.py:161} INFO - Started process (PID=63916) to work on /home/airflow/.local/lib/python3.12/site-packages/airflow/example_dags/example_sla_dag.py
[2024-06-08T12:09:09.034+0000] {processor.py:830} INFO - Processing file /home/airflow/.local/lib/python3.12/site-packages/airflow/example_dags/example_sla_dag.py for tasks to queue
[2024-06-08T12:09:09.035+0000] {logging_mixin.py:188} INFO - [2024-06-08T12:09:09.035+0000] {dagbag.py:545} INFO - Filling up the DagBag from /home/airflow/.local/lib/python3.12/site-packages/airflow/example_dags/example_sla_dag.py
[2024-06-08T12:09:09.046+0000] {processor.py:840} INFO - DAG(s) 'example_sla_dag' retrieved from /home/airflow/.local/lib/python3.12/site-packages/airflow/example_dags/example_sla_dag.py
[2024-06-08T12:09:09.075+0000] {logging_mixin.py:188} INFO - [2024-06-08T12:09:09.075+0000] {dag.py:3096} INFO - Sync 1 DAGs
[2024-06-08T12:09:09.111+0000] {logging_mixin.py:188} INFO - [2024-06-08T12:09:09.111+0000] {dag.py:3954} INFO - Setting next_dagrun for example_sla_dag to 2024-06-08 12:06:00+00:00, run_after=2024-06-08 12:08:00+00:00
[2024-06-08T12:09:09.134+0000] {processor.py:183} INFO - Processing /home/airflow/.local/lib/python3.12/site-packages/airflow/example_dags/example_sla_dag.py took 0.110 seconds
[2024-06-08T13:09:59.680+0000] {processor.py:161} INFO - Started process (PID=63970) to work on /home/airflow/.local/lib/python3.12/site-packages/airflow/example_dags/example_sla_dag.py
[2024-06-08T13:09:59.682+0000] {processor.py:830} INFO - Processing file /home/airflow/.local/lib/python3.12/site-packages/airflow/example_dags/example_sla_dag.py for tasks to queue
[2024-06-08T13:09:59.683+0000] {logging_mixin.py:188} INFO - [2024-06-08T13:09:59.683+0000] {dagbag.py:545} INFO - Filling up the DagBag from /home/airflow/.local/lib/python3.12/site-packages/airflow/example_dags/example_sla_dag.py
[2024-06-08T13:09:59.694+0000] {processor.py:840} INFO - DAG(s) 'example_sla_dag' retrieved from /home/airflow/.local/lib/python3.12/site-packages/airflow/example_dags/example_sla_dag.py
[2024-06-08T13:09:59.723+0000] {logging_mixin.py:188} INFO - [2024-06-08T13:09:59.722+0000] {dag.py:3096} INFO - Sync 1 DAGs
[2024-06-08T13:09:59.756+0000] {logging_mixin.py:188} INFO - [2024-06-08T13:09:59.755+0000] {dag.py:3954} INFO - Setting next_dagrun for example_sla_dag to 2024-06-08 13:06:00+00:00, run_after=2024-06-08 13:08:00+00:00
[2024-06-08T13:09:59.780+0000] {processor.py:183} INFO - Processing /home/airflow/.local/lib/python3.12/site-packages/airflow/example_dags/example_sla_dag.py took 0.108 seconds
[2024-06-08T14:10:55.978+0000] {processor.py:161} INFO - Started process (PID=64030) to work on /home/airflow/.local/lib/python3.12/site-packages/airflow/example_dags/example_sla_dag.py
[2024-06-08T14:10:55.986+0000] {processor.py:830} INFO - Processing file /home/airflow/.local/lib/python3.12/site-packages/airflow/example_dags/example_sla_dag.py for tasks to queue
[2024-06-08T14:10:55.988+0000] {logging_mixin.py:188} INFO - [2024-06-08T14:10:55.988+0000] {dagbag.py:545} INFO - Filling up the DagBag from /home/airflow/.local/lib/python3.12/site-packages/airflow/example_dags/example_sla_dag.py
[2024-06-08T14:10:56.067+0000] {processor.py:840} INFO - DAG(s) 'example_sla_dag' retrieved from /home/airflow/.local/lib/python3.12/site-packages/airflow/example_dags/example_sla_dag.py
[2024-06-08T14:10:56.145+0000] {logging_mixin.py:188} INFO - [2024-06-08T14:10:56.144+0000] {dag.py:3096} INFO - Sync 1 DAGs
[2024-06-08T14:10:56.231+0000] {logging_mixin.py:188} INFO - [2024-06-08T14:10:56.231+0000] {dag.py:3954} INFO - Setting next_dagrun for example_sla_dag to 2024-06-08 14:08:00+00:00, run_after=2024-06-08 14:10:00+00:00
[2024-06-08T14:10:56.320+0000] {processor.py:183} INFO - Processing /home/airflow/.local/lib/python3.12/site-packages/airflow/example_dags/example_sla_dag.py took 0.407 seconds
[2024-06-08T14:11:27.234+0000] {processor.py:161} INFO - Started process (PID=64096) to work on /home/airflow/.local/lib/python3.12/site-packages/airflow/example_dags/example_sla_dag.py
[2024-06-08T14:11:27.236+0000] {processor.py:830} INFO - Processing file /home/airflow/.local/lib/python3.12/site-packages/airflow/example_dags/example_sla_dag.py for tasks to queue
[2024-06-08T14:11:27.237+0000] {logging_mixin.py:188} INFO - [2024-06-08T14:11:27.237+0000] {dagbag.py:545} INFO - Filling up the DagBag from /home/airflow/.local/lib/python3.12/site-packages/airflow/example_dags/example_sla_dag.py
[2024-06-08T14:11:27.248+0000] {processor.py:840} INFO - DAG(s) 'example_sla_dag' retrieved from /home/airflow/.local/lib/python3.12/site-packages/airflow/example_dags/example_sla_dag.py
[2024-06-08T14:11:27.274+0000] {logging_mixin.py:188} INFO - [2024-06-08T14:11:27.274+0000] {dag.py:3096} INFO - Sync 1 DAGs
[2024-06-08T14:11:27.307+0000] {logging_mixin.py:188} INFO - [2024-06-08T14:11:27.307+0000] {dag.py:3954} INFO - Setting next_dagrun for example_sla_dag to 2024-06-08 14:08:00+00:00, run_after=2024-06-08 14:10:00+00:00
[2024-06-08T14:11:27.331+0000] {processor.py:183} INFO - Processing /home/airflow/.local/lib/python3.12/site-packages/airflow/example_dags/example_sla_dag.py took 0.105 seconds
[2024-06-08T15:12:11.598+0000] {processor.py:161} INFO - Started process (PID=64150) to work on /home/airflow/.local/lib/python3.12/site-packages/airflow/example_dags/example_sla_dag.py
[2024-06-08T15:12:11.601+0000] {processor.py:830} INFO - Processing file /home/airflow/.local/lib/python3.12/site-packages/airflow/example_dags/example_sla_dag.py for tasks to queue
[2024-06-08T15:12:11.603+0000] {logging_mixin.py:188} INFO - [2024-06-08T15:12:11.602+0000] {dagbag.py:545} INFO - Filling up the DagBag from /home/airflow/.local/lib/python3.12/site-packages/airflow/example_dags/example_sla_dag.py
[2024-06-08T15:12:11.614+0000] {processor.py:840} INFO - DAG(s) 'example_sla_dag' retrieved from /home/airflow/.local/lib/python3.12/site-packages/airflow/example_dags/example_sla_dag.py
[2024-06-08T15:12:11.640+0000] {logging_mixin.py:188} INFO - [2024-06-08T15:12:11.640+0000] {dag.py:3096} INFO - Sync 1 DAGs
[2024-06-08T15:12:11.673+0000] {logging_mixin.py:188} INFO - [2024-06-08T15:12:11.673+0000] {dag.py:3954} INFO - Setting next_dagrun for example_sla_dag to 2024-06-08 15:10:00+00:00, run_after=2024-06-08 15:12:00+00:00
[2024-06-08T15:12:11.696+0000] {processor.py:183} INFO - Processing /home/airflow/.local/lib/python3.12/site-packages/airflow/example_dags/example_sla_dag.py took 0.107 seconds
[2024-06-08T16:13:13.692+0000] {processor.py:161} INFO - Started process (PID=64216) to work on /home/airflow/.local/lib/python3.12/site-packages/airflow/example_dags/example_sla_dag.py
[2024-06-08T16:13:13.694+0000] {processor.py:830} INFO - Processing file /home/airflow/.local/lib/python3.12/site-packages/airflow/example_dags/example_sla_dag.py for tasks to queue
[2024-06-08T16:13:13.696+0000] {logging_mixin.py:188} INFO - [2024-06-08T16:13:13.696+0000] {dagbag.py:545} INFO - Filling up the DagBag from /home/airflow/.local/lib/python3.12/site-packages/airflow/example_dags/example_sla_dag.py
[2024-06-08T16:13:13.714+0000] {processor.py:840} INFO - DAG(s) 'example_sla_dag' retrieved from /home/airflow/.local/lib/python3.12/site-packages/airflow/example_dags/example_sla_dag.py
[2024-06-08T16:13:13.783+0000] {logging_mixin.py:188} INFO - [2024-06-08T16:13:13.783+0000] {dag.py:3096} INFO - Sync 1 DAGs
[2024-06-08T16:13:13.839+0000] {logging_mixin.py:188} INFO - [2024-06-08T16:13:13.839+0000] {dag.py:3954} INFO - Setting next_dagrun for example_sla_dag to 2024-06-08 16:10:00+00:00, run_after=2024-06-08 16:12:00+00:00
[2024-06-08T16:13:13.899+0000] {processor.py:183} INFO - Processing /home/airflow/.local/lib/python3.12/site-packages/airflow/example_dags/example_sla_dag.py took 0.220 seconds
[2024-06-08T16:13:54.973+0000] {processor.py:161} INFO - Started process (PID=64276) to work on /home/airflow/.local/lib/python3.12/site-packages/airflow/example_dags/example_sla_dag.py
[2024-06-08T16:13:54.975+0000] {processor.py:830} INFO - Processing file /home/airflow/.local/lib/python3.12/site-packages/airflow/example_dags/example_sla_dag.py for tasks to queue
[2024-06-08T16:13:54.977+0000] {logging_mixin.py:188} INFO - [2024-06-08T16:13:54.976+0000] {dagbag.py:545} INFO - Filling up the DagBag from /home/airflow/.local/lib/python3.12/site-packages/airflow/example_dags/example_sla_dag.py
[2024-06-08T16:13:54.993+0000] {processor.py:840} INFO - DAG(s) 'example_sla_dag' retrieved from /home/airflow/.local/lib/python3.12/site-packages/airflow/example_dags/example_sla_dag.py
[2024-06-08T16:13:55.032+0000] {logging_mixin.py:188} INFO - [2024-06-08T16:13:55.032+0000] {dag.py:3096} INFO - Sync 1 DAGs
[2024-06-08T16:13:55.088+0000] {logging_mixin.py:188} INFO - [2024-06-08T16:13:55.088+0000] {dag.py:3954} INFO - Setting next_dagrun for example_sla_dag to 2024-06-08 16:10:00+00:00, run_after=2024-06-08 16:12:00+00:00
[2024-06-08T16:13:55.135+0000] {processor.py:183} INFO - Processing /home/airflow/.local/lib/python3.12/site-packages/airflow/example_dags/example_sla_dag.py took 0.174 seconds
[2024-06-08T17:14:34.370+0000] {processor.py:161} INFO - Started process (PID=64330) to work on /home/airflow/.local/lib/python3.12/site-packages/airflow/example_dags/example_sla_dag.py
[2024-06-08T17:14:34.371+0000] {processor.py:830} INFO - Processing file /home/airflow/.local/lib/python3.12/site-packages/airflow/example_dags/example_sla_dag.py for tasks to queue
[2024-06-08T17:14:34.373+0000] {logging_mixin.py:188} INFO - [2024-06-08T17:14:34.372+0000] {dagbag.py:545} INFO - Filling up the DagBag from /home/airflow/.local/lib/python3.12/site-packages/airflow/example_dags/example_sla_dag.py
[2024-06-08T17:14:34.384+0000] {processor.py:840} INFO - DAG(s) 'example_sla_dag' retrieved from /home/airflow/.local/lib/python3.12/site-packages/airflow/example_dags/example_sla_dag.py
[2024-06-08T17:14:34.411+0000] {logging_mixin.py:188} INFO - [2024-06-08T17:14:34.410+0000] {dag.py:3096} INFO - Sync 1 DAGs
[2024-06-08T17:14:34.442+0000] {logging_mixin.py:188} INFO - [2024-06-08T17:14:34.442+0000] {dag.py:3954} INFO - Setting next_dagrun for example_sla_dag to 2024-06-08 17:12:00+00:00, run_after=2024-06-08 17:14:00+00:00
[2024-06-08T17:14:34.464+0000] {processor.py:183} INFO - Processing /home/airflow/.local/lib/python3.12/site-packages/airflow/example_dags/example_sla_dag.py took 0.102 seconds
[2024-06-08T18:08:40.011+0000] {processor.py:161} INFO - Started process (PID=64390) to work on /home/airflow/.local/lib/python3.12/site-packages/airflow/example_dags/example_sla_dag.py
[2024-06-08T18:08:40.019+0000] {processor.py:830} INFO - Processing file /home/airflow/.local/lib/python3.12/site-packages/airflow/example_dags/example_sla_dag.py for tasks to queue
[2024-06-08T18:08:40.021+0000] {logging_mixin.py:188} INFO - [2024-06-08T18:08:40.021+0000] {dagbag.py:545} INFO - Filling up the DagBag from /home/airflow/.local/lib/python3.12/site-packages/airflow/example_dags/example_sla_dag.py
[2024-06-08T18:08:40.040+0000] {processor.py:840} INFO - DAG(s) 'example_sla_dag' retrieved from /home/airflow/.local/lib/python3.12/site-packages/airflow/example_dags/example_sla_dag.py
[2024-06-08T18:08:40.104+0000] {logging_mixin.py:188} INFO - [2024-06-08T18:08:40.104+0000] {dag.py:3096} INFO - Sync 1 DAGs
[2024-06-08T18:08:40.178+0000] {logging_mixin.py:188} INFO - [2024-06-08T18:08:40.177+0000] {dag.py:3954} INFO - Setting next_dagrun for example_sla_dag to 2024-06-08 18:06:00+00:00, run_after=2024-06-08 18:08:00+00:00
[2024-06-08T18:08:40.235+0000] {processor.py:183} INFO - Processing /home/airflow/.local/lib/python3.12/site-packages/airflow/example_dags/example_sla_dag.py took 0.237 seconds
[2024-06-08T18:15:49.823+0000] {processor.py:161} INFO - Started process (PID=64450) to work on /home/airflow/.local/lib/python3.12/site-packages/airflow/example_dags/example_sla_dag.py
[2024-06-08T18:15:49.824+0000] {processor.py:830} INFO - Processing file /home/airflow/.local/lib/python3.12/site-packages/airflow/example_dags/example_sla_dag.py for tasks to queue
[2024-06-08T18:15:49.826+0000] {logging_mixin.py:188} INFO - [2024-06-08T18:15:49.825+0000] {dagbag.py:545} INFO - Filling up the DagBag from /home/airflow/.local/lib/python3.12/site-packages/airflow/example_dags/example_sla_dag.py
[2024-06-08T18:15:49.837+0000] {processor.py:840} INFO - DAG(s) 'example_sla_dag' retrieved from /home/airflow/.local/lib/python3.12/site-packages/airflow/example_dags/example_sla_dag.py
[2024-06-08T18:15:49.863+0000] {logging_mixin.py:188} INFO - [2024-06-08T18:15:49.862+0000] {dag.py:3096} INFO - Sync 1 DAGs
[2024-06-08T18:15:49.895+0000] {logging_mixin.py:188} INFO - [2024-06-08T18:15:49.894+0000] {dag.py:3954} INFO - Setting next_dagrun for example_sla_dag to 2024-06-08 18:12:00+00:00, run_after=2024-06-08 18:14:00+00:00
[2024-06-08T18:15:49.919+0000] {processor.py:183} INFO - Processing /home/airflow/.local/lib/python3.12/site-packages/airflow/example_dags/example_sla_dag.py took 0.104 seconds
[2024-06-08T18:52:16.816+0000] {processor.py:161} INFO - Started process (PID=64510) to work on /home/airflow/.local/lib/python3.12/site-packages/airflow/example_dags/example_sla_dag.py
[2024-06-08T18:52:16.818+0000] {processor.py:830} INFO - Processing file /home/airflow/.local/lib/python3.12/site-packages/airflow/example_dags/example_sla_dag.py for tasks to queue
[2024-06-08T18:52:16.819+0000] {logging_mixin.py:188} INFO - [2024-06-08T18:52:16.819+0000] {dagbag.py:545} INFO - Filling up the DagBag from /home/airflow/.local/lib/python3.12/site-packages/airflow/example_dags/example_sla_dag.py
[2024-06-08T18:52:16.831+0000] {processor.py:840} INFO - DAG(s) 'example_sla_dag' retrieved from /home/airflow/.local/lib/python3.12/site-packages/airflow/example_dags/example_sla_dag.py
[2024-06-08T18:52:16.857+0000] {logging_mixin.py:188} INFO - [2024-06-08T18:52:16.857+0000] {dag.py:3096} INFO - Sync 1 DAGs
[2024-06-08T18:52:16.889+0000] {logging_mixin.py:188} INFO - [2024-06-08T18:52:16.889+0000] {dag.py:3954} INFO - Setting next_dagrun for example_sla_dag to 2024-06-08 18:50:00+00:00, run_after=2024-06-08 18:52:00+00:00
[2024-06-08T18:52:16.914+0000] {processor.py:183} INFO - Processing /home/airflow/.local/lib/python3.12/site-packages/airflow/example_dags/example_sla_dag.py took 0.107 seconds
[2024-06-08T18:52:51.841+0000] {processor.py:161} INFO - Started process (PID=64570) to work on /home/airflow/.local/lib/python3.12/site-packages/airflow/example_dags/example_sla_dag.py
[2024-06-08T18:52:51.845+0000] {processor.py:830} INFO - Processing file /home/airflow/.local/lib/python3.12/site-packages/airflow/example_dags/example_sla_dag.py for tasks to queue
[2024-06-08T18:52:51.851+0000] {logging_mixin.py:188} INFO - [2024-06-08T18:52:51.848+0000] {dagbag.py:545} INFO - Filling up the DagBag from /home/airflow/.local/lib/python3.12/site-packages/airflow/example_dags/example_sla_dag.py
[2024-06-08T18:52:51.889+0000] {processor.py:840} INFO - DAG(s) 'example_sla_dag' retrieved from /home/airflow/.local/lib/python3.12/site-packages/airflow/example_dags/example_sla_dag.py
[2024-06-08T18:52:51.971+0000] {logging_mixin.py:188} INFO - [2024-06-08T18:52:51.969+0000] {dag.py:3096} INFO - Sync 1 DAGs
[2024-06-08T18:52:52.092+0000] {logging_mixin.py:188} INFO - [2024-06-08T18:52:52.092+0000] {dag.py:3954} INFO - Setting next_dagrun for example_sla_dag to 2024-06-08 18:50:00+00:00, run_after=2024-06-08 18:52:00+00:00
[2024-06-08T18:52:52.149+0000] {processor.py:183} INFO - Processing /home/airflow/.local/lib/python3.12/site-packages/airflow/example_dags/example_sla_dag.py took 0.322 seconds
[2024-06-08T19:12:40.677+0000] {processor.py:161} INFO - Started process (PID=64630) to work on /home/airflow/.local/lib/python3.12/site-packages/airflow/example_dags/example_sla_dag.py
[2024-06-08T19:12:40.678+0000] {processor.py:830} INFO - Processing file /home/airflow/.local/lib/python3.12/site-packages/airflow/example_dags/example_sla_dag.py for tasks to queue
[2024-06-08T19:12:40.679+0000] {logging_mixin.py:188} INFO - [2024-06-08T19:12:40.679+0000] {dagbag.py:545} INFO - Filling up the DagBag from /home/airflow/.local/lib/python3.12/site-packages/airflow/example_dags/example_sla_dag.py
[2024-06-08T19:12:40.690+0000] {processor.py:840} INFO - DAG(s) 'example_sla_dag' retrieved from /home/airflow/.local/lib/python3.12/site-packages/airflow/example_dags/example_sla_dag.py
[2024-06-08T19:12:40.718+0000] {logging_mixin.py:188} INFO - [2024-06-08T19:12:40.717+0000] {dag.py:3096} INFO - Sync 1 DAGs
[2024-06-08T19:12:40.751+0000] {logging_mixin.py:188} INFO - [2024-06-08T19:12:40.751+0000] {dag.py:3954} INFO - Setting next_dagrun for example_sla_dag to 2024-06-08 19:10:00+00:00, run_after=2024-06-08 19:12:00+00:00
[2024-06-08T19:12:40.777+0000] {processor.py:183} INFO - Processing /home/airflow/.local/lib/python3.12/site-packages/airflow/example_dags/example_sla_dag.py took 0.108 seconds
[2024-06-08T19:16:54.047+0000] {processor.py:161} INFO - Started process (PID=64690) to work on /home/airflow/.local/lib/python3.12/site-packages/airflow/example_dags/example_sla_dag.py
[2024-06-08T19:16:54.049+0000] {processor.py:830} INFO - Processing file /home/airflow/.local/lib/python3.12/site-packages/airflow/example_dags/example_sla_dag.py for tasks to queue
[2024-06-08T19:16:54.051+0000] {logging_mixin.py:188} INFO - [2024-06-08T19:16:54.051+0000] {dagbag.py:545} INFO - Filling up the DagBag from /home/airflow/.local/lib/python3.12/site-packages/airflow/example_dags/example_sla_dag.py
[2024-06-08T19:16:54.064+0000] {processor.py:840} INFO - DAG(s) 'example_sla_dag' retrieved from /home/airflow/.local/lib/python3.12/site-packages/airflow/example_dags/example_sla_dag.py
[2024-06-08T19:16:54.094+0000] {logging_mixin.py:188} INFO - [2024-06-08T19:16:54.093+0000] {dag.py:3096} INFO - Sync 1 DAGs
[2024-06-08T19:16:54.131+0000] {logging_mixin.py:188} INFO - [2024-06-08T19:16:54.130+0000] {dag.py:3954} INFO - Setting next_dagrun for example_sla_dag to 2024-06-08 19:14:00+00:00, run_after=2024-06-08 19:16:00+00:00
[2024-06-08T19:16:54.156+0000] {processor.py:183} INFO - Processing /home/airflow/.local/lib/python3.12/site-packages/airflow/example_dags/example_sla_dag.py took 0.119 seconds
[2024-06-08T20:17:51.865+0000] {processor.py:161} INFO - Started process (PID=64750) to work on /home/airflow/.local/lib/python3.12/site-packages/airflow/example_dags/example_sla_dag.py
[2024-06-08T20:17:51.867+0000] {processor.py:830} INFO - Processing file /home/airflow/.local/lib/python3.12/site-packages/airflow/example_dags/example_sla_dag.py for tasks to queue
[2024-06-08T20:17:51.870+0000] {logging_mixin.py:188} INFO - [2024-06-08T20:17:51.869+0000] {dagbag.py:545} INFO - Filling up the DagBag from /home/airflow/.local/lib/python3.12/site-packages/airflow/example_dags/example_sla_dag.py
[2024-06-08T20:17:51.888+0000] {processor.py:840} INFO - DAG(s) 'example_sla_dag' retrieved from /home/airflow/.local/lib/python3.12/site-packages/airflow/example_dags/example_sla_dag.py
[2024-06-08T20:17:51.931+0000] {logging_mixin.py:188} INFO - [2024-06-08T20:17:51.930+0000] {dag.py:3096} INFO - Sync 1 DAGs
[2024-06-08T20:17:51.977+0000] {logging_mixin.py:188} INFO - [2024-06-08T20:17:51.976+0000] {dag.py:3954} INFO - Setting next_dagrun for example_sla_dag to 2024-06-08 20:14:00+00:00, run_after=2024-06-08 20:16:00+00:00
[2024-06-08T20:17:52.003+0000] {processor.py:183} INFO - Processing /home/airflow/.local/lib/python3.12/site-packages/airflow/example_dags/example_sla_dag.py took 0.150 seconds
[2024-06-08T20:18:34.020+0000] {processor.py:161} INFO - Started process (PID=64810) to work on /home/airflow/.local/lib/python3.12/site-packages/airflow/example_dags/example_sla_dag.py
[2024-06-08T20:18:34.024+0000] {processor.py:830} INFO - Processing file /home/airflow/.local/lib/python3.12/site-packages/airflow/example_dags/example_sla_dag.py for tasks to queue
[2024-06-08T20:18:34.026+0000] {logging_mixin.py:188} INFO - [2024-06-08T20:18:34.026+0000] {dagbag.py:545} INFO - Filling up the DagBag from /home/airflow/.local/lib/python3.12/site-packages/airflow/example_dags/example_sla_dag.py
[2024-06-08T20:18:34.049+0000] {processor.py:840} INFO - DAG(s) 'example_sla_dag' retrieved from /home/airflow/.local/lib/python3.12/site-packages/airflow/example_dags/example_sla_dag.py
[2024-06-08T20:18:34.104+0000] {logging_mixin.py:188} INFO - [2024-06-08T20:18:34.103+0000] {dag.py:3096} INFO - Sync 1 DAGs
[2024-06-08T20:18:34.177+0000] {logging_mixin.py:188} INFO - [2024-06-08T20:18:34.177+0000] {dag.py:3954} INFO - Setting next_dagrun for example_sla_dag to 2024-06-08 20:16:00+00:00, run_after=2024-06-08 20:18:00+00:00
[2024-06-08T20:18:34.239+0000] {processor.py:183} INFO - Processing /home/airflow/.local/lib/python3.12/site-packages/airflow/example_dags/example_sla_dag.py took 0.234 seconds
