[2024-06-08T02:25:58.463+0000] {processor.py:161} INFO - Started process (PID=63177) to work on /home/airflow/.local/lib/python3.12/site-packages/airflow/example_dags/tutorial_taskflow_api.py
[2024-06-08T02:25:58.464+0000] {processor.py:830} INFO - Processing file /home/airflow/.local/lib/python3.12/site-packages/airflow/example_dags/tutorial_taskflow_api.py for tasks to queue
[2024-06-08T02:25:58.466+0000] {logging_mixin.py:188} INFO - [2024-06-08T02:25:58.466+0000] {dagbag.py:545} INFO - Filling up the DagBag from /home/airflow/.local/lib/python3.12/site-packages/airflow/example_dags/tutorial_taskflow_api.py
[2024-06-08T02:25:58.475+0000] {processor.py:840} INFO - DAG(s) 'tutorial_taskflow_api' retrieved from /home/airflow/.local/lib/python3.12/site-packages/airflow/example_dags/tutorial_taskflow_api.py
[2024-06-08T02:25:58.503+0000] {logging_mixin.py:188} INFO - [2024-06-08T02:25:58.503+0000] {dag.py:3096} INFO - Sync 1 DAGs
[2024-06-08T02:25:58.520+0000] {logging_mixin.py:188} INFO - [2024-06-08T02:25:58.520+0000] {dag.py:3954} INFO - Setting next_dagrun for tutorial_taskflow_api to None, run_after=None
[2024-06-08T02:25:58.544+0000] {processor.py:183} INFO - Processing /home/airflow/.local/lib/python3.12/site-packages/airflow/example_dags/tutorial_taskflow_api.py took 0.091 seconds
[2024-06-08T02:26:32.134+0000] {processor.py:161} INFO - Started process (PID=63242) to work on /home/airflow/.local/lib/python3.12/site-packages/airflow/example_dags/tutorial_taskflow_api.py
[2024-06-08T02:26:32.135+0000] {processor.py:830} INFO - Processing file /home/airflow/.local/lib/python3.12/site-packages/airflow/example_dags/tutorial_taskflow_api.py for tasks to queue
[2024-06-08T02:26:32.137+0000] {logging_mixin.py:188} INFO - [2024-06-08T02:26:32.137+0000] {dagbag.py:545} INFO - Filling up the DagBag from /home/airflow/.local/lib/python3.12/site-packages/airflow/example_dags/tutorial_taskflow_api.py
[2024-06-08T02:26:32.148+0000] {processor.py:840} INFO - DAG(s) 'tutorial_taskflow_api' retrieved from /home/airflow/.local/lib/python3.12/site-packages/airflow/example_dags/tutorial_taskflow_api.py
[2024-06-08T02:26:32.182+0000] {logging_mixin.py:188} INFO - [2024-06-08T02:26:32.182+0000] {dag.py:3096} INFO - Sync 1 DAGs
[2024-06-08T02:26:32.201+0000] {logging_mixin.py:188} INFO - [2024-06-08T02:26:32.201+0000] {dag.py:3954} INFO - Setting next_dagrun for tutorial_taskflow_api to None, run_after=None
[2024-06-08T02:26:32.233+0000] {processor.py:183} INFO - Processing /home/airflow/.local/lib/python3.12/site-packages/airflow/example_dags/tutorial_taskflow_api.py took 0.110 seconds
[2024-06-08T07:02:55.037+0000] {processor.py:161} INFO - Started process (PID=63296) to work on /home/airflow/.local/lib/python3.12/site-packages/airflow/example_dags/tutorial_taskflow_api.py
[2024-06-08T07:02:55.039+0000] {processor.py:830} INFO - Processing file /home/airflow/.local/lib/python3.12/site-packages/airflow/example_dags/tutorial_taskflow_api.py for tasks to queue
[2024-06-08T07:02:55.040+0000] {logging_mixin.py:188} INFO - [2024-06-08T07:02:55.040+0000] {dagbag.py:545} INFO - Filling up the DagBag from /home/airflow/.local/lib/python3.12/site-packages/airflow/example_dags/tutorial_taskflow_api.py
[2024-06-08T07:02:55.049+0000] {processor.py:840} INFO - DAG(s) 'tutorial_taskflow_api' retrieved from /home/airflow/.local/lib/python3.12/site-packages/airflow/example_dags/tutorial_taskflow_api.py
[2024-06-08T07:02:55.075+0000] {logging_mixin.py:188} INFO - [2024-06-08T07:02:55.075+0000] {dag.py:3096} INFO - Sync 1 DAGs
[2024-06-08T07:02:55.092+0000] {logging_mixin.py:188} INFO - [2024-06-08T07:02:55.091+0000] {dag.py:3954} INFO - Setting next_dagrun for tutorial_taskflow_api to None, run_after=None
[2024-06-08T07:02:55.115+0000] {processor.py:183} INFO - Processing /home/airflow/.local/lib/python3.12/site-packages/airflow/example_dags/tutorial_taskflow_api.py took 0.086 seconds
[2024-06-08T07:15:53.543+0000] {processor.py:161} INFO - Started process (PID=63356) to work on /home/airflow/.local/lib/python3.12/site-packages/airflow/example_dags/tutorial_taskflow_api.py
[2024-06-08T07:15:53.545+0000] {processor.py:830} INFO - Processing file /home/airflow/.local/lib/python3.12/site-packages/airflow/example_dags/tutorial_taskflow_api.py for tasks to queue
[2024-06-08T07:15:53.548+0000] {logging_mixin.py:188} INFO - [2024-06-08T07:15:53.547+0000] {dagbag.py:545} INFO - Filling up the DagBag from /home/airflow/.local/lib/python3.12/site-packages/airflow/example_dags/tutorial_taskflow_api.py
[2024-06-08T07:15:53.560+0000] {processor.py:840} INFO - DAG(s) 'tutorial_taskflow_api' retrieved from /home/airflow/.local/lib/python3.12/site-packages/airflow/example_dags/tutorial_taskflow_api.py
[2024-06-08T07:15:53.611+0000] {logging_mixin.py:188} INFO - [2024-06-08T07:15:53.610+0000] {dag.py:3096} INFO - Sync 1 DAGs
[2024-06-08T07:15:53.650+0000] {logging_mixin.py:188} INFO - [2024-06-08T07:15:53.650+0000] {dag.py:3954} INFO - Setting next_dagrun for tutorial_taskflow_api to None, run_after=None
[2024-06-08T07:15:53.726+0000] {processor.py:183} INFO - Processing /home/airflow/.local/lib/python3.12/site-packages/airflow/example_dags/tutorial_taskflow_api.py took 0.195 seconds
[2024-06-08T08:04:09.764+0000] {processor.py:161} INFO - Started process (PID=63416) to work on /home/airflow/.local/lib/python3.12/site-packages/airflow/example_dags/tutorial_taskflow_api.py
[2024-06-08T08:04:09.766+0000] {processor.py:830} INFO - Processing file /home/airflow/.local/lib/python3.12/site-packages/airflow/example_dags/tutorial_taskflow_api.py for tasks to queue
[2024-06-08T08:04:09.768+0000] {logging_mixin.py:188} INFO - [2024-06-08T08:04:09.767+0000] {dagbag.py:545} INFO - Filling up the DagBag from /home/airflow/.local/lib/python3.12/site-packages/airflow/example_dags/tutorial_taskflow_api.py
[2024-06-08T08:04:09.777+0000] {processor.py:840} INFO - DAG(s) 'tutorial_taskflow_api' retrieved from /home/airflow/.local/lib/python3.12/site-packages/airflow/example_dags/tutorial_taskflow_api.py
[2024-06-08T08:04:09.808+0000] {logging_mixin.py:188} INFO - [2024-06-08T08:04:09.808+0000] {dag.py:3096} INFO - Sync 1 DAGs
[2024-06-08T08:04:09.825+0000] {logging_mixin.py:188} INFO - [2024-06-08T08:04:09.825+0000] {dag.py:3954} INFO - Setting next_dagrun for tutorial_taskflow_api to None, run_after=None
[2024-06-08T08:04:09.850+0000] {processor.py:183} INFO - Processing /home/airflow/.local/lib/python3.12/site-packages/airflow/example_dags/tutorial_taskflow_api.py took 0.096 seconds
[2024-06-08T09:05:07.615+0000] {processor.py:161} INFO - Started process (PID=63476) to work on /home/airflow/.local/lib/python3.12/site-packages/airflow/example_dags/tutorial_taskflow_api.py
[2024-06-08T09:05:07.617+0000] {processor.py:830} INFO - Processing file /home/airflow/.local/lib/python3.12/site-packages/airflow/example_dags/tutorial_taskflow_api.py for tasks to queue
[2024-06-08T09:05:07.619+0000] {logging_mixin.py:188} INFO - [2024-06-08T09:05:07.618+0000] {dagbag.py:545} INFO - Filling up the DagBag from /home/airflow/.local/lib/python3.12/site-packages/airflow/example_dags/tutorial_taskflow_api.py
[2024-06-08T09:05:07.631+0000] {processor.py:840} INFO - DAG(s) 'tutorial_taskflow_api' retrieved from /home/airflow/.local/lib/python3.12/site-packages/airflow/example_dags/tutorial_taskflow_api.py
[2024-06-08T09:05:07.669+0000] {logging_mixin.py:188} INFO - [2024-06-08T09:05:07.669+0000] {dag.py:3096} INFO - Sync 1 DAGs
[2024-06-08T09:05:07.699+0000] {logging_mixin.py:188} INFO - [2024-06-08T09:05:07.698+0000] {dag.py:3954} INFO - Setting next_dagrun for tutorial_taskflow_api to None, run_after=None
[2024-06-08T09:05:07.737+0000] {processor.py:183} INFO - Processing /home/airflow/.local/lib/python3.12/site-packages/airflow/example_dags/tutorial_taskflow_api.py took 0.134 seconds
[2024-06-08T09:05:37.811+0000] {processor.py:161} INFO - Started process (PID=63535) to work on /home/airflow/.local/lib/python3.12/site-packages/airflow/example_dags/tutorial_taskflow_api.py
[2024-06-08T09:05:37.813+0000] {processor.py:830} INFO - Processing file /home/airflow/.local/lib/python3.12/site-packages/airflow/example_dags/tutorial_taskflow_api.py for tasks to queue
[2024-06-08T09:05:37.814+0000] {logging_mixin.py:188} INFO - [2024-06-08T09:05:37.814+0000] {dagbag.py:545} INFO - Filling up the DagBag from /home/airflow/.local/lib/python3.12/site-packages/airflow/example_dags/tutorial_taskflow_api.py
[2024-06-08T09:05:37.822+0000] {processor.py:840} INFO - DAG(s) 'tutorial_taskflow_api' retrieved from /home/airflow/.local/lib/python3.12/site-packages/airflow/example_dags/tutorial_taskflow_api.py
[2024-06-08T09:05:37.848+0000] {logging_mixin.py:188} INFO - [2024-06-08T09:05:37.848+0000] {dag.py:3096} INFO - Sync 1 DAGs
[2024-06-08T09:05:37.865+0000] {logging_mixin.py:188} INFO - [2024-06-08T09:05:37.864+0000] {dag.py:3954} INFO - Setting next_dagrun for tutorial_taskflow_api to None, run_after=None
[2024-06-08T09:05:37.889+0000] {processor.py:183} INFO - Processing /home/airflow/.local/lib/python3.12/site-packages/airflow/example_dags/tutorial_taskflow_api.py took 0.085 seconds
[2024-06-08T10:06:31.113+0000] {processor.py:161} INFO - Started process (PID=63596) to work on /home/airflow/.local/lib/python3.12/site-packages/airflow/example_dags/tutorial_taskflow_api.py
[2024-06-08T10:06:31.115+0000] {processor.py:830} INFO - Processing file /home/airflow/.local/lib/python3.12/site-packages/airflow/example_dags/tutorial_taskflow_api.py for tasks to queue
[2024-06-08T10:06:31.116+0000] {logging_mixin.py:188} INFO - [2024-06-08T10:06:31.116+0000] {dagbag.py:545} INFO - Filling up the DagBag from /home/airflow/.local/lib/python3.12/site-packages/airflow/example_dags/tutorial_taskflow_api.py
[2024-06-08T10:06:31.125+0000] {processor.py:840} INFO - DAG(s) 'tutorial_taskflow_api' retrieved from /home/airflow/.local/lib/python3.12/site-packages/airflow/example_dags/tutorial_taskflow_api.py
[2024-06-08T10:06:31.153+0000] {logging_mixin.py:188} INFO - [2024-06-08T10:06:31.152+0000] {dag.py:3096} INFO - Sync 1 DAGs
[2024-06-08T10:06:31.176+0000] {logging_mixin.py:188} INFO - [2024-06-08T10:06:31.175+0000] {dag.py:3954} INFO - Setting next_dagrun for tutorial_taskflow_api to None, run_after=None
[2024-06-08T10:06:31.211+0000] {processor.py:183} INFO - Processing /home/airflow/.local/lib/python3.12/site-packages/airflow/example_dags/tutorial_taskflow_api.py took 0.106 seconds
[2024-06-08T10:39:01.910+0000] {processor.py:161} INFO - Started process (PID=63656) to work on /home/airflow/.local/lib/python3.12/site-packages/airflow/example_dags/tutorial_taskflow_api.py
[2024-06-08T10:39:01.912+0000] {processor.py:830} INFO - Processing file /home/airflow/.local/lib/python3.12/site-packages/airflow/example_dags/tutorial_taskflow_api.py for tasks to queue
[2024-06-08T10:39:01.914+0000] {logging_mixin.py:188} INFO - [2024-06-08T10:39:01.913+0000] {dagbag.py:545} INFO - Filling up the DagBag from /home/airflow/.local/lib/python3.12/site-packages/airflow/example_dags/tutorial_taskflow_api.py
[2024-06-08T10:39:01.928+0000] {processor.py:840} INFO - DAG(s) 'tutorial_taskflow_api' retrieved from /home/airflow/.local/lib/python3.12/site-packages/airflow/example_dags/tutorial_taskflow_api.py
[2024-06-08T10:39:01.967+0000] {logging_mixin.py:188} INFO - [2024-06-08T10:39:01.966+0000] {dag.py:3096} INFO - Sync 1 DAGs
[2024-06-08T10:39:01.993+0000] {logging_mixin.py:188} INFO - [2024-06-08T10:39:01.992+0000] {dag.py:3954} INFO - Setting next_dagrun for tutorial_taskflow_api to None, run_after=None
[2024-06-08T10:39:02.030+0000] {processor.py:183} INFO - Processing /home/airflow/.local/lib/python3.12/site-packages/airflow/example_dags/tutorial_taskflow_api.py took 0.131 seconds
[2024-06-08T10:39:32.062+0000] {processor.py:161} INFO - Started process (PID=63715) to work on /home/airflow/.local/lib/python3.12/site-packages/airflow/example_dags/tutorial_taskflow_api.py
[2024-06-08T10:39:32.064+0000] {processor.py:830} INFO - Processing file /home/airflow/.local/lib/python3.12/site-packages/airflow/example_dags/tutorial_taskflow_api.py for tasks to queue
[2024-06-08T10:39:32.065+0000] {logging_mixin.py:188} INFO - [2024-06-08T10:39:32.065+0000] {dagbag.py:545} INFO - Filling up the DagBag from /home/airflow/.local/lib/python3.12/site-packages/airflow/example_dags/tutorial_taskflow_api.py
[2024-06-08T10:39:32.073+0000] {processor.py:840} INFO - DAG(s) 'tutorial_taskflow_api' retrieved from /home/airflow/.local/lib/python3.12/site-packages/airflow/example_dags/tutorial_taskflow_api.py
[2024-06-08T10:39:32.101+0000] {logging_mixin.py:188} INFO - [2024-06-08T10:39:32.100+0000] {dag.py:3096} INFO - Sync 1 DAGs
[2024-06-08T10:39:32.117+0000] {logging_mixin.py:188} INFO - [2024-06-08T10:39:32.117+0000] {dag.py:3954} INFO - Setting next_dagrun for tutorial_taskflow_api to None, run_after=None
[2024-06-08T10:39:32.141+0000] {processor.py:183} INFO - Processing /home/airflow/.local/lib/python3.12/site-packages/airflow/example_dags/tutorial_taskflow_api.py took 0.086 seconds
[2024-06-08T11:07:36.593+0000] {processor.py:161} INFO - Started process (PID=63776) to work on /home/airflow/.local/lib/python3.12/site-packages/airflow/example_dags/tutorial_taskflow_api.py
[2024-06-08T11:07:36.595+0000] {processor.py:830} INFO - Processing file /home/airflow/.local/lib/python3.12/site-packages/airflow/example_dags/tutorial_taskflow_api.py for tasks to queue
[2024-06-08T11:07:36.596+0000] {logging_mixin.py:188} INFO - [2024-06-08T11:07:36.596+0000] {dagbag.py:545} INFO - Filling up the DagBag from /home/airflow/.local/lib/python3.12/site-packages/airflow/example_dags/tutorial_taskflow_api.py
[2024-06-08T11:07:36.606+0000] {processor.py:840} INFO - DAG(s) 'tutorial_taskflow_api' retrieved from /home/airflow/.local/lib/python3.12/site-packages/airflow/example_dags/tutorial_taskflow_api.py
[2024-06-08T11:07:36.633+0000] {logging_mixin.py:188} INFO - [2024-06-08T11:07:36.633+0000] {dag.py:3096} INFO - Sync 1 DAGs
[2024-06-08T11:07:36.650+0000] {logging_mixin.py:188} INFO - [2024-06-08T11:07:36.650+0000] {dag.py:3954} INFO - Setting next_dagrun for tutorial_taskflow_api to None, run_after=None
[2024-06-08T11:07:36.678+0000] {processor.py:183} INFO - Processing /home/airflow/.local/lib/python3.12/site-packages/airflow/example_dags/tutorial_taskflow_api.py took 0.093 seconds
[2024-06-08T12:08:36.824+0000] {processor.py:161} INFO - Started process (PID=63837) to work on /home/airflow/.local/lib/python3.12/site-packages/airflow/example_dags/tutorial_taskflow_api.py
[2024-06-08T12:08:36.826+0000] {processor.py:830} INFO - Processing file /home/airflow/.local/lib/python3.12/site-packages/airflow/example_dags/tutorial_taskflow_api.py for tasks to queue
[2024-06-08T12:08:36.828+0000] {logging_mixin.py:188} INFO - [2024-06-08T12:08:36.827+0000] {dagbag.py:545} INFO - Filling up the DagBag from /home/airflow/.local/lib/python3.12/site-packages/airflow/example_dags/tutorial_taskflow_api.py
[2024-06-08T12:08:36.841+0000] {processor.py:840} INFO - DAG(s) 'tutorial_taskflow_api' retrieved from /home/airflow/.local/lib/python3.12/site-packages/airflow/example_dags/tutorial_taskflow_api.py
[2024-06-08T12:08:36.880+0000] {logging_mixin.py:188} INFO - [2024-06-08T12:08:36.879+0000] {dag.py:3096} INFO - Sync 1 DAGs
[2024-06-08T12:08:36.908+0000] {logging_mixin.py:188} INFO - [2024-06-08T12:08:36.908+0000] {dag.py:3954} INFO - Setting next_dagrun for tutorial_taskflow_api to None, run_after=None
[2024-06-08T12:08:36.946+0000] {processor.py:183} INFO - Processing /home/airflow/.local/lib/python3.12/site-packages/airflow/example_dags/tutorial_taskflow_api.py took 0.133 seconds
[2024-06-08T12:09:07.938+0000] {processor.py:161} INFO - Started process (PID=63897) to work on /home/airflow/.local/lib/python3.12/site-packages/airflow/example_dags/tutorial_taskflow_api.py
[2024-06-08T12:09:07.943+0000] {processor.py:830} INFO - Processing file /home/airflow/.local/lib/python3.12/site-packages/airflow/example_dags/tutorial_taskflow_api.py for tasks to queue
[2024-06-08T12:09:07.945+0000] {logging_mixin.py:188} INFO - [2024-06-08T12:09:07.945+0000] {dagbag.py:545} INFO - Filling up the DagBag from /home/airflow/.local/lib/python3.12/site-packages/airflow/example_dags/tutorial_taskflow_api.py
[2024-06-08T12:09:07.954+0000] {processor.py:840} INFO - DAG(s) 'tutorial_taskflow_api' retrieved from /home/airflow/.local/lib/python3.12/site-packages/airflow/example_dags/tutorial_taskflow_api.py
[2024-06-08T12:09:07.983+0000] {logging_mixin.py:188} INFO - [2024-06-08T12:09:07.983+0000] {dag.py:3096} INFO - Sync 1 DAGs
[2024-06-08T12:09:08.000+0000] {logging_mixin.py:188} INFO - [2024-06-08T12:09:08.000+0000] {dag.py:3954} INFO - Setting next_dagrun for tutorial_taskflow_api to None, run_after=None
[2024-06-08T12:09:08.026+0000] {processor.py:183} INFO - Processing /home/airflow/.local/lib/python3.12/site-packages/airflow/example_dags/tutorial_taskflow_api.py took 0.097 seconds
[2024-06-08T13:09:58.649+0000] {processor.py:161} INFO - Started process (PID=63957) to work on /home/airflow/.local/lib/python3.12/site-packages/airflow/example_dags/tutorial_taskflow_api.py
[2024-06-08T13:09:58.651+0000] {processor.py:830} INFO - Processing file /home/airflow/.local/lib/python3.12/site-packages/airflow/example_dags/tutorial_taskflow_api.py for tasks to queue
[2024-06-08T13:09:58.652+0000] {logging_mixin.py:188} INFO - [2024-06-08T13:09:58.652+0000] {dagbag.py:545} INFO - Filling up the DagBag from /home/airflow/.local/lib/python3.12/site-packages/airflow/example_dags/tutorial_taskflow_api.py
[2024-06-08T13:09:58.661+0000] {processor.py:840} INFO - DAG(s) 'tutorial_taskflow_api' retrieved from /home/airflow/.local/lib/python3.12/site-packages/airflow/example_dags/tutorial_taskflow_api.py
[2024-06-08T13:09:58.688+0000] {logging_mixin.py:188} INFO - [2024-06-08T13:09:58.688+0000] {dag.py:3096} INFO - Sync 1 DAGs
[2024-06-08T13:09:58.706+0000] {logging_mixin.py:188} INFO - [2024-06-08T13:09:58.705+0000] {dag.py:3954} INFO - Setting next_dagrun for tutorial_taskflow_api to None, run_after=None
[2024-06-08T13:09:58.748+0000] {processor.py:183} INFO - Processing /home/airflow/.local/lib/python3.12/site-packages/airflow/example_dags/tutorial_taskflow_api.py took 0.107 seconds
[2024-06-08T14:10:54.257+0000] {processor.py:161} INFO - Started process (PID=64017) to work on /home/airflow/.local/lib/python3.12/site-packages/airflow/example_dags/tutorial_taskflow_api.py
[2024-06-08T14:10:54.259+0000] {processor.py:830} INFO - Processing file /home/airflow/.local/lib/python3.12/site-packages/airflow/example_dags/tutorial_taskflow_api.py for tasks to queue
[2024-06-08T14:10:54.261+0000] {logging_mixin.py:188} INFO - [2024-06-08T14:10:54.261+0000] {dagbag.py:545} INFO - Filling up the DagBag from /home/airflow/.local/lib/python3.12/site-packages/airflow/example_dags/tutorial_taskflow_api.py
[2024-06-08T14:10:54.274+0000] {processor.py:840} INFO - DAG(s) 'tutorial_taskflow_api' retrieved from /home/airflow/.local/lib/python3.12/site-packages/airflow/example_dags/tutorial_taskflow_api.py
[2024-06-08T14:10:54.313+0000] {logging_mixin.py:188} INFO - [2024-06-08T14:10:54.313+0000] {dag.py:3096} INFO - Sync 1 DAGs
[2024-06-08T14:10:54.335+0000] {logging_mixin.py:188} INFO - [2024-06-08T14:10:54.335+0000] {dag.py:3954} INFO - Setting next_dagrun for tutorial_taskflow_api to None, run_after=None
[2024-06-08T14:10:54.369+0000] {processor.py:183} INFO - Processing /home/airflow/.local/lib/python3.12/site-packages/airflow/example_dags/tutorial_taskflow_api.py took 0.121 seconds
[2024-06-08T14:11:25.290+0000] {processor.py:161} INFO - Started process (PID=64077) to work on /home/airflow/.local/lib/python3.12/site-packages/airflow/example_dags/tutorial_taskflow_api.py
[2024-06-08T14:11:25.292+0000] {processor.py:830} INFO - Processing file /home/airflow/.local/lib/python3.12/site-packages/airflow/example_dags/tutorial_taskflow_api.py for tasks to queue
[2024-06-08T14:11:25.293+0000] {logging_mixin.py:188} INFO - [2024-06-08T14:11:25.293+0000] {dagbag.py:545} INFO - Filling up the DagBag from /home/airflow/.local/lib/python3.12/site-packages/airflow/example_dags/tutorial_taskflow_api.py
[2024-06-08T14:11:25.302+0000] {processor.py:840} INFO - DAG(s) 'tutorial_taskflow_api' retrieved from /home/airflow/.local/lib/python3.12/site-packages/airflow/example_dags/tutorial_taskflow_api.py
[2024-06-08T14:11:25.330+0000] {logging_mixin.py:188} INFO - [2024-06-08T14:11:25.329+0000] {dag.py:3096} INFO - Sync 1 DAGs
[2024-06-08T14:11:25.348+0000] {logging_mixin.py:188} INFO - [2024-06-08T14:11:25.348+0000] {dag.py:3954} INFO - Setting next_dagrun for tutorial_taskflow_api to None, run_after=None
[2024-06-08T14:11:25.373+0000] {processor.py:183} INFO - Processing /home/airflow/.local/lib/python3.12/site-packages/airflow/example_dags/tutorial_taskflow_api.py took 0.090 seconds
[2024-06-08T15:12:10.609+0000] {processor.py:161} INFO - Started process (PID=64137) to work on /home/airflow/.local/lib/python3.12/site-packages/airflow/example_dags/tutorial_taskflow_api.py
[2024-06-08T15:12:10.611+0000] {processor.py:830} INFO - Processing file /home/airflow/.local/lib/python3.12/site-packages/airflow/example_dags/tutorial_taskflow_api.py for tasks to queue
[2024-06-08T15:12:10.612+0000] {logging_mixin.py:188} INFO - [2024-06-08T15:12:10.612+0000] {dagbag.py:545} INFO - Filling up the DagBag from /home/airflow/.local/lib/python3.12/site-packages/airflow/example_dags/tutorial_taskflow_api.py
[2024-06-08T15:12:10.622+0000] {processor.py:840} INFO - DAG(s) 'tutorial_taskflow_api' retrieved from /home/airflow/.local/lib/python3.12/site-packages/airflow/example_dags/tutorial_taskflow_api.py
[2024-06-08T15:12:10.652+0000] {logging_mixin.py:188} INFO - [2024-06-08T15:12:10.651+0000] {dag.py:3096} INFO - Sync 1 DAGs
[2024-06-08T15:12:10.671+0000] {logging_mixin.py:188} INFO - [2024-06-08T15:12:10.671+0000] {dag.py:3954} INFO - Setting next_dagrun for tutorial_taskflow_api to None, run_after=None
[2024-06-08T15:12:10.698+0000] {processor.py:183} INFO - Processing /home/airflow/.local/lib/python3.12/site-packages/airflow/example_dags/tutorial_taskflow_api.py took 0.099 seconds
[2024-06-08T16:13:11.501+0000] {processor.py:161} INFO - Started process (PID=64197) to work on /home/airflow/.local/lib/python3.12/site-packages/airflow/example_dags/tutorial_taskflow_api.py
[2024-06-08T16:13:11.503+0000] {processor.py:830} INFO - Processing file /home/airflow/.local/lib/python3.12/site-packages/airflow/example_dags/tutorial_taskflow_api.py for tasks to queue
[2024-06-08T16:13:11.505+0000] {logging_mixin.py:188} INFO - [2024-06-08T16:13:11.504+0000] {dagbag.py:545} INFO - Filling up the DagBag from /home/airflow/.local/lib/python3.12/site-packages/airflow/example_dags/tutorial_taskflow_api.py
[2024-06-08T16:13:11.517+0000] {processor.py:840} INFO - DAG(s) 'tutorial_taskflow_api' retrieved from /home/airflow/.local/lib/python3.12/site-packages/airflow/example_dags/tutorial_taskflow_api.py
[2024-06-08T16:13:11.555+0000] {logging_mixin.py:188} INFO - [2024-06-08T16:13:11.555+0000] {dag.py:3096} INFO - Sync 1 DAGs
[2024-06-08T16:13:11.586+0000] {logging_mixin.py:188} INFO - [2024-06-08T16:13:11.585+0000] {dag.py:3954} INFO - Setting next_dagrun for tutorial_taskflow_api to None, run_after=None
[2024-06-08T16:13:11.637+0000] {processor.py:183} INFO - Processing /home/airflow/.local/lib/python3.12/site-packages/airflow/example_dags/tutorial_taskflow_api.py took 0.147 seconds
[2024-06-08T16:13:41.668+0000] {processor.py:161} INFO - Started process (PID=64256) to work on /home/airflow/.local/lib/python3.12/site-packages/airflow/example_dags/tutorial_taskflow_api.py
[2024-06-08T16:13:41.669+0000] {processor.py:830} INFO - Processing file /home/airflow/.local/lib/python3.12/site-packages/airflow/example_dags/tutorial_taskflow_api.py for tasks to queue
[2024-06-08T16:13:41.670+0000] {logging_mixin.py:188} INFO - [2024-06-08T16:13:41.670+0000] {dagbag.py:545} INFO - Filling up the DagBag from /home/airflow/.local/lib/python3.12/site-packages/airflow/example_dags/tutorial_taskflow_api.py
[2024-06-08T16:13:41.679+0000] {processor.py:840} INFO - DAG(s) 'tutorial_taskflow_api' retrieved from /home/airflow/.local/lib/python3.12/site-packages/airflow/example_dags/tutorial_taskflow_api.py
[2024-06-08T16:13:41.706+0000] {logging_mixin.py:188} INFO - [2024-06-08T16:13:41.706+0000] {dag.py:3096} INFO - Sync 1 DAGs
[2024-06-08T16:13:41.723+0000] {logging_mixin.py:188} INFO - [2024-06-08T16:13:41.722+0000] {dag.py:3954} INFO - Setting next_dagrun for tutorial_taskflow_api to None, run_after=None
[2024-06-08T16:13:41.751+0000] {processor.py:183} INFO - Processing /home/airflow/.local/lib/python3.12/site-packages/airflow/example_dags/tutorial_taskflow_api.py took 0.091 seconds
[2024-06-08T17:14:33.419+0000] {processor.py:161} INFO - Started process (PID=64317) to work on /home/airflow/.local/lib/python3.12/site-packages/airflow/example_dags/tutorial_taskflow_api.py
[2024-06-08T17:14:33.420+0000] {processor.py:830} INFO - Processing file /home/airflow/.local/lib/python3.12/site-packages/airflow/example_dags/tutorial_taskflow_api.py for tasks to queue
[2024-06-08T17:14:33.422+0000] {logging_mixin.py:188} INFO - [2024-06-08T17:14:33.422+0000] {dagbag.py:545} INFO - Filling up the DagBag from /home/airflow/.local/lib/python3.12/site-packages/airflow/example_dags/tutorial_taskflow_api.py
[2024-06-08T17:14:33.433+0000] {processor.py:840} INFO - DAG(s) 'tutorial_taskflow_api' retrieved from /home/airflow/.local/lib/python3.12/site-packages/airflow/example_dags/tutorial_taskflow_api.py
[2024-06-08T17:14:33.463+0000] {logging_mixin.py:188} INFO - [2024-06-08T17:14:33.463+0000] {dag.py:3096} INFO - Sync 1 DAGs
[2024-06-08T17:14:33.481+0000] {logging_mixin.py:188} INFO - [2024-06-08T17:14:33.481+0000] {dag.py:3954} INFO - Setting next_dagrun for tutorial_taskflow_api to None, run_after=None
[2024-06-08T17:14:33.505+0000] {processor.py:183} INFO - Processing /home/airflow/.local/lib/python3.12/site-packages/airflow/example_dags/tutorial_taskflow_api.py took 0.094 seconds
[2024-06-08T18:08:37.958+0000] {processor.py:161} INFO - Started process (PID=64377) to work on /home/airflow/.local/lib/python3.12/site-packages/airflow/example_dags/tutorial_taskflow_api.py
[2024-06-08T18:08:37.960+0000] {processor.py:830} INFO - Processing file /home/airflow/.local/lib/python3.12/site-packages/airflow/example_dags/tutorial_taskflow_api.py for tasks to queue
[2024-06-08T18:08:37.962+0000] {logging_mixin.py:188} INFO - [2024-06-08T18:08:37.962+0000] {dagbag.py:545} INFO - Filling up the DagBag from /home/airflow/.local/lib/python3.12/site-packages/airflow/example_dags/tutorial_taskflow_api.py
[2024-06-08T18:08:37.976+0000] {processor.py:840} INFO - DAG(s) 'tutorial_taskflow_api' retrieved from /home/airflow/.local/lib/python3.12/site-packages/airflow/example_dags/tutorial_taskflow_api.py
[2024-06-08T18:08:38.017+0000] {logging_mixin.py:188} INFO - [2024-06-08T18:08:38.016+0000] {dag.py:3096} INFO - Sync 1 DAGs
[2024-06-08T18:08:38.044+0000] {logging_mixin.py:188} INFO - [2024-06-08T18:08:38.044+0000] {dag.py:3954} INFO - Setting next_dagrun for tutorial_taskflow_api to None, run_after=None
[2024-06-08T18:08:38.093+0000] {processor.py:183} INFO - Processing /home/airflow/.local/lib/python3.12/site-packages/airflow/example_dags/tutorial_taskflow_api.py took 0.145 seconds
[2024-06-08T18:15:48.868+0000] {processor.py:161} INFO - Started process (PID=64437) to work on /home/airflow/.local/lib/python3.12/site-packages/airflow/example_dags/tutorial_taskflow_api.py
[2024-06-08T18:15:48.869+0000] {processor.py:830} INFO - Processing file /home/airflow/.local/lib/python3.12/site-packages/airflow/example_dags/tutorial_taskflow_api.py for tasks to queue
[2024-06-08T18:15:48.895+0000] {logging_mixin.py:188} INFO - [2024-06-08T18:15:48.894+0000] {dagbag.py:545} INFO - Filling up the DagBag from /home/airflow/.local/lib/python3.12/site-packages/airflow/example_dags/tutorial_taskflow_api.py
[2024-06-08T18:15:48.905+0000] {processor.py:840} INFO - DAG(s) 'tutorial_taskflow_api' retrieved from /home/airflow/.local/lib/python3.12/site-packages/airflow/example_dags/tutorial_taskflow_api.py
[2024-06-08T18:15:48.933+0000] {logging_mixin.py:188} INFO - [2024-06-08T18:15:48.933+0000] {dag.py:3096} INFO - Sync 1 DAGs
[2024-06-08T18:15:48.952+0000] {logging_mixin.py:188} INFO - [2024-06-08T18:15:48.952+0000] {dag.py:3954} INFO - Setting next_dagrun for tutorial_taskflow_api to None, run_after=None
[2024-06-08T18:15:48.975+0000] {processor.py:183} INFO - Processing /home/airflow/.local/lib/python3.12/site-packages/airflow/example_dags/tutorial_taskflow_api.py took 0.117 seconds
[2024-06-08T18:52:15.722+0000] {processor.py:161} INFO - Started process (PID=64497) to work on /home/airflow/.local/lib/python3.12/site-packages/airflow/example_dags/tutorial_taskflow_api.py
[2024-06-08T18:52:15.724+0000] {processor.py:830} INFO - Processing file /home/airflow/.local/lib/python3.12/site-packages/airflow/example_dags/tutorial_taskflow_api.py for tasks to queue
[2024-06-08T18:52:15.726+0000] {logging_mixin.py:188} INFO - [2024-06-08T18:52:15.726+0000] {dagbag.py:545} INFO - Filling up the DagBag from /home/airflow/.local/lib/python3.12/site-packages/airflow/example_dags/tutorial_taskflow_api.py
[2024-06-08T18:52:15.738+0000] {processor.py:840} INFO - DAG(s) 'tutorial_taskflow_api' retrieved from /home/airflow/.local/lib/python3.12/site-packages/airflow/example_dags/tutorial_taskflow_api.py
[2024-06-08T18:52:15.780+0000] {logging_mixin.py:188} INFO - [2024-06-08T18:52:15.780+0000] {dag.py:3096} INFO - Sync 1 DAGs
[2024-06-08T18:52:15.809+0000] {logging_mixin.py:188} INFO - [2024-06-08T18:52:15.809+0000] {dag.py:3954} INFO - Setting next_dagrun for tutorial_taskflow_api to None, run_after=None
[2024-06-08T18:52:15.846+0000] {processor.py:183} INFO - Processing /home/airflow/.local/lib/python3.12/site-packages/airflow/example_dags/tutorial_taskflow_api.py took 0.134 seconds
[2024-06-08T18:52:49.980+0000] {processor.py:161} INFO - Started process (PID=64556) to work on /home/airflow/.local/lib/python3.12/site-packages/airflow/example_dags/tutorial_taskflow_api.py
[2024-06-08T18:52:49.981+0000] {processor.py:830} INFO - Processing file /home/airflow/.local/lib/python3.12/site-packages/airflow/example_dags/tutorial_taskflow_api.py for tasks to queue
[2024-06-08T18:52:49.983+0000] {logging_mixin.py:188} INFO - [2024-06-08T18:52:49.983+0000] {dagbag.py:545} INFO - Filling up the DagBag from /home/airflow/.local/lib/python3.12/site-packages/airflow/example_dags/tutorial_taskflow_api.py
[2024-06-08T18:52:49.996+0000] {processor.py:840} INFO - DAG(s) 'tutorial_taskflow_api' retrieved from /home/airflow/.local/lib/python3.12/site-packages/airflow/example_dags/tutorial_taskflow_api.py
[2024-06-08T18:52:50.037+0000] {logging_mixin.py:188} INFO - [2024-06-08T18:52:50.036+0000] {dag.py:3096} INFO - Sync 1 DAGs
[2024-06-08T18:52:50.065+0000] {logging_mixin.py:188} INFO - [2024-06-08T18:52:50.065+0000] {dag.py:3954} INFO - Setting next_dagrun for tutorial_taskflow_api to None, run_after=None
[2024-06-08T18:52:50.109+0000] {processor.py:183} INFO - Processing /home/airflow/.local/lib/python3.12/site-packages/airflow/example_dags/tutorial_taskflow_api.py took 0.142 seconds
[2024-06-08T19:12:39.692+0000] {processor.py:161} INFO - Started process (PID=64617) to work on /home/airflow/.local/lib/python3.12/site-packages/airflow/example_dags/tutorial_taskflow_api.py
[2024-06-08T19:12:39.694+0000] {processor.py:830} INFO - Processing file /home/airflow/.local/lib/python3.12/site-packages/airflow/example_dags/tutorial_taskflow_api.py for tasks to queue
[2024-06-08T19:12:39.695+0000] {logging_mixin.py:188} INFO - [2024-06-08T19:12:39.695+0000] {dagbag.py:545} INFO - Filling up the DagBag from /home/airflow/.local/lib/python3.12/site-packages/airflow/example_dags/tutorial_taskflow_api.py
[2024-06-08T19:12:39.705+0000] {processor.py:840} INFO - DAG(s) 'tutorial_taskflow_api' retrieved from /home/airflow/.local/lib/python3.12/site-packages/airflow/example_dags/tutorial_taskflow_api.py
[2024-06-08T19:12:39.735+0000] {logging_mixin.py:188} INFO - [2024-06-08T19:12:39.735+0000] {dag.py:3096} INFO - Sync 1 DAGs
[2024-06-08T19:12:39.755+0000] {logging_mixin.py:188} INFO - [2024-06-08T19:12:39.755+0000] {dag.py:3954} INFO - Setting next_dagrun for tutorial_taskflow_api to None, run_after=None
[2024-06-08T19:12:39.782+0000] {processor.py:183} INFO - Processing /home/airflow/.local/lib/python3.12/site-packages/airflow/example_dags/tutorial_taskflow_api.py took 0.098 seconds
[2024-06-08T19:16:52.934+0000] {processor.py:161} INFO - Started process (PID=64677) to work on /home/airflow/.local/lib/python3.12/site-packages/airflow/example_dags/tutorial_taskflow_api.py
[2024-06-08T19:16:52.936+0000] {processor.py:830} INFO - Processing file /home/airflow/.local/lib/python3.12/site-packages/airflow/example_dags/tutorial_taskflow_api.py for tasks to queue
[2024-06-08T19:16:52.937+0000] {logging_mixin.py:188} INFO - [2024-06-08T19:16:52.937+0000] {dagbag.py:545} INFO - Filling up the DagBag from /home/airflow/.local/lib/python3.12/site-packages/airflow/example_dags/tutorial_taskflow_api.py
[2024-06-08T19:16:52.946+0000] {processor.py:840} INFO - DAG(s) 'tutorial_taskflow_api' retrieved from /home/airflow/.local/lib/python3.12/site-packages/airflow/example_dags/tutorial_taskflow_api.py
[2024-06-08T19:16:52.977+0000] {logging_mixin.py:188} INFO - [2024-06-08T19:16:52.977+0000] {dag.py:3096} INFO - Sync 1 DAGs
[2024-06-08T19:16:52.994+0000] {logging_mixin.py:188} INFO - [2024-06-08T19:16:52.994+0000] {dag.py:3954} INFO - Setting next_dagrun for tutorial_taskflow_api to None, run_after=None
[2024-06-08T19:16:53.020+0000] {processor.py:183} INFO - Processing /home/airflow/.local/lib/python3.12/site-packages/airflow/example_dags/tutorial_taskflow_api.py took 0.093 seconds
[2024-06-08T20:17:49.921+0000] {processor.py:161} INFO - Started process (PID=64737) to work on /home/airflow/.local/lib/python3.12/site-packages/airflow/example_dags/tutorial_taskflow_api.py
[2024-06-08T20:17:49.923+0000] {processor.py:830} INFO - Processing file /home/airflow/.local/lib/python3.12/site-packages/airflow/example_dags/tutorial_taskflow_api.py for tasks to queue
[2024-06-08T20:17:49.926+0000] {logging_mixin.py:188} INFO - [2024-06-08T20:17:49.925+0000] {dagbag.py:545} INFO - Filling up the DagBag from /home/airflow/.local/lib/python3.12/site-packages/airflow/example_dags/tutorial_taskflow_api.py
[2024-06-08T20:17:49.938+0000] {processor.py:840} INFO - DAG(s) 'tutorial_taskflow_api' retrieved from /home/airflow/.local/lib/python3.12/site-packages/airflow/example_dags/tutorial_taskflow_api.py
[2024-06-08T20:17:49.972+0000] {logging_mixin.py:188} INFO - [2024-06-08T20:17:49.972+0000] {dag.py:3096} INFO - Sync 1 DAGs
[2024-06-08T20:17:49.999+0000] {logging_mixin.py:188} INFO - [2024-06-08T20:17:49.999+0000] {dag.py:3954} INFO - Setting next_dagrun for tutorial_taskflow_api to None, run_after=None
[2024-06-08T20:17:50.050+0000] {processor.py:183} INFO - Processing /home/airflow/.local/lib/python3.12/site-packages/airflow/example_dags/tutorial_taskflow_api.py took 0.139 seconds
[2024-06-08T20:18:32.330+0000] {processor.py:161} INFO - Started process (PID=64797) to work on /home/airflow/.local/lib/python3.12/site-packages/airflow/example_dags/tutorial_taskflow_api.py
[2024-06-08T20:18:32.332+0000] {processor.py:830} INFO - Processing file /home/airflow/.local/lib/python3.12/site-packages/airflow/example_dags/tutorial_taskflow_api.py for tasks to queue
[2024-06-08T20:18:32.335+0000] {logging_mixin.py:188} INFO - [2024-06-08T20:18:32.334+0000] {dagbag.py:545} INFO - Filling up the DagBag from /home/airflow/.local/lib/python3.12/site-packages/airflow/example_dags/tutorial_taskflow_api.py
[2024-06-08T20:18:32.347+0000] {processor.py:840} INFO - DAG(s) 'tutorial_taskflow_api' retrieved from /home/airflow/.local/lib/python3.12/site-packages/airflow/example_dags/tutorial_taskflow_api.py
[2024-06-08T20:18:32.402+0000] {logging_mixin.py:188} INFO - [2024-06-08T20:18:32.401+0000] {dag.py:3096} INFO - Sync 1 DAGs
[2024-06-08T20:18:32.456+0000] {logging_mixin.py:188} INFO - [2024-06-08T20:18:32.455+0000] {dag.py:3954} INFO - Setting next_dagrun for tutorial_taskflow_api to None, run_after=None
[2024-06-08T20:18:32.510+0000] {processor.py:183} INFO - Processing /home/airflow/.local/lib/python3.12/site-packages/airflow/example_dags/tutorial_taskflow_api.py took 0.192 seconds
