[2024-06-08T02:25:58.282+0000] {processor.py:161} INFO - Started process (PID=63174) to work on /home/airflow/.local/lib/python3.12/site-packages/airflow/example_dags/tutorial.py
[2024-06-08T02:25:58.283+0000] {processor.py:830} INFO - Processing file /home/airflow/.local/lib/python3.12/site-packages/airflow/example_dags/tutorial.py for tasks to queue
[2024-06-08T02:25:58.284+0000] {logging_mixin.py:188} INFO - [2024-06-08T02:25:58.284+0000] {dagbag.py:545} INFO - Filling up the DagBag from /home/airflow/.local/lib/python3.12/site-packages/airflow/example_dags/tutorial.py
[2024-06-08T02:25:58.292+0000] {processor.py:840} INFO - DAG(s) 'tutorial' retrieved from /home/airflow/.local/lib/python3.12/site-packages/airflow/example_dags/tutorial.py
[2024-06-08T02:25:58.321+0000] {logging_mixin.py:188} INFO - [2024-06-08T02:25:58.321+0000] {dag.py:3096} INFO - Sync 1 DAGs
[2024-06-08T02:25:58.353+0000] {logging_mixin.py:188} INFO - [2024-06-08T02:25:58.352+0000] {dag.py:3954} INFO - Setting next_dagrun for tutorial to 2024-06-07 00:00:00+00:00, run_after=2024-06-08 00:00:00+00:00
[2024-06-08T02:25:58.382+0000] {processor.py:183} INFO - Processing /home/airflow/.local/lib/python3.12/site-packages/airflow/example_dags/tutorial.py took 0.110 seconds
[2024-06-08T02:26:31.550+0000] {processor.py:161} INFO - Started process (PID=63239) to work on /home/airflow/.local/lib/python3.12/site-packages/airflow/example_dags/tutorial.py
[2024-06-08T02:26:31.552+0000] {processor.py:830} INFO - Processing file /home/airflow/.local/lib/python3.12/site-packages/airflow/example_dags/tutorial.py for tasks to queue
[2024-06-08T02:26:31.553+0000] {logging_mixin.py:188} INFO - [2024-06-08T02:26:31.553+0000] {dagbag.py:545} INFO - Filling up the DagBag from /home/airflow/.local/lib/python3.12/site-packages/airflow/example_dags/tutorial.py
[2024-06-08T02:26:31.563+0000] {processor.py:840} INFO - DAG(s) 'tutorial' retrieved from /home/airflow/.local/lib/python3.12/site-packages/airflow/example_dags/tutorial.py
[2024-06-08T02:26:31.598+0000] {logging_mixin.py:188} INFO - [2024-06-08T02:26:31.598+0000] {dag.py:3096} INFO - Sync 1 DAGs
[2024-06-08T02:26:31.637+0000] {logging_mixin.py:188} INFO - [2024-06-08T02:26:31.637+0000] {dag.py:3954} INFO - Setting next_dagrun for tutorial to 2024-06-07 00:00:00+00:00, run_after=2024-06-08 00:00:00+00:00
[2024-06-08T02:26:31.665+0000] {processor.py:183} INFO - Processing /home/airflow/.local/lib/python3.12/site-packages/airflow/example_dags/tutorial.py took 0.124 seconds
[2024-06-08T07:02:54.879+0000] {processor.py:161} INFO - Started process (PID=63293) to work on /home/airflow/.local/lib/python3.12/site-packages/airflow/example_dags/tutorial.py
[2024-06-08T07:02:54.881+0000] {processor.py:830} INFO - Processing file /home/airflow/.local/lib/python3.12/site-packages/airflow/example_dags/tutorial.py for tasks to queue
[2024-06-08T07:02:54.882+0000] {logging_mixin.py:188} INFO - [2024-06-08T07:02:54.882+0000] {dagbag.py:545} INFO - Filling up the DagBag from /home/airflow/.local/lib/python3.12/site-packages/airflow/example_dags/tutorial.py
[2024-06-08T07:02:54.891+0000] {processor.py:840} INFO - DAG(s) 'tutorial' retrieved from /home/airflow/.local/lib/python3.12/site-packages/airflow/example_dags/tutorial.py
[2024-06-08T07:02:54.916+0000] {logging_mixin.py:188} INFO - [2024-06-08T07:02:54.916+0000] {dag.py:3096} INFO - Sync 1 DAGs
[2024-06-08T07:02:54.943+0000] {logging_mixin.py:188} INFO - [2024-06-08T07:02:54.943+0000] {dag.py:3954} INFO - Setting next_dagrun for tutorial to 2024-06-07 00:00:00+00:00, run_after=2024-06-08 00:00:00+00:00
[2024-06-08T07:02:54.967+0000] {processor.py:183} INFO - Processing /home/airflow/.local/lib/python3.12/site-packages/airflow/example_dags/tutorial.py took 0.096 seconds
[2024-06-08T07:15:52.883+0000] {processor.py:161} INFO - Started process (PID=63353) to work on /home/airflow/.local/lib/python3.12/site-packages/airflow/example_dags/tutorial.py
[2024-06-08T07:15:52.885+0000] {processor.py:830} INFO - Processing file /home/airflow/.local/lib/python3.12/site-packages/airflow/example_dags/tutorial.py for tasks to queue
[2024-06-08T07:15:52.890+0000] {logging_mixin.py:188} INFO - [2024-06-08T07:15:52.890+0000] {dagbag.py:545} INFO - Filling up the DagBag from /home/airflow/.local/lib/python3.12/site-packages/airflow/example_dags/tutorial.py
[2024-06-08T07:15:52.904+0000] {processor.py:840} INFO - DAG(s) 'tutorial' retrieved from /home/airflow/.local/lib/python3.12/site-packages/airflow/example_dags/tutorial.py
[2024-06-08T07:15:52.933+0000] {logging_mixin.py:188} INFO - [2024-06-08T07:15:52.932+0000] {dag.py:3096} INFO - Sync 1 DAGs
[2024-06-08T07:15:52.962+0000] {logging_mixin.py:188} INFO - [2024-06-08T07:15:52.962+0000] {dag.py:3954} INFO - Setting next_dagrun for tutorial to 2024-06-07 00:00:00+00:00, run_after=2024-06-08 00:00:00+00:00
[2024-06-08T07:15:52.994+0000] {processor.py:183} INFO - Processing /home/airflow/.local/lib/python3.12/site-packages/airflow/example_dags/tutorial.py took 0.119 seconds
[2024-06-08T08:04:09.210+0000] {processor.py:161} INFO - Started process (PID=63413) to work on /home/airflow/.local/lib/python3.12/site-packages/airflow/example_dags/tutorial.py
[2024-06-08T08:04:09.212+0000] {processor.py:830} INFO - Processing file /home/airflow/.local/lib/python3.12/site-packages/airflow/example_dags/tutorial.py for tasks to queue
[2024-06-08T08:04:09.213+0000] {logging_mixin.py:188} INFO - [2024-06-08T08:04:09.213+0000] {dagbag.py:545} INFO - Filling up the DagBag from /home/airflow/.local/lib/python3.12/site-packages/airflow/example_dags/tutorial.py
[2024-06-08T08:04:09.222+0000] {processor.py:840} INFO - DAG(s) 'tutorial' retrieved from /home/airflow/.local/lib/python3.12/site-packages/airflow/example_dags/tutorial.py
[2024-06-08T08:04:09.247+0000] {logging_mixin.py:188} INFO - [2024-06-08T08:04:09.247+0000] {dag.py:3096} INFO - Sync 1 DAGs
[2024-06-08T08:04:09.276+0000] {logging_mixin.py:188} INFO - [2024-06-08T08:04:09.275+0000] {dag.py:3954} INFO - Setting next_dagrun for tutorial to 2024-06-07 00:00:00+00:00, run_after=2024-06-08 00:00:00+00:00
[2024-06-08T08:04:09.302+0000] {processor.py:183} INFO - Processing /home/airflow/.local/lib/python3.12/site-packages/airflow/example_dags/tutorial.py took 0.099 seconds
[2024-06-08T09:05:07.385+0000] {processor.py:161} INFO - Started process (PID=63473) to work on /home/airflow/.local/lib/python3.12/site-packages/airflow/example_dags/tutorial.py
[2024-06-08T09:05:07.387+0000] {processor.py:830} INFO - Processing file /home/airflow/.local/lib/python3.12/site-packages/airflow/example_dags/tutorial.py for tasks to queue
[2024-06-08T09:05:07.388+0000] {logging_mixin.py:188} INFO - [2024-06-08T09:05:07.388+0000] {dagbag.py:545} INFO - Filling up the DagBag from /home/airflow/.local/lib/python3.12/site-packages/airflow/example_dags/tutorial.py
[2024-06-08T09:05:07.400+0000] {processor.py:840} INFO - DAG(s) 'tutorial' retrieved from /home/airflow/.local/lib/python3.12/site-packages/airflow/example_dags/tutorial.py
[2024-06-08T09:05:07.437+0000] {logging_mixin.py:188} INFO - [2024-06-08T09:05:07.437+0000] {dag.py:3096} INFO - Sync 1 DAGs
[2024-06-08T09:05:07.479+0000] {logging_mixin.py:188} INFO - [2024-06-08T09:05:07.479+0000] {dag.py:3954} INFO - Setting next_dagrun for tutorial to 2024-06-07 00:00:00+00:00, run_after=2024-06-08 00:00:00+00:00
[2024-06-08T09:05:07.513+0000] {processor.py:183} INFO - Processing /home/airflow/.local/lib/python3.12/site-packages/airflow/example_dags/tutorial.py took 0.139 seconds
[2024-06-08T09:05:37.705+0000] {processor.py:161} INFO - Started process (PID=63533) to work on /home/airflow/.local/lib/python3.12/site-packages/airflow/example_dags/tutorial.py
[2024-06-08T09:05:37.706+0000] {processor.py:830} INFO - Processing file /home/airflow/.local/lib/python3.12/site-packages/airflow/example_dags/tutorial.py for tasks to queue
[2024-06-08T09:05:37.708+0000] {logging_mixin.py:188} INFO - [2024-06-08T09:05:37.707+0000] {dagbag.py:545} INFO - Filling up the DagBag from /home/airflow/.local/lib/python3.12/site-packages/airflow/example_dags/tutorial.py
[2024-06-08T09:05:37.716+0000] {processor.py:840} INFO - DAG(s) 'tutorial' retrieved from /home/airflow/.local/lib/python3.12/site-packages/airflow/example_dags/tutorial.py
[2024-06-08T09:05:37.742+0000] {logging_mixin.py:188} INFO - [2024-06-08T09:05:37.742+0000] {dag.py:3096} INFO - Sync 1 DAGs
[2024-06-08T09:05:37.771+0000] {logging_mixin.py:188} INFO - [2024-06-08T09:05:37.771+0000] {dag.py:3954} INFO - Setting next_dagrun for tutorial to 2024-06-07 00:00:00+00:00, run_after=2024-06-08 00:00:00+00:00
[2024-06-08T09:05:37.794+0000] {processor.py:183} INFO - Processing /home/airflow/.local/lib/python3.12/site-packages/airflow/example_dags/tutorial.py took 0.097 seconds
[2024-06-08T10:06:30.845+0000] {processor.py:161} INFO - Started process (PID=63593) to work on /home/airflow/.local/lib/python3.12/site-packages/airflow/example_dags/tutorial.py
[2024-06-08T10:06:30.846+0000] {processor.py:830} INFO - Processing file /home/airflow/.local/lib/python3.12/site-packages/airflow/example_dags/tutorial.py for tasks to queue
[2024-06-08T10:06:30.848+0000] {logging_mixin.py:188} INFO - [2024-06-08T10:06:30.848+0000] {dagbag.py:545} INFO - Filling up the DagBag from /home/airflow/.local/lib/python3.12/site-packages/airflow/example_dags/tutorial.py
[2024-06-08T10:06:30.858+0000] {processor.py:840} INFO - DAG(s) 'tutorial' retrieved from /home/airflow/.local/lib/python3.12/site-packages/airflow/example_dags/tutorial.py
[2024-06-08T10:06:30.884+0000] {logging_mixin.py:188} INFO - [2024-06-08T10:06:30.884+0000] {dag.py:3096} INFO - Sync 1 DAGs
[2024-06-08T10:06:30.912+0000] {logging_mixin.py:188} INFO - [2024-06-08T10:06:30.912+0000] {dag.py:3954} INFO - Setting next_dagrun for tutorial to 2024-06-07 00:00:00+00:00, run_after=2024-06-08 00:00:00+00:00
[2024-06-08T10:06:30.937+0000] {processor.py:183} INFO - Processing /home/airflow/.local/lib/python3.12/site-packages/airflow/example_dags/tutorial.py took 0.100 seconds
[2024-06-08T10:39:01.698+0000] {processor.py:161} INFO - Started process (PID=63653) to work on /home/airflow/.local/lib/python3.12/site-packages/airflow/example_dags/tutorial.py
[2024-06-08T10:39:01.700+0000] {processor.py:830} INFO - Processing file /home/airflow/.local/lib/python3.12/site-packages/airflow/example_dags/tutorial.py for tasks to queue
[2024-06-08T10:39:01.702+0000] {logging_mixin.py:188} INFO - [2024-06-08T10:39:01.702+0000] {dagbag.py:545} INFO - Filling up the DagBag from /home/airflow/.local/lib/python3.12/site-packages/airflow/example_dags/tutorial.py
[2024-06-08T10:39:01.715+0000] {processor.py:840} INFO - DAG(s) 'tutorial' retrieved from /home/airflow/.local/lib/python3.12/site-packages/airflow/example_dags/tutorial.py
[2024-06-08T10:39:01.758+0000] {logging_mixin.py:188} INFO - [2024-06-08T10:39:01.758+0000] {dag.py:3096} INFO - Sync 1 DAGs
[2024-06-08T10:39:01.804+0000] {logging_mixin.py:188} INFO - [2024-06-08T10:39:01.803+0000] {dag.py:3954} INFO - Setting next_dagrun for tutorial to 2024-06-07 00:00:00+00:00, run_after=2024-06-08 00:00:00+00:00
[2024-06-08T10:39:01.839+0000] {processor.py:183} INFO - Processing /home/airflow/.local/lib/python3.12/site-packages/airflow/example_dags/tutorial.py took 0.153 seconds
[2024-06-08T10:39:31.946+0000] {processor.py:161} INFO - Started process (PID=63713) to work on /home/airflow/.local/lib/python3.12/site-packages/airflow/example_dags/tutorial.py
[2024-06-08T10:39:31.948+0000] {processor.py:830} INFO - Processing file /home/airflow/.local/lib/python3.12/site-packages/airflow/example_dags/tutorial.py for tasks to queue
[2024-06-08T10:39:31.950+0000] {logging_mixin.py:188} INFO - [2024-06-08T10:39:31.949+0000] {dagbag.py:545} INFO - Filling up the DagBag from /home/airflow/.local/lib/python3.12/site-packages/airflow/example_dags/tutorial.py
[2024-06-08T10:39:31.959+0000] {processor.py:840} INFO - DAG(s) 'tutorial' retrieved from /home/airflow/.local/lib/python3.12/site-packages/airflow/example_dags/tutorial.py
[2024-06-08T10:39:31.983+0000] {logging_mixin.py:188} INFO - [2024-06-08T10:39:31.983+0000] {dag.py:3096} INFO - Sync 1 DAGs
[2024-06-08T10:39:32.012+0000] {logging_mixin.py:188} INFO - [2024-06-08T10:39:32.012+0000] {dag.py:3954} INFO - Setting next_dagrun for tutorial to 2024-06-07 00:00:00+00:00, run_after=2024-06-08 00:00:00+00:00
[2024-06-08T10:39:32.036+0000] {processor.py:183} INFO - Processing /home/airflow/.local/lib/python3.12/site-packages/airflow/example_dags/tutorial.py took 0.098 seconds
[2024-06-08T11:07:36.396+0000] {processor.py:161} INFO - Started process (PID=63773) to work on /home/airflow/.local/lib/python3.12/site-packages/airflow/example_dags/tutorial.py
[2024-06-08T11:07:36.398+0000] {processor.py:830} INFO - Processing file /home/airflow/.local/lib/python3.12/site-packages/airflow/example_dags/tutorial.py for tasks to queue
[2024-06-08T11:07:36.399+0000] {logging_mixin.py:188} INFO - [2024-06-08T11:07:36.399+0000] {dagbag.py:545} INFO - Filling up the DagBag from /home/airflow/.local/lib/python3.12/site-packages/airflow/example_dags/tutorial.py
[2024-06-08T11:07:36.408+0000] {processor.py:840} INFO - DAG(s) 'tutorial' retrieved from /home/airflow/.local/lib/python3.12/site-packages/airflow/example_dags/tutorial.py
[2024-06-08T11:07:36.453+0000] {logging_mixin.py:188} INFO - [2024-06-08T11:07:36.452+0000] {dag.py:3096} INFO - Sync 1 DAGs
[2024-06-08T11:07:36.495+0000] {logging_mixin.py:188} INFO - [2024-06-08T11:07:36.494+0000] {dag.py:3954} INFO - Setting next_dagrun for tutorial to 2024-06-07 00:00:00+00:00, run_after=2024-06-08 00:00:00+00:00
[2024-06-08T11:07:36.521+0000] {processor.py:183} INFO - Processing /home/airflow/.local/lib/python3.12/site-packages/airflow/example_dags/tutorial.py took 0.132 seconds
[2024-06-08T12:08:36.616+0000] {processor.py:161} INFO - Started process (PID=63834) to work on /home/airflow/.local/lib/python3.12/site-packages/airflow/example_dags/tutorial.py
[2024-06-08T12:08:36.618+0000] {processor.py:830} INFO - Processing file /home/airflow/.local/lib/python3.12/site-packages/airflow/example_dags/tutorial.py for tasks to queue
[2024-06-08T12:08:36.619+0000] {logging_mixin.py:188} INFO - [2024-06-08T12:08:36.619+0000] {dagbag.py:545} INFO - Filling up the DagBag from /home/airflow/.local/lib/python3.12/site-packages/airflow/example_dags/tutorial.py
[2024-06-08T12:08:36.631+0000] {processor.py:840} INFO - DAG(s) 'tutorial' retrieved from /home/airflow/.local/lib/python3.12/site-packages/airflow/example_dags/tutorial.py
[2024-06-08T12:08:36.671+0000] {logging_mixin.py:188} INFO - [2024-06-08T12:08:36.671+0000] {dag.py:3096} INFO - Sync 1 DAGs
[2024-06-08T12:08:36.717+0000] {logging_mixin.py:188} INFO - [2024-06-08T12:08:36.716+0000] {dag.py:3954} INFO - Setting next_dagrun for tutorial to 2024-06-07 00:00:00+00:00, run_after=2024-06-08 00:00:00+00:00
[2024-06-08T12:08:36.753+0000] {processor.py:183} INFO - Processing /home/airflow/.local/lib/python3.12/site-packages/airflow/example_dags/tutorial.py took 0.149 seconds
[2024-06-08T12:09:07.687+0000] {processor.py:161} INFO - Started process (PID=63894) to work on /home/airflow/.local/lib/python3.12/site-packages/airflow/example_dags/tutorial.py
[2024-06-08T12:09:07.689+0000] {processor.py:830} INFO - Processing file /home/airflow/.local/lib/python3.12/site-packages/airflow/example_dags/tutorial.py for tasks to queue
[2024-06-08T12:09:07.690+0000] {logging_mixin.py:188} INFO - [2024-06-08T12:09:07.690+0000] {dagbag.py:545} INFO - Filling up the DagBag from /home/airflow/.local/lib/python3.12/site-packages/airflow/example_dags/tutorial.py
[2024-06-08T12:09:07.703+0000] {processor.py:840} INFO - DAG(s) 'tutorial' retrieved from /home/airflow/.local/lib/python3.12/site-packages/airflow/example_dags/tutorial.py
[2024-06-08T12:09:07.738+0000] {logging_mixin.py:188} INFO - [2024-06-08T12:09:07.737+0000] {dag.py:3096} INFO - Sync 1 DAGs
[2024-06-08T12:09:07.768+0000] {logging_mixin.py:188} INFO - [2024-06-08T12:09:07.768+0000] {dag.py:3954} INFO - Setting next_dagrun for tutorial to 2024-06-07 00:00:00+00:00, run_after=2024-06-08 00:00:00+00:00
[2024-06-08T12:09:07.795+0000] {processor.py:183} INFO - Processing /home/airflow/.local/lib/python3.12/site-packages/airflow/example_dags/tutorial.py took 0.119 seconds
[2024-06-08T13:09:58.492+0000] {processor.py:161} INFO - Started process (PID=63954) to work on /home/airflow/.local/lib/python3.12/site-packages/airflow/example_dags/tutorial.py
[2024-06-08T13:09:58.493+0000] {processor.py:830} INFO - Processing file /home/airflow/.local/lib/python3.12/site-packages/airflow/example_dags/tutorial.py for tasks to queue
[2024-06-08T13:09:58.495+0000] {logging_mixin.py:188} INFO - [2024-06-08T13:09:58.494+0000] {dagbag.py:545} INFO - Filling up the DagBag from /home/airflow/.local/lib/python3.12/site-packages/airflow/example_dags/tutorial.py
[2024-06-08T13:09:58.504+0000] {processor.py:840} INFO - DAG(s) 'tutorial' retrieved from /home/airflow/.local/lib/python3.12/site-packages/airflow/example_dags/tutorial.py
[2024-06-08T13:09:58.529+0000] {logging_mixin.py:188} INFO - [2024-06-08T13:09:58.528+0000] {dag.py:3096} INFO - Sync 1 DAGs
[2024-06-08T13:09:58.558+0000] {logging_mixin.py:188} INFO - [2024-06-08T13:09:58.558+0000] {dag.py:3954} INFO - Setting next_dagrun for tutorial to 2024-06-07 00:00:00+00:00, run_after=2024-06-08 00:00:00+00:00
[2024-06-08T13:09:58.582+0000] {processor.py:183} INFO - Processing /home/airflow/.local/lib/python3.12/site-packages/airflow/example_dags/tutorial.py took 0.098 seconds
[2024-06-08T14:10:54.017+0000] {processor.py:161} INFO - Started process (PID=64014) to work on /home/airflow/.local/lib/python3.12/site-packages/airflow/example_dags/tutorial.py
[2024-06-08T14:10:54.019+0000] {processor.py:830} INFO - Processing file /home/airflow/.local/lib/python3.12/site-packages/airflow/example_dags/tutorial.py for tasks to queue
[2024-06-08T14:10:54.021+0000] {logging_mixin.py:188} INFO - [2024-06-08T14:10:54.020+0000] {dagbag.py:545} INFO - Filling up the DagBag from /home/airflow/.local/lib/python3.12/site-packages/airflow/example_dags/tutorial.py
[2024-06-08T14:10:54.034+0000] {processor.py:840} INFO - DAG(s) 'tutorial' retrieved from /home/airflow/.local/lib/python3.12/site-packages/airflow/example_dags/tutorial.py
[2024-06-08T14:10:54.072+0000] {logging_mixin.py:188} INFO - [2024-06-08T14:10:54.072+0000] {dag.py:3096} INFO - Sync 1 DAGs
[2024-06-08T14:10:54.115+0000] {logging_mixin.py:188} INFO - [2024-06-08T14:10:54.115+0000] {dag.py:3954} INFO - Setting next_dagrun for tutorial to 2024-06-07 00:00:00+00:00, run_after=2024-06-08 00:00:00+00:00
[2024-06-08T14:10:54.149+0000] {processor.py:183} INFO - Processing /home/airflow/.local/lib/python3.12/site-packages/airflow/example_dags/tutorial.py took 0.143 seconds
[2024-06-08T14:11:25.073+0000] {processor.py:161} INFO - Started process (PID=64074) to work on /home/airflow/.local/lib/python3.12/site-packages/airflow/example_dags/tutorial.py
[2024-06-08T14:11:25.075+0000] {processor.py:830} INFO - Processing file /home/airflow/.local/lib/python3.12/site-packages/airflow/example_dags/tutorial.py for tasks to queue
[2024-06-08T14:11:25.077+0000] {logging_mixin.py:188} INFO - [2024-06-08T14:11:25.077+0000] {dagbag.py:545} INFO - Filling up the DagBag from /home/airflow/.local/lib/python3.12/site-packages/airflow/example_dags/tutorial.py
[2024-06-08T14:11:25.089+0000] {processor.py:840} INFO - DAG(s) 'tutorial' retrieved from /home/airflow/.local/lib/python3.12/site-packages/airflow/example_dags/tutorial.py
[2024-06-08T14:11:25.121+0000] {logging_mixin.py:188} INFO - [2024-06-08T14:11:25.120+0000] {dag.py:3096} INFO - Sync 1 DAGs
[2024-06-08T14:11:25.150+0000] {logging_mixin.py:188} INFO - [2024-06-08T14:11:25.150+0000] {dag.py:3954} INFO - Setting next_dagrun for tutorial to 2024-06-07 00:00:00+00:00, run_after=2024-06-08 00:00:00+00:00
[2024-06-08T14:11:25.178+0000] {processor.py:183} INFO - Processing /home/airflow/.local/lib/python3.12/site-packages/airflow/example_dags/tutorial.py took 0.115 seconds
[2024-06-08T15:12:10.432+0000] {processor.py:161} INFO - Started process (PID=64134) to work on /home/airflow/.local/lib/python3.12/site-packages/airflow/example_dags/tutorial.py
[2024-06-08T15:12:10.435+0000] {processor.py:830} INFO - Processing file /home/airflow/.local/lib/python3.12/site-packages/airflow/example_dags/tutorial.py for tasks to queue
[2024-06-08T15:12:10.439+0000] {logging_mixin.py:188} INFO - [2024-06-08T15:12:10.438+0000] {dagbag.py:545} INFO - Filling up the DagBag from /home/airflow/.local/lib/python3.12/site-packages/airflow/example_dags/tutorial.py
[2024-06-08T15:12:10.449+0000] {processor.py:840} INFO - DAG(s) 'tutorial' retrieved from /home/airflow/.local/lib/python3.12/site-packages/airflow/example_dags/tutorial.py
[2024-06-08T15:12:10.478+0000] {logging_mixin.py:188} INFO - [2024-06-08T15:12:10.477+0000] {dag.py:3096} INFO - Sync 1 DAGs
[2024-06-08T15:12:10.506+0000] {logging_mixin.py:188} INFO - [2024-06-08T15:12:10.506+0000] {dag.py:3954} INFO - Setting next_dagrun for tutorial to 2024-06-07 00:00:00+00:00, run_after=2024-06-08 00:00:00+00:00
[2024-06-08T15:12:10.530+0000] {processor.py:183} INFO - Processing /home/airflow/.local/lib/python3.12/site-packages/airflow/example_dags/tutorial.py took 0.107 seconds
[2024-06-08T16:13:11.236+0000] {processor.py:161} INFO - Started process (PID=64194) to work on /home/airflow/.local/lib/python3.12/site-packages/airflow/example_dags/tutorial.py
[2024-06-08T16:13:11.239+0000] {processor.py:830} INFO - Processing file /home/airflow/.local/lib/python3.12/site-packages/airflow/example_dags/tutorial.py for tasks to queue
[2024-06-08T16:13:11.241+0000] {logging_mixin.py:188} INFO - [2024-06-08T16:13:11.240+0000] {dagbag.py:545} INFO - Filling up the DagBag from /home/airflow/.local/lib/python3.12/site-packages/airflow/example_dags/tutorial.py
[2024-06-08T16:13:11.255+0000] {processor.py:840} INFO - DAG(s) 'tutorial' retrieved from /home/airflow/.local/lib/python3.12/site-packages/airflow/example_dags/tutorial.py
[2024-06-08T16:13:11.298+0000] {logging_mixin.py:188} INFO - [2024-06-08T16:13:11.298+0000] {dag.py:3096} INFO - Sync 1 DAGs
[2024-06-08T16:13:11.347+0000] {logging_mixin.py:188} INFO - [2024-06-08T16:13:11.346+0000] {dag.py:3954} INFO - Setting next_dagrun for tutorial to 2024-06-07 00:00:00+00:00, run_after=2024-06-08 00:00:00+00:00
[2024-06-08T16:13:11.393+0000] {processor.py:183} INFO - Processing /home/airflow/.local/lib/python3.12/site-packages/airflow/example_dags/tutorial.py took 0.168 seconds
[2024-06-08T16:13:41.558+0000] {processor.py:161} INFO - Started process (PID=64254) to work on /home/airflow/.local/lib/python3.12/site-packages/airflow/example_dags/tutorial.py
[2024-06-08T16:13:41.560+0000] {processor.py:830} INFO - Processing file /home/airflow/.local/lib/python3.12/site-packages/airflow/example_dags/tutorial.py for tasks to queue
[2024-06-08T16:13:41.561+0000] {logging_mixin.py:188} INFO - [2024-06-08T16:13:41.561+0000] {dagbag.py:545} INFO - Filling up the DagBag from /home/airflow/.local/lib/python3.12/site-packages/airflow/example_dags/tutorial.py
[2024-06-08T16:13:41.570+0000] {processor.py:840} INFO - DAG(s) 'tutorial' retrieved from /home/airflow/.local/lib/python3.12/site-packages/airflow/example_dags/tutorial.py
[2024-06-08T16:13:41.595+0000] {logging_mixin.py:188} INFO - [2024-06-08T16:13:41.595+0000] {dag.py:3096} INFO - Sync 1 DAGs
[2024-06-08T16:13:41.623+0000] {logging_mixin.py:188} INFO - [2024-06-08T16:13:41.623+0000] {dag.py:3954} INFO - Setting next_dagrun for tutorial to 2024-06-07 00:00:00+00:00, run_after=2024-06-08 00:00:00+00:00
[2024-06-08T16:13:41.648+0000] {processor.py:183} INFO - Processing /home/airflow/.local/lib/python3.12/site-packages/airflow/example_dags/tutorial.py took 0.097 seconds
[2024-06-08T17:14:33.257+0000] {processor.py:161} INFO - Started process (PID=64314) to work on /home/airflow/.local/lib/python3.12/site-packages/airflow/example_dags/tutorial.py
[2024-06-08T17:14:33.259+0000] {processor.py:830} INFO - Processing file /home/airflow/.local/lib/python3.12/site-packages/airflow/example_dags/tutorial.py for tasks to queue
[2024-06-08T17:14:33.260+0000] {logging_mixin.py:188} INFO - [2024-06-08T17:14:33.260+0000] {dagbag.py:545} INFO - Filling up the DagBag from /home/airflow/.local/lib/python3.12/site-packages/airflow/example_dags/tutorial.py
[2024-06-08T17:14:33.269+0000] {processor.py:840} INFO - DAG(s) 'tutorial' retrieved from /home/airflow/.local/lib/python3.12/site-packages/airflow/example_dags/tutorial.py
[2024-06-08T17:14:33.295+0000] {logging_mixin.py:188} INFO - [2024-06-08T17:14:33.295+0000] {dag.py:3096} INFO - Sync 1 DAGs
[2024-06-08T17:14:33.329+0000] {logging_mixin.py:188} INFO - [2024-06-08T17:14:33.328+0000] {dag.py:3954} INFO - Setting next_dagrun for tutorial to 2024-06-07 00:00:00+00:00, run_after=2024-06-08 00:00:00+00:00
[2024-06-08T17:14:33.352+0000] {processor.py:183} INFO - Processing /home/airflow/.local/lib/python3.12/site-packages/airflow/example_dags/tutorial.py took 0.103 seconds
[2024-06-08T18:08:37.723+0000] {processor.py:161} INFO - Started process (PID=64374) to work on /home/airflow/.local/lib/python3.12/site-packages/airflow/example_dags/tutorial.py
[2024-06-08T18:08:37.726+0000] {processor.py:830} INFO - Processing file /home/airflow/.local/lib/python3.12/site-packages/airflow/example_dags/tutorial.py for tasks to queue
[2024-06-08T18:08:37.728+0000] {logging_mixin.py:188} INFO - [2024-06-08T18:08:37.727+0000] {dagbag.py:545} INFO - Filling up the DagBag from /home/airflow/.local/lib/python3.12/site-packages/airflow/example_dags/tutorial.py
[2024-06-08T18:08:37.740+0000] {processor.py:840} INFO - DAG(s) 'tutorial' retrieved from /home/airflow/.local/lib/python3.12/site-packages/airflow/example_dags/tutorial.py
[2024-06-08T18:08:37.777+0000] {logging_mixin.py:188} INFO - [2024-06-08T18:08:37.777+0000] {dag.py:3096} INFO - Sync 1 DAGs
[2024-06-08T18:08:37.826+0000] {logging_mixin.py:188} INFO - [2024-06-08T18:08:37.825+0000] {dag.py:3954} INFO - Setting next_dagrun for tutorial to 2024-06-07 00:00:00+00:00, run_after=2024-06-08 00:00:00+00:00
[2024-06-08T18:08:37.859+0000] {processor.py:183} INFO - Processing /home/airflow/.local/lib/python3.12/site-packages/airflow/example_dags/tutorial.py took 0.148 seconds
[2024-06-08T18:15:48.705+0000] {processor.py:161} INFO - Started process (PID=64434) to work on /home/airflow/.local/lib/python3.12/site-packages/airflow/example_dags/tutorial.py
[2024-06-08T18:15:48.706+0000] {processor.py:830} INFO - Processing file /home/airflow/.local/lib/python3.12/site-packages/airflow/example_dags/tutorial.py for tasks to queue
[2024-06-08T18:15:48.707+0000] {logging_mixin.py:188} INFO - [2024-06-08T18:15:48.707+0000] {dagbag.py:545} INFO - Filling up the DagBag from /home/airflow/.local/lib/python3.12/site-packages/airflow/example_dags/tutorial.py
[2024-06-08T18:15:48.716+0000] {processor.py:840} INFO - DAG(s) 'tutorial' retrieved from /home/airflow/.local/lib/python3.12/site-packages/airflow/example_dags/tutorial.py
[2024-06-08T18:15:48.741+0000] {logging_mixin.py:188} INFO - [2024-06-08T18:15:48.741+0000] {dag.py:3096} INFO - Sync 1 DAGs
[2024-06-08T18:15:48.771+0000] {logging_mixin.py:188} INFO - [2024-06-08T18:15:48.771+0000] {dag.py:3954} INFO - Setting next_dagrun for tutorial to 2024-06-07 00:00:00+00:00, run_after=2024-06-08 00:00:00+00:00
[2024-06-08T18:15:48.794+0000] {processor.py:183} INFO - Processing /home/airflow/.local/lib/python3.12/site-packages/airflow/example_dags/tutorial.py took 0.097 seconds
[2024-06-08T18:52:15.559+0000] {processor.py:161} INFO - Started process (PID=64494) to work on /home/airflow/.local/lib/python3.12/site-packages/airflow/example_dags/tutorial.py
[2024-06-08T18:52:15.561+0000] {processor.py:830} INFO - Processing file /home/airflow/.local/lib/python3.12/site-packages/airflow/example_dags/tutorial.py for tasks to queue
[2024-06-08T18:52:15.562+0000] {logging_mixin.py:188} INFO - [2024-06-08T18:52:15.562+0000] {dagbag.py:545} INFO - Filling up the DagBag from /home/airflow/.local/lib/python3.12/site-packages/airflow/example_dags/tutorial.py
[2024-06-08T18:52:15.571+0000] {processor.py:840} INFO - DAG(s) 'tutorial' retrieved from /home/airflow/.local/lib/python3.12/site-packages/airflow/example_dags/tutorial.py
[2024-06-08T18:52:15.600+0000] {logging_mixin.py:188} INFO - [2024-06-08T18:52:15.599+0000] {dag.py:3096} INFO - Sync 1 DAGs
[2024-06-08T18:52:15.627+0000] {logging_mixin.py:188} INFO - [2024-06-08T18:52:15.627+0000] {dag.py:3954} INFO - Setting next_dagrun for tutorial to 2024-06-07 00:00:00+00:00, run_after=2024-06-08 00:00:00+00:00
[2024-06-08T18:52:15.654+0000] {processor.py:183} INFO - Processing /home/airflow/.local/lib/python3.12/site-packages/airflow/example_dags/tutorial.py took 0.103 seconds
[2024-06-08T18:52:49.745+0000] {processor.py:161} INFO - Started process (PID=64554) to work on /home/airflow/.local/lib/python3.12/site-packages/airflow/example_dags/tutorial.py
[2024-06-08T18:52:49.749+0000] {processor.py:830} INFO - Processing file /home/airflow/.local/lib/python3.12/site-packages/airflow/example_dags/tutorial.py for tasks to queue
[2024-06-08T18:52:49.761+0000] {logging_mixin.py:188} INFO - [2024-06-08T18:52:49.759+0000] {dagbag.py:545} INFO - Filling up the DagBag from /home/airflow/.local/lib/python3.12/site-packages/airflow/example_dags/tutorial.py
[2024-06-08T18:52:49.786+0000] {processor.py:840} INFO - DAG(s) 'tutorial' retrieved from /home/airflow/.local/lib/python3.12/site-packages/airflow/example_dags/tutorial.py
[2024-06-08T18:52:49.834+0000] {logging_mixin.py:188} INFO - [2024-06-08T18:52:49.834+0000] {dag.py:3096} INFO - Sync 1 DAGs
[2024-06-08T18:52:49.885+0000] {logging_mixin.py:188} INFO - [2024-06-08T18:52:49.884+0000] {dag.py:3954} INFO - Setting next_dagrun for tutorial to 2024-06-07 00:00:00+00:00, run_after=2024-06-08 00:00:00+00:00
[2024-06-08T18:52:49.934+0000] {processor.py:183} INFO - Processing /home/airflow/.local/lib/python3.12/site-packages/airflow/example_dags/tutorial.py took 0.205 seconds
[2024-06-08T19:12:39.540+0000] {processor.py:161} INFO - Started process (PID=64614) to work on /home/airflow/.local/lib/python3.12/site-packages/airflow/example_dags/tutorial.py
[2024-06-08T19:12:39.541+0000] {processor.py:830} INFO - Processing file /home/airflow/.local/lib/python3.12/site-packages/airflow/example_dags/tutorial.py for tasks to queue
[2024-06-08T19:12:39.542+0000] {logging_mixin.py:188} INFO - [2024-06-08T19:12:39.542+0000] {dagbag.py:545} INFO - Filling up the DagBag from /home/airflow/.local/lib/python3.12/site-packages/airflow/example_dags/tutorial.py
[2024-06-08T19:12:39.551+0000] {processor.py:840} INFO - DAG(s) 'tutorial' retrieved from /home/airflow/.local/lib/python3.12/site-packages/airflow/example_dags/tutorial.py
[2024-06-08T19:12:39.576+0000] {logging_mixin.py:188} INFO - [2024-06-08T19:12:39.576+0000] {dag.py:3096} INFO - Sync 1 DAGs
[2024-06-08T19:12:39.605+0000] {logging_mixin.py:188} INFO - [2024-06-08T19:12:39.605+0000] {dag.py:3954} INFO - Setting next_dagrun for tutorial to 2024-06-07 00:00:00+00:00, run_after=2024-06-08 00:00:00+00:00
[2024-06-08T19:12:39.628+0000] {processor.py:183} INFO - Processing /home/airflow/.local/lib/python3.12/site-packages/airflow/example_dags/tutorial.py took 0.096 seconds
[2024-06-08T19:16:52.761+0000] {processor.py:161} INFO - Started process (PID=64674) to work on /home/airflow/.local/lib/python3.12/site-packages/airflow/example_dags/tutorial.py
[2024-06-08T19:16:52.763+0000] {processor.py:830} INFO - Processing file /home/airflow/.local/lib/python3.12/site-packages/airflow/example_dags/tutorial.py for tasks to queue
[2024-06-08T19:16:52.764+0000] {logging_mixin.py:188} INFO - [2024-06-08T19:16:52.764+0000] {dagbag.py:545} INFO - Filling up the DagBag from /home/airflow/.local/lib/python3.12/site-packages/airflow/example_dags/tutorial.py
[2024-06-08T19:16:52.773+0000] {processor.py:840} INFO - DAG(s) 'tutorial' retrieved from /home/airflow/.local/lib/python3.12/site-packages/airflow/example_dags/tutorial.py
[2024-06-08T19:16:52.799+0000] {logging_mixin.py:188} INFO - [2024-06-08T19:16:52.798+0000] {dag.py:3096} INFO - Sync 1 DAGs
[2024-06-08T19:16:52.830+0000] {logging_mixin.py:188} INFO - [2024-06-08T19:16:52.829+0000] {dag.py:3954} INFO - Setting next_dagrun for tutorial to 2024-06-07 00:00:00+00:00, run_after=2024-06-08 00:00:00+00:00
[2024-06-08T19:16:52.858+0000] {processor.py:183} INFO - Processing /home/airflow/.local/lib/python3.12/site-packages/airflow/example_dags/tutorial.py took 0.105 seconds
[2024-06-08T20:17:49.701+0000] {processor.py:161} INFO - Started process (PID=64734) to work on /home/airflow/.local/lib/python3.12/site-packages/airflow/example_dags/tutorial.py
[2024-06-08T20:17:49.703+0000] {processor.py:830} INFO - Processing file /home/airflow/.local/lib/python3.12/site-packages/airflow/example_dags/tutorial.py for tasks to queue
[2024-06-08T20:17:49.704+0000] {logging_mixin.py:188} INFO - [2024-06-08T20:17:49.704+0000] {dagbag.py:545} INFO - Filling up the DagBag from /home/airflow/.local/lib/python3.12/site-packages/airflow/example_dags/tutorial.py
[2024-06-08T20:17:49.716+0000] {processor.py:840} INFO - DAG(s) 'tutorial' retrieved from /home/airflow/.local/lib/python3.12/site-packages/airflow/example_dags/tutorial.py
[2024-06-08T20:17:49.752+0000] {logging_mixin.py:188} INFO - [2024-06-08T20:17:49.752+0000] {dag.py:3096} INFO - Sync 1 DAGs
[2024-06-08T20:17:49.796+0000] {logging_mixin.py:188} INFO - [2024-06-08T20:17:49.795+0000] {dag.py:3954} INFO - Setting next_dagrun for tutorial to 2024-06-07 00:00:00+00:00, run_after=2024-06-08 00:00:00+00:00
[2024-06-08T20:17:49.836+0000] {processor.py:183} INFO - Processing /home/airflow/.local/lib/python3.12/site-packages/airflow/example_dags/tutorial.py took 0.145 seconds
[2024-06-08T20:18:31.940+0000] {processor.py:161} INFO - Started process (PID=64794) to work on /home/airflow/.local/lib/python3.12/site-packages/airflow/example_dags/tutorial.py
[2024-06-08T20:18:31.943+0000] {processor.py:830} INFO - Processing file /home/airflow/.local/lib/python3.12/site-packages/airflow/example_dags/tutorial.py for tasks to queue
[2024-06-08T20:18:31.946+0000] {logging_mixin.py:188} INFO - [2024-06-08T20:18:31.945+0000] {dagbag.py:545} INFO - Filling up the DagBag from /home/airflow/.local/lib/python3.12/site-packages/airflow/example_dags/tutorial.py
[2024-06-08T20:18:31.962+0000] {processor.py:840} INFO - DAG(s) 'tutorial' retrieved from /home/airflow/.local/lib/python3.12/site-packages/airflow/example_dags/tutorial.py
[2024-06-08T20:18:32.004+0000] {logging_mixin.py:188} INFO - [2024-06-08T20:18:32.003+0000] {dag.py:3096} INFO - Sync 1 DAGs
[2024-06-08T20:18:32.054+0000] {logging_mixin.py:188} INFO - [2024-06-08T20:18:32.054+0000] {dag.py:3954} INFO - Setting next_dagrun for tutorial to 2024-06-07 00:00:00+00:00, run_after=2024-06-08 00:00:00+00:00
[2024-06-08T20:18:32.096+0000] {processor.py:183} INFO - Processing /home/airflow/.local/lib/python3.12/site-packages/airflow/example_dags/tutorial.py took 0.171 seconds
