[2024-06-08T02:25:58.850+0000] {processor.py:161} INFO - Started process (PID=63180) to work on /home/airflow/.local/lib/python3.12/site-packages/airflow/example_dags/tutorial_taskflow_api_virtualenv.py
[2024-06-08T02:25:58.851+0000] {processor.py:830} INFO - Processing file /home/airflow/.local/lib/python3.12/site-packages/airflow/example_dags/tutorial_taskflow_api_virtualenv.py for tasks to queue
[2024-06-08T02:25:58.853+0000] {logging_mixin.py:188} INFO - [2024-06-08T02:25:58.852+0000] {dagbag.py:545} INFO - Filling up the DagBag from /home/airflow/.local/lib/python3.12/site-packages/airflow/example_dags/tutorial_taskflow_api_virtualenv.py
[2024-06-08T02:25:58.874+0000] {processor.py:840} INFO - DAG(s) 'tutorial_taskflow_api_virtualenv' retrieved from /home/airflow/.local/lib/python3.12/site-packages/airflow/example_dags/tutorial_taskflow_api_virtualenv.py
[2024-06-08T02:25:58.912+0000] {logging_mixin.py:188} INFO - [2024-06-08T02:25:58.911+0000] {dag.py:3096} INFO - Sync 1 DAGs
[2024-06-08T02:25:58.935+0000] {logging_mixin.py:188} INFO - [2024-06-08T02:25:58.935+0000] {dag.py:3954} INFO - Setting next_dagrun for tutorial_taskflow_api_virtualenv to None, run_after=None
[2024-06-08T02:25:58.960+0000] {processor.py:183} INFO - Processing /home/airflow/.local/lib/python3.12/site-packages/airflow/example_dags/tutorial_taskflow_api_virtualenv.py took 0.120 seconds
[2024-06-08T02:26:32.426+0000] {processor.py:161} INFO - Started process (PID=63245) to work on /home/airflow/.local/lib/python3.12/site-packages/airflow/example_dags/tutorial_taskflow_api_virtualenv.py
[2024-06-08T02:26:32.428+0000] {processor.py:830} INFO - Processing file /home/airflow/.local/lib/python3.12/site-packages/airflow/example_dags/tutorial_taskflow_api_virtualenv.py for tasks to queue
[2024-06-08T02:26:32.430+0000] {logging_mixin.py:188} INFO - [2024-06-08T02:26:32.429+0000] {dagbag.py:545} INFO - Filling up the DagBag from /home/airflow/.local/lib/python3.12/site-packages/airflow/example_dags/tutorial_taskflow_api_virtualenv.py
[2024-06-08T02:26:32.448+0000] {processor.py:840} INFO - DAG(s) 'tutorial_taskflow_api_virtualenv' retrieved from /home/airflow/.local/lib/python3.12/site-packages/airflow/example_dags/tutorial_taskflow_api_virtualenv.py
[2024-06-08T02:26:32.478+0000] {logging_mixin.py:188} INFO - [2024-06-08T02:26:32.478+0000] {dag.py:3096} INFO - Sync 1 DAGs
[2024-06-08T02:26:32.497+0000] {logging_mixin.py:188} INFO - [2024-06-08T02:26:32.497+0000] {dag.py:3954} INFO - Setting next_dagrun for tutorial_taskflow_api_virtualenv to None, run_after=None
[2024-06-08T02:26:32.524+0000] {processor.py:183} INFO - Processing /home/airflow/.local/lib/python3.12/site-packages/airflow/example_dags/tutorial_taskflow_api_virtualenv.py took 0.108 seconds
[2024-06-08T07:02:55.252+0000] {processor.py:161} INFO - Started process (PID=63299) to work on /home/airflow/.local/lib/python3.12/site-packages/airflow/example_dags/tutorial_taskflow_api_virtualenv.py
[2024-06-08T07:02:55.254+0000] {processor.py:830} INFO - Processing file /home/airflow/.local/lib/python3.12/site-packages/airflow/example_dags/tutorial_taskflow_api_virtualenv.py for tasks to queue
[2024-06-08T07:02:55.255+0000] {logging_mixin.py:188} INFO - [2024-06-08T07:02:55.255+0000] {dagbag.py:545} INFO - Filling up the DagBag from /home/airflow/.local/lib/python3.12/site-packages/airflow/example_dags/tutorial_taskflow_api_virtualenv.py
[2024-06-08T07:02:55.269+0000] {processor.py:840} INFO - DAG(s) 'tutorial_taskflow_api_virtualenv' retrieved from /home/airflow/.local/lib/python3.12/site-packages/airflow/example_dags/tutorial_taskflow_api_virtualenv.py
[2024-06-08T07:02:55.295+0000] {logging_mixin.py:188} INFO - [2024-06-08T07:02:55.294+0000] {dag.py:3096} INFO - Sync 1 DAGs
[2024-06-08T07:02:55.311+0000] {logging_mixin.py:188} INFO - [2024-06-08T07:02:55.311+0000] {dag.py:3954} INFO - Setting next_dagrun for tutorial_taskflow_api_virtualenv to None, run_after=None
[2024-06-08T07:02:55.334+0000] {processor.py:183} INFO - Processing /home/airflow/.local/lib/python3.12/site-packages/airflow/example_dags/tutorial_taskflow_api_virtualenv.py took 0.090 seconds
[2024-06-08T07:15:53.895+0000] {processor.py:161} INFO - Started process (PID=63359) to work on /home/airflow/.local/lib/python3.12/site-packages/airflow/example_dags/tutorial_taskflow_api_virtualenv.py
[2024-06-08T07:15:53.899+0000] {processor.py:830} INFO - Processing file /home/airflow/.local/lib/python3.12/site-packages/airflow/example_dags/tutorial_taskflow_api_virtualenv.py for tasks to queue
[2024-06-08T07:15:53.901+0000] {logging_mixin.py:188} INFO - [2024-06-08T07:15:53.901+0000] {dagbag.py:545} INFO - Filling up the DagBag from /home/airflow/.local/lib/python3.12/site-packages/airflow/example_dags/tutorial_taskflow_api_virtualenv.py
[2024-06-08T07:15:53.917+0000] {processor.py:840} INFO - DAG(s) 'tutorial_taskflow_api_virtualenv' retrieved from /home/airflow/.local/lib/python3.12/site-packages/airflow/example_dags/tutorial_taskflow_api_virtualenv.py
[2024-06-08T07:15:53.947+0000] {logging_mixin.py:188} INFO - [2024-06-08T07:15:53.947+0000] {dag.py:3096} INFO - Sync 1 DAGs
[2024-06-08T07:15:54.001+0000] {logging_mixin.py:188} INFO - [2024-06-08T07:15:54.001+0000] {dag.py:3954} INFO - Setting next_dagrun for tutorial_taskflow_api_virtualenv to None, run_after=None
[2024-06-08T07:15:54.047+0000] {processor.py:183} INFO - Processing /home/airflow/.local/lib/python3.12/site-packages/airflow/example_dags/tutorial_taskflow_api_virtualenv.py took 0.163 seconds
[2024-06-08T08:04:10.009+0000] {processor.py:161} INFO - Started process (PID=63419) to work on /home/airflow/.local/lib/python3.12/site-packages/airflow/example_dags/tutorial_taskflow_api_virtualenv.py
[2024-06-08T08:04:10.011+0000] {processor.py:830} INFO - Processing file /home/airflow/.local/lib/python3.12/site-packages/airflow/example_dags/tutorial_taskflow_api_virtualenv.py for tasks to queue
[2024-06-08T08:04:10.013+0000] {logging_mixin.py:188} INFO - [2024-06-08T08:04:10.012+0000] {dagbag.py:545} INFO - Filling up the DagBag from /home/airflow/.local/lib/python3.12/site-packages/airflow/example_dags/tutorial_taskflow_api_virtualenv.py
[2024-06-08T08:04:10.029+0000] {processor.py:840} INFO - DAG(s) 'tutorial_taskflow_api_virtualenv' retrieved from /home/airflow/.local/lib/python3.12/site-packages/airflow/example_dags/tutorial_taskflow_api_virtualenv.py
[2024-06-08T08:04:10.057+0000] {logging_mixin.py:188} INFO - [2024-06-08T08:04:10.057+0000] {dag.py:3096} INFO - Sync 1 DAGs
[2024-06-08T08:04:10.075+0000] {logging_mixin.py:188} INFO - [2024-06-08T08:04:10.074+0000] {dag.py:3954} INFO - Setting next_dagrun for tutorial_taskflow_api_virtualenv to None, run_after=None
[2024-06-08T08:04:10.103+0000] {processor.py:183} INFO - Processing /home/airflow/.local/lib/python3.12/site-packages/airflow/example_dags/tutorial_taskflow_api_virtualenv.py took 0.105 seconds
[2024-06-08T09:05:08.133+0000] {processor.py:161} INFO - Started process (PID=63485) to work on /home/airflow/.local/lib/python3.12/site-packages/airflow/example_dags/tutorial_taskflow_api_virtualenv.py
[2024-06-08T09:05:08.135+0000] {processor.py:830} INFO - Processing file /home/airflow/.local/lib/python3.12/site-packages/airflow/example_dags/tutorial_taskflow_api_virtualenv.py for tasks to queue
[2024-06-08T09:05:08.137+0000] {logging_mixin.py:188} INFO - [2024-06-08T09:05:08.136+0000] {dagbag.py:545} INFO - Filling up the DagBag from /home/airflow/.local/lib/python3.12/site-packages/airflow/example_dags/tutorial_taskflow_api_virtualenv.py
[2024-06-08T09:05:08.157+0000] {processor.py:840} INFO - DAG(s) 'tutorial_taskflow_api_virtualenv' retrieved from /home/airflow/.local/lib/python3.12/site-packages/airflow/example_dags/tutorial_taskflow_api_virtualenv.py
[2024-06-08T09:05:08.191+0000] {logging_mixin.py:188} INFO - [2024-06-08T09:05:08.191+0000] {dag.py:3096} INFO - Sync 1 DAGs
[2024-06-08T09:05:08.211+0000] {logging_mixin.py:188} INFO - [2024-06-08T09:05:08.211+0000] {dag.py:3954} INFO - Setting next_dagrun for tutorial_taskflow_api_virtualenv to None, run_after=None
[2024-06-08T09:05:08.242+0000] {processor.py:183} INFO - Processing /home/airflow/.local/lib/python3.12/site-packages/airflow/example_dags/tutorial_taskflow_api_virtualenv.py took 0.120 seconds
[2024-06-08T09:05:39.102+0000] {processor.py:161} INFO - Started process (PID=63545) to work on /home/airflow/.local/lib/python3.12/site-packages/airflow/example_dags/tutorial_taskflow_api_virtualenv.py
[2024-06-08T09:05:39.105+0000] {processor.py:830} INFO - Processing file /home/airflow/.local/lib/python3.12/site-packages/airflow/example_dags/tutorial_taskflow_api_virtualenv.py for tasks to queue
[2024-06-08T09:05:39.108+0000] {logging_mixin.py:188} INFO - [2024-06-08T09:05:39.107+0000] {dagbag.py:545} INFO - Filling up the DagBag from /home/airflow/.local/lib/python3.12/site-packages/airflow/example_dags/tutorial_taskflow_api_virtualenv.py
[2024-06-08T09:05:39.127+0000] {processor.py:840} INFO - DAG(s) 'tutorial_taskflow_api_virtualenv' retrieved from /home/airflow/.local/lib/python3.12/site-packages/airflow/example_dags/tutorial_taskflow_api_virtualenv.py
[2024-06-08T09:05:39.156+0000] {logging_mixin.py:188} INFO - [2024-06-08T09:05:39.156+0000] {dag.py:3096} INFO - Sync 1 DAGs
[2024-06-08T09:05:39.174+0000] {logging_mixin.py:188} INFO - [2024-06-08T09:05:39.173+0000] {dag.py:3954} INFO - Setting next_dagrun for tutorial_taskflow_api_virtualenv to None, run_after=None
[2024-06-08T09:05:39.204+0000] {processor.py:183} INFO - Processing /home/airflow/.local/lib/python3.12/site-packages/airflow/example_dags/tutorial_taskflow_api_virtualenv.py took 0.112 seconds
[2024-06-08T10:06:31.487+0000] {processor.py:161} INFO - Started process (PID=63599) to work on /home/airflow/.local/lib/python3.12/site-packages/airflow/example_dags/tutorial_taskflow_api_virtualenv.py
[2024-06-08T10:06:31.489+0000] {processor.py:830} INFO - Processing file /home/airflow/.local/lib/python3.12/site-packages/airflow/example_dags/tutorial_taskflow_api_virtualenv.py for tasks to queue
[2024-06-08T10:06:31.491+0000] {logging_mixin.py:188} INFO - [2024-06-08T10:06:31.490+0000] {dagbag.py:545} INFO - Filling up the DagBag from /home/airflow/.local/lib/python3.12/site-packages/airflow/example_dags/tutorial_taskflow_api_virtualenv.py
[2024-06-08T10:06:31.505+0000] {processor.py:840} INFO - DAG(s) 'tutorial_taskflow_api_virtualenv' retrieved from /home/airflow/.local/lib/python3.12/site-packages/airflow/example_dags/tutorial_taskflow_api_virtualenv.py
[2024-06-08T10:06:31.531+0000] {logging_mixin.py:188} INFO - [2024-06-08T10:06:31.531+0000] {dag.py:3096} INFO - Sync 1 DAGs
[2024-06-08T10:06:31.548+0000] {logging_mixin.py:188} INFO - [2024-06-08T10:06:31.548+0000] {dag.py:3954} INFO - Setting next_dagrun for tutorial_taskflow_api_virtualenv to None, run_after=None
[2024-06-08T10:06:31.573+0000] {processor.py:183} INFO - Processing /home/airflow/.local/lib/python3.12/site-packages/airflow/example_dags/tutorial_taskflow_api_virtualenv.py took 0.094 seconds
[2024-06-08T10:39:02.501+0000] {processor.py:161} INFO - Started process (PID=63659) to work on /home/airflow/.local/lib/python3.12/site-packages/airflow/example_dags/tutorial_taskflow_api_virtualenv.py
[2024-06-08T10:39:02.503+0000] {processor.py:830} INFO - Processing file /home/airflow/.local/lib/python3.12/site-packages/airflow/example_dags/tutorial_taskflow_api_virtualenv.py for tasks to queue
[2024-06-08T10:39:02.505+0000] {logging_mixin.py:188} INFO - [2024-06-08T10:39:02.504+0000] {dagbag.py:545} INFO - Filling up the DagBag from /home/airflow/.local/lib/python3.12/site-packages/airflow/example_dags/tutorial_taskflow_api_virtualenv.py
[2024-06-08T10:39:02.528+0000] {processor.py:840} INFO - DAG(s) 'tutorial_taskflow_api_virtualenv' retrieved from /home/airflow/.local/lib/python3.12/site-packages/airflow/example_dags/tutorial_taskflow_api_virtualenv.py
[2024-06-08T10:39:02.581+0000] {logging_mixin.py:188} INFO - [2024-06-08T10:39:02.580+0000] {dag.py:3096} INFO - Sync 1 DAGs
[2024-06-08T10:39:02.610+0000] {logging_mixin.py:188} INFO - [2024-06-08T10:39:02.609+0000] {dag.py:3954} INFO - Setting next_dagrun for tutorial_taskflow_api_virtualenv to None, run_after=None
[2024-06-08T10:39:02.649+0000] {processor.py:183} INFO - Processing /home/airflow/.local/lib/python3.12/site-packages/airflow/example_dags/tutorial_taskflow_api_virtualenv.py took 0.160 seconds
[2024-06-08T10:39:33.345+0000] {processor.py:161} INFO - Started process (PID=63725) to work on /home/airflow/.local/lib/python3.12/site-packages/airflow/example_dags/tutorial_taskflow_api_virtualenv.py
[2024-06-08T10:39:33.346+0000] {processor.py:830} INFO - Processing file /home/airflow/.local/lib/python3.12/site-packages/airflow/example_dags/tutorial_taskflow_api_virtualenv.py for tasks to queue
[2024-06-08T10:39:33.348+0000] {logging_mixin.py:188} INFO - [2024-06-08T10:39:33.347+0000] {dagbag.py:545} INFO - Filling up the DagBag from /home/airflow/.local/lib/python3.12/site-packages/airflow/example_dags/tutorial_taskflow_api_virtualenv.py
[2024-06-08T10:39:33.362+0000] {processor.py:840} INFO - DAG(s) 'tutorial_taskflow_api_virtualenv' retrieved from /home/airflow/.local/lib/python3.12/site-packages/airflow/example_dags/tutorial_taskflow_api_virtualenv.py
[2024-06-08T10:39:33.388+0000] {logging_mixin.py:188} INFO - [2024-06-08T10:39:33.388+0000] {dag.py:3096} INFO - Sync 1 DAGs
[2024-06-08T10:39:33.406+0000] {logging_mixin.py:188} INFO - [2024-06-08T10:39:33.406+0000] {dag.py:3954} INFO - Setting next_dagrun for tutorial_taskflow_api_virtualenv to None, run_after=None
[2024-06-08T10:39:33.434+0000] {processor.py:183} INFO - Processing /home/airflow/.local/lib/python3.12/site-packages/airflow/example_dags/tutorial_taskflow_api_virtualenv.py took 0.097 seconds
[2024-06-08T11:07:36.904+0000] {processor.py:161} INFO - Started process (PID=63779) to work on /home/airflow/.local/lib/python3.12/site-packages/airflow/example_dags/tutorial_taskflow_api_virtualenv.py
[2024-06-08T11:07:36.906+0000] {processor.py:830} INFO - Processing file /home/airflow/.local/lib/python3.12/site-packages/airflow/example_dags/tutorial_taskflow_api_virtualenv.py for tasks to queue
[2024-06-08T11:07:36.907+0000] {logging_mixin.py:188} INFO - [2024-06-08T11:07:36.907+0000] {dagbag.py:545} INFO - Filling up the DagBag from /home/airflow/.local/lib/python3.12/site-packages/airflow/example_dags/tutorial_taskflow_api_virtualenv.py
[2024-06-08T11:07:36.920+0000] {processor.py:840} INFO - DAG(s) 'tutorial_taskflow_api_virtualenv' retrieved from /home/airflow/.local/lib/python3.12/site-packages/airflow/example_dags/tutorial_taskflow_api_virtualenv.py
[2024-06-08T11:07:36.947+0000] {logging_mixin.py:188} INFO - [2024-06-08T11:07:36.947+0000] {dag.py:3096} INFO - Sync 1 DAGs
[2024-06-08T11:07:36.963+0000] {logging_mixin.py:188} INFO - [2024-06-08T11:07:36.963+0000] {dag.py:3954} INFO - Setting next_dagrun for tutorial_taskflow_api_virtualenv to None, run_after=None
[2024-06-08T11:07:36.986+0000] {processor.py:183} INFO - Processing /home/airflow/.local/lib/python3.12/site-packages/airflow/example_dags/tutorial_taskflow_api_virtualenv.py took 0.090 seconds
[2024-06-08T12:08:37.325+0000] {processor.py:161} INFO - Started process (PID=63840) to work on /home/airflow/.local/lib/python3.12/site-packages/airflow/example_dags/tutorial_taskflow_api_virtualenv.py
[2024-06-08T12:08:37.327+0000] {processor.py:830} INFO - Processing file /home/airflow/.local/lib/python3.12/site-packages/airflow/example_dags/tutorial_taskflow_api_virtualenv.py for tasks to queue
[2024-06-08T12:08:37.329+0000] {logging_mixin.py:188} INFO - [2024-06-08T12:08:37.328+0000] {dagbag.py:545} INFO - Filling up the DagBag from /home/airflow/.local/lib/python3.12/site-packages/airflow/example_dags/tutorial_taskflow_api_virtualenv.py
[2024-06-08T12:08:37.348+0000] {processor.py:840} INFO - DAG(s) 'tutorial_taskflow_api_virtualenv' retrieved from /home/airflow/.local/lib/python3.12/site-packages/airflow/example_dags/tutorial_taskflow_api_virtualenv.py
[2024-06-08T12:08:37.385+0000] {logging_mixin.py:188} INFO - [2024-06-08T12:08:37.385+0000] {dag.py:3096} INFO - Sync 1 DAGs
[2024-06-08T12:08:37.409+0000] {logging_mixin.py:188} INFO - [2024-06-08T12:08:37.409+0000] {dag.py:3954} INFO - Setting next_dagrun for tutorial_taskflow_api_virtualenv to None, run_after=None
[2024-06-08T12:08:37.441+0000] {processor.py:183} INFO - Processing /home/airflow/.local/lib/python3.12/site-packages/airflow/example_dags/tutorial_taskflow_api_virtualenv.py took 0.127 seconds
[2024-06-08T12:09:08.183+0000] {processor.py:161} INFO - Started process (PID=63900) to work on /home/airflow/.local/lib/python3.12/site-packages/airflow/example_dags/tutorial_taskflow_api_virtualenv.py
[2024-06-08T12:09:08.185+0000] {processor.py:830} INFO - Processing file /home/airflow/.local/lib/python3.12/site-packages/airflow/example_dags/tutorial_taskflow_api_virtualenv.py for tasks to queue
[2024-06-08T12:09:08.186+0000] {logging_mixin.py:188} INFO - [2024-06-08T12:09:08.186+0000] {dagbag.py:545} INFO - Filling up the DagBag from /home/airflow/.local/lib/python3.12/site-packages/airflow/example_dags/tutorial_taskflow_api_virtualenv.py
[2024-06-08T12:09:08.200+0000] {processor.py:840} INFO - DAG(s) 'tutorial_taskflow_api_virtualenv' retrieved from /home/airflow/.local/lib/python3.12/site-packages/airflow/example_dags/tutorial_taskflow_api_virtualenv.py
[2024-06-08T12:09:08.226+0000] {logging_mixin.py:188} INFO - [2024-06-08T12:09:08.225+0000] {dag.py:3096} INFO - Sync 1 DAGs
[2024-06-08T12:09:08.242+0000] {logging_mixin.py:188} INFO - [2024-06-08T12:09:08.242+0000] {dag.py:3954} INFO - Setting next_dagrun for tutorial_taskflow_api_virtualenv to None, run_after=None
[2024-06-08T12:09:08.265+0000] {processor.py:183} INFO - Processing /home/airflow/.local/lib/python3.12/site-packages/airflow/example_dags/tutorial_taskflow_api_virtualenv.py took 0.089 seconds
[2024-06-08T13:09:58.985+0000] {processor.py:161} INFO - Started process (PID=63960) to work on /home/airflow/.local/lib/python3.12/site-packages/airflow/example_dags/tutorial_taskflow_api_virtualenv.py
[2024-06-08T13:09:58.987+0000] {processor.py:830} INFO - Processing file /home/airflow/.local/lib/python3.12/site-packages/airflow/example_dags/tutorial_taskflow_api_virtualenv.py for tasks to queue
[2024-06-08T13:09:58.988+0000] {logging_mixin.py:188} INFO - [2024-06-08T13:09:58.988+0000] {dagbag.py:545} INFO - Filling up the DagBag from /home/airflow/.local/lib/python3.12/site-packages/airflow/example_dags/tutorial_taskflow_api_virtualenv.py
[2024-06-08T13:09:59.002+0000] {processor.py:840} INFO - DAG(s) 'tutorial_taskflow_api_virtualenv' retrieved from /home/airflow/.local/lib/python3.12/site-packages/airflow/example_dags/tutorial_taskflow_api_virtualenv.py
[2024-06-08T13:09:59.036+0000] {logging_mixin.py:188} INFO - [2024-06-08T13:09:59.036+0000] {dag.py:3096} INFO - Sync 1 DAGs
[2024-06-08T13:09:59.091+0000] {logging_mixin.py:188} INFO - [2024-06-08T13:09:59.091+0000] {dag.py:3954} INFO - Setting next_dagrun for tutorial_taskflow_api_virtualenv to None, run_after=None
[2024-06-08T13:09:59.115+0000] {processor.py:183} INFO - Processing /home/airflow/.local/lib/python3.12/site-packages/airflow/example_dags/tutorial_taskflow_api_virtualenv.py took 0.138 seconds
[2024-06-08T14:10:54.757+0000] {processor.py:161} INFO - Started process (PID=64020) to work on /home/airflow/.local/lib/python3.12/site-packages/airflow/example_dags/tutorial_taskflow_api_virtualenv.py
[2024-06-08T14:10:54.759+0000] {processor.py:830} INFO - Processing file /home/airflow/.local/lib/python3.12/site-packages/airflow/example_dags/tutorial_taskflow_api_virtualenv.py for tasks to queue
[2024-06-08T14:10:54.761+0000] {logging_mixin.py:188} INFO - [2024-06-08T14:10:54.760+0000] {dagbag.py:545} INFO - Filling up the DagBag from /home/airflow/.local/lib/python3.12/site-packages/airflow/example_dags/tutorial_taskflow_api_virtualenv.py
[2024-06-08T14:10:54.781+0000] {processor.py:840} INFO - DAG(s) 'tutorial_taskflow_api_virtualenv' retrieved from /home/airflow/.local/lib/python3.12/site-packages/airflow/example_dags/tutorial_taskflow_api_virtualenv.py
[2024-06-08T14:10:54.821+0000] {logging_mixin.py:188} INFO - [2024-06-08T14:10:54.820+0000] {dag.py:3096} INFO - Sync 1 DAGs
[2024-06-08T14:10:54.850+0000] {logging_mixin.py:188} INFO - [2024-06-08T14:10:54.850+0000] {dag.py:3954} INFO - Setting next_dagrun for tutorial_taskflow_api_virtualenv to None, run_after=None
[2024-06-08T14:10:54.887+0000] {processor.py:183} INFO - Processing /home/airflow/.local/lib/python3.12/site-packages/airflow/example_dags/tutorial_taskflow_api_virtualenv.py took 0.141 seconds
[2024-06-08T14:11:25.536+0000] {processor.py:161} INFO - Started process (PID=64080) to work on /home/airflow/.local/lib/python3.12/site-packages/airflow/example_dags/tutorial_taskflow_api_virtualenv.py
[2024-06-08T14:11:25.539+0000] {processor.py:830} INFO - Processing file /home/airflow/.local/lib/python3.12/site-packages/airflow/example_dags/tutorial_taskflow_api_virtualenv.py for tasks to queue
[2024-06-08T14:11:25.541+0000] {logging_mixin.py:188} INFO - [2024-06-08T14:11:25.541+0000] {dagbag.py:545} INFO - Filling up the DagBag from /home/airflow/.local/lib/python3.12/site-packages/airflow/example_dags/tutorial_taskflow_api_virtualenv.py
[2024-06-08T14:11:25.559+0000] {processor.py:840} INFO - DAG(s) 'tutorial_taskflow_api_virtualenv' retrieved from /home/airflow/.local/lib/python3.12/site-packages/airflow/example_dags/tutorial_taskflow_api_virtualenv.py
[2024-06-08T14:11:25.586+0000] {logging_mixin.py:188} INFO - [2024-06-08T14:11:25.585+0000] {dag.py:3096} INFO - Sync 1 DAGs
[2024-06-08T14:11:25.603+0000] {logging_mixin.py:188} INFO - [2024-06-08T14:11:25.602+0000] {dag.py:3954} INFO - Setting next_dagrun for tutorial_taskflow_api_virtualenv to None, run_after=None
[2024-06-08T14:11:25.626+0000] {processor.py:183} INFO - Processing /home/airflow/.local/lib/python3.12/site-packages/airflow/example_dags/tutorial_taskflow_api_virtualenv.py took 0.097 seconds
[2024-06-08T15:12:10.930+0000] {processor.py:161} INFO - Started process (PID=64140) to work on /home/airflow/.local/lib/python3.12/site-packages/airflow/example_dags/tutorial_taskflow_api_virtualenv.py
[2024-06-08T15:12:10.932+0000] {processor.py:830} INFO - Processing file /home/airflow/.local/lib/python3.12/site-packages/airflow/example_dags/tutorial_taskflow_api_virtualenv.py for tasks to queue
[2024-06-08T15:12:10.933+0000] {logging_mixin.py:188} INFO - [2024-06-08T15:12:10.933+0000] {dagbag.py:545} INFO - Filling up the DagBag from /home/airflow/.local/lib/python3.12/site-packages/airflow/example_dags/tutorial_taskflow_api_virtualenv.py
[2024-06-08T15:12:10.947+0000] {processor.py:840} INFO - DAG(s) 'tutorial_taskflow_api_virtualenv' retrieved from /home/airflow/.local/lib/python3.12/site-packages/airflow/example_dags/tutorial_taskflow_api_virtualenv.py
[2024-06-08T15:12:10.974+0000] {logging_mixin.py:188} INFO - [2024-06-08T15:12:10.974+0000] {dag.py:3096} INFO - Sync 1 DAGs
[2024-06-08T15:12:10.991+0000] {logging_mixin.py:188} INFO - [2024-06-08T15:12:10.991+0000] {dag.py:3954} INFO - Setting next_dagrun for tutorial_taskflow_api_virtualenv to None, run_after=None
[2024-06-08T15:12:11.016+0000] {processor.py:183} INFO - Processing /home/airflow/.local/lib/python3.12/site-packages/airflow/example_dags/tutorial_taskflow_api_virtualenv.py took 0.094 seconds
[2024-06-08T16:13:12.173+0000] {processor.py:161} INFO - Started process (PID=64200) to work on /home/airflow/.local/lib/python3.12/site-packages/airflow/example_dags/tutorial_taskflow_api_virtualenv.py
[2024-06-08T16:13:12.175+0000] {processor.py:830} INFO - Processing file /home/airflow/.local/lib/python3.12/site-packages/airflow/example_dags/tutorial_taskflow_api_virtualenv.py for tasks to queue
[2024-06-08T16:13:12.177+0000] {logging_mixin.py:188} INFO - [2024-06-08T16:13:12.177+0000] {dagbag.py:545} INFO - Filling up the DagBag from /home/airflow/.local/lib/python3.12/site-packages/airflow/example_dags/tutorial_taskflow_api_virtualenv.py
[2024-06-08T16:13:12.200+0000] {processor.py:840} INFO - DAG(s) 'tutorial_taskflow_api_virtualenv' retrieved from /home/airflow/.local/lib/python3.12/site-packages/airflow/example_dags/tutorial_taskflow_api_virtualenv.py
[2024-06-08T16:13:12.245+0000] {logging_mixin.py:188} INFO - [2024-06-08T16:13:12.245+0000] {dag.py:3096} INFO - Sync 1 DAGs
[2024-06-08T16:13:12.271+0000] {logging_mixin.py:188} INFO - [2024-06-08T16:13:12.271+0000] {dag.py:3954} INFO - Setting next_dagrun for tutorial_taskflow_api_virtualenv to None, run_after=None
[2024-06-08T16:13:12.311+0000] {processor.py:183} INFO - Processing /home/airflow/.local/lib/python3.12/site-packages/airflow/example_dags/tutorial_taskflow_api_virtualenv.py took 0.150 seconds
[2024-06-08T16:13:53.767+0000] {processor.py:161} INFO - Started process (PID=64266) to work on /home/airflow/.local/lib/python3.12/site-packages/airflow/example_dags/tutorial_taskflow_api_virtualenv.py
[2024-06-08T16:13:53.769+0000] {processor.py:830} INFO - Processing file /home/airflow/.local/lib/python3.12/site-packages/airflow/example_dags/tutorial_taskflow_api_virtualenv.py for tasks to queue
[2024-06-08T16:13:53.771+0000] {logging_mixin.py:188} INFO - [2024-06-08T16:13:53.770+0000] {dagbag.py:545} INFO - Filling up the DagBag from /home/airflow/.local/lib/python3.12/site-packages/airflow/example_dags/tutorial_taskflow_api_virtualenv.py
[2024-06-08T16:13:53.794+0000] {processor.py:840} INFO - DAG(s) 'tutorial_taskflow_api_virtualenv' retrieved from /home/airflow/.local/lib/python3.12/site-packages/airflow/example_dags/tutorial_taskflow_api_virtualenv.py
[2024-06-08T16:13:53.853+0000] {logging_mixin.py:188} INFO - [2024-06-08T16:13:53.852+0000] {dag.py:3096} INFO - Sync 1 DAGs
[2024-06-08T16:13:53.900+0000] {logging_mixin.py:188} INFO - [2024-06-08T16:13:53.900+0000] {dag.py:3954} INFO - Setting next_dagrun for tutorial_taskflow_api_virtualenv to None, run_after=None
[2024-06-08T16:13:53.954+0000] {processor.py:183} INFO - Processing /home/airflow/.local/lib/python3.12/site-packages/airflow/example_dags/tutorial_taskflow_api_virtualenv.py took 0.199 seconds
[2024-06-08T17:14:33.682+0000] {processor.py:161} INFO - Started process (PID=64320) to work on /home/airflow/.local/lib/python3.12/site-packages/airflow/example_dags/tutorial_taskflow_api_virtualenv.py
[2024-06-08T17:14:33.684+0000] {processor.py:830} INFO - Processing file /home/airflow/.local/lib/python3.12/site-packages/airflow/example_dags/tutorial_taskflow_api_virtualenv.py for tasks to queue
[2024-06-08T17:14:33.686+0000] {logging_mixin.py:188} INFO - [2024-06-08T17:14:33.685+0000] {dagbag.py:545} INFO - Filling up the DagBag from /home/airflow/.local/lib/python3.12/site-packages/airflow/example_dags/tutorial_taskflow_api_virtualenv.py
[2024-06-08T17:14:33.704+0000] {processor.py:840} INFO - DAG(s) 'tutorial_taskflow_api_virtualenv' retrieved from /home/airflow/.local/lib/python3.12/site-packages/airflow/example_dags/tutorial_taskflow_api_virtualenv.py
[2024-06-08T17:14:33.739+0000] {logging_mixin.py:188} INFO - [2024-06-08T17:14:33.738+0000] {dag.py:3096} INFO - Sync 1 DAGs
[2024-06-08T17:14:33.759+0000] {logging_mixin.py:188} INFO - [2024-06-08T17:14:33.759+0000] {dag.py:3954} INFO - Setting next_dagrun for tutorial_taskflow_api_virtualenv to None, run_after=None
[2024-06-08T17:14:33.792+0000] {processor.py:183} INFO - Processing /home/airflow/.local/lib/python3.12/site-packages/airflow/example_dags/tutorial_taskflow_api_virtualenv.py took 0.122 seconds
[2024-06-08T18:08:38.578+0000] {processor.py:161} INFO - Started process (PID=64380) to work on /home/airflow/.local/lib/python3.12/site-packages/airflow/example_dags/tutorial_taskflow_api_virtualenv.py
[2024-06-08T18:08:38.580+0000] {processor.py:830} INFO - Processing file /home/airflow/.local/lib/python3.12/site-packages/airflow/example_dags/tutorial_taskflow_api_virtualenv.py for tasks to queue
[2024-06-08T18:08:38.582+0000] {logging_mixin.py:188} INFO - [2024-06-08T18:08:38.581+0000] {dagbag.py:545} INFO - Filling up the DagBag from /home/airflow/.local/lib/python3.12/site-packages/airflow/example_dags/tutorial_taskflow_api_virtualenv.py
[2024-06-08T18:08:38.601+0000] {processor.py:840} INFO - DAG(s) 'tutorial_taskflow_api_virtualenv' retrieved from /home/airflow/.local/lib/python3.12/site-packages/airflow/example_dags/tutorial_taskflow_api_virtualenv.py
[2024-06-08T18:08:38.642+0000] {logging_mixin.py:188} INFO - [2024-06-08T18:08:38.641+0000] {dag.py:3096} INFO - Sync 1 DAGs
[2024-06-08T18:08:38.669+0000] {logging_mixin.py:188} INFO - [2024-06-08T18:08:38.668+0000] {dag.py:3954} INFO - Setting next_dagrun for tutorial_taskflow_api_virtualenv to None, run_after=None
[2024-06-08T18:08:38.703+0000] {processor.py:183} INFO - Processing /home/airflow/.local/lib/python3.12/site-packages/airflow/example_dags/tutorial_taskflow_api_virtualenv.py took 0.137 seconds
[2024-06-08T18:15:49.174+0000] {processor.py:161} INFO - Started process (PID=64440) to work on /home/airflow/.local/lib/python3.12/site-packages/airflow/example_dags/tutorial_taskflow_api_virtualenv.py
[2024-06-08T18:15:49.177+0000] {processor.py:830} INFO - Processing file /home/airflow/.local/lib/python3.12/site-packages/airflow/example_dags/tutorial_taskflow_api_virtualenv.py for tasks to queue
[2024-06-08T18:15:49.178+0000] {logging_mixin.py:188} INFO - [2024-06-08T18:15:49.178+0000] {dagbag.py:545} INFO - Filling up the DagBag from /home/airflow/.local/lib/python3.12/site-packages/airflow/example_dags/tutorial_taskflow_api_virtualenv.py
[2024-06-08T18:15:49.193+0000] {processor.py:840} INFO - DAG(s) 'tutorial_taskflow_api_virtualenv' retrieved from /home/airflow/.local/lib/python3.12/site-packages/airflow/example_dags/tutorial_taskflow_api_virtualenv.py
[2024-06-08T18:15:49.226+0000] {logging_mixin.py:188} INFO - [2024-06-08T18:15:49.225+0000] {dag.py:3096} INFO - Sync 1 DAGs
[2024-06-08T18:15:49.244+0000] {logging_mixin.py:188} INFO - [2024-06-08T18:15:49.244+0000] {dag.py:3954} INFO - Setting next_dagrun for tutorial_taskflow_api_virtualenv to None, run_after=None
[2024-06-08T18:15:49.272+0000] {processor.py:183} INFO - Processing /home/airflow/.local/lib/python3.12/site-packages/airflow/example_dags/tutorial_taskflow_api_virtualenv.py took 0.107 seconds
[2024-06-08T18:52:16.160+0000] {processor.py:161} INFO - Started process (PID=64500) to work on /home/airflow/.local/lib/python3.12/site-packages/airflow/example_dags/tutorial_taskflow_api_virtualenv.py
[2024-06-08T18:52:16.162+0000] {processor.py:830} INFO - Processing file /home/airflow/.local/lib/python3.12/site-packages/airflow/example_dags/tutorial_taskflow_api_virtualenv.py for tasks to queue
[2024-06-08T18:52:16.163+0000] {logging_mixin.py:188} INFO - [2024-06-08T18:52:16.163+0000] {dagbag.py:545} INFO - Filling up the DagBag from /home/airflow/.local/lib/python3.12/site-packages/airflow/example_dags/tutorial_taskflow_api_virtualenv.py
[2024-06-08T18:52:16.177+0000] {processor.py:840} INFO - DAG(s) 'tutorial_taskflow_api_virtualenv' retrieved from /home/airflow/.local/lib/python3.12/site-packages/airflow/example_dags/tutorial_taskflow_api_virtualenv.py
[2024-06-08T18:52:16.205+0000] {logging_mixin.py:188} INFO - [2024-06-08T18:52:16.204+0000] {dag.py:3096} INFO - Sync 1 DAGs
[2024-06-08T18:52:16.225+0000] {logging_mixin.py:188} INFO - [2024-06-08T18:52:16.225+0000] {dag.py:3954} INFO - Setting next_dagrun for tutorial_taskflow_api_virtualenv to None, run_after=None
[2024-06-08T18:52:16.252+0000] {processor.py:183} INFO - Processing /home/airflow/.local/lib/python3.12/site-packages/airflow/example_dags/tutorial_taskflow_api_virtualenv.py took 0.100 seconds
[2024-06-08T18:52:50.351+0000] {processor.py:161} INFO - Started process (PID=64560) to work on /home/airflow/.local/lib/python3.12/site-packages/airflow/example_dags/tutorial_taskflow_api_virtualenv.py
[2024-06-08T18:52:50.352+0000] {processor.py:830} INFO - Processing file /home/airflow/.local/lib/python3.12/site-packages/airflow/example_dags/tutorial_taskflow_api_virtualenv.py for tasks to queue
[2024-06-08T18:52:50.355+0000] {logging_mixin.py:188} INFO - [2024-06-08T18:52:50.354+0000] {dagbag.py:545} INFO - Filling up the DagBag from /home/airflow/.local/lib/python3.12/site-packages/airflow/example_dags/tutorial_taskflow_api_virtualenv.py
[2024-06-08T18:52:50.377+0000] {processor.py:840} INFO - DAG(s) 'tutorial_taskflow_api_virtualenv' retrieved from /home/airflow/.local/lib/python3.12/site-packages/airflow/example_dags/tutorial_taskflow_api_virtualenv.py
[2024-06-08T18:52:50.417+0000] {logging_mixin.py:188} INFO - [2024-06-08T18:52:50.416+0000] {dag.py:3096} INFO - Sync 1 DAGs
[2024-06-08T18:52:50.441+0000] {logging_mixin.py:188} INFO - [2024-06-08T18:52:50.440+0000] {dag.py:3954} INFO - Setting next_dagrun for tutorial_taskflow_api_virtualenv to None, run_after=None
[2024-06-08T18:52:50.479+0000] {processor.py:183} INFO - Processing /home/airflow/.local/lib/python3.12/site-packages/airflow/example_dags/tutorial_taskflow_api_virtualenv.py took 0.139 seconds
[2024-06-08T19:12:39.990+0000] {processor.py:161} INFO - Started process (PID=64620) to work on /home/airflow/.local/lib/python3.12/site-packages/airflow/example_dags/tutorial_taskflow_api_virtualenv.py
[2024-06-08T19:12:39.992+0000] {processor.py:830} INFO - Processing file /home/airflow/.local/lib/python3.12/site-packages/airflow/example_dags/tutorial_taskflow_api_virtualenv.py for tasks to queue
[2024-06-08T19:12:39.993+0000] {logging_mixin.py:188} INFO - [2024-06-08T19:12:39.993+0000] {dagbag.py:545} INFO - Filling up the DagBag from /home/airflow/.local/lib/python3.12/site-packages/airflow/example_dags/tutorial_taskflow_api_virtualenv.py
[2024-06-08T19:12:40.007+0000] {processor.py:840} INFO - DAG(s) 'tutorial_taskflow_api_virtualenv' retrieved from /home/airflow/.local/lib/python3.12/site-packages/airflow/example_dags/tutorial_taskflow_api_virtualenv.py
[2024-06-08T19:12:40.033+0000] {logging_mixin.py:188} INFO - [2024-06-08T19:12:40.032+0000] {dag.py:3096} INFO - Sync 1 DAGs
[2024-06-08T19:12:40.050+0000] {logging_mixin.py:188} INFO - [2024-06-08T19:12:40.049+0000] {dag.py:3954} INFO - Setting next_dagrun for tutorial_taskflow_api_virtualenv to None, run_after=None
[2024-06-08T19:12:40.073+0000] {processor.py:183} INFO - Processing /home/airflow/.local/lib/python3.12/site-packages/airflow/example_dags/tutorial_taskflow_api_virtualenv.py took 0.091 seconds
[2024-06-08T19:16:53.273+0000] {processor.py:161} INFO - Started process (PID=64680) to work on /home/airflow/.local/lib/python3.12/site-packages/airflow/example_dags/tutorial_taskflow_api_virtualenv.py
[2024-06-08T19:16:53.275+0000] {processor.py:830} INFO - Processing file /home/airflow/.local/lib/python3.12/site-packages/airflow/example_dags/tutorial_taskflow_api_virtualenv.py for tasks to queue
[2024-06-08T19:16:53.276+0000] {logging_mixin.py:188} INFO - [2024-06-08T19:16:53.276+0000] {dagbag.py:545} INFO - Filling up the DagBag from /home/airflow/.local/lib/python3.12/site-packages/airflow/example_dags/tutorial_taskflow_api_virtualenv.py
[2024-06-08T19:16:53.290+0000] {processor.py:840} INFO - DAG(s) 'tutorial_taskflow_api_virtualenv' retrieved from /home/airflow/.local/lib/python3.12/site-packages/airflow/example_dags/tutorial_taskflow_api_virtualenv.py
[2024-06-08T19:16:53.316+0000] {logging_mixin.py:188} INFO - [2024-06-08T19:16:53.316+0000] {dag.py:3096} INFO - Sync 1 DAGs
[2024-06-08T19:16:53.333+0000] {logging_mixin.py:188} INFO - [2024-06-08T19:16:53.333+0000] {dag.py:3954} INFO - Setting next_dagrun for tutorial_taskflow_api_virtualenv to None, run_after=None
[2024-06-08T19:16:53.358+0000] {processor.py:183} INFO - Processing /home/airflow/.local/lib/python3.12/site-packages/airflow/example_dags/tutorial_taskflow_api_virtualenv.py took 0.092 seconds
[2024-06-08T20:17:50.651+0000] {processor.py:161} INFO - Started process (PID=64740) to work on /home/airflow/.local/lib/python3.12/site-packages/airflow/example_dags/tutorial_taskflow_api_virtualenv.py
[2024-06-08T20:17:50.653+0000] {processor.py:830} INFO - Processing file /home/airflow/.local/lib/python3.12/site-packages/airflow/example_dags/tutorial_taskflow_api_virtualenv.py for tasks to queue
[2024-06-08T20:17:50.656+0000] {logging_mixin.py:188} INFO - [2024-06-08T20:17:50.655+0000] {dagbag.py:545} INFO - Filling up the DagBag from /home/airflow/.local/lib/python3.12/site-packages/airflow/example_dags/tutorial_taskflow_api_virtualenv.py
[2024-06-08T20:17:50.681+0000] {processor.py:840} INFO - DAG(s) 'tutorial_taskflow_api_virtualenv' retrieved from /home/airflow/.local/lib/python3.12/site-packages/airflow/example_dags/tutorial_taskflow_api_virtualenv.py
[2024-06-08T20:17:50.722+0000] {logging_mixin.py:188} INFO - [2024-06-08T20:17:50.722+0000] {dag.py:3096} INFO - Sync 1 DAGs
[2024-06-08T20:17:50.769+0000] {logging_mixin.py:188} INFO - [2024-06-08T20:17:50.768+0000] {dag.py:3954} INFO - Setting next_dagrun for tutorial_taskflow_api_virtualenv to None, run_after=None
[2024-06-08T20:17:50.838+0000] {processor.py:183} INFO - Processing /home/airflow/.local/lib/python3.12/site-packages/airflow/example_dags/tutorial_taskflow_api_virtualenv.py took 0.198 seconds
[2024-06-08T20:18:32.913+0000] {processor.py:161} INFO - Started process (PID=64800) to work on /home/airflow/.local/lib/python3.12/site-packages/airflow/example_dags/tutorial_taskflow_api_virtualenv.py
[2024-06-08T20:18:32.915+0000] {processor.py:830} INFO - Processing file /home/airflow/.local/lib/python3.12/site-packages/airflow/example_dags/tutorial_taskflow_api_virtualenv.py for tasks to queue
[2024-06-08T20:18:32.917+0000] {logging_mixin.py:188} INFO - [2024-06-08T20:18:32.916+0000] {dagbag.py:545} INFO - Filling up the DagBag from /home/airflow/.local/lib/python3.12/site-packages/airflow/example_dags/tutorial_taskflow_api_virtualenv.py
[2024-06-08T20:18:32.938+0000] {processor.py:840} INFO - DAG(s) 'tutorial_taskflow_api_virtualenv' retrieved from /home/airflow/.local/lib/python3.12/site-packages/airflow/example_dags/tutorial_taskflow_api_virtualenv.py
[2024-06-08T20:18:32.984+0000] {logging_mixin.py:188} INFO - [2024-06-08T20:18:32.983+0000] {dag.py:3096} INFO - Sync 1 DAGs
[2024-06-08T20:18:33.010+0000] {logging_mixin.py:188} INFO - [2024-06-08T20:18:33.010+0000] {dag.py:3954} INFO - Setting next_dagrun for tutorial_taskflow_api_virtualenv to None, run_after=None
[2024-06-08T20:18:33.049+0000] {processor.py:183} INFO - Processing /home/airflow/.local/lib/python3.12/site-packages/airflow/example_dags/tutorial_taskflow_api_virtualenv.py took 0.148 seconds
