[2024-06-13T12:06:48.504+0000] {local_task_job_runner.py:120} INFO - ::group::Pre task execution logs
[2024-06-13T12:06:48.541+0000] {taskinstance.py:2076} INFO - Dependencies all met for dep_context=non-requeueable deps ti=<TaskInstance: trigger_dag_id.file_sensor manual__2024-06-13T12:06:37.185974+00:00 [queued]>
[2024-06-13T12:06:48.553+0000] {taskinstance.py:2076} INFO - Dependencies all met for dep_context=requeueable deps ti=<TaskInstance: trigger_dag_id.file_sensor manual__2024-06-13T12:06:37.185974+00:00 [queued]>
[2024-06-13T12:06:48.554+0000] {taskinstance.py:2306} INFO - Starting attempt 1 of 1
[2024-06-13T12:06:48.576+0000] {taskinstance.py:2330} INFO - Executing <Task(CustomFileSensor): file_sensor> on 2024-06-13 12:06:37.185974+00:00
[2024-06-13T12:06:48.587+0000] {warnings.py:110} WARNING - /home/***/.local/lib/python3.12/site-packages/***/task/task_runner/standard_task_runner.py:61: DeprecationWarning: This process (pid=90) is multi-threaded, use of fork() may lead to deadlocks in the child.
  pid = os.fork()

[2024-06-13T12:06:48.589+0000] {standard_task_runner.py:63} INFO - Started process 92 to run task
[2024-06-13T12:06:48.590+0000] {standard_task_runner.py:90} INFO - Running: ['***', 'tasks', 'run', 'trigger_dag_id', 'file_sensor', 'manual__2024-06-13T12:06:37.185974+00:00', '--job-id', '872', '--raw', '--subdir', 'DAGS_FOLDER/trigger_dag.py', '--cfg-path', '/tmp/tmp1qe0ofn_']
[2024-06-13T12:06:48.597+0000] {standard_task_runner.py:91} INFO - Job 872: Subtask file_sensor
[2024-06-13T12:06:48.684+0000] {task_command.py:426} INFO - Running <TaskInstance: trigger_dag_id.file_sensor manual__2024-06-13T12:06:37.185974+00:00 [running]> on host 64abfa0fb42d
[2024-06-13T12:06:48.843+0000] {taskinstance.py:2648} INFO - Exporting env vars: AIRFLOW_CTX_DAG_OWNER='***' AIRFLOW_CTX_DAG_ID='trigger_dag_id' AIRFLOW_CTX_TASK_ID='file_sensor' AIRFLOW_CTX_EXECUTION_DATE='2024-06-13T12:06:37.185974+00:00' AIRFLOW_CTX_TRY_NUMBER='1' AIRFLOW_CTX_DAG_RUN_ID='manual__2024-06-13T12:06:37.185974+00:00'
[2024-06-13T12:06:48.846+0000] {taskinstance.py:430} INFO - ::endgroup::
[2024-06-13T12:06:48.847+0000] {baseoperator.py:399} WARNING - CustomFileSensor.execute cannot be called outside TaskInstance!
[2024-06-13T12:06:48.875+0000] {base.py:84} INFO - Using connection ID 'fs_default' for task execution.
[2024-06-13T12:06:48.878+0000] {filesystem.py:85} INFO - Poking for file /opt/***/TRIGGER_FILE/file.txt
[2024-06-13T12:07:48.882+0000] {filesystem.py:85} INFO - Poking for file /opt/***/TRIGGER_FILE/file.txt
[2024-06-13T12:08:48.896+0000] {filesystem.py:85} INFO - Poking for file /opt/***/TRIGGER_FILE/file.txt
[2024-06-13T12:09:48.902+0000] {filesystem.py:85} INFO - Poking for file /opt/***/TRIGGER_FILE/file.txt
[2024-06-13T12:10:48.906+0000] {filesystem.py:85} INFO - Poking for file /opt/***/TRIGGER_FILE/file.txt
[2024-06-13T12:11:48.916+0000] {filesystem.py:85} INFO - Poking for file /opt/***/TRIGGER_FILE/file.txt
[2024-06-13T12:12:48.923+0000] {filesystem.py:85} INFO - Poking for file /opt/***/TRIGGER_FILE/file.txt
[2024-06-13T12:13:48.936+0000] {filesystem.py:85} INFO - Poking for file /opt/***/TRIGGER_FILE/file.txt
[2024-06-13T12:14:48.957+0000] {filesystem.py:85} INFO - Poking for file /opt/***/TRIGGER_FILE/file.txt
[2024-06-13T12:15:48.967+0000] {filesystem.py:85} INFO - Poking for file /opt/***/TRIGGER_FILE/file.txt
[2024-06-13T12:16:48.976+0000] {filesystem.py:85} INFO - Poking for file /opt/***/TRIGGER_FILE/file.txt
[2024-06-13T12:17:48.983+0000] {filesystem.py:85} INFO - Poking for file /opt/***/TRIGGER_FILE/file.txt
[2024-06-13T12:18:48.998+0000] {filesystem.py:85} INFO - Poking for file /opt/***/TRIGGER_FILE/file.txt
