[2024-06-05T09:58:09.273+0000] {local_task_job_runner.py:120} INFO - ::group::Pre task execution logs
[2024-06-05T09:58:09.300+0000] {taskinstance.py:2076} INFO - Dependencies all met for dep_context=non-requeueable deps ti=<TaskInstance: xdag_id_1.gett_current_user manual__2024-06-05T09:58:03.295705+00:00 [queued]>
[2024-06-05T09:58:09.315+0000] {taskinstance.py:2076} INFO - Dependencies all met for dep_context=requeueable deps ti=<TaskInstance: xdag_id_1.gett_current_user manual__2024-06-05T09:58:03.295705+00:00 [queued]>
[2024-06-05T09:58:09.316+0000] {taskinstance.py:2306} INFO - Starting attempt 1 of 1
[2024-06-05T09:58:09.337+0000] {taskinstance.py:2330} INFO - Executing <Task(BashOperator): gett_current_user> on 2024-06-05 09:58:03.295705+00:00
[2024-06-05T09:58:09.348+0000] {warnings.py:110} WARNING - /home/***/.local/lib/python3.12/site-packages/***/task/task_runner/standard_task_runner.py:61: DeprecationWarning: This process (pid=1734) is multi-threaded, use of fork() may lead to deadlocks in the child.
  pid = os.fork()

[2024-06-05T09:58:09.350+0000] {standard_task_runner.py:63} INFO - Started process 1736 to run task
[2024-06-05T09:58:09.350+0000] {standard_task_runner.py:90} INFO - Running: ['***', 'tasks', 'run', 'xdag_id_1', 'gett_current_user', 'manual__2024-06-05T09:58:03.295705+00:00', '--job-id', '299', '--raw', '--subdir', 'DAGS_FOLDER/jobs_dag.py', '--cfg-path', '/tmp/tmp2oi61i3p']
[2024-06-05T09:58:09.354+0000] {standard_task_runner.py:91} INFO - Job 299: Subtask gett_current_user
[2024-06-05T09:58:09.417+0000] {task_command.py:426} INFO - Running <TaskInstance: xdag_id_1.gett_current_user manual__2024-06-05T09:58:03.295705+00:00 [running]> on host db8c7b709f57
[2024-06-05T09:58:09.530+0000] {taskinstance.py:2648} INFO - Exporting env vars: AIRFLOW_CTX_DAG_OWNER='***' AIRFLOW_CTX_DAG_ID='xdag_id_1' AIRFLOW_CTX_TASK_ID='gett_current_user' AIRFLOW_CTX_EXECUTION_DATE='2024-06-05T09:58:03.295705+00:00' AIRFLOW_CTX_TRY_NUMBER='1' AIRFLOW_CTX_DAG_RUN_ID='manual__2024-06-05T09:58:03.295705+00:00'
[2024-06-05T09:58:09.533+0000] {taskinstance.py:430} INFO - ::endgroup::
[2024-06-05T09:58:09.534+0000] {subprocess.py:63} INFO - Tmp dir root location: /tmp
[2024-06-05T09:58:09.535+0000] {subprocess.py:75} INFO - Running command: ['/usr/bin/bash', '-c', 'whoami']
[2024-06-05T09:58:09.546+0000] {subprocess.py:86} INFO - Output:
[2024-06-05T09:58:09.551+0000] {subprocess.py:93} INFO - default
[2024-06-05T09:58:09.552+0000] {subprocess.py:97} INFO - Command exited with return code 0
[2024-06-05T09:58:09.553+0000] {taskinstance.py:441} INFO - ::group::Post task execution logs
[2024-06-05T09:58:09.586+0000] {taskinstance.py:1206} INFO - Marking task as SUCCESS. dag_id=xdag_id_1, task_id=gett_current_user, run_id=manual__2024-06-05T09:58:03.295705+00:00, execution_date=20240605T095803, start_date=20240605T095809, end_date=20240605T095809
[2024-06-05T09:58:09.615+0000] {local_task_job_runner.py:240} INFO - Task exited with return code 0
[2024-06-05T09:58:09.651+0000] {taskinstance.py:3498} INFO - 1 downstream tasks scheduled from follow-on schedule check
[2024-06-05T09:58:09.654+0000] {local_task_job_runner.py:222} INFO - ::endgroup::
