[2024-06-19T08:48:36.725+0000] {local_task_job_runner.py:120} INFO - ::group::Pre task execution logs
[2024-06-19T08:48:36.761+0000] {taskinstance.py:2076} INFO - Dependencies all met for dep_context=non-requeueable deps ti=<TaskInstance: trigger_dag_id.task_troup.dag_1_task_sensor manual__2024-06-19T08:48:27.684380+00:00 [queued]>
[2024-06-19T08:48:36.776+0000] {taskinstance.py:2076} INFO - Dependencies all met for dep_context=requeueable deps ti=<TaskInstance: trigger_dag_id.task_troup.dag_1_task_sensor manual__2024-06-19T08:48:27.684380+00:00 [queued]>
[2024-06-19T08:48:36.777+0000] {taskinstance.py:2306} INFO - Starting attempt 1 of 1
[2024-06-19T08:48:36.793+0000] {taskinstance.py:2330} INFO - Executing <Task(ExternalTaskSensor): task_troup.dag_1_task_sensor> on 2024-06-19 08:48:27.684380+00:00
[2024-06-19T08:48:36.799+0000] {warnings.py:110} WARNING - /home/***/.local/lib/python3.12/site-packages/***/task/task_runner/standard_task_runner.py:61: DeprecationWarning: This process (pid=445) is multi-threaded, use of fork() may lead to deadlocks in the child.
  pid = os.fork()

[2024-06-19T08:48:36.803+0000] {standard_task_runner.py:63} INFO - Started process 448 to run task
[2024-06-19T08:48:36.801+0000] {standard_task_runner.py:90} INFO - Running: ['***', 'tasks', 'run', 'trigger_dag_id', 'task_troup.dag_1_task_sensor', 'manual__2024-06-19T08:48:27.684380+00:00', '--job-id', '923', '--raw', '--subdir', 'DAGS_FOLDER/trigger_dag.py', '--cfg-path', '/tmp/tmpue_o03t8']
[2024-06-19T08:48:36.804+0000] {standard_task_runner.py:91} INFO - Job 923: Subtask task_troup.dag_1_task_sensor
[2024-06-19T08:48:36.865+0000] {task_command.py:426} INFO - Running <TaskInstance: trigger_dag_id.task_troup.dag_1_task_sensor manual__2024-06-19T08:48:27.684380+00:00 [running]> on host c44a1a294288
[2024-06-19T08:48:36.977+0000] {taskinstance.py:2648} INFO - Exporting env vars: AIRFLOW_CTX_DAG_OWNER='***' AIRFLOW_CTX_DAG_ID='trigger_dag_id' AIRFLOW_CTX_TASK_ID='task_troup.dag_1_task_sensor' AIRFLOW_CTX_EXECUTION_DATE='2024-06-19T08:48:27.684380+00:00' AIRFLOW_CTX_TRY_NUMBER='1' AIRFLOW_CTX_DAG_RUN_ID='manual__2024-06-19T08:48:27.684380+00:00'
[2024-06-19T08:48:36.980+0000] {taskinstance.py:430} INFO - ::endgroup::
[2024-06-19T08:48:36.981+0000] {baseoperator.py:399} WARNING - ExternalTaskSensor.execute cannot be called outside TaskInstance!
[2024-06-19T08:48:36.992+0000] {external_task.py:274} INFO - Poking for DAG 'xdag_id_1' on 2024-06-19T08:48:32.935131+00:00 ... 
[2024-06-19T08:48:36.994+0000] {warnings.py:110} WARNING - /home/***/.local/lib/python3.12/site-packages/***/utils/session.py:79: DeprecationWarning: This method is deprecated and will be removed in future.
  return func(*args, session=session, **kwargs)

[2024-06-19T08:49:37.014+0000] {external_task.py:274} INFO - Poking for DAG 'xdag_id_1' on 2024-06-19T08:48:32.935131+00:00 ... 
[2024-06-19T08:49:37.018+0000] {base.py:294} INFO - Success criteria met. Exiting.
[2024-06-19T08:49:37.019+0000] {taskinstance.py:441} INFO - ::group::Post task execution logs
[2024-06-19T08:49:37.032+0000] {taskinstance.py:1206} INFO - Marking task as SUCCESS. dag_id=trigger_dag_id, task_id=task_troup.dag_1_task_sensor, run_id=manual__2024-06-19T08:48:27.684380+00:00, execution_date=20240619T084827, start_date=20240619T084836, end_date=20240619T084937
[2024-06-19T08:49:37.088+0000] {local_task_job_runner.py:240} INFO - Task exited with return code 0
[2024-06-19T08:49:37.128+0000] {taskinstance.py:3498} INFO - 1 downstream tasks scheduled from follow-on schedule check
[2024-06-19T08:49:37.130+0000] {local_task_job_runner.py:222} INFO - ::endgroup::
