[2024-06-07T12:29:09.876+0000] {local_task_job_runner.py:120} INFO - ::group::Pre task execution logs
[2024-06-07T12:29:09.907+0000] {taskinstance.py:2076} INFO - Dependencies all met for dep_context=non-requeueable deps ti=<TaskInstance: xdag_id_1.insert_new_row manual__2024-06-07T12:28:59.532980+00:00 [queued]>
[2024-06-07T12:29:09.918+0000] {taskinstance.py:2076} INFO - Dependencies all met for dep_context=requeueable deps ti=<TaskInstance: xdag_id_1.insert_new_row manual__2024-06-07T12:28:59.532980+00:00 [queued]>
[2024-06-07T12:29:09.919+0000] {taskinstance.py:2306} INFO - Starting attempt 1 of 1
[2024-06-07T12:29:09.934+0000] {taskinstance.py:2330} INFO - Executing <Task(SQLExecuteQueryOperator): insert_new_row> on 2024-06-07 12:28:59.532980+00:00
[2024-06-07T12:29:09.942+0000] {warnings.py:110} WARNING - /home/***/.local/lib/python3.12/site-packages/***/task/task_runner/standard_task_runner.py:61: DeprecationWarning: This process (pid=15074) is multi-threaded, use of fork() may lead to deadlocks in the child.
  pid = os.fork()

[2024-06-07T12:29:09.944+0000] {standard_task_runner.py:63} INFO - Started process 15076 to run task
[2024-06-07T12:29:09.944+0000] {standard_task_runner.py:90} INFO - Running: ['***', 'tasks', 'run', 'xdag_id_1', 'insert_new_row', 'manual__2024-06-07T12:28:59.532980+00:00', '--job-id', '618', '--raw', '--subdir', 'DAGS_FOLDER/jobs_dag.py', '--cfg-path', '/tmp/tmpqzm7u5j5']
[2024-06-07T12:29:09.947+0000] {standard_task_runner.py:91} INFO - Job 618: Subtask insert_new_row
[2024-06-07T12:29:09.998+0000] {task_command.py:426} INFO - Running <TaskInstance: xdag_id_1.insert_new_row manual__2024-06-07T12:28:59.532980+00:00 [running]> on host db8c7b709f57
[2024-06-07T12:29:10.124+0000] {taskinstance.py:2648} INFO - Exporting env vars: AIRFLOW_CTX_DAG_OWNER='***' AIRFLOW_CTX_DAG_ID='xdag_id_1' AIRFLOW_CTX_TASK_ID='insert_new_row' AIRFLOW_CTX_EXECUTION_DATE='2024-06-07T12:28:59.532980+00:00' AIRFLOW_CTX_TRY_NUMBER='1' AIRFLOW_CTX_DAG_RUN_ID='manual__2024-06-07T12:28:59.532980+00:00'
[2024-06-07T12:29:10.126+0000] {taskinstance.py:430} INFO - ::endgroup::
[2024-06-07T12:29:10.127+0000] {sql.py:276} INFO - Executing: INSERT INTO table_name_1 VALUES(%s, %s, %s);
[2024-06-07T12:29:10.137+0000] {base.py:84} INFO - Using connection ID 'postgres_default' for task execution.
[2024-06-07T12:29:10.147+0000] {base.py:84} INFO - Using connection ID 'postgres_default' for task execution.
[2024-06-07T12:29:10.151+0000] {sql.py:470} INFO - Running statement: INSERT INTO table_name_1 VALUES(%s, %s, %s);, parameters: (990, 'default', datetime.datetime(2024, 6, 7, 12, 29, 8, 697077))
[2024-06-07T12:29:10.152+0000] {sql.py:479} INFO - Rows affected: 1
[2024-06-07T12:29:10.154+0000] {taskinstance.py:441} INFO - ::group::Post task execution logs
[2024-06-07T12:29:10.164+0000] {taskinstance.py:1206} INFO - Marking task as SUCCESS. dag_id=xdag_id_1, task_id=insert_new_row, run_id=manual__2024-06-07T12:28:59.532980+00:00, execution_date=20240607T122859, start_date=20240607T122909, end_date=20240607T122910
[2024-06-07T12:29:10.209+0000] {local_task_job_runner.py:240} INFO - Task exited with return code 0
[2024-06-07T12:29:10.240+0000] {taskinstance.py:3498} INFO - 1 downstream tasks scheduled from follow-on schedule check
[2024-06-07T12:29:10.241+0000] {local_task_job_runner.py:222} INFO - ::endgroup::
