[2024-06-04T15:09:21.545+0000] {local_task_job_runner.py:120} INFO - ::group::Pre task execution logs
[2024-06-04T15:09:21.576+0000] {taskinstance.py:2076} INFO - Dependencies all met for dep_context=non-requeueable deps ti=<TaskInstance: xdag_id_1.log_info manual__2024-06-04T15:09:17.085651+00:00 [queued]>
[2024-06-04T15:09:21.587+0000] {taskinstance.py:2076} INFO - Dependencies all met for dep_context=requeueable deps ti=<TaskInstance: xdag_id_1.log_info manual__2024-06-04T15:09:17.085651+00:00 [queued]>
[2024-06-04T15:09:21.587+0000] {taskinstance.py:2306} INFO - Starting attempt 1 of 1
[2024-06-04T15:09:21.608+0000] {taskinstance.py:2330} INFO - Executing <Task(PythonOperator): log_info> on 2024-06-04 15:09:17.085651+00:00
[2024-06-04T15:09:21.616+0000] {warnings.py:110} WARNING - /home/***/.local/lib/python3.12/site-packages/***/task/task_runner/standard_task_runner.py:61: DeprecationWarning: This process (pid=253) is multi-threaded, use of fork() may lead to deadlocks in the child.
  pid = os.fork()

[2024-06-04T15:09:21.618+0000] {standard_task_runner.py:63} INFO - Started process 257 to run task
[2024-06-04T15:09:21.619+0000] {standard_task_runner.py:90} INFO - Running: ['***', 'tasks', 'run', 'xdag_id_1', 'log_info', 'manual__2024-06-04T15:09:17.085651+00:00', '--job-id', '60', '--raw', '--subdir', 'DAGS_FOLDER/jobs_dag.py', '--cfg-path', '/tmp/tmpm7icofqt']
[2024-06-04T15:09:21.624+0000] {standard_task_runner.py:91} INFO - Job 60: Subtask log_info
[2024-06-04T15:09:21.683+0000] {task_command.py:426} INFO - Running <TaskInstance: xdag_id_1.log_info manual__2024-06-04T15:09:17.085651+00:00 [running]> on host cd2a5574829a
[2024-06-04T15:09:21.803+0000] {taskinstance.py:2648} INFO - Exporting env vars: AIRFLOW_CTX_DAG_OWNER='***' AIRFLOW_CTX_DAG_ID='xdag_id_1' AIRFLOW_CTX_TASK_ID='log_info' AIRFLOW_CTX_EXECUTION_DATE='2024-06-04T15:09:17.085651+00:00' AIRFLOW_CTX_TRY_NUMBER='1' AIRFLOW_CTX_DAG_RUN_ID='manual__2024-06-04T15:09:17.085651+00:00'
[2024-06-04T15:09:21.805+0000] {taskinstance.py:430} INFO - ::endgroup::
[2024-06-04T15:09:21.807+0000] {logging_mixin.py:188} INFO - xdag_id_1 start processing tables in database: table_name_1
[2024-06-04T15:09:21.808+0000] {python.py:237} INFO - Done. Returned value was: None
[2024-06-04T15:09:21.809+0000] {taskinstance.py:441} INFO - ::group::Post task execution logs
[2024-06-04T15:09:21.821+0000] {taskinstance.py:1206} INFO - Marking task as SUCCESS. dag_id=xdag_id_1, task_id=log_info, run_id=manual__2024-06-04T15:09:17.085651+00:00, execution_date=20240604T150917, start_date=20240604T150921, end_date=20240604T150921
[2024-06-04T15:09:21.842+0000] {local_task_job_runner.py:240} INFO - Task exited with return code 0
[2024-06-04T15:09:21.879+0000] {taskinstance.py:3498} INFO - 1 downstream tasks scheduled from follow-on schedule check
[2024-06-04T15:09:21.881+0000] {local_task_job_runner.py:222} INFO - ::endgroup::
