[2024-06-05T07:43:02.920+0000] {local_task_job_runner.py:120} INFO - ::group::Pre task execution logs
[2024-06-05T07:43:02.948+0000] {taskinstance.py:2076} INFO - Dependencies all met for dep_context=non-requeueable deps ti=<TaskInstance: trigger_dag_id.task_troup.dag_1_task_sensor manual__2024-06-05T07:42:57.676269+00:00 [queued]>
[2024-06-05T07:43:02.959+0000] {taskinstance.py:2076} INFO - Dependencies all met for dep_context=requeueable deps ti=<TaskInstance: trigger_dag_id.task_troup.dag_1_task_sensor manual__2024-06-05T07:42:57.676269+00:00 [queued]>
[2024-06-05T07:43:02.959+0000] {taskinstance.py:2306} INFO - Starting attempt 1 of 1
[2024-06-05T07:43:02.974+0000] {taskinstance.py:2330} INFO - Executing <Task(ExternalTaskSensor): task_troup.dag_1_task_sensor> on 2024-06-05 07:42:57.676269+00:00
[2024-06-05T07:43:02.980+0000] {warnings.py:110} WARNING - /home/***/.local/lib/python3.12/site-packages/***/task/task_runner/standard_task_runner.py:61: DeprecationWarning: This process (pid=313) is multi-threaded, use of fork() may lead to deadlocks in the child.
  pid = os.fork()

[2024-06-05T07:43:02.982+0000] {standard_task_runner.py:63} INFO - Started process 317 to run task
[2024-06-05T07:43:02.983+0000] {standard_task_runner.py:90} INFO - Running: ['***', 'tasks', 'run', 'trigger_dag_id', 'task_troup.dag_1_task_sensor', 'manual__2024-06-05T07:42:57.676269+00:00', '--job-id', '231', '--raw', '--subdir', 'DAGS_FOLDER/trigger_dag.py', '--cfg-path', '/tmp/tmpffshy8mo']
[2024-06-05T07:43:02.986+0000] {standard_task_runner.py:91} INFO - Job 231: Subtask task_troup.dag_1_task_sensor
[2024-06-05T07:43:03.039+0000] {task_command.py:426} INFO - Running <TaskInstance: trigger_dag_id.task_troup.dag_1_task_sensor manual__2024-06-05T07:42:57.676269+00:00 [running]> on host db8c7b709f57
[2024-06-05T07:43:03.134+0000] {taskinstance.py:2648} INFO - Exporting env vars: AIRFLOW_CTX_DAG_OWNER='***' AIRFLOW_CTX_DAG_ID='trigger_dag_id' AIRFLOW_CTX_TASK_ID='task_troup.dag_1_task_sensor' AIRFLOW_CTX_EXECUTION_DATE='2024-06-05T07:42:57.676269+00:00' AIRFLOW_CTX_TRY_NUMBER='1' AIRFLOW_CTX_DAG_RUN_ID='manual__2024-06-05T07:42:57.676269+00:00'
[2024-06-05T07:43:03.137+0000] {taskinstance.py:430} INFO - ::endgroup::
[2024-06-05T07:43:03.138+0000] {baseoperator.py:399} WARNING - ExternalTaskSensor.execute cannot be called outside TaskInstance!
[2024-06-05T07:43:03.139+0000] {external_task.py:274} INFO - Poking for DAG 'xdag_id_1' on 2024-06-05T07:42:57.676269+00:00 ... 
[2024-06-05T07:43:03.140+0000] {warnings.py:110} WARNING - /home/***/.local/lib/python3.12/site-packages/***/utils/session.py:79: DeprecationWarning: This method is deprecated and will be removed in future.
  return func(*args, session=session, **kwargs)

[2024-06-05T07:44:03.151+0000] {external_task.py:274} INFO - Poking for DAG 'xdag_id_1' on 2024-06-05T07:42:57.676269+00:00 ... 
[2024-06-05T07:45:03.171+0000] {external_task.py:274} INFO - Poking for DAG 'xdag_id_1' on 2024-06-05T07:42:57.676269+00:00 ... 
[2024-06-05T07:46:03.183+0000] {external_task.py:274} INFO - Poking for DAG 'xdag_id_1' on 2024-06-05T07:42:57.676269+00:00 ... 
[2024-06-05T07:47:03.200+0000] {external_task.py:274} INFO - Poking for DAG 'xdag_id_1' on 2024-06-05T07:42:57.676269+00:00 ... 
[2024-06-05T07:48:03.214+0000] {external_task.py:274} INFO - Poking for DAG 'xdag_id_1' on 2024-06-05T07:42:57.676269+00:00 ... 
[2024-06-05T07:49:03.224+0000] {external_task.py:274} INFO - Poking for DAG 'xdag_id_1' on 2024-06-05T07:42:57.676269+00:00 ... 
[2024-06-05T07:50:03.324+0000] {external_task.py:274} INFO - Poking for DAG 'xdag_id_1' on 2024-06-05T07:42:57.676269+00:00 ... 
[2024-06-05T07:51:03.338+0000] {external_task.py:274} INFO - Poking for DAG 'xdag_id_1' on 2024-06-05T07:42:57.676269+00:00 ... 
[2024-06-05T07:52:03.355+0000] {external_task.py:274} INFO - Poking for DAG 'xdag_id_1' on 2024-06-05T07:42:57.676269+00:00 ... 
[2024-06-05T07:53:03.371+0000] {external_task.py:274} INFO - Poking for DAG 'xdag_id_1' on 2024-06-05T07:42:57.676269+00:00 ... 
[2024-06-05T07:54:03.387+0000] {external_task.py:274} INFO - Poking for DAG 'xdag_id_1' on 2024-06-05T07:42:57.676269+00:00 ... 
[2024-06-05T07:55:03.402+0000] {external_task.py:274} INFO - Poking for DAG 'xdag_id_1' on 2024-06-05T07:42:57.676269+00:00 ... 
[2024-06-05T07:56:03.414+0000] {external_task.py:274} INFO - Poking for DAG 'xdag_id_1' on 2024-06-05T07:42:57.676269+00:00 ... 
[2024-06-05T07:57:03.432+0000] {external_task.py:274} INFO - Poking for DAG 'xdag_id_1' on 2024-06-05T07:42:57.676269+00:00 ... 
[2024-06-05T07:58:03.451+0000] {external_task.py:274} INFO - Poking for DAG 'xdag_id_1' on 2024-06-05T07:42:57.676269+00:00 ... 
[2024-06-05T07:59:03.466+0000] {external_task.py:274} INFO - Poking for DAG 'xdag_id_1' on 2024-06-05T07:42:57.676269+00:00 ... 
[2024-06-05T08:00:03.477+0000] {external_task.py:274} INFO - Poking for DAG 'xdag_id_1' on 2024-06-05T07:42:57.676269+00:00 ... 
[2024-06-05T08:01:03.490+0000] {external_task.py:274} INFO - Poking for DAG 'xdag_id_1' on 2024-06-05T07:42:57.676269+00:00 ... 
[2024-06-05T08:02:03.509+0000] {external_task.py:274} INFO - Poking for DAG 'xdag_id_1' on 2024-06-05T07:42:57.676269+00:00 ... 
[2024-06-05T08:03:03.524+0000] {external_task.py:274} INFO - Poking for DAG 'xdag_id_1' on 2024-06-05T07:42:57.676269+00:00 ... 
[2024-06-05T08:04:03.540+0000] {external_task.py:274} INFO - Poking for DAG 'xdag_id_1' on 2024-06-05T07:42:57.676269+00:00 ... 
[2024-06-05T08:05:03.550+0000] {external_task.py:274} INFO - Poking for DAG 'xdag_id_1' on 2024-06-05T07:42:57.676269+00:00 ... 
[2024-06-05T08:06:03.561+0000] {external_task.py:274} INFO - Poking for DAG 'xdag_id_1' on 2024-06-05T07:42:57.676269+00:00 ... 
[2024-06-05T08:07:03.576+0000] {external_task.py:274} INFO - Poking for DAG 'xdag_id_1' on 2024-06-05T07:42:57.676269+00:00 ... 
[2024-06-05T08:08:03.617+0000] {external_task.py:274} INFO - Poking for DAG 'xdag_id_1' on 2024-06-05T07:42:57.676269+00:00 ... 
[2024-06-05T08:09:03.639+0000] {external_task.py:274} INFO - Poking for DAG 'xdag_id_1' on 2024-06-05T07:42:57.676269+00:00 ... 
[2024-06-05T08:10:03.651+0000] {external_task.py:274} INFO - Poking for DAG 'xdag_id_1' on 2024-06-05T07:42:57.676269+00:00 ... 
[2024-06-05T08:11:03.663+0000] {external_task.py:274} INFO - Poking for DAG 'xdag_id_1' on 2024-06-05T07:42:57.676269+00:00 ... 
[2024-06-05T08:12:03.679+0000] {external_task.py:274} INFO - Poking for DAG 'xdag_id_1' on 2024-06-05T07:42:57.676269+00:00 ... 
[2024-06-05T08:13:03.697+0000] {external_task.py:274} INFO - Poking for DAG 'xdag_id_1' on 2024-06-05T07:42:57.676269+00:00 ... 
[2024-06-05T08:14:03.713+0000] {external_task.py:274} INFO - Poking for DAG 'xdag_id_1' on 2024-06-05T07:42:57.676269+00:00 ... 
[2024-06-05T08:15:03.726+0000] {external_task.py:274} INFO - Poking for DAG 'xdag_id_1' on 2024-06-05T07:42:57.676269+00:00 ... 
[2024-06-05T08:16:03.737+0000] {external_task.py:274} INFO - Poking for DAG 'xdag_id_1' on 2024-06-05T07:42:57.676269+00:00 ... 
[2024-06-05T08:17:03.755+0000] {external_task.py:274} INFO - Poking for DAG 'xdag_id_1' on 2024-06-05T07:42:57.676269+00:00 ... 
[2024-06-05T08:18:03.774+0000] {external_task.py:274} INFO - Poking for DAG 'xdag_id_1' on 2024-06-05T07:42:57.676269+00:00 ... 
[2024-06-05T08:19:03.793+0000] {external_task.py:274} INFO - Poking for DAG 'xdag_id_1' on 2024-06-05T07:42:57.676269+00:00 ... 
[2024-06-05T08:20:03.806+0000] {external_task.py:274} INFO - Poking for DAG 'xdag_id_1' on 2024-06-05T07:42:57.676269+00:00 ... 
[2024-06-05T08:21:03.824+0000] {external_task.py:274} INFO - Poking for DAG 'xdag_id_1' on 2024-06-05T07:42:57.676269+00:00 ... 
[2024-06-05T08:22:03.841+0000] {external_task.py:274} INFO - Poking for DAG 'xdag_id_1' on 2024-06-05T07:42:57.676269+00:00 ... 
[2024-06-05T08:23:03.923+0000] {external_task.py:274} INFO - Poking for DAG 'xdag_id_1' on 2024-06-05T07:42:57.676269+00:00 ... 
[2024-06-05T08:24:03.938+0000] {external_task.py:274} INFO - Poking for DAG 'xdag_id_1' on 2024-06-05T07:42:57.676269+00:00 ... 
[2024-06-05T08:25:03.957+0000] {external_task.py:274} INFO - Poking for DAG 'xdag_id_1' on 2024-06-05T07:42:57.676269+00:00 ... 
[2024-06-05T08:26:03.976+0000] {external_task.py:274} INFO - Poking for DAG 'xdag_id_1' on 2024-06-05T07:42:57.676269+00:00 ... 
[2024-06-05T08:27:03.989+0000] {external_task.py:274} INFO - Poking for DAG 'xdag_id_1' on 2024-06-05T07:42:57.676269+00:00 ... 
[2024-06-05T08:28:04.010+0000] {external_task.py:274} INFO - Poking for DAG 'xdag_id_1' on 2024-06-05T07:42:57.676269+00:00 ... 
[2024-06-05T08:29:04.028+0000] {external_task.py:274} INFO - Poking for DAG 'xdag_id_1' on 2024-06-05T07:42:57.676269+00:00 ... 
[2024-06-05T08:30:04.042+0000] {external_task.py:274} INFO - Poking for DAG 'xdag_id_1' on 2024-06-05T07:42:57.676269+00:00 ... 
[2024-06-05T08:31:04.060+0000] {external_task.py:274} INFO - Poking for DAG 'xdag_id_1' on 2024-06-05T07:42:57.676269+00:00 ... 
[2024-06-05T08:32:04.079+0000] {external_task.py:274} INFO - Poking for DAG 'xdag_id_1' on 2024-06-05T07:42:57.676269+00:00 ... 
[2024-06-05T08:33:04.090+0000] {external_task.py:274} INFO - Poking for DAG 'xdag_id_1' on 2024-06-05T07:42:57.676269+00:00 ... 
[2024-06-05T08:34:04.109+0000] {external_task.py:274} INFO - Poking for DAG 'xdag_id_1' on 2024-06-05T07:42:57.676269+00:00 ... 
[2024-06-05T08:35:04.123+0000] {external_task.py:274} INFO - Poking for DAG 'xdag_id_1' on 2024-06-05T07:42:57.676269+00:00 ... 
[2024-06-05T08:36:04.138+0000] {external_task.py:274} INFO - Poking for DAG 'xdag_id_1' on 2024-06-05T07:42:57.676269+00:00 ... 
[2024-06-05T08:37:04.150+0000] {external_task.py:274} INFO - Poking for DAG 'xdag_id_1' on 2024-06-05T07:42:57.676269+00:00 ... 
[2024-06-05T08:38:04.080+0000] {external_task.py:274} INFO - Poking for DAG 'xdag_id_1' on 2024-06-05T07:42:57.676269+00:00 ... 
[2024-06-05T08:39:04.097+0000] {external_task.py:274} INFO - Poking for DAG 'xdag_id_1' on 2024-06-05T07:42:57.676269+00:00 ... 
[2024-06-05T08:40:04.106+0000] {external_task.py:274} INFO - Poking for DAG 'xdag_id_1' on 2024-06-05T07:42:57.676269+00:00 ... 
[2024-06-05T08:41:07.092+0000] {external_task.py:274} INFO - Poking for DAG 'xdag_id_1' on 2024-06-05T07:42:57.676269+00:00 ... 
[2024-06-05T08:45:12.937+0000] {external_task.py:274} INFO - Poking for DAG 'xdag_id_1' on 2024-06-05T07:42:57.676269+00:00 ... 
[2024-06-05T09:15:07.445+0000] {external_task.py:274} INFO - Poking for DAG 'xdag_id_1' on 2024-06-05T07:42:57.676269+00:00 ... 
[2024-06-05T09:21:56.837+0000] {external_task.py:274} INFO - Poking for DAG 'xdag_id_1' on 2024-06-05T07:42:57.676269+00:00 ... 
[2024-06-05T09:22:58.262+0000] {external_task.py:274} INFO - Poking for DAG 'xdag_id_1' on 2024-06-05T07:42:57.676269+00:00 ... 
[2024-06-05T09:23:10.544+0000] {local_task_job_runner.py:310} WARNING - State of this instance has been externally set to failed. Terminating instance.
[2024-06-05T09:23:10.583+0000] {local_task_job_runner.py:222} INFO - ::endgroup::
[2024-06-05T09:23:10.595+0000] {process_utils.py:132} INFO - Sending 15 to group 317. PIDs of all processes in the group: [317]
[2024-06-05T09:23:10.600+0000] {process_utils.py:87} INFO - Sending the signal 15 to group 317
[2024-06-05T09:23:10.602+0000] {taskinstance.py:2611} ERROR - Received SIGTERM. Terminating subprocesses.
[2024-06-05T09:23:10.605+0000] {taskinstance.py:441} INFO - ::group::Post task execution logs
[2024-06-05T09:23:10.742+0000] {process_utils.py:80} INFO - Process psutil.Process(pid=317, status='terminated', exitcode=0, started='07:43:02') (317) terminated with exit code 0
