[2024-06-04T17:17:58.359+0000] {local_task_job_runner.py:120} INFO - ::group::Pre task execution logs
[2024-06-04T17:17:58.392+0000] {taskinstance.py:2076} INFO - Dependencies all met for dep_context=non-requeueable deps ti=<TaskInstance: xdag_id_1.log_info manual__2024-06-04T17:17:49.878624+00:00 [queued]>
[2024-06-04T17:17:58.402+0000] {taskinstance.py:2076} INFO - Dependencies all met for dep_context=requeueable deps ti=<TaskInstance: xdag_id_1.log_info manual__2024-06-04T17:17:49.878624+00:00 [queued]>
[2024-06-04T17:17:58.403+0000] {taskinstance.py:2306} INFO - Starting attempt 1 of 1
[2024-06-04T17:17:58.421+0000] {taskinstance.py:2330} INFO - Executing <Task(PythonOperator): log_info> on 2024-06-04 17:17:49.878624+00:00
[2024-06-04T17:17:58.430+0000] {warnings.py:110} WARNING - /home/***/.local/lib/python3.12/site-packages/***/task/task_runner/standard_task_runner.py:61: DeprecationWarning: This process (pid=509) is multi-threaded, use of fork() may lead to deadlocks in the child.
  pid = os.fork()

[2024-06-04T17:17:58.433+0000] {standard_task_runner.py:63} INFO - Started process 514 to run task
[2024-06-04T17:17:58.433+0000] {standard_task_runner.py:90} INFO - Running: ['***', 'tasks', 'run', 'xdag_id_1', 'log_info', 'manual__2024-06-04T17:17:49.878624+00:00', '--job-id', '120', '--raw', '--subdir', 'DAGS_FOLDER/jobs_dag.py', '--cfg-path', '/tmp/tmpolchajwu']
[2024-06-04T17:17:58.438+0000] {standard_task_runner.py:91} INFO - Job 120: Subtask log_info
[2024-06-04T17:17:58.497+0000] {task_command.py:426} INFO - Running <TaskInstance: xdag_id_1.log_info manual__2024-06-04T17:17:49.878624+00:00 [running]> on host bfd73b4e3b6f
[2024-06-04T17:17:58.615+0000] {taskinstance.py:2648} INFO - Exporting env vars: AIRFLOW_CTX_DAG_OWNER='***' AIRFLOW_CTX_DAG_ID='xdag_id_1' AIRFLOW_CTX_TASK_ID='log_info' AIRFLOW_CTX_EXECUTION_DATE='2024-06-04T17:17:49.878624+00:00' AIRFLOW_CTX_TRY_NUMBER='1' AIRFLOW_CTX_DAG_RUN_ID='manual__2024-06-04T17:17:49.878624+00:00'
[2024-06-04T17:17:58.617+0000] {taskinstance.py:430} INFO - ::endgroup::
[2024-06-04T17:17:58.619+0000] {logging_mixin.py:188} INFO - xdag_id_1 start processing tables in database: table_name_1
[2024-06-04T17:17:58.620+0000] {python.py:237} INFO - Done. Returned value was: None
[2024-06-04T17:17:58.621+0000] {taskinstance.py:441} INFO - ::group::Post task execution logs
[2024-06-04T17:17:58.631+0000] {taskinstance.py:1206} INFO - Marking task as SUCCESS. dag_id=xdag_id_1, task_id=log_info, run_id=manual__2024-06-04T17:17:49.878624+00:00, execution_date=20240604T171749, start_date=20240604T171758, end_date=20240604T171758
[2024-06-04T17:17:58.657+0000] {local_task_job_runner.py:240} INFO - Task exited with return code 0
[2024-06-04T17:17:58.689+0000] {taskinstance.py:3498} INFO - 1 downstream tasks scheduled from follow-on schedule check
[2024-06-04T17:17:58.691+0000] {local_task_job_runner.py:222} INFO - ::endgroup::
