[2024-06-07T12:27:30.007+0000] {local_task_job_runner.py:120} INFO - ::group::Pre task execution logs
[2024-06-07T12:27:30.031+0000] {taskinstance.py:2076} INFO - Dependencies all met for dep_context=non-requeueable deps ti=<TaskInstance: xdag_id_1.check_if_table_exists manual__2024-06-07T12:27:19.873056+00:00 [queued]>
[2024-06-07T12:27:30.041+0000] {taskinstance.py:2076} INFO - Dependencies all met for dep_context=requeueable deps ti=<TaskInstance: xdag_id_1.check_if_table_exists manual__2024-06-07T12:27:19.873056+00:00 [queued]>
[2024-06-07T12:27:30.042+0000] {taskinstance.py:2306} INFO - Starting attempt 1 of 1
[2024-06-07T12:27:30.060+0000] {taskinstance.py:2330} INFO - Executing <Task(_BranchPythonDecoratedOperator): check_if_table_exists> on 2024-06-07 12:27:19.873056+00:00
[2024-06-07T12:27:30.068+0000] {warnings.py:110} WARNING - /home/***/.local/lib/python3.12/site-packages/***/task/task_runner/standard_task_runner.py:61: DeprecationWarning: This process (pid=15015) is multi-threaded, use of fork() may lead to deadlocks in the child.
  pid = os.fork()

[2024-06-07T12:27:30.071+0000] {standard_task_runner.py:63} INFO - Started process 15017 to run task
[2024-06-07T12:27:30.071+0000] {standard_task_runner.py:90} INFO - Running: ['***', 'tasks', 'run', 'xdag_id_1', 'check_if_table_exists', 'manual__2024-06-07T12:27:19.873056+00:00', '--job-id', '606', '--raw', '--subdir', 'DAGS_FOLDER/jobs_dag.py', '--cfg-path', '/tmp/tmpd49zs29k']
[2024-06-07T12:27:30.075+0000] {standard_task_runner.py:91} INFO - Job 606: Subtask check_if_table_exists
[2024-06-07T12:27:30.136+0000] {task_command.py:426} INFO - Running <TaskInstance: xdag_id_1.check_if_table_exists manual__2024-06-07T12:27:19.873056+00:00 [running]> on host db8c7b709f57
[2024-06-07T12:27:30.243+0000] {taskinstance.py:2648} INFO - Exporting env vars: AIRFLOW_CTX_DAG_OWNER='***' AIRFLOW_CTX_DAG_ID='xdag_id_1' AIRFLOW_CTX_TASK_ID='check_if_table_exists' AIRFLOW_CTX_EXECUTION_DATE='2024-06-07T12:27:19.873056+00:00' AIRFLOW_CTX_TRY_NUMBER='1' AIRFLOW_CTX_DAG_RUN_ID='manual__2024-06-07T12:27:19.873056+00:00'
[2024-06-07T12:27:30.245+0000] {taskinstance.py:430} INFO - ::endgroup::
[2024-06-07T12:27:30.256+0000] {base.py:84} INFO - Using connection ID 'postgres_default' for task execution.
[2024-06-07T12:27:30.261+0000] {sql.py:470} INFO - Running statement: SELECT * FROM information_schema.tables WHERE table_schema = 'public'AND table_name = 'table_name_1';, parameters: None
[2024-06-07T12:27:30.271+0000] {sql.py:479} INFO - Rows affected: 1
[2024-06-07T12:27:30.273+0000] {logging_mixin.py:188} INFO - ('***', 'public', 'table_name_1', 'BASE TABLE', None, None, None, None, None, 'YES', 'NO', None)
[2024-06-07T12:27:30.273+0000] {python.py:237} INFO - Done. Returned value was: insert_new_row
[2024-06-07T12:27:30.274+0000] {branch.py:36} INFO - Branch into insert_new_row
[2024-06-07T12:27:30.275+0000] {skipmixin.py:178} INFO - Following branch insert_new_row
[2024-06-07T12:27:30.292+0000] {skipmixin.py:246} INFO - Skipping tasks [('create_table', -1)]
[2024-06-07T12:27:30.319+0000] {taskinstance.py:441} INFO - ::group::Post task execution logs
[2024-06-07T12:27:30.341+0000] {taskinstance.py:1206} INFO - Marking task as SUCCESS. dag_id=xdag_id_1, task_id=check_if_table_exists, run_id=manual__2024-06-07T12:27:19.873056+00:00, execution_date=20240607T122719, start_date=20240607T122730, end_date=20240607T122730
[2024-06-07T12:27:30.378+0000] {local_task_job_runner.py:240} INFO - Task exited with return code 0
[2024-06-07T12:27:30.417+0000] {taskinstance.py:3498} INFO - 1 downstream tasks scheduled from follow-on schedule check
[2024-06-07T12:27:30.419+0000] {local_task_job_runner.py:222} INFO - ::endgroup::
