[2024-06-05T11:25:40.662+0000] {local_task_job_runner.py:120} INFO - ::group::Pre task execution logs
[2024-06-05T11:25:40.694+0000] {taskinstance.py:2076} INFO - Dependencies all met for dep_context=non-requeueable deps ti=<TaskInstance: xdag_id_1.query_the_table manual__2024-06-05T11:25:30.304117+00:00 [queued]>
[2024-06-05T11:25:40.704+0000] {taskinstance.py:2076} INFO - Dependencies all met for dep_context=requeueable deps ti=<TaskInstance: xdag_id_1.query_the_table manual__2024-06-05T11:25:30.304117+00:00 [queued]>
[2024-06-05T11:25:40.705+0000] {taskinstance.py:2306} INFO - Starting attempt 1 of 1
[2024-06-05T11:25:40.719+0000] {taskinstance.py:2330} INFO - Executing <Task(PythonOperator): query_the_table> on 2024-06-05 11:25:30.304117+00:00
[2024-06-05T11:25:40.726+0000] {warnings.py:110} WARNING - /home/***/.local/lib/python3.12/site-packages/***/task/task_runner/standard_task_runner.py:61: DeprecationWarning: This process (pid=3153) is multi-threaded, use of fork() may lead to deadlocks in the child.
  pid = os.fork()

[2024-06-05T11:25:40.729+0000] {standard_task_runner.py:63} INFO - Started process 3155 to run task
[2024-06-05T11:25:40.729+0000] {standard_task_runner.py:90} INFO - Running: ['***', 'tasks', 'run', 'xdag_id_1', 'query_the_table', 'manual__2024-06-05T11:25:30.304117+00:00', '--job-id', '404', '--raw', '--subdir', 'DAGS_FOLDER/jobs_dag.py', '--cfg-path', '/tmp/tmpx_ygjljn']
[2024-06-05T11:25:40.732+0000] {standard_task_runner.py:91} INFO - Job 404: Subtask query_the_table
[2024-06-05T11:25:40.787+0000] {task_command.py:426} INFO - Running <TaskInstance: xdag_id_1.query_the_table manual__2024-06-05T11:25:30.304117+00:00 [running]> on host db8c7b709f57
[2024-06-05T11:25:40.892+0000] {taskinstance.py:2648} INFO - Exporting env vars: AIRFLOW_CTX_DAG_OWNER='***' AIRFLOW_CTX_DAG_ID='xdag_id_1' AIRFLOW_CTX_TASK_ID='query_the_table' AIRFLOW_CTX_EXECUTION_DATE='2024-06-05T11:25:30.304117+00:00' AIRFLOW_CTX_TRY_NUMBER='1' AIRFLOW_CTX_DAG_RUN_ID='manual__2024-06-05T11:25:30.304117+00:00'
[2024-06-05T11:25:40.894+0000] {taskinstance.py:430} INFO - ::endgroup::
[2024-06-05T11:25:40.908+0000] {warnings.py:110} WARNING - /home/***/.local/lib/python3.12/site-packages/***/utils/context.py:320: AirflowContextDeprecationWarning: Accessing 'execution_date' from the template is deprecated and will be removed in a future version. Please use 'data_interval_start' or 'logical_date' instead.
  warnings.warn(_create_deprecation_warning(k, replacements))

[2024-06-05T11:25:40.919+0000] {python.py:237} INFO - Done. Returned value was: None
[2024-06-05T11:25:40.920+0000] {taskinstance.py:441} INFO - ::group::Post task execution logs
[2024-06-05T11:25:40.930+0000] {taskinstance.py:1206} INFO - Marking task as SUCCESS. dag_id=xdag_id_1, task_id=query_the_table, run_id=manual__2024-06-05T11:25:30.304117+00:00, execution_date=20240605T112530, start_date=20240605T112540, end_date=20240605T112540
[2024-06-05T11:25:40.950+0000] {local_task_job_runner.py:240} INFO - Task exited with return code 0
[2024-06-05T11:25:40.971+0000] {taskinstance.py:3498} INFO - 0 downstream tasks scheduled from follow-on schedule check
[2024-06-05T11:25:40.973+0000] {local_task_job_runner.py:222} INFO - ::endgroup::
