[2024-06-05T13:13:28.802+0000] {local_task_job_runner.py:120} INFO - ::group::Pre task execution logs
[2024-06-05T13:13:28.833+0000] {taskinstance.py:2076} INFO - Dependencies all met for dep_context=non-requeueable deps ti=<TaskInstance: xdag_id_1.log_info manual__2024-06-05T13:13:25.834896+00:00 [queued]>
[2024-06-05T13:13:28.844+0000] {taskinstance.py:2076} INFO - Dependencies all met for dep_context=requeueable deps ti=<TaskInstance: xdag_id_1.log_info manual__2024-06-05T13:13:25.834896+00:00 [queued]>
[2024-06-05T13:13:28.845+0000] {taskinstance.py:2306} INFO - Starting attempt 1 of 1
[2024-06-05T13:13:28.865+0000] {taskinstance.py:2330} INFO - Executing <Task(PythonOperator): log_info> on 2024-06-05 13:13:25.834896+00:00
[2024-06-05T13:13:28.875+0000] {warnings.py:110} WARNING - /home/***/.local/lib/python3.12/site-packages/***/task/task_runner/standard_task_runner.py:61: DeprecationWarning: This process (pid=4811) is multi-threaded, use of fork() may lead to deadlocks in the child.
  pid = os.fork()

[2024-06-05T13:13:28.879+0000] {standard_task_runner.py:63} INFO - Started process 4813 to run task
[2024-06-05T13:13:28.879+0000] {standard_task_runner.py:90} INFO - Running: ['***', 'tasks', 'run', 'xdag_id_1', 'log_info', 'manual__2024-06-05T13:13:25.834896+00:00', '--job-id', '510', '--raw', '--subdir', 'DAGS_FOLDER/jobs_dag.py', '--cfg-path', '/tmp/tmpsqfp0qnu']
[2024-06-05T13:13:28.884+0000] {standard_task_runner.py:91} INFO - Job 510: Subtask log_info
[2024-06-05T13:13:28.958+0000] {task_command.py:426} INFO - Running <TaskInstance: xdag_id_1.log_info manual__2024-06-05T13:13:25.834896+00:00 [running]> on host db8c7b709f57
[2024-06-05T13:13:29.076+0000] {taskinstance.py:2648} INFO - Exporting env vars: AIRFLOW_CTX_DAG_OWNER='***' AIRFLOW_CTX_DAG_ID='xdag_id_1' AIRFLOW_CTX_TASK_ID='log_info' AIRFLOW_CTX_EXECUTION_DATE='2024-06-05T13:13:25.834896+00:00' AIRFLOW_CTX_TRY_NUMBER='1' AIRFLOW_CTX_DAG_RUN_ID='manual__2024-06-05T13:13:25.834896+00:00'
[2024-06-05T13:13:29.078+0000] {taskinstance.py:430} INFO - ::endgroup::
[2024-06-05T13:13:29.080+0000] {logging_mixin.py:188} INFO - xdag_id_1 start processing tables in database: table_name_1
[2024-06-05T13:13:29.080+0000] {python.py:237} INFO - Done. Returned value was: None
[2024-06-05T13:13:29.081+0000] {taskinstance.py:441} INFO - ::group::Post task execution logs
[2024-06-05T13:13:29.091+0000] {taskinstance.py:1206} INFO - Marking task as SUCCESS. dag_id=xdag_id_1, task_id=log_info, run_id=manual__2024-06-05T13:13:25.834896+00:00, execution_date=20240605T131325, start_date=20240605T131328, end_date=20240605T131329
[2024-06-05T13:13:29.145+0000] {local_task_job_runner.py:240} INFO - Task exited with return code 0
[2024-06-05T13:13:29.183+0000] {taskinstance.py:3498} INFO - 1 downstream tasks scheduled from follow-on schedule check
[2024-06-05T13:13:29.185+0000] {local_task_job_runner.py:222} INFO - ::endgroup::
