[2024-06-05T09:35:57.298+0000] {local_task_job_runner.py:120} INFO - ::group::Pre task execution logs
[2024-06-05T09:35:57.339+0000] {taskinstance.py:2076} INFO - Dependencies all met for dep_context=non-requeueable deps ti=<TaskInstance: trigger_dag_id.task_troup.dag_1_task_sensor manual__2024-06-05T09:35:45.162518+00:00 [queued]>
[2024-06-05T09:35:57.353+0000] {taskinstance.py:2076} INFO - Dependencies all met for dep_context=requeueable deps ti=<TaskInstance: trigger_dag_id.task_troup.dag_1_task_sensor manual__2024-06-05T09:35:45.162518+00:00 [queued]>
[2024-06-05T09:35:57.354+0000] {taskinstance.py:2306} INFO - Starting attempt 1 of 1
[2024-06-05T09:35:57.377+0000] {taskinstance.py:2330} INFO - Executing <Task(ExternalTaskSensor): task_troup.dag_1_task_sensor> on 2024-06-05 09:35:45.162518+00:00
[2024-06-05T09:35:57.387+0000] {warnings.py:110} WARNING - /home/***/.local/lib/python3.12/site-packages/***/task/task_runner/standard_task_runner.py:61: DeprecationWarning: This process (pid=1260) is multi-threaded, use of fork() may lead to deadlocks in the child.
  pid = os.fork()

[2024-06-05T09:35:57.393+0000] {standard_task_runner.py:63} INFO - Started process 1264 to run task
[2024-06-05T09:35:57.390+0000] {standard_task_runner.py:90} INFO - Running: ['***', 'tasks', 'run', 'trigger_dag_id', 'task_troup.dag_1_task_sensor', 'manual__2024-06-05T09:35:45.162518+00:00', '--job-id', '239', '--raw', '--subdir', 'DAGS_FOLDER/trigger_dag.py', '--cfg-path', '/tmp/tmpjartvt42']
[2024-06-05T09:35:57.395+0000] {standard_task_runner.py:91} INFO - Job 239: Subtask task_troup.dag_1_task_sensor
[2024-06-05T09:35:57.464+0000] {task_command.py:426} INFO - Running <TaskInstance: trigger_dag_id.task_troup.dag_1_task_sensor manual__2024-06-05T09:35:45.162518+00:00 [running]> on host db8c7b709f57
[2024-06-05T09:35:57.604+0000] {taskinstance.py:2648} INFO - Exporting env vars: AIRFLOW_CTX_DAG_OWNER='***' AIRFLOW_CTX_DAG_ID='trigger_dag_id' AIRFLOW_CTX_TASK_ID='task_troup.dag_1_task_sensor' AIRFLOW_CTX_EXECUTION_DATE='2024-06-05T09:35:45.162518+00:00' AIRFLOW_CTX_TRY_NUMBER='1' AIRFLOW_CTX_DAG_RUN_ID='manual__2024-06-05T09:35:45.162518+00:00'
[2024-06-05T09:35:57.610+0000] {taskinstance.py:430} INFO - ::endgroup::
[2024-06-05T09:35:57.612+0000] {baseoperator.py:399} WARNING - ExternalTaskSensor.execute cannot be called outside TaskInstance!
[2024-06-05T09:35:57.613+0000] {external_task.py:274} INFO - Poking for DAG 'xdag_id_1' on 2024-06-05T08:35:45.162518+00:00 ... 
[2024-06-05T09:35:57.615+0000] {warnings.py:110} WARNING - /home/***/.local/lib/python3.12/site-packages/***/utils/session.py:79: DeprecationWarning: This method is deprecated and will be removed in future.
  return func(*args, session=session, **kwargs)

[2024-06-05T09:36:57.635+0000] {external_task.py:274} INFO - Poking for DAG 'xdag_id_1' on 2024-06-05T08:35:45.162518+00:00 ... 
[2024-06-05T09:37:38.438+0000] {local_task_job_runner.py:310} WARNING - State of this instance has been externally set to failed. Terminating instance.
[2024-06-05T09:37:38.440+0000] {local_task_job_runner.py:222} INFO - ::endgroup::
[2024-06-05T09:37:38.443+0000] {process_utils.py:132} INFO - Sending 15 to group 1264. PIDs of all processes in the group: [1264]
[2024-06-05T09:37:38.443+0000] {process_utils.py:87} INFO - Sending the signal 15 to group 1264
[2024-06-05T09:37:38.444+0000] {taskinstance.py:2611} ERROR - Received SIGTERM. Terminating subprocesses.
[2024-06-05T09:37:38.445+0000] {taskinstance.py:441} INFO - ::group::Post task execution logs
[2024-06-05T09:37:38.476+0000] {process_utils.py:80} INFO - Process psutil.Process(pid=1264, status='terminated', exitcode=0, started='09:35:56') (1264) terminated with exit code 0
