[2024-06-10T08:00:35.281+0000] {local_task_job_runner.py:120} INFO - ::group::Pre task execution logs
[2024-06-10T08:00:35.336+0000] {taskinstance.py:2076} INFO - Dependencies all met for dep_context=non-requeueable deps ti=<TaskInstance: trigger_dag_id.task_troup.send_slack manual__2024-06-10T08:00:27.323508+00:00 [queued]>
[2024-06-10T08:00:35.366+0000] {taskinstance.py:2076} INFO - Dependencies all met for dep_context=requeueable deps ti=<TaskInstance: trigger_dag_id.task_troup.send_slack manual__2024-06-10T08:00:27.323508+00:00 [queued]>
[2024-06-10T08:00:35.367+0000] {taskinstance.py:2306} INFO - Starting attempt 1 of 1
[2024-06-10T08:00:35.403+0000] {taskinstance.py:2330} INFO - Executing <Task(PythonOperator): task_troup.send_slack> on 2024-06-10 08:00:27.323508+00:00
[2024-06-10T08:00:35.415+0000] {warnings.py:110} WARNING - /home/***/.local/lib/python3.12/site-packages/***/task/task_runner/standard_task_runner.py:61: DeprecationWarning: This process (pid=19750) is multi-threaded, use of fork() may lead to deadlocks in the child.
  pid = os.fork()

[2024-06-10T08:00:35.421+0000] {standard_task_runner.py:63} INFO - Started process 19757 to run task
[2024-06-10T08:00:35.419+0000] {standard_task_runner.py:90} INFO - Running: ['***', 'tasks', 'run', 'trigger_dag_id', 'task_troup.send_slack', 'manual__2024-06-10T08:00:27.323508+00:00', '--job-id', '689', '--raw', '--subdir', 'DAGS_FOLDER/trigger_dag.py', '--cfg-path', '/tmp/tmpv4ex9dso']
[2024-06-10T08:00:35.424+0000] {standard_task_runner.py:91} INFO - Job 689: Subtask task_troup.send_slack
[2024-06-10T08:00:35.513+0000] {task_command.py:426} INFO - Running <TaskInstance: trigger_dag_id.task_troup.send_slack manual__2024-06-10T08:00:27.323508+00:00 [running]> on host db8c7b709f57
[2024-06-10T08:00:35.708+0000] {taskinstance.py:2648} INFO - Exporting env vars: AIRFLOW_CTX_DAG_OWNER='***' AIRFLOW_CTX_DAG_ID='trigger_dag_id' AIRFLOW_CTX_TASK_ID='task_troup.send_slack' AIRFLOW_CTX_EXECUTION_DATE='2024-06-10T08:00:27.323508+00:00' AIRFLOW_CTX_TRY_NUMBER='1' AIRFLOW_CTX_DAG_RUN_ID='manual__2024-06-10T08:00:27.323508+00:00'
[2024-06-10T08:00:35.710+0000] {taskinstance.py:430} INFO - ::endgroup::
[2024-06-10T08:00:35.713+0000] {warnings.py:110} WARNING - /home/***/.local/lib/python3.12/site-packages/***/utils/context.py:320: AirflowContextDeprecationWarning: Accessing 'execution_date' from the template is deprecated and will be removed in a future version. Please use 'data_interval_start' or 'logical_date' instead.
  warnings.warn(_create_deprecation_warning(k, replacements))

[2024-06-10T08:00:35.728+0000] {base.py:84} INFO - Using connection ID 'slack_conn' for task execution.
[2024-06-10T08:00:35.729+0000] {logging_mixin.py:188} INFO - ***
[2024-06-10T08:00:36.059+0000] {python.py:237} INFO - Done. Returned value was: None
[2024-06-10T08:00:36.060+0000] {taskinstance.py:441} INFO - ::group::Post task execution logs
[2024-06-10T08:00:36.075+0000] {taskinstance.py:1206} INFO - Marking task as SUCCESS. dag_id=trigger_dag_id, task_id=task_troup.send_slack, run_id=manual__2024-06-10T08:00:27.323508+00:00, execution_date=20240610T080027, start_date=20240610T080035, end_date=20240610T080036
[2024-06-10T08:00:36.138+0000] {local_task_job_runner.py:240} INFO - Task exited with return code 0
[2024-06-10T08:00:36.168+0000] {taskinstance.py:3498} INFO - 0 downstream tasks scheduled from follow-on schedule check
[2024-06-10T08:00:36.170+0000] {local_task_job_runner.py:222} INFO - ::endgroup::
