[2024-06-05T07:16:35.007+0000] {local_task_job_runner.py:120} INFO - ::group::Pre task execution logs
[2024-06-05T07:16:35.037+0000] {taskinstance.py:2076} INFO - Dependencies all met for dep_context=non-requeueable deps ti=<TaskInstance: trigger_dag_id.task_troup.dag_1_task_sensor manual__2024-06-05T07:16:23.109531+00:00 [queued]>
[2024-06-05T07:16:35.051+0000] {taskinstance.py:2076} INFO - Dependencies all met for dep_context=requeueable deps ti=<TaskInstance: trigger_dag_id.task_troup.dag_1_task_sensor manual__2024-06-05T07:16:23.109531+00:00 [queued]>
[2024-06-05T07:16:35.053+0000] {taskinstance.py:2306} INFO - Starting attempt 1 of 1
[2024-06-05T07:16:35.069+0000] {taskinstance.py:2330} INFO - Executing <Task(ExternalTaskSensor): task_troup.dag_1_task_sensor> on 2024-06-05 07:16:23.109531+00:00
[2024-06-05T07:16:35.077+0000] {warnings.py:110} WARNING - /home/***/.local/lib/python3.12/site-packages/***/task/task_runner/standard_task_runner.py:61: DeprecationWarning: This process (pid=550) is multi-threaded, use of fork() may lead to deadlocks in the child.
  pid = os.fork()

[2024-06-05T07:16:35.080+0000] {standard_task_runner.py:63} INFO - Started process 553 to run task
[2024-06-05T07:16:35.080+0000] {standard_task_runner.py:90} INFO - Running: ['***', 'tasks', 'run', 'trigger_dag_id', 'task_troup.dag_1_task_sensor', 'manual__2024-06-05T07:16:23.109531+00:00', '--job-id', '187', '--raw', '--subdir', 'DAGS_FOLDER/trigger_dag.py', '--cfg-path', '/tmp/tmpxwi5vuew']
[2024-06-05T07:16:35.083+0000] {standard_task_runner.py:91} INFO - Job 187: Subtask task_troup.dag_1_task_sensor
[2024-06-05T07:16:35.244+0000] {task_command.py:426} INFO - Running <TaskInstance: trigger_dag_id.task_troup.dag_1_task_sensor manual__2024-06-05T07:16:23.109531+00:00 [running]> on host 8c874f8dd8e6
[2024-06-05T07:16:35.416+0000] {taskinstance.py:2648} INFO - Exporting env vars: AIRFLOW_CTX_DAG_OWNER='***' AIRFLOW_CTX_DAG_ID='trigger_dag_id' AIRFLOW_CTX_TASK_ID='task_troup.dag_1_task_sensor' AIRFLOW_CTX_EXECUTION_DATE='2024-06-05T07:16:23.109531+00:00' AIRFLOW_CTX_TRY_NUMBER='1' AIRFLOW_CTX_DAG_RUN_ID='manual__2024-06-05T07:16:23.109531+00:00'
[2024-06-05T07:16:35.420+0000] {taskinstance.py:430} INFO - ::endgroup::
[2024-06-05T07:16:35.422+0000] {baseoperator.py:399} WARNING - ExternalTaskSensor.execute cannot be called outside TaskInstance!
[2024-06-05T07:16:35.424+0000] {external_task.py:274} INFO - Poking for DAG 'xdag_id_1' on 2024-06-05T07:16:23.109531+00:00 ... 
[2024-06-05T07:16:35.425+0000] {warnings.py:110} WARNING - /home/***/.local/lib/python3.12/site-packages/***/utils/session.py:79: DeprecationWarning: This method is deprecated and will be removed in future.
  return func(*args, session=session, **kwargs)

[2024-06-05T07:17:25.621+0000] {local_task_job_runner.py:310} WARNING - State of this instance has been externally set to failed. Terminating instance.
[2024-06-05T07:17:25.625+0000] {local_task_job_runner.py:222} INFO - ::endgroup::
[2024-06-05T07:17:25.637+0000] {process_utils.py:132} INFO - Sending 15 to group 553. PIDs of all processes in the group: [553]
[2024-06-05T07:17:25.638+0000] {process_utils.py:87} INFO - Sending the signal 15 to group 553
[2024-06-05T07:17:25.639+0000] {taskinstance.py:2611} ERROR - Received SIGTERM. Terminating subprocesses.
[2024-06-05T07:17:25.640+0000] {taskinstance.py:441} INFO - ::group::Post task execution logs
[2024-06-05T07:17:25.695+0000] {process_utils.py:80} INFO - Process psutil.Process(pid=553, status='terminated', exitcode=0, started='07:16:34') (553) terminated with exit code 0
