[2024-06-07T10:06:34.641+0000] {local_task_job_runner.py:120} INFO - ::group::Pre task execution logs
[2024-06-07T10:06:34.667+0000] {taskinstance.py:2076} INFO - Dependencies all met for dep_context=non-requeueable deps ti=<TaskInstance: xdag_id_1.check_if_table_exists manual__2024-06-07T10:06:20.541556+00:00 [queued]>
[2024-06-07T10:06:34.676+0000] {taskinstance.py:2076} INFO - Dependencies all met for dep_context=requeueable deps ti=<TaskInstance: xdag_id_1.check_if_table_exists manual__2024-06-07T10:06:20.541556+00:00 [queued]>
[2024-06-07T10:06:34.677+0000] {taskinstance.py:2306} INFO - Starting attempt 1 of 1
[2024-06-07T10:06:34.692+0000] {taskinstance.py:2330} INFO - Executing <Task(_BranchPythonDecoratedOperator): check_if_table_exists> on 2024-06-07 10:06:20.541556+00:00
[2024-06-07T10:06:34.700+0000] {warnings.py:110} WARNING - /home/***/.local/lib/python3.12/site-packages/***/task/task_runner/standard_task_runner.py:61: DeprecationWarning: This process (pid=13156) is multi-threaded, use of fork() may lead to deadlocks in the child.
  pid = os.fork()

[2024-06-07T10:06:34.702+0000] {standard_task_runner.py:63} INFO - Started process 13173 to run task
[2024-06-07T10:06:34.701+0000] {standard_task_runner.py:90} INFO - Running: ['***', 'tasks', 'run', 'xdag_id_1', 'check_if_table_exists', 'manual__2024-06-07T10:06:20.541556+00:00', '--job-id', '581', '--raw', '--subdir', 'DAGS_FOLDER/jobs_dag.py', '--cfg-path', '/tmp/tmpo3fgalo4']
[2024-06-07T10:06:34.704+0000] {standard_task_runner.py:91} INFO - Job 581: Subtask check_if_table_exists
[2024-06-07T10:06:34.754+0000] {task_command.py:426} INFO - Running <TaskInstance: xdag_id_1.check_if_table_exists manual__2024-06-07T10:06:20.541556+00:00 [running]> on host db8c7b709f57
[2024-06-07T10:06:34.867+0000] {taskinstance.py:2648} INFO - Exporting env vars: AIRFLOW_CTX_DAG_OWNER='***' AIRFLOW_CTX_DAG_ID='xdag_id_1' AIRFLOW_CTX_TASK_ID='check_if_table_exists' AIRFLOW_CTX_EXECUTION_DATE='2024-06-07T10:06:20.541556+00:00' AIRFLOW_CTX_TRY_NUMBER='1' AIRFLOW_CTX_DAG_RUN_ID='manual__2024-06-07T10:06:20.541556+00:00'
[2024-06-07T10:06:34.870+0000] {taskinstance.py:430} INFO - ::endgroup::
[2024-06-07T10:06:34.881+0000] {base.py:84} INFO - Using connection ID 'postgres_default' for task execution.
[2024-06-07T10:06:34.886+0000] {sql.py:470} INFO - Running statement: SELECT * FROM information_schema.tables WHERE table_schema = 'public'AND table_name = 'table_name_1';, parameters: None
[2024-06-07T10:06:34.889+0000] {sql.py:479} INFO - Rows affected: 1
[2024-06-07T10:06:34.890+0000] {logging_mixin.py:188} INFO - ('***', 'public', 'table_name_1', 'BASE TABLE', None, None, None, None, None, 'YES', 'NO', None)
[2024-06-07T10:06:34.891+0000] {python.py:237} INFO - Done. Returned value was: insert_new_row
[2024-06-07T10:06:34.892+0000] {branch.py:36} INFO - Branch into insert_new_row
[2024-06-07T10:06:34.892+0000] {skipmixin.py:178} INFO - Following branch insert_new_row
[2024-06-07T10:06:34.911+0000] {skipmixin.py:246} INFO - Skipping tasks [('create_table', -1)]
[2024-06-07T10:06:34.936+0000] {taskinstance.py:441} INFO - ::group::Post task execution logs
[2024-06-07T10:06:34.958+0000] {taskinstance.py:1206} INFO - Marking task as SUCCESS. dag_id=xdag_id_1, task_id=check_if_table_exists, run_id=manual__2024-06-07T10:06:20.541556+00:00, execution_date=20240607T100620, start_date=20240607T100634, end_date=20240607T100634
[2024-06-07T10:06:35.007+0000] {local_task_job_runner.py:240} INFO - Task exited with return code 0
[2024-06-07T10:06:35.045+0000] {taskinstance.py:3498} INFO - 1 downstream tasks scheduled from follow-on schedule check
[2024-06-07T10:06:35.047+0000] {local_task_job_runner.py:222} INFO - ::endgroup::
