[2024-06-05T09:57:13.219+0000] {local_task_job_runner.py:120} INFO - ::group::Pre task execution logs
[2024-06-05T09:57:13.244+0000] {taskinstance.py:2076} INFO - Dependencies all met for dep_context=non-requeueable deps ti=<TaskInstance: xdag_id_1.gett_current_user manual__2024-06-05T09:57:07.354656+00:00 [queued]>
[2024-06-05T09:57:13.254+0000] {taskinstance.py:2076} INFO - Dependencies all met for dep_context=requeueable deps ti=<TaskInstance: xdag_id_1.gett_current_user manual__2024-06-05T09:57:07.354656+00:00 [queued]>
[2024-06-05T09:57:13.255+0000] {taskinstance.py:2306} INFO - Starting attempt 1 of 1
[2024-06-05T09:57:13.271+0000] {taskinstance.py:2330} INFO - Executing <Task(BashOperator): gett_current_user> on 2024-06-05 09:57:07.354656+00:00
[2024-06-05T09:57:13.277+0000] {warnings.py:110} WARNING - /home/***/.local/lib/python3.12/site-packages/***/task/task_runner/standard_task_runner.py:61: DeprecationWarning: This process (pid=1681) is multi-threaded, use of fork() may lead to deadlocks in the child.
  pid = os.fork()

[2024-06-05T09:57:13.279+0000] {standard_task_runner.py:63} INFO - Started process 1683 to run task
[2024-06-05T09:57:13.280+0000] {standard_task_runner.py:90} INFO - Running: ['***', 'tasks', 'run', 'xdag_id_1', 'gett_current_user', 'manual__2024-06-05T09:57:07.354656+00:00', '--job-id', '287', '--raw', '--subdir', 'DAGS_FOLDER/jobs_dag.py', '--cfg-path', '/tmp/tmpva68biwv']
[2024-06-05T09:57:13.283+0000] {standard_task_runner.py:91} INFO - Job 287: Subtask gett_current_user
[2024-06-05T09:57:13.337+0000] {task_command.py:426} INFO - Running <TaskInstance: xdag_id_1.gett_current_user manual__2024-06-05T09:57:07.354656+00:00 [running]> on host db8c7b709f57
[2024-06-05T09:57:13.445+0000] {taskinstance.py:2648} INFO - Exporting env vars: AIRFLOW_CTX_DAG_OWNER='***' AIRFLOW_CTX_DAG_ID='xdag_id_1' AIRFLOW_CTX_TASK_ID='gett_current_user' AIRFLOW_CTX_EXECUTION_DATE='2024-06-05T09:57:07.354656+00:00' AIRFLOW_CTX_TRY_NUMBER='1' AIRFLOW_CTX_DAG_RUN_ID='manual__2024-06-05T09:57:07.354656+00:00'
[2024-06-05T09:57:13.447+0000] {taskinstance.py:430} INFO - ::endgroup::
[2024-06-05T09:57:13.448+0000] {subprocess.py:63} INFO - Tmp dir root location: /tmp
[2024-06-05T09:57:13.450+0000] {subprocess.py:75} INFO - Running command: ['/usr/bin/bash', '-c', 'whoami']
[2024-06-05T09:57:13.461+0000] {subprocess.py:86} INFO - Output:
[2024-06-05T09:57:13.465+0000] {subprocess.py:93} INFO - default
[2024-06-05T09:57:13.465+0000] {subprocess.py:97} INFO - Command exited with return code 0
[2024-06-05T09:57:13.466+0000] {taskinstance.py:441} INFO - ::group::Post task execution logs
[2024-06-05T09:57:13.492+0000] {taskinstance.py:1206} INFO - Marking task as SUCCESS. dag_id=xdag_id_1, task_id=gett_current_user, run_id=manual__2024-06-05T09:57:07.354656+00:00, execution_date=20240605T095707, start_date=20240605T095713, end_date=20240605T095713
[2024-06-05T09:57:13.544+0000] {local_task_job_runner.py:240} INFO - Task exited with return code 0
[2024-06-05T09:57:13.576+0000] {taskinstance.py:3498} INFO - 1 downstream tasks scheduled from follow-on schedule check
[2024-06-05T09:57:13.579+0000] {local_task_job_runner.py:222} INFO - ::endgroup::
