[2024-06-05T09:35:59.714+0000] {local_task_job_runner.py:120} INFO - ::group::Pre task execution logs
[2024-06-05T09:35:59.745+0000] {taskinstance.py:2076} INFO - Dependencies all met for dep_context=non-requeueable deps ti=<TaskInstance: xdag_id_1.gett_current_user manual__2024-06-05T09:35:51.365362+00:00 [queued]>
[2024-06-05T09:35:59.759+0000] {taskinstance.py:2076} INFO - Dependencies all met for dep_context=requeueable deps ti=<TaskInstance: xdag_id_1.gett_current_user manual__2024-06-05T09:35:51.365362+00:00 [queued]>
[2024-06-05T09:35:59.760+0000] {taskinstance.py:2306} INFO - Starting attempt 1 of 1
[2024-06-05T09:35:59.780+0000] {taskinstance.py:2330} INFO - Executing <Task(BashOperator): gett_current_user> on 2024-06-05 09:35:51.365362+00:00
[2024-06-05T09:35:59.789+0000] {warnings.py:110} WARNING - /home/***/.local/lib/python3.12/site-packages/***/task/task_runner/standard_task_runner.py:61: DeprecationWarning: This process (pid=1265) is multi-threaded, use of fork() may lead to deadlocks in the child.
  pid = os.fork()

[2024-06-05T09:35:59.792+0000] {standard_task_runner.py:63} INFO - Started process 1274 to run task
[2024-06-05T09:35:59.793+0000] {standard_task_runner.py:90} INFO - Running: ['***', 'tasks', 'run', 'xdag_id_1', 'gett_current_user', 'manual__2024-06-05T09:35:51.365362+00:00', '--job-id', '240', '--raw', '--subdir', 'DAGS_FOLDER/jobs_dag.py', '--cfg-path', '/tmp/tmp6tk_nrkx']
[2024-06-05T09:35:59.797+0000] {standard_task_runner.py:91} INFO - Job 240: Subtask gett_current_user
[2024-06-05T09:35:59.906+0000] {task_command.py:426} INFO - Running <TaskInstance: xdag_id_1.gett_current_user manual__2024-06-05T09:35:51.365362+00:00 [running]> on host db8c7b709f57
[2024-06-05T09:36:00.230+0000] {taskinstance.py:2648} INFO - Exporting env vars: AIRFLOW_CTX_DAG_OWNER='***' AIRFLOW_CTX_DAG_ID='xdag_id_1' AIRFLOW_CTX_TASK_ID='gett_current_user' AIRFLOW_CTX_EXECUTION_DATE='2024-06-05T09:35:51.365362+00:00' AIRFLOW_CTX_TRY_NUMBER='1' AIRFLOW_CTX_DAG_RUN_ID='manual__2024-06-05T09:35:51.365362+00:00'
[2024-06-05T09:36:00.247+0000] {taskinstance.py:430} INFO - ::endgroup::
[2024-06-05T09:36:00.250+0000] {subprocess.py:63} INFO - Tmp dir root location: /tmp
[2024-06-05T09:36:00.254+0000] {subprocess.py:75} INFO - Running command: ['/usr/bin/bash', '-c', 'whoami']
[2024-06-05T09:36:00.280+0000] {subprocess.py:86} INFO - Output:
[2024-06-05T09:36:00.293+0000] {subprocess.py:93} INFO - default
[2024-06-05T09:36:00.295+0000] {subprocess.py:97} INFO - Command exited with return code 0
[2024-06-05T09:36:00.299+0000] {taskinstance.py:441} INFO - ::group::Post task execution logs
[2024-06-05T09:36:00.356+0000] {taskinstance.py:1206} INFO - Marking task as SUCCESS. dag_id=xdag_id_1, task_id=gett_current_user, run_id=manual__2024-06-05T09:35:51.365362+00:00, execution_date=20240605T093551, start_date=20240605T093559, end_date=20240605T093600
[2024-06-05T09:36:00.399+0000] {local_task_job_runner.py:240} INFO - Task exited with return code 0
[2024-06-05T09:36:00.477+0000] {taskinstance.py:3498} INFO - 1 downstream tasks scheduled from follow-on schedule check
[2024-06-05T09:36:00.480+0000] {local_task_job_runner.py:222} INFO - ::endgroup::
