[2024-06-08T02:25:57.023+0000] {processor.py:161} INFO - Started process (PID=63162) to work on /opt/airflow/dags/jobs_dag.py
[2024-06-08T02:25:57.026+0000] {processor.py:830} INFO - Processing file /opt/airflow/dags/jobs_dag.py for tasks to queue
[2024-06-08T02:25:57.030+0000] {logging_mixin.py:188} INFO - [2024-06-08T02:25:57.029+0000] {dagbag.py:545} INFO - Filling up the DagBag from /opt/airflow/dags/jobs_dag.py
[2024-06-08T02:25:57.091+0000] {processor.py:840} INFO - DAG(s) 'xdag_id_3', 'xdag_id_2', 'xdag_id_1' retrieved from /opt/airflow/dags/jobs_dag.py
[2024-06-08T02:25:57.397+0000] {logging_mixin.py:188} INFO - [2024-06-08T02:25:57.397+0000] {dag.py:3096} INFO - Sync 3 DAGs
[2024-06-08T02:25:57.420+0000] {logging_mixin.py:188} INFO - [2024-06-08T02:25:57.419+0000] {dag.py:3954} INFO - Setting next_dagrun for xdag_id_1 to None, run_after=None
[2024-06-08T02:25:57.425+0000] {logging_mixin.py:188} INFO - [2024-06-08T02:25:57.425+0000] {dag.py:3954} INFO - Setting next_dagrun for xdag_id_2 to None, run_after=None
[2024-06-08T02:25:57.428+0000] {logging_mixin.py:188} INFO - [2024-06-08T02:25:57.427+0000] {dag.py:3954} INFO - Setting next_dagrun for xdag_id_3 to None, run_after=None
[2024-06-08T02:25:57.459+0000] {processor.py:183} INFO - Processing /opt/airflow/dags/jobs_dag.py took 0.477 seconds
[2024-06-08T02:26:29.612+0000] {processor.py:161} INFO - Started process (PID=63222) to work on /opt/airflow/dags/jobs_dag.py
[2024-06-08T02:26:29.625+0000] {processor.py:830} INFO - Processing file /opt/airflow/dags/jobs_dag.py for tasks to queue
[2024-06-08T02:26:29.646+0000] {logging_mixin.py:188} INFO - [2024-06-08T02:26:29.629+0000] {dagbag.py:545} INFO - Filling up the DagBag from /opt/airflow/dags/jobs_dag.py
[2024-06-08T02:26:29.816+0000] {processor.py:840} INFO - DAG(s) 'xdag_id_1', 'xdag_id_2', 'xdag_id_3' retrieved from /opt/airflow/dags/jobs_dag.py
[2024-06-08T02:26:30.431+0000] {logging_mixin.py:188} INFO - [2024-06-08T02:26:30.431+0000] {dag.py:3096} INFO - Sync 3 DAGs
[2024-06-08T02:26:30.460+0000] {logging_mixin.py:188} INFO - [2024-06-08T02:26:30.460+0000] {dag.py:3954} INFO - Setting next_dagrun for xdag_id_1 to None, run_after=None
[2024-06-08T02:26:30.466+0000] {logging_mixin.py:188} INFO - [2024-06-08T02:26:30.465+0000] {dag.py:3954} INFO - Setting next_dagrun for xdag_id_2 to None, run_after=None
[2024-06-08T02:26:30.470+0000] {logging_mixin.py:188} INFO - [2024-06-08T02:26:30.470+0000] {dag.py:3954} INFO - Setting next_dagrun for xdag_id_3 to None, run_after=None
[2024-06-08T02:26:30.500+0000] {processor.py:183} INFO - Processing /opt/airflow/dags/jobs_dag.py took 1.016 seconds
[2024-06-08T07:02:53.931+0000] {processor.py:161} INFO - Started process (PID=63281) to work on /opt/airflow/dags/jobs_dag.py
[2024-06-08T07:02:53.933+0000] {processor.py:830} INFO - Processing file /opt/airflow/dags/jobs_dag.py for tasks to queue
[2024-06-08T07:02:53.935+0000] {logging_mixin.py:188} INFO - [2024-06-08T07:02:53.934+0000] {dagbag.py:545} INFO - Filling up the DagBag from /opt/airflow/dags/jobs_dag.py
[2024-06-08T07:02:53.964+0000] {processor.py:840} INFO - DAG(s) 'xdag_id_2', 'xdag_id_1', 'xdag_id_3' retrieved from /opt/airflow/dags/jobs_dag.py
[2024-06-08T07:02:54.172+0000] {logging_mixin.py:188} INFO - [2024-06-08T07:02:54.171+0000] {dag.py:3096} INFO - Sync 3 DAGs
[2024-06-08T07:02:54.186+0000] {logging_mixin.py:188} INFO - [2024-06-08T07:02:54.186+0000] {dag.py:3954} INFO - Setting next_dagrun for xdag_id_1 to None, run_after=None
[2024-06-08T07:02:54.191+0000] {logging_mixin.py:188} INFO - [2024-06-08T07:02:54.190+0000] {dag.py:3954} INFO - Setting next_dagrun for xdag_id_2 to None, run_after=None
[2024-06-08T07:02:54.193+0000] {logging_mixin.py:188} INFO - [2024-06-08T07:02:54.193+0000] {dag.py:3954} INFO - Setting next_dagrun for xdag_id_3 to None, run_after=None
[2024-06-08T07:02:54.219+0000] {processor.py:183} INFO - Processing /opt/airflow/dags/jobs_dag.py took 0.297 seconds
[2024-06-08T07:15:51.532+0000] {processor.py:161} INFO - Started process (PID=63341) to work on /opt/airflow/dags/jobs_dag.py
[2024-06-08T07:15:51.536+0000] {processor.py:830} INFO - Processing file /opt/airflow/dags/jobs_dag.py for tasks to queue
[2024-06-08T07:15:51.541+0000] {logging_mixin.py:188} INFO - [2024-06-08T07:15:51.539+0000] {dagbag.py:545} INFO - Filling up the DagBag from /opt/airflow/dags/jobs_dag.py
[2024-06-08T07:15:51.609+0000] {processor.py:840} INFO - DAG(s) 'xdag_id_1', 'xdag_id_3', 'xdag_id_2' retrieved from /opt/airflow/dags/jobs_dag.py
[2024-06-08T07:15:51.962+0000] {logging_mixin.py:188} INFO - [2024-06-08T07:15:51.962+0000] {dag.py:3096} INFO - Sync 3 DAGs
[2024-06-08T07:15:51.987+0000] {logging_mixin.py:188} INFO - [2024-06-08T07:15:51.987+0000] {dag.py:3954} INFO - Setting next_dagrun for xdag_id_1 to None, run_after=None
[2024-06-08T07:15:51.993+0000] {logging_mixin.py:188} INFO - [2024-06-08T07:15:51.992+0000] {dag.py:3954} INFO - Setting next_dagrun for xdag_id_2 to None, run_after=None
[2024-06-08T07:15:51.995+0000] {logging_mixin.py:188} INFO - [2024-06-08T07:15:51.995+0000] {dag.py:3954} INFO - Setting next_dagrun for xdag_id_3 to None, run_after=None
[2024-06-08T07:15:52.025+0000] {processor.py:183} INFO - Processing /opt/airflow/dags/jobs_dag.py took 0.526 seconds
[2024-06-08T08:04:07.926+0000] {processor.py:161} INFO - Started process (PID=63401) to work on /opt/airflow/dags/jobs_dag.py
[2024-06-08T08:04:07.931+0000] {processor.py:830} INFO - Processing file /opt/airflow/dags/jobs_dag.py for tasks to queue
[2024-06-08T08:04:07.933+0000] {logging_mixin.py:188} INFO - [2024-06-08T08:04:07.932+0000] {dagbag.py:545} INFO - Filling up the DagBag from /opt/airflow/dags/jobs_dag.py
[2024-06-08T08:04:07.993+0000] {processor.py:840} INFO - DAG(s) 'xdag_id_2', 'xdag_id_1', 'xdag_id_3' retrieved from /opt/airflow/dags/jobs_dag.py
[2024-06-08T08:04:08.363+0000] {logging_mixin.py:188} INFO - [2024-06-08T08:04:08.363+0000] {dag.py:3096} INFO - Sync 3 DAGs
[2024-06-08T08:04:08.384+0000] {logging_mixin.py:188} INFO - [2024-06-08T08:04:08.383+0000] {dag.py:3954} INFO - Setting next_dagrun for xdag_id_1 to None, run_after=None
[2024-06-08T08:04:08.389+0000] {logging_mixin.py:188} INFO - [2024-06-08T08:04:08.389+0000] {dag.py:3954} INFO - Setting next_dagrun for xdag_id_2 to None, run_after=None
[2024-06-08T08:04:08.391+0000] {logging_mixin.py:188} INFO - [2024-06-08T08:04:08.391+0000] {dag.py:3954} INFO - Setting next_dagrun for xdag_id_3 to None, run_after=None
[2024-06-08T08:04:08.419+0000] {processor.py:183} INFO - Processing /opt/airflow/dags/jobs_dag.py took 0.523 seconds
[2024-06-08T09:05:05.296+0000] {processor.py:161} INFO - Started process (PID=63461) to work on /opt/airflow/dags/jobs_dag.py
[2024-06-08T09:05:05.304+0000] {processor.py:830} INFO - Processing file /opt/airflow/dags/jobs_dag.py for tasks to queue
[2024-06-08T09:05:05.314+0000] {logging_mixin.py:188} INFO - [2024-06-08T09:05:05.310+0000] {dagbag.py:545} INFO - Filling up the DagBag from /opt/airflow/dags/jobs_dag.py
[2024-06-08T09:05:05.454+0000] {processor.py:840} INFO - DAG(s) 'xdag_id_3', 'xdag_id_2', 'xdag_id_1' retrieved from /opt/airflow/dags/jobs_dag.py
[2024-06-08T09:05:06.289+0000] {logging_mixin.py:188} INFO - [2024-06-08T09:05:06.288+0000] {dag.py:3096} INFO - Sync 3 DAGs
[2024-06-08T09:05:06.321+0000] {logging_mixin.py:188} INFO - [2024-06-08T09:05:06.320+0000] {dag.py:3954} INFO - Setting next_dagrun for xdag_id_1 to None, run_after=None
[2024-06-08T09:05:06.330+0000] {logging_mixin.py:188} INFO - [2024-06-08T09:05:06.329+0000] {dag.py:3954} INFO - Setting next_dagrun for xdag_id_2 to None, run_after=None
[2024-06-08T09:05:06.333+0000] {logging_mixin.py:188} INFO - [2024-06-08T09:05:06.333+0000] {dag.py:3954} INFO - Setting next_dagrun for xdag_id_3 to None, run_after=None
[2024-06-08T09:05:06.376+0000] {processor.py:183} INFO - Processing /opt/airflow/dags/jobs_dag.py took 1.141 seconds
[2024-06-08T09:05:36.591+0000] {processor.py:161} INFO - Started process (PID=63521) to work on /opt/airflow/dags/jobs_dag.py
[2024-06-08T09:05:36.593+0000] {processor.py:830} INFO - Processing file /opt/airflow/dags/jobs_dag.py for tasks to queue
[2024-06-08T09:05:36.594+0000] {logging_mixin.py:188} INFO - [2024-06-08T09:05:36.594+0000] {dagbag.py:545} INFO - Filling up the DagBag from /opt/airflow/dags/jobs_dag.py
[2024-06-08T09:05:36.617+0000] {processor.py:840} INFO - DAG(s) 'xdag_id_2', 'xdag_id_3', 'xdag_id_1' retrieved from /opt/airflow/dags/jobs_dag.py
[2024-06-08T09:05:36.790+0000] {logging_mixin.py:188} INFO - [2024-06-08T09:05:36.790+0000] {dag.py:3096} INFO - Sync 3 DAGs
[2024-06-08T09:05:36.805+0000] {logging_mixin.py:188} INFO - [2024-06-08T09:05:36.805+0000] {dag.py:3954} INFO - Setting next_dagrun for xdag_id_1 to None, run_after=None
[2024-06-08T09:05:36.810+0000] {logging_mixin.py:188} INFO - [2024-06-08T09:05:36.810+0000] {dag.py:3954} INFO - Setting next_dagrun for xdag_id_2 to None, run_after=None
[2024-06-08T09:05:36.812+0000] {logging_mixin.py:188} INFO - [2024-06-08T09:05:36.812+0000] {dag.py:3954} INFO - Setting next_dagrun for xdag_id_3 to None, run_after=None
[2024-06-08T09:05:36.838+0000] {processor.py:183} INFO - Processing /opt/airflow/dags/jobs_dag.py took 0.255 seconds
[2024-06-08T10:06:29.012+0000] {processor.py:161} INFO - Started process (PID=63581) to work on /opt/airflow/dags/jobs_dag.py
[2024-06-08T10:06:29.014+0000] {processor.py:830} INFO - Processing file /opt/airflow/dags/jobs_dag.py for tasks to queue
[2024-06-08T10:06:29.015+0000] {logging_mixin.py:188} INFO - [2024-06-08T10:06:29.015+0000] {dagbag.py:545} INFO - Filling up the DagBag from /opt/airflow/dags/jobs_dag.py
[2024-06-08T10:06:29.040+0000] {processor.py:840} INFO - DAG(s) 'xdag_id_2', 'xdag_id_1', 'xdag_id_3' retrieved from /opt/airflow/dags/jobs_dag.py
[2024-06-08T10:06:29.350+0000] {logging_mixin.py:188} INFO - [2024-06-08T10:06:29.349+0000] {dag.py:3096} INFO - Sync 3 DAGs
[2024-06-08T10:06:29.375+0000] {logging_mixin.py:188} INFO - [2024-06-08T10:06:29.375+0000] {dag.py:3954} INFO - Setting next_dagrun for xdag_id_1 to None, run_after=None
[2024-06-08T10:06:29.402+0000] {logging_mixin.py:188} INFO - [2024-06-08T10:06:29.401+0000] {dag.py:3954} INFO - Setting next_dagrun for xdag_id_2 to None, run_after=None
[2024-06-08T10:06:29.405+0000] {logging_mixin.py:188} INFO - [2024-06-08T10:06:29.404+0000] {dag.py:3954} INFO - Setting next_dagrun for xdag_id_3 to None, run_after=None
[2024-06-08T10:06:29.461+0000] {processor.py:183} INFO - Processing /opt/airflow/dags/jobs_dag.py took 0.459 seconds
[2024-06-08T10:38:59.507+0000] {processor.py:161} INFO - Started process (PID=63641) to work on /opt/airflow/dags/jobs_dag.py
[2024-06-08T10:38:59.513+0000] {processor.py:830} INFO - Processing file /opt/airflow/dags/jobs_dag.py for tasks to queue
[2024-06-08T10:38:59.518+0000] {logging_mixin.py:188} INFO - [2024-06-08T10:38:59.516+0000] {dagbag.py:545} INFO - Filling up the DagBag from /opt/airflow/dags/jobs_dag.py
[2024-06-08T10:38:59.717+0000] {processor.py:840} INFO - DAG(s) 'xdag_id_1', 'xdag_id_3', 'xdag_id_2' retrieved from /opt/airflow/dags/jobs_dag.py
[2024-06-08T10:39:00.419+0000] {logging_mixin.py:188} INFO - [2024-06-08T10:39:00.418+0000] {dag.py:3096} INFO - Sync 3 DAGs
[2024-06-08T10:39:00.467+0000] {logging_mixin.py:188} INFO - [2024-06-08T10:39:00.467+0000] {dag.py:3954} INFO - Setting next_dagrun for xdag_id_1 to None, run_after=None
[2024-06-08T10:39:00.476+0000] {logging_mixin.py:188} INFO - [2024-06-08T10:39:00.475+0000] {dag.py:3954} INFO - Setting next_dagrun for xdag_id_2 to None, run_after=None
[2024-06-08T10:39:00.478+0000] {logging_mixin.py:188} INFO - [2024-06-08T10:39:00.478+0000] {dag.py:3954} INFO - Setting next_dagrun for xdag_id_3 to None, run_after=None
[2024-06-08T10:39:00.526+0000] {processor.py:183} INFO - Processing /opt/airflow/dags/jobs_dag.py took 1.087 seconds
[2024-06-08T10:39:30.955+0000] {processor.py:161} INFO - Started process (PID=63701) to work on /opt/airflow/dags/jobs_dag.py
[2024-06-08T10:39:30.956+0000] {processor.py:830} INFO - Processing file /opt/airflow/dags/jobs_dag.py for tasks to queue
[2024-06-08T10:39:30.957+0000] {logging_mixin.py:188} INFO - [2024-06-08T10:39:30.957+0000] {dagbag.py:545} INFO - Filling up the DagBag from /opt/airflow/dags/jobs_dag.py
[2024-06-08T10:39:30.978+0000] {processor.py:840} INFO - DAG(s) 'xdag_id_1', 'xdag_id_2', 'xdag_id_3' retrieved from /opt/airflow/dags/jobs_dag.py
[2024-06-08T10:39:31.151+0000] {logging_mixin.py:188} INFO - [2024-06-08T10:39:31.151+0000] {dag.py:3096} INFO - Sync 3 DAGs
[2024-06-08T10:39:31.167+0000] {logging_mixin.py:188} INFO - [2024-06-08T10:39:31.166+0000] {dag.py:3954} INFO - Setting next_dagrun for xdag_id_1 to None, run_after=None
[2024-06-08T10:39:31.172+0000] {logging_mixin.py:188} INFO - [2024-06-08T10:39:31.172+0000] {dag.py:3954} INFO - Setting next_dagrun for xdag_id_2 to None, run_after=None
[2024-06-08T10:39:31.175+0000] {logging_mixin.py:188} INFO - [2024-06-08T10:39:31.175+0000] {dag.py:3954} INFO - Setting next_dagrun for xdag_id_3 to None, run_after=None
[2024-06-08T10:39:31.201+0000] {processor.py:183} INFO - Processing /opt/airflow/dags/jobs_dag.py took 0.255 seconds
[2024-06-08T11:07:35.495+0000] {processor.py:161} INFO - Started process (PID=63761) to work on /opt/airflow/dags/jobs_dag.py
[2024-06-08T11:07:35.497+0000] {processor.py:830} INFO - Processing file /opt/airflow/dags/jobs_dag.py for tasks to queue
[2024-06-08T11:07:35.498+0000] {logging_mixin.py:188} INFO - [2024-06-08T11:07:35.498+0000] {dagbag.py:545} INFO - Filling up the DagBag from /opt/airflow/dags/jobs_dag.py
[2024-06-08T11:07:35.520+0000] {processor.py:840} INFO - DAG(s) 'xdag_id_1', 'xdag_id_2', 'xdag_id_3' retrieved from /opt/airflow/dags/jobs_dag.py
[2024-06-08T11:07:35.719+0000] {logging_mixin.py:188} INFO - [2024-06-08T11:07:35.719+0000] {dag.py:3096} INFO - Sync 3 DAGs
[2024-06-08T11:07:35.734+0000] {logging_mixin.py:188} INFO - [2024-06-08T11:07:35.733+0000] {dag.py:3954} INFO - Setting next_dagrun for xdag_id_1 to None, run_after=None
[2024-06-08T11:07:35.738+0000] {logging_mixin.py:188} INFO - [2024-06-08T11:07:35.738+0000] {dag.py:3954} INFO - Setting next_dagrun for xdag_id_2 to None, run_after=None
[2024-06-08T11:07:35.741+0000] {logging_mixin.py:188} INFO - [2024-06-08T11:07:35.740+0000] {dag.py:3954} INFO - Setting next_dagrun for xdag_id_3 to None, run_after=None
[2024-06-08T11:07:35.766+0000] {processor.py:183} INFO - Processing /opt/airflow/dags/jobs_dag.py took 0.279 seconds
[2024-06-08T12:08:34.747+0000] {processor.py:161} INFO - Started process (PID=63822) to work on /opt/airflow/dags/jobs_dag.py
[2024-06-08T12:08:34.752+0000] {processor.py:830} INFO - Processing file /opt/airflow/dags/jobs_dag.py for tasks to queue
[2024-06-08T12:08:34.758+0000] {logging_mixin.py:188} INFO - [2024-06-08T12:08:34.755+0000] {dagbag.py:545} INFO - Filling up the DagBag from /opt/airflow/dags/jobs_dag.py
[2024-06-08T12:08:34.849+0000] {processor.py:840} INFO - DAG(s) 'xdag_id_1', 'xdag_id_2', 'xdag_id_3' retrieved from /opt/airflow/dags/jobs_dag.py
[2024-06-08T12:08:35.378+0000] {logging_mixin.py:188} INFO - [2024-06-08T12:08:35.378+0000] {dag.py:3096} INFO - Sync 3 DAGs
[2024-06-08T12:08:35.417+0000] {logging_mixin.py:188} INFO - [2024-06-08T12:08:35.416+0000] {dag.py:3954} INFO - Setting next_dagrun for xdag_id_1 to None, run_after=None
[2024-06-08T12:08:35.431+0000] {logging_mixin.py:188} INFO - [2024-06-08T12:08:35.431+0000] {dag.py:3954} INFO - Setting next_dagrun for xdag_id_2 to None, run_after=None
[2024-06-08T12:08:35.434+0000] {logging_mixin.py:188} INFO - [2024-06-08T12:08:35.434+0000] {dag.py:3954} INFO - Setting next_dagrun for xdag_id_3 to None, run_after=None
[2024-06-08T12:08:35.513+0000] {processor.py:183} INFO - Processing /opt/airflow/dags/jobs_dag.py took 0.817 seconds
[2024-06-08T12:09:05.801+0000] {processor.py:161} INFO - Started process (PID=63882) to work on /opt/airflow/dags/jobs_dag.py
[2024-06-08T12:09:05.803+0000] {processor.py:830} INFO - Processing file /opt/airflow/dags/jobs_dag.py for tasks to queue
[2024-06-08T12:09:05.804+0000] {logging_mixin.py:188} INFO - [2024-06-08T12:09:05.804+0000] {dagbag.py:545} INFO - Filling up the DagBag from /opt/airflow/dags/jobs_dag.py
[2024-06-08T12:09:05.827+0000] {processor.py:840} INFO - DAG(s) 'xdag_id_1', 'xdag_id_3', 'xdag_id_2' retrieved from /opt/airflow/dags/jobs_dag.py
[2024-06-08T12:09:06.002+0000] {logging_mixin.py:188} INFO - [2024-06-08T12:09:06.002+0000] {dag.py:3096} INFO - Sync 3 DAGs
[2024-06-08T12:09:06.017+0000] {logging_mixin.py:188} INFO - [2024-06-08T12:09:06.016+0000] {dag.py:3954} INFO - Setting next_dagrun for xdag_id_1 to None, run_after=None
[2024-06-08T12:09:06.024+0000] {logging_mixin.py:188} INFO - [2024-06-08T12:09:06.024+0000] {dag.py:3954} INFO - Setting next_dagrun for xdag_id_2 to None, run_after=None
[2024-06-08T12:09:06.027+0000] {logging_mixin.py:188} INFO - [2024-06-08T12:09:06.027+0000] {dag.py:3954} INFO - Setting next_dagrun for xdag_id_3 to None, run_after=None
[2024-06-08T12:09:06.052+0000] {processor.py:183} INFO - Processing /opt/airflow/dags/jobs_dag.py took 0.260 seconds
[2024-06-08T13:09:57.543+0000] {processor.py:161} INFO - Started process (PID=63942) to work on /opt/airflow/dags/jobs_dag.py
[2024-06-08T13:09:57.545+0000] {processor.py:830} INFO - Processing file /opt/airflow/dags/jobs_dag.py for tasks to queue
[2024-06-08T13:09:57.547+0000] {logging_mixin.py:188} INFO - [2024-06-08T13:09:57.546+0000] {dagbag.py:545} INFO - Filling up the DagBag from /opt/airflow/dags/jobs_dag.py
[2024-06-08T13:09:57.569+0000] {processor.py:840} INFO - DAG(s) 'xdag_id_1', 'xdag_id_2', 'xdag_id_3' retrieved from /opt/airflow/dags/jobs_dag.py
[2024-06-08T13:09:57.775+0000] {logging_mixin.py:188} INFO - [2024-06-08T13:09:57.775+0000] {dag.py:3096} INFO - Sync 3 DAGs
[2024-06-08T13:09:57.791+0000] {logging_mixin.py:188} INFO - [2024-06-08T13:09:57.791+0000] {dag.py:3954} INFO - Setting next_dagrun for xdag_id_1 to None, run_after=None
[2024-06-08T13:09:57.796+0000] {logging_mixin.py:188} INFO - [2024-06-08T13:09:57.795+0000] {dag.py:3954} INFO - Setting next_dagrun for xdag_id_2 to None, run_after=None
[2024-06-08T13:09:57.798+0000] {logging_mixin.py:188} INFO - [2024-06-08T13:09:57.798+0000] {dag.py:3954} INFO - Setting next_dagrun for xdag_id_3 to None, run_after=None
[2024-06-08T13:09:57.824+0000] {processor.py:183} INFO - Processing /opt/airflow/dags/jobs_dag.py took 0.288 seconds
[2024-06-08T14:10:52.093+0000] {processor.py:161} INFO - Started process (PID=64002) to work on /opt/airflow/dags/jobs_dag.py
[2024-06-08T14:10:52.102+0000] {processor.py:830} INFO - Processing file /opt/airflow/dags/jobs_dag.py for tasks to queue
[2024-06-08T14:10:52.121+0000] {logging_mixin.py:188} INFO - [2024-06-08T14:10:52.116+0000] {dagbag.py:545} INFO - Filling up the DagBag from /opt/airflow/dags/jobs_dag.py
[2024-06-08T14:10:52.288+0000] {processor.py:840} INFO - DAG(s) 'xdag_id_1', 'xdag_id_2', 'xdag_id_3' retrieved from /opt/airflow/dags/jobs_dag.py
[2024-06-08T14:10:52.850+0000] {logging_mixin.py:188} INFO - [2024-06-08T14:10:52.849+0000] {dag.py:3096} INFO - Sync 3 DAGs
[2024-06-08T14:10:52.886+0000] {logging_mixin.py:188} INFO - [2024-06-08T14:10:52.885+0000] {dag.py:3954} INFO - Setting next_dagrun for xdag_id_1 to None, run_after=None
[2024-06-08T14:10:52.893+0000] {logging_mixin.py:188} INFO - [2024-06-08T14:10:52.893+0000] {dag.py:3954} INFO - Setting next_dagrun for xdag_id_2 to None, run_after=None
[2024-06-08T14:10:52.896+0000] {logging_mixin.py:188} INFO - [2024-06-08T14:10:52.896+0000] {dag.py:3954} INFO - Setting next_dagrun for xdag_id_3 to None, run_after=None
[2024-06-08T14:10:52.935+0000] {processor.py:183} INFO - Processing /opt/airflow/dags/jobs_dag.py took 0.927 seconds
[2024-06-08T14:11:23.168+0000] {processor.py:161} INFO - Started process (PID=64062) to work on /opt/airflow/dags/jobs_dag.py
[2024-06-08T14:11:23.169+0000] {processor.py:830} INFO - Processing file /opt/airflow/dags/jobs_dag.py for tasks to queue
[2024-06-08T14:11:23.171+0000] {logging_mixin.py:188} INFO - [2024-06-08T14:11:23.170+0000] {dagbag.py:545} INFO - Filling up the DagBag from /opt/airflow/dags/jobs_dag.py
[2024-06-08T14:11:23.191+0000] {processor.py:840} INFO - DAG(s) 'xdag_id_3', 'xdag_id_1', 'xdag_id_2' retrieved from /opt/airflow/dags/jobs_dag.py
[2024-06-08T14:11:23.366+0000] {logging_mixin.py:188} INFO - [2024-06-08T14:11:23.365+0000] {dag.py:3096} INFO - Sync 3 DAGs
[2024-06-08T14:11:23.381+0000] {logging_mixin.py:188} INFO - [2024-06-08T14:11:23.381+0000] {dag.py:3954} INFO - Setting next_dagrun for xdag_id_1 to None, run_after=None
[2024-06-08T14:11:23.386+0000] {logging_mixin.py:188} INFO - [2024-06-08T14:11:23.386+0000] {dag.py:3954} INFO - Setting next_dagrun for xdag_id_2 to None, run_after=None
[2024-06-08T14:11:23.388+0000] {logging_mixin.py:188} INFO - [2024-06-08T14:11:23.388+0000] {dag.py:3954} INFO - Setting next_dagrun for xdag_id_3 to None, run_after=None
[2024-06-08T14:11:23.418+0000] {processor.py:183} INFO - Processing /opt/airflow/dags/jobs_dag.py took 0.259 seconds
[2024-06-08T15:12:09.423+0000] {processor.py:161} INFO - Started process (PID=64122) to work on /opt/airflow/dags/jobs_dag.py
[2024-06-08T15:12:09.425+0000] {processor.py:830} INFO - Processing file /opt/airflow/dags/jobs_dag.py for tasks to queue
[2024-06-08T15:12:09.428+0000] {logging_mixin.py:188} INFO - [2024-06-08T15:12:09.427+0000] {dagbag.py:545} INFO - Filling up the DagBag from /opt/airflow/dags/jobs_dag.py
[2024-06-08T15:12:09.468+0000] {processor.py:840} INFO - DAG(s) 'xdag_id_2', 'xdag_id_1', 'xdag_id_3' retrieved from /opt/airflow/dags/jobs_dag.py
[2024-06-08T15:12:09.706+0000] {logging_mixin.py:188} INFO - [2024-06-08T15:12:09.706+0000] {dag.py:3096} INFO - Sync 3 DAGs
[2024-06-08T15:12:09.721+0000] {logging_mixin.py:188} INFO - [2024-06-08T15:12:09.721+0000] {dag.py:3954} INFO - Setting next_dagrun for xdag_id_1 to None, run_after=None
[2024-06-08T15:12:09.726+0000] {logging_mixin.py:188} INFO - [2024-06-08T15:12:09.726+0000] {dag.py:3954} INFO - Setting next_dagrun for xdag_id_2 to None, run_after=None
[2024-06-08T15:12:09.728+0000] {logging_mixin.py:188} INFO - [2024-06-08T15:12:09.728+0000] {dag.py:3954} INFO - Setting next_dagrun for xdag_id_3 to None, run_after=None
[2024-06-08T15:12:09.754+0000] {processor.py:183} INFO - Processing /opt/airflow/dags/jobs_dag.py took 0.348 seconds
[2024-06-08T16:13:09.248+0000] {processor.py:161} INFO - Started process (PID=64182) to work on /opt/airflow/dags/jobs_dag.py
[2024-06-08T16:13:09.253+0000] {processor.py:830} INFO - Processing file /opt/airflow/dags/jobs_dag.py for tasks to queue
[2024-06-08T16:13:09.258+0000] {logging_mixin.py:188} INFO - [2024-06-08T16:13:09.256+0000] {dagbag.py:545} INFO - Filling up the DagBag from /opt/airflow/dags/jobs_dag.py
[2024-06-08T16:13:09.365+0000] {processor.py:840} INFO - DAG(s) 'xdag_id_2', 'xdag_id_1', 'xdag_id_3' retrieved from /opt/airflow/dags/jobs_dag.py
[2024-06-08T16:13:09.903+0000] {logging_mixin.py:188} INFO - [2024-06-08T16:13:09.902+0000] {dag.py:3096} INFO - Sync 3 DAGs
[2024-06-08T16:13:09.938+0000] {logging_mixin.py:188} INFO - [2024-06-08T16:13:09.938+0000] {dag.py:3954} INFO - Setting next_dagrun for xdag_id_1 to None, run_after=None
[2024-06-08T16:13:09.946+0000] {logging_mixin.py:188} INFO - [2024-06-08T16:13:09.945+0000] {dag.py:3954} INFO - Setting next_dagrun for xdag_id_2 to None, run_after=None
[2024-06-08T16:13:09.949+0000] {logging_mixin.py:188} INFO - [2024-06-08T16:13:09.949+0000] {dag.py:3954} INFO - Setting next_dagrun for xdag_id_3 to None, run_after=None
[2024-06-08T16:13:09.995+0000] {processor.py:183} INFO - Processing /opt/airflow/dags/jobs_dag.py took 0.803 seconds
[2024-06-08T16:13:40.239+0000] {processor.py:161} INFO - Started process (PID=64242) to work on /opt/airflow/dags/jobs_dag.py
[2024-06-08T16:13:40.240+0000] {processor.py:830} INFO - Processing file /opt/airflow/dags/jobs_dag.py for tasks to queue
[2024-06-08T16:13:40.242+0000] {logging_mixin.py:188} INFO - [2024-06-08T16:13:40.242+0000] {dagbag.py:545} INFO - Filling up the DagBag from /opt/airflow/dags/jobs_dag.py
[2024-06-08T16:13:40.268+0000] {processor.py:840} INFO - DAG(s) 'xdag_id_2', 'xdag_id_3', 'xdag_id_1' retrieved from /opt/airflow/dags/jobs_dag.py
[2024-06-08T16:13:40.451+0000] {logging_mixin.py:188} INFO - [2024-06-08T16:13:40.450+0000] {dag.py:3096} INFO - Sync 3 DAGs
[2024-06-08T16:13:40.466+0000] {logging_mixin.py:188} INFO - [2024-06-08T16:13:40.465+0000] {dag.py:3954} INFO - Setting next_dagrun for xdag_id_1 to None, run_after=None
[2024-06-08T16:13:40.471+0000] {logging_mixin.py:188} INFO - [2024-06-08T16:13:40.470+0000] {dag.py:3954} INFO - Setting next_dagrun for xdag_id_2 to None, run_after=None
[2024-06-08T16:13:40.473+0000] {logging_mixin.py:188} INFO - [2024-06-08T16:13:40.473+0000] {dag.py:3954} INFO - Setting next_dagrun for xdag_id_3 to None, run_after=None
[2024-06-08T16:13:40.500+0000] {processor.py:183} INFO - Processing /opt/airflow/dags/jobs_dag.py took 0.271 seconds
[2024-06-08T17:14:32.270+0000] {processor.py:161} INFO - Started process (PID=64302) to work on /opt/airflow/dags/jobs_dag.py
[2024-06-08T17:14:32.272+0000] {processor.py:830} INFO - Processing file /opt/airflow/dags/jobs_dag.py for tasks to queue
[2024-06-08T17:14:32.274+0000] {logging_mixin.py:188} INFO - [2024-06-08T17:14:32.273+0000] {dagbag.py:545} INFO - Filling up the DagBag from /opt/airflow/dags/jobs_dag.py
[2024-06-08T17:14:32.299+0000] {processor.py:840} INFO - DAG(s) 'xdag_id_3', 'xdag_id_1', 'xdag_id_2' retrieved from /opt/airflow/dags/jobs_dag.py
[2024-06-08T17:14:32.470+0000] {logging_mixin.py:188} INFO - [2024-06-08T17:14:32.470+0000] {dag.py:3096} INFO - Sync 3 DAGs
[2024-06-08T17:14:32.487+0000] {logging_mixin.py:188} INFO - [2024-06-08T17:14:32.486+0000] {dag.py:3954} INFO - Setting next_dagrun for xdag_id_1 to None, run_after=None
[2024-06-08T17:14:32.492+0000] {logging_mixin.py:188} INFO - [2024-06-08T17:14:32.492+0000] {dag.py:3954} INFO - Setting next_dagrun for xdag_id_2 to None, run_after=None
[2024-06-08T17:14:32.495+0000] {logging_mixin.py:188} INFO - [2024-06-08T17:14:32.494+0000] {dag.py:3954} INFO - Setting next_dagrun for xdag_id_3 to None, run_after=None
[2024-06-08T17:14:32.522+0000] {processor.py:183} INFO - Processing /opt/airflow/dags/jobs_dag.py took 0.261 seconds
[2024-06-08T18:08:34.585+0000] {processor.py:161} INFO - Started process (PID=64362) to work on /opt/airflow/dags/jobs_dag.py
[2024-06-08T18:08:34.640+0000] {processor.py:830} INFO - Processing file /opt/airflow/dags/jobs_dag.py for tasks to queue
[2024-06-08T18:08:34.686+0000] {logging_mixin.py:188} INFO - [2024-06-08T18:08:34.674+0000] {dagbag.py:545} INFO - Filling up the DagBag from /opt/airflow/dags/jobs_dag.py
[2024-06-08T18:08:35.028+0000] {processor.py:840} INFO - DAG(s) 'xdag_id_3', 'xdag_id_2', 'xdag_id_1' retrieved from /opt/airflow/dags/jobs_dag.py
[2024-06-08T18:08:36.304+0000] {logging_mixin.py:188} INFO - [2024-06-08T18:08:36.303+0000] {dag.py:3096} INFO - Sync 3 DAGs
[2024-06-08T18:08:36.358+0000] {logging_mixin.py:188} INFO - [2024-06-08T18:08:36.357+0000] {dag.py:3954} INFO - Setting next_dagrun for xdag_id_1 to None, run_after=None
[2024-06-08T18:08:36.373+0000] {logging_mixin.py:188} INFO - [2024-06-08T18:08:36.373+0000] {dag.py:3954} INFO - Setting next_dagrun for xdag_id_2 to None, run_after=None
[2024-06-08T18:08:36.397+0000] {logging_mixin.py:188} INFO - [2024-06-08T18:08:36.397+0000] {dag.py:3954} INFO - Setting next_dagrun for xdag_id_3 to None, run_after=None
[2024-06-08T18:08:36.495+0000] {processor.py:183} INFO - Processing /opt/airflow/dags/jobs_dag.py took 2.329 seconds
[2024-06-08T18:15:47.822+0000] {processor.py:161} INFO - Started process (PID=64422) to work on /opt/airflow/dags/jobs_dag.py
[2024-06-08T18:15:47.824+0000] {processor.py:830} INFO - Processing file /opt/airflow/dags/jobs_dag.py for tasks to queue
[2024-06-08T18:15:47.825+0000] {logging_mixin.py:188} INFO - [2024-06-08T18:15:47.825+0000] {dagbag.py:545} INFO - Filling up the DagBag from /opt/airflow/dags/jobs_dag.py
[2024-06-08T18:15:47.845+0000] {processor.py:840} INFO - DAG(s) 'xdag_id_2', 'xdag_id_3', 'xdag_id_1' retrieved from /opt/airflow/dags/jobs_dag.py
[2024-06-08T18:15:48.020+0000] {logging_mixin.py:188} INFO - [2024-06-08T18:15:48.020+0000] {dag.py:3096} INFO - Sync 3 DAGs
[2024-06-08T18:15:48.036+0000] {logging_mixin.py:188} INFO - [2024-06-08T18:15:48.036+0000] {dag.py:3954} INFO - Setting next_dagrun for xdag_id_1 to None, run_after=None
[2024-06-08T18:15:48.041+0000] {logging_mixin.py:188} INFO - [2024-06-08T18:15:48.040+0000] {dag.py:3954} INFO - Setting next_dagrun for xdag_id_2 to None, run_after=None
[2024-06-08T18:15:48.044+0000] {logging_mixin.py:188} INFO - [2024-06-08T18:15:48.043+0000] {dag.py:3954} INFO - Setting next_dagrun for xdag_id_3 to None, run_after=None
[2024-06-08T18:15:48.072+0000] {processor.py:183} INFO - Processing /opt/airflow/dags/jobs_dag.py took 0.257 seconds
[2024-06-08T18:52:14.117+0000] {processor.py:161} INFO - Started process (PID=64482) to work on /opt/airflow/dags/jobs_dag.py
[2024-06-08T18:52:14.123+0000] {processor.py:830} INFO - Processing file /opt/airflow/dags/jobs_dag.py for tasks to queue
[2024-06-08T18:52:14.127+0000] {logging_mixin.py:188} INFO - [2024-06-08T18:52:14.125+0000] {dagbag.py:545} INFO - Filling up the DagBag from /opt/airflow/dags/jobs_dag.py
[2024-06-08T18:52:14.300+0000] {processor.py:840} INFO - DAG(s) 'xdag_id_1', 'xdag_id_2', 'xdag_id_3' retrieved from /opt/airflow/dags/jobs_dag.py
[2024-06-08T18:52:14.672+0000] {logging_mixin.py:188} INFO - [2024-06-08T18:52:14.671+0000] {dag.py:3096} INFO - Sync 3 DAGs
[2024-06-08T18:52:14.689+0000] {logging_mixin.py:188} INFO - [2024-06-08T18:52:14.689+0000] {dag.py:3954} INFO - Setting next_dagrun for xdag_id_1 to None, run_after=None
[2024-06-08T18:52:14.694+0000] {logging_mixin.py:188} INFO - [2024-06-08T18:52:14.694+0000] {dag.py:3954} INFO - Setting next_dagrun for xdag_id_2 to None, run_after=None
[2024-06-08T18:52:14.697+0000] {logging_mixin.py:188} INFO - [2024-06-08T18:52:14.697+0000] {dag.py:3954} INFO - Setting next_dagrun for xdag_id_3 to None, run_after=None
[2024-06-08T18:52:14.730+0000] {processor.py:183} INFO - Processing /opt/airflow/dags/jobs_dag.py took 0.652 seconds
[2024-06-08T18:52:47.478+0000] {processor.py:161} INFO - Started process (PID=64542) to work on /opt/airflow/dags/jobs_dag.py
[2024-06-08T18:52:47.489+0000] {processor.py:830} INFO - Processing file /opt/airflow/dags/jobs_dag.py for tasks to queue
[2024-06-08T18:52:47.495+0000] {logging_mixin.py:188} INFO - [2024-06-08T18:52:47.493+0000] {dagbag.py:545} INFO - Filling up the DagBag from /opt/airflow/dags/jobs_dag.py
[2024-06-08T18:52:47.849+0000] {processor.py:840} INFO - DAG(s) 'xdag_id_2', 'xdag_id_3', 'xdag_id_1' retrieved from /opt/airflow/dags/jobs_dag.py
[2024-06-08T18:52:48.536+0000] {logging_mixin.py:188} INFO - [2024-06-08T18:52:48.536+0000] {dag.py:3096} INFO - Sync 3 DAGs
[2024-06-08T18:52:48.579+0000] {logging_mixin.py:188} INFO - [2024-06-08T18:52:48.578+0000] {dag.py:3954} INFO - Setting next_dagrun for xdag_id_1 to None, run_after=None
[2024-06-08T18:52:48.588+0000] {logging_mixin.py:188} INFO - [2024-06-08T18:52:48.587+0000] {dag.py:3954} INFO - Setting next_dagrun for xdag_id_2 to None, run_after=None
[2024-06-08T18:52:48.592+0000] {logging_mixin.py:188} INFO - [2024-06-08T18:52:48.591+0000] {dag.py:3954} INFO - Setting next_dagrun for xdag_id_3 to None, run_after=None
[2024-06-08T18:52:48.647+0000] {processor.py:183} INFO - Processing /opt/airflow/dags/jobs_dag.py took 1.306 seconds
[2024-06-08T19:12:38.656+0000] {processor.py:161} INFO - Started process (PID=64602) to work on /opt/airflow/dags/jobs_dag.py
[2024-06-08T19:12:38.657+0000] {processor.py:830} INFO - Processing file /opt/airflow/dags/jobs_dag.py for tasks to queue
[2024-06-08T19:12:38.659+0000] {logging_mixin.py:188} INFO - [2024-06-08T19:12:38.659+0000] {dagbag.py:545} INFO - Filling up the DagBag from /opt/airflow/dags/jobs_dag.py
[2024-06-08T19:12:38.680+0000] {processor.py:840} INFO - DAG(s) 'xdag_id_2', 'xdag_id_3', 'xdag_id_1' retrieved from /opt/airflow/dags/jobs_dag.py
[2024-06-08T19:12:38.855+0000] {logging_mixin.py:188} INFO - [2024-06-08T19:12:38.855+0000] {dag.py:3096} INFO - Sync 3 DAGs
[2024-06-08T19:12:38.870+0000] {logging_mixin.py:188} INFO - [2024-06-08T19:12:38.869+0000] {dag.py:3954} INFO - Setting next_dagrun for xdag_id_1 to None, run_after=None
[2024-06-08T19:12:38.874+0000] {logging_mixin.py:188} INFO - [2024-06-08T19:12:38.874+0000] {dag.py:3954} INFO - Setting next_dagrun for xdag_id_2 to None, run_after=None
[2024-06-08T19:12:38.876+0000] {logging_mixin.py:188} INFO - [2024-06-08T19:12:38.876+0000] {dag.py:3954} INFO - Setting next_dagrun for xdag_id_3 to None, run_after=None
[2024-06-08T19:12:38.903+0000] {processor.py:183} INFO - Processing /opt/airflow/dags/jobs_dag.py took 0.254 seconds
[2024-06-08T19:16:51.732+0000] {processor.py:161} INFO - Started process (PID=64662) to work on /opt/airflow/dags/jobs_dag.py
[2024-06-08T19:16:51.733+0000] {processor.py:830} INFO - Processing file /opt/airflow/dags/jobs_dag.py for tasks to queue
[2024-06-08T19:16:51.735+0000] {logging_mixin.py:188} INFO - [2024-06-08T19:16:51.735+0000] {dagbag.py:545} INFO - Filling up the DagBag from /opt/airflow/dags/jobs_dag.py
[2024-06-08T19:16:51.772+0000] {processor.py:840} INFO - DAG(s) 'xdag_id_2', 'xdag_id_1', 'xdag_id_3' retrieved from /opt/airflow/dags/jobs_dag.py
[2024-06-08T19:16:52.022+0000] {logging_mixin.py:188} INFO - [2024-06-08T19:16:52.022+0000] {dag.py:3096} INFO - Sync 3 DAGs
[2024-06-08T19:16:52.044+0000] {logging_mixin.py:188} INFO - [2024-06-08T19:16:52.044+0000] {dag.py:3954} INFO - Setting next_dagrun for xdag_id_1 to None, run_after=None
[2024-06-08T19:16:52.049+0000] {logging_mixin.py:188} INFO - [2024-06-08T19:16:52.048+0000] {dag.py:3954} INFO - Setting next_dagrun for xdag_id_2 to None, run_after=None
[2024-06-08T19:16:52.051+0000] {logging_mixin.py:188} INFO - [2024-06-08T19:16:52.051+0000] {dag.py:3954} INFO - Setting next_dagrun for xdag_id_3 to None, run_after=None
[2024-06-08T19:16:52.075+0000] {processor.py:183} INFO - Processing /opt/airflow/dags/jobs_dag.py took 0.352 seconds
[2024-06-08T20:17:48.071+0000] {processor.py:161} INFO - Started process (PID=64722) to work on /opt/airflow/dags/jobs_dag.py
[2024-06-08T20:17:48.077+0000] {processor.py:830} INFO - Processing file /opt/airflow/dags/jobs_dag.py for tasks to queue
[2024-06-08T20:17:48.081+0000] {logging_mixin.py:188} INFO - [2024-06-08T20:17:48.079+0000] {dagbag.py:545} INFO - Filling up the DagBag from /opt/airflow/dags/jobs_dag.py
[2024-06-08T20:17:48.159+0000] {processor.py:840} INFO - DAG(s) 'xdag_id_3', 'xdag_id_2', 'xdag_id_1' retrieved from /opt/airflow/dags/jobs_dag.py
[2024-06-08T20:17:48.633+0000] {logging_mixin.py:188} INFO - [2024-06-08T20:17:48.632+0000] {dag.py:3096} INFO - Sync 3 DAGs
[2024-06-08T20:17:48.661+0000] {logging_mixin.py:188} INFO - [2024-06-08T20:17:48.661+0000] {dag.py:3954} INFO - Setting next_dagrun for xdag_id_1 to None, run_after=None
[2024-06-08T20:17:48.667+0000] {logging_mixin.py:188} INFO - [2024-06-08T20:17:48.666+0000] {dag.py:3954} INFO - Setting next_dagrun for xdag_id_2 to None, run_after=None
[2024-06-08T20:17:48.670+0000] {logging_mixin.py:188} INFO - [2024-06-08T20:17:48.669+0000] {dag.py:3954} INFO - Setting next_dagrun for xdag_id_3 to None, run_after=None
[2024-06-08T20:17:48.709+0000] {processor.py:183} INFO - Processing /opt/airflow/dags/jobs_dag.py took 0.692 seconds
[2024-06-08T20:18:19.110+0000] {processor.py:161} INFO - Started process (PID=64782) to work on /opt/airflow/dags/jobs_dag.py
[2024-06-08T20:18:19.112+0000] {processor.py:830} INFO - Processing file /opt/airflow/dags/jobs_dag.py for tasks to queue
[2024-06-08T20:18:19.114+0000] {logging_mixin.py:188} INFO - [2024-06-08T20:18:19.113+0000] {dagbag.py:545} INFO - Filling up the DagBag from /opt/airflow/dags/jobs_dag.py
[2024-06-08T20:18:19.141+0000] {processor.py:840} INFO - DAG(s) 'xdag_id_2', 'xdag_id_1', 'xdag_id_3' retrieved from /opt/airflow/dags/jobs_dag.py
[2024-06-08T20:18:29.550+0000] {logging_mixin.py:188} INFO - [2024-06-08T20:18:29.541+0000] {dag.py:3096} INFO - Sync 3 DAGs
[2024-06-08T20:18:29.674+0000] {logging_mixin.py:188} INFO - [2024-06-08T20:18:29.673+0000] {dag.py:3954} INFO - Setting next_dagrun for xdag_id_1 to None, run_after=None
[2024-06-08T20:18:29.692+0000] {logging_mixin.py:188} INFO - [2024-06-08T20:18:29.691+0000] {dag.py:3954} INFO - Setting next_dagrun for xdag_id_2 to None, run_after=None
[2024-06-08T20:18:29.698+0000] {logging_mixin.py:188} INFO - [2024-06-08T20:18:29.697+0000] {dag.py:3954} INFO - Setting next_dagrun for xdag_id_3 to None, run_after=None
[2024-06-08T20:18:29.821+0000] {processor.py:183} INFO - Processing /opt/airflow/dags/jobs_dag.py took 10.718 seconds
