[2024-06-08T02:25:57.025+0000] {processor.py:161} INFO - Started process (PID=63163) to work on /opt/airflow/dags/trigger_dag.py
[2024-06-08T02:25:57.029+0000] {processor.py:830} INFO - Processing file /opt/airflow/dags/trigger_dag.py for tasks to queue
[2024-06-08T02:25:57.031+0000] {logging_mixin.py:188} INFO - [2024-06-08T02:25:57.030+0000] {dagbag.py:545} INFO - Filling up the DagBag from /opt/airflow/dags/trigger_dag.py
[2024-06-08T02:25:57.087+0000] {logging_mixin.py:188} INFO - [2024-06-08T02:25:57.086+0000] {crypto.py:82} WARNING - empty cryptography key - values will not be stored encrypted.
[2024-06-08T02:25:57.127+0000] {processor.py:840} INFO - DAG(s) 'trigger_dag_id' retrieved from /opt/airflow/dags/trigger_dag.py
[2024-06-08T02:25:57.360+0000] {logging_mixin.py:188} INFO - [2024-06-08T02:25:57.359+0000] {dag.py:3096} INFO - Sync 1 DAGs
[2024-06-08T02:25:57.383+0000] {logging_mixin.py:188} INFO - [2024-06-08T02:25:57.382+0000] {dag.py:3954} INFO - Setting next_dagrun for trigger_dag_id to None, run_after=None
[2024-06-08T02:25:57.415+0000] {processor.py:183} INFO - Processing /opt/airflow/dags/trigger_dag.py took 0.408 seconds
[2024-06-08T02:26:29.611+0000] {processor.py:161} INFO - Started process (PID=63223) to work on /opt/airflow/dags/trigger_dag.py
[2024-06-08T02:26:29.622+0000] {processor.py:830} INFO - Processing file /opt/airflow/dags/trigger_dag.py for tasks to queue
[2024-06-08T02:26:29.629+0000] {logging_mixin.py:188} INFO - [2024-06-08T02:26:29.626+0000] {dagbag.py:545} INFO - Filling up the DagBag from /opt/airflow/dags/trigger_dag.py
[2024-06-08T02:26:29.793+0000] {logging_mixin.py:188} INFO - [2024-06-08T02:26:29.793+0000] {crypto.py:82} WARNING - empty cryptography key - values will not be stored encrypted.
[2024-06-08T02:26:29.893+0000] {processor.py:840} INFO - DAG(s) 'trigger_dag_id' retrieved from /opt/airflow/dags/trigger_dag.py
[2024-06-08T02:26:30.385+0000] {logging_mixin.py:188} INFO - [2024-06-08T02:26:30.384+0000] {dag.py:3096} INFO - Sync 1 DAGs
[2024-06-08T02:26:30.416+0000] {logging_mixin.py:188} INFO - [2024-06-08T02:26:30.416+0000] {dag.py:3954} INFO - Setting next_dagrun for trigger_dag_id to None, run_after=None
[2024-06-08T02:26:30.462+0000] {processor.py:183} INFO - Processing /opt/airflow/dags/trigger_dag.py took 0.898 seconds
[2024-06-08T07:02:53.931+0000] {processor.py:161} INFO - Started process (PID=63282) to work on /opt/airflow/dags/trigger_dag.py
[2024-06-08T07:02:53.933+0000] {processor.py:830} INFO - Processing file /opt/airflow/dags/trigger_dag.py for tasks to queue
[2024-06-08T07:02:53.935+0000] {logging_mixin.py:188} INFO - [2024-06-08T07:02:53.934+0000] {dagbag.py:545} INFO - Filling up the DagBag from /opt/airflow/dags/trigger_dag.py
[2024-06-08T07:02:53.959+0000] {logging_mixin.py:188} INFO - [2024-06-08T07:02:53.958+0000] {crypto.py:82} WARNING - empty cryptography key - values will not be stored encrypted.
[2024-06-08T07:02:53.980+0000] {processor.py:840} INFO - DAG(s) 'trigger_dag_id' retrieved from /opt/airflow/dags/trigger_dag.py
[2024-06-08T07:02:54.135+0000] {logging_mixin.py:188} INFO - [2024-06-08T07:02:54.135+0000] {dag.py:3096} INFO - Sync 1 DAGs
[2024-06-08T07:02:54.153+0000] {logging_mixin.py:188} INFO - [2024-06-08T07:02:54.152+0000] {dag.py:3954} INFO - Setting next_dagrun for trigger_dag_id to None, run_after=None
[2024-06-08T07:02:54.178+0000] {processor.py:183} INFO - Processing /opt/airflow/dags/trigger_dag.py took 0.256 seconds
[2024-06-08T07:15:51.540+0000] {processor.py:161} INFO - Started process (PID=63342) to work on /opt/airflow/dags/trigger_dag.py
[2024-06-08T07:15:51.544+0000] {processor.py:830} INFO - Processing file /opt/airflow/dags/trigger_dag.py for tasks to queue
[2024-06-08T07:15:51.547+0000] {logging_mixin.py:188} INFO - [2024-06-08T07:15:51.546+0000] {dagbag.py:545} INFO - Filling up the DagBag from /opt/airflow/dags/trigger_dag.py
[2024-06-08T07:15:51.615+0000] {logging_mixin.py:188} INFO - [2024-06-08T07:15:51.615+0000] {crypto.py:82} WARNING - empty cryptography key - values will not be stored encrypted.
[2024-06-08T07:15:51.673+0000] {processor.py:840} INFO - DAG(s) 'trigger_dag_id' retrieved from /opt/airflow/dags/trigger_dag.py
[2024-06-08T07:15:51.922+0000] {logging_mixin.py:188} INFO - [2024-06-08T07:15:51.922+0000] {dag.py:3096} INFO - Sync 1 DAGs
[2024-06-08T07:15:51.948+0000] {logging_mixin.py:188} INFO - [2024-06-08T07:15:51.948+0000] {dag.py:3954} INFO - Setting next_dagrun for trigger_dag_id to None, run_after=None
[2024-06-08T07:15:51.984+0000] {processor.py:183} INFO - Processing /opt/airflow/dags/trigger_dag.py took 0.465 seconds
[2024-06-08T08:04:07.926+0000] {processor.py:161} INFO - Started process (PID=63402) to work on /opt/airflow/dags/trigger_dag.py
[2024-06-08T08:04:07.929+0000] {processor.py:830} INFO - Processing file /opt/airflow/dags/trigger_dag.py for tasks to queue
[2024-06-08T08:04:07.933+0000] {logging_mixin.py:188} INFO - [2024-06-08T08:04:07.931+0000] {dagbag.py:545} INFO - Filling up the DagBag from /opt/airflow/dags/trigger_dag.py
[2024-06-08T08:04:07.993+0000] {logging_mixin.py:188} INFO - [2024-06-08T08:04:07.992+0000] {crypto.py:82} WARNING - empty cryptography key - values will not be stored encrypted.
[2024-06-08T08:04:08.048+0000] {processor.py:840} INFO - DAG(s) 'trigger_dag_id' retrieved from /opt/airflow/dags/trigger_dag.py
[2024-06-08T08:04:08.326+0000] {logging_mixin.py:188} INFO - [2024-06-08T08:04:08.325+0000] {dag.py:3096} INFO - Sync 1 DAGs
[2024-06-08T08:04:08.353+0000] {logging_mixin.py:188} INFO - [2024-06-08T08:04:08.353+0000] {dag.py:3954} INFO - Setting next_dagrun for trigger_dag_id to None, run_after=None
[2024-06-08T08:04:08.392+0000] {processor.py:183} INFO - Processing /opt/airflow/dags/trigger_dag.py took 0.487 seconds
[2024-06-08T09:05:05.321+0000] {processor.py:161} INFO - Started process (PID=63462) to work on /opt/airflow/dags/trigger_dag.py
[2024-06-08T09:05:05.331+0000] {processor.py:830} INFO - Processing file /opt/airflow/dags/trigger_dag.py for tasks to queue
[2024-06-08T09:05:05.335+0000] {logging_mixin.py:188} INFO - [2024-06-08T09:05:05.333+0000] {dagbag.py:545} INFO - Filling up the DagBag from /opt/airflow/dags/trigger_dag.py
[2024-06-08T09:05:05.465+0000] {logging_mixin.py:188} INFO - [2024-06-08T09:05:05.464+0000] {crypto.py:82} WARNING - empty cryptography key - values will not be stored encrypted.
[2024-06-08T09:05:05.572+0000] {processor.py:840} INFO - DAG(s) 'trigger_dag_id' retrieved from /opt/airflow/dags/trigger_dag.py
[2024-06-08T09:05:06.138+0000] {logging_mixin.py:188} INFO - [2024-06-08T09:05:06.137+0000] {dag.py:3096} INFO - Sync 1 DAGs
[2024-06-08T09:05:06.179+0000] {logging_mixin.py:188} INFO - [2024-06-08T09:05:06.179+0000] {dag.py:3954} INFO - Setting next_dagrun for trigger_dag_id to None, run_after=None
[2024-06-08T09:05:06.280+0000] {processor.py:183} INFO - Processing /opt/airflow/dags/trigger_dag.py took 1.021 seconds
[2024-06-08T09:05:36.601+0000] {processor.py:161} INFO - Started process (PID=63522) to work on /opt/airflow/dags/trigger_dag.py
[2024-06-08T09:05:36.602+0000] {processor.py:830} INFO - Processing file /opt/airflow/dags/trigger_dag.py for tasks to queue
[2024-06-08T09:05:36.603+0000] {logging_mixin.py:188} INFO - [2024-06-08T09:05:36.603+0000] {dagbag.py:545} INFO - Filling up the DagBag from /opt/airflow/dags/trigger_dag.py
[2024-06-08T09:05:36.622+0000] {logging_mixin.py:188} INFO - [2024-06-08T09:05:36.622+0000] {crypto.py:82} WARNING - empty cryptography key - values will not be stored encrypted.
[2024-06-08T09:05:36.641+0000] {processor.py:840} INFO - DAG(s) 'trigger_dag_id' retrieved from /opt/airflow/dags/trigger_dag.py
[2024-06-08T09:05:36.765+0000] {logging_mixin.py:188} INFO - [2024-06-08T09:05:36.764+0000] {dag.py:3096} INFO - Sync 1 DAGs
[2024-06-08T09:05:36.779+0000] {logging_mixin.py:188} INFO - [2024-06-08T09:05:36.779+0000] {dag.py:3954} INFO - Setting next_dagrun for trigger_dag_id to None, run_after=None
[2024-06-08T09:05:36.805+0000] {processor.py:183} INFO - Processing /opt/airflow/dags/trigger_dag.py took 0.213 seconds
[2024-06-08T10:06:29.013+0000] {processor.py:161} INFO - Started process (PID=63582) to work on /opt/airflow/dags/trigger_dag.py
[2024-06-08T10:06:29.015+0000] {processor.py:830} INFO - Processing file /opt/airflow/dags/trigger_dag.py for tasks to queue
[2024-06-08T10:06:29.017+0000] {logging_mixin.py:188} INFO - [2024-06-08T10:06:29.016+0000] {dagbag.py:545} INFO - Filling up the DagBag from /opt/airflow/dags/trigger_dag.py
[2024-06-08T10:06:29.040+0000] {logging_mixin.py:188} INFO - [2024-06-08T10:06:29.039+0000] {crypto.py:82} WARNING - empty cryptography key - values will not be stored encrypted.
[2024-06-08T10:06:29.079+0000] {processor.py:840} INFO - DAG(s) 'trigger_dag_id' retrieved from /opt/airflow/dags/trigger_dag.py
[2024-06-08T10:06:29.307+0000] {logging_mixin.py:188} INFO - [2024-06-08T10:06:29.307+0000] {dag.py:3096} INFO - Sync 1 DAGs
[2024-06-08T10:06:29.324+0000] {logging_mixin.py:188} INFO - [2024-06-08T10:06:29.324+0000] {dag.py:3954} INFO - Setting next_dagrun for trigger_dag_id to None, run_after=None
[2024-06-08T10:06:29.411+0000] {processor.py:183} INFO - Processing /opt/airflow/dags/trigger_dag.py took 0.405 seconds
[2024-06-08T10:38:59.504+0000] {processor.py:161} INFO - Started process (PID=63642) to work on /opt/airflow/dags/trigger_dag.py
[2024-06-08T10:38:59.511+0000] {processor.py:830} INFO - Processing file /opt/airflow/dags/trigger_dag.py for tasks to queue
[2024-06-08T10:38:59.517+0000] {logging_mixin.py:188} INFO - [2024-06-08T10:38:59.515+0000] {dagbag.py:545} INFO - Filling up the DagBag from /opt/airflow/dags/trigger_dag.py
[2024-06-08T10:38:59.661+0000] {logging_mixin.py:188} INFO - [2024-06-08T10:38:59.660+0000] {crypto.py:82} WARNING - empty cryptography key - values will not be stored encrypted.
[2024-06-08T10:38:59.745+0000] {processor.py:840} INFO - DAG(s) 'trigger_dag_id' retrieved from /opt/airflow/dags/trigger_dag.py
[2024-06-08T10:39:00.336+0000] {logging_mixin.py:188} INFO - [2024-06-08T10:39:00.335+0000] {dag.py:3096} INFO - Sync 1 DAGs
[2024-06-08T10:39:00.381+0000] {logging_mixin.py:188} INFO - [2024-06-08T10:39:00.380+0000] {dag.py:3954} INFO - Setting next_dagrun for trigger_dag_id to None, run_after=None
[2024-06-08T10:39:00.447+0000] {processor.py:183} INFO - Processing /opt/airflow/dags/trigger_dag.py took 0.998 seconds
[2024-06-08T10:39:30.964+0000] {processor.py:161} INFO - Started process (PID=63702) to work on /opt/airflow/dags/trigger_dag.py
[2024-06-08T10:39:30.965+0000] {processor.py:830} INFO - Processing file /opt/airflow/dags/trigger_dag.py for tasks to queue
[2024-06-08T10:39:30.967+0000] {logging_mixin.py:188} INFO - [2024-06-08T10:39:30.966+0000] {dagbag.py:545} INFO - Filling up the DagBag from /opt/airflow/dags/trigger_dag.py
[2024-06-08T10:39:30.985+0000] {logging_mixin.py:188} INFO - [2024-06-08T10:39:30.985+0000] {crypto.py:82} WARNING - empty cryptography key - values will not be stored encrypted.
[2024-06-08T10:39:31.003+0000] {processor.py:840} INFO - DAG(s) 'trigger_dag_id' retrieved from /opt/airflow/dags/trigger_dag.py
[2024-06-08T10:39:31.128+0000] {logging_mixin.py:188} INFO - [2024-06-08T10:39:31.128+0000] {dag.py:3096} INFO - Sync 1 DAGs
[2024-06-08T10:39:31.142+0000] {logging_mixin.py:188} INFO - [2024-06-08T10:39:31.142+0000] {dag.py:3954} INFO - Setting next_dagrun for trigger_dag_id to None, run_after=None
[2024-06-08T10:39:31.168+0000] {processor.py:183} INFO - Processing /opt/airflow/dags/trigger_dag.py took 0.212 seconds
[2024-06-08T11:07:35.503+0000] {processor.py:161} INFO - Started process (PID=63762) to work on /opt/airflow/dags/trigger_dag.py
[2024-06-08T11:07:35.505+0000] {processor.py:830} INFO - Processing file /opt/airflow/dags/trigger_dag.py for tasks to queue
[2024-06-08T11:07:35.506+0000] {logging_mixin.py:188} INFO - [2024-06-08T11:07:35.506+0000] {dagbag.py:545} INFO - Filling up the DagBag from /opt/airflow/dags/trigger_dag.py
[2024-06-08T11:07:35.526+0000] {logging_mixin.py:188} INFO - [2024-06-08T11:07:35.525+0000] {crypto.py:82} WARNING - empty cryptography key - values will not be stored encrypted.
[2024-06-08T11:07:35.544+0000] {processor.py:840} INFO - DAG(s) 'trigger_dag_id' retrieved from /opt/airflow/dags/trigger_dag.py
[2024-06-08T11:07:35.682+0000] {logging_mixin.py:188} INFO - [2024-06-08T11:07:35.681+0000] {dag.py:3096} INFO - Sync 1 DAGs
[2024-06-08T11:07:35.696+0000] {logging_mixin.py:188} INFO - [2024-06-08T11:07:35.695+0000] {dag.py:3954} INFO - Setting next_dagrun for trigger_dag_id to None, run_after=None
[2024-06-08T11:07:35.720+0000] {processor.py:183} INFO - Processing /opt/airflow/dags/trigger_dag.py took 0.225 seconds
[2024-06-08T12:08:34.747+0000] {processor.py:161} INFO - Started process (PID=63823) to work on /opt/airflow/dags/trigger_dag.py
[2024-06-08T12:08:34.754+0000] {processor.py:830} INFO - Processing file /opt/airflow/dags/trigger_dag.py for tasks to queue
[2024-06-08T12:08:34.758+0000] {logging_mixin.py:188} INFO - [2024-06-08T12:08:34.756+0000] {dagbag.py:545} INFO - Filling up the DagBag from /opt/airflow/dags/trigger_dag.py
[2024-06-08T12:08:34.830+0000] {logging_mixin.py:188} INFO - [2024-06-08T12:08:34.829+0000] {crypto.py:82} WARNING - empty cryptography key - values will not be stored encrypted.
[2024-06-08T12:08:34.891+0000] {processor.py:840} INFO - DAG(s) 'trigger_dag_id' retrieved from /opt/airflow/dags/trigger_dag.py
[2024-06-08T12:08:35.274+0000] {logging_mixin.py:188} INFO - [2024-06-08T12:08:35.273+0000] {dag.py:3096} INFO - Sync 1 DAGs
[2024-06-08T12:08:35.345+0000] {logging_mixin.py:188} INFO - [2024-06-08T12:08:35.344+0000] {dag.py:3954} INFO - Setting next_dagrun for trigger_dag_id to None, run_after=None
[2024-06-08T12:08:35.390+0000] {processor.py:183} INFO - Processing /opt/airflow/dags/trigger_dag.py took 0.678 seconds
[2024-06-08T12:09:05.811+0000] {processor.py:161} INFO - Started process (PID=63883) to work on /opt/airflow/dags/trigger_dag.py
[2024-06-08T12:09:05.813+0000] {processor.py:830} INFO - Processing file /opt/airflow/dags/trigger_dag.py for tasks to queue
[2024-06-08T12:09:05.814+0000] {logging_mixin.py:188} INFO - [2024-06-08T12:09:05.814+0000] {dagbag.py:545} INFO - Filling up the DagBag from /opt/airflow/dags/trigger_dag.py
[2024-06-08T12:09:05.836+0000] {logging_mixin.py:188} INFO - [2024-06-08T12:09:05.835+0000] {crypto.py:82} WARNING - empty cryptography key - values will not be stored encrypted.
[2024-06-08T12:09:05.853+0000] {processor.py:840} INFO - DAG(s) 'trigger_dag_id' retrieved from /opt/airflow/dags/trigger_dag.py
[2024-06-08T12:09:05.979+0000] {logging_mixin.py:188} INFO - [2024-06-08T12:09:05.979+0000] {dag.py:3096} INFO - Sync 1 DAGs
[2024-06-08T12:09:05.992+0000] {logging_mixin.py:188} INFO - [2024-06-08T12:09:05.992+0000] {dag.py:3954} INFO - Setting next_dagrun for trigger_dag_id to None, run_after=None
[2024-06-08T12:09:06.016+0000] {processor.py:183} INFO - Processing /opt/airflow/dags/trigger_dag.py took 0.213 seconds
[2024-06-08T13:09:57.552+0000] {processor.py:161} INFO - Started process (PID=63943) to work on /opt/airflow/dags/trigger_dag.py
[2024-06-08T13:09:57.554+0000] {processor.py:830} INFO - Processing file /opt/airflow/dags/trigger_dag.py for tasks to queue
[2024-06-08T13:09:57.555+0000] {logging_mixin.py:188} INFO - [2024-06-08T13:09:57.555+0000] {dagbag.py:545} INFO - Filling up the DagBag from /opt/airflow/dags/trigger_dag.py
[2024-06-08T13:09:57.575+0000] {logging_mixin.py:188} INFO - [2024-06-08T13:09:57.575+0000] {crypto.py:82} WARNING - empty cryptography key - values will not be stored encrypted.
[2024-06-08T13:09:57.595+0000] {processor.py:840} INFO - DAG(s) 'trigger_dag_id' retrieved from /opt/airflow/dags/trigger_dag.py
[2024-06-08T13:09:57.739+0000] {logging_mixin.py:188} INFO - [2024-06-08T13:09:57.739+0000] {dag.py:3096} INFO - Sync 1 DAGs
[2024-06-08T13:09:57.755+0000] {logging_mixin.py:188} INFO - [2024-06-08T13:09:57.755+0000] {dag.py:3954} INFO - Setting next_dagrun for trigger_dag_id to None, run_after=None
[2024-06-08T13:09:57.778+0000] {processor.py:183} INFO - Processing /opt/airflow/dags/trigger_dag.py took 0.235 seconds
[2024-06-08T14:10:52.130+0000] {processor.py:161} INFO - Started process (PID=64003) to work on /opt/airflow/dags/trigger_dag.py
[2024-06-08T14:10:52.137+0000] {processor.py:830} INFO - Processing file /opt/airflow/dags/trigger_dag.py for tasks to queue
[2024-06-08T14:10:52.147+0000] {logging_mixin.py:188} INFO - [2024-06-08T14:10:52.143+0000] {dagbag.py:545} INFO - Filling up the DagBag from /opt/airflow/dags/trigger_dag.py
[2024-06-08T14:10:52.270+0000] {logging_mixin.py:188} INFO - [2024-06-08T14:10:52.269+0000] {crypto.py:82} WARNING - empty cryptography key - values will not be stored encrypted.
[2024-06-08T14:10:52.369+0000] {processor.py:840} INFO - DAG(s) 'trigger_dag_id' retrieved from /opt/airflow/dags/trigger_dag.py
[2024-06-08T14:10:52.790+0000] {logging_mixin.py:188} INFO - [2024-06-08T14:10:52.789+0000] {dag.py:3096} INFO - Sync 1 DAGs
[2024-06-08T14:10:52.825+0000] {logging_mixin.py:188} INFO - [2024-06-08T14:10:52.824+0000] {dag.py:3954} INFO - Setting next_dagrun for trigger_dag_id to None, run_after=None
[2024-06-08T14:10:52.871+0000] {processor.py:183} INFO - Processing /opt/airflow/dags/trigger_dag.py took 0.798 seconds
[2024-06-08T14:11:23.177+0000] {processor.py:161} INFO - Started process (PID=64063) to work on /opt/airflow/dags/trigger_dag.py
[2024-06-08T14:11:23.178+0000] {processor.py:830} INFO - Processing file /opt/airflow/dags/trigger_dag.py for tasks to queue
[2024-06-08T14:11:23.180+0000] {logging_mixin.py:188} INFO - [2024-06-08T14:11:23.179+0000] {dagbag.py:545} INFO - Filling up the DagBag from /opt/airflow/dags/trigger_dag.py
[2024-06-08T14:11:23.198+0000] {logging_mixin.py:188} INFO - [2024-06-08T14:11:23.197+0000] {crypto.py:82} WARNING - empty cryptography key - values will not be stored encrypted.
[2024-06-08T14:11:23.215+0000] {processor.py:840} INFO - DAG(s) 'trigger_dag_id' retrieved from /opt/airflow/dags/trigger_dag.py
[2024-06-08T14:11:23.341+0000] {logging_mixin.py:188} INFO - [2024-06-08T14:11:23.341+0000] {dag.py:3096} INFO - Sync 1 DAGs
[2024-06-08T14:11:23.355+0000] {logging_mixin.py:188} INFO - [2024-06-08T14:11:23.355+0000] {dag.py:3954} INFO - Setting next_dagrun for trigger_dag_id to None, run_after=None
[2024-06-08T14:11:23.381+0000] {processor.py:183} INFO - Processing /opt/airflow/dags/trigger_dag.py took 0.212 seconds
[2024-06-08T15:12:09.423+0000] {processor.py:161} INFO - Started process (PID=64123) to work on /opt/airflow/dags/trigger_dag.py
[2024-06-08T15:12:09.425+0000] {processor.py:830} INFO - Processing file /opt/airflow/dags/trigger_dag.py for tasks to queue
[2024-06-08T15:12:09.428+0000] {logging_mixin.py:188} INFO - [2024-06-08T15:12:09.427+0000] {dagbag.py:545} INFO - Filling up the DagBag from /opt/airflow/dags/trigger_dag.py
[2024-06-08T15:12:09.457+0000] {logging_mixin.py:188} INFO - [2024-06-08T15:12:09.457+0000] {crypto.py:82} WARNING - empty cryptography key - values will not be stored encrypted.
[2024-06-08T15:12:09.482+0000] {processor.py:840} INFO - DAG(s) 'trigger_dag_id' retrieved from /opt/airflow/dags/trigger_dag.py
[2024-06-08T15:12:09.672+0000] {logging_mixin.py:188} INFO - [2024-06-08T15:12:09.672+0000] {dag.py:3096} INFO - Sync 1 DAGs
[2024-06-08T15:12:09.689+0000] {logging_mixin.py:188} INFO - [2024-06-08T15:12:09.689+0000] {dag.py:3954} INFO - Setting next_dagrun for trigger_dag_id to None, run_after=None
[2024-06-08T15:12:09.716+0000] {processor.py:183} INFO - Processing /opt/airflow/dags/trigger_dag.py took 0.304 seconds
[2024-06-08T16:13:09.260+0000] {processor.py:161} INFO - Started process (PID=64183) to work on /opt/airflow/dags/trigger_dag.py
[2024-06-08T16:13:09.266+0000] {processor.py:830} INFO - Processing file /opt/airflow/dags/trigger_dag.py for tasks to queue
[2024-06-08T16:13:09.270+0000] {logging_mixin.py:188} INFO - [2024-06-08T16:13:09.269+0000] {dagbag.py:545} INFO - Filling up the DagBag from /opt/airflow/dags/trigger_dag.py
[2024-06-08T16:13:09.339+0000] {logging_mixin.py:188} INFO - [2024-06-08T16:13:09.338+0000] {crypto.py:82} WARNING - empty cryptography key - values will not be stored encrypted.
[2024-06-08T16:13:09.412+0000] {processor.py:840} INFO - DAG(s) 'trigger_dag_id' retrieved from /opt/airflow/dags/trigger_dag.py
[2024-06-08T16:13:09.834+0000] {logging_mixin.py:188} INFO - [2024-06-08T16:13:09.833+0000] {dag.py:3096} INFO - Sync 1 DAGs
[2024-06-08T16:13:09.875+0000] {logging_mixin.py:188} INFO - [2024-06-08T16:13:09.875+0000] {dag.py:3954} INFO - Setting next_dagrun for trigger_dag_id to None, run_after=None
[2024-06-08T16:13:09.925+0000] {processor.py:183} INFO - Processing /opt/airflow/dags/trigger_dag.py took 0.695 seconds
[2024-06-08T16:13:40.249+0000] {processor.py:161} INFO - Started process (PID=64243) to work on /opt/airflow/dags/trigger_dag.py
[2024-06-08T16:13:40.251+0000] {processor.py:830} INFO - Processing file /opt/airflow/dags/trigger_dag.py for tasks to queue
[2024-06-08T16:13:40.253+0000] {logging_mixin.py:188} INFO - [2024-06-08T16:13:40.252+0000] {dagbag.py:545} INFO - Filling up the DagBag from /opt/airflow/dags/trigger_dag.py
[2024-06-08T16:13:40.279+0000] {logging_mixin.py:188} INFO - [2024-06-08T16:13:40.278+0000] {crypto.py:82} WARNING - empty cryptography key - values will not be stored encrypted.
[2024-06-08T16:13:40.300+0000] {processor.py:840} INFO - DAG(s) 'trigger_dag_id' retrieved from /opt/airflow/dags/trigger_dag.py
[2024-06-08T16:13:40.425+0000] {logging_mixin.py:188} INFO - [2024-06-08T16:13:40.425+0000] {dag.py:3096} INFO - Sync 1 DAGs
[2024-06-08T16:13:40.440+0000] {logging_mixin.py:188} INFO - [2024-06-08T16:13:40.439+0000] {dag.py:3954} INFO - Setting next_dagrun for trigger_dag_id to None, run_after=None
[2024-06-08T16:13:40.464+0000] {processor.py:183} INFO - Processing /opt/airflow/dags/trigger_dag.py took 0.224 seconds
[2024-06-08T17:14:32.283+0000] {processor.py:161} INFO - Started process (PID=64303) to work on /opt/airflow/dags/trigger_dag.py
[2024-06-08T17:14:32.285+0000] {processor.py:830} INFO - Processing file /opt/airflow/dags/trigger_dag.py for tasks to queue
[2024-06-08T17:14:32.286+0000] {logging_mixin.py:188} INFO - [2024-06-08T17:14:32.286+0000] {dagbag.py:545} INFO - Filling up the DagBag from /opt/airflow/dags/trigger_dag.py
[2024-06-08T17:14:32.307+0000] {logging_mixin.py:188} INFO - [2024-06-08T17:14:32.306+0000] {crypto.py:82} WARNING - empty cryptography key - values will not be stored encrypted.
[2024-06-08T17:14:32.324+0000] {processor.py:840} INFO - DAG(s) 'trigger_dag_id' retrieved from /opt/airflow/dags/trigger_dag.py
[2024-06-08T17:14:32.447+0000] {logging_mixin.py:188} INFO - [2024-06-08T17:14:32.446+0000] {dag.py:3096} INFO - Sync 1 DAGs
[2024-06-08T17:14:32.463+0000] {logging_mixin.py:188} INFO - [2024-06-08T17:14:32.463+0000] {dag.py:3954} INFO - Setting next_dagrun for trigger_dag_id to None, run_after=None
[2024-06-08T17:14:32.487+0000] {processor.py:183} INFO - Processing /opt/airflow/dags/trigger_dag.py took 0.213 seconds
[2024-06-08T18:08:34.885+0000] {processor.py:161} INFO - Started process (PID=64363) to work on /opt/airflow/dags/trigger_dag.py
[2024-06-08T18:08:34.927+0000] {processor.py:830} INFO - Processing file /opt/airflow/dags/trigger_dag.py for tasks to queue
[2024-06-08T18:08:34.938+0000] {logging_mixin.py:188} INFO - [2024-06-08T18:08:34.936+0000] {dagbag.py:545} INFO - Filling up the DagBag from /opt/airflow/dags/trigger_dag.py
[2024-06-08T18:08:35.209+0000] {logging_mixin.py:188} INFO - [2024-06-08T18:08:35.208+0000] {crypto.py:82} WARNING - empty cryptography key - values will not be stored encrypted.
[2024-06-08T18:08:35.375+0000] {processor.py:840} INFO - DAG(s) 'trigger_dag_id' retrieved from /opt/airflow/dags/trigger_dag.py
[2024-06-08T18:08:36.205+0000] {logging_mixin.py:188} INFO - [2024-06-08T18:08:36.205+0000] {dag.py:3096} INFO - Sync 1 DAGs
[2024-06-08T18:08:36.320+0000] {logging_mixin.py:188} INFO - [2024-06-08T18:08:36.320+0000] {dag.py:3954} INFO - Setting next_dagrun for trigger_dag_id to None, run_after=None
[2024-06-08T18:08:36.398+0000] {processor.py:183} INFO - Processing /opt/airflow/dags/trigger_dag.py took 1.613 seconds
[2024-06-08T18:15:47.828+0000] {processor.py:161} INFO - Started process (PID=64423) to work on /opt/airflow/dags/trigger_dag.py
[2024-06-08T18:15:47.829+0000] {processor.py:830} INFO - Processing file /opt/airflow/dags/trigger_dag.py for tasks to queue
[2024-06-08T18:15:47.831+0000] {logging_mixin.py:188} INFO - [2024-06-08T18:15:47.830+0000] {dagbag.py:545} INFO - Filling up the DagBag from /opt/airflow/dags/trigger_dag.py
[2024-06-08T18:15:47.849+0000] {logging_mixin.py:188} INFO - [2024-06-08T18:15:47.848+0000] {crypto.py:82} WARNING - empty cryptography key - values will not be stored encrypted.
[2024-06-08T18:15:47.867+0000] {processor.py:840} INFO - DAG(s) 'trigger_dag_id' retrieved from /opt/airflow/dags/trigger_dag.py
[2024-06-08T18:15:47.992+0000] {logging_mixin.py:188} INFO - [2024-06-08T18:15:47.991+0000] {dag.py:3096} INFO - Sync 1 DAGs
[2024-06-08T18:15:48.006+0000] {logging_mixin.py:188} INFO - [2024-06-08T18:15:48.006+0000] {dag.py:3954} INFO - Setting next_dagrun for trigger_dag_id to None, run_after=None
[2024-06-08T18:15:48.031+0000] {processor.py:183} INFO - Processing /opt/airflow/dags/trigger_dag.py took 0.210 seconds
[2024-06-08T18:52:14.165+0000] {processor.py:161} INFO - Started process (PID=64483) to work on /opt/airflow/dags/trigger_dag.py
[2024-06-08T18:52:14.169+0000] {processor.py:830} INFO - Processing file /opt/airflow/dags/trigger_dag.py for tasks to queue
[2024-06-08T18:52:14.174+0000] {logging_mixin.py:188} INFO - [2024-06-08T18:52:14.173+0000] {dagbag.py:545} INFO - Filling up the DagBag from /opt/airflow/dags/trigger_dag.py
[2024-06-08T18:52:14.268+0000] {logging_mixin.py:188} INFO - [2024-06-08T18:52:14.267+0000] {crypto.py:82} WARNING - empty cryptography key - values will not be stored encrypted.
[2024-06-08T18:52:14.333+0000] {processor.py:840} INFO - DAG(s) 'trigger_dag_id' retrieved from /opt/airflow/dags/trigger_dag.py
[2024-06-08T18:52:14.624+0000] {logging_mixin.py:188} INFO - [2024-06-08T18:52:14.624+0000] {dag.py:3096} INFO - Sync 1 DAGs
[2024-06-08T18:52:14.646+0000] {logging_mixin.py:188} INFO - [2024-06-08T18:52:14.646+0000] {dag.py:3954} INFO - Setting next_dagrun for trigger_dag_id to None, run_after=None
[2024-06-08T18:52:14.676+0000] {processor.py:183} INFO - Processing /opt/airflow/dags/trigger_dag.py took 0.571 seconds
[2024-06-08T18:52:47.509+0000] {processor.py:161} INFO - Started process (PID=64543) to work on /opt/airflow/dags/trigger_dag.py
[2024-06-08T18:52:47.514+0000] {processor.py:830} INFO - Processing file /opt/airflow/dags/trigger_dag.py for tasks to queue
[2024-06-08T18:52:47.520+0000] {logging_mixin.py:188} INFO - [2024-06-08T18:52:47.517+0000] {dagbag.py:545} INFO - Filling up the DagBag from /opt/airflow/dags/trigger_dag.py
[2024-06-08T18:52:47.816+0000] {logging_mixin.py:188} INFO - [2024-06-08T18:52:47.815+0000] {crypto.py:82} WARNING - empty cryptography key - values will not be stored encrypted.
[2024-06-08T18:52:47.912+0000] {processor.py:840} INFO - DAG(s) 'trigger_dag_id' retrieved from /opt/airflow/dags/trigger_dag.py
[2024-06-08T18:52:48.424+0000] {logging_mixin.py:188} INFO - [2024-06-08T18:52:48.423+0000] {dag.py:3096} INFO - Sync 1 DAGs
[2024-06-08T18:52:48.470+0000] {logging_mixin.py:188} INFO - [2024-06-08T18:52:48.469+0000] {dag.py:3954} INFO - Setting next_dagrun for trigger_dag_id to None, run_after=None
[2024-06-08T18:52:48.535+0000] {processor.py:183} INFO - Processing /opt/airflow/dags/trigger_dag.py took 1.055 seconds
[2024-06-08T19:12:38.665+0000] {processor.py:161} INFO - Started process (PID=64603) to work on /opt/airflow/dags/trigger_dag.py
[2024-06-08T19:12:38.666+0000] {processor.py:830} INFO - Processing file /opt/airflow/dags/trigger_dag.py for tasks to queue
[2024-06-08T19:12:38.668+0000] {logging_mixin.py:188} INFO - [2024-06-08T19:12:38.667+0000] {dagbag.py:545} INFO - Filling up the DagBag from /opt/airflow/dags/trigger_dag.py
[2024-06-08T19:12:38.687+0000] {logging_mixin.py:188} INFO - [2024-06-08T19:12:38.687+0000] {crypto.py:82} WARNING - empty cryptography key - values will not be stored encrypted.
[2024-06-08T19:12:38.704+0000] {processor.py:840} INFO - DAG(s) 'trigger_dag_id' retrieved from /opt/airflow/dags/trigger_dag.py
[2024-06-08T19:12:38.829+0000] {logging_mixin.py:188} INFO - [2024-06-08T19:12:38.829+0000] {dag.py:3096} INFO - Sync 1 DAGs
[2024-06-08T19:12:38.843+0000] {logging_mixin.py:188} INFO - [2024-06-08T19:12:38.843+0000] {dag.py:3954} INFO - Setting next_dagrun for trigger_dag_id to None, run_after=None
[2024-06-08T19:12:38.867+0000] {processor.py:183} INFO - Processing /opt/airflow/dags/trigger_dag.py took 0.210 seconds
[2024-06-08T19:16:51.743+0000] {processor.py:161} INFO - Started process (PID=64663) to work on /opt/airflow/dags/trigger_dag.py
[2024-06-08T19:16:51.745+0000] {processor.py:830} INFO - Processing file /opt/airflow/dags/trigger_dag.py for tasks to queue
[2024-06-08T19:16:51.746+0000] {logging_mixin.py:188} INFO - [2024-06-08T19:16:51.746+0000] {dagbag.py:545} INFO - Filling up the DagBag from /opt/airflow/dags/trigger_dag.py
[2024-06-08T19:16:51.770+0000] {logging_mixin.py:188} INFO - [2024-06-08T19:16:51.770+0000] {crypto.py:82} WARNING - empty cryptography key - values will not be stored encrypted.
[2024-06-08T19:16:51.794+0000] {processor.py:840} INFO - DAG(s) 'trigger_dag_id' retrieved from /opt/airflow/dags/trigger_dag.py
[2024-06-08T19:16:51.984+0000] {logging_mixin.py:188} INFO - [2024-06-08T19:16:51.983+0000] {dag.py:3096} INFO - Sync 1 DAGs
[2024-06-08T19:16:52.004+0000] {logging_mixin.py:188} INFO - [2024-06-08T19:16:52.004+0000] {dag.py:3954} INFO - Setting next_dagrun for trigger_dag_id to None, run_after=None
[2024-06-08T19:16:52.037+0000] {processor.py:183} INFO - Processing /opt/airflow/dags/trigger_dag.py took 0.301 seconds
[2024-06-08T20:17:48.088+0000] {processor.py:161} INFO - Started process (PID=64723) to work on /opt/airflow/dags/trigger_dag.py
[2024-06-08T20:17:48.093+0000] {processor.py:830} INFO - Processing file /opt/airflow/dags/trigger_dag.py for tasks to queue
[2024-06-08T20:17:48.096+0000] {logging_mixin.py:188} INFO - [2024-06-08T20:17:48.094+0000] {dagbag.py:545} INFO - Filling up the DagBag from /opt/airflow/dags/trigger_dag.py
[2024-06-08T20:17:48.161+0000] {logging_mixin.py:188} INFO - [2024-06-08T20:17:48.160+0000] {crypto.py:82} WARNING - empty cryptography key - values will not be stored encrypted.
[2024-06-08T20:17:48.241+0000] {processor.py:840} INFO - DAG(s) 'trigger_dag_id' retrieved from /opt/airflow/dags/trigger_dag.py
[2024-06-08T20:17:48.569+0000] {logging_mixin.py:188} INFO - [2024-06-08T20:17:48.569+0000] {dag.py:3096} INFO - Sync 1 DAGs
[2024-06-08T20:17:48.606+0000] {logging_mixin.py:188} INFO - [2024-06-08T20:17:48.605+0000] {dag.py:3954} INFO - Setting next_dagrun for trigger_dag_id to None, run_after=None
[2024-06-08T20:17:48.652+0000] {processor.py:183} INFO - Processing /opt/airflow/dags/trigger_dag.py took 0.609 seconds
[2024-06-08T20:18:19.120+0000] {processor.py:161} INFO - Started process (PID=64783) to work on /opt/airflow/dags/trigger_dag.py
[2024-06-08T20:18:19.122+0000] {processor.py:830} INFO - Processing file /opt/airflow/dags/trigger_dag.py for tasks to queue
[2024-06-08T20:18:19.129+0000] {logging_mixin.py:188} INFO - [2024-06-08T20:18:19.129+0000] {dagbag.py:545} INFO - Filling up the DagBag from /opt/airflow/dags/trigger_dag.py
[2024-06-08T20:18:19.149+0000] {logging_mixin.py:188} INFO - [2024-06-08T20:18:19.149+0000] {crypto.py:82} WARNING - empty cryptography key - values will not be stored encrypted.
[2024-06-08T20:18:19.165+0000] {processor.py:840} INFO - DAG(s) 'trigger_dag_id' retrieved from /opt/airflow/dags/trigger_dag.py
[2024-06-08T20:18:29.154+0000] {logging_mixin.py:188} INFO - [2024-06-08T20:18:29.139+0000] {dag.py:3096} INFO - Sync 1 DAGs
[2024-06-08T20:18:29.492+0000] {logging_mixin.py:188} INFO - [2024-06-08T20:18:29.491+0000] {dag.py:3954} INFO - Setting next_dagrun for trigger_dag_id to None, run_after=None
[2024-06-08T20:18:29.813+0000] {processor.py:183} INFO - Processing /opt/airflow/dags/trigger_dag.py took 10.701 seconds
