[2024-06-05T10:02:56.119+0000] {local_task_job_runner.py:120} INFO - ::group::Pre task execution logs
[2024-06-05T10:02:56.155+0000] {taskinstance.py:2076} INFO - Dependencies all met for dep_context=non-requeueable deps ti=<TaskInstance: trigger_dag_id.task_troup.dag_1_task_sensor manual__2024-06-05T10:02:46.797917+00:00 [queued]>
[2024-06-05T10:02:56.167+0000] {taskinstance.py:2076} INFO - Dependencies all met for dep_context=requeueable deps ti=<TaskInstance: trigger_dag_id.task_troup.dag_1_task_sensor manual__2024-06-05T10:02:46.797917+00:00 [queued]>
[2024-06-05T10:02:56.168+0000] {taskinstance.py:2306} INFO - Starting attempt 1 of 1
[2024-06-05T10:02:56.185+0000] {taskinstance.py:2330} INFO - Executing <Task(ExternalTaskSensor): task_troup.dag_1_task_sensor> on 2024-06-05 10:02:46.797917+00:00
[2024-06-05T10:02:56.194+0000] {warnings.py:110} WARNING - /home/***/.local/lib/python3.12/site-packages/***/task/task_runner/standard_task_runner.py:61: DeprecationWarning: This process (pid=1813) is multi-threaded, use of fork() may lead to deadlocks in the child.
  pid = os.fork()

[2024-06-05T10:02:56.197+0000] {standard_task_runner.py:63} INFO - Started process 1816 to run task
[2024-06-05T10:02:56.196+0000] {standard_task_runner.py:90} INFO - Running: ['***', 'tasks', 'run', 'trigger_dag_id', 'task_troup.dag_1_task_sensor', 'manual__2024-06-05T10:02:46.797917+00:00', '--job-id', '304', '--raw', '--subdir', 'DAGS_FOLDER/trigger_dag.py', '--cfg-path', '/tmp/tmpa2jk7hif']
[2024-06-05T10:02:56.200+0000] {standard_task_runner.py:91} INFO - Job 304: Subtask task_troup.dag_1_task_sensor
[2024-06-05T10:02:56.253+0000] {task_command.py:426} INFO - Running <TaskInstance: trigger_dag_id.task_troup.dag_1_task_sensor manual__2024-06-05T10:02:46.797917+00:00 [running]> on host db8c7b709f57
[2024-06-05T10:02:56.420+0000] {taskinstance.py:2648} INFO - Exporting env vars: AIRFLOW_CTX_DAG_OWNER='***' AIRFLOW_CTX_DAG_ID='trigger_dag_id' AIRFLOW_CTX_TASK_ID='task_troup.dag_1_task_sensor' AIRFLOW_CTX_EXECUTION_DATE='2024-06-05T10:02:46.797917+00:00' AIRFLOW_CTX_TRY_NUMBER='1' AIRFLOW_CTX_DAG_RUN_ID='manual__2024-06-05T10:02:46.797917+00:00'
[2024-06-05T10:02:56.425+0000] {taskinstance.py:430} INFO - ::endgroup::
[2024-06-05T10:02:56.426+0000] {baseoperator.py:399} WARNING - ExternalTaskSensor.execute cannot be called outside TaskInstance!
[2024-06-05T10:02:56.427+0000] {external_task.py:274} INFO - Poking for DAG 'xdag_id_1' on 2024-06-05T10:03:46.797917+00:00 ... 
[2024-06-05T10:02:56.428+0000] {warnings.py:110} WARNING - /home/***/.local/lib/python3.12/site-packages/***/utils/session.py:79: DeprecationWarning: This method is deprecated and will be removed in future.
  return func(*args, session=session, **kwargs)

[2024-06-05T10:03:56.454+0000] {external_task.py:274} INFO - Poking for DAG 'xdag_id_1' on 2024-06-05T10:03:46.797917+00:00 ... 
[2024-06-05T10:04:56.467+0000] {external_task.py:274} INFO - Poking for DAG 'xdag_id_1' on 2024-06-05T10:03:46.797917+00:00 ... 
[2024-06-05T10:05:56.487+0000] {external_task.py:274} INFO - Poking for DAG 'xdag_id_1' on 2024-06-05T10:03:46.797917+00:00 ... 
[2024-06-05T10:06:56.504+0000] {external_task.py:274} INFO - Poking for DAG 'xdag_id_1' on 2024-06-05T10:03:46.797917+00:00 ... 
[2024-06-05T10:07:56.521+0000] {external_task.py:274} INFO - Poking for DAG 'xdag_id_1' on 2024-06-05T10:03:46.797917+00:00 ... 
[2024-06-05T10:08:56.540+0000] {external_task.py:274} INFO - Poking for DAG 'xdag_id_1' on 2024-06-05T10:03:46.797917+00:00 ... 
[2024-06-05T10:09:56.558+0000] {external_task.py:274} INFO - Poking for DAG 'xdag_id_1' on 2024-06-05T10:03:46.797917+00:00 ... 
[2024-06-05T10:10:56.564+0000] {external_task.py:274} INFO - Poking for DAG 'xdag_id_1' on 2024-06-05T10:03:46.797917+00:00 ... 
[2024-06-05T10:11:56.565+0000] {external_task.py:274} INFO - Poking for DAG 'xdag_id_1' on 2024-06-05T10:03:46.797917+00:00 ... 
[2024-06-05T10:12:56.582+0000] {external_task.py:274} INFO - Poking for DAG 'xdag_id_1' on 2024-06-05T10:03:46.797917+00:00 ... 
[2024-06-05T10:13:56.600+0000] {external_task.py:274} INFO - Poking for DAG 'xdag_id_1' on 2024-06-05T10:03:46.797917+00:00 ... 
[2024-06-05T10:14:56.621+0000] {external_task.py:274} INFO - Poking for DAG 'xdag_id_1' on 2024-06-05T10:03:46.797917+00:00 ... 
[2024-06-05T10:15:56.638+0000] {external_task.py:274} INFO - Poking for DAG 'xdag_id_1' on 2024-06-05T10:03:46.797917+00:00 ... 
[2024-06-05T10:16:56.655+0000] {external_task.py:274} INFO - Poking for DAG 'xdag_id_1' on 2024-06-05T10:03:46.797917+00:00 ... 
[2024-06-05T10:17:19.251+0000] {local_task_job_runner.py:310} WARNING - State of this instance has been externally set to failed. Terminating instance.
[2024-06-05T10:17:19.258+0000] {local_task_job_runner.py:222} INFO - ::endgroup::
[2024-06-05T10:17:19.263+0000] {process_utils.py:132} INFO - Sending 15 to group 1816. PIDs of all processes in the group: [1816]
[2024-06-05T10:17:19.264+0000] {process_utils.py:87} INFO - Sending the signal 15 to group 1816
[2024-06-05T10:17:19.265+0000] {taskinstance.py:2611} ERROR - Received SIGTERM. Terminating subprocesses.
[2024-06-05T10:17:19.267+0000] {taskinstance.py:441} INFO - ::group::Post task execution logs
[2024-06-05T10:17:19.363+0000] {process_utils.py:80} INFO - Process psutil.Process(pid=1816, status='terminated', exitcode=0, started='10:02:55') (1816) terminated with exit code 0
