[2024-06-04T17:24:58.455+0000] {local_task_job_runner.py:120} INFO - ::group::Pre task execution logs
[2024-06-04T17:24:58.515+0000] {taskinstance.py:2076} INFO - Dependencies all met for dep_context=non-requeueable deps ti=<TaskInstance: trigger_dag_id.file_sensor manual__2024-06-04T17:24:55.356386+00:00 [queued]>
[2024-06-04T17:24:58.535+0000] {taskinstance.py:2076} INFO - Dependencies all met for dep_context=requeueable deps ti=<TaskInstance: trigger_dag_id.file_sensor manual__2024-06-04T17:24:55.356386+00:00 [queued]>
[2024-06-04T17:24:58.536+0000] {taskinstance.py:2306} INFO - Starting attempt 1 of 1
[2024-06-04T17:24:58.567+0000] {taskinstance.py:2330} INFO - Executing <Task(FileSensor): file_sensor> on 2024-06-04 17:24:55.356386+00:00
[2024-06-04T17:24:58.582+0000] {warnings.py:110} WARNING - /home/***/.local/lib/python3.12/site-packages/***/task/task_runner/standard_task_runner.py:61: DeprecationWarning: This process (pid=121) is multi-threaded, use of fork() may lead to deadlocks in the child.
  pid = os.fork()

[2024-06-04T17:24:58.585+0000] {standard_task_runner.py:63} INFO - Started process 125 to run task
[2024-06-04T17:24:58.586+0000] {standard_task_runner.py:90} INFO - Running: ['***', 'tasks', 'run', 'trigger_dag_id', 'file_sensor', 'manual__2024-06-04T17:24:55.356386+00:00', '--job-id', '133', '--raw', '--subdir', 'DAGS_FOLDER/trigger_dag.py', '--cfg-path', '/tmp/tmpdz1__ruk']
[2024-06-04T17:24:58.592+0000] {standard_task_runner.py:91} INFO - Job 133: Subtask file_sensor
[2024-06-04T17:24:58.689+0000] {task_command.py:426} INFO - Running <TaskInstance: trigger_dag_id.file_sensor manual__2024-06-04T17:24:55.356386+00:00 [running]> on host 9ec08236cafd
[2024-06-04T17:24:58.925+0000] {taskinstance.py:2648} INFO - Exporting env vars: AIRFLOW_CTX_DAG_OWNER='***' AIRFLOW_CTX_DAG_ID='trigger_dag_id' AIRFLOW_CTX_TASK_ID='file_sensor' AIRFLOW_CTX_EXECUTION_DATE='2024-06-04T17:24:55.356386+00:00' AIRFLOW_CTX_TRY_NUMBER='1' AIRFLOW_CTX_DAG_RUN_ID='manual__2024-06-04T17:24:55.356386+00:00'
[2024-06-04T17:24:58.930+0000] {taskinstance.py:430} INFO - ::endgroup::
[2024-06-04T17:24:58.933+0000] {baseoperator.py:399} WARNING - FileSensor.execute cannot be called outside TaskInstance!
[2024-06-04T17:24:58.959+0000] {base.py:84} INFO - Using connection ID 'fs_default' for task execution.
[2024-06-04T17:24:58.960+0000] {filesystem.py:85} INFO - Poking for file /Users/pbednarski/Desktop/TRIGGER_FILE
[2024-06-04T17:25:58.972+0000] {filesystem.py:85} INFO - Poking for file /Users/pbednarski/Desktop/TRIGGER_FILE
[2024-06-04T17:26:59.006+0000] {filesystem.py:85} INFO - Poking for file /Users/pbednarski/Desktop/TRIGGER_FILE
[2024-06-04T17:27:59.010+0000] {filesystem.py:85} INFO - Poking for file /Users/pbednarski/Desktop/TRIGGER_FILE
[2024-06-04T17:28:59.019+0000] {filesystem.py:85} INFO - Poking for file /Users/pbednarski/Desktop/TRIGGER_FILE
[2024-06-04T17:29:59.076+0000] {filesystem.py:85} INFO - Poking for file /Users/pbednarski/Desktop/TRIGGER_FILE
[2024-06-04T17:30:17.846+0000] {local_task_job_runner.py:310} WARNING - State of this instance has been externally set to failed. Terminating instance.
[2024-06-04T17:30:17.922+0000] {local_task_job_runner.py:222} INFO - ::endgroup::
[2024-06-04T17:30:17.933+0000] {process_utils.py:132} INFO - Sending 15 to group 125. PIDs of all processes in the group: [125]
[2024-06-04T17:30:17.938+0000] {process_utils.py:87} INFO - Sending the signal 15 to group 125
[2024-06-04T17:30:17.941+0000] {taskinstance.py:2611} ERROR - Received SIGTERM. Terminating subprocesses.
[2024-06-04T17:30:17.949+0000] {taskinstance.py:441} INFO - ::group::Post task execution logs
[2024-06-04T17:30:18.284+0000] {process_utils.py:80} INFO - Process psutil.Process(pid=125, status='terminated', exitcode=0, started='17:24:57') (125) terminated with exit code 0
